[2023-05-11T18:58:40.853+0000] {processor.py:153} INFO - Started process (PID=364) to work on /home/airflow/.local/lib/python3.7/site-packages/airflow/example_dags/example_xcomargs.py
[2023-05-11T18:58:40.854+0000] {processor.py:743} INFO - Processing file /home/airflow/.local/lib/python3.7/site-packages/airflow/example_dags/example_xcomargs.py for tasks to queue
[2023-05-11T18:58:40.855+0000] {logging_mixin.py:137} INFO - [2023-05-11T18:58:40.854+0000] {dagbag.py:538} INFO - Filling up the DagBag from /home/airflow/.local/lib/python3.7/site-packages/airflow/example_dags/example_xcomargs.py
[2023-05-11T18:58:40.872+0000] {processor.py:753} INFO - DAG(s) dict_keys(['example_xcom_args', 'example_xcom_args_with_operators']) retrieved from /home/airflow/.local/lib/python3.7/site-packages/airflow/example_dags/example_xcomargs.py
[2023-05-11T18:58:40.883+0000] {logging_mixin.py:137} INFO - [2023-05-11T18:58:40.882+0000] {dag.py:2690} INFO - Sync 2 DAGs
[2023-05-11T18:58:40.900+0000] {logging_mixin.py:137} INFO - [2023-05-11T18:58:40.900+0000] {dag.py:3441} INFO - Setting next_dagrun for example_xcom_args to None, run_after=None
[2023-05-11T18:58:40.903+0000] {logging_mixin.py:137} INFO - [2023-05-11T18:58:40.902+0000] {dag.py:3441} INFO - Setting next_dagrun for example_xcom_args_with_operators to None, run_after=None
[2023-05-11T18:58:40.915+0000] {processor.py:175} INFO - Processing /home/airflow/.local/lib/python3.7/site-packages/airflow/example_dags/example_xcomargs.py took 0.064 seconds
[2023-05-11T18:59:11.627+0000] {processor.py:153} INFO - Started process (PID=596) to work on /home/airflow/.local/lib/python3.7/site-packages/airflow/example_dags/example_xcomargs.py
[2023-05-11T18:59:11.628+0000] {processor.py:743} INFO - Processing file /home/airflow/.local/lib/python3.7/site-packages/airflow/example_dags/example_xcomargs.py for tasks to queue
[2023-05-11T18:59:11.628+0000] {logging_mixin.py:137} INFO - [2023-05-11T18:59:11.628+0000] {dagbag.py:538} INFO - Filling up the DagBag from /home/airflow/.local/lib/python3.7/site-packages/airflow/example_dags/example_xcomargs.py
[2023-05-11T18:59:11.643+0000] {processor.py:753} INFO - DAG(s) dict_keys(['example_xcom_args', 'example_xcom_args_with_operators']) retrieved from /home/airflow/.local/lib/python3.7/site-packages/airflow/example_dags/example_xcomargs.py
[2023-05-11T18:59:11.663+0000] {logging_mixin.py:137} INFO - [2023-05-11T18:59:11.663+0000] {dag.py:2690} INFO - Sync 2 DAGs
[2023-05-11T18:59:11.679+0000] {logging_mixin.py:137} INFO - [2023-05-11T18:59:11.679+0000] {dag.py:3441} INFO - Setting next_dagrun for example_xcom_args to None, run_after=None
[2023-05-11T18:59:11.681+0000] {logging_mixin.py:137} INFO - [2023-05-11T18:59:11.681+0000] {dag.py:3441} INFO - Setting next_dagrun for example_xcom_args_with_operators to None, run_after=None
[2023-05-11T18:59:11.691+0000] {processor.py:175} INFO - Processing /home/airflow/.local/lib/python3.7/site-packages/airflow/example_dags/example_xcomargs.py took 0.066 seconds
[2023-05-11T18:59:42.583+0000] {processor.py:153} INFO - Started process (PID=846) to work on /home/airflow/.local/lib/python3.7/site-packages/airflow/example_dags/example_xcomargs.py
[2023-05-11T18:59:42.584+0000] {processor.py:743} INFO - Processing file /home/airflow/.local/lib/python3.7/site-packages/airflow/example_dags/example_xcomargs.py for tasks to queue
[2023-05-11T18:59:42.584+0000] {logging_mixin.py:137} INFO - [2023-05-11T18:59:42.584+0000] {dagbag.py:538} INFO - Filling up the DagBag from /home/airflow/.local/lib/python3.7/site-packages/airflow/example_dags/example_xcomargs.py
[2023-05-11T18:59:42.599+0000] {processor.py:753} INFO - DAG(s) dict_keys(['example_xcom_args_with_operators', 'example_xcom_args']) retrieved from /home/airflow/.local/lib/python3.7/site-packages/airflow/example_dags/example_xcomargs.py
[2023-05-11T18:59:42.617+0000] {logging_mixin.py:137} INFO - [2023-05-11T18:59:42.617+0000] {dag.py:2690} INFO - Sync 2 DAGs
[2023-05-11T18:59:42.633+0000] {logging_mixin.py:137} INFO - [2023-05-11T18:59:42.633+0000] {dag.py:3441} INFO - Setting next_dagrun for example_xcom_args to None, run_after=None
[2023-05-11T18:59:42.635+0000] {logging_mixin.py:137} INFO - [2023-05-11T18:59:42.635+0000] {dag.py:3441} INFO - Setting next_dagrun for example_xcom_args_with_operators to None, run_after=None
[2023-05-11T18:59:42.647+0000] {processor.py:175} INFO - Processing /home/airflow/.local/lib/python3.7/site-packages/airflow/example_dags/example_xcomargs.py took 0.066 seconds
[2023-05-11T19:00:13.854+0000] {processor.py:153} INFO - Started process (PID=1093) to work on /home/airflow/.local/lib/python3.7/site-packages/airflow/example_dags/example_xcomargs.py
[2023-05-11T19:00:13.855+0000] {processor.py:743} INFO - Processing file /home/airflow/.local/lib/python3.7/site-packages/airflow/example_dags/example_xcomargs.py for tasks to queue
[2023-05-11T19:00:13.855+0000] {logging_mixin.py:137} INFO - [2023-05-11T19:00:13.855+0000] {dagbag.py:538} INFO - Filling up the DagBag from /home/airflow/.local/lib/python3.7/site-packages/airflow/example_dags/example_xcomargs.py
[2023-05-11T19:00:13.871+0000] {processor.py:753} INFO - DAG(s) dict_keys(['example_xcom_args_with_operators', 'example_xcom_args']) retrieved from /home/airflow/.local/lib/python3.7/site-packages/airflow/example_dags/example_xcomargs.py
[2023-05-11T19:00:13.891+0000] {logging_mixin.py:137} INFO - [2023-05-11T19:00:13.891+0000] {dag.py:2690} INFO - Sync 2 DAGs
[2023-05-11T19:00:13.908+0000] {logging_mixin.py:137} INFO - [2023-05-11T19:00:13.908+0000] {dag.py:3441} INFO - Setting next_dagrun for example_xcom_args to None, run_after=None
[2023-05-11T19:00:13.910+0000] {logging_mixin.py:137} INFO - [2023-05-11T19:00:13.910+0000] {dag.py:3441} INFO - Setting next_dagrun for example_xcom_args_with_operators to None, run_after=None
[2023-05-11T19:00:13.922+0000] {processor.py:175} INFO - Processing /home/airflow/.local/lib/python3.7/site-packages/airflow/example_dags/example_xcomargs.py took 0.070 seconds
[2023-05-11T19:00:44.256+0000] {processor.py:153} INFO - Started process (PID=1325) to work on /home/airflow/.local/lib/python3.7/site-packages/airflow/example_dags/example_xcomargs.py
[2023-05-11T19:00:44.257+0000] {processor.py:743} INFO - Processing file /home/airflow/.local/lib/python3.7/site-packages/airflow/example_dags/example_xcomargs.py for tasks to queue
[2023-05-11T19:00:44.257+0000] {logging_mixin.py:137} INFO - [2023-05-11T19:00:44.257+0000] {dagbag.py:538} INFO - Filling up the DagBag from /home/airflow/.local/lib/python3.7/site-packages/airflow/example_dags/example_xcomargs.py
[2023-05-11T19:00:44.275+0000] {processor.py:753} INFO - DAG(s) dict_keys(['example_xcom_args', 'example_xcom_args_with_operators']) retrieved from /home/airflow/.local/lib/python3.7/site-packages/airflow/example_dags/example_xcomargs.py
[2023-05-11T19:00:44.302+0000] {logging_mixin.py:137} INFO - [2023-05-11T19:00:44.301+0000] {dag.py:2690} INFO - Sync 2 DAGs
[2023-05-11T19:00:44.327+0000] {logging_mixin.py:137} INFO - [2023-05-11T19:00:44.327+0000] {dag.py:3441} INFO - Setting next_dagrun for example_xcom_args to None, run_after=None
[2023-05-11T19:00:44.330+0000] {logging_mixin.py:137} INFO - [2023-05-11T19:00:44.330+0000] {dag.py:3441} INFO - Setting next_dagrun for example_xcom_args_with_operators to None, run_after=None
[2023-05-11T19:00:44.344+0000] {processor.py:175} INFO - Processing /home/airflow/.local/lib/python3.7/site-packages/airflow/example_dags/example_xcomargs.py took 0.091 seconds
[2023-05-11T19:01:14.846+0000] {processor.py:153} INFO - Started process (PID=1574) to work on /home/airflow/.local/lib/python3.7/site-packages/airflow/example_dags/example_xcomargs.py
[2023-05-11T19:01:14.847+0000] {processor.py:743} INFO - Processing file /home/airflow/.local/lib/python3.7/site-packages/airflow/example_dags/example_xcomargs.py for tasks to queue
[2023-05-11T19:01:14.848+0000] {logging_mixin.py:137} INFO - [2023-05-11T19:01:14.847+0000] {dagbag.py:538} INFO - Filling up the DagBag from /home/airflow/.local/lib/python3.7/site-packages/airflow/example_dags/example_xcomargs.py
[2023-05-11T19:01:14.867+0000] {processor.py:753} INFO - DAG(s) dict_keys(['example_xcom_args', 'example_xcom_args_with_operators']) retrieved from /home/airflow/.local/lib/python3.7/site-packages/airflow/example_dags/example_xcomargs.py
[2023-05-11T19:01:14.893+0000] {logging_mixin.py:137} INFO - [2023-05-11T19:01:14.893+0000] {dag.py:2690} INFO - Sync 2 DAGs
[2023-05-11T19:01:14.909+0000] {logging_mixin.py:137} INFO - [2023-05-11T19:01:14.909+0000] {dag.py:3441} INFO - Setting next_dagrun for example_xcom_args to None, run_after=None
[2023-05-11T19:01:14.911+0000] {logging_mixin.py:137} INFO - [2023-05-11T19:01:14.911+0000] {dag.py:3441} INFO - Setting next_dagrun for example_xcom_args_with_operators to None, run_after=None
[2023-05-11T19:01:14.922+0000] {processor.py:175} INFO - Processing /home/airflow/.local/lib/python3.7/site-packages/airflow/example_dags/example_xcomargs.py took 0.078 seconds
[2023-05-11T19:01:45.368+0000] {processor.py:153} INFO - Started process (PID=1806) to work on /home/airflow/.local/lib/python3.7/site-packages/airflow/example_dags/example_xcomargs.py
[2023-05-11T19:01:45.369+0000] {processor.py:743} INFO - Processing file /home/airflow/.local/lib/python3.7/site-packages/airflow/example_dags/example_xcomargs.py for tasks to queue
[2023-05-11T19:01:45.369+0000] {logging_mixin.py:137} INFO - [2023-05-11T19:01:45.369+0000] {dagbag.py:538} INFO - Filling up the DagBag from /home/airflow/.local/lib/python3.7/site-packages/airflow/example_dags/example_xcomargs.py
[2023-05-11T19:01:45.393+0000] {processor.py:753} INFO - DAG(s) dict_keys(['example_xcom_args_with_operators', 'example_xcom_args']) retrieved from /home/airflow/.local/lib/python3.7/site-packages/airflow/example_dags/example_xcomargs.py
[2023-05-11T19:01:45.436+0000] {logging_mixin.py:137} INFO - [2023-05-11T19:01:45.436+0000] {dag.py:2690} INFO - Sync 2 DAGs
[2023-05-11T19:01:45.472+0000] {logging_mixin.py:137} INFO - [2023-05-11T19:01:45.472+0000] {dag.py:3441} INFO - Setting next_dagrun for example_xcom_args to None, run_after=None
[2023-05-11T19:01:45.476+0000] {logging_mixin.py:137} INFO - [2023-05-11T19:01:45.476+0000] {dag.py:3441} INFO - Setting next_dagrun for example_xcom_args_with_operators to None, run_after=None
[2023-05-11T19:01:45.593+0000] {processor.py:175} INFO - Processing /home/airflow/.local/lib/python3.7/site-packages/airflow/example_dags/example_xcomargs.py took 0.227 seconds
[2023-05-11T19:02:16.309+0000] {processor.py:153} INFO - Started process (PID=2054) to work on /home/airflow/.local/lib/python3.7/site-packages/airflow/example_dags/example_xcomargs.py
[2023-05-11T19:02:16.309+0000] {processor.py:743} INFO - Processing file /home/airflow/.local/lib/python3.7/site-packages/airflow/example_dags/example_xcomargs.py for tasks to queue
[2023-05-11T19:02:16.310+0000] {logging_mixin.py:137} INFO - [2023-05-11T19:02:16.310+0000] {dagbag.py:538} INFO - Filling up the DagBag from /home/airflow/.local/lib/python3.7/site-packages/airflow/example_dags/example_xcomargs.py
[2023-05-11T19:02:16.340+0000] {processor.py:753} INFO - DAG(s) dict_keys(['example_xcom_args_with_operators', 'example_xcom_args']) retrieved from /home/airflow/.local/lib/python3.7/site-packages/airflow/example_dags/example_xcomargs.py
[2023-05-11T19:02:16.372+0000] {logging_mixin.py:137} INFO - [2023-05-11T19:02:16.371+0000] {dag.py:2690} INFO - Sync 2 DAGs
[2023-05-11T19:02:16.388+0000] {logging_mixin.py:137} INFO - [2023-05-11T19:02:16.388+0000] {dag.py:3441} INFO - Setting next_dagrun for example_xcom_args to None, run_after=None
[2023-05-11T19:02:16.391+0000] {logging_mixin.py:137} INFO - [2023-05-11T19:02:16.391+0000] {dag.py:3441} INFO - Setting next_dagrun for example_xcom_args_with_operators to None, run_after=None
[2023-05-11T19:02:16.403+0000] {processor.py:175} INFO - Processing /home/airflow/.local/lib/python3.7/site-packages/airflow/example_dags/example_xcomargs.py took 0.098 seconds
[2023-05-11T19:03:26.180+0000] {processor.py:153} INFO - Started process (PID=364) to work on /home/airflow/.local/lib/python3.7/site-packages/airflow/example_dags/example_xcomargs.py
[2023-05-11T19:03:26.180+0000] {processor.py:743} INFO - Processing file /home/airflow/.local/lib/python3.7/site-packages/airflow/example_dags/example_xcomargs.py for tasks to queue
[2023-05-11T19:03:26.181+0000] {logging_mixin.py:137} INFO - [2023-05-11T19:03:26.180+0000] {dagbag.py:538} INFO - Filling up the DagBag from /home/airflow/.local/lib/python3.7/site-packages/airflow/example_dags/example_xcomargs.py
[2023-05-11T19:03:26.196+0000] {processor.py:753} INFO - DAG(s) dict_keys(['example_xcom_args_with_operators', 'example_xcom_args']) retrieved from /home/airflow/.local/lib/python3.7/site-packages/airflow/example_dags/example_xcomargs.py
[2023-05-11T19:03:26.209+0000] {logging_mixin.py:137} INFO - [2023-05-11T19:03:26.209+0000] {dag.py:2690} INFO - Sync 2 DAGs
[2023-05-11T19:03:26.232+0000] {logging_mixin.py:137} INFO - [2023-05-11T19:03:26.231+0000] {dag.py:3441} INFO - Setting next_dagrun for example_xcom_args to None, run_after=None
[2023-05-11T19:03:26.235+0000] {logging_mixin.py:137} INFO - [2023-05-11T19:03:26.235+0000] {dag.py:3441} INFO - Setting next_dagrun for example_xcom_args_with_operators to None, run_after=None
[2023-05-11T19:03:26.249+0000] {processor.py:175} INFO - Processing /home/airflow/.local/lib/python3.7/site-packages/airflow/example_dags/example_xcomargs.py took 0.072 seconds
[2023-05-11T19:03:56.585+0000] {processor.py:153} INFO - Started process (PID=596) to work on /home/airflow/.local/lib/python3.7/site-packages/airflow/example_dags/example_xcomargs.py
[2023-05-11T19:03:56.586+0000] {processor.py:743} INFO - Processing file /home/airflow/.local/lib/python3.7/site-packages/airflow/example_dags/example_xcomargs.py for tasks to queue
[2023-05-11T19:03:56.586+0000] {logging_mixin.py:137} INFO - [2023-05-11T19:03:56.586+0000] {dagbag.py:538} INFO - Filling up the DagBag from /home/airflow/.local/lib/python3.7/site-packages/airflow/example_dags/example_xcomargs.py
[2023-05-11T19:03:56.608+0000] {processor.py:753} INFO - DAG(s) dict_keys(['example_xcom_args', 'example_xcom_args_with_operators']) retrieved from /home/airflow/.local/lib/python3.7/site-packages/airflow/example_dags/example_xcomargs.py
[2023-05-11T19:03:56.642+0000] {logging_mixin.py:137} INFO - [2023-05-11T19:03:56.641+0000] {dag.py:2690} INFO - Sync 2 DAGs
[2023-05-11T19:03:56.672+0000] {logging_mixin.py:137} INFO - [2023-05-11T19:03:56.672+0000] {dag.py:3441} INFO - Setting next_dagrun for example_xcom_args to None, run_after=None
[2023-05-11T19:03:56.677+0000] {logging_mixin.py:137} INFO - [2023-05-11T19:03:56.676+0000] {dag.py:3441} INFO - Setting next_dagrun for example_xcom_args_with_operators to None, run_after=None
[2023-05-11T19:03:56.697+0000] {processor.py:175} INFO - Processing /home/airflow/.local/lib/python3.7/site-packages/airflow/example_dags/example_xcomargs.py took 0.114 seconds
[2023-05-11T19:04:27.330+0000] {processor.py:153} INFO - Started process (PID=844) to work on /home/airflow/.local/lib/python3.7/site-packages/airflow/example_dags/example_xcomargs.py
[2023-05-11T19:04:27.331+0000] {processor.py:743} INFO - Processing file /home/airflow/.local/lib/python3.7/site-packages/airflow/example_dags/example_xcomargs.py for tasks to queue
[2023-05-11T19:04:27.331+0000] {logging_mixin.py:137} INFO - [2023-05-11T19:04:27.331+0000] {dagbag.py:538} INFO - Filling up the DagBag from /home/airflow/.local/lib/python3.7/site-packages/airflow/example_dags/example_xcomargs.py
[2023-05-11T19:04:27.356+0000] {processor.py:753} INFO - DAG(s) dict_keys(['example_xcom_args', 'example_xcom_args_with_operators']) retrieved from /home/airflow/.local/lib/python3.7/site-packages/airflow/example_dags/example_xcomargs.py
[2023-05-11T19:04:27.384+0000] {logging_mixin.py:137} INFO - [2023-05-11T19:04:27.384+0000] {dag.py:2690} INFO - Sync 2 DAGs
[2023-05-11T19:04:27.409+0000] {logging_mixin.py:137} INFO - [2023-05-11T19:04:27.409+0000] {dag.py:3441} INFO - Setting next_dagrun for example_xcom_args to None, run_after=None
[2023-05-11T19:04:27.412+0000] {logging_mixin.py:137} INFO - [2023-05-11T19:04:27.412+0000] {dag.py:3441} INFO - Setting next_dagrun for example_xcom_args_with_operators to None, run_after=None
[2023-05-11T19:04:27.427+0000] {processor.py:175} INFO - Processing /home/airflow/.local/lib/python3.7/site-packages/airflow/example_dags/example_xcomargs.py took 0.100 seconds
[2023-05-11T19:04:57.715+0000] {processor.py:153} INFO - Started process (PID=1076) to work on /home/airflow/.local/lib/python3.7/site-packages/airflow/example_dags/example_xcomargs.py
[2023-05-11T19:04:57.716+0000] {processor.py:743} INFO - Processing file /home/airflow/.local/lib/python3.7/site-packages/airflow/example_dags/example_xcomargs.py for tasks to queue
[2023-05-11T19:04:57.716+0000] {logging_mixin.py:137} INFO - [2023-05-11T19:04:57.716+0000] {dagbag.py:538} INFO - Filling up the DagBag from /home/airflow/.local/lib/python3.7/site-packages/airflow/example_dags/example_xcomargs.py
[2023-05-11T19:04:57.740+0000] {processor.py:753} INFO - DAG(s) dict_keys(['example_xcom_args', 'example_xcom_args_with_operators']) retrieved from /home/airflow/.local/lib/python3.7/site-packages/airflow/example_dags/example_xcomargs.py
[2023-05-11T19:04:57.766+0000] {logging_mixin.py:137} INFO - [2023-05-11T19:04:57.765+0000] {dag.py:2690} INFO - Sync 2 DAGs
[2023-05-11T19:04:57.788+0000] {logging_mixin.py:137} INFO - [2023-05-11T19:04:57.788+0000] {dag.py:3441} INFO - Setting next_dagrun for example_xcom_args to None, run_after=None
[2023-05-11T19:04:57.791+0000] {logging_mixin.py:137} INFO - [2023-05-11T19:04:57.790+0000] {dag.py:3441} INFO - Setting next_dagrun for example_xcom_args_with_operators to None, run_after=None
[2023-05-11T19:04:57.804+0000] {processor.py:175} INFO - Processing /home/airflow/.local/lib/python3.7/site-packages/airflow/example_dags/example_xcomargs.py took 0.092 seconds
[2023-05-11T19:05:27.917+0000] {processor.py:153} INFO - Started process (PID=1324) to work on /home/airflow/.local/lib/python3.7/site-packages/airflow/example_dags/example_xcomargs.py
[2023-05-11T19:05:27.917+0000] {processor.py:743} INFO - Processing file /home/airflow/.local/lib/python3.7/site-packages/airflow/example_dags/example_xcomargs.py for tasks to queue
[2023-05-11T19:05:27.918+0000] {logging_mixin.py:137} INFO - [2023-05-11T19:05:27.918+0000] {dagbag.py:538} INFO - Filling up the DagBag from /home/airflow/.local/lib/python3.7/site-packages/airflow/example_dags/example_xcomargs.py
[2023-05-11T19:05:27.932+0000] {processor.py:753} INFO - DAG(s) dict_keys(['example_xcom_args_with_operators', 'example_xcom_args']) retrieved from /home/airflow/.local/lib/python3.7/site-packages/airflow/example_dags/example_xcomargs.py
[2023-05-11T19:05:27.951+0000] {logging_mixin.py:137} INFO - [2023-05-11T19:05:27.951+0000] {dag.py:2690} INFO - Sync 2 DAGs
[2023-05-11T19:05:27.967+0000] {logging_mixin.py:137} INFO - [2023-05-11T19:05:27.967+0000] {dag.py:3441} INFO - Setting next_dagrun for example_xcom_args to None, run_after=None
[2023-05-11T19:05:27.969+0000] {logging_mixin.py:137} INFO - [2023-05-11T19:05:27.969+0000] {dag.py:3441} INFO - Setting next_dagrun for example_xcom_args_with_operators to None, run_after=None
[2023-05-11T19:05:27.979+0000] {processor.py:175} INFO - Processing /home/airflow/.local/lib/python3.7/site-packages/airflow/example_dags/example_xcomargs.py took 0.064 seconds
[2023-05-11T19:05:58.972+0000] {processor.py:153} INFO - Started process (PID=1556) to work on /home/airflow/.local/lib/python3.7/site-packages/airflow/example_dags/example_xcomargs.py
[2023-05-11T19:05:58.973+0000] {processor.py:743} INFO - Processing file /home/airflow/.local/lib/python3.7/site-packages/airflow/example_dags/example_xcomargs.py for tasks to queue
[2023-05-11T19:05:58.973+0000] {logging_mixin.py:137} INFO - [2023-05-11T19:05:58.973+0000] {dagbag.py:538} INFO - Filling up the DagBag from /home/airflow/.local/lib/python3.7/site-packages/airflow/example_dags/example_xcomargs.py
[2023-05-11T19:05:58.995+0000] {processor.py:753} INFO - DAG(s) dict_keys(['example_xcom_args_with_operators', 'example_xcom_args']) retrieved from /home/airflow/.local/lib/python3.7/site-packages/airflow/example_dags/example_xcomargs.py
[2023-05-11T19:05:59.021+0000] {logging_mixin.py:137} INFO - [2023-05-11T19:05:59.021+0000] {dag.py:2690} INFO - Sync 2 DAGs
[2023-05-11T19:05:59.042+0000] {logging_mixin.py:137} INFO - [2023-05-11T19:05:59.042+0000] {dag.py:3441} INFO - Setting next_dagrun for example_xcom_args to None, run_after=None
[2023-05-11T19:05:59.045+0000] {logging_mixin.py:137} INFO - [2023-05-11T19:05:59.045+0000] {dag.py:3441} INFO - Setting next_dagrun for example_xcom_args_with_operators to None, run_after=None
[2023-05-11T19:05:59.057+0000] {processor.py:175} INFO - Processing /home/airflow/.local/lib/python3.7/site-packages/airflow/example_dags/example_xcomargs.py took 0.087 seconds
[2023-05-11T19:06:29.679+0000] {processor.py:153} INFO - Started process (PID=1804) to work on /home/airflow/.local/lib/python3.7/site-packages/airflow/example_dags/example_xcomargs.py
[2023-05-11T19:06:29.680+0000] {processor.py:743} INFO - Processing file /home/airflow/.local/lib/python3.7/site-packages/airflow/example_dags/example_xcomargs.py for tasks to queue
[2023-05-11T19:06:29.680+0000] {logging_mixin.py:137} INFO - [2023-05-11T19:06:29.680+0000] {dagbag.py:538} INFO - Filling up the DagBag from /home/airflow/.local/lib/python3.7/site-packages/airflow/example_dags/example_xcomargs.py
[2023-05-11T19:06:29.695+0000] {processor.py:753} INFO - DAG(s) dict_keys(['example_xcom_args_with_operators', 'example_xcom_args']) retrieved from /home/airflow/.local/lib/python3.7/site-packages/airflow/example_dags/example_xcomargs.py
[2023-05-11T19:06:29.716+0000] {logging_mixin.py:137} INFO - [2023-05-11T19:06:29.716+0000] {dag.py:2690} INFO - Sync 2 DAGs
[2023-05-11T19:06:29.732+0000] {logging_mixin.py:137} INFO - [2023-05-11T19:06:29.732+0000] {dag.py:3441} INFO - Setting next_dagrun for example_xcom_args to None, run_after=None
[2023-05-11T19:06:29.734+0000] {logging_mixin.py:137} INFO - [2023-05-11T19:06:29.734+0000] {dag.py:3441} INFO - Setting next_dagrun for example_xcom_args_with_operators to None, run_after=None
[2023-05-11T19:06:29.744+0000] {processor.py:175} INFO - Processing /home/airflow/.local/lib/python3.7/site-packages/airflow/example_dags/example_xcomargs.py took 0.066 seconds
[2023-05-11T19:07:00.002+0000] {processor.py:153} INFO - Started process (PID=2036) to work on /home/airflow/.local/lib/python3.7/site-packages/airflow/example_dags/example_xcomargs.py
[2023-05-11T19:07:00.005+0000] {processor.py:743} INFO - Processing file /home/airflow/.local/lib/python3.7/site-packages/airflow/example_dags/example_xcomargs.py for tasks to queue
[2023-05-11T19:07:00.005+0000] {logging_mixin.py:137} INFO - [2023-05-11T19:07:00.005+0000] {dagbag.py:538} INFO - Filling up the DagBag from /home/airflow/.local/lib/python3.7/site-packages/airflow/example_dags/example_xcomargs.py
[2023-05-11T19:07:00.035+0000] {processor.py:753} INFO - DAG(s) dict_keys(['example_xcom_args', 'example_xcom_args_with_operators']) retrieved from /home/airflow/.local/lib/python3.7/site-packages/airflow/example_dags/example_xcomargs.py
[2023-05-11T19:07:00.070+0000] {logging_mixin.py:137} INFO - [2023-05-11T19:07:00.070+0000] {dag.py:2690} INFO - Sync 2 DAGs
[2023-05-11T19:07:00.095+0000] {logging_mixin.py:137} INFO - [2023-05-11T19:07:00.095+0000] {dag.py:3441} INFO - Setting next_dagrun for example_xcom_args to None, run_after=None
[2023-05-11T19:07:00.099+0000] {logging_mixin.py:137} INFO - [2023-05-11T19:07:00.099+0000] {dag.py:3441} INFO - Setting next_dagrun for example_xcom_args_with_operators to None, run_after=None
[2023-05-11T19:07:00.113+0000] {processor.py:175} INFO - Processing /home/airflow/.local/lib/python3.7/site-packages/airflow/example_dags/example_xcomargs.py took 0.114 seconds
[2023-05-11T19:07:30.562+0000] {processor.py:153} INFO - Started process (PID=2284) to work on /home/airflow/.local/lib/python3.7/site-packages/airflow/example_dags/example_xcomargs.py
[2023-05-11T19:07:30.563+0000] {processor.py:743} INFO - Processing file /home/airflow/.local/lib/python3.7/site-packages/airflow/example_dags/example_xcomargs.py for tasks to queue
[2023-05-11T19:07:30.563+0000] {logging_mixin.py:137} INFO - [2023-05-11T19:07:30.563+0000] {dagbag.py:538} INFO - Filling up the DagBag from /home/airflow/.local/lib/python3.7/site-packages/airflow/example_dags/example_xcomargs.py
[2023-05-11T19:07:30.583+0000] {processor.py:753} INFO - DAG(s) dict_keys(['example_xcom_args', 'example_xcom_args_with_operators']) retrieved from /home/airflow/.local/lib/python3.7/site-packages/airflow/example_dags/example_xcomargs.py
[2023-05-11T19:07:30.611+0000] {logging_mixin.py:137} INFO - [2023-05-11T19:07:30.611+0000] {dag.py:2690} INFO - Sync 2 DAGs
[2023-05-11T19:07:30.632+0000] {logging_mixin.py:137} INFO - [2023-05-11T19:07:30.632+0000] {dag.py:3441} INFO - Setting next_dagrun for example_xcom_args to None, run_after=None
[2023-05-11T19:07:30.635+0000] {logging_mixin.py:137} INFO - [2023-05-11T19:07:30.635+0000] {dag.py:3441} INFO - Setting next_dagrun for example_xcom_args_with_operators to None, run_after=None
[2023-05-11T19:07:30.649+0000] {processor.py:175} INFO - Processing /home/airflow/.local/lib/python3.7/site-packages/airflow/example_dags/example_xcomargs.py took 0.090 seconds
[2023-05-11T19:08:00.831+0000] {processor.py:153} INFO - Started process (PID=2517) to work on /home/airflow/.local/lib/python3.7/site-packages/airflow/example_dags/example_xcomargs.py
[2023-05-11T19:08:00.832+0000] {processor.py:743} INFO - Processing file /home/airflow/.local/lib/python3.7/site-packages/airflow/example_dags/example_xcomargs.py for tasks to queue
[2023-05-11T19:08:00.833+0000] {logging_mixin.py:137} INFO - [2023-05-11T19:08:00.833+0000] {dagbag.py:538} INFO - Filling up the DagBag from /home/airflow/.local/lib/python3.7/site-packages/airflow/example_dags/example_xcomargs.py
[2023-05-11T19:08:00.862+0000] {processor.py:753} INFO - DAG(s) dict_keys(['example_xcom_args_with_operators', 'example_xcom_args']) retrieved from /home/airflow/.local/lib/python3.7/site-packages/airflow/example_dags/example_xcomargs.py
[2023-05-11T19:08:00.890+0000] {logging_mixin.py:137} INFO - [2023-05-11T19:08:00.890+0000] {dag.py:2690} INFO - Sync 2 DAGs
[2023-05-11T19:08:00.914+0000] {logging_mixin.py:137} INFO - [2023-05-11T19:08:00.914+0000] {dag.py:3441} INFO - Setting next_dagrun for example_xcom_args to None, run_after=None
[2023-05-11T19:08:00.917+0000] {logging_mixin.py:137} INFO - [2023-05-11T19:08:00.917+0000] {dag.py:3441} INFO - Setting next_dagrun for example_xcom_args_with_operators to None, run_after=None
[2023-05-11T19:08:00.930+0000] {processor.py:175} INFO - Processing /home/airflow/.local/lib/python3.7/site-packages/airflow/example_dags/example_xcomargs.py took 0.103 seconds
[2023-05-11T19:09:22.365+0000] {processor.py:153} INFO - Started process (PID=367) to work on /home/airflow/.local/lib/python3.7/site-packages/airflow/example_dags/example_xcomargs.py
[2023-05-11T19:09:22.366+0000] {processor.py:743} INFO - Processing file /home/airflow/.local/lib/python3.7/site-packages/airflow/example_dags/example_xcomargs.py for tasks to queue
[2023-05-11T19:09:22.366+0000] {logging_mixin.py:137} INFO - [2023-05-11T19:09:22.366+0000] {dagbag.py:538} INFO - Filling up the DagBag from /home/airflow/.local/lib/python3.7/site-packages/airflow/example_dags/example_xcomargs.py
[2023-05-11T19:09:22.382+0000] {processor.py:753} INFO - DAG(s) dict_keys(['example_xcom_args_with_operators', 'example_xcom_args']) retrieved from /home/airflow/.local/lib/python3.7/site-packages/airflow/example_dags/example_xcomargs.py
[2023-05-11T19:09:22.392+0000] {logging_mixin.py:137} INFO - [2023-05-11T19:09:22.392+0000] {dag.py:2690} INFO - Sync 2 DAGs
[2023-05-11T19:09:22.409+0000] {logging_mixin.py:137} INFO - [2023-05-11T19:09:22.409+0000] {dag.py:3441} INFO - Setting next_dagrun for example_xcom_args to None, run_after=None
[2023-05-11T19:09:22.412+0000] {logging_mixin.py:137} INFO - [2023-05-11T19:09:22.412+0000] {dag.py:3441} INFO - Setting next_dagrun for example_xcom_args_with_operators to None, run_after=None
[2023-05-11T19:09:22.423+0000] {processor.py:175} INFO - Processing /home/airflow/.local/lib/python3.7/site-packages/airflow/example_dags/example_xcomargs.py took 0.059 seconds
[2023-05-11T19:09:53.400+0000] {processor.py:153} INFO - Started process (PID=597) to work on /home/airflow/.local/lib/python3.7/site-packages/airflow/example_dags/example_xcomargs.py
[2023-05-11T19:09:53.400+0000] {processor.py:743} INFO - Processing file /home/airflow/.local/lib/python3.7/site-packages/airflow/example_dags/example_xcomargs.py for tasks to queue
[2023-05-11T19:09:53.401+0000] {logging_mixin.py:137} INFO - [2023-05-11T19:09:53.401+0000] {dagbag.py:538} INFO - Filling up the DagBag from /home/airflow/.local/lib/python3.7/site-packages/airflow/example_dags/example_xcomargs.py
[2023-05-11T19:09:53.416+0000] {processor.py:753} INFO - DAG(s) dict_keys(['example_xcom_args_with_operators', 'example_xcom_args']) retrieved from /home/airflow/.local/lib/python3.7/site-packages/airflow/example_dags/example_xcomargs.py
[2023-05-11T19:09:53.436+0000] {logging_mixin.py:137} INFO - [2023-05-11T19:09:53.436+0000] {dag.py:2690} INFO - Sync 2 DAGs
[2023-05-11T19:09:53.452+0000] {logging_mixin.py:137} INFO - [2023-05-11T19:09:53.452+0000] {dag.py:3441} INFO - Setting next_dagrun for example_xcom_args to None, run_after=None
[2023-05-11T19:09:53.455+0000] {logging_mixin.py:137} INFO - [2023-05-11T19:09:53.455+0000] {dag.py:3441} INFO - Setting next_dagrun for example_xcom_args_with_operators to None, run_after=None
[2023-05-11T19:09:53.465+0000] {processor.py:175} INFO - Processing /home/airflow/.local/lib/python3.7/site-packages/airflow/example_dags/example_xcomargs.py took 0.067 seconds
[2023-05-11T19:10:23.504+0000] {processor.py:153} INFO - Started process (PID=845) to work on /home/airflow/.local/lib/python3.7/site-packages/airflow/example_dags/example_xcomargs.py
[2023-05-11T19:10:23.505+0000] {processor.py:743} INFO - Processing file /home/airflow/.local/lib/python3.7/site-packages/airflow/example_dags/example_xcomargs.py for tasks to queue
[2023-05-11T19:10:23.505+0000] {logging_mixin.py:137} INFO - [2023-05-11T19:10:23.505+0000] {dagbag.py:538} INFO - Filling up the DagBag from /home/airflow/.local/lib/python3.7/site-packages/airflow/example_dags/example_xcomargs.py
[2023-05-11T19:10:23.521+0000] {processor.py:753} INFO - DAG(s) dict_keys(['example_xcom_args_with_operators', 'example_xcom_args']) retrieved from /home/airflow/.local/lib/python3.7/site-packages/airflow/example_dags/example_xcomargs.py
[2023-05-11T19:10:23.541+0000] {logging_mixin.py:137} INFO - [2023-05-11T19:10:23.541+0000] {dag.py:2690} INFO - Sync 2 DAGs
[2023-05-11T19:10:23.558+0000] {logging_mixin.py:137} INFO - [2023-05-11T19:10:23.557+0000] {dag.py:3441} INFO - Setting next_dagrun for example_xcom_args to None, run_after=None
[2023-05-11T19:10:23.560+0000] {logging_mixin.py:137} INFO - [2023-05-11T19:10:23.560+0000] {dag.py:3441} INFO - Setting next_dagrun for example_xcom_args_with_operators to None, run_after=None
[2023-05-11T19:10:23.572+0000] {processor.py:175} INFO - Processing /home/airflow/.local/lib/python3.7/site-packages/airflow/example_dags/example_xcomargs.py took 0.069 seconds
[2023-05-11T19:10:54.012+0000] {processor.py:153} INFO - Started process (PID=1079) to work on /home/airflow/.local/lib/python3.7/site-packages/airflow/example_dags/example_xcomargs.py
[2023-05-11T19:10:54.013+0000] {processor.py:743} INFO - Processing file /home/airflow/.local/lib/python3.7/site-packages/airflow/example_dags/example_xcomargs.py for tasks to queue
[2023-05-11T19:10:54.013+0000] {logging_mixin.py:137} INFO - [2023-05-11T19:10:54.013+0000] {dagbag.py:538} INFO - Filling up the DagBag from /home/airflow/.local/lib/python3.7/site-packages/airflow/example_dags/example_xcomargs.py
[2023-05-11T19:10:54.028+0000] {processor.py:753} INFO - DAG(s) dict_keys(['example_xcom_args', 'example_xcom_args_with_operators']) retrieved from /home/airflow/.local/lib/python3.7/site-packages/airflow/example_dags/example_xcomargs.py
[2023-05-11T19:10:54.046+0000] {logging_mixin.py:137} INFO - [2023-05-11T19:10:54.046+0000] {dag.py:2690} INFO - Sync 2 DAGs
[2023-05-11T19:10:54.062+0000] {logging_mixin.py:137} INFO - [2023-05-11T19:10:54.062+0000] {dag.py:3441} INFO - Setting next_dagrun for example_xcom_args to None, run_after=None
[2023-05-11T19:10:54.065+0000] {logging_mixin.py:137} INFO - [2023-05-11T19:10:54.065+0000] {dag.py:3441} INFO - Setting next_dagrun for example_xcom_args_with_operators to None, run_after=None
[2023-05-11T19:10:54.076+0000] {processor.py:175} INFO - Processing /home/airflow/.local/lib/python3.7/site-packages/airflow/example_dags/example_xcomargs.py took 0.065 seconds
[2023-05-11T19:11:24.948+0000] {processor.py:153} INFO - Started process (PID=1325) to work on /home/airflow/.local/lib/python3.7/site-packages/airflow/example_dags/example_xcomargs.py
[2023-05-11T19:11:24.949+0000] {processor.py:743} INFO - Processing file /home/airflow/.local/lib/python3.7/site-packages/airflow/example_dags/example_xcomargs.py for tasks to queue
[2023-05-11T19:11:24.949+0000] {logging_mixin.py:137} INFO - [2023-05-11T19:11:24.949+0000] {dagbag.py:538} INFO - Filling up the DagBag from /home/airflow/.local/lib/python3.7/site-packages/airflow/example_dags/example_xcomargs.py
[2023-05-11T19:11:24.976+0000] {processor.py:753} INFO - DAG(s) dict_keys(['example_xcom_args_with_operators', 'example_xcom_args']) retrieved from /home/airflow/.local/lib/python3.7/site-packages/airflow/example_dags/example_xcomargs.py
[2023-05-11T19:11:25.001+0000] {logging_mixin.py:137} INFO - [2023-05-11T19:11:25.001+0000] {dag.py:2690} INFO - Sync 2 DAGs
[2023-05-11T19:11:25.024+0000] {logging_mixin.py:137} INFO - [2023-05-11T19:11:25.024+0000] {dag.py:3441} INFO - Setting next_dagrun for example_xcom_args to None, run_after=None
[2023-05-11T19:11:25.027+0000] {logging_mixin.py:137} INFO - [2023-05-11T19:11:25.027+0000] {dag.py:3441} INFO - Setting next_dagrun for example_xcom_args_with_operators to None, run_after=None
[2023-05-11T19:11:25.041+0000] {processor.py:175} INFO - Processing /home/airflow/.local/lib/python3.7/site-packages/airflow/example_dags/example_xcomargs.py took 0.095 seconds
[2023-05-11T19:14:01.610+0000] {processor.py:153} INFO - Started process (PID=366) to work on /home/airflow/.local/lib/python3.7/site-packages/airflow/example_dags/example_xcomargs.py
[2023-05-11T19:14:01.611+0000] {processor.py:743} INFO - Processing file /home/airflow/.local/lib/python3.7/site-packages/airflow/example_dags/example_xcomargs.py for tasks to queue
[2023-05-11T19:14:01.611+0000] {logging_mixin.py:137} INFO - [2023-05-11T19:14:01.611+0000] {dagbag.py:538} INFO - Filling up the DagBag from /home/airflow/.local/lib/python3.7/site-packages/airflow/example_dags/example_xcomargs.py
[2023-05-11T19:14:01.628+0000] {processor.py:753} INFO - DAG(s) dict_keys(['example_xcom_args_with_operators', 'example_xcom_args']) retrieved from /home/airflow/.local/lib/python3.7/site-packages/airflow/example_dags/example_xcomargs.py
[2023-05-11T19:14:01.638+0000] {logging_mixin.py:137} INFO - [2023-05-11T19:14:01.638+0000] {dag.py:2690} INFO - Sync 2 DAGs
[2023-05-11T19:14:01.655+0000] {logging_mixin.py:137} INFO - [2023-05-11T19:14:01.655+0000] {dag.py:3441} INFO - Setting next_dagrun for example_xcom_args to None, run_after=None
[2023-05-11T19:14:01.657+0000] {logging_mixin.py:137} INFO - [2023-05-11T19:14:01.657+0000] {dag.py:3441} INFO - Setting next_dagrun for example_xcom_args_with_operators to None, run_after=None
[2023-05-11T19:14:01.667+0000] {processor.py:175} INFO - Processing /home/airflow/.local/lib/python3.7/site-packages/airflow/example_dags/example_xcomargs.py took 0.059 seconds
[2023-05-11T19:14:32.839+0000] {processor.py:153} INFO - Started process (PID=598) to work on /home/airflow/.local/lib/python3.7/site-packages/airflow/example_dags/example_xcomargs.py
[2023-05-11T19:14:32.839+0000] {processor.py:743} INFO - Processing file /home/airflow/.local/lib/python3.7/site-packages/airflow/example_dags/example_xcomargs.py for tasks to queue
[2023-05-11T19:14:32.840+0000] {logging_mixin.py:137} INFO - [2023-05-11T19:14:32.840+0000] {dagbag.py:538} INFO - Filling up the DagBag from /home/airflow/.local/lib/python3.7/site-packages/airflow/example_dags/example_xcomargs.py
[2023-05-11T19:14:32.860+0000] {processor.py:753} INFO - DAG(s) dict_keys(['example_xcom_args_with_operators', 'example_xcom_args']) retrieved from /home/airflow/.local/lib/python3.7/site-packages/airflow/example_dags/example_xcomargs.py
[2023-05-11T19:14:32.886+0000] {logging_mixin.py:137} INFO - [2023-05-11T19:14:32.886+0000] {dag.py:2690} INFO - Sync 2 DAGs
[2023-05-11T19:14:32.910+0000] {logging_mixin.py:137} INFO - [2023-05-11T19:14:32.910+0000] {dag.py:3441} INFO - Setting next_dagrun for example_xcom_args to None, run_after=None
[2023-05-11T19:14:32.913+0000] {logging_mixin.py:137} INFO - [2023-05-11T19:14:32.913+0000] {dag.py:3441} INFO - Setting next_dagrun for example_xcom_args_with_operators to None, run_after=None
[2023-05-11T19:14:32.927+0000] {processor.py:175} INFO - Processing /home/airflow/.local/lib/python3.7/site-packages/airflow/example_dags/example_xcomargs.py took 0.091 seconds
[2023-05-11T19:15:03.840+0000] {processor.py:153} INFO - Started process (PID=846) to work on /home/airflow/.local/lib/python3.7/site-packages/airflow/example_dags/example_xcomargs.py
[2023-05-11T19:15:03.841+0000] {processor.py:743} INFO - Processing file /home/airflow/.local/lib/python3.7/site-packages/airflow/example_dags/example_xcomargs.py for tasks to queue
[2023-05-11T19:15:03.841+0000] {logging_mixin.py:137} INFO - [2023-05-11T19:15:03.841+0000] {dagbag.py:538} INFO - Filling up the DagBag from /home/airflow/.local/lib/python3.7/site-packages/airflow/example_dags/example_xcomargs.py
[2023-05-11T19:15:03.855+0000] {processor.py:753} INFO - DAG(s) dict_keys(['example_xcom_args', 'example_xcom_args_with_operators']) retrieved from /home/airflow/.local/lib/python3.7/site-packages/airflow/example_dags/example_xcomargs.py
[2023-05-11T19:15:03.878+0000] {logging_mixin.py:137} INFO - [2023-05-11T19:15:03.878+0000] {dag.py:2690} INFO - Sync 2 DAGs
[2023-05-11T19:15:03.900+0000] {logging_mixin.py:137} INFO - [2023-05-11T19:15:03.900+0000] {dag.py:3441} INFO - Setting next_dagrun for example_xcom_args to None, run_after=None
[2023-05-11T19:15:03.902+0000] {logging_mixin.py:137} INFO - [2023-05-11T19:15:03.902+0000] {dag.py:3441} INFO - Setting next_dagrun for example_xcom_args_with_operators to None, run_after=None
[2023-05-11T19:15:03.916+0000] {processor.py:175} INFO - Processing /home/airflow/.local/lib/python3.7/site-packages/airflow/example_dags/example_xcomargs.py took 0.077 seconds
[2023-05-11T19:15:34.142+0000] {processor.py:153} INFO - Started process (PID=1078) to work on /home/airflow/.local/lib/python3.7/site-packages/airflow/example_dags/example_xcomargs.py
[2023-05-11T19:15:34.143+0000] {processor.py:743} INFO - Processing file /home/airflow/.local/lib/python3.7/site-packages/airflow/example_dags/example_xcomargs.py for tasks to queue
[2023-05-11T19:15:34.144+0000] {logging_mixin.py:137} INFO - [2023-05-11T19:15:34.144+0000] {dagbag.py:538} INFO - Filling up the DagBag from /home/airflow/.local/lib/python3.7/site-packages/airflow/example_dags/example_xcomargs.py
[2023-05-11T19:15:34.165+0000] {processor.py:753} INFO - DAG(s) dict_keys(['example_xcom_args', 'example_xcom_args_with_operators']) retrieved from /home/airflow/.local/lib/python3.7/site-packages/airflow/example_dags/example_xcomargs.py
[2023-05-11T19:15:34.190+0000] {logging_mixin.py:137} INFO - [2023-05-11T19:15:34.190+0000] {dag.py:2690} INFO - Sync 2 DAGs
[2023-05-11T19:15:34.213+0000] {logging_mixin.py:137} INFO - [2023-05-11T19:15:34.213+0000] {dag.py:3441} INFO - Setting next_dagrun for example_xcom_args to None, run_after=None
[2023-05-11T19:15:34.216+0000] {logging_mixin.py:137} INFO - [2023-05-11T19:15:34.216+0000] {dag.py:3441} INFO - Setting next_dagrun for example_xcom_args_with_operators to None, run_after=None
[2023-05-11T19:15:34.230+0000] {processor.py:175} INFO - Processing /home/airflow/.local/lib/python3.7/site-packages/airflow/example_dags/example_xcomargs.py took 0.090 seconds
[2023-05-11T19:16:04.579+0000] {processor.py:153} INFO - Started process (PID=1326) to work on /home/airflow/.local/lib/python3.7/site-packages/airflow/example_dags/example_xcomargs.py
[2023-05-11T19:16:04.580+0000] {processor.py:743} INFO - Processing file /home/airflow/.local/lib/python3.7/site-packages/airflow/example_dags/example_xcomargs.py for tasks to queue
[2023-05-11T19:16:04.580+0000] {logging_mixin.py:137} INFO - [2023-05-11T19:16:04.580+0000] {dagbag.py:538} INFO - Filling up the DagBag from /home/airflow/.local/lib/python3.7/site-packages/airflow/example_dags/example_xcomargs.py
[2023-05-11T19:16:04.600+0000] {processor.py:753} INFO - DAG(s) dict_keys(['example_xcom_args_with_operators', 'example_xcom_args']) retrieved from /home/airflow/.local/lib/python3.7/site-packages/airflow/example_dags/example_xcomargs.py
[2023-05-11T19:16:04.634+0000] {logging_mixin.py:137} INFO - [2023-05-11T19:16:04.633+0000] {dag.py:2690} INFO - Sync 2 DAGs
[2023-05-11T19:16:04.658+0000] {logging_mixin.py:137} INFO - [2023-05-11T19:16:04.658+0000] {dag.py:3441} INFO - Setting next_dagrun for example_xcom_args to None, run_after=None
[2023-05-11T19:16:04.661+0000] {logging_mixin.py:137} INFO - [2023-05-11T19:16:04.660+0000] {dag.py:3441} INFO - Setting next_dagrun for example_xcom_args_with_operators to None, run_after=None
[2023-05-11T19:16:04.674+0000] {processor.py:175} INFO - Processing /home/airflow/.local/lib/python3.7/site-packages/airflow/example_dags/example_xcomargs.py took 0.098 seconds
[2023-05-11T19:16:34.695+0000] {processor.py:153} INFO - Started process (PID=1558) to work on /home/airflow/.local/lib/python3.7/site-packages/airflow/example_dags/example_xcomargs.py
[2023-05-11T19:16:34.696+0000] {processor.py:743} INFO - Processing file /home/airflow/.local/lib/python3.7/site-packages/airflow/example_dags/example_xcomargs.py for tasks to queue
[2023-05-11T19:16:34.696+0000] {logging_mixin.py:137} INFO - [2023-05-11T19:16:34.696+0000] {dagbag.py:538} INFO - Filling up the DagBag from /home/airflow/.local/lib/python3.7/site-packages/airflow/example_dags/example_xcomargs.py
[2023-05-11T19:16:34.710+0000] {processor.py:753} INFO - DAG(s) dict_keys(['example_xcom_args', 'example_xcom_args_with_operators']) retrieved from /home/airflow/.local/lib/python3.7/site-packages/airflow/example_dags/example_xcomargs.py
[2023-05-11T19:16:34.729+0000] {logging_mixin.py:137} INFO - [2023-05-11T19:16:34.728+0000] {dag.py:2690} INFO - Sync 2 DAGs
[2023-05-11T19:16:34.744+0000] {logging_mixin.py:137} INFO - [2023-05-11T19:16:34.744+0000] {dag.py:3441} INFO - Setting next_dagrun for example_xcom_args to None, run_after=None
[2023-05-11T19:16:34.746+0000] {logging_mixin.py:137} INFO - [2023-05-11T19:16:34.746+0000] {dag.py:3441} INFO - Setting next_dagrun for example_xcom_args_with_operators to None, run_after=None
[2023-05-11T19:16:34.756+0000] {processor.py:175} INFO - Processing /home/airflow/.local/lib/python3.7/site-packages/airflow/example_dags/example_xcomargs.py took 0.062 seconds
[2023-05-11T19:17:05.818+0000] {processor.py:153} INFO - Started process (PID=1804) to work on /home/airflow/.local/lib/python3.7/site-packages/airflow/example_dags/example_xcomargs.py
[2023-05-11T19:17:05.818+0000] {processor.py:743} INFO - Processing file /home/airflow/.local/lib/python3.7/site-packages/airflow/example_dags/example_xcomargs.py for tasks to queue
[2023-05-11T19:17:05.819+0000] {logging_mixin.py:137} INFO - [2023-05-11T19:17:05.819+0000] {dagbag.py:538} INFO - Filling up the DagBag from /home/airflow/.local/lib/python3.7/site-packages/airflow/example_dags/example_xcomargs.py
[2023-05-11T19:17:05.840+0000] {processor.py:753} INFO - DAG(s) dict_keys(['example_xcom_args_with_operators', 'example_xcom_args']) retrieved from /home/airflow/.local/lib/python3.7/site-packages/airflow/example_dags/example_xcomargs.py
[2023-05-11T19:17:05.868+0000] {logging_mixin.py:137} INFO - [2023-05-11T19:17:05.868+0000] {dag.py:2690} INFO - Sync 2 DAGs
[2023-05-11T19:17:05.895+0000] {logging_mixin.py:137} INFO - [2023-05-11T19:17:05.895+0000] {dag.py:3441} INFO - Setting next_dagrun for example_xcom_args to None, run_after=None
[2023-05-11T19:17:05.899+0000] {logging_mixin.py:137} INFO - [2023-05-11T19:17:05.899+0000] {dag.py:3441} INFO - Setting next_dagrun for example_xcom_args_with_operators to None, run_after=None
[2023-05-11T19:17:05.918+0000] {processor.py:175} INFO - Processing /home/airflow/.local/lib/python3.7/site-packages/airflow/example_dags/example_xcomargs.py took 0.103 seconds
[2023-05-11T19:17:36.556+0000] {processor.py:153} INFO - Started process (PID=2059) to work on /home/airflow/.local/lib/python3.7/site-packages/airflow/example_dags/example_xcomargs.py
[2023-05-11T19:17:36.557+0000] {processor.py:743} INFO - Processing file /home/airflow/.local/lib/python3.7/site-packages/airflow/example_dags/example_xcomargs.py for tasks to queue
[2023-05-11T19:17:36.557+0000] {logging_mixin.py:137} INFO - [2023-05-11T19:17:36.557+0000] {dagbag.py:538} INFO - Filling up the DagBag from /home/airflow/.local/lib/python3.7/site-packages/airflow/example_dags/example_xcomargs.py
[2023-05-11T19:17:36.574+0000] {processor.py:753} INFO - DAG(s) dict_keys(['example_xcom_args_with_operators', 'example_xcom_args']) retrieved from /home/airflow/.local/lib/python3.7/site-packages/airflow/example_dags/example_xcomargs.py
[2023-05-11T19:17:36.603+0000] {logging_mixin.py:137} INFO - [2023-05-11T19:17:36.602+0000] {dag.py:2690} INFO - Sync 2 DAGs
[2023-05-11T19:17:36.641+0000] {logging_mixin.py:137} INFO - [2023-05-11T19:17:36.641+0000] {dag.py:3441} INFO - Setting next_dagrun for example_xcom_args to None, run_after=None
[2023-05-11T19:17:36.644+0000] {logging_mixin.py:137} INFO - [2023-05-11T19:17:36.644+0000] {dag.py:3441} INFO - Setting next_dagrun for example_xcom_args_with_operators to None, run_after=None
[2023-05-11T19:17:36.657+0000] {processor.py:175} INFO - Processing /home/airflow/.local/lib/python3.7/site-packages/airflow/example_dags/example_xcomargs.py took 0.103 seconds
[2023-05-11T19:18:07.519+0000] {processor.py:153} INFO - Started process (PID=2293) to work on /home/airflow/.local/lib/python3.7/site-packages/airflow/example_dags/example_xcomargs.py
[2023-05-11T19:18:07.520+0000] {processor.py:743} INFO - Processing file /home/airflow/.local/lib/python3.7/site-packages/airflow/example_dags/example_xcomargs.py for tasks to queue
[2023-05-11T19:18:07.520+0000] {logging_mixin.py:137} INFO - [2023-05-11T19:18:07.520+0000] {dagbag.py:538} INFO - Filling up the DagBag from /home/airflow/.local/lib/python3.7/site-packages/airflow/example_dags/example_xcomargs.py
[2023-05-11T19:18:07.540+0000] {processor.py:753} INFO - DAG(s) dict_keys(['example_xcom_args', 'example_xcom_args_with_operators']) retrieved from /home/airflow/.local/lib/python3.7/site-packages/airflow/example_dags/example_xcomargs.py
[2023-05-11T19:18:07.566+0000] {logging_mixin.py:137} INFO - [2023-05-11T19:18:07.566+0000] {dag.py:2690} INFO - Sync 2 DAGs
[2023-05-11T19:18:07.588+0000] {logging_mixin.py:137} INFO - [2023-05-11T19:18:07.588+0000] {dag.py:3441} INFO - Setting next_dagrun for example_xcom_args to None, run_after=None
[2023-05-11T19:18:07.591+0000] {logging_mixin.py:137} INFO - [2023-05-11T19:18:07.591+0000] {dag.py:3441} INFO - Setting next_dagrun for example_xcom_args_with_operators to None, run_after=None
[2023-05-11T19:18:07.604+0000] {processor.py:175} INFO - Processing /home/airflow/.local/lib/python3.7/site-packages/airflow/example_dags/example_xcomargs.py took 0.087 seconds
[2023-05-11T19:18:38.214+0000] {processor.py:153} INFO - Started process (PID=2540) to work on /home/airflow/.local/lib/python3.7/site-packages/airflow/example_dags/example_xcomargs.py
[2023-05-11T19:18:38.214+0000] {processor.py:743} INFO - Processing file /home/airflow/.local/lib/python3.7/site-packages/airflow/example_dags/example_xcomargs.py for tasks to queue
[2023-05-11T19:18:38.215+0000] {logging_mixin.py:137} INFO - [2023-05-11T19:18:38.215+0000] {dagbag.py:538} INFO - Filling up the DagBag from /home/airflow/.local/lib/python3.7/site-packages/airflow/example_dags/example_xcomargs.py
[2023-05-11T19:18:38.236+0000] {processor.py:753} INFO - DAG(s) dict_keys(['example_xcom_args', 'example_xcom_args_with_operators']) retrieved from /home/airflow/.local/lib/python3.7/site-packages/airflow/example_dags/example_xcomargs.py
[2023-05-11T19:18:38.256+0000] {logging_mixin.py:137} INFO - [2023-05-11T19:18:38.256+0000] {dag.py:2690} INFO - Sync 2 DAGs
[2023-05-11T19:18:38.272+0000] {logging_mixin.py:137} INFO - [2023-05-11T19:18:38.272+0000] {dag.py:3441} INFO - Setting next_dagrun for example_xcom_args to None, run_after=None
[2023-05-11T19:18:38.274+0000] {logging_mixin.py:137} INFO - [2023-05-11T19:18:38.274+0000] {dag.py:3441} INFO - Setting next_dagrun for example_xcom_args_with_operators to None, run_after=None
[2023-05-11T19:18:38.286+0000] {processor.py:175} INFO - Processing /home/airflow/.local/lib/python3.7/site-packages/airflow/example_dags/example_xcomargs.py took 0.074 seconds
[2023-05-11T19:19:08.575+0000] {processor.py:153} INFO - Started process (PID=2772) to work on /home/airflow/.local/lib/python3.7/site-packages/airflow/example_dags/example_xcomargs.py
[2023-05-11T19:19:08.576+0000] {processor.py:743} INFO - Processing file /home/airflow/.local/lib/python3.7/site-packages/airflow/example_dags/example_xcomargs.py for tasks to queue
[2023-05-11T19:19:08.577+0000] {logging_mixin.py:137} INFO - [2023-05-11T19:19:08.577+0000] {dagbag.py:538} INFO - Filling up the DagBag from /home/airflow/.local/lib/python3.7/site-packages/airflow/example_dags/example_xcomargs.py
[2023-05-11T19:19:08.597+0000] {processor.py:753} INFO - DAG(s) dict_keys(['example_xcom_args', 'example_xcom_args_with_operators']) retrieved from /home/airflow/.local/lib/python3.7/site-packages/airflow/example_dags/example_xcomargs.py
[2023-05-11T19:19:08.623+0000] {logging_mixin.py:137} INFO - [2023-05-11T19:19:08.623+0000] {dag.py:2690} INFO - Sync 2 DAGs
[2023-05-11T19:19:08.646+0000] {logging_mixin.py:137} INFO - [2023-05-11T19:19:08.646+0000] {dag.py:3441} INFO - Setting next_dagrun for example_xcom_args to None, run_after=None
[2023-05-11T19:19:08.650+0000] {logging_mixin.py:137} INFO - [2023-05-11T19:19:08.650+0000] {dag.py:3441} INFO - Setting next_dagrun for example_xcom_args_with_operators to None, run_after=None
[2023-05-11T19:19:08.666+0000] {processor.py:175} INFO - Processing /home/airflow/.local/lib/python3.7/site-packages/airflow/example_dags/example_xcomargs.py took 0.093 seconds
[2023-05-11T19:19:39.409+0000] {processor.py:153} INFO - Started process (PID=3022) to work on /home/airflow/.local/lib/python3.7/site-packages/airflow/example_dags/example_xcomargs.py
[2023-05-11T19:19:39.409+0000] {processor.py:743} INFO - Processing file /home/airflow/.local/lib/python3.7/site-packages/airflow/example_dags/example_xcomargs.py for tasks to queue
[2023-05-11T19:19:39.410+0000] {logging_mixin.py:137} INFO - [2023-05-11T19:19:39.410+0000] {dagbag.py:538} INFO - Filling up the DagBag from /home/airflow/.local/lib/python3.7/site-packages/airflow/example_dags/example_xcomargs.py
[2023-05-11T19:19:39.430+0000] {processor.py:753} INFO - DAG(s) dict_keys(['example_xcom_args', 'example_xcom_args_with_operators']) retrieved from /home/airflow/.local/lib/python3.7/site-packages/airflow/example_dags/example_xcomargs.py
[2023-05-11T19:19:39.456+0000] {logging_mixin.py:137} INFO - [2023-05-11T19:19:39.456+0000] {dag.py:2690} INFO - Sync 2 DAGs
[2023-05-11T19:19:39.478+0000] {logging_mixin.py:137} INFO - [2023-05-11T19:19:39.478+0000] {dag.py:3441} INFO - Setting next_dagrun for example_xcom_args to None, run_after=None
[2023-05-11T19:19:39.481+0000] {logging_mixin.py:137} INFO - [2023-05-11T19:19:39.481+0000] {dag.py:3441} INFO - Setting next_dagrun for example_xcom_args_with_operators to None, run_after=None
[2023-05-11T19:19:39.495+0000] {processor.py:175} INFO - Processing /home/airflow/.local/lib/python3.7/site-packages/airflow/example_dags/example_xcomargs.py took 0.089 seconds
[2023-05-11T19:20:09.775+0000] {processor.py:153} INFO - Started process (PID=3254) to work on /home/airflow/.local/lib/python3.7/site-packages/airflow/example_dags/example_xcomargs.py
[2023-05-11T19:20:09.776+0000] {processor.py:743} INFO - Processing file /home/airflow/.local/lib/python3.7/site-packages/airflow/example_dags/example_xcomargs.py for tasks to queue
[2023-05-11T19:20:09.777+0000] {logging_mixin.py:137} INFO - [2023-05-11T19:20:09.776+0000] {dagbag.py:538} INFO - Filling up the DagBag from /home/airflow/.local/lib/python3.7/site-packages/airflow/example_dags/example_xcomargs.py
[2023-05-11T19:20:09.797+0000] {processor.py:753} INFO - DAG(s) dict_keys(['example_xcom_args', 'example_xcom_args_with_operators']) retrieved from /home/airflow/.local/lib/python3.7/site-packages/airflow/example_dags/example_xcomargs.py
[2023-05-11T19:20:09.829+0000] {logging_mixin.py:137} INFO - [2023-05-11T19:20:09.828+0000] {dag.py:2690} INFO - Sync 2 DAGs
[2023-05-11T19:20:09.852+0000] {logging_mixin.py:137} INFO - [2023-05-11T19:20:09.851+0000] {dag.py:3441} INFO - Setting next_dagrun for example_xcom_args to None, run_after=None
[2023-05-11T19:20:09.854+0000] {logging_mixin.py:137} INFO - [2023-05-11T19:20:09.854+0000] {dag.py:3441} INFO - Setting next_dagrun for example_xcom_args_with_operators to None, run_after=None
[2023-05-11T19:20:09.869+0000] {processor.py:175} INFO - Processing /home/airflow/.local/lib/python3.7/site-packages/airflow/example_dags/example_xcomargs.py took 0.096 seconds
[2023-05-11T19:20:40.310+0000] {processor.py:153} INFO - Started process (PID=3502) to work on /home/airflow/.local/lib/python3.7/site-packages/airflow/example_dags/example_xcomargs.py
[2023-05-11T19:20:40.310+0000] {processor.py:743} INFO - Processing file /home/airflow/.local/lib/python3.7/site-packages/airflow/example_dags/example_xcomargs.py for tasks to queue
[2023-05-11T19:20:40.310+0000] {logging_mixin.py:137} INFO - [2023-05-11T19:20:40.310+0000] {dagbag.py:538} INFO - Filling up the DagBag from /home/airflow/.local/lib/python3.7/site-packages/airflow/example_dags/example_xcomargs.py
[2023-05-11T19:20:40.324+0000] {processor.py:753} INFO - DAG(s) dict_keys(['example_xcom_args', 'example_xcom_args_with_operators']) retrieved from /home/airflow/.local/lib/python3.7/site-packages/airflow/example_dags/example_xcomargs.py
[2023-05-11T19:20:40.343+0000] {logging_mixin.py:137} INFO - [2023-05-11T19:20:40.343+0000] {dag.py:2690} INFO - Sync 2 DAGs
[2023-05-11T19:20:40.358+0000] {logging_mixin.py:137} INFO - [2023-05-11T19:20:40.358+0000] {dag.py:3441} INFO - Setting next_dagrun for example_xcom_args to None, run_after=None
[2023-05-11T19:20:40.360+0000] {logging_mixin.py:137} INFO - [2023-05-11T19:20:40.360+0000] {dag.py:3441} INFO - Setting next_dagrun for example_xcom_args_with_operators to None, run_after=None
[2023-05-11T19:20:40.370+0000] {processor.py:175} INFO - Processing /home/airflow/.local/lib/python3.7/site-packages/airflow/example_dags/example_xcomargs.py took 0.062 seconds
[2023-05-11T19:21:10.647+0000] {processor.py:153} INFO - Started process (PID=3734) to work on /home/airflow/.local/lib/python3.7/site-packages/airflow/example_dags/example_xcomargs.py
[2023-05-11T19:21:10.647+0000] {processor.py:743} INFO - Processing file /home/airflow/.local/lib/python3.7/site-packages/airflow/example_dags/example_xcomargs.py for tasks to queue
[2023-05-11T19:21:10.648+0000] {logging_mixin.py:137} INFO - [2023-05-11T19:21:10.648+0000] {dagbag.py:538} INFO - Filling up the DagBag from /home/airflow/.local/lib/python3.7/site-packages/airflow/example_dags/example_xcomargs.py
[2023-05-11T19:21:10.668+0000] {processor.py:753} INFO - DAG(s) dict_keys(['example_xcom_args_with_operators', 'example_xcom_args']) retrieved from /home/airflow/.local/lib/python3.7/site-packages/airflow/example_dags/example_xcomargs.py
[2023-05-11T19:21:10.693+0000] {logging_mixin.py:137} INFO - [2023-05-11T19:21:10.693+0000] {dag.py:2690} INFO - Sync 2 DAGs
[2023-05-11T19:21:10.715+0000] {logging_mixin.py:137} INFO - [2023-05-11T19:21:10.714+0000] {dag.py:3441} INFO - Setting next_dagrun for example_xcom_args to None, run_after=None
[2023-05-11T19:21:10.717+0000] {logging_mixin.py:137} INFO - [2023-05-11T19:21:10.717+0000] {dag.py:3441} INFO - Setting next_dagrun for example_xcom_args_with_operators to None, run_after=None
[2023-05-11T19:21:10.731+0000] {processor.py:175} INFO - Processing /home/airflow/.local/lib/python3.7/site-packages/airflow/example_dags/example_xcomargs.py took 0.087 seconds
[2023-05-11T19:21:41.227+0000] {processor.py:153} INFO - Started process (PID=3982) to work on /home/airflow/.local/lib/python3.7/site-packages/airflow/example_dags/example_xcomargs.py
[2023-05-11T19:21:41.227+0000] {processor.py:743} INFO - Processing file /home/airflow/.local/lib/python3.7/site-packages/airflow/example_dags/example_xcomargs.py for tasks to queue
[2023-05-11T19:21:41.227+0000] {logging_mixin.py:137} INFO - [2023-05-11T19:21:41.227+0000] {dagbag.py:538} INFO - Filling up the DagBag from /home/airflow/.local/lib/python3.7/site-packages/airflow/example_dags/example_xcomargs.py
[2023-05-11T19:21:41.241+0000] {processor.py:753} INFO - DAG(s) dict_keys(['example_xcom_args', 'example_xcom_args_with_operators']) retrieved from /home/airflow/.local/lib/python3.7/site-packages/airflow/example_dags/example_xcomargs.py
[2023-05-11T19:21:41.261+0000] {logging_mixin.py:137} INFO - [2023-05-11T19:21:41.261+0000] {dag.py:2690} INFO - Sync 2 DAGs
[2023-05-11T19:21:41.277+0000] {logging_mixin.py:137} INFO - [2023-05-11T19:21:41.276+0000] {dag.py:3441} INFO - Setting next_dagrun for example_xcom_args to None, run_after=None
[2023-05-11T19:21:41.279+0000] {logging_mixin.py:137} INFO - [2023-05-11T19:21:41.279+0000] {dag.py:3441} INFO - Setting next_dagrun for example_xcom_args_with_operators to None, run_after=None
[2023-05-11T19:21:41.289+0000] {processor.py:175} INFO - Processing /home/airflow/.local/lib/python3.7/site-packages/airflow/example_dags/example_xcomargs.py took 0.065 seconds
[2023-05-11T19:22:11.398+0000] {processor.py:153} INFO - Started process (PID=4214) to work on /home/airflow/.local/lib/python3.7/site-packages/airflow/example_dags/example_xcomargs.py
[2023-05-11T19:22:11.399+0000] {processor.py:743} INFO - Processing file /home/airflow/.local/lib/python3.7/site-packages/airflow/example_dags/example_xcomargs.py for tasks to queue
[2023-05-11T19:22:11.399+0000] {logging_mixin.py:137} INFO - [2023-05-11T19:22:11.399+0000] {dagbag.py:538} INFO - Filling up the DagBag from /home/airflow/.local/lib/python3.7/site-packages/airflow/example_dags/example_xcomargs.py
[2023-05-11T19:22:11.413+0000] {processor.py:753} INFO - DAG(s) dict_keys(['example_xcom_args_with_operators', 'example_xcom_args']) retrieved from /home/airflow/.local/lib/python3.7/site-packages/airflow/example_dags/example_xcomargs.py
[2023-05-11T19:22:11.433+0000] {logging_mixin.py:137} INFO - [2023-05-11T19:22:11.432+0000] {dag.py:2690} INFO - Sync 2 DAGs
[2023-05-11T19:22:11.448+0000] {logging_mixin.py:137} INFO - [2023-05-11T19:22:11.448+0000] {dag.py:3441} INFO - Setting next_dagrun for example_xcom_args to None, run_after=None
[2023-05-11T19:22:11.450+0000] {logging_mixin.py:137} INFO - [2023-05-11T19:22:11.450+0000] {dag.py:3441} INFO - Setting next_dagrun for example_xcom_args_with_operators to None, run_after=None
[2023-05-11T19:22:11.461+0000] {processor.py:175} INFO - Processing /home/airflow/.local/lib/python3.7/site-packages/airflow/example_dags/example_xcomargs.py took 0.064 seconds
[2023-05-11T19:22:42.056+0000] {processor.py:153} INFO - Started process (PID=4463) to work on /home/airflow/.local/lib/python3.7/site-packages/airflow/example_dags/example_xcomargs.py
[2023-05-11T19:22:42.057+0000] {processor.py:743} INFO - Processing file /home/airflow/.local/lib/python3.7/site-packages/airflow/example_dags/example_xcomargs.py for tasks to queue
[2023-05-11T19:22:42.057+0000] {logging_mixin.py:137} INFO - [2023-05-11T19:22:42.057+0000] {dagbag.py:538} INFO - Filling up the DagBag from /home/airflow/.local/lib/python3.7/site-packages/airflow/example_dags/example_xcomargs.py
[2023-05-11T19:22:42.072+0000] {processor.py:753} INFO - DAG(s) dict_keys(['example_xcom_args_with_operators', 'example_xcom_args']) retrieved from /home/airflow/.local/lib/python3.7/site-packages/airflow/example_dags/example_xcomargs.py
[2023-05-11T19:22:42.091+0000] {logging_mixin.py:137} INFO - [2023-05-11T19:22:42.091+0000] {dag.py:2690} INFO - Sync 2 DAGs
[2023-05-11T19:22:42.107+0000] {logging_mixin.py:137} INFO - [2023-05-11T19:22:42.107+0000] {dag.py:3441} INFO - Setting next_dagrun for example_xcom_args to None, run_after=None
[2023-05-11T19:22:42.110+0000] {logging_mixin.py:137} INFO - [2023-05-11T19:22:42.110+0000] {dag.py:3441} INFO - Setting next_dagrun for example_xcom_args_with_operators to None, run_after=None
[2023-05-11T19:22:42.121+0000] {processor.py:175} INFO - Processing /home/airflow/.local/lib/python3.7/site-packages/airflow/example_dags/example_xcomargs.py took 0.066 seconds
[2023-05-11T19:23:12.506+0000] {processor.py:153} INFO - Started process (PID=4695) to work on /home/airflow/.local/lib/python3.7/site-packages/airflow/example_dags/example_xcomargs.py
[2023-05-11T19:23:12.507+0000] {processor.py:743} INFO - Processing file /home/airflow/.local/lib/python3.7/site-packages/airflow/example_dags/example_xcomargs.py for tasks to queue
[2023-05-11T19:23:12.507+0000] {logging_mixin.py:137} INFO - [2023-05-11T19:23:12.507+0000] {dagbag.py:538} INFO - Filling up the DagBag from /home/airflow/.local/lib/python3.7/site-packages/airflow/example_dags/example_xcomargs.py
[2023-05-11T19:23:12.529+0000] {processor.py:753} INFO - DAG(s) dict_keys(['example_xcom_args_with_operators', 'example_xcom_args']) retrieved from /home/airflow/.local/lib/python3.7/site-packages/airflow/example_dags/example_xcomargs.py
[2023-05-11T19:23:12.563+0000] {logging_mixin.py:137} INFO - [2023-05-11T19:23:12.562+0000] {dag.py:2690} INFO - Sync 2 DAGs
[2023-05-11T19:23:12.584+0000] {logging_mixin.py:137} INFO - [2023-05-11T19:23:12.584+0000] {dag.py:3441} INFO - Setting next_dagrun for example_xcom_args to None, run_after=None
[2023-05-11T19:23:12.587+0000] {logging_mixin.py:137} INFO - [2023-05-11T19:23:12.587+0000] {dag.py:3441} INFO - Setting next_dagrun for example_xcom_args_with_operators to None, run_after=None
[2023-05-11T19:23:12.603+0000] {processor.py:175} INFO - Processing /home/airflow/.local/lib/python3.7/site-packages/airflow/example_dags/example_xcomargs.py took 0.100 seconds
[2023-05-11T19:23:42.700+0000] {processor.py:153} INFO - Started process (PID=4942) to work on /home/airflow/.local/lib/python3.7/site-packages/airflow/example_dags/example_xcomargs.py
[2023-05-11T19:23:42.701+0000] {processor.py:743} INFO - Processing file /home/airflow/.local/lib/python3.7/site-packages/airflow/example_dags/example_xcomargs.py for tasks to queue
[2023-05-11T19:23:42.702+0000] {logging_mixin.py:137} INFO - [2023-05-11T19:23:42.702+0000] {dagbag.py:538} INFO - Filling up the DagBag from /home/airflow/.local/lib/python3.7/site-packages/airflow/example_dags/example_xcomargs.py
[2023-05-11T19:23:42.726+0000] {processor.py:753} INFO - DAG(s) dict_keys(['example_xcom_args', 'example_xcom_args_with_operators']) retrieved from /home/airflow/.local/lib/python3.7/site-packages/airflow/example_dags/example_xcomargs.py
[2023-05-11T19:23:42.754+0000] {logging_mixin.py:137} INFO - [2023-05-11T19:23:42.754+0000] {dag.py:2690} INFO - Sync 2 DAGs
[2023-05-11T19:23:42.780+0000] {logging_mixin.py:137} INFO - [2023-05-11T19:23:42.779+0000] {dag.py:3441} INFO - Setting next_dagrun for example_xcom_args to None, run_after=None
[2023-05-11T19:23:42.783+0000] {logging_mixin.py:137} INFO - [2023-05-11T19:23:42.783+0000] {dag.py:3441} INFO - Setting next_dagrun for example_xcom_args_with_operators to None, run_after=None
[2023-05-11T19:23:42.799+0000] {processor.py:175} INFO - Processing /home/airflow/.local/lib/python3.7/site-packages/airflow/example_dags/example_xcomargs.py took 0.101 seconds
[2023-05-11T19:24:13.299+0000] {processor.py:153} INFO - Started process (PID=5174) to work on /home/airflow/.local/lib/python3.7/site-packages/airflow/example_dags/example_xcomargs.py
[2023-05-11T19:24:13.299+0000] {processor.py:743} INFO - Processing file /home/airflow/.local/lib/python3.7/site-packages/airflow/example_dags/example_xcomargs.py for tasks to queue
[2023-05-11T19:24:13.300+0000] {logging_mixin.py:137} INFO - [2023-05-11T19:24:13.300+0000] {dagbag.py:538} INFO - Filling up the DagBag from /home/airflow/.local/lib/python3.7/site-packages/airflow/example_dags/example_xcomargs.py
[2023-05-11T19:24:13.328+0000] {processor.py:753} INFO - DAG(s) dict_keys(['example_xcom_args_with_operators', 'example_xcom_args']) retrieved from /home/airflow/.local/lib/python3.7/site-packages/airflow/example_dags/example_xcomargs.py
[2023-05-11T19:24:13.364+0000] {logging_mixin.py:137} INFO - [2023-05-11T19:24:13.364+0000] {dag.py:2690} INFO - Sync 2 DAGs
[2023-05-11T19:24:13.399+0000] {logging_mixin.py:137} INFO - [2023-05-11T19:24:13.399+0000] {dag.py:3441} INFO - Setting next_dagrun for example_xcom_args to None, run_after=None
[2023-05-11T19:24:13.405+0000] {logging_mixin.py:137} INFO - [2023-05-11T19:24:13.405+0000] {dag.py:3441} INFO - Setting next_dagrun for example_xcom_args_with_operators to None, run_after=None
[2023-05-11T19:24:13.427+0000] {processor.py:175} INFO - Processing /home/airflow/.local/lib/python3.7/site-packages/airflow/example_dags/example_xcomargs.py took 0.131 seconds
[2023-05-11T19:24:43.500+0000] {processor.py:153} INFO - Started process (PID=5424) to work on /home/airflow/.local/lib/python3.7/site-packages/airflow/example_dags/example_xcomargs.py
[2023-05-11T19:24:43.500+0000] {processor.py:743} INFO - Processing file /home/airflow/.local/lib/python3.7/site-packages/airflow/example_dags/example_xcomargs.py for tasks to queue
[2023-05-11T19:24:43.500+0000] {logging_mixin.py:137} INFO - [2023-05-11T19:24:43.500+0000] {dagbag.py:538} INFO - Filling up the DagBag from /home/airflow/.local/lib/python3.7/site-packages/airflow/example_dags/example_xcomargs.py
[2023-05-11T19:24:43.514+0000] {processor.py:753} INFO - DAG(s) dict_keys(['example_xcom_args_with_operators', 'example_xcom_args']) retrieved from /home/airflow/.local/lib/python3.7/site-packages/airflow/example_dags/example_xcomargs.py
[2023-05-11T19:24:43.532+0000] {logging_mixin.py:137} INFO - [2023-05-11T19:24:43.531+0000] {dag.py:2690} INFO - Sync 2 DAGs
[2023-05-11T19:24:43.545+0000] {logging_mixin.py:137} INFO - [2023-05-11T19:24:43.545+0000] {dag.py:3441} INFO - Setting next_dagrun for example_xcom_args to None, run_after=None
[2023-05-11T19:24:43.547+0000] {logging_mixin.py:137} INFO - [2023-05-11T19:24:43.547+0000] {dag.py:3441} INFO - Setting next_dagrun for example_xcom_args_with_operators to None, run_after=None
[2023-05-11T19:24:43.558+0000] {processor.py:175} INFO - Processing /home/airflow/.local/lib/python3.7/site-packages/airflow/example_dags/example_xcomargs.py took 0.060 seconds
[2023-05-11T19:25:29.285+0000] {processor.py:153} INFO - Started process (PID=364) to work on /home/airflow/.local/lib/python3.7/site-packages/airflow/example_dags/example_xcomargs.py
[2023-05-11T19:25:29.286+0000] {processor.py:743} INFO - Processing file /home/airflow/.local/lib/python3.7/site-packages/airflow/example_dags/example_xcomargs.py for tasks to queue
[2023-05-11T19:25:29.286+0000] {logging_mixin.py:137} INFO - [2023-05-11T19:25:29.286+0000] {dagbag.py:538} INFO - Filling up the DagBag from /home/airflow/.local/lib/python3.7/site-packages/airflow/example_dags/example_xcomargs.py
[2023-05-11T19:25:29.304+0000] {processor.py:753} INFO - DAG(s) dict_keys(['example_xcom_args', 'example_xcom_args_with_operators']) retrieved from /home/airflow/.local/lib/python3.7/site-packages/airflow/example_dags/example_xcomargs.py
[2023-05-11T19:25:29.313+0000] {logging_mixin.py:137} INFO - [2023-05-11T19:25:29.313+0000] {dag.py:2690} INFO - Sync 2 DAGs
[2023-05-11T19:25:29.338+0000] {logging_mixin.py:137} INFO - [2023-05-11T19:25:29.338+0000] {dag.py:3441} INFO - Setting next_dagrun for example_xcom_args to None, run_after=None
[2023-05-11T19:25:29.342+0000] {logging_mixin.py:137} INFO - [2023-05-11T19:25:29.342+0000] {dag.py:3441} INFO - Setting next_dagrun for example_xcom_args_with_operators to None, run_after=None
[2023-05-11T19:25:29.356+0000] {processor.py:175} INFO - Processing /home/airflow/.local/lib/python3.7/site-packages/airflow/example_dags/example_xcomargs.py took 0.073 seconds
[2023-05-11T19:26:00.039+0000] {processor.py:153} INFO - Started process (PID=596) to work on /home/airflow/.local/lib/python3.7/site-packages/airflow/example_dags/example_xcomargs.py
[2023-05-11T19:26:00.040+0000] {processor.py:743} INFO - Processing file /home/airflow/.local/lib/python3.7/site-packages/airflow/example_dags/example_xcomargs.py for tasks to queue
[2023-05-11T19:26:00.040+0000] {logging_mixin.py:137} INFO - [2023-05-11T19:26:00.040+0000] {dagbag.py:538} INFO - Filling up the DagBag from /home/airflow/.local/lib/python3.7/site-packages/airflow/example_dags/example_xcomargs.py
[2023-05-11T19:26:00.057+0000] {processor.py:753} INFO - DAG(s) dict_keys(['example_xcom_args', 'example_xcom_args_with_operators']) retrieved from /home/airflow/.local/lib/python3.7/site-packages/airflow/example_dags/example_xcomargs.py
[2023-05-11T19:26:00.075+0000] {logging_mixin.py:137} INFO - [2023-05-11T19:26:00.075+0000] {dag.py:2690} INFO - Sync 2 DAGs
[2023-05-11T19:26:00.091+0000] {logging_mixin.py:137} INFO - [2023-05-11T19:26:00.091+0000] {dag.py:3441} INFO - Setting next_dagrun for example_xcom_args to None, run_after=None
[2023-05-11T19:26:00.093+0000] {logging_mixin.py:137} INFO - [2023-05-11T19:26:00.093+0000] {dag.py:3441} INFO - Setting next_dagrun for example_xcom_args_with_operators to None, run_after=None
[2023-05-11T19:26:00.103+0000] {processor.py:175} INFO - Processing /home/airflow/.local/lib/python3.7/site-packages/airflow/example_dags/example_xcomargs.py took 0.066 seconds
[2023-05-11T19:26:30.642+0000] {processor.py:153} INFO - Started process (PID=844) to work on /home/airflow/.local/lib/python3.7/site-packages/airflow/example_dags/example_xcomargs.py
[2023-05-11T19:26:30.643+0000] {processor.py:743} INFO - Processing file /home/airflow/.local/lib/python3.7/site-packages/airflow/example_dags/example_xcomargs.py for tasks to queue
[2023-05-11T19:26:30.643+0000] {logging_mixin.py:137} INFO - [2023-05-11T19:26:30.643+0000] {dagbag.py:538} INFO - Filling up the DagBag from /home/airflow/.local/lib/python3.7/site-packages/airflow/example_dags/example_xcomargs.py
[2023-05-11T19:26:30.659+0000] {processor.py:753} INFO - DAG(s) dict_keys(['example_xcom_args', 'example_xcom_args_with_operators']) retrieved from /home/airflow/.local/lib/python3.7/site-packages/airflow/example_dags/example_xcomargs.py
[2023-05-11T19:26:30.678+0000] {logging_mixin.py:137} INFO - [2023-05-11T19:26:30.678+0000] {dag.py:2690} INFO - Sync 2 DAGs
[2023-05-11T19:26:30.696+0000] {logging_mixin.py:137} INFO - [2023-05-11T19:26:30.695+0000] {dag.py:3441} INFO - Setting next_dagrun for example_xcom_args to None, run_after=None
[2023-05-11T19:26:30.698+0000] {logging_mixin.py:137} INFO - [2023-05-11T19:26:30.697+0000] {dag.py:3441} INFO - Setting next_dagrun for example_xcom_args_with_operators to None, run_after=None
[2023-05-11T19:26:30.708+0000] {processor.py:175} INFO - Processing /home/airflow/.local/lib/python3.7/site-packages/airflow/example_dags/example_xcomargs.py took 0.067 seconds
[2023-05-11T19:27:01.154+0000] {processor.py:153} INFO - Started process (PID=1076) to work on /home/airflow/.local/lib/python3.7/site-packages/airflow/example_dags/example_xcomargs.py
[2023-05-11T19:27:01.155+0000] {processor.py:743} INFO - Processing file /home/airflow/.local/lib/python3.7/site-packages/airflow/example_dags/example_xcomargs.py for tasks to queue
[2023-05-11T19:27:01.156+0000] {logging_mixin.py:137} INFO - [2023-05-11T19:27:01.156+0000] {dagbag.py:538} INFO - Filling up the DagBag from /home/airflow/.local/lib/python3.7/site-packages/airflow/example_dags/example_xcomargs.py
[2023-05-11T19:27:01.183+0000] {processor.py:753} INFO - DAG(s) dict_keys(['example_xcom_args_with_operators', 'example_xcom_args']) retrieved from /home/airflow/.local/lib/python3.7/site-packages/airflow/example_dags/example_xcomargs.py
[2023-05-11T19:27:01.217+0000] {logging_mixin.py:137} INFO - [2023-05-11T19:27:01.217+0000] {dag.py:2690} INFO - Sync 2 DAGs
[2023-05-11T19:27:01.250+0000] {logging_mixin.py:137} INFO - [2023-05-11T19:27:01.249+0000] {dag.py:3441} INFO - Setting next_dagrun for example_xcom_args to None, run_after=None
[2023-05-11T19:27:01.254+0000] {logging_mixin.py:137} INFO - [2023-05-11T19:27:01.254+0000] {dag.py:3441} INFO - Setting next_dagrun for example_xcom_args_with_operators to None, run_after=None
[2023-05-11T19:27:01.277+0000] {processor.py:175} INFO - Processing /home/airflow/.local/lib/python3.7/site-packages/airflow/example_dags/example_xcomargs.py took 0.127 seconds
[2023-05-11T19:27:32.209+0000] {processor.py:153} INFO - Started process (PID=1326) to work on /home/airflow/.local/lib/python3.7/site-packages/airflow/example_dags/example_xcomargs.py
[2023-05-11T19:27:32.210+0000] {processor.py:743} INFO - Processing file /home/airflow/.local/lib/python3.7/site-packages/airflow/example_dags/example_xcomargs.py for tasks to queue
[2023-05-11T19:27:32.210+0000] {logging_mixin.py:137} INFO - [2023-05-11T19:27:32.210+0000] {dagbag.py:538} INFO - Filling up the DagBag from /home/airflow/.local/lib/python3.7/site-packages/airflow/example_dags/example_xcomargs.py
[2023-05-11T19:27:32.226+0000] {processor.py:753} INFO - DAG(s) dict_keys(['example_xcom_args', 'example_xcom_args_with_operators']) retrieved from /home/airflow/.local/lib/python3.7/site-packages/airflow/example_dags/example_xcomargs.py
[2023-05-11T19:27:32.245+0000] {logging_mixin.py:137} INFO - [2023-05-11T19:27:32.245+0000] {dag.py:2690} INFO - Sync 2 DAGs
[2023-05-11T19:27:32.262+0000] {logging_mixin.py:137} INFO - [2023-05-11T19:27:32.262+0000] {dag.py:3441} INFO - Setting next_dagrun for example_xcom_args to None, run_after=None
[2023-05-11T19:27:32.264+0000] {logging_mixin.py:137} INFO - [2023-05-11T19:27:32.264+0000] {dag.py:3441} INFO - Setting next_dagrun for example_xcom_args_with_operators to None, run_after=None
[2023-05-11T19:27:32.276+0000] {processor.py:175} INFO - Processing /home/airflow/.local/lib/python3.7/site-packages/airflow/example_dags/example_xcomargs.py took 0.069 seconds
[2023-05-11T19:28:02.569+0000] {processor.py:153} INFO - Started process (PID=1556) to work on /home/airflow/.local/lib/python3.7/site-packages/airflow/example_dags/example_xcomargs.py
[2023-05-11T19:28:02.570+0000] {processor.py:743} INFO - Processing file /home/airflow/.local/lib/python3.7/site-packages/airflow/example_dags/example_xcomargs.py for tasks to queue
[2023-05-11T19:28:02.571+0000] {logging_mixin.py:137} INFO - [2023-05-11T19:28:02.571+0000] {dagbag.py:538} INFO - Filling up the DagBag from /home/airflow/.local/lib/python3.7/site-packages/airflow/example_dags/example_xcomargs.py
[2023-05-11T19:28:02.591+0000] {processor.py:753} INFO - DAG(s) dict_keys(['example_xcom_args', 'example_xcom_args_with_operators']) retrieved from /home/airflow/.local/lib/python3.7/site-packages/airflow/example_dags/example_xcomargs.py
[2023-05-11T19:28:02.619+0000] {logging_mixin.py:137} INFO - [2023-05-11T19:28:02.619+0000] {dag.py:2690} INFO - Sync 2 DAGs
[2023-05-11T19:28:02.641+0000] {logging_mixin.py:137} INFO - [2023-05-11T19:28:02.641+0000] {dag.py:3441} INFO - Setting next_dagrun for example_xcom_args to None, run_after=None
[2023-05-11T19:28:02.644+0000] {logging_mixin.py:137} INFO - [2023-05-11T19:28:02.644+0000] {dag.py:3441} INFO - Setting next_dagrun for example_xcom_args_with_operators to None, run_after=None
[2023-05-11T19:28:02.660+0000] {processor.py:175} INFO - Processing /home/airflow/.local/lib/python3.7/site-packages/airflow/example_dags/example_xcomargs.py took 0.093 seconds
[2023-05-11T19:28:33.585+0000] {processor.py:153} INFO - Started process (PID=1804) to work on /home/airflow/.local/lib/python3.7/site-packages/airflow/example_dags/example_xcomargs.py
[2023-05-11T19:28:33.586+0000] {processor.py:743} INFO - Processing file /home/airflow/.local/lib/python3.7/site-packages/airflow/example_dags/example_xcomargs.py for tasks to queue
[2023-05-11T19:28:33.586+0000] {logging_mixin.py:137} INFO - [2023-05-11T19:28:33.586+0000] {dagbag.py:538} INFO - Filling up the DagBag from /home/airflow/.local/lib/python3.7/site-packages/airflow/example_dags/example_xcomargs.py
[2023-05-11T19:28:33.602+0000] {processor.py:753} INFO - DAG(s) dict_keys(['example_xcom_args', 'example_xcom_args_with_operators']) retrieved from /home/airflow/.local/lib/python3.7/site-packages/airflow/example_dags/example_xcomargs.py
[2023-05-11T19:28:33.625+0000] {logging_mixin.py:137} INFO - [2023-05-11T19:28:33.625+0000] {dag.py:2690} INFO - Sync 2 DAGs
[2023-05-11T19:28:33.644+0000] {logging_mixin.py:137} INFO - [2023-05-11T19:28:33.643+0000] {dag.py:3441} INFO - Setting next_dagrun for example_xcom_args to None, run_after=None
[2023-05-11T19:28:33.646+0000] {logging_mixin.py:137} INFO - [2023-05-11T19:28:33.646+0000] {dag.py:3441} INFO - Setting next_dagrun for example_xcom_args_with_operators to None, run_after=None
[2023-05-11T19:28:33.660+0000] {processor.py:175} INFO - Processing /home/airflow/.local/lib/python3.7/site-packages/airflow/example_dags/example_xcomargs.py took 0.078 seconds
[2023-05-11T19:29:04.215+0000] {processor.py:153} INFO - Started process (PID=2045) to work on /home/airflow/.local/lib/python3.7/site-packages/airflow/example_dags/example_xcomargs.py
[2023-05-11T19:29:04.215+0000] {processor.py:743} INFO - Processing file /home/airflow/.local/lib/python3.7/site-packages/airflow/example_dags/example_xcomargs.py for tasks to queue
[2023-05-11T19:29:04.216+0000] {logging_mixin.py:137} INFO - [2023-05-11T19:29:04.216+0000] {dagbag.py:538} INFO - Filling up the DagBag from /home/airflow/.local/lib/python3.7/site-packages/airflow/example_dags/example_xcomargs.py
[2023-05-11T19:29:04.237+0000] {processor.py:753} INFO - DAG(s) dict_keys(['example_xcom_args', 'example_xcom_args_with_operators']) retrieved from /home/airflow/.local/lib/python3.7/site-packages/airflow/example_dags/example_xcomargs.py
[2023-05-11T19:29:04.272+0000] {logging_mixin.py:137} INFO - [2023-05-11T19:29:04.272+0000] {dag.py:2690} INFO - Sync 2 DAGs
[2023-05-11T19:29:04.302+0000] {logging_mixin.py:137} INFO - [2023-05-11T19:29:04.302+0000] {dag.py:3441} INFO - Setting next_dagrun for example_xcom_args to None, run_after=None
[2023-05-11T19:29:04.306+0000] {logging_mixin.py:137} INFO - [2023-05-11T19:29:04.306+0000] {dag.py:3441} INFO - Setting next_dagrun for example_xcom_args_with_operators to None, run_after=None
[2023-05-11T19:29:04.327+0000] {processor.py:175} INFO - Processing /home/airflow/.local/lib/python3.7/site-packages/airflow/example_dags/example_xcomargs.py took 0.115 seconds
[2023-05-11T19:29:34.560+0000] {processor.py:153} INFO - Started process (PID=2287) to work on /home/airflow/.local/lib/python3.7/site-packages/airflow/example_dags/example_xcomargs.py
[2023-05-11T19:29:34.561+0000] {processor.py:743} INFO - Processing file /home/airflow/.local/lib/python3.7/site-packages/airflow/example_dags/example_xcomargs.py for tasks to queue
[2023-05-11T19:29:34.561+0000] {logging_mixin.py:137} INFO - [2023-05-11T19:29:34.561+0000] {dagbag.py:538} INFO - Filling up the DagBag from /home/airflow/.local/lib/python3.7/site-packages/airflow/example_dags/example_xcomargs.py
[2023-05-11T19:29:34.582+0000] {processor.py:753} INFO - DAG(s) dict_keys(['example_xcom_args_with_operators', 'example_xcom_args']) retrieved from /home/airflow/.local/lib/python3.7/site-packages/airflow/example_dags/example_xcomargs.py
[2023-05-11T19:29:34.609+0000] {logging_mixin.py:137} INFO - [2023-05-11T19:29:34.608+0000] {dag.py:2690} INFO - Sync 2 DAGs
[2023-05-11T19:29:34.636+0000] {logging_mixin.py:137} INFO - [2023-05-11T19:29:34.636+0000] {dag.py:3441} INFO - Setting next_dagrun for example_xcom_args to None, run_after=None
[2023-05-11T19:29:34.639+0000] {logging_mixin.py:137} INFO - [2023-05-11T19:29:34.638+0000] {dag.py:3441} INFO - Setting next_dagrun for example_xcom_args_with_operators to None, run_after=None
[2023-05-11T19:29:34.653+0000] {processor.py:175} INFO - Processing /home/airflow/.local/lib/python3.7/site-packages/airflow/example_dags/example_xcomargs.py took 0.096 seconds
[2023-05-11T19:30:05.332+0000] {processor.py:153} INFO - Started process (PID=2535) to work on /home/airflow/.local/lib/python3.7/site-packages/airflow/example_dags/example_xcomargs.py
[2023-05-11T19:30:05.333+0000] {processor.py:743} INFO - Processing file /home/airflow/.local/lib/python3.7/site-packages/airflow/example_dags/example_xcomargs.py for tasks to queue
[2023-05-11T19:30:05.334+0000] {logging_mixin.py:137} INFO - [2023-05-11T19:30:05.333+0000] {dagbag.py:538} INFO - Filling up the DagBag from /home/airflow/.local/lib/python3.7/site-packages/airflow/example_dags/example_xcomargs.py
[2023-05-11T19:30:05.355+0000] {processor.py:753} INFO - DAG(s) dict_keys(['example_xcom_args_with_operators', 'example_xcom_args']) retrieved from /home/airflow/.local/lib/python3.7/site-packages/airflow/example_dags/example_xcomargs.py
[2023-05-11T19:30:05.411+0000] {logging_mixin.py:137} INFO - [2023-05-11T19:30:05.410+0000] {dag.py:2690} INFO - Sync 2 DAGs
[2023-05-11T19:30:05.435+0000] {logging_mixin.py:137} INFO - [2023-05-11T19:30:05.435+0000] {dag.py:3441} INFO - Setting next_dagrun for example_xcom_args to None, run_after=None
[2023-05-11T19:30:05.438+0000] {logging_mixin.py:137} INFO - [2023-05-11T19:30:05.438+0000] {dag.py:3441} INFO - Setting next_dagrun for example_xcom_args_with_operators to None, run_after=None
[2023-05-11T19:30:05.453+0000] {processor.py:175} INFO - Processing /home/airflow/.local/lib/python3.7/site-packages/airflow/example_dags/example_xcomargs.py took 0.124 seconds
[2023-05-11T19:30:35.621+0000] {processor.py:153} INFO - Started process (PID=2767) to work on /home/airflow/.local/lib/python3.7/site-packages/airflow/example_dags/example_xcomargs.py
[2023-05-11T19:30:35.622+0000] {processor.py:743} INFO - Processing file /home/airflow/.local/lib/python3.7/site-packages/airflow/example_dags/example_xcomargs.py for tasks to queue
[2023-05-11T19:30:35.622+0000] {logging_mixin.py:137} INFO - [2023-05-11T19:30:35.622+0000] {dagbag.py:538} INFO - Filling up the DagBag from /home/airflow/.local/lib/python3.7/site-packages/airflow/example_dags/example_xcomargs.py
[2023-05-11T19:30:35.639+0000] {processor.py:753} INFO - DAG(s) dict_keys(['example_xcom_args', 'example_xcom_args_with_operators']) retrieved from /home/airflow/.local/lib/python3.7/site-packages/airflow/example_dags/example_xcomargs.py
[2023-05-11T19:30:35.662+0000] {logging_mixin.py:137} INFO - [2023-05-11T19:30:35.662+0000] {dag.py:2690} INFO - Sync 2 DAGs
[2023-05-11T19:30:35.684+0000] {logging_mixin.py:137} INFO - [2023-05-11T19:30:35.684+0000] {dag.py:3441} INFO - Setting next_dagrun for example_xcom_args to None, run_after=None
[2023-05-11T19:30:35.687+0000] {logging_mixin.py:137} INFO - [2023-05-11T19:30:35.687+0000] {dag.py:3441} INFO - Setting next_dagrun for example_xcom_args_with_operators to None, run_after=None
[2023-05-11T19:30:35.699+0000] {processor.py:175} INFO - Processing /home/airflow/.local/lib/python3.7/site-packages/airflow/example_dags/example_xcomargs.py took 0.080 seconds
[2023-05-11T19:31:06.376+0000] {processor.py:153} INFO - Started process (PID=3008) to work on /home/airflow/.local/lib/python3.7/site-packages/airflow/example_dags/example_xcomargs.py
[2023-05-11T19:31:06.377+0000] {processor.py:743} INFO - Processing file /home/airflow/.local/lib/python3.7/site-packages/airflow/example_dags/example_xcomargs.py for tasks to queue
[2023-05-11T19:31:06.377+0000] {logging_mixin.py:137} INFO - [2023-05-11T19:31:06.377+0000] {dagbag.py:538} INFO - Filling up the DagBag from /home/airflow/.local/lib/python3.7/site-packages/airflow/example_dags/example_xcomargs.py
[2023-05-11T19:31:06.437+0000] {processor.py:753} INFO - DAG(s) dict_keys(['example_xcom_args_with_operators', 'example_xcom_args']) retrieved from /home/airflow/.local/lib/python3.7/site-packages/airflow/example_dags/example_xcomargs.py
[2023-05-11T19:31:06.472+0000] {logging_mixin.py:137} INFO - [2023-05-11T19:31:06.472+0000] {dag.py:2690} INFO - Sync 2 DAGs
[2023-05-11T19:31:06.533+0000] {logging_mixin.py:137} INFO - [2023-05-11T19:31:06.532+0000] {dag.py:3441} INFO - Setting next_dagrun for example_xcom_args to None, run_after=None
[2023-05-11T19:31:06.538+0000] {logging_mixin.py:137} INFO - [2023-05-11T19:31:06.538+0000] {dag.py:3441} INFO - Setting next_dagrun for example_xcom_args_with_operators to None, run_after=None
[2023-05-11T19:31:06.562+0000] {processor.py:175} INFO - Processing /home/airflow/.local/lib/python3.7/site-packages/airflow/example_dags/example_xcomargs.py took 0.189 seconds
[2023-05-11T19:31:37.325+0000] {processor.py:153} INFO - Started process (PID=3247) to work on /home/airflow/.local/lib/python3.7/site-packages/airflow/example_dags/example_xcomargs.py
[2023-05-11T19:31:37.325+0000] {processor.py:743} INFO - Processing file /home/airflow/.local/lib/python3.7/site-packages/airflow/example_dags/example_xcomargs.py for tasks to queue
[2023-05-11T19:31:37.326+0000] {logging_mixin.py:137} INFO - [2023-05-11T19:31:37.325+0000] {dagbag.py:538} INFO - Filling up the DagBag from /home/airflow/.local/lib/python3.7/site-packages/airflow/example_dags/example_xcomargs.py
[2023-05-11T19:31:37.341+0000] {processor.py:753} INFO - DAG(s) dict_keys(['example_xcom_args_with_operators', 'example_xcom_args']) retrieved from /home/airflow/.local/lib/python3.7/site-packages/airflow/example_dags/example_xcomargs.py
[2023-05-11T19:31:37.360+0000] {logging_mixin.py:137} INFO - [2023-05-11T19:31:37.359+0000] {dag.py:2690} INFO - Sync 2 DAGs
[2023-05-11T19:31:37.376+0000] {logging_mixin.py:137} INFO - [2023-05-11T19:31:37.376+0000] {dag.py:3441} INFO - Setting next_dagrun for example_xcom_args to None, run_after=None
[2023-05-11T19:31:37.378+0000] {logging_mixin.py:137} INFO - [2023-05-11T19:31:37.378+0000] {dag.py:3441} INFO - Setting next_dagrun for example_xcom_args_with_operators to None, run_after=None
[2023-05-11T19:31:37.388+0000] {processor.py:175} INFO - Processing /home/airflow/.local/lib/python3.7/site-packages/airflow/example_dags/example_xcomargs.py took 0.065 seconds
[2023-05-11T19:32:07.679+0000] {processor.py:153} INFO - Started process (PID=3494) to work on /home/airflow/.local/lib/python3.7/site-packages/airflow/example_dags/example_xcomargs.py
[2023-05-11T19:32:07.679+0000] {processor.py:743} INFO - Processing file /home/airflow/.local/lib/python3.7/site-packages/airflow/example_dags/example_xcomargs.py for tasks to queue
[2023-05-11T19:32:07.680+0000] {logging_mixin.py:137} INFO - [2023-05-11T19:32:07.680+0000] {dagbag.py:538} INFO - Filling up the DagBag from /home/airflow/.local/lib/python3.7/site-packages/airflow/example_dags/example_xcomargs.py
[2023-05-11T19:32:07.696+0000] {processor.py:753} INFO - DAG(s) dict_keys(['example_xcom_args_with_operators', 'example_xcom_args']) retrieved from /home/airflow/.local/lib/python3.7/site-packages/airflow/example_dags/example_xcomargs.py
[2023-05-11T19:32:07.724+0000] {logging_mixin.py:137} INFO - [2023-05-11T19:32:07.724+0000] {dag.py:2690} INFO - Sync 2 DAGs
[2023-05-11T19:32:07.752+0000] {logging_mixin.py:137} INFO - [2023-05-11T19:32:07.751+0000] {dag.py:3441} INFO - Setting next_dagrun for example_xcom_args to None, run_after=None
[2023-05-11T19:32:07.755+0000] {logging_mixin.py:137} INFO - [2023-05-11T19:32:07.755+0000] {dag.py:3441} INFO - Setting next_dagrun for example_xcom_args_with_operators to None, run_after=None
[2023-05-11T19:32:07.772+0000] {processor.py:175} INFO - Processing /home/airflow/.local/lib/python3.7/site-packages/airflow/example_dags/example_xcomargs.py took 0.096 seconds
[2023-05-11T19:32:38.102+0000] {processor.py:153} INFO - Started process (PID=3726) to work on /home/airflow/.local/lib/python3.7/site-packages/airflow/example_dags/example_xcomargs.py
[2023-05-11T19:32:38.103+0000] {processor.py:743} INFO - Processing file /home/airflow/.local/lib/python3.7/site-packages/airflow/example_dags/example_xcomargs.py for tasks to queue
[2023-05-11T19:32:38.103+0000] {logging_mixin.py:137} INFO - [2023-05-11T19:32:38.103+0000] {dagbag.py:538} INFO - Filling up the DagBag from /home/airflow/.local/lib/python3.7/site-packages/airflow/example_dags/example_xcomargs.py
[2023-05-11T19:32:38.126+0000] {processor.py:753} INFO - DAG(s) dict_keys(['example_xcom_args_with_operators', 'example_xcom_args']) retrieved from /home/airflow/.local/lib/python3.7/site-packages/airflow/example_dags/example_xcomargs.py
[2023-05-11T19:32:38.152+0000] {logging_mixin.py:137} INFO - [2023-05-11T19:32:38.152+0000] {dag.py:2690} INFO - Sync 2 DAGs
[2023-05-11T19:32:38.173+0000] {logging_mixin.py:137} INFO - [2023-05-11T19:32:38.173+0000] {dag.py:3441} INFO - Setting next_dagrun for example_xcom_args to None, run_after=None
[2023-05-11T19:32:38.176+0000] {logging_mixin.py:137} INFO - [2023-05-11T19:32:38.176+0000] {dag.py:3441} INFO - Setting next_dagrun for example_xcom_args_with_operators to None, run_after=None
[2023-05-11T19:32:38.192+0000] {processor.py:175} INFO - Processing /home/airflow/.local/lib/python3.7/site-packages/airflow/example_dags/example_xcomargs.py took 0.094 seconds
[2023-05-11T19:33:08.664+0000] {processor.py:153} INFO - Started process (PID=3976) to work on /home/airflow/.local/lib/python3.7/site-packages/airflow/example_dags/example_xcomargs.py
[2023-05-11T19:33:08.665+0000] {processor.py:743} INFO - Processing file /home/airflow/.local/lib/python3.7/site-packages/airflow/example_dags/example_xcomargs.py for tasks to queue
[2023-05-11T19:33:08.666+0000] {logging_mixin.py:137} INFO - [2023-05-11T19:33:08.665+0000] {dagbag.py:538} INFO - Filling up the DagBag from /home/airflow/.local/lib/python3.7/site-packages/airflow/example_dags/example_xcomargs.py
[2023-05-11T19:33:08.722+0000] {processor.py:753} INFO - DAG(s) dict_keys(['example_xcom_args_with_operators', 'example_xcom_args']) retrieved from /home/airflow/.local/lib/python3.7/site-packages/airflow/example_dags/example_xcomargs.py
[2023-05-11T19:33:08.769+0000] {logging_mixin.py:137} INFO - [2023-05-11T19:33:08.769+0000] {dag.py:2690} INFO - Sync 2 DAGs
[2023-05-11T19:33:08.785+0000] {logging_mixin.py:137} INFO - [2023-05-11T19:33:08.785+0000] {dag.py:3441} INFO - Setting next_dagrun for example_xcom_args to None, run_after=None
[2023-05-11T19:33:08.788+0000] {logging_mixin.py:137} INFO - [2023-05-11T19:33:08.788+0000] {dag.py:3441} INFO - Setting next_dagrun for example_xcom_args_with_operators to None, run_after=None
[2023-05-11T19:33:08.798+0000] {processor.py:175} INFO - Processing /home/airflow/.local/lib/python3.7/site-packages/airflow/example_dags/example_xcomargs.py took 0.136 seconds
[2023-05-11T19:33:39.341+0000] {processor.py:153} INFO - Started process (PID=4206) to work on /home/airflow/.local/lib/python3.7/site-packages/airflow/example_dags/example_xcomargs.py
[2023-05-11T19:33:39.342+0000] {processor.py:743} INFO - Processing file /home/airflow/.local/lib/python3.7/site-packages/airflow/example_dags/example_xcomargs.py for tasks to queue
[2023-05-11T19:33:39.342+0000] {logging_mixin.py:137} INFO - [2023-05-11T19:33:39.342+0000] {dagbag.py:538} INFO - Filling up the DagBag from /home/airflow/.local/lib/python3.7/site-packages/airflow/example_dags/example_xcomargs.py
[2023-05-11T19:33:39.364+0000] {processor.py:753} INFO - DAG(s) dict_keys(['example_xcom_args_with_operators', 'example_xcom_args']) retrieved from /home/airflow/.local/lib/python3.7/site-packages/airflow/example_dags/example_xcomargs.py
[2023-05-11T19:33:39.391+0000] {logging_mixin.py:137} INFO - [2023-05-11T19:33:39.391+0000] {dag.py:2690} INFO - Sync 2 DAGs
[2023-05-11T19:33:39.413+0000] {logging_mixin.py:137} INFO - [2023-05-11T19:33:39.413+0000] {dag.py:3441} INFO - Setting next_dagrun for example_xcom_args to None, run_after=None
[2023-05-11T19:33:39.416+0000] {logging_mixin.py:137} INFO - [2023-05-11T19:33:39.416+0000] {dag.py:3441} INFO - Setting next_dagrun for example_xcom_args_with_operators to None, run_after=None
[2023-05-11T19:33:39.431+0000] {processor.py:175} INFO - Processing /home/airflow/.local/lib/python3.7/site-packages/airflow/example_dags/example_xcomargs.py took 0.093 seconds
[2023-05-11T19:35:11.765+0000] {processor.py:153} INFO - Started process (PID=366) to work on /home/airflow/.local/lib/python3.7/site-packages/airflow/example_dags/example_xcomargs.py
[2023-05-11T19:35:11.766+0000] {processor.py:743} INFO - Processing file /home/airflow/.local/lib/python3.7/site-packages/airflow/example_dags/example_xcomargs.py for tasks to queue
[2023-05-11T19:35:11.767+0000] {logging_mixin.py:137} INFO - [2023-05-11T19:35:11.767+0000] {dagbag.py:538} INFO - Filling up the DagBag from /home/airflow/.local/lib/python3.7/site-packages/airflow/example_dags/example_xcomargs.py
[2023-05-11T19:35:11.789+0000] {processor.py:753} INFO - DAG(s) dict_keys(['example_xcom_args', 'example_xcom_args_with_operators']) retrieved from /home/airflow/.local/lib/python3.7/site-packages/airflow/example_dags/example_xcomargs.py
[2023-05-11T19:35:11.800+0000] {logging_mixin.py:137} INFO - [2023-05-11T19:35:11.800+0000] {dag.py:2690} INFO - Sync 2 DAGs
[2023-05-11T19:35:11.821+0000] {logging_mixin.py:137} INFO - [2023-05-11T19:35:11.821+0000] {dag.py:3441} INFO - Setting next_dagrun for example_xcom_args to None, run_after=None
[2023-05-11T19:35:11.823+0000] {logging_mixin.py:137} INFO - [2023-05-11T19:35:11.823+0000] {dag.py:3441} INFO - Setting next_dagrun for example_xcom_args_with_operators to None, run_after=None
[2023-05-11T19:35:11.835+0000] {processor.py:175} INFO - Processing /home/airflow/.local/lib/python3.7/site-packages/airflow/example_dags/example_xcomargs.py took 0.072 seconds
[2023-05-11T19:35:42.577+0000] {processor.py:153} INFO - Started process (PID=598) to work on /home/airflow/.local/lib/python3.7/site-packages/airflow/example_dags/example_xcomargs.py
[2023-05-11T19:35:42.578+0000] {processor.py:743} INFO - Processing file /home/airflow/.local/lib/python3.7/site-packages/airflow/example_dags/example_xcomargs.py for tasks to queue
[2023-05-11T19:35:42.578+0000] {logging_mixin.py:137} INFO - [2023-05-11T19:35:42.578+0000] {dagbag.py:538} INFO - Filling up the DagBag from /home/airflow/.local/lib/python3.7/site-packages/airflow/example_dags/example_xcomargs.py
[2023-05-11T19:35:42.594+0000] {processor.py:753} INFO - DAG(s) dict_keys(['example_xcom_args_with_operators', 'example_xcom_args']) retrieved from /home/airflow/.local/lib/python3.7/site-packages/airflow/example_dags/example_xcomargs.py
[2023-05-11T19:35:42.613+0000] {logging_mixin.py:137} INFO - [2023-05-11T19:35:42.613+0000] {dag.py:2690} INFO - Sync 2 DAGs
[2023-05-11T19:35:42.629+0000] {logging_mixin.py:137} INFO - [2023-05-11T19:35:42.629+0000] {dag.py:3441} INFO - Setting next_dagrun for example_xcom_args to None, run_after=None
[2023-05-11T19:35:42.631+0000] {logging_mixin.py:137} INFO - [2023-05-11T19:35:42.631+0000] {dag.py:3441} INFO - Setting next_dagrun for example_xcom_args_with_operators to None, run_after=None
[2023-05-11T19:35:42.641+0000] {processor.py:175} INFO - Processing /home/airflow/.local/lib/python3.7/site-packages/airflow/example_dags/example_xcomargs.py took 0.066 seconds
