[2023-05-11T18:58:39.370+0000] {processor.py:153} INFO - Started process (PID=193) to work on /home/airflow/.local/lib/python3.7/site-packages/airflow/example_dags/example_nested_branch_dag.py
[2023-05-11T18:58:39.370+0000] {processor.py:743} INFO - Processing file /home/airflow/.local/lib/python3.7/site-packages/airflow/example_dags/example_nested_branch_dag.py for tasks to queue
[2023-05-11T18:58:39.370+0000] {logging_mixin.py:137} INFO - [2023-05-11T18:58:39.370+0000] {dagbag.py:538} INFO - Filling up the DagBag from /home/airflow/.local/lib/python3.7/site-packages/airflow/example_dags/example_nested_branch_dag.py
[2023-05-11T18:58:39.407+0000] {processor.py:753} INFO - DAG(s) dict_keys(['example_nested_branch_dag']) retrieved from /home/airflow/.local/lib/python3.7/site-packages/airflow/example_dags/example_nested_branch_dag.py
[2023-05-11T18:58:39.424+0000] {logging_mixin.py:137} INFO - [2023-05-11T18:58:39.424+0000] {dag.py:2690} INFO - Sync 1 DAGs
[2023-05-11T18:58:39.441+0000] {logging_mixin.py:137} INFO - [2023-05-11T18:58:39.441+0000] {dag.py:3441} INFO - Setting next_dagrun for example_nested_branch_dag to 2023-05-10T00:00:00+00:00, run_after=2023-05-11T00:00:00+00:00
[2023-05-11T18:58:39.453+0000] {processor.py:175} INFO - Processing /home/airflow/.local/lib/python3.7/site-packages/airflow/example_dags/example_nested_branch_dag.py took 0.085 seconds
[2023-05-11T18:59:10.151+0000] {processor.py:153} INFO - Started process (PID=426) to work on /home/airflow/.local/lib/python3.7/site-packages/airflow/example_dags/example_nested_branch_dag.py
[2023-05-11T18:59:10.152+0000] {processor.py:743} INFO - Processing file /home/airflow/.local/lib/python3.7/site-packages/airflow/example_dags/example_nested_branch_dag.py for tasks to queue
[2023-05-11T18:59:10.152+0000] {logging_mixin.py:137} INFO - [2023-05-11T18:59:10.152+0000] {dagbag.py:538} INFO - Filling up the DagBag from /home/airflow/.local/lib/python3.7/site-packages/airflow/example_dags/example_nested_branch_dag.py
[2023-05-11T18:59:10.169+0000] {processor.py:753} INFO - DAG(s) dict_keys(['example_nested_branch_dag']) retrieved from /home/airflow/.local/lib/python3.7/site-packages/airflow/example_dags/example_nested_branch_dag.py
[2023-05-11T18:59:10.190+0000] {logging_mixin.py:137} INFO - [2023-05-11T18:59:10.190+0000] {dag.py:2690} INFO - Sync 1 DAGs
[2023-05-11T18:59:10.216+0000] {logging_mixin.py:137} INFO - [2023-05-11T18:59:10.216+0000] {dag.py:3441} INFO - Setting next_dagrun for example_nested_branch_dag to 2023-05-10T00:00:00+00:00, run_after=2023-05-11T00:00:00+00:00
[2023-05-11T18:59:10.230+0000] {processor.py:175} INFO - Processing /home/airflow/.local/lib/python3.7/site-packages/airflow/example_dags/example_nested_branch_dag.py took 0.081 seconds
[2023-05-11T18:59:40.948+0000] {processor.py:153} INFO - Started process (PID=674) to work on /home/airflow/.local/lib/python3.7/site-packages/airflow/example_dags/example_nested_branch_dag.py
[2023-05-11T18:59:40.949+0000] {processor.py:743} INFO - Processing file /home/airflow/.local/lib/python3.7/site-packages/airflow/example_dags/example_nested_branch_dag.py for tasks to queue
[2023-05-11T18:59:40.949+0000] {logging_mixin.py:137} INFO - [2023-05-11T18:59:40.949+0000] {dagbag.py:538} INFO - Filling up the DagBag from /home/airflow/.local/lib/python3.7/site-packages/airflow/example_dags/example_nested_branch_dag.py
[2023-05-11T18:59:40.966+0000] {processor.py:753} INFO - DAG(s) dict_keys(['example_nested_branch_dag']) retrieved from /home/airflow/.local/lib/python3.7/site-packages/airflow/example_dags/example_nested_branch_dag.py
[2023-05-11T18:59:40.985+0000] {logging_mixin.py:137} INFO - [2023-05-11T18:59:40.984+0000] {dag.py:2690} INFO - Sync 1 DAGs
[2023-05-11T18:59:41.002+0000] {logging_mixin.py:137} INFO - [2023-05-11T18:59:41.001+0000] {dag.py:3441} INFO - Setting next_dagrun for example_nested_branch_dag to 2023-05-10T00:00:00+00:00, run_after=2023-05-11T00:00:00+00:00
[2023-05-11T18:59:41.013+0000] {processor.py:175} INFO - Processing /home/airflow/.local/lib/python3.7/site-packages/airflow/example_dags/example_nested_branch_dag.py took 0.067 seconds
[2023-05-11T19:00:11.935+0000] {processor.py:153} INFO - Started process (PID=906) to work on /home/airflow/.local/lib/python3.7/site-packages/airflow/example_dags/example_nested_branch_dag.py
[2023-05-11T19:00:11.935+0000] {processor.py:743} INFO - Processing file /home/airflow/.local/lib/python3.7/site-packages/airflow/example_dags/example_nested_branch_dag.py for tasks to queue
[2023-05-11T19:00:11.936+0000] {logging_mixin.py:137} INFO - [2023-05-11T19:00:11.936+0000] {dagbag.py:538} INFO - Filling up the DagBag from /home/airflow/.local/lib/python3.7/site-packages/airflow/example_dags/example_nested_branch_dag.py
[2023-05-11T19:00:11.955+0000] {processor.py:753} INFO - DAG(s) dict_keys(['example_nested_branch_dag']) retrieved from /home/airflow/.local/lib/python3.7/site-packages/airflow/example_dags/example_nested_branch_dag.py
[2023-05-11T19:00:11.974+0000] {logging_mixin.py:137} INFO - [2023-05-11T19:00:11.974+0000] {dag.py:2690} INFO - Sync 1 DAGs
[2023-05-11T19:00:11.992+0000] {logging_mixin.py:137} INFO - [2023-05-11T19:00:11.992+0000] {dag.py:3441} INFO - Setting next_dagrun for example_nested_branch_dag to 2023-05-10T00:00:00+00:00, run_after=2023-05-11T00:00:00+00:00
[2023-05-11T19:00:12.004+0000] {processor.py:175} INFO - Processing /home/airflow/.local/lib/python3.7/site-packages/airflow/example_dags/example_nested_branch_dag.py took 0.071 seconds
[2023-05-11T19:00:42.277+0000] {processor.py:153} INFO - Started process (PID=1155) to work on /home/airflow/.local/lib/python3.7/site-packages/airflow/example_dags/example_nested_branch_dag.py
[2023-05-11T19:00:42.278+0000] {processor.py:743} INFO - Processing file /home/airflow/.local/lib/python3.7/site-packages/airflow/example_dags/example_nested_branch_dag.py for tasks to queue
[2023-05-11T19:00:42.278+0000] {logging_mixin.py:137} INFO - [2023-05-11T19:00:42.278+0000] {dagbag.py:538} INFO - Filling up the DagBag from /home/airflow/.local/lib/python3.7/site-packages/airflow/example_dags/example_nested_branch_dag.py
[2023-05-11T19:00:42.299+0000] {processor.py:753} INFO - DAG(s) dict_keys(['example_nested_branch_dag']) retrieved from /home/airflow/.local/lib/python3.7/site-packages/airflow/example_dags/example_nested_branch_dag.py
[2023-05-11T19:00:42.324+0000] {logging_mixin.py:137} INFO - [2023-05-11T19:00:42.323+0000] {dag.py:2690} INFO - Sync 1 DAGs
[2023-05-11T19:00:42.349+0000] {logging_mixin.py:137} INFO - [2023-05-11T19:00:42.349+0000] {dag.py:3441} INFO - Setting next_dagrun for example_nested_branch_dag to 2023-05-10T00:00:00+00:00, run_after=2023-05-11T00:00:00+00:00
[2023-05-11T19:00:42.367+0000] {processor.py:175} INFO - Processing /home/airflow/.local/lib/python3.7/site-packages/airflow/example_dags/example_nested_branch_dag.py took 0.092 seconds
[2023-05-11T19:01:12.738+0000] {processor.py:153} INFO - Started process (PID=1395) to work on /home/airflow/.local/lib/python3.7/site-packages/airflow/example_dags/example_nested_branch_dag.py
[2023-05-11T19:01:12.739+0000] {processor.py:743} INFO - Processing file /home/airflow/.local/lib/python3.7/site-packages/airflow/example_dags/example_nested_branch_dag.py for tasks to queue
[2023-05-11T19:01:12.739+0000] {logging_mixin.py:137} INFO - [2023-05-11T19:01:12.739+0000] {dagbag.py:538} INFO - Filling up the DagBag from /home/airflow/.local/lib/python3.7/site-packages/airflow/example_dags/example_nested_branch_dag.py
[2023-05-11T19:01:12.762+0000] {processor.py:753} INFO - DAG(s) dict_keys(['example_nested_branch_dag']) retrieved from /home/airflow/.local/lib/python3.7/site-packages/airflow/example_dags/example_nested_branch_dag.py
[2023-05-11T19:01:12.785+0000] {logging_mixin.py:137} INFO - [2023-05-11T19:01:12.784+0000] {dag.py:2690} INFO - Sync 1 DAGs
[2023-05-11T19:01:12.812+0000] {logging_mixin.py:137} INFO - [2023-05-11T19:01:12.812+0000] {dag.py:3441} INFO - Setting next_dagrun for example_nested_branch_dag to 2023-05-10T00:00:00+00:00, run_after=2023-05-11T00:00:00+00:00
[2023-05-11T19:01:12.829+0000] {processor.py:175} INFO - Processing /home/airflow/.local/lib/python3.7/site-packages/airflow/example_dags/example_nested_branch_dag.py took 0.094 seconds
[2023-05-11T19:01:43.241+0000] {processor.py:153} INFO - Started process (PID=1636) to work on /home/airflow/.local/lib/python3.7/site-packages/airflow/example_dags/example_nested_branch_dag.py
[2023-05-11T19:01:43.241+0000] {processor.py:743} INFO - Processing file /home/airflow/.local/lib/python3.7/site-packages/airflow/example_dags/example_nested_branch_dag.py for tasks to queue
[2023-05-11T19:01:43.242+0000] {logging_mixin.py:137} INFO - [2023-05-11T19:01:43.242+0000] {dagbag.py:538} INFO - Filling up the DagBag from /home/airflow/.local/lib/python3.7/site-packages/airflow/example_dags/example_nested_branch_dag.py
[2023-05-11T19:01:43.262+0000] {processor.py:753} INFO - DAG(s) dict_keys(['example_nested_branch_dag']) retrieved from /home/airflow/.local/lib/python3.7/site-packages/airflow/example_dags/example_nested_branch_dag.py
[2023-05-11T19:01:43.286+0000] {logging_mixin.py:137} INFO - [2023-05-11T19:01:43.286+0000] {dag.py:2690} INFO - Sync 1 DAGs
[2023-05-11T19:01:43.310+0000] {logging_mixin.py:137} INFO - [2023-05-11T19:01:43.309+0000] {dag.py:3441} INFO - Setting next_dagrun for example_nested_branch_dag to 2023-05-10T00:00:00+00:00, run_after=2023-05-11T00:00:00+00:00
[2023-05-11T19:01:43.325+0000] {processor.py:175} INFO - Processing /home/airflow/.local/lib/python3.7/site-packages/airflow/example_dags/example_nested_branch_dag.py took 0.087 seconds
[2023-05-11T19:02:13.896+0000] {processor.py:153} INFO - Started process (PID=1884) to work on /home/airflow/.local/lib/python3.7/site-packages/airflow/example_dags/example_nested_branch_dag.py
[2023-05-11T19:02:13.898+0000] {processor.py:743} INFO - Processing file /home/airflow/.local/lib/python3.7/site-packages/airflow/example_dags/example_nested_branch_dag.py for tasks to queue
[2023-05-11T19:02:13.898+0000] {logging_mixin.py:137} INFO - [2023-05-11T19:02:13.898+0000] {dagbag.py:538} INFO - Filling up the DagBag from /home/airflow/.local/lib/python3.7/site-packages/airflow/example_dags/example_nested_branch_dag.py
[2023-05-11T19:02:13.930+0000] {processor.py:753} INFO - DAG(s) dict_keys(['example_nested_branch_dag']) retrieved from /home/airflow/.local/lib/python3.7/site-packages/airflow/example_dags/example_nested_branch_dag.py
[2023-05-11T19:02:13.988+0000] {logging_mixin.py:137} INFO - [2023-05-11T19:02:13.988+0000] {dag.py:2690} INFO - Sync 1 DAGs
[2023-05-11T19:02:14.033+0000] {logging_mixin.py:137} INFO - [2023-05-11T19:02:14.033+0000] {dag.py:3441} INFO - Setting next_dagrun for example_nested_branch_dag to 2023-05-10T00:00:00+00:00, run_after=2023-05-11T00:00:00+00:00
[2023-05-11T19:02:14.065+0000] {processor.py:175} INFO - Processing /home/airflow/.local/lib/python3.7/site-packages/airflow/example_dags/example_nested_branch_dag.py took 0.172 seconds
[2023-05-11T19:03:23.868+0000] {processor.py:153} INFO - Started process (PID=178) to work on /home/airflow/.local/lib/python3.7/site-packages/airflow/example_dags/example_nested_branch_dag.py
[2023-05-11T19:03:23.872+0000] {processor.py:743} INFO - Processing file /home/airflow/.local/lib/python3.7/site-packages/airflow/example_dags/example_nested_branch_dag.py for tasks to queue
[2023-05-11T19:03:23.873+0000] {logging_mixin.py:137} INFO - [2023-05-11T19:03:23.873+0000] {dagbag.py:538} INFO - Filling up the DagBag from /home/airflow/.local/lib/python3.7/site-packages/airflow/example_dags/example_nested_branch_dag.py
[2023-05-11T19:03:24.137+0000] {processor.py:753} INFO - DAG(s) dict_keys(['example_nested_branch_dag']) retrieved from /home/airflow/.local/lib/python3.7/site-packages/airflow/example_dags/example_nested_branch_dag.py
[2023-05-11T19:03:24.156+0000] {logging_mixin.py:137} INFO - [2023-05-11T19:03:24.156+0000] {dag.py:2690} INFO - Sync 1 DAGs
[2023-05-11T19:03:24.183+0000] {logging_mixin.py:137} INFO - [2023-05-11T19:03:24.183+0000] {dag.py:3441} INFO - Setting next_dagrun for example_nested_branch_dag to 2023-05-10T00:00:00+00:00, run_after=2023-05-11T00:00:00+00:00
[2023-05-11T19:03:24.199+0000] {processor.py:175} INFO - Processing /home/airflow/.local/lib/python3.7/site-packages/airflow/example_dags/example_nested_branch_dag.py took 0.333 seconds
[2023-05-11T19:03:54.570+0000] {processor.py:153} INFO - Started process (PID=426) to work on /home/airflow/.local/lib/python3.7/site-packages/airflow/example_dags/example_nested_branch_dag.py
[2023-05-11T19:03:54.571+0000] {processor.py:743} INFO - Processing file /home/airflow/.local/lib/python3.7/site-packages/airflow/example_dags/example_nested_branch_dag.py for tasks to queue
[2023-05-11T19:03:54.572+0000] {logging_mixin.py:137} INFO - [2023-05-11T19:03:54.572+0000] {dagbag.py:538} INFO - Filling up the DagBag from /home/airflow/.local/lib/python3.7/site-packages/airflow/example_dags/example_nested_branch_dag.py
[2023-05-11T19:03:54.593+0000] {processor.py:753} INFO - DAG(s) dict_keys(['example_nested_branch_dag']) retrieved from /home/airflow/.local/lib/python3.7/site-packages/airflow/example_dags/example_nested_branch_dag.py
[2023-05-11T19:03:54.617+0000] {logging_mixin.py:137} INFO - [2023-05-11T19:03:54.617+0000] {dag.py:2690} INFO - Sync 1 DAGs
[2023-05-11T19:03:54.639+0000] {logging_mixin.py:137} INFO - [2023-05-11T19:03:54.639+0000] {dag.py:3441} INFO - Setting next_dagrun for example_nested_branch_dag to 2023-05-10T00:00:00+00:00, run_after=2023-05-11T00:00:00+00:00
[2023-05-11T19:03:54.655+0000] {processor.py:175} INFO - Processing /home/airflow/.local/lib/python3.7/site-packages/airflow/example_dags/example_nested_branch_dag.py took 0.087 seconds
[2023-05-11T19:04:25.011+0000] {processor.py:153} INFO - Started process (PID=667) to work on /home/airflow/.local/lib/python3.7/site-packages/airflow/example_dags/example_nested_branch_dag.py
[2023-05-11T19:04:25.012+0000] {processor.py:743} INFO - Processing file /home/airflow/.local/lib/python3.7/site-packages/airflow/example_dags/example_nested_branch_dag.py for tasks to queue
[2023-05-11T19:04:25.013+0000] {logging_mixin.py:137} INFO - [2023-05-11T19:04:25.013+0000] {dagbag.py:538} INFO - Filling up the DagBag from /home/airflow/.local/lib/python3.7/site-packages/airflow/example_dags/example_nested_branch_dag.py
[2023-05-11T19:04:25.041+0000] {processor.py:753} INFO - DAG(s) dict_keys(['example_nested_branch_dag']) retrieved from /home/airflow/.local/lib/python3.7/site-packages/airflow/example_dags/example_nested_branch_dag.py
[2023-05-11T19:04:25.065+0000] {logging_mixin.py:137} INFO - [2023-05-11T19:04:25.065+0000] {dag.py:2690} INFO - Sync 1 DAGs
[2023-05-11T19:04:25.094+0000] {logging_mixin.py:137} INFO - [2023-05-11T19:04:25.093+0000] {dag.py:3441} INFO - Setting next_dagrun for example_nested_branch_dag to 2023-05-10T00:00:00+00:00, run_after=2023-05-11T00:00:00+00:00
[2023-05-11T19:04:25.117+0000] {processor.py:175} INFO - Processing /home/airflow/.local/lib/python3.7/site-packages/airflow/example_dags/example_nested_branch_dag.py took 0.109 seconds
[2023-05-11T19:04:55.747+0000] {processor.py:153} INFO - Started process (PID=906) to work on /home/airflow/.local/lib/python3.7/site-packages/airflow/example_dags/example_nested_branch_dag.py
[2023-05-11T19:04:55.747+0000] {processor.py:743} INFO - Processing file /home/airflow/.local/lib/python3.7/site-packages/airflow/example_dags/example_nested_branch_dag.py for tasks to queue
[2023-05-11T19:04:55.748+0000] {logging_mixin.py:137} INFO - [2023-05-11T19:04:55.748+0000] {dagbag.py:538} INFO - Filling up the DagBag from /home/airflow/.local/lib/python3.7/site-packages/airflow/example_dags/example_nested_branch_dag.py
[2023-05-11T19:04:55.774+0000] {processor.py:753} INFO - DAG(s) dict_keys(['example_nested_branch_dag']) retrieved from /home/airflow/.local/lib/python3.7/site-packages/airflow/example_dags/example_nested_branch_dag.py
[2023-05-11T19:04:55.801+0000] {logging_mixin.py:137} INFO - [2023-05-11T19:04:55.801+0000] {dag.py:2690} INFO - Sync 1 DAGs
[2023-05-11T19:04:55.827+0000] {logging_mixin.py:137} INFO - [2023-05-11T19:04:55.827+0000] {dag.py:3441} INFO - Setting next_dagrun for example_nested_branch_dag to 2023-05-10T00:00:00+00:00, run_after=2023-05-11T00:00:00+00:00
[2023-05-11T19:04:55.844+0000] {processor.py:175} INFO - Processing /home/airflow/.local/lib/python3.7/site-packages/airflow/example_dags/example_nested_branch_dag.py took 0.100 seconds
[2023-05-11T19:05:26.108+0000] {processor.py:153} INFO - Started process (PID=1147) to work on /home/airflow/.local/lib/python3.7/site-packages/airflow/example_dags/example_nested_branch_dag.py
[2023-05-11T19:05:26.109+0000] {processor.py:743} INFO - Processing file /home/airflow/.local/lib/python3.7/site-packages/airflow/example_dags/example_nested_branch_dag.py for tasks to queue
[2023-05-11T19:05:26.109+0000] {logging_mixin.py:137} INFO - [2023-05-11T19:05:26.109+0000] {dagbag.py:538} INFO - Filling up the DagBag from /home/airflow/.local/lib/python3.7/site-packages/airflow/example_dags/example_nested_branch_dag.py
[2023-05-11T19:05:26.142+0000] {processor.py:753} INFO - DAG(s) dict_keys(['example_nested_branch_dag']) retrieved from /home/airflow/.local/lib/python3.7/site-packages/airflow/example_dags/example_nested_branch_dag.py
[2023-05-11T19:05:26.176+0000] {logging_mixin.py:137} INFO - [2023-05-11T19:05:26.176+0000] {dag.py:2690} INFO - Sync 1 DAGs
[2023-05-11T19:05:26.208+0000] {logging_mixin.py:137} INFO - [2023-05-11T19:05:26.208+0000] {dag.py:3441} INFO - Setting next_dagrun for example_nested_branch_dag to 2023-05-10T00:00:00+00:00, run_after=2023-05-11T00:00:00+00:00
[2023-05-11T19:05:26.229+0000] {processor.py:175} INFO - Processing /home/airflow/.local/lib/python3.7/site-packages/airflow/example_dags/example_nested_branch_dag.py took 0.124 seconds
[2023-05-11T19:05:56.258+0000] {processor.py:153} INFO - Started process (PID=1386) to work on /home/airflow/.local/lib/python3.7/site-packages/airflow/example_dags/example_nested_branch_dag.py
[2023-05-11T19:05:56.258+0000] {processor.py:743} INFO - Processing file /home/airflow/.local/lib/python3.7/site-packages/airflow/example_dags/example_nested_branch_dag.py for tasks to queue
[2023-05-11T19:05:56.259+0000] {logging_mixin.py:137} INFO - [2023-05-11T19:05:56.259+0000] {dagbag.py:538} INFO - Filling up the DagBag from /home/airflow/.local/lib/python3.7/site-packages/airflow/example_dags/example_nested_branch_dag.py
[2023-05-11T19:05:56.281+0000] {processor.py:753} INFO - DAG(s) dict_keys(['example_nested_branch_dag']) retrieved from /home/airflow/.local/lib/python3.7/site-packages/airflow/example_dags/example_nested_branch_dag.py
[2023-05-11T19:05:56.304+0000] {logging_mixin.py:137} INFO - [2023-05-11T19:05:56.304+0000] {dag.py:2690} INFO - Sync 1 DAGs
[2023-05-11T19:05:56.327+0000] {logging_mixin.py:137} INFO - [2023-05-11T19:05:56.327+0000] {dag.py:3441} INFO - Setting next_dagrun for example_nested_branch_dag to 2023-05-10T00:00:00+00:00, run_after=2023-05-11T00:00:00+00:00
[2023-05-11T19:05:56.342+0000] {processor.py:175} INFO - Processing /home/airflow/.local/lib/python3.7/site-packages/airflow/example_dags/example_nested_branch_dag.py took 0.087 seconds
[2023-05-11T19:06:26.406+0000] {processor.py:153} INFO - Started process (PID=1629) to work on /home/airflow/.local/lib/python3.7/site-packages/airflow/example_dags/example_nested_branch_dag.py
[2023-05-11T19:06:26.407+0000] {processor.py:743} INFO - Processing file /home/airflow/.local/lib/python3.7/site-packages/airflow/example_dags/example_nested_branch_dag.py for tasks to queue
[2023-05-11T19:06:26.407+0000] {logging_mixin.py:137} INFO - [2023-05-11T19:06:26.407+0000] {dagbag.py:538} INFO - Filling up the DagBag from /home/airflow/.local/lib/python3.7/site-packages/airflow/example_dags/example_nested_branch_dag.py
[2023-05-11T19:06:26.430+0000] {processor.py:753} INFO - DAG(s) dict_keys(['example_nested_branch_dag']) retrieved from /home/airflow/.local/lib/python3.7/site-packages/airflow/example_dags/example_nested_branch_dag.py
[2023-05-11T19:06:26.463+0000] {logging_mixin.py:137} INFO - [2023-05-11T19:06:26.462+0000] {dag.py:2690} INFO - Sync 1 DAGs
[2023-05-11T19:06:26.500+0000] {logging_mixin.py:137} INFO - [2023-05-11T19:06:26.500+0000] {dag.py:3441} INFO - Setting next_dagrun for example_nested_branch_dag to 2023-05-10T00:00:00+00:00, run_after=2023-05-11T00:00:00+00:00
[2023-05-11T19:06:26.524+0000] {processor.py:175} INFO - Processing /home/airflow/.local/lib/python3.7/site-packages/airflow/example_dags/example_nested_branch_dag.py took 0.121 seconds
[2023-05-11T19:06:57.021+0000] {processor.py:153} INFO - Started process (PID=1866) to work on /home/airflow/.local/lib/python3.7/site-packages/airflow/example_dags/example_nested_branch_dag.py
[2023-05-11T19:06:57.021+0000] {processor.py:743} INFO - Processing file /home/airflow/.local/lib/python3.7/site-packages/airflow/example_dags/example_nested_branch_dag.py for tasks to queue
[2023-05-11T19:06:57.022+0000] {logging_mixin.py:137} INFO - [2023-05-11T19:06:57.022+0000] {dagbag.py:538} INFO - Filling up the DagBag from /home/airflow/.local/lib/python3.7/site-packages/airflow/example_dags/example_nested_branch_dag.py
[2023-05-11T19:06:57.043+0000] {processor.py:753} INFO - DAG(s) dict_keys(['example_nested_branch_dag']) retrieved from /home/airflow/.local/lib/python3.7/site-packages/airflow/example_dags/example_nested_branch_dag.py
[2023-05-11T19:06:57.066+0000] {logging_mixin.py:137} INFO - [2023-05-11T19:06:57.066+0000] {dag.py:2690} INFO - Sync 1 DAGs
[2023-05-11T19:06:57.090+0000] {logging_mixin.py:137} INFO - [2023-05-11T19:06:57.090+0000] {dag.py:3441} INFO - Setting next_dagrun for example_nested_branch_dag to 2023-05-10T00:00:00+00:00, run_after=2023-05-11T00:00:00+00:00
[2023-05-11T19:06:57.104+0000] {processor.py:175} INFO - Processing /home/airflow/.local/lib/python3.7/site-packages/airflow/example_dags/example_nested_branch_dag.py took 0.086 seconds
[2023-05-11T19:07:27.456+0000] {processor.py:153} INFO - Started process (PID=2107) to work on /home/airflow/.local/lib/python3.7/site-packages/airflow/example_dags/example_nested_branch_dag.py
[2023-05-11T19:07:27.457+0000] {processor.py:743} INFO - Processing file /home/airflow/.local/lib/python3.7/site-packages/airflow/example_dags/example_nested_branch_dag.py for tasks to queue
[2023-05-11T19:07:27.458+0000] {logging_mixin.py:137} INFO - [2023-05-11T19:07:27.457+0000] {dagbag.py:538} INFO - Filling up the DagBag from /home/airflow/.local/lib/python3.7/site-packages/airflow/example_dags/example_nested_branch_dag.py
[2023-05-11T19:07:27.480+0000] {processor.py:753} INFO - DAG(s) dict_keys(['example_nested_branch_dag']) retrieved from /home/airflow/.local/lib/python3.7/site-packages/airflow/example_dags/example_nested_branch_dag.py
[2023-05-11T19:07:27.508+0000] {logging_mixin.py:137} INFO - [2023-05-11T19:07:27.507+0000] {dag.py:2690} INFO - Sync 1 DAGs
[2023-05-11T19:07:27.544+0000] {logging_mixin.py:137} INFO - [2023-05-11T19:07:27.544+0000] {dag.py:3441} INFO - Setting next_dagrun for example_nested_branch_dag to 2023-05-10T00:00:00+00:00, run_after=2023-05-11T00:00:00+00:00
[2023-05-11T19:07:27.567+0000] {processor.py:175} INFO - Processing /home/airflow/.local/lib/python3.7/site-packages/airflow/example_dags/example_nested_branch_dag.py took 0.114 seconds
[2023-05-11T19:07:57.958+0000] {processor.py:153} INFO - Started process (PID=2347) to work on /home/airflow/.local/lib/python3.7/site-packages/airflow/example_dags/example_nested_branch_dag.py
[2023-05-11T19:07:57.958+0000] {processor.py:743} INFO - Processing file /home/airflow/.local/lib/python3.7/site-packages/airflow/example_dags/example_nested_branch_dag.py for tasks to queue
[2023-05-11T19:07:57.959+0000] {logging_mixin.py:137} INFO - [2023-05-11T19:07:57.959+0000] {dagbag.py:538} INFO - Filling up the DagBag from /home/airflow/.local/lib/python3.7/site-packages/airflow/example_dags/example_nested_branch_dag.py
[2023-05-11T19:07:57.980+0000] {processor.py:753} INFO - DAG(s) dict_keys(['example_nested_branch_dag']) retrieved from /home/airflow/.local/lib/python3.7/site-packages/airflow/example_dags/example_nested_branch_dag.py
[2023-05-11T19:07:58.004+0000] {logging_mixin.py:137} INFO - [2023-05-11T19:07:58.004+0000] {dag.py:2690} INFO - Sync 1 DAGs
[2023-05-11T19:07:58.036+0000] {logging_mixin.py:137} INFO - [2023-05-11T19:07:58.036+0000] {dag.py:3441} INFO - Setting next_dagrun for example_nested_branch_dag to 2023-05-10T00:00:00+00:00, run_after=2023-05-11T00:00:00+00:00
[2023-05-11T19:07:58.055+0000] {processor.py:175} INFO - Processing /home/airflow/.local/lib/python3.7/site-packages/airflow/example_dags/example_nested_branch_dag.py took 0.100 seconds
[2023-05-11T19:09:20.732+0000] {processor.py:153} INFO - Started process (PID=194) to work on /home/airflow/.local/lib/python3.7/site-packages/airflow/example_dags/example_nested_branch_dag.py
[2023-05-11T19:09:20.732+0000] {processor.py:743} INFO - Processing file /home/airflow/.local/lib/python3.7/site-packages/airflow/example_dags/example_nested_branch_dag.py for tasks to queue
[2023-05-11T19:09:20.733+0000] {logging_mixin.py:137} INFO - [2023-05-11T19:09:20.733+0000] {dagbag.py:538} INFO - Filling up the DagBag from /home/airflow/.local/lib/python3.7/site-packages/airflow/example_dags/example_nested_branch_dag.py
[2023-05-11T19:09:20.900+0000] {processor.py:753} INFO - DAG(s) dict_keys(['example_nested_branch_dag']) retrieved from /home/airflow/.local/lib/python3.7/site-packages/airflow/example_dags/example_nested_branch_dag.py
[2023-05-11T19:09:20.918+0000] {logging_mixin.py:137} INFO - [2023-05-11T19:09:20.918+0000] {dag.py:2690} INFO - Sync 1 DAGs
[2023-05-11T19:09:20.940+0000] {logging_mixin.py:137} INFO - [2023-05-11T19:09:20.940+0000] {dag.py:3441} INFO - Setting next_dagrun for example_nested_branch_dag to 2023-05-10T00:00:00+00:00, run_after=2023-05-11T00:00:00+00:00
[2023-05-11T19:09:20.951+0000] {processor.py:175} INFO - Processing /home/airflow/.local/lib/python3.7/site-packages/airflow/example_dags/example_nested_branch_dag.py took 0.222 seconds
[2023-05-11T19:09:51.662+0000] {processor.py:153} INFO - Started process (PID=427) to work on /home/airflow/.local/lib/python3.7/site-packages/airflow/example_dags/example_nested_branch_dag.py
[2023-05-11T19:09:51.662+0000] {processor.py:743} INFO - Processing file /home/airflow/.local/lib/python3.7/site-packages/airflow/example_dags/example_nested_branch_dag.py for tasks to queue
[2023-05-11T19:09:51.663+0000] {logging_mixin.py:137} INFO - [2023-05-11T19:09:51.663+0000] {dagbag.py:538} INFO - Filling up the DagBag from /home/airflow/.local/lib/python3.7/site-packages/airflow/example_dags/example_nested_branch_dag.py
[2023-05-11T19:09:51.681+0000] {processor.py:753} INFO - DAG(s) dict_keys(['example_nested_branch_dag']) retrieved from /home/airflow/.local/lib/python3.7/site-packages/airflow/example_dags/example_nested_branch_dag.py
[2023-05-11T19:09:51.700+0000] {logging_mixin.py:137} INFO - [2023-05-11T19:09:51.700+0000] {dag.py:2690} INFO - Sync 1 DAGs
[2023-05-11T19:09:51.720+0000] {logging_mixin.py:137} INFO - [2023-05-11T19:09:51.720+0000] {dag.py:3441} INFO - Setting next_dagrun for example_nested_branch_dag to 2023-05-10T00:00:00+00:00, run_after=2023-05-11T00:00:00+00:00
[2023-05-11T19:09:51.739+0000] {processor.py:175} INFO - Processing /home/airflow/.local/lib/python3.7/site-packages/airflow/example_dags/example_nested_branch_dag.py took 0.079 seconds
[2023-05-11T19:10:21.783+0000] {processor.py:153} INFO - Started process (PID=677) to work on /home/airflow/.local/lib/python3.7/site-packages/airflow/example_dags/example_nested_branch_dag.py
[2023-05-11T19:10:21.784+0000] {processor.py:743} INFO - Processing file /home/airflow/.local/lib/python3.7/site-packages/airflow/example_dags/example_nested_branch_dag.py for tasks to queue
[2023-05-11T19:10:21.784+0000] {logging_mixin.py:137} INFO - [2023-05-11T19:10:21.784+0000] {dagbag.py:538} INFO - Filling up the DagBag from /home/airflow/.local/lib/python3.7/site-packages/airflow/example_dags/example_nested_branch_dag.py
[2023-05-11T19:10:21.813+0000] {processor.py:753} INFO - DAG(s) dict_keys(['example_nested_branch_dag']) retrieved from /home/airflow/.local/lib/python3.7/site-packages/airflow/example_dags/example_nested_branch_dag.py
[2023-05-11T19:10:21.839+0000] {logging_mixin.py:137} INFO - [2023-05-11T19:10:21.839+0000] {dag.py:2690} INFO - Sync 1 DAGs
[2023-05-11T19:10:21.861+0000] {logging_mixin.py:137} INFO - [2023-05-11T19:10:21.861+0000] {dag.py:3441} INFO - Setting next_dagrun for example_nested_branch_dag to 2023-05-10T00:00:00+00:00, run_after=2023-05-11T00:00:00+00:00
[2023-05-11T19:10:21.876+0000] {processor.py:175} INFO - Processing /home/airflow/.local/lib/python3.7/site-packages/airflow/example_dags/example_nested_branch_dag.py took 0.095 seconds
[2023-05-11T19:10:51.920+0000] {processor.py:153} INFO - Started process (PID=909) to work on /home/airflow/.local/lib/python3.7/site-packages/airflow/example_dags/example_nested_branch_dag.py
[2023-05-11T19:10:51.921+0000] {processor.py:743} INFO - Processing file /home/airflow/.local/lib/python3.7/site-packages/airflow/example_dags/example_nested_branch_dag.py for tasks to queue
[2023-05-11T19:10:51.922+0000] {logging_mixin.py:137} INFO - [2023-05-11T19:10:51.921+0000] {dagbag.py:538} INFO - Filling up the DagBag from /home/airflow/.local/lib/python3.7/site-packages/airflow/example_dags/example_nested_branch_dag.py
[2023-05-11T19:10:51.947+0000] {processor.py:753} INFO - DAG(s) dict_keys(['example_nested_branch_dag']) retrieved from /home/airflow/.local/lib/python3.7/site-packages/airflow/example_dags/example_nested_branch_dag.py
[2023-05-11T19:10:51.972+0000] {logging_mixin.py:137} INFO - [2023-05-11T19:10:51.972+0000] {dag.py:2690} INFO - Sync 1 DAGs
[2023-05-11T19:10:51.998+0000] {logging_mixin.py:137} INFO - [2023-05-11T19:10:51.998+0000] {dag.py:3441} INFO - Setting next_dagrun for example_nested_branch_dag to 2023-05-10T00:00:00+00:00, run_after=2023-05-11T00:00:00+00:00
[2023-05-11T19:10:52.018+0000] {processor.py:175} INFO - Processing /home/airflow/.local/lib/python3.7/site-packages/airflow/example_dags/example_nested_branch_dag.py took 0.101 seconds
[2023-05-11T19:11:22.359+0000] {processor.py:153} INFO - Started process (PID=1155) to work on /home/airflow/.local/lib/python3.7/site-packages/airflow/example_dags/example_nested_branch_dag.py
[2023-05-11T19:11:22.359+0000] {processor.py:743} INFO - Processing file /home/airflow/.local/lib/python3.7/site-packages/airflow/example_dags/example_nested_branch_dag.py for tasks to queue
[2023-05-11T19:11:22.360+0000] {logging_mixin.py:137} INFO - [2023-05-11T19:11:22.360+0000] {dagbag.py:538} INFO - Filling up the DagBag from /home/airflow/.local/lib/python3.7/site-packages/airflow/example_dags/example_nested_branch_dag.py
[2023-05-11T19:11:22.376+0000] {processor.py:753} INFO - DAG(s) dict_keys(['example_nested_branch_dag']) retrieved from /home/airflow/.local/lib/python3.7/site-packages/airflow/example_dags/example_nested_branch_dag.py
[2023-05-11T19:11:22.398+0000] {logging_mixin.py:137} INFO - [2023-05-11T19:11:22.398+0000] {dag.py:2690} INFO - Sync 1 DAGs
[2023-05-11T19:11:22.424+0000] {logging_mixin.py:137} INFO - [2023-05-11T19:11:22.423+0000] {dag.py:3441} INFO - Setting next_dagrun for example_nested_branch_dag to 2023-05-10T00:00:00+00:00, run_after=2023-05-11T00:00:00+00:00
[2023-05-11T19:11:22.437+0000] {processor.py:175} INFO - Processing /home/airflow/.local/lib/python3.7/site-packages/airflow/example_dags/example_nested_branch_dag.py took 0.080 seconds
[2023-05-11T19:13:59.977+0000] {processor.py:153} INFO - Started process (PID=195) to work on /home/airflow/.local/lib/python3.7/site-packages/airflow/example_dags/example_nested_branch_dag.py
[2023-05-11T19:13:59.977+0000] {processor.py:743} INFO - Processing file /home/airflow/.local/lib/python3.7/site-packages/airflow/example_dags/example_nested_branch_dag.py for tasks to queue
[2023-05-11T19:13:59.978+0000] {logging_mixin.py:137} INFO - [2023-05-11T19:13:59.978+0000] {dagbag.py:538} INFO - Filling up the DagBag from /home/airflow/.local/lib/python3.7/site-packages/airflow/example_dags/example_nested_branch_dag.py
[2023-05-11T19:14:00.057+0000] {processor.py:753} INFO - DAG(s) dict_keys(['example_nested_branch_dag']) retrieved from /home/airflow/.local/lib/python3.7/site-packages/airflow/example_dags/example_nested_branch_dag.py
[2023-05-11T19:14:00.075+0000] {logging_mixin.py:137} INFO - [2023-05-11T19:14:00.075+0000] {dag.py:2690} INFO - Sync 1 DAGs
[2023-05-11T19:14:00.106+0000] {logging_mixin.py:137} INFO - [2023-05-11T19:14:00.106+0000] {dag.py:3441} INFO - Setting next_dagrun for example_nested_branch_dag to 2023-05-10T00:00:00+00:00, run_after=2023-05-11T00:00:00+00:00
[2023-05-11T19:14:00.117+0000] {processor.py:175} INFO - Processing /home/airflow/.local/lib/python3.7/site-packages/airflow/example_dags/example_nested_branch_dag.py took 0.141 seconds
[2023-05-11T19:14:30.942+0000] {processor.py:153} INFO - Started process (PID=428) to work on /home/airflow/.local/lib/python3.7/site-packages/airflow/example_dags/example_nested_branch_dag.py
[2023-05-11T19:14:30.943+0000] {processor.py:743} INFO - Processing file /home/airflow/.local/lib/python3.7/site-packages/airflow/example_dags/example_nested_branch_dag.py for tasks to queue
[2023-05-11T19:14:30.943+0000] {logging_mixin.py:137} INFO - [2023-05-11T19:14:30.943+0000] {dagbag.py:538} INFO - Filling up the DagBag from /home/airflow/.local/lib/python3.7/site-packages/airflow/example_dags/example_nested_branch_dag.py
[2023-05-11T19:14:30.964+0000] {processor.py:753} INFO - DAG(s) dict_keys(['example_nested_branch_dag']) retrieved from /home/airflow/.local/lib/python3.7/site-packages/airflow/example_dags/example_nested_branch_dag.py
[2023-05-11T19:14:30.993+0000] {logging_mixin.py:137} INFO - [2023-05-11T19:14:30.992+0000] {dag.py:2690} INFO - Sync 1 DAGs
[2023-05-11T19:14:31.021+0000] {logging_mixin.py:137} INFO - [2023-05-11T19:14:31.021+0000] {dag.py:3441} INFO - Setting next_dagrun for example_nested_branch_dag to 2023-05-10T00:00:00+00:00, run_after=2023-05-11T00:00:00+00:00
[2023-05-11T19:14:31.036+0000] {processor.py:175} INFO - Processing /home/airflow/.local/lib/python3.7/site-packages/airflow/example_dags/example_nested_branch_dag.py took 0.096 seconds
[2023-05-11T19:15:01.218+0000] {processor.py:153} INFO - Started process (PID=676) to work on /home/airflow/.local/lib/python3.7/site-packages/airflow/example_dags/example_nested_branch_dag.py
[2023-05-11T19:15:01.219+0000] {processor.py:743} INFO - Processing file /home/airflow/.local/lib/python3.7/site-packages/airflow/example_dags/example_nested_branch_dag.py for tasks to queue
[2023-05-11T19:15:01.219+0000] {logging_mixin.py:137} INFO - [2023-05-11T19:15:01.219+0000] {dagbag.py:538} INFO - Filling up the DagBag from /home/airflow/.local/lib/python3.7/site-packages/airflow/example_dags/example_nested_branch_dag.py
[2023-05-11T19:15:01.234+0000] {processor.py:753} INFO - DAG(s) dict_keys(['example_nested_branch_dag']) retrieved from /home/airflow/.local/lib/python3.7/site-packages/airflow/example_dags/example_nested_branch_dag.py
[2023-05-11T19:15:01.257+0000] {logging_mixin.py:137} INFO - [2023-05-11T19:15:01.256+0000] {dag.py:2690} INFO - Sync 1 DAGs
[2023-05-11T19:15:01.274+0000] {logging_mixin.py:137} INFO - [2023-05-11T19:15:01.274+0000] {dag.py:3441} INFO - Setting next_dagrun for example_nested_branch_dag to 2023-05-10T00:00:00+00:00, run_after=2023-05-11T00:00:00+00:00
[2023-05-11T19:15:01.286+0000] {processor.py:175} INFO - Processing /home/airflow/.local/lib/python3.7/site-packages/airflow/example_dags/example_nested_branch_dag.py took 0.069 seconds
[2023-05-11T19:15:32.207+0000] {processor.py:153} INFO - Started process (PID=908) to work on /home/airflow/.local/lib/python3.7/site-packages/airflow/example_dags/example_nested_branch_dag.py
[2023-05-11T19:15:32.208+0000] {processor.py:743} INFO - Processing file /home/airflow/.local/lib/python3.7/site-packages/airflow/example_dags/example_nested_branch_dag.py for tasks to queue
[2023-05-11T19:15:32.208+0000] {logging_mixin.py:137} INFO - [2023-05-11T19:15:32.208+0000] {dagbag.py:538} INFO - Filling up the DagBag from /home/airflow/.local/lib/python3.7/site-packages/airflow/example_dags/example_nested_branch_dag.py
[2023-05-11T19:15:32.229+0000] {processor.py:753} INFO - DAG(s) dict_keys(['example_nested_branch_dag']) retrieved from /home/airflow/.local/lib/python3.7/site-packages/airflow/example_dags/example_nested_branch_dag.py
[2023-05-11T19:15:32.255+0000] {logging_mixin.py:137} INFO - [2023-05-11T19:15:32.255+0000] {dag.py:2690} INFO - Sync 1 DAGs
[2023-05-11T19:15:32.280+0000] {logging_mixin.py:137} INFO - [2023-05-11T19:15:32.279+0000] {dag.py:3441} INFO - Setting next_dagrun for example_nested_branch_dag to 2023-05-10T00:00:00+00:00, run_after=2023-05-11T00:00:00+00:00
[2023-05-11T19:15:32.296+0000] {processor.py:175} INFO - Processing /home/airflow/.local/lib/python3.7/site-packages/airflow/example_dags/example_nested_branch_dag.py took 0.091 seconds
[2023-05-11T19:16:02.521+0000] {processor.py:153} INFO - Started process (PID=1156) to work on /home/airflow/.local/lib/python3.7/site-packages/airflow/example_dags/example_nested_branch_dag.py
[2023-05-11T19:16:02.522+0000] {processor.py:743} INFO - Processing file /home/airflow/.local/lib/python3.7/site-packages/airflow/example_dags/example_nested_branch_dag.py for tasks to queue
[2023-05-11T19:16:02.522+0000] {logging_mixin.py:137} INFO - [2023-05-11T19:16:02.522+0000] {dagbag.py:538} INFO - Filling up the DagBag from /home/airflow/.local/lib/python3.7/site-packages/airflow/example_dags/example_nested_branch_dag.py
[2023-05-11T19:16:02.545+0000] {processor.py:753} INFO - DAG(s) dict_keys(['example_nested_branch_dag']) retrieved from /home/airflow/.local/lib/python3.7/site-packages/airflow/example_dags/example_nested_branch_dag.py
[2023-05-11T19:16:02.568+0000] {logging_mixin.py:137} INFO - [2023-05-11T19:16:02.568+0000] {dag.py:2690} INFO - Sync 1 DAGs
[2023-05-11T19:16:02.592+0000] {logging_mixin.py:137} INFO - [2023-05-11T19:16:02.592+0000] {dag.py:3441} INFO - Setting next_dagrun for example_nested_branch_dag to 2023-05-10T00:00:00+00:00, run_after=2023-05-11T00:00:00+00:00
[2023-05-11T19:16:02.608+0000] {processor.py:175} INFO - Processing /home/airflow/.local/lib/python3.7/site-packages/airflow/example_dags/example_nested_branch_dag.py took 0.090 seconds
[2023-05-11T19:16:32.959+0000] {processor.py:153} INFO - Started process (PID=1388) to work on /home/airflow/.local/lib/python3.7/site-packages/airflow/example_dags/example_nested_branch_dag.py
[2023-05-11T19:16:32.962+0000] {processor.py:743} INFO - Processing file /home/airflow/.local/lib/python3.7/site-packages/airflow/example_dags/example_nested_branch_dag.py for tasks to queue
[2023-05-11T19:16:32.962+0000] {logging_mixin.py:137} INFO - [2023-05-11T19:16:32.962+0000] {dagbag.py:538} INFO - Filling up the DagBag from /home/airflow/.local/lib/python3.7/site-packages/airflow/example_dags/example_nested_branch_dag.py
[2023-05-11T19:16:32.983+0000] {processor.py:753} INFO - DAG(s) dict_keys(['example_nested_branch_dag']) retrieved from /home/airflow/.local/lib/python3.7/site-packages/airflow/example_dags/example_nested_branch_dag.py
[2023-05-11T19:16:33.005+0000] {logging_mixin.py:137} INFO - [2023-05-11T19:16:33.005+0000] {dag.py:2690} INFO - Sync 1 DAGs
[2023-05-11T19:16:33.029+0000] {logging_mixin.py:137} INFO - [2023-05-11T19:16:33.028+0000] {dag.py:3441} INFO - Setting next_dagrun for example_nested_branch_dag to 2023-05-10T00:00:00+00:00, run_after=2023-05-11T00:00:00+00:00
[2023-05-11T19:16:33.047+0000] {processor.py:175} INFO - Processing /home/airflow/.local/lib/python3.7/site-packages/airflow/example_dags/example_nested_branch_dag.py took 0.091 seconds
[2023-05-11T19:17:03.150+0000] {processor.py:153} INFO - Started process (PID=1641) to work on /home/airflow/.local/lib/python3.7/site-packages/airflow/example_dags/example_nested_branch_dag.py
[2023-05-11T19:17:03.150+0000] {processor.py:743} INFO - Processing file /home/airflow/.local/lib/python3.7/site-packages/airflow/example_dags/example_nested_branch_dag.py for tasks to queue
[2023-05-11T19:17:03.151+0000] {logging_mixin.py:137} INFO - [2023-05-11T19:17:03.151+0000] {dagbag.py:538} INFO - Filling up the DagBag from /home/airflow/.local/lib/python3.7/site-packages/airflow/example_dags/example_nested_branch_dag.py
[2023-05-11T19:17:03.165+0000] {processor.py:753} INFO - DAG(s) dict_keys(['example_nested_branch_dag']) retrieved from /home/airflow/.local/lib/python3.7/site-packages/airflow/example_dags/example_nested_branch_dag.py
[2023-05-11T19:17:03.181+0000] {logging_mixin.py:137} INFO - [2023-05-11T19:17:03.181+0000] {dag.py:2690} INFO - Sync 1 DAGs
[2023-05-11T19:17:03.196+0000] {logging_mixin.py:137} INFO - [2023-05-11T19:17:03.196+0000] {dag.py:3441} INFO - Setting next_dagrun for example_nested_branch_dag to 2023-05-10T00:00:00+00:00, run_after=2023-05-11T00:00:00+00:00
[2023-05-11T19:17:03.206+0000] {processor.py:175} INFO - Processing /home/airflow/.local/lib/python3.7/site-packages/airflow/example_dags/example_nested_branch_dag.py took 0.058 seconds
[2023-05-11T19:17:33.255+0000] {processor.py:153} INFO - Started process (PID=1874) to work on /home/airflow/.local/lib/python3.7/site-packages/airflow/example_dags/example_nested_branch_dag.py
[2023-05-11T19:17:33.258+0000] {processor.py:743} INFO - Processing file /home/airflow/.local/lib/python3.7/site-packages/airflow/example_dags/example_nested_branch_dag.py for tasks to queue
[2023-05-11T19:17:33.259+0000] {logging_mixin.py:137} INFO - [2023-05-11T19:17:33.259+0000] {dagbag.py:538} INFO - Filling up the DagBag from /home/airflow/.local/lib/python3.7/site-packages/airflow/example_dags/example_nested_branch_dag.py
[2023-05-11T19:17:33.286+0000] {processor.py:753} INFO - DAG(s) dict_keys(['example_nested_branch_dag']) retrieved from /home/airflow/.local/lib/python3.7/site-packages/airflow/example_dags/example_nested_branch_dag.py
[2023-05-11T19:17:33.310+0000] {logging_mixin.py:137} INFO - [2023-05-11T19:17:33.310+0000] {dag.py:2690} INFO - Sync 1 DAGs
[2023-05-11T19:17:33.332+0000] {logging_mixin.py:137} INFO - [2023-05-11T19:17:33.332+0000] {dag.py:3441} INFO - Setting next_dagrun for example_nested_branch_dag to 2023-05-10T00:00:00+00:00, run_after=2023-05-11T00:00:00+00:00
[2023-05-11T19:17:33.352+0000] {processor.py:175} INFO - Processing /home/airflow/.local/lib/python3.7/site-packages/airflow/example_dags/example_nested_branch_dag.py took 0.100 seconds
[2023-05-11T19:18:03.949+0000] {processor.py:153} INFO - Started process (PID=2123) to work on /home/airflow/.local/lib/python3.7/site-packages/airflow/example_dags/example_nested_branch_dag.py
[2023-05-11T19:18:03.952+0000] {processor.py:743} INFO - Processing file /home/airflow/.local/lib/python3.7/site-packages/airflow/example_dags/example_nested_branch_dag.py for tasks to queue
[2023-05-11T19:18:03.952+0000] {logging_mixin.py:137} INFO - [2023-05-11T19:18:03.952+0000] {dagbag.py:538} INFO - Filling up the DagBag from /home/airflow/.local/lib/python3.7/site-packages/airflow/example_dags/example_nested_branch_dag.py
[2023-05-11T19:18:03.967+0000] {processor.py:753} INFO - DAG(s) dict_keys(['example_nested_branch_dag']) retrieved from /home/airflow/.local/lib/python3.7/site-packages/airflow/example_dags/example_nested_branch_dag.py
[2023-05-11T19:18:03.984+0000] {logging_mixin.py:137} INFO - [2023-05-11T19:18:03.984+0000] {dag.py:2690} INFO - Sync 1 DAGs
[2023-05-11T19:18:04.005+0000] {logging_mixin.py:137} INFO - [2023-05-11T19:18:04.004+0000] {dag.py:3441} INFO - Setting next_dagrun for example_nested_branch_dag to 2023-05-10T00:00:00+00:00, run_after=2023-05-11T00:00:00+00:00
[2023-05-11T19:18:04.017+0000] {processor.py:175} INFO - Processing /home/airflow/.local/lib/python3.7/site-packages/airflow/example_dags/example_nested_branch_dag.py took 0.070 seconds
[2023-05-11T19:18:34.886+0000] {processor.py:153} INFO - Started process (PID=2363) to work on /home/airflow/.local/lib/python3.7/site-packages/airflow/example_dags/example_nested_branch_dag.py
[2023-05-11T19:18:34.889+0000] {processor.py:743} INFO - Processing file /home/airflow/.local/lib/python3.7/site-packages/airflow/example_dags/example_nested_branch_dag.py for tasks to queue
[2023-05-11T19:18:34.889+0000] {logging_mixin.py:137} INFO - [2023-05-11T19:18:34.889+0000] {dagbag.py:538} INFO - Filling up the DagBag from /home/airflow/.local/lib/python3.7/site-packages/airflow/example_dags/example_nested_branch_dag.py
[2023-05-11T19:18:34.922+0000] {processor.py:753} INFO - DAG(s) dict_keys(['example_nested_branch_dag']) retrieved from /home/airflow/.local/lib/python3.7/site-packages/airflow/example_dags/example_nested_branch_dag.py
[2023-05-11T19:18:34.955+0000] {logging_mixin.py:137} INFO - [2023-05-11T19:18:34.954+0000] {dag.py:2690} INFO - Sync 1 DAGs
[2023-05-11T19:18:34.992+0000] {logging_mixin.py:137} INFO - [2023-05-11T19:18:34.992+0000] {dag.py:3441} INFO - Setting next_dagrun for example_nested_branch_dag to 2023-05-10T00:00:00+00:00, run_after=2023-05-11T00:00:00+00:00
[2023-05-11T19:18:35.016+0000] {processor.py:175} INFO - Processing /home/airflow/.local/lib/python3.7/site-packages/airflow/example_dags/example_nested_branch_dag.py took 0.134 seconds
[2023-05-11T19:19:05.635+0000] {processor.py:153} INFO - Started process (PID=2604) to work on /home/airflow/.local/lib/python3.7/site-packages/airflow/example_dags/example_nested_branch_dag.py
[2023-05-11T19:19:05.636+0000] {processor.py:743} INFO - Processing file /home/airflow/.local/lib/python3.7/site-packages/airflow/example_dags/example_nested_branch_dag.py for tasks to queue
[2023-05-11T19:19:05.636+0000] {logging_mixin.py:137} INFO - [2023-05-11T19:19:05.636+0000] {dagbag.py:538} INFO - Filling up the DagBag from /home/airflow/.local/lib/python3.7/site-packages/airflow/example_dags/example_nested_branch_dag.py
[2023-05-11T19:19:05.658+0000] {processor.py:753} INFO - DAG(s) dict_keys(['example_nested_branch_dag']) retrieved from /home/airflow/.local/lib/python3.7/site-packages/airflow/example_dags/example_nested_branch_dag.py
[2023-05-11T19:19:05.688+0000] {logging_mixin.py:137} INFO - [2023-05-11T19:19:05.688+0000] {dag.py:2690} INFO - Sync 1 DAGs
[2023-05-11T19:19:05.712+0000] {logging_mixin.py:137} INFO - [2023-05-11T19:19:05.711+0000] {dag.py:3441} INFO - Setting next_dagrun for example_nested_branch_dag to 2023-05-10T00:00:00+00:00, run_after=2023-05-11T00:00:00+00:00
[2023-05-11T19:19:05.728+0000] {processor.py:175} INFO - Processing /home/airflow/.local/lib/python3.7/site-packages/airflow/example_dags/example_nested_branch_dag.py took 0.096 seconds
[2023-05-11T19:19:36.008+0000] {processor.py:153} INFO - Started process (PID=2843) to work on /home/airflow/.local/lib/python3.7/site-packages/airflow/example_dags/example_nested_branch_dag.py
[2023-05-11T19:19:36.011+0000] {processor.py:743} INFO - Processing file /home/airflow/.local/lib/python3.7/site-packages/airflow/example_dags/example_nested_branch_dag.py for tasks to queue
[2023-05-11T19:19:36.012+0000] {logging_mixin.py:137} INFO - [2023-05-11T19:19:36.011+0000] {dagbag.py:538} INFO - Filling up the DagBag from /home/airflow/.local/lib/python3.7/site-packages/airflow/example_dags/example_nested_branch_dag.py
[2023-05-11T19:19:36.034+0000] {processor.py:753} INFO - DAG(s) dict_keys(['example_nested_branch_dag']) retrieved from /home/airflow/.local/lib/python3.7/site-packages/airflow/example_dags/example_nested_branch_dag.py
[2023-05-11T19:19:36.065+0000] {logging_mixin.py:137} INFO - [2023-05-11T19:19:36.065+0000] {dag.py:2690} INFO - Sync 1 DAGs
[2023-05-11T19:19:36.098+0000] {logging_mixin.py:137} INFO - [2023-05-11T19:19:36.098+0000] {dag.py:3441} INFO - Setting next_dagrun for example_nested_branch_dag to 2023-05-10T00:00:00+00:00, run_after=2023-05-11T00:00:00+00:00
[2023-05-11T19:19:36.115+0000] {processor.py:175} INFO - Processing /home/airflow/.local/lib/python3.7/site-packages/airflow/example_dags/example_nested_branch_dag.py took 0.110 seconds
[2023-05-11T19:20:06.788+0000] {processor.py:153} INFO - Started process (PID=3084) to work on /home/airflow/.local/lib/python3.7/site-packages/airflow/example_dags/example_nested_branch_dag.py
[2023-05-11T19:20:06.790+0000] {processor.py:743} INFO - Processing file /home/airflow/.local/lib/python3.7/site-packages/airflow/example_dags/example_nested_branch_dag.py for tasks to queue
[2023-05-11T19:20:06.791+0000] {logging_mixin.py:137} INFO - [2023-05-11T19:20:06.791+0000] {dagbag.py:538} INFO - Filling up the DagBag from /home/airflow/.local/lib/python3.7/site-packages/airflow/example_dags/example_nested_branch_dag.py
[2023-05-11T19:20:06.812+0000] {processor.py:753} INFO - DAG(s) dict_keys(['example_nested_branch_dag']) retrieved from /home/airflow/.local/lib/python3.7/site-packages/airflow/example_dags/example_nested_branch_dag.py
[2023-05-11T19:20:06.836+0000] {logging_mixin.py:137} INFO - [2023-05-11T19:20:06.836+0000] {dag.py:2690} INFO - Sync 1 DAGs
[2023-05-11T19:20:06.863+0000] {logging_mixin.py:137} INFO - [2023-05-11T19:20:06.863+0000] {dag.py:3441} INFO - Setting next_dagrun for example_nested_branch_dag to 2023-05-10T00:00:00+00:00, run_after=2023-05-11T00:00:00+00:00
[2023-05-11T19:20:06.881+0000] {processor.py:175} INFO - Processing /home/airflow/.local/lib/python3.7/site-packages/airflow/example_dags/example_nested_branch_dag.py took 0.096 seconds
[2023-05-11T19:20:37.167+0000] {processor.py:153} INFO - Started process (PID=3325) to work on /home/airflow/.local/lib/python3.7/site-packages/airflow/example_dags/example_nested_branch_dag.py
[2023-05-11T19:20:37.167+0000] {processor.py:743} INFO - Processing file /home/airflow/.local/lib/python3.7/site-packages/airflow/example_dags/example_nested_branch_dag.py for tasks to queue
[2023-05-11T19:20:37.168+0000] {logging_mixin.py:137} INFO - [2023-05-11T19:20:37.168+0000] {dagbag.py:538} INFO - Filling up the DagBag from /home/airflow/.local/lib/python3.7/site-packages/airflow/example_dags/example_nested_branch_dag.py
[2023-05-11T19:20:37.192+0000] {processor.py:753} INFO - DAG(s) dict_keys(['example_nested_branch_dag']) retrieved from /home/airflow/.local/lib/python3.7/site-packages/airflow/example_dags/example_nested_branch_dag.py
[2023-05-11T19:20:37.212+0000] {logging_mixin.py:137} INFO - [2023-05-11T19:20:37.212+0000] {dag.py:2690} INFO - Sync 1 DAGs
[2023-05-11T19:20:37.230+0000] {logging_mixin.py:137} INFO - [2023-05-11T19:20:37.230+0000] {dag.py:3441} INFO - Setting next_dagrun for example_nested_branch_dag to 2023-05-10T00:00:00+00:00, run_after=2023-05-11T00:00:00+00:00
[2023-05-11T19:20:37.244+0000] {processor.py:175} INFO - Processing /home/airflow/.local/lib/python3.7/site-packages/airflow/example_dags/example_nested_branch_dag.py took 0.081 seconds
[2023-05-11T19:21:07.640+0000] {processor.py:153} INFO - Started process (PID=3564) to work on /home/airflow/.local/lib/python3.7/site-packages/airflow/example_dags/example_nested_branch_dag.py
[2023-05-11T19:21:07.641+0000] {processor.py:743} INFO - Processing file /home/airflow/.local/lib/python3.7/site-packages/airflow/example_dags/example_nested_branch_dag.py for tasks to queue
[2023-05-11T19:21:07.641+0000] {logging_mixin.py:137} INFO - [2023-05-11T19:21:07.641+0000] {dagbag.py:538} INFO - Filling up the DagBag from /home/airflow/.local/lib/python3.7/site-packages/airflow/example_dags/example_nested_branch_dag.py
[2023-05-11T19:21:07.658+0000] {processor.py:753} INFO - DAG(s) dict_keys(['example_nested_branch_dag']) retrieved from /home/airflow/.local/lib/python3.7/site-packages/airflow/example_dags/example_nested_branch_dag.py
[2023-05-11T19:21:07.676+0000] {logging_mixin.py:137} INFO - [2023-05-11T19:21:07.675+0000] {dag.py:2690} INFO - Sync 1 DAGs
[2023-05-11T19:21:07.694+0000] {logging_mixin.py:137} INFO - [2023-05-11T19:21:07.694+0000] {dag.py:3441} INFO - Setting next_dagrun for example_nested_branch_dag to 2023-05-10T00:00:00+00:00, run_after=2023-05-11T00:00:00+00:00
[2023-05-11T19:21:07.707+0000] {processor.py:175} INFO - Processing /home/airflow/.local/lib/python3.7/site-packages/airflow/example_dags/example_nested_branch_dag.py took 0.069 seconds
[2023-05-11T19:21:38.096+0000] {processor.py:153} INFO - Started process (PID=3805) to work on /home/airflow/.local/lib/python3.7/site-packages/airflow/example_dags/example_nested_branch_dag.py
[2023-05-11T19:21:38.097+0000] {processor.py:743} INFO - Processing file /home/airflow/.local/lib/python3.7/site-packages/airflow/example_dags/example_nested_branch_dag.py for tasks to queue
[2023-05-11T19:21:38.097+0000] {logging_mixin.py:137} INFO - [2023-05-11T19:21:38.097+0000] {dagbag.py:538} INFO - Filling up the DagBag from /home/airflow/.local/lib/python3.7/site-packages/airflow/example_dags/example_nested_branch_dag.py
[2023-05-11T19:21:38.119+0000] {processor.py:753} INFO - DAG(s) dict_keys(['example_nested_branch_dag']) retrieved from /home/airflow/.local/lib/python3.7/site-packages/airflow/example_dags/example_nested_branch_dag.py
[2023-05-11T19:21:38.152+0000] {logging_mixin.py:137} INFO - [2023-05-11T19:21:38.151+0000] {dag.py:2690} INFO - Sync 1 DAGs
[2023-05-11T19:21:38.187+0000] {logging_mixin.py:137} INFO - [2023-05-11T19:21:38.187+0000] {dag.py:3441} INFO - Setting next_dagrun for example_nested_branch_dag to 2023-05-10T00:00:00+00:00, run_after=2023-05-11T00:00:00+00:00
[2023-05-11T19:21:38.205+0000] {processor.py:175} INFO - Processing /home/airflow/.local/lib/python3.7/site-packages/airflow/example_dags/example_nested_branch_dag.py took 0.111 seconds
[2023-05-11T19:22:08.563+0000] {processor.py:153} INFO - Started process (PID=4044) to work on /home/airflow/.local/lib/python3.7/site-packages/airflow/example_dags/example_nested_branch_dag.py
[2023-05-11T19:22:08.566+0000] {processor.py:743} INFO - Processing file /home/airflow/.local/lib/python3.7/site-packages/airflow/example_dags/example_nested_branch_dag.py for tasks to queue
[2023-05-11T19:22:08.566+0000] {logging_mixin.py:137} INFO - [2023-05-11T19:22:08.566+0000] {dagbag.py:538} INFO - Filling up the DagBag from /home/airflow/.local/lib/python3.7/site-packages/airflow/example_dags/example_nested_branch_dag.py
[2023-05-11T19:22:08.587+0000] {processor.py:753} INFO - DAG(s) dict_keys(['example_nested_branch_dag']) retrieved from /home/airflow/.local/lib/python3.7/site-packages/airflow/example_dags/example_nested_branch_dag.py
[2023-05-11T19:22:08.610+0000] {logging_mixin.py:137} INFO - [2023-05-11T19:22:08.610+0000] {dag.py:2690} INFO - Sync 1 DAGs
[2023-05-11T19:22:08.638+0000] {logging_mixin.py:137} INFO - [2023-05-11T19:22:08.638+0000] {dag.py:3441} INFO - Setting next_dagrun for example_nested_branch_dag to 2023-05-10T00:00:00+00:00, run_after=2023-05-11T00:00:00+00:00
[2023-05-11T19:22:08.655+0000] {processor.py:175} INFO - Processing /home/airflow/.local/lib/python3.7/site-packages/airflow/example_dags/example_nested_branch_dag.py took 0.094 seconds
[2023-05-11T19:22:38.723+0000] {processor.py:153} INFO - Started process (PID=4286) to work on /home/airflow/.local/lib/python3.7/site-packages/airflow/example_dags/example_nested_branch_dag.py
[2023-05-11T19:22:38.725+0000] {processor.py:743} INFO - Processing file /home/airflow/.local/lib/python3.7/site-packages/airflow/example_dags/example_nested_branch_dag.py for tasks to queue
[2023-05-11T19:22:38.726+0000] {logging_mixin.py:137} INFO - [2023-05-11T19:22:38.726+0000] {dagbag.py:538} INFO - Filling up the DagBag from /home/airflow/.local/lib/python3.7/site-packages/airflow/example_dags/example_nested_branch_dag.py
[2023-05-11T19:22:38.747+0000] {processor.py:753} INFO - DAG(s) dict_keys(['example_nested_branch_dag']) retrieved from /home/airflow/.local/lib/python3.7/site-packages/airflow/example_dags/example_nested_branch_dag.py
[2023-05-11T19:22:38.771+0000] {logging_mixin.py:137} INFO - [2023-05-11T19:22:38.771+0000] {dag.py:2690} INFO - Sync 1 DAGs
[2023-05-11T19:22:38.795+0000] {logging_mixin.py:137} INFO - [2023-05-11T19:22:38.795+0000] {dag.py:3441} INFO - Setting next_dagrun for example_nested_branch_dag to 2023-05-10T00:00:00+00:00, run_after=2023-05-11T00:00:00+00:00
[2023-05-11T19:22:38.813+0000] {processor.py:175} INFO - Processing /home/airflow/.local/lib/python3.7/site-packages/airflow/example_dags/example_nested_branch_dag.py took 0.093 seconds
[2023-05-11T19:23:09.391+0000] {processor.py:153} INFO - Started process (PID=4525) to work on /home/airflow/.local/lib/python3.7/site-packages/airflow/example_dags/example_nested_branch_dag.py
[2023-05-11T19:23:09.391+0000] {processor.py:743} INFO - Processing file /home/airflow/.local/lib/python3.7/site-packages/airflow/example_dags/example_nested_branch_dag.py for tasks to queue
[2023-05-11T19:23:09.392+0000] {logging_mixin.py:137} INFO - [2023-05-11T19:23:09.392+0000] {dagbag.py:538} INFO - Filling up the DagBag from /home/airflow/.local/lib/python3.7/site-packages/airflow/example_dags/example_nested_branch_dag.py
[2023-05-11T19:23:09.414+0000] {processor.py:753} INFO - DAG(s) dict_keys(['example_nested_branch_dag']) retrieved from /home/airflow/.local/lib/python3.7/site-packages/airflow/example_dags/example_nested_branch_dag.py
[2023-05-11T19:23:09.436+0000] {logging_mixin.py:137} INFO - [2023-05-11T19:23:09.436+0000] {dag.py:2690} INFO - Sync 1 DAGs
[2023-05-11T19:23:09.459+0000] {logging_mixin.py:137} INFO - [2023-05-11T19:23:09.458+0000] {dag.py:3441} INFO - Setting next_dagrun for example_nested_branch_dag to 2023-05-10T00:00:00+00:00, run_after=2023-05-11T00:00:00+00:00
[2023-05-11T19:23:09.476+0000] {processor.py:175} INFO - Processing /home/airflow/.local/lib/python3.7/site-packages/airflow/example_dags/example_nested_branch_dag.py took 0.087 seconds
[2023-05-11T19:23:39.877+0000] {processor.py:153} INFO - Started process (PID=4767) to work on /home/airflow/.local/lib/python3.7/site-packages/airflow/example_dags/example_nested_branch_dag.py
[2023-05-11T19:23:39.880+0000] {processor.py:743} INFO - Processing file /home/airflow/.local/lib/python3.7/site-packages/airflow/example_dags/example_nested_branch_dag.py for tasks to queue
[2023-05-11T19:23:39.881+0000] {logging_mixin.py:137} INFO - [2023-05-11T19:23:39.881+0000] {dagbag.py:538} INFO - Filling up the DagBag from /home/airflow/.local/lib/python3.7/site-packages/airflow/example_dags/example_nested_branch_dag.py
[2023-05-11T19:23:39.915+0000] {processor.py:753} INFO - DAG(s) dict_keys(['example_nested_branch_dag']) retrieved from /home/airflow/.local/lib/python3.7/site-packages/airflow/example_dags/example_nested_branch_dag.py
[2023-05-11T19:23:39.948+0000] {logging_mixin.py:137} INFO - [2023-05-11T19:23:39.948+0000] {dag.py:2690} INFO - Sync 1 DAGs
[2023-05-11T19:23:39.985+0000] {logging_mixin.py:137} INFO - [2023-05-11T19:23:39.985+0000] {dag.py:3441} INFO - Setting next_dagrun for example_nested_branch_dag to 2023-05-10T00:00:00+00:00, run_after=2023-05-11T00:00:00+00:00
[2023-05-11T19:23:40.018+0000] {processor.py:175} INFO - Processing /home/airflow/.local/lib/python3.7/site-packages/airflow/example_dags/example_nested_branch_dag.py took 0.143 seconds
[2023-05-11T19:24:10.173+0000] {processor.py:153} INFO - Started process (PID=5006) to work on /home/airflow/.local/lib/python3.7/site-packages/airflow/example_dags/example_nested_branch_dag.py
[2023-05-11T19:24:10.175+0000] {processor.py:743} INFO - Processing file /home/airflow/.local/lib/python3.7/site-packages/airflow/example_dags/example_nested_branch_dag.py for tasks to queue
[2023-05-11T19:24:10.176+0000] {logging_mixin.py:137} INFO - [2023-05-11T19:24:10.176+0000] {dagbag.py:538} INFO - Filling up the DagBag from /home/airflow/.local/lib/python3.7/site-packages/airflow/example_dags/example_nested_branch_dag.py
[2023-05-11T19:24:10.197+0000] {processor.py:753} INFO - DAG(s) dict_keys(['example_nested_branch_dag']) retrieved from /home/airflow/.local/lib/python3.7/site-packages/airflow/example_dags/example_nested_branch_dag.py
[2023-05-11T19:24:10.220+0000] {logging_mixin.py:137} INFO - [2023-05-11T19:24:10.220+0000] {dag.py:2690} INFO - Sync 1 DAGs
[2023-05-11T19:24:10.242+0000] {logging_mixin.py:137} INFO - [2023-05-11T19:24:10.242+0000] {dag.py:3441} INFO - Setting next_dagrun for example_nested_branch_dag to 2023-05-10T00:00:00+00:00, run_after=2023-05-11T00:00:00+00:00
[2023-05-11T19:24:10.258+0000] {processor.py:175} INFO - Processing /home/airflow/.local/lib/python3.7/site-packages/airflow/example_dags/example_nested_branch_dag.py took 0.088 seconds
[2023-05-11T19:24:40.800+0000] {processor.py:153} INFO - Started process (PID=5254) to work on /home/airflow/.local/lib/python3.7/site-packages/airflow/example_dags/example_nested_branch_dag.py
[2023-05-11T19:24:40.801+0000] {processor.py:743} INFO - Processing file /home/airflow/.local/lib/python3.7/site-packages/airflow/example_dags/example_nested_branch_dag.py for tasks to queue
[2023-05-11T19:24:40.802+0000] {logging_mixin.py:137} INFO - [2023-05-11T19:24:40.802+0000] {dagbag.py:538} INFO - Filling up the DagBag from /home/airflow/.local/lib/python3.7/site-packages/airflow/example_dags/example_nested_branch_dag.py
[2023-05-11T19:24:40.820+0000] {processor.py:753} INFO - DAG(s) dict_keys(['example_nested_branch_dag']) retrieved from /home/airflow/.local/lib/python3.7/site-packages/airflow/example_dags/example_nested_branch_dag.py
[2023-05-11T19:24:40.845+0000] {logging_mixin.py:137} INFO - [2023-05-11T19:24:40.845+0000] {dag.py:2690} INFO - Sync 1 DAGs
[2023-05-11T19:24:40.868+0000] {logging_mixin.py:137} INFO - [2023-05-11T19:24:40.868+0000] {dag.py:3441} INFO - Setting next_dagrun for example_nested_branch_dag to 2023-05-10T00:00:00+00:00, run_after=2023-05-11T00:00:00+00:00
[2023-05-11T19:24:40.884+0000] {processor.py:175} INFO - Processing /home/airflow/.local/lib/python3.7/site-packages/airflow/example_dags/example_nested_branch_dag.py took 0.085 seconds
[2023-05-11T19:25:26.802+0000] {processor.py:153} INFO - Started process (PID=186) to work on /home/airflow/.local/lib/python3.7/site-packages/airflow/example_dags/example_nested_branch_dag.py
[2023-05-11T19:25:26.803+0000] {processor.py:743} INFO - Processing file /home/airflow/.local/lib/python3.7/site-packages/airflow/example_dags/example_nested_branch_dag.py for tasks to queue
[2023-05-11T19:25:26.803+0000] {logging_mixin.py:137} INFO - [2023-05-11T19:25:26.803+0000] {dagbag.py:538} INFO - Filling up the DagBag from /home/airflow/.local/lib/python3.7/site-packages/airflow/example_dags/example_nested_branch_dag.py
[2023-05-11T19:25:27.008+0000] {processor.py:753} INFO - DAG(s) dict_keys(['example_nested_branch_dag']) retrieved from /home/airflow/.local/lib/python3.7/site-packages/airflow/example_dags/example_nested_branch_dag.py
[2023-05-11T19:25:27.022+0000] {logging_mixin.py:137} INFO - [2023-05-11T19:25:27.022+0000] {dag.py:2690} INFO - Sync 1 DAGs
[2023-05-11T19:25:27.040+0000] {logging_mixin.py:137} INFO - [2023-05-11T19:25:27.040+0000] {dag.py:3441} INFO - Setting next_dagrun for example_nested_branch_dag to 2023-05-10T00:00:00+00:00, run_after=2023-05-11T00:00:00+00:00
[2023-05-11T19:25:27.076+0000] {processor.py:175} INFO - Processing /home/airflow/.local/lib/python3.7/site-packages/airflow/example_dags/example_nested_branch_dag.py took 0.277 seconds
[2023-05-11T19:25:57.608+0000] {processor.py:153} INFO - Started process (PID=428) to work on /home/airflow/.local/lib/python3.7/site-packages/airflow/example_dags/example_nested_branch_dag.py
[2023-05-11T19:25:57.608+0000] {processor.py:743} INFO - Processing file /home/airflow/.local/lib/python3.7/site-packages/airflow/example_dags/example_nested_branch_dag.py for tasks to queue
[2023-05-11T19:25:57.609+0000] {logging_mixin.py:137} INFO - [2023-05-11T19:25:57.609+0000] {dagbag.py:538} INFO - Filling up the DagBag from /home/airflow/.local/lib/python3.7/site-packages/airflow/example_dags/example_nested_branch_dag.py
[2023-05-11T19:25:57.626+0000] {processor.py:753} INFO - DAG(s) dict_keys(['example_nested_branch_dag']) retrieved from /home/airflow/.local/lib/python3.7/site-packages/airflow/example_dags/example_nested_branch_dag.py
[2023-05-11T19:25:57.643+0000] {logging_mixin.py:137} INFO - [2023-05-11T19:25:57.643+0000] {dag.py:2690} INFO - Sync 1 DAGs
[2023-05-11T19:25:57.659+0000] {logging_mixin.py:137} INFO - [2023-05-11T19:25:57.659+0000] {dag.py:3441} INFO - Setting next_dagrun for example_nested_branch_dag to 2023-05-10T00:00:00+00:00, run_after=2023-05-11T00:00:00+00:00
[2023-05-11T19:25:57.671+0000] {processor.py:175} INFO - Processing /home/airflow/.local/lib/python3.7/site-packages/airflow/example_dags/example_nested_branch_dag.py took 0.068 seconds
[2023-05-11T19:26:28.396+0000] {processor.py:153} INFO - Started process (PID=676) to work on /home/airflow/.local/lib/python3.7/site-packages/airflow/example_dags/example_nested_branch_dag.py
[2023-05-11T19:26:28.396+0000] {processor.py:743} INFO - Processing file /home/airflow/.local/lib/python3.7/site-packages/airflow/example_dags/example_nested_branch_dag.py for tasks to queue
[2023-05-11T19:26:28.397+0000] {logging_mixin.py:137} INFO - [2023-05-11T19:26:28.397+0000] {dagbag.py:538} INFO - Filling up the DagBag from /home/airflow/.local/lib/python3.7/site-packages/airflow/example_dags/example_nested_branch_dag.py
[2023-05-11T19:26:28.433+0000] {processor.py:753} INFO - DAG(s) dict_keys(['example_nested_branch_dag']) retrieved from /home/airflow/.local/lib/python3.7/site-packages/airflow/example_dags/example_nested_branch_dag.py
[2023-05-11T19:26:28.468+0000] {logging_mixin.py:137} INFO - [2023-05-11T19:26:28.468+0000] {dag.py:2690} INFO - Sync 1 DAGs
[2023-05-11T19:26:28.508+0000] {logging_mixin.py:137} INFO - [2023-05-11T19:26:28.508+0000] {dag.py:3441} INFO - Setting next_dagrun for example_nested_branch_dag to 2023-05-10T00:00:00+00:00, run_after=2023-05-11T00:00:00+00:00
[2023-05-11T19:26:28.539+0000] {processor.py:175} INFO - Processing /home/airflow/.local/lib/python3.7/site-packages/airflow/example_dags/example_nested_branch_dag.py took 0.147 seconds
[2023-05-11T19:26:59.002+0000] {processor.py:153} INFO - Started process (PID=908) to work on /home/airflow/.local/lib/python3.7/site-packages/airflow/example_dags/example_nested_branch_dag.py
[2023-05-11T19:26:59.005+0000] {processor.py:743} INFO - Processing file /home/airflow/.local/lib/python3.7/site-packages/airflow/example_dags/example_nested_branch_dag.py for tasks to queue
[2023-05-11T19:26:59.005+0000] {logging_mixin.py:137} INFO - [2023-05-11T19:26:59.005+0000] {dagbag.py:538} INFO - Filling up the DagBag from /home/airflow/.local/lib/python3.7/site-packages/airflow/example_dags/example_nested_branch_dag.py
[2023-05-11T19:26:59.028+0000] {processor.py:753} INFO - DAG(s) dict_keys(['example_nested_branch_dag']) retrieved from /home/airflow/.local/lib/python3.7/site-packages/airflow/example_dags/example_nested_branch_dag.py
[2023-05-11T19:26:59.051+0000] {logging_mixin.py:137} INFO - [2023-05-11T19:26:59.050+0000] {dag.py:2690} INFO - Sync 1 DAGs
[2023-05-11T19:26:59.074+0000] {logging_mixin.py:137} INFO - [2023-05-11T19:26:59.074+0000] {dag.py:3441} INFO - Setting next_dagrun for example_nested_branch_dag to 2023-05-10T00:00:00+00:00, run_after=2023-05-11T00:00:00+00:00
[2023-05-11T19:26:59.092+0000] {processor.py:175} INFO - Processing /home/airflow/.local/lib/python3.7/site-packages/airflow/example_dags/example_nested_branch_dag.py took 0.094 seconds
[2023-05-11T19:27:29.656+0000] {processor.py:153} INFO - Started process (PID=1156) to work on /home/airflow/.local/lib/python3.7/site-packages/airflow/example_dags/example_nested_branch_dag.py
[2023-05-11T19:27:29.656+0000] {processor.py:743} INFO - Processing file /home/airflow/.local/lib/python3.7/site-packages/airflow/example_dags/example_nested_branch_dag.py for tasks to queue
[2023-05-11T19:27:29.657+0000] {logging_mixin.py:137} INFO - [2023-05-11T19:27:29.657+0000] {dagbag.py:538} INFO - Filling up the DagBag from /home/airflow/.local/lib/python3.7/site-packages/airflow/example_dags/example_nested_branch_dag.py
[2023-05-11T19:27:29.678+0000] {processor.py:753} INFO - DAG(s) dict_keys(['example_nested_branch_dag']) retrieved from /home/airflow/.local/lib/python3.7/site-packages/airflow/example_dags/example_nested_branch_dag.py
[2023-05-11T19:27:29.695+0000] {logging_mixin.py:137} INFO - [2023-05-11T19:27:29.695+0000] {dag.py:2690} INFO - Sync 1 DAGs
[2023-05-11T19:27:29.710+0000] {logging_mixin.py:137} INFO - [2023-05-11T19:27:29.710+0000] {dag.py:3441} INFO - Setting next_dagrun for example_nested_branch_dag to 2023-05-10T00:00:00+00:00, run_after=2023-05-11T00:00:00+00:00
[2023-05-11T19:27:29.721+0000] {processor.py:175} INFO - Processing /home/airflow/.local/lib/python3.7/site-packages/airflow/example_dags/example_nested_branch_dag.py took 0.068 seconds
[2023-05-11T19:28:00.573+0000] {processor.py:153} INFO - Started process (PID=1388) to work on /home/airflow/.local/lib/python3.7/site-packages/airflow/example_dags/example_nested_branch_dag.py
[2023-05-11T19:28:00.576+0000] {processor.py:743} INFO - Processing file /home/airflow/.local/lib/python3.7/site-packages/airflow/example_dags/example_nested_branch_dag.py for tasks to queue
[2023-05-11T19:28:00.576+0000] {logging_mixin.py:137} INFO - [2023-05-11T19:28:00.576+0000] {dagbag.py:538} INFO - Filling up the DagBag from /home/airflow/.local/lib/python3.7/site-packages/airflow/example_dags/example_nested_branch_dag.py
[2023-05-11T19:28:00.599+0000] {processor.py:753} INFO - DAG(s) dict_keys(['example_nested_branch_dag']) retrieved from /home/airflow/.local/lib/python3.7/site-packages/airflow/example_dags/example_nested_branch_dag.py
[2023-05-11T19:28:00.624+0000] {logging_mixin.py:137} INFO - [2023-05-11T19:28:00.624+0000] {dag.py:2690} INFO - Sync 1 DAGs
[2023-05-11T19:28:00.647+0000] {logging_mixin.py:137} INFO - [2023-05-11T19:28:00.647+0000] {dag.py:3441} INFO - Setting next_dagrun for example_nested_branch_dag to 2023-05-10T00:00:00+00:00, run_after=2023-05-11T00:00:00+00:00
[2023-05-11T19:28:00.664+0000] {processor.py:175} INFO - Processing /home/airflow/.local/lib/python3.7/site-packages/airflow/example_dags/example_nested_branch_dag.py took 0.093 seconds
[2023-05-11T19:28:30.972+0000] {processor.py:153} INFO - Started process (PID=1636) to work on /home/airflow/.local/lib/python3.7/site-packages/airflow/example_dags/example_nested_branch_dag.py
[2023-05-11T19:28:30.974+0000] {processor.py:743} INFO - Processing file /home/airflow/.local/lib/python3.7/site-packages/airflow/example_dags/example_nested_branch_dag.py for tasks to queue
[2023-05-11T19:28:30.975+0000] {logging_mixin.py:137} INFO - [2023-05-11T19:28:30.975+0000] {dagbag.py:538} INFO - Filling up the DagBag from /home/airflow/.local/lib/python3.7/site-packages/airflow/example_dags/example_nested_branch_dag.py
[2023-05-11T19:28:30.991+0000] {processor.py:753} INFO - DAG(s) dict_keys(['example_nested_branch_dag']) retrieved from /home/airflow/.local/lib/python3.7/site-packages/airflow/example_dags/example_nested_branch_dag.py
[2023-05-11T19:28:31.009+0000] {logging_mixin.py:137} INFO - [2023-05-11T19:28:31.008+0000] {dag.py:2690} INFO - Sync 1 DAGs
[2023-05-11T19:28:31.026+0000] {logging_mixin.py:137} INFO - [2023-05-11T19:28:31.026+0000] {dag.py:3441} INFO - Setting next_dagrun for example_nested_branch_dag to 2023-05-10T00:00:00+00:00, run_after=2023-05-11T00:00:00+00:00
[2023-05-11T19:28:31.040+0000] {processor.py:175} INFO - Processing /home/airflow/.local/lib/python3.7/site-packages/airflow/example_dags/example_nested_branch_dag.py took 0.071 seconds
[2023-05-11T19:29:01.173+0000] {processor.py:153} INFO - Started process (PID=1874) to work on /home/airflow/.local/lib/python3.7/site-packages/airflow/example_dags/example_nested_branch_dag.py
[2023-05-11T19:29:01.174+0000] {processor.py:743} INFO - Processing file /home/airflow/.local/lib/python3.7/site-packages/airflow/example_dags/example_nested_branch_dag.py for tasks to queue
[2023-05-11T19:29:01.174+0000] {logging_mixin.py:137} INFO - [2023-05-11T19:29:01.174+0000] {dagbag.py:538} INFO - Filling up the DagBag from /home/airflow/.local/lib/python3.7/site-packages/airflow/example_dags/example_nested_branch_dag.py
[2023-05-11T19:29:01.206+0000] {processor.py:753} INFO - DAG(s) dict_keys(['example_nested_branch_dag']) retrieved from /home/airflow/.local/lib/python3.7/site-packages/airflow/example_dags/example_nested_branch_dag.py
[2023-05-11T19:29:01.233+0000] {logging_mixin.py:137} INFO - [2023-05-11T19:29:01.233+0000] {dag.py:2690} INFO - Sync 1 DAGs
[2023-05-11T19:29:01.257+0000] {logging_mixin.py:137} INFO - [2023-05-11T19:29:01.257+0000] {dag.py:3441} INFO - Setting next_dagrun for example_nested_branch_dag to 2023-05-10T00:00:00+00:00, run_after=2023-05-11T00:00:00+00:00
[2023-05-11T19:29:01.273+0000] {processor.py:175} INFO - Processing /home/airflow/.local/lib/python3.7/site-packages/airflow/example_dags/example_nested_branch_dag.py took 0.104 seconds
[2023-05-11T19:29:31.682+0000] {processor.py:153} INFO - Started process (PID=2119) to work on /home/airflow/.local/lib/python3.7/site-packages/airflow/example_dags/example_nested_branch_dag.py
[2023-05-11T19:29:31.685+0000] {processor.py:743} INFO - Processing file /home/airflow/.local/lib/python3.7/site-packages/airflow/example_dags/example_nested_branch_dag.py for tasks to queue
[2023-05-11T19:29:31.685+0000] {logging_mixin.py:137} INFO - [2023-05-11T19:29:31.685+0000] {dagbag.py:538} INFO - Filling up the DagBag from /home/airflow/.local/lib/python3.7/site-packages/airflow/example_dags/example_nested_branch_dag.py
[2023-05-11T19:29:31.706+0000] {processor.py:753} INFO - DAG(s) dict_keys(['example_nested_branch_dag']) retrieved from /home/airflow/.local/lib/python3.7/site-packages/airflow/example_dags/example_nested_branch_dag.py
[2023-05-11T19:29:31.729+0000] {logging_mixin.py:137} INFO - [2023-05-11T19:29:31.728+0000] {dag.py:2690} INFO - Sync 1 DAGs
[2023-05-11T19:29:31.751+0000] {logging_mixin.py:137} INFO - [2023-05-11T19:29:31.750+0000] {dag.py:3441} INFO - Setting next_dagrun for example_nested_branch_dag to 2023-05-10T00:00:00+00:00, run_after=2023-05-11T00:00:00+00:00
[2023-05-11T19:29:31.766+0000] {processor.py:175} INFO - Processing /home/airflow/.local/lib/python3.7/site-packages/airflow/example_dags/example_nested_branch_dag.py took 0.087 seconds
[2023-05-11T19:30:01.994+0000] {processor.py:153} INFO - Started process (PID=2351) to work on /home/airflow/.local/lib/python3.7/site-packages/airflow/example_dags/example_nested_branch_dag.py
[2023-05-11T19:30:01.995+0000] {processor.py:743} INFO - Processing file /home/airflow/.local/lib/python3.7/site-packages/airflow/example_dags/example_nested_branch_dag.py for tasks to queue
[2023-05-11T19:30:01.996+0000] {logging_mixin.py:137} INFO - [2023-05-11T19:30:01.996+0000] {dagbag.py:538} INFO - Filling up the DagBag from /home/airflow/.local/lib/python3.7/site-packages/airflow/example_dags/example_nested_branch_dag.py
[2023-05-11T19:30:02.026+0000] {processor.py:753} INFO - DAG(s) dict_keys(['example_nested_branch_dag']) retrieved from /home/airflow/.local/lib/python3.7/site-packages/airflow/example_dags/example_nested_branch_dag.py
[2023-05-11T19:30:02.053+0000] {logging_mixin.py:137} INFO - [2023-05-11T19:30:02.053+0000] {dag.py:2690} INFO - Sync 1 DAGs
[2023-05-11T19:30:02.078+0000] {logging_mixin.py:137} INFO - [2023-05-11T19:30:02.078+0000] {dag.py:3441} INFO - Setting next_dagrun for example_nested_branch_dag to 2023-05-10T00:00:00+00:00, run_after=2023-05-11T00:00:00+00:00
[2023-05-11T19:30:02.099+0000] {processor.py:175} INFO - Processing /home/airflow/.local/lib/python3.7/site-packages/airflow/example_dags/example_nested_branch_dag.py took 0.107 seconds
[2023-05-11T19:30:32.841+0000] {processor.py:153} INFO - Started process (PID=2599) to work on /home/airflow/.local/lib/python3.7/site-packages/airflow/example_dags/example_nested_branch_dag.py
[2023-05-11T19:30:32.843+0000] {processor.py:743} INFO - Processing file /home/airflow/.local/lib/python3.7/site-packages/airflow/example_dags/example_nested_branch_dag.py for tasks to queue
[2023-05-11T19:30:32.844+0000] {logging_mixin.py:137} INFO - [2023-05-11T19:30:32.844+0000] {dagbag.py:538} INFO - Filling up the DagBag from /home/airflow/.local/lib/python3.7/site-packages/airflow/example_dags/example_nested_branch_dag.py
[2023-05-11T19:30:32.870+0000] {processor.py:753} INFO - DAG(s) dict_keys(['example_nested_branch_dag']) retrieved from /home/airflow/.local/lib/python3.7/site-packages/airflow/example_dags/example_nested_branch_dag.py
[2023-05-11T19:30:32.893+0000] {logging_mixin.py:137} INFO - [2023-05-11T19:30:32.893+0000] {dag.py:2690} INFO - Sync 1 DAGs
[2023-05-11T19:30:32.918+0000] {logging_mixin.py:137} INFO - [2023-05-11T19:30:32.918+0000] {dag.py:3441} INFO - Setting next_dagrun for example_nested_branch_dag to 2023-05-10T00:00:00+00:00, run_after=2023-05-11T00:00:00+00:00
[2023-05-11T19:30:32.934+0000] {processor.py:175} INFO - Processing /home/airflow/.local/lib/python3.7/site-packages/airflow/example_dags/example_nested_branch_dag.py took 0.095 seconds
[2023-05-11T19:31:03.018+0000] {processor.py:153} INFO - Started process (PID=2831) to work on /home/airflow/.local/lib/python3.7/site-packages/airflow/example_dags/example_nested_branch_dag.py
[2023-05-11T19:31:03.021+0000] {processor.py:743} INFO - Processing file /home/airflow/.local/lib/python3.7/site-packages/airflow/example_dags/example_nested_branch_dag.py for tasks to queue
[2023-05-11T19:31:03.021+0000] {logging_mixin.py:137} INFO - [2023-05-11T19:31:03.021+0000] {dagbag.py:538} INFO - Filling up the DagBag from /home/airflow/.local/lib/python3.7/site-packages/airflow/example_dags/example_nested_branch_dag.py
[2023-05-11T19:31:03.045+0000] {processor.py:753} INFO - DAG(s) dict_keys(['example_nested_branch_dag']) retrieved from /home/airflow/.local/lib/python3.7/site-packages/airflow/example_dags/example_nested_branch_dag.py
[2023-05-11T19:31:03.071+0000] {logging_mixin.py:137} INFO - [2023-05-11T19:31:03.071+0000] {dag.py:2690} INFO - Sync 1 DAGs
[2023-05-11T19:31:03.097+0000] {logging_mixin.py:137} INFO - [2023-05-11T19:31:03.097+0000] {dag.py:3441} INFO - Setting next_dagrun for example_nested_branch_dag to 2023-05-10T00:00:00+00:00, run_after=2023-05-11T00:00:00+00:00
[2023-05-11T19:31:03.116+0000] {processor.py:175} INFO - Processing /home/airflow/.local/lib/python3.7/site-packages/airflow/example_dags/example_nested_branch_dag.py took 0.102 seconds
[2023-05-11T19:31:33.928+0000] {processor.py:153} INFO - Started process (PID=3079) to work on /home/airflow/.local/lib/python3.7/site-packages/airflow/example_dags/example_nested_branch_dag.py
[2023-05-11T19:31:33.930+0000] {processor.py:743} INFO - Processing file /home/airflow/.local/lib/python3.7/site-packages/airflow/example_dags/example_nested_branch_dag.py for tasks to queue
[2023-05-11T19:31:33.931+0000] {logging_mixin.py:137} INFO - [2023-05-11T19:31:33.931+0000] {dagbag.py:538} INFO - Filling up the DagBag from /home/airflow/.local/lib/python3.7/site-packages/airflow/example_dags/example_nested_branch_dag.py
[2023-05-11T19:31:33.947+0000] {processor.py:753} INFO - DAG(s) dict_keys(['example_nested_branch_dag']) retrieved from /home/airflow/.local/lib/python3.7/site-packages/airflow/example_dags/example_nested_branch_dag.py
[2023-05-11T19:31:33.964+0000] {logging_mixin.py:137} INFO - [2023-05-11T19:31:33.964+0000] {dag.py:2690} INFO - Sync 1 DAGs
[2023-05-11T19:31:33.980+0000] {logging_mixin.py:137} INFO - [2023-05-11T19:31:33.980+0000] {dag.py:3441} INFO - Setting next_dagrun for example_nested_branch_dag to 2023-05-10T00:00:00+00:00, run_after=2023-05-11T00:00:00+00:00
[2023-05-11T19:31:33.992+0000] {processor.py:175} INFO - Processing /home/airflow/.local/lib/python3.7/site-packages/airflow/example_dags/example_nested_branch_dag.py took 0.067 seconds
[2023-05-11T19:32:04.680+0000] {processor.py:153} INFO - Started process (PID=3311) to work on /home/airflow/.local/lib/python3.7/site-packages/airflow/example_dags/example_nested_branch_dag.py
[2023-05-11T19:32:04.683+0000] {processor.py:743} INFO - Processing file /home/airflow/.local/lib/python3.7/site-packages/airflow/example_dags/example_nested_branch_dag.py for tasks to queue
[2023-05-11T19:32:04.684+0000] {logging_mixin.py:137} INFO - [2023-05-11T19:32:04.683+0000] {dagbag.py:538} INFO - Filling up the DagBag from /home/airflow/.local/lib/python3.7/site-packages/airflow/example_dags/example_nested_branch_dag.py
[2023-05-11T19:32:04.714+0000] {processor.py:753} INFO - DAG(s) dict_keys(['example_nested_branch_dag']) retrieved from /home/airflow/.local/lib/python3.7/site-packages/airflow/example_dags/example_nested_branch_dag.py
[2023-05-11T19:32:04.741+0000] {logging_mixin.py:137} INFO - [2023-05-11T19:32:04.740+0000] {dag.py:2690} INFO - Sync 1 DAGs
[2023-05-11T19:32:04.765+0000] {logging_mixin.py:137} INFO - [2023-05-11T19:32:04.765+0000] {dag.py:3441} INFO - Setting next_dagrun for example_nested_branch_dag to 2023-05-10T00:00:00+00:00, run_after=2023-05-11T00:00:00+00:00
[2023-05-11T19:32:04.786+0000] {processor.py:175} INFO - Processing /home/airflow/.local/lib/python3.7/site-packages/airflow/example_dags/example_nested_branch_dag.py took 0.110 seconds
[2023-05-11T19:32:35.153+0000] {processor.py:153} INFO - Started process (PID=3558) to work on /home/airflow/.local/lib/python3.7/site-packages/airflow/example_dags/example_nested_branch_dag.py
[2023-05-11T19:32:35.154+0000] {processor.py:743} INFO - Processing file /home/airflow/.local/lib/python3.7/site-packages/airflow/example_dags/example_nested_branch_dag.py for tasks to queue
[2023-05-11T19:32:35.154+0000] {logging_mixin.py:137} INFO - [2023-05-11T19:32:35.154+0000] {dagbag.py:538} INFO - Filling up the DagBag from /home/airflow/.local/lib/python3.7/site-packages/airflow/example_dags/example_nested_branch_dag.py
[2023-05-11T19:32:35.176+0000] {processor.py:753} INFO - DAG(s) dict_keys(['example_nested_branch_dag']) retrieved from /home/airflow/.local/lib/python3.7/site-packages/airflow/example_dags/example_nested_branch_dag.py
[2023-05-11T19:32:35.198+0000] {logging_mixin.py:137} INFO - [2023-05-11T19:32:35.198+0000] {dag.py:2690} INFO - Sync 1 DAGs
[2023-05-11T19:32:35.221+0000] {logging_mixin.py:137} INFO - [2023-05-11T19:32:35.221+0000] {dag.py:3441} INFO - Setting next_dagrun for example_nested_branch_dag to 2023-05-10T00:00:00+00:00, run_after=2023-05-11T00:00:00+00:00
[2023-05-11T19:32:35.237+0000] {processor.py:175} INFO - Processing /home/airflow/.local/lib/python3.7/site-packages/airflow/example_dags/example_nested_branch_dag.py took 0.087 seconds
[2023-05-11T19:33:05.523+0000] {processor.py:153} INFO - Started process (PID=3790) to work on /home/airflow/.local/lib/python3.7/site-packages/airflow/example_dags/example_nested_branch_dag.py
[2023-05-11T19:33:05.524+0000] {processor.py:743} INFO - Processing file /home/airflow/.local/lib/python3.7/site-packages/airflow/example_dags/example_nested_branch_dag.py for tasks to queue
[2023-05-11T19:33:05.524+0000] {logging_mixin.py:137} INFO - [2023-05-11T19:33:05.524+0000] {dagbag.py:538} INFO - Filling up the DagBag from /home/airflow/.local/lib/python3.7/site-packages/airflow/example_dags/example_nested_branch_dag.py
[2023-05-11T19:33:05.547+0000] {processor.py:753} INFO - DAG(s) dict_keys(['example_nested_branch_dag']) retrieved from /home/airflow/.local/lib/python3.7/site-packages/airflow/example_dags/example_nested_branch_dag.py
[2023-05-11T19:33:05.580+0000] {logging_mixin.py:137} INFO - [2023-05-11T19:33:05.580+0000] {dag.py:2690} INFO - Sync 1 DAGs
[2023-05-11T19:33:05.604+0000] {logging_mixin.py:137} INFO - [2023-05-11T19:33:05.603+0000] {dag.py:3441} INFO - Setting next_dagrun for example_nested_branch_dag to 2023-05-10T00:00:00+00:00, run_after=2023-05-11T00:00:00+00:00
[2023-05-11T19:33:05.621+0000] {processor.py:175} INFO - Processing /home/airflow/.local/lib/python3.7/site-packages/airflow/example_dags/example_nested_branch_dag.py took 0.101 seconds
[2023-05-11T19:33:36.097+0000] {processor.py:153} INFO - Started process (PID=4038) to work on /home/airflow/.local/lib/python3.7/site-packages/airflow/example_dags/example_nested_branch_dag.py
[2023-05-11T19:33:36.098+0000] {processor.py:743} INFO - Processing file /home/airflow/.local/lib/python3.7/site-packages/airflow/example_dags/example_nested_branch_dag.py for tasks to queue
[2023-05-11T19:33:36.098+0000] {logging_mixin.py:137} INFO - [2023-05-11T19:33:36.098+0000] {dagbag.py:538} INFO - Filling up the DagBag from /home/airflow/.local/lib/python3.7/site-packages/airflow/example_dags/example_nested_branch_dag.py
[2023-05-11T19:33:36.121+0000] {processor.py:753} INFO - DAG(s) dict_keys(['example_nested_branch_dag']) retrieved from /home/airflow/.local/lib/python3.7/site-packages/airflow/example_dags/example_nested_branch_dag.py
[2023-05-11T19:33:36.145+0000] {logging_mixin.py:137} INFO - [2023-05-11T19:33:36.145+0000] {dag.py:2690} INFO - Sync 1 DAGs
[2023-05-11T19:33:36.170+0000] {logging_mixin.py:137} INFO - [2023-05-11T19:33:36.170+0000] {dag.py:3441} INFO - Setting next_dagrun for example_nested_branch_dag to 2023-05-10T00:00:00+00:00, run_after=2023-05-11T00:00:00+00:00
[2023-05-11T19:33:36.187+0000] {processor.py:175} INFO - Processing /home/airflow/.local/lib/python3.7/site-packages/airflow/example_dags/example_nested_branch_dag.py took 0.093 seconds
[2023-05-11T19:35:10.067+0000] {processor.py:153} INFO - Started process (PID=193) to work on /home/airflow/.local/lib/python3.7/site-packages/airflow/example_dags/example_nested_branch_dag.py
[2023-05-11T19:35:10.067+0000] {processor.py:743} INFO - Processing file /home/airflow/.local/lib/python3.7/site-packages/airflow/example_dags/example_nested_branch_dag.py for tasks to queue
[2023-05-11T19:35:10.068+0000] {logging_mixin.py:137} INFO - [2023-05-11T19:35:10.068+0000] {dagbag.py:538} INFO - Filling up the DagBag from /home/airflow/.local/lib/python3.7/site-packages/airflow/example_dags/example_nested_branch_dag.py
[2023-05-11T19:35:10.245+0000] {processor.py:753} INFO - DAG(s) dict_keys(['example_nested_branch_dag']) retrieved from /home/airflow/.local/lib/python3.7/site-packages/airflow/example_dags/example_nested_branch_dag.py
[2023-05-11T19:35:10.262+0000] {logging_mixin.py:137} INFO - [2023-05-11T19:35:10.262+0000] {dag.py:2690} INFO - Sync 1 DAGs
[2023-05-11T19:35:10.286+0000] {logging_mixin.py:137} INFO - [2023-05-11T19:35:10.286+0000] {dag.py:3441} INFO - Setting next_dagrun for example_nested_branch_dag to 2023-05-10T00:00:00+00:00, run_after=2023-05-11T00:00:00+00:00
[2023-05-11T19:35:10.298+0000] {processor.py:175} INFO - Processing /home/airflow/.local/lib/python3.7/site-packages/airflow/example_dags/example_nested_branch_dag.py took 0.233 seconds
[2023-05-11T19:35:41.072+0000] {processor.py:153} INFO - Started process (PID=426) to work on /home/airflow/.local/lib/python3.7/site-packages/airflow/example_dags/example_nested_branch_dag.py
[2023-05-11T19:35:41.072+0000] {processor.py:743} INFO - Processing file /home/airflow/.local/lib/python3.7/site-packages/airflow/example_dags/example_nested_branch_dag.py for tasks to queue
[2023-05-11T19:35:41.072+0000] {logging_mixin.py:137} INFO - [2023-05-11T19:35:41.072+0000] {dagbag.py:538} INFO - Filling up the DagBag from /home/airflow/.local/lib/python3.7/site-packages/airflow/example_dags/example_nested_branch_dag.py
[2023-05-11T19:35:41.090+0000] {processor.py:753} INFO - DAG(s) dict_keys(['example_nested_branch_dag']) retrieved from /home/airflow/.local/lib/python3.7/site-packages/airflow/example_dags/example_nested_branch_dag.py
[2023-05-11T19:35:41.110+0000] {logging_mixin.py:137} INFO - [2023-05-11T19:35:41.110+0000] {dag.py:2690} INFO - Sync 1 DAGs
[2023-05-11T19:35:41.135+0000] {logging_mixin.py:137} INFO - [2023-05-11T19:35:41.135+0000] {dag.py:3441} INFO - Setting next_dagrun for example_nested_branch_dag to 2023-05-10T00:00:00+00:00, run_after=2023-05-11T00:00:00+00:00
[2023-05-11T19:35:41.152+0000] {processor.py:175} INFO - Processing /home/airflow/.local/lib/python3.7/site-packages/airflow/example_dags/example_nested_branch_dag.py took 0.082 seconds
