[2023-05-11T18:58:40.781+0000] {processor.py:153} INFO - Started process (PID=354) to work on /home/airflow/.local/lib/python3.7/site-packages/airflow/example_dags/example_short_circuit_operator.py
[2023-05-11T18:58:40.782+0000] {processor.py:743} INFO - Processing file /home/airflow/.local/lib/python3.7/site-packages/airflow/example_dags/example_short_circuit_operator.py for tasks to queue
[2023-05-11T18:58:40.782+0000] {logging_mixin.py:137} INFO - [2023-05-11T18:58:40.782+0000] {dagbag.py:538} INFO - Filling up the DagBag from /home/airflow/.local/lib/python3.7/site-packages/airflow/example_dags/example_short_circuit_operator.py
[2023-05-11T18:58:40.794+0000] {processor.py:753} INFO - DAG(s) dict_keys(['example_short_circuit_operator']) retrieved from /home/airflow/.local/lib/python3.7/site-packages/airflow/example_dags/example_short_circuit_operator.py
[2023-05-11T18:58:40.802+0000] {logging_mixin.py:137} INFO - [2023-05-11T18:58:40.802+0000] {dag.py:2690} INFO - Sync 1 DAGs
[2023-05-11T18:58:40.821+0000] {logging_mixin.py:137} INFO - [2023-05-11T18:58:40.821+0000] {dag.py:3441} INFO - Setting next_dagrun for example_short_circuit_operator to 2023-05-10T18:58:40.820819+00:00, run_after=2023-05-11T18:58:40.820819+00:00
[2023-05-11T18:58:40.834+0000] {processor.py:175} INFO - Processing /home/airflow/.local/lib/python3.7/site-packages/airflow/example_dags/example_short_circuit_operator.py took 0.055 seconds
[2023-05-11T18:59:11.551+0000] {processor.py:153} INFO - Started process (PID=586) to work on /home/airflow/.local/lib/python3.7/site-packages/airflow/example_dags/example_short_circuit_operator.py
[2023-05-11T18:59:11.551+0000] {processor.py:743} INFO - Processing file /home/airflow/.local/lib/python3.7/site-packages/airflow/example_dags/example_short_circuit_operator.py for tasks to queue
[2023-05-11T18:59:11.552+0000] {logging_mixin.py:137} INFO - [2023-05-11T18:59:11.551+0000] {dagbag.py:538} INFO - Filling up the DagBag from /home/airflow/.local/lib/python3.7/site-packages/airflow/example_dags/example_short_circuit_operator.py
[2023-05-11T18:59:11.561+0000] {processor.py:753} INFO - DAG(s) dict_keys(['example_short_circuit_operator']) retrieved from /home/airflow/.local/lib/python3.7/site-packages/airflow/example_dags/example_short_circuit_operator.py
[2023-05-11T18:59:11.579+0000] {logging_mixin.py:137} INFO - [2023-05-11T18:59:11.579+0000] {dag.py:2690} INFO - Sync 1 DAGs
[2023-05-11T18:59:11.595+0000] {logging_mixin.py:137} INFO - [2023-05-11T18:59:11.595+0000] {dag.py:3441} INFO - Setting next_dagrun for example_short_circuit_operator to 2023-05-10T18:59:11.595657+00:00, run_after=2023-05-11T18:59:11.595657+00:00
[2023-05-11T18:59:11.608+0000] {processor.py:175} INFO - Processing /home/airflow/.local/lib/python3.7/site-packages/airflow/example_dags/example_short_circuit_operator.py took 0.059 seconds
[2023-05-11T18:59:42.442+0000] {processor.py:153} INFO - Started process (PID=836) to work on /home/airflow/.local/lib/python3.7/site-packages/airflow/example_dags/example_short_circuit_operator.py
[2023-05-11T18:59:42.442+0000] {processor.py:743} INFO - Processing file /home/airflow/.local/lib/python3.7/site-packages/airflow/example_dags/example_short_circuit_operator.py for tasks to queue
[2023-05-11T18:59:42.443+0000] {logging_mixin.py:137} INFO - [2023-05-11T18:59:42.442+0000] {dagbag.py:538} INFO - Filling up the DagBag from /home/airflow/.local/lib/python3.7/site-packages/airflow/example_dags/example_short_circuit_operator.py
[2023-05-11T18:59:42.452+0000] {processor.py:753} INFO - DAG(s) dict_keys(['example_short_circuit_operator']) retrieved from /home/airflow/.local/lib/python3.7/site-packages/airflow/example_dags/example_short_circuit_operator.py
[2023-05-11T18:59:42.468+0000] {logging_mixin.py:137} INFO - [2023-05-11T18:59:42.468+0000] {dag.py:2690} INFO - Sync 1 DAGs
[2023-05-11T18:59:42.482+0000] {logging_mixin.py:137} INFO - [2023-05-11T18:59:42.482+0000] {dag.py:3441} INFO - Setting next_dagrun for example_short_circuit_operator to 2023-05-10T18:59:42.482448+00:00, run_after=2023-05-11T18:59:42.482448+00:00
[2023-05-11T18:59:42.493+0000] {processor.py:175} INFO - Processing /home/airflow/.local/lib/python3.7/site-packages/airflow/example_dags/example_short_circuit_operator.py took 0.053 seconds
[2023-05-11T19:00:13.759+0000] {processor.py:153} INFO - Started process (PID=1083) to work on /home/airflow/.local/lib/python3.7/site-packages/airflow/example_dags/example_short_circuit_operator.py
[2023-05-11T19:00:13.760+0000] {processor.py:743} INFO - Processing file /home/airflow/.local/lib/python3.7/site-packages/airflow/example_dags/example_short_circuit_operator.py for tasks to queue
[2023-05-11T19:00:13.761+0000] {logging_mixin.py:137} INFO - [2023-05-11T19:00:13.760+0000] {dagbag.py:538} INFO - Filling up the DagBag from /home/airflow/.local/lib/python3.7/site-packages/airflow/example_dags/example_short_circuit_operator.py
[2023-05-11T19:00:13.774+0000] {processor.py:753} INFO - DAG(s) dict_keys(['example_short_circuit_operator']) retrieved from /home/airflow/.local/lib/python3.7/site-packages/airflow/example_dags/example_short_circuit_operator.py
[2023-05-11T19:00:13.792+0000] {logging_mixin.py:137} INFO - [2023-05-11T19:00:13.792+0000] {dag.py:2690} INFO - Sync 1 DAGs
[2023-05-11T19:00:13.808+0000] {logging_mixin.py:137} INFO - [2023-05-11T19:00:13.808+0000] {dag.py:3441} INFO - Setting next_dagrun for example_short_circuit_operator to 2023-05-10T19:00:13.808633+00:00, run_after=2023-05-11T19:00:13.808633+00:00
[2023-05-11T19:00:13.825+0000] {processor.py:175} INFO - Processing /home/airflow/.local/lib/python3.7/site-packages/airflow/example_dags/example_short_circuit_operator.py took 0.069 seconds
[2023-05-11T19:00:44.161+0000] {processor.py:153} INFO - Started process (PID=1315) to work on /home/airflow/.local/lib/python3.7/site-packages/airflow/example_dags/example_short_circuit_operator.py
[2023-05-11T19:00:44.162+0000] {processor.py:743} INFO - Processing file /home/airflow/.local/lib/python3.7/site-packages/airflow/example_dags/example_short_circuit_operator.py for tasks to queue
[2023-05-11T19:00:44.162+0000] {logging_mixin.py:137} INFO - [2023-05-11T19:00:44.162+0000] {dagbag.py:538} INFO - Filling up the DagBag from /home/airflow/.local/lib/python3.7/site-packages/airflow/example_dags/example_short_circuit_operator.py
[2023-05-11T19:00:44.175+0000] {processor.py:753} INFO - DAG(s) dict_keys(['example_short_circuit_operator']) retrieved from /home/airflow/.local/lib/python3.7/site-packages/airflow/example_dags/example_short_circuit_operator.py
[2023-05-11T19:00:44.193+0000] {logging_mixin.py:137} INFO - [2023-05-11T19:00:44.193+0000] {dag.py:2690} INFO - Sync 1 DAGs
[2023-05-11T19:00:44.215+0000] {logging_mixin.py:137} INFO - [2023-05-11T19:00:44.215+0000] {dag.py:3441} INFO - Setting next_dagrun for example_short_circuit_operator to 2023-05-10T19:00:44.215261+00:00, run_after=2023-05-11T19:00:44.215261+00:00
[2023-05-11T19:00:44.234+0000] {processor.py:175} INFO - Processing /home/airflow/.local/lib/python3.7/site-packages/airflow/example_dags/example_short_circuit_operator.py took 0.075 seconds
[2023-05-11T19:01:14.763+0000] {processor.py:153} INFO - Started process (PID=1566) to work on /home/airflow/.local/lib/python3.7/site-packages/airflow/example_dags/example_short_circuit_operator.py
[2023-05-11T19:01:14.764+0000] {processor.py:743} INFO - Processing file /home/airflow/.local/lib/python3.7/site-packages/airflow/example_dags/example_short_circuit_operator.py for tasks to queue
[2023-05-11T19:01:14.764+0000] {logging_mixin.py:137} INFO - [2023-05-11T19:01:14.764+0000] {dagbag.py:538} INFO - Filling up the DagBag from /home/airflow/.local/lib/python3.7/site-packages/airflow/example_dags/example_short_circuit_operator.py
[2023-05-11T19:01:14.774+0000] {processor.py:753} INFO - DAG(s) dict_keys(['example_short_circuit_operator']) retrieved from /home/airflow/.local/lib/python3.7/site-packages/airflow/example_dags/example_short_circuit_operator.py
[2023-05-11T19:01:14.790+0000] {logging_mixin.py:137} INFO - [2023-05-11T19:01:14.790+0000] {dag.py:2690} INFO - Sync 1 DAGs
[2023-05-11T19:01:14.804+0000] {logging_mixin.py:137} INFO - [2023-05-11T19:01:14.804+0000] {dag.py:3441} INFO - Setting next_dagrun for example_short_circuit_operator to 2023-05-10T19:01:14.804689+00:00, run_after=2023-05-11T19:01:14.804689+00:00
[2023-05-11T19:01:14.814+0000] {processor.py:175} INFO - Processing /home/airflow/.local/lib/python3.7/site-packages/airflow/example_dags/example_short_circuit_operator.py took 0.053 seconds
[2023-05-11T19:01:45.240+0000] {processor.py:153} INFO - Started process (PID=1796) to work on /home/airflow/.local/lib/python3.7/site-packages/airflow/example_dags/example_short_circuit_operator.py
[2023-05-11T19:01:45.240+0000] {processor.py:743} INFO - Processing file /home/airflow/.local/lib/python3.7/site-packages/airflow/example_dags/example_short_circuit_operator.py for tasks to queue
[2023-05-11T19:01:45.241+0000] {logging_mixin.py:137} INFO - [2023-05-11T19:01:45.241+0000] {dagbag.py:538} INFO - Filling up the DagBag from /home/airflow/.local/lib/python3.7/site-packages/airflow/example_dags/example_short_circuit_operator.py
[2023-05-11T19:01:45.256+0000] {processor.py:753} INFO - DAG(s) dict_keys(['example_short_circuit_operator']) retrieved from /home/airflow/.local/lib/python3.7/site-packages/airflow/example_dags/example_short_circuit_operator.py
[2023-05-11T19:01:45.287+0000] {logging_mixin.py:137} INFO - [2023-05-11T19:01:45.287+0000] {dag.py:2690} INFO - Sync 1 DAGs
[2023-05-11T19:01:45.320+0000] {logging_mixin.py:137} INFO - [2023-05-11T19:01:45.320+0000] {dag.py:3441} INFO - Setting next_dagrun for example_short_circuit_operator to 2023-05-10T19:01:45.319745+00:00, run_after=2023-05-11T19:01:45.319745+00:00
[2023-05-11T19:01:45.343+0000] {processor.py:175} INFO - Processing /home/airflow/.local/lib/python3.7/site-packages/airflow/example_dags/example_short_circuit_operator.py took 0.105 seconds
[2023-05-11T19:02:16.194+0000] {processor.py:153} INFO - Started process (PID=2044) to work on /home/airflow/.local/lib/python3.7/site-packages/airflow/example_dags/example_short_circuit_operator.py
[2023-05-11T19:02:16.194+0000] {processor.py:743} INFO - Processing file /home/airflow/.local/lib/python3.7/site-packages/airflow/example_dags/example_short_circuit_operator.py for tasks to queue
[2023-05-11T19:02:16.195+0000] {logging_mixin.py:137} INFO - [2023-05-11T19:02:16.195+0000] {dagbag.py:538} INFO - Filling up the DagBag from /home/airflow/.local/lib/python3.7/site-packages/airflow/example_dags/example_short_circuit_operator.py
[2023-05-11T19:02:16.209+0000] {processor.py:753} INFO - DAG(s) dict_keys(['example_short_circuit_operator']) retrieved from /home/airflow/.local/lib/python3.7/site-packages/airflow/example_dags/example_short_circuit_operator.py
[2023-05-11T19:02:16.238+0000] {logging_mixin.py:137} INFO - [2023-05-11T19:02:16.238+0000] {dag.py:2690} INFO - Sync 1 DAGs
[2023-05-11T19:02:16.262+0000] {logging_mixin.py:137} INFO - [2023-05-11T19:02:16.262+0000] {dag.py:3441} INFO - Setting next_dagrun for example_short_circuit_operator to 2023-05-10T19:02:16.262367+00:00, run_after=2023-05-11T19:02:16.262367+00:00
[2023-05-11T19:02:16.278+0000] {processor.py:175} INFO - Processing /home/airflow/.local/lib/python3.7/site-packages/airflow/example_dags/example_short_circuit_operator.py took 0.087 seconds
[2023-05-11T19:03:26.063+0000] {processor.py:153} INFO - Started process (PID=356) to work on /home/airflow/.local/lib/python3.7/site-packages/airflow/example_dags/example_short_circuit_operator.py
[2023-05-11T19:03:26.064+0000] {processor.py:743} INFO - Processing file /home/airflow/.local/lib/python3.7/site-packages/airflow/example_dags/example_short_circuit_operator.py for tasks to queue
[2023-05-11T19:03:26.065+0000] {logging_mixin.py:137} INFO - [2023-05-11T19:03:26.065+0000] {dagbag.py:538} INFO - Filling up the DagBag from /home/airflow/.local/lib/python3.7/site-packages/airflow/example_dags/example_short_circuit_operator.py
[2023-05-11T19:03:26.081+0000] {processor.py:753} INFO - DAG(s) dict_keys(['example_short_circuit_operator']) retrieved from /home/airflow/.local/lib/python3.7/site-packages/airflow/example_dags/example_short_circuit_operator.py
[2023-05-11T19:03:26.096+0000] {logging_mixin.py:137} INFO - [2023-05-11T19:03:26.096+0000] {dag.py:2690} INFO - Sync 1 DAGs
[2023-05-11T19:03:26.138+0000] {logging_mixin.py:137} INFO - [2023-05-11T19:03:26.137+0000] {dag.py:3441} INFO - Setting next_dagrun for example_short_circuit_operator to 2023-05-10T19:03:26.137652+00:00, run_after=2023-05-11T19:03:26.137652+00:00
[2023-05-11T19:03:26.155+0000] {processor.py:175} INFO - Processing /home/airflow/.local/lib/python3.7/site-packages/airflow/example_dags/example_short_circuit_operator.py took 0.095 seconds
[2023-05-11T19:03:56.489+0000] {processor.py:153} INFO - Started process (PID=586) to work on /home/airflow/.local/lib/python3.7/site-packages/airflow/example_dags/example_short_circuit_operator.py
[2023-05-11T19:03:56.490+0000] {processor.py:743} INFO - Processing file /home/airflow/.local/lib/python3.7/site-packages/airflow/example_dags/example_short_circuit_operator.py for tasks to queue
[2023-05-11T19:03:56.490+0000] {logging_mixin.py:137} INFO - [2023-05-11T19:03:56.490+0000] {dagbag.py:538} INFO - Filling up the DagBag from /home/airflow/.local/lib/python3.7/site-packages/airflow/example_dags/example_short_circuit_operator.py
[2023-05-11T19:03:56.505+0000] {processor.py:753} INFO - DAG(s) dict_keys(['example_short_circuit_operator']) retrieved from /home/airflow/.local/lib/python3.7/site-packages/airflow/example_dags/example_short_circuit_operator.py
[2023-05-11T19:03:56.527+0000] {logging_mixin.py:137} INFO - [2023-05-11T19:03:56.527+0000] {dag.py:2690} INFO - Sync 1 DAGs
[2023-05-11T19:03:56.549+0000] {logging_mixin.py:137} INFO - [2023-05-11T19:03:56.549+0000] {dag.py:3441} INFO - Setting next_dagrun for example_short_circuit_operator to 2023-05-10T19:03:56.549090+00:00, run_after=2023-05-11T19:03:56.549090+00:00
[2023-05-11T19:03:56.565+0000] {processor.py:175} INFO - Processing /home/airflow/.local/lib/python3.7/site-packages/airflow/example_dags/example_short_circuit_operator.py took 0.078 seconds
[2023-05-11T19:04:27.209+0000] {processor.py:153} INFO - Started process (PID=834) to work on /home/airflow/.local/lib/python3.7/site-packages/airflow/example_dags/example_short_circuit_operator.py
[2023-05-11T19:04:27.209+0000] {processor.py:743} INFO - Processing file /home/airflow/.local/lib/python3.7/site-packages/airflow/example_dags/example_short_circuit_operator.py for tasks to queue
[2023-05-11T19:04:27.210+0000] {logging_mixin.py:137} INFO - [2023-05-11T19:04:27.210+0000] {dagbag.py:538} INFO - Filling up the DagBag from /home/airflow/.local/lib/python3.7/site-packages/airflow/example_dags/example_short_circuit_operator.py
[2023-05-11T19:04:27.225+0000] {processor.py:753} INFO - DAG(s) dict_keys(['example_short_circuit_operator']) retrieved from /home/airflow/.local/lib/python3.7/site-packages/airflow/example_dags/example_short_circuit_operator.py
[2023-05-11T19:04:27.255+0000] {logging_mixin.py:137} INFO - [2023-05-11T19:04:27.254+0000] {dag.py:2690} INFO - Sync 1 DAGs
[2023-05-11T19:04:27.289+0000] {logging_mixin.py:137} INFO - [2023-05-11T19:04:27.289+0000] {dag.py:3441} INFO - Setting next_dagrun for example_short_circuit_operator to 2023-05-10T19:04:27.288948+00:00, run_after=2023-05-11T19:04:27.288948+00:00
[2023-05-11T19:04:27.308+0000] {processor.py:175} INFO - Processing /home/airflow/.local/lib/python3.7/site-packages/airflow/example_dags/example_short_circuit_operator.py took 0.102 seconds
[2023-05-11T19:04:57.607+0000] {processor.py:153} INFO - Started process (PID=1066) to work on /home/airflow/.local/lib/python3.7/site-packages/airflow/example_dags/example_short_circuit_operator.py
[2023-05-11T19:04:57.608+0000] {processor.py:743} INFO - Processing file /home/airflow/.local/lib/python3.7/site-packages/airflow/example_dags/example_short_circuit_operator.py for tasks to queue
[2023-05-11T19:04:57.609+0000] {logging_mixin.py:137} INFO - [2023-05-11T19:04:57.609+0000] {dagbag.py:538} INFO - Filling up the DagBag from /home/airflow/.local/lib/python3.7/site-packages/airflow/example_dags/example_short_circuit_operator.py
[2023-05-11T19:04:57.623+0000] {processor.py:753} INFO - DAG(s) dict_keys(['example_short_circuit_operator']) retrieved from /home/airflow/.local/lib/python3.7/site-packages/airflow/example_dags/example_short_circuit_operator.py
[2023-05-11T19:04:57.646+0000] {logging_mixin.py:137} INFO - [2023-05-11T19:04:57.646+0000] {dag.py:2690} INFO - Sync 1 DAGs
[2023-05-11T19:04:57.669+0000] {logging_mixin.py:137} INFO - [2023-05-11T19:04:57.669+0000] {dag.py:3441} INFO - Setting next_dagrun for example_short_circuit_operator to 2023-05-10T19:04:57.669306+00:00, run_after=2023-05-11T19:04:57.669306+00:00
[2023-05-11T19:04:57.689+0000] {processor.py:175} INFO - Processing /home/airflow/.local/lib/python3.7/site-packages/airflow/example_dags/example_short_circuit_operator.py took 0.085 seconds
[2023-05-11T19:05:27.846+0000] {processor.py:153} INFO - Started process (PID=1314) to work on /home/airflow/.local/lib/python3.7/site-packages/airflow/example_dags/example_short_circuit_operator.py
[2023-05-11T19:05:27.846+0000] {processor.py:743} INFO - Processing file /home/airflow/.local/lib/python3.7/site-packages/airflow/example_dags/example_short_circuit_operator.py for tasks to queue
[2023-05-11T19:05:27.847+0000] {logging_mixin.py:137} INFO - [2023-05-11T19:05:27.847+0000] {dagbag.py:538} INFO - Filling up the DagBag from /home/airflow/.local/lib/python3.7/site-packages/airflow/example_dags/example_short_circuit_operator.py
[2023-05-11T19:05:27.856+0000] {processor.py:753} INFO - DAG(s) dict_keys(['example_short_circuit_operator']) retrieved from /home/airflow/.local/lib/python3.7/site-packages/airflow/example_dags/example_short_circuit_operator.py
[2023-05-11T19:05:27.874+0000] {logging_mixin.py:137} INFO - [2023-05-11T19:05:27.874+0000] {dag.py:2690} INFO - Sync 1 DAGs
[2023-05-11T19:05:27.889+0000] {logging_mixin.py:137} INFO - [2023-05-11T19:05:27.889+0000] {dag.py:3441} INFO - Setting next_dagrun for example_short_circuit_operator to 2023-05-10T19:05:27.888982+00:00, run_after=2023-05-11T19:05:27.888982+00:00
[2023-05-11T19:05:27.900+0000] {processor.py:175} INFO - Processing /home/airflow/.local/lib/python3.7/site-packages/airflow/example_dags/example_short_circuit_operator.py took 0.056 seconds
[2023-05-11T19:05:58.897+0000] {processor.py:153} INFO - Started process (PID=1546) to work on /home/airflow/.local/lib/python3.7/site-packages/airflow/example_dags/example_short_circuit_operator.py
[2023-05-11T19:05:58.898+0000] {processor.py:743} INFO - Processing file /home/airflow/.local/lib/python3.7/site-packages/airflow/example_dags/example_short_circuit_operator.py for tasks to queue
[2023-05-11T19:05:58.898+0000] {logging_mixin.py:137} INFO - [2023-05-11T19:05:58.898+0000] {dagbag.py:538} INFO - Filling up the DagBag from /home/airflow/.local/lib/python3.7/site-packages/airflow/example_dags/example_short_circuit_operator.py
[2023-05-11T19:05:58.908+0000] {processor.py:753} INFO - DAG(s) dict_keys(['example_short_circuit_operator']) retrieved from /home/airflow/.local/lib/python3.7/site-packages/airflow/example_dags/example_short_circuit_operator.py
[2023-05-11T19:05:58.924+0000] {logging_mixin.py:137} INFO - [2023-05-11T19:05:58.924+0000] {dag.py:2690} INFO - Sync 1 DAGs
[2023-05-11T19:05:58.942+0000] {logging_mixin.py:137} INFO - [2023-05-11T19:05:58.942+0000] {dag.py:3441} INFO - Setting next_dagrun for example_short_circuit_operator to 2023-05-10T19:05:58.942491+00:00, run_after=2023-05-11T19:05:58.942491+00:00
[2023-05-11T19:05:58.954+0000] {processor.py:175} INFO - Processing /home/airflow/.local/lib/python3.7/site-packages/airflow/example_dags/example_short_circuit_operator.py took 0.059 seconds
[2023-05-11T19:06:29.605+0000] {processor.py:153} INFO - Started process (PID=1794) to work on /home/airflow/.local/lib/python3.7/site-packages/airflow/example_dags/example_short_circuit_operator.py
[2023-05-11T19:06:29.606+0000] {processor.py:743} INFO - Processing file /home/airflow/.local/lib/python3.7/site-packages/airflow/example_dags/example_short_circuit_operator.py for tasks to queue
[2023-05-11T19:06:29.606+0000] {logging_mixin.py:137} INFO - [2023-05-11T19:06:29.606+0000] {dagbag.py:538} INFO - Filling up the DagBag from /home/airflow/.local/lib/python3.7/site-packages/airflow/example_dags/example_short_circuit_operator.py
[2023-05-11T19:06:29.616+0000] {processor.py:753} INFO - DAG(s) dict_keys(['example_short_circuit_operator']) retrieved from /home/airflow/.local/lib/python3.7/site-packages/airflow/example_dags/example_short_circuit_operator.py
[2023-05-11T19:06:29.635+0000] {logging_mixin.py:137} INFO - [2023-05-11T19:06:29.635+0000] {dag.py:2690} INFO - Sync 1 DAGs
[2023-05-11T19:06:29.651+0000] {logging_mixin.py:137} INFO - [2023-05-11T19:06:29.651+0000] {dag.py:3441} INFO - Setting next_dagrun for example_short_circuit_operator to 2023-05-10T19:06:29.651028+00:00, run_after=2023-05-11T19:06:29.651028+00:00
[2023-05-11T19:06:29.663+0000] {processor.py:175} INFO - Processing /home/airflow/.local/lib/python3.7/site-packages/airflow/example_dags/example_short_circuit_operator.py took 0.060 seconds
[2023-05-11T19:06:59.888+0000] {processor.py:153} INFO - Started process (PID=2028) to work on /home/airflow/.local/lib/python3.7/site-packages/airflow/example_dags/example_short_circuit_operator.py
[2023-05-11T19:06:59.889+0000] {processor.py:743} INFO - Processing file /home/airflow/.local/lib/python3.7/site-packages/airflow/example_dags/example_short_circuit_operator.py for tasks to queue
[2023-05-11T19:06:59.889+0000] {logging_mixin.py:137} INFO - [2023-05-11T19:06:59.889+0000] {dagbag.py:538} INFO - Filling up the DagBag from /home/airflow/.local/lib/python3.7/site-packages/airflow/example_dags/example_short_circuit_operator.py
[2023-05-11T19:06:59.903+0000] {processor.py:753} INFO - DAG(s) dict_keys(['example_short_circuit_operator']) retrieved from /home/airflow/.local/lib/python3.7/site-packages/airflow/example_dags/example_short_circuit_operator.py
[2023-05-11T19:06:59.930+0000] {logging_mixin.py:137} INFO - [2023-05-11T19:06:59.930+0000] {dag.py:2690} INFO - Sync 1 DAGs
[2023-05-11T19:06:59.960+0000] {logging_mixin.py:137} INFO - [2023-05-11T19:06:59.960+0000] {dag.py:3441} INFO - Setting next_dagrun for example_short_circuit_operator to 2023-05-10T19:06:59.960165+00:00, run_after=2023-05-11T19:06:59.960165+00:00
[2023-05-11T19:06:59.977+0000] {processor.py:175} INFO - Processing /home/airflow/.local/lib/python3.7/site-packages/airflow/example_dags/example_short_circuit_operator.py took 0.092 seconds
[2023-05-11T19:07:30.466+0000] {processor.py:153} INFO - Started process (PID=2274) to work on /home/airflow/.local/lib/python3.7/site-packages/airflow/example_dags/example_short_circuit_operator.py
[2023-05-11T19:07:30.467+0000] {processor.py:743} INFO - Processing file /home/airflow/.local/lib/python3.7/site-packages/airflow/example_dags/example_short_circuit_operator.py for tasks to queue
[2023-05-11T19:07:30.467+0000] {logging_mixin.py:137} INFO - [2023-05-11T19:07:30.467+0000] {dagbag.py:538} INFO - Filling up the DagBag from /home/airflow/.local/lib/python3.7/site-packages/airflow/example_dags/example_short_circuit_operator.py
[2023-05-11T19:07:30.480+0000] {processor.py:753} INFO - DAG(s) dict_keys(['example_short_circuit_operator']) retrieved from /home/airflow/.local/lib/python3.7/site-packages/airflow/example_dags/example_short_circuit_operator.py
[2023-05-11T19:07:30.505+0000] {logging_mixin.py:137} INFO - [2023-05-11T19:07:30.505+0000] {dag.py:2690} INFO - Sync 1 DAGs
[2023-05-11T19:07:30.526+0000] {logging_mixin.py:137} INFO - [2023-05-11T19:07:30.526+0000] {dag.py:3441} INFO - Setting next_dagrun for example_short_circuit_operator to 2023-05-10T19:07:30.526116+00:00, run_after=2023-05-11T19:07:30.526116+00:00
[2023-05-11T19:07:30.541+0000] {processor.py:175} INFO - Processing /home/airflow/.local/lib/python3.7/site-packages/airflow/example_dags/example_short_circuit_operator.py took 0.078 seconds
[2023-05-11T19:08:00.711+0000] {processor.py:153} INFO - Started process (PID=2507) to work on /home/airflow/.local/lib/python3.7/site-packages/airflow/example_dags/example_short_circuit_operator.py
[2023-05-11T19:08:00.712+0000] {processor.py:743} INFO - Processing file /home/airflow/.local/lib/python3.7/site-packages/airflow/example_dags/example_short_circuit_operator.py for tasks to queue
[2023-05-11T19:08:00.712+0000] {logging_mixin.py:137} INFO - [2023-05-11T19:08:00.712+0000] {dagbag.py:538} INFO - Filling up the DagBag from /home/airflow/.local/lib/python3.7/site-packages/airflow/example_dags/example_short_circuit_operator.py
[2023-05-11T19:08:00.727+0000] {processor.py:753} INFO - DAG(s) dict_keys(['example_short_circuit_operator']) retrieved from /home/airflow/.local/lib/python3.7/site-packages/airflow/example_dags/example_short_circuit_operator.py
[2023-05-11T19:08:00.755+0000] {logging_mixin.py:137} INFO - [2023-05-11T19:08:00.755+0000] {dag.py:2690} INFO - Sync 1 DAGs
[2023-05-11T19:08:00.788+0000] {logging_mixin.py:137} INFO - [2023-05-11T19:08:00.788+0000] {dag.py:3441} INFO - Setting next_dagrun for example_short_circuit_operator to 2023-05-10T19:08:00.788428+00:00, run_after=2023-05-11T19:08:00.788428+00:00
[2023-05-11T19:08:00.808+0000] {processor.py:175} INFO - Processing /home/airflow/.local/lib/python3.7/site-packages/airflow/example_dags/example_short_circuit_operator.py took 0.099 seconds
[2023-05-11T19:09:22.295+0000] {processor.py:153} INFO - Started process (PID=357) to work on /home/airflow/.local/lib/python3.7/site-packages/airflow/example_dags/example_short_circuit_operator.py
[2023-05-11T19:09:22.295+0000] {processor.py:743} INFO - Processing file /home/airflow/.local/lib/python3.7/site-packages/airflow/example_dags/example_short_circuit_operator.py for tasks to queue
[2023-05-11T19:09:22.296+0000] {logging_mixin.py:137} INFO - [2023-05-11T19:09:22.296+0000] {dagbag.py:538} INFO - Filling up the DagBag from /home/airflow/.local/lib/python3.7/site-packages/airflow/example_dags/example_short_circuit_operator.py
[2023-05-11T19:09:22.310+0000] {processor.py:753} INFO - DAG(s) dict_keys(['example_short_circuit_operator']) retrieved from /home/airflow/.local/lib/python3.7/site-packages/airflow/example_dags/example_short_circuit_operator.py
[2023-05-11T19:09:22.321+0000] {logging_mixin.py:137} INFO - [2023-05-11T19:09:22.321+0000] {dag.py:2690} INFO - Sync 1 DAGs
[2023-05-11T19:09:22.344+0000] {logging_mixin.py:137} INFO - [2023-05-11T19:09:22.344+0000] {dag.py:3441} INFO - Setting next_dagrun for example_short_circuit_operator to 2023-05-10T19:09:22.343920+00:00, run_after=2023-05-11T19:09:22.343920+00:00
[2023-05-11T19:09:22.358+0000] {processor.py:175} INFO - Processing /home/airflow/.local/lib/python3.7/site-packages/airflow/example_dags/example_short_circuit_operator.py took 0.065 seconds
[2023-05-11T19:09:53.329+0000] {processor.py:153} INFO - Started process (PID=587) to work on /home/airflow/.local/lib/python3.7/site-packages/airflow/example_dags/example_short_circuit_operator.py
[2023-05-11T19:09:53.330+0000] {processor.py:743} INFO - Processing file /home/airflow/.local/lib/python3.7/site-packages/airflow/example_dags/example_short_circuit_operator.py for tasks to queue
[2023-05-11T19:09:53.330+0000] {logging_mixin.py:137} INFO - [2023-05-11T19:09:53.330+0000] {dagbag.py:538} INFO - Filling up the DagBag from /home/airflow/.local/lib/python3.7/site-packages/airflow/example_dags/example_short_circuit_operator.py
[2023-05-11T19:09:53.341+0000] {processor.py:753} INFO - DAG(s) dict_keys(['example_short_circuit_operator']) retrieved from /home/airflow/.local/lib/python3.7/site-packages/airflow/example_dags/example_short_circuit_operator.py
[2023-05-11T19:09:53.358+0000] {logging_mixin.py:137} INFO - [2023-05-11T19:09:53.357+0000] {dag.py:2690} INFO - Sync 1 DAGs
[2023-05-11T19:09:53.374+0000] {logging_mixin.py:137} INFO - [2023-05-11T19:09:53.374+0000] {dag.py:3441} INFO - Setting next_dagrun for example_short_circuit_operator to 2023-05-10T19:09:53.373871+00:00, run_after=2023-05-11T19:09:53.373871+00:00
[2023-05-11T19:09:53.385+0000] {processor.py:175} INFO - Processing /home/airflow/.local/lib/python3.7/site-packages/airflow/example_dags/example_short_circuit_operator.py took 0.057 seconds
[2023-05-11T19:10:23.430+0000] {processor.py:153} INFO - Started process (PID=835) to work on /home/airflow/.local/lib/python3.7/site-packages/airflow/example_dags/example_short_circuit_operator.py
[2023-05-11T19:10:23.431+0000] {processor.py:743} INFO - Processing file /home/airflow/.local/lib/python3.7/site-packages/airflow/example_dags/example_short_circuit_operator.py for tasks to queue
[2023-05-11T19:10:23.431+0000] {logging_mixin.py:137} INFO - [2023-05-11T19:10:23.431+0000] {dagbag.py:538} INFO - Filling up the DagBag from /home/airflow/.local/lib/python3.7/site-packages/airflow/example_dags/example_short_circuit_operator.py
[2023-05-11T19:10:23.441+0000] {processor.py:753} INFO - DAG(s) dict_keys(['example_short_circuit_operator']) retrieved from /home/airflow/.local/lib/python3.7/site-packages/airflow/example_dags/example_short_circuit_operator.py
[2023-05-11T19:10:23.459+0000] {logging_mixin.py:137} INFO - [2023-05-11T19:10:23.459+0000] {dag.py:2690} INFO - Sync 1 DAGs
[2023-05-11T19:10:23.476+0000] {logging_mixin.py:137} INFO - [2023-05-11T19:10:23.476+0000] {dag.py:3441} INFO - Setting next_dagrun for example_short_circuit_operator to 2023-05-10T19:10:23.475886+00:00, run_after=2023-05-11T19:10:23.475886+00:00
[2023-05-11T19:10:23.488+0000] {processor.py:175} INFO - Processing /home/airflow/.local/lib/python3.7/site-packages/airflow/example_dags/example_short_circuit_operator.py took 0.060 seconds
[2023-05-11T19:10:53.879+0000] {processor.py:153} INFO - Started process (PID=1067) to work on /home/airflow/.local/lib/python3.7/site-packages/airflow/example_dags/example_short_circuit_operator.py
[2023-05-11T19:10:53.879+0000] {processor.py:743} INFO - Processing file /home/airflow/.local/lib/python3.7/site-packages/airflow/example_dags/example_short_circuit_operator.py for tasks to queue
[2023-05-11T19:10:53.879+0000] {logging_mixin.py:137} INFO - [2023-05-11T19:10:53.879+0000] {dagbag.py:538} INFO - Filling up the DagBag from /home/airflow/.local/lib/python3.7/site-packages/airflow/example_dags/example_short_circuit_operator.py
[2023-05-11T19:10:53.889+0000] {processor.py:753} INFO - DAG(s) dict_keys(['example_short_circuit_operator']) retrieved from /home/airflow/.local/lib/python3.7/site-packages/airflow/example_dags/example_short_circuit_operator.py
[2023-05-11T19:10:53.905+0000] {logging_mixin.py:137} INFO - [2023-05-11T19:10:53.905+0000] {dag.py:2690} INFO - Sync 1 DAGs
[2023-05-11T19:10:53.920+0000] {logging_mixin.py:137} INFO - [2023-05-11T19:10:53.920+0000] {dag.py:3441} INFO - Setting next_dagrun for example_short_circuit_operator to 2023-05-10T19:10:53.920327+00:00, run_after=2023-05-11T19:10:53.920327+00:00
[2023-05-11T19:10:53.931+0000] {processor.py:175} INFO - Processing /home/airflow/.local/lib/python3.7/site-packages/airflow/example_dags/example_short_circuit_operator.py took 0.054 seconds
[2023-05-11T19:11:24.844+0000] {processor.py:153} INFO - Started process (PID=1315) to work on /home/airflow/.local/lib/python3.7/site-packages/airflow/example_dags/example_short_circuit_operator.py
[2023-05-11T19:11:24.845+0000] {processor.py:743} INFO - Processing file /home/airflow/.local/lib/python3.7/site-packages/airflow/example_dags/example_short_circuit_operator.py for tasks to queue
[2023-05-11T19:11:24.846+0000] {logging_mixin.py:137} INFO - [2023-05-11T19:11:24.845+0000] {dagbag.py:538} INFO - Filling up the DagBag from /home/airflow/.local/lib/python3.7/site-packages/airflow/example_dags/example_short_circuit_operator.py
[2023-05-11T19:11:24.859+0000] {processor.py:753} INFO - DAG(s) dict_keys(['example_short_circuit_operator']) retrieved from /home/airflow/.local/lib/python3.7/site-packages/airflow/example_dags/example_short_circuit_operator.py
[2023-05-11T19:11:24.886+0000] {logging_mixin.py:137} INFO - [2023-05-11T19:11:24.885+0000] {dag.py:2690} INFO - Sync 1 DAGs
[2023-05-11T19:11:24.909+0000] {logging_mixin.py:137} INFO - [2023-05-11T19:11:24.908+0000] {dag.py:3441} INFO - Setting next_dagrun for example_short_circuit_operator to 2023-05-10T19:11:24.908684+00:00, run_after=2023-05-11T19:11:24.908684+00:00
[2023-05-11T19:11:24.926+0000] {processor.py:175} INFO - Processing /home/airflow/.local/lib/python3.7/site-packages/airflow/example_dags/example_short_circuit_operator.py took 0.085 seconds
[2023-05-11T19:14:01.537+0000] {processor.py:153} INFO - Started process (PID=356) to work on /home/airflow/.local/lib/python3.7/site-packages/airflow/example_dags/example_short_circuit_operator.py
[2023-05-11T19:14:01.538+0000] {processor.py:743} INFO - Processing file /home/airflow/.local/lib/python3.7/site-packages/airflow/example_dags/example_short_circuit_operator.py for tasks to queue
[2023-05-11T19:14:01.538+0000] {logging_mixin.py:137} INFO - [2023-05-11T19:14:01.538+0000] {dagbag.py:538} INFO - Filling up the DagBag from /home/airflow/.local/lib/python3.7/site-packages/airflow/example_dags/example_short_circuit_operator.py
[2023-05-11T19:14:01.550+0000] {processor.py:753} INFO - DAG(s) dict_keys(['example_short_circuit_operator']) retrieved from /home/airflow/.local/lib/python3.7/site-packages/airflow/example_dags/example_short_circuit_operator.py
[2023-05-11T19:14:01.558+0000] {logging_mixin.py:137} INFO - [2023-05-11T19:14:01.558+0000] {dag.py:2690} INFO - Sync 1 DAGs
[2023-05-11T19:14:01.575+0000] {logging_mixin.py:137} INFO - [2023-05-11T19:14:01.575+0000] {dag.py:3441} INFO - Setting next_dagrun for example_short_circuit_operator to 2023-05-10T19:14:01.575102+00:00, run_after=2023-05-11T19:14:01.575102+00:00
[2023-05-11T19:14:01.588+0000] {processor.py:175} INFO - Processing /home/airflow/.local/lib/python3.7/site-packages/airflow/example_dags/example_short_circuit_operator.py took 0.052 seconds
[2023-05-11T19:14:32.742+0000] {processor.py:153} INFO - Started process (PID=588) to work on /home/airflow/.local/lib/python3.7/site-packages/airflow/example_dags/example_short_circuit_operator.py
[2023-05-11T19:14:32.743+0000] {processor.py:743} INFO - Processing file /home/airflow/.local/lib/python3.7/site-packages/airflow/example_dags/example_short_circuit_operator.py for tasks to queue
[2023-05-11T19:14:32.744+0000] {logging_mixin.py:137} INFO - [2023-05-11T19:14:32.744+0000] {dagbag.py:538} INFO - Filling up the DagBag from /home/airflow/.local/lib/python3.7/site-packages/airflow/example_dags/example_short_circuit_operator.py
[2023-05-11T19:14:32.757+0000] {processor.py:753} INFO - DAG(s) dict_keys(['example_short_circuit_operator']) retrieved from /home/airflow/.local/lib/python3.7/site-packages/airflow/example_dags/example_short_circuit_operator.py
[2023-05-11T19:14:32.780+0000] {logging_mixin.py:137} INFO - [2023-05-11T19:14:32.780+0000] {dag.py:2690} INFO - Sync 1 DAGs
[2023-05-11T19:14:32.802+0000] {logging_mixin.py:137} INFO - [2023-05-11T19:14:32.802+0000] {dag.py:3441} INFO - Setting next_dagrun for example_short_circuit_operator to 2023-05-10T19:14:32.801945+00:00, run_after=2023-05-11T19:14:32.801945+00:00
[2023-05-11T19:14:32.818+0000] {processor.py:175} INFO - Processing /home/airflow/.local/lib/python3.7/site-packages/airflow/example_dags/example_short_circuit_operator.py took 0.078 seconds
[2023-05-11T19:15:03.758+0000] {processor.py:153} INFO - Started process (PID=836) to work on /home/airflow/.local/lib/python3.7/site-packages/airflow/example_dags/example_short_circuit_operator.py
[2023-05-11T19:15:03.759+0000] {processor.py:743} INFO - Processing file /home/airflow/.local/lib/python3.7/site-packages/airflow/example_dags/example_short_circuit_operator.py for tasks to queue
[2023-05-11T19:15:03.760+0000] {logging_mixin.py:137} INFO - [2023-05-11T19:15:03.759+0000] {dagbag.py:538} INFO - Filling up the DagBag from /home/airflow/.local/lib/python3.7/site-packages/airflow/example_dags/example_short_circuit_operator.py
[2023-05-11T19:15:03.773+0000] {processor.py:753} INFO - DAG(s) dict_keys(['example_short_circuit_operator']) retrieved from /home/airflow/.local/lib/python3.7/site-packages/airflow/example_dags/example_short_circuit_operator.py
[2023-05-11T19:15:03.794+0000] {logging_mixin.py:137} INFO - [2023-05-11T19:15:03.793+0000] {dag.py:2690} INFO - Sync 1 DAGs
[2023-05-11T19:15:03.810+0000] {logging_mixin.py:137} INFO - [2023-05-11T19:15:03.810+0000] {dag.py:3441} INFO - Setting next_dagrun for example_short_circuit_operator to 2023-05-10T19:15:03.810353+00:00, run_after=2023-05-11T19:15:03.810353+00:00
[2023-05-11T19:15:03.822+0000] {processor.py:175} INFO - Processing /home/airflow/.local/lib/python3.7/site-packages/airflow/example_dags/example_short_circuit_operator.py took 0.066 seconds
[2023-05-11T19:15:34.045+0000] {processor.py:153} INFO - Started process (PID=1068) to work on /home/airflow/.local/lib/python3.7/site-packages/airflow/example_dags/example_short_circuit_operator.py
[2023-05-11T19:15:34.045+0000] {processor.py:743} INFO - Processing file /home/airflow/.local/lib/python3.7/site-packages/airflow/example_dags/example_short_circuit_operator.py for tasks to queue
[2023-05-11T19:15:34.046+0000] {logging_mixin.py:137} INFO - [2023-05-11T19:15:34.046+0000] {dagbag.py:538} INFO - Filling up the DagBag from /home/airflow/.local/lib/python3.7/site-packages/airflow/example_dags/example_short_circuit_operator.py
[2023-05-11T19:15:34.060+0000] {processor.py:753} INFO - DAG(s) dict_keys(['example_short_circuit_operator']) retrieved from /home/airflow/.local/lib/python3.7/site-packages/airflow/example_dags/example_short_circuit_operator.py
[2023-05-11T19:15:34.083+0000] {logging_mixin.py:137} INFO - [2023-05-11T19:15:34.083+0000] {dag.py:2690} INFO - Sync 1 DAGs
[2023-05-11T19:15:34.105+0000] {logging_mixin.py:137} INFO - [2023-05-11T19:15:34.105+0000] {dag.py:3441} INFO - Setting next_dagrun for example_short_circuit_operator to 2023-05-10T19:15:34.105311+00:00, run_after=2023-05-11T19:15:34.105311+00:00
[2023-05-11T19:15:34.122+0000] {processor.py:175} INFO - Processing /home/airflow/.local/lib/python3.7/site-packages/airflow/example_dags/example_short_circuit_operator.py took 0.080 seconds
[2023-05-11T19:16:04.381+0000] {processor.py:153} INFO - Started process (PID=1316) to work on /home/airflow/.local/lib/python3.7/site-packages/airflow/example_dags/example_short_circuit_operator.py
[2023-05-11T19:16:04.382+0000] {processor.py:743} INFO - Processing file /home/airflow/.local/lib/python3.7/site-packages/airflow/example_dags/example_short_circuit_operator.py for tasks to queue
[2023-05-11T19:16:04.383+0000] {logging_mixin.py:137} INFO - [2023-05-11T19:16:04.383+0000] {dagbag.py:538} INFO - Filling up the DagBag from /home/airflow/.local/lib/python3.7/site-packages/airflow/example_dags/example_short_circuit_operator.py
[2023-05-11T19:16:04.395+0000] {processor.py:753} INFO - DAG(s) dict_keys(['example_short_circuit_operator']) retrieved from /home/airflow/.local/lib/python3.7/site-packages/airflow/example_dags/example_short_circuit_operator.py
[2023-05-11T19:16:04.418+0000] {logging_mixin.py:137} INFO - [2023-05-11T19:16:04.418+0000] {dag.py:2690} INFO - Sync 1 DAGs
[2023-05-11T19:16:04.440+0000] {logging_mixin.py:137} INFO - [2023-05-11T19:16:04.440+0000] {dag.py:3441} INFO - Setting next_dagrun for example_short_circuit_operator to 2023-05-10T19:16:04.439909+00:00, run_after=2023-05-11T19:16:04.439909+00:00
[2023-05-11T19:16:04.456+0000] {processor.py:175} INFO - Processing /home/airflow/.local/lib/python3.7/site-packages/airflow/example_dags/example_short_circuit_operator.py took 0.077 seconds
[2023-05-11T19:16:34.554+0000] {processor.py:153} INFO - Started process (PID=1548) to work on /home/airflow/.local/lib/python3.7/site-packages/airflow/example_dags/example_short_circuit_operator.py
[2023-05-11T19:16:34.554+0000] {processor.py:743} INFO - Processing file /home/airflow/.local/lib/python3.7/site-packages/airflow/example_dags/example_short_circuit_operator.py for tasks to queue
[2023-05-11T19:16:34.554+0000] {logging_mixin.py:137} INFO - [2023-05-11T19:16:34.554+0000] {dagbag.py:538} INFO - Filling up the DagBag from /home/airflow/.local/lib/python3.7/site-packages/airflow/example_dags/example_short_circuit_operator.py
[2023-05-11T19:16:34.563+0000] {processor.py:753} INFO - DAG(s) dict_keys(['example_short_circuit_operator']) retrieved from /home/airflow/.local/lib/python3.7/site-packages/airflow/example_dags/example_short_circuit_operator.py
[2023-05-11T19:16:34.579+0000] {logging_mixin.py:137} INFO - [2023-05-11T19:16:34.579+0000] {dag.py:2690} INFO - Sync 1 DAGs
[2023-05-11T19:16:34.594+0000] {logging_mixin.py:137} INFO - [2023-05-11T19:16:34.594+0000] {dag.py:3441} INFO - Setting next_dagrun for example_short_circuit_operator to 2023-05-10T19:16:34.594214+00:00, run_after=2023-05-11T19:16:34.594214+00:00
[2023-05-11T19:16:34.604+0000] {processor.py:175} INFO - Processing /home/airflow/.local/lib/python3.7/site-packages/airflow/example_dags/example_short_circuit_operator.py took 0.053 seconds
[2023-05-11T19:17:05.721+0000] {processor.py:153} INFO - Started process (PID=1794) to work on /home/airflow/.local/lib/python3.7/site-packages/airflow/example_dags/example_short_circuit_operator.py
[2023-05-11T19:17:05.721+0000] {processor.py:743} INFO - Processing file /home/airflow/.local/lib/python3.7/site-packages/airflow/example_dags/example_short_circuit_operator.py for tasks to queue
[2023-05-11T19:17:05.722+0000] {logging_mixin.py:137} INFO - [2023-05-11T19:17:05.722+0000] {dagbag.py:538} INFO - Filling up the DagBag from /home/airflow/.local/lib/python3.7/site-packages/airflow/example_dags/example_short_circuit_operator.py
[2023-05-11T19:17:05.736+0000] {processor.py:753} INFO - DAG(s) dict_keys(['example_short_circuit_operator']) retrieved from /home/airflow/.local/lib/python3.7/site-packages/airflow/example_dags/example_short_circuit_operator.py
[2023-05-11T19:17:05.759+0000] {logging_mixin.py:137} INFO - [2023-05-11T19:17:05.759+0000] {dag.py:2690} INFO - Sync 1 DAGs
[2023-05-11T19:17:05.782+0000] {logging_mixin.py:137} INFO - [2023-05-11T19:17:05.782+0000] {dag.py:3441} INFO - Setting next_dagrun for example_short_circuit_operator to 2023-05-10T19:17:05.782115+00:00, run_after=2023-05-11T19:17:05.782115+00:00
[2023-05-11T19:17:05.798+0000] {processor.py:175} INFO - Processing /home/airflow/.local/lib/python3.7/site-packages/airflow/example_dags/example_short_circuit_operator.py took 0.080 seconds
[2023-05-11T19:17:36.437+0000] {processor.py:153} INFO - Started process (PID=2049) to work on /home/airflow/.local/lib/python3.7/site-packages/airflow/example_dags/example_short_circuit_operator.py
[2023-05-11T19:17:36.439+0000] {processor.py:743} INFO - Processing file /home/airflow/.local/lib/python3.7/site-packages/airflow/example_dags/example_short_circuit_operator.py for tasks to queue
[2023-05-11T19:17:36.439+0000] {logging_mixin.py:137} INFO - [2023-05-11T19:17:36.439+0000] {dagbag.py:538} INFO - Filling up the DagBag from /home/airflow/.local/lib/python3.7/site-packages/airflow/example_dags/example_short_circuit_operator.py
[2023-05-11T19:17:36.454+0000] {processor.py:753} INFO - DAG(s) dict_keys(['example_short_circuit_operator']) retrieved from /home/airflow/.local/lib/python3.7/site-packages/airflow/example_dags/example_short_circuit_operator.py
[2023-05-11T19:17:36.482+0000] {logging_mixin.py:137} INFO - [2023-05-11T19:17:36.482+0000] {dag.py:2690} INFO - Sync 1 DAGs
[2023-05-11T19:17:36.514+0000] {logging_mixin.py:137} INFO - [2023-05-11T19:17:36.514+0000] {dag.py:3441} INFO - Setting next_dagrun for example_short_circuit_operator to 2023-05-10T19:17:36.514409+00:00, run_after=2023-05-11T19:17:36.514409+00:00
[2023-05-11T19:17:36.534+0000] {processor.py:175} INFO - Processing /home/airflow/.local/lib/python3.7/site-packages/airflow/example_dags/example_short_circuit_operator.py took 0.100 seconds
[2023-05-11T19:18:07.421+0000] {processor.py:153} INFO - Started process (PID=2283) to work on /home/airflow/.local/lib/python3.7/site-packages/airflow/example_dags/example_short_circuit_operator.py
[2023-05-11T19:18:07.422+0000] {processor.py:743} INFO - Processing file /home/airflow/.local/lib/python3.7/site-packages/airflow/example_dags/example_short_circuit_operator.py for tasks to queue
[2023-05-11T19:18:07.422+0000] {logging_mixin.py:137} INFO - [2023-05-11T19:18:07.422+0000] {dagbag.py:538} INFO - Filling up the DagBag from /home/airflow/.local/lib/python3.7/site-packages/airflow/example_dags/example_short_circuit_operator.py
[2023-05-11T19:18:07.435+0000] {processor.py:753} INFO - DAG(s) dict_keys(['example_short_circuit_operator']) retrieved from /home/airflow/.local/lib/python3.7/site-packages/airflow/example_dags/example_short_circuit_operator.py
[2023-05-11T19:18:07.459+0000] {logging_mixin.py:137} INFO - [2023-05-11T19:18:07.459+0000] {dag.py:2690} INFO - Sync 1 DAGs
[2023-05-11T19:18:07.481+0000] {logging_mixin.py:137} INFO - [2023-05-11T19:18:07.481+0000] {dag.py:3441} INFO - Setting next_dagrun for example_short_circuit_operator to 2023-05-10T19:18:07.480808+00:00, run_after=2023-05-11T19:18:07.480808+00:00
[2023-05-11T19:18:07.499+0000] {processor.py:175} INFO - Processing /home/airflow/.local/lib/python3.7/site-packages/airflow/example_dags/example_short_circuit_operator.py took 0.080 seconds
[2023-05-11T19:18:38.120+0000] {processor.py:153} INFO - Started process (PID=2530) to work on /home/airflow/.local/lib/python3.7/site-packages/airflow/example_dags/example_short_circuit_operator.py
[2023-05-11T19:18:38.120+0000] {processor.py:743} INFO - Processing file /home/airflow/.local/lib/python3.7/site-packages/airflow/example_dags/example_short_circuit_operator.py for tasks to queue
[2023-05-11T19:18:38.121+0000] {logging_mixin.py:137} INFO - [2023-05-11T19:18:38.121+0000] {dagbag.py:538} INFO - Filling up the DagBag from /home/airflow/.local/lib/python3.7/site-packages/airflow/example_dags/example_short_circuit_operator.py
[2023-05-11T19:18:38.130+0000] {processor.py:753} INFO - DAG(s) dict_keys(['example_short_circuit_operator']) retrieved from /home/airflow/.local/lib/python3.7/site-packages/airflow/example_dags/example_short_circuit_operator.py
[2023-05-11T19:18:38.148+0000] {logging_mixin.py:137} INFO - [2023-05-11T19:18:38.148+0000] {dag.py:2690} INFO - Sync 1 DAGs
[2023-05-11T19:18:38.170+0000] {logging_mixin.py:137} INFO - [2023-05-11T19:18:38.170+0000] {dag.py:3441} INFO - Setting next_dagrun for example_short_circuit_operator to 2023-05-10T19:18:38.170659+00:00, run_after=2023-05-11T19:18:38.170659+00:00
[2023-05-11T19:18:38.182+0000] {processor.py:175} INFO - Processing /home/airflow/.local/lib/python3.7/site-packages/airflow/example_dags/example_short_circuit_operator.py took 0.065 seconds
[2023-05-11T19:19:08.471+0000] {processor.py:153} INFO - Started process (PID=2762) to work on /home/airflow/.local/lib/python3.7/site-packages/airflow/example_dags/example_short_circuit_operator.py
[2023-05-11T19:19:08.472+0000] {processor.py:743} INFO - Processing file /home/airflow/.local/lib/python3.7/site-packages/airflow/example_dags/example_short_circuit_operator.py for tasks to queue
[2023-05-11T19:19:08.473+0000] {logging_mixin.py:137} INFO - [2023-05-11T19:19:08.473+0000] {dagbag.py:538} INFO - Filling up the DagBag from /home/airflow/.local/lib/python3.7/site-packages/airflow/example_dags/example_short_circuit_operator.py
[2023-05-11T19:19:08.492+0000] {processor.py:753} INFO - DAG(s) dict_keys(['example_short_circuit_operator']) retrieved from /home/airflow/.local/lib/python3.7/site-packages/airflow/example_dags/example_short_circuit_operator.py
[2023-05-11T19:19:08.517+0000] {logging_mixin.py:137} INFO - [2023-05-11T19:19:08.517+0000] {dag.py:2690} INFO - Sync 1 DAGs
[2023-05-11T19:19:08.538+0000] {logging_mixin.py:137} INFO - [2023-05-11T19:19:08.538+0000] {dag.py:3441} INFO - Setting next_dagrun for example_short_circuit_operator to 2023-05-10T19:19:08.538636+00:00, run_after=2023-05-11T19:19:08.538636+00:00
[2023-05-11T19:19:08.555+0000] {processor.py:175} INFO - Processing /home/airflow/.local/lib/python3.7/site-packages/airflow/example_dags/example_short_circuit_operator.py took 0.087 seconds
[2023-05-11T19:19:39.309+0000] {processor.py:153} INFO - Started process (PID=3012) to work on /home/airflow/.local/lib/python3.7/site-packages/airflow/example_dags/example_short_circuit_operator.py
[2023-05-11T19:19:39.310+0000] {processor.py:743} INFO - Processing file /home/airflow/.local/lib/python3.7/site-packages/airflow/example_dags/example_short_circuit_operator.py for tasks to queue
[2023-05-11T19:19:39.310+0000] {logging_mixin.py:137} INFO - [2023-05-11T19:19:39.310+0000] {dagbag.py:538} INFO - Filling up the DagBag from /home/airflow/.local/lib/python3.7/site-packages/airflow/example_dags/example_short_circuit_operator.py
[2023-05-11T19:19:39.323+0000] {processor.py:753} INFO - DAG(s) dict_keys(['example_short_circuit_operator']) retrieved from /home/airflow/.local/lib/python3.7/site-packages/airflow/example_dags/example_short_circuit_operator.py
[2023-05-11T19:19:39.347+0000] {logging_mixin.py:137} INFO - [2023-05-11T19:19:39.347+0000] {dag.py:2690} INFO - Sync 1 DAGs
[2023-05-11T19:19:39.369+0000] {logging_mixin.py:137} INFO - [2023-05-11T19:19:39.369+0000] {dag.py:3441} INFO - Setting next_dagrun for example_short_circuit_operator to 2023-05-10T19:19:39.368829+00:00, run_after=2023-05-11T19:19:39.368829+00:00
[2023-05-11T19:19:39.385+0000] {processor.py:175} INFO - Processing /home/airflow/.local/lib/python3.7/site-packages/airflow/example_dags/example_short_circuit_operator.py took 0.080 seconds
[2023-05-11T19:20:09.676+0000] {processor.py:153} INFO - Started process (PID=3244) to work on /home/airflow/.local/lib/python3.7/site-packages/airflow/example_dags/example_short_circuit_operator.py
[2023-05-11T19:20:09.677+0000] {processor.py:743} INFO - Processing file /home/airflow/.local/lib/python3.7/site-packages/airflow/example_dags/example_short_circuit_operator.py for tasks to queue
[2023-05-11T19:20:09.677+0000] {logging_mixin.py:137} INFO - [2023-05-11T19:20:09.677+0000] {dagbag.py:538} INFO - Filling up the DagBag from /home/airflow/.local/lib/python3.7/site-packages/airflow/example_dags/example_short_circuit_operator.py
[2023-05-11T19:20:09.691+0000] {processor.py:753} INFO - DAG(s) dict_keys(['example_short_circuit_operator']) retrieved from /home/airflow/.local/lib/python3.7/site-packages/airflow/example_dags/example_short_circuit_operator.py
[2023-05-11T19:20:09.715+0000] {logging_mixin.py:137} INFO - [2023-05-11T19:20:09.714+0000] {dag.py:2690} INFO - Sync 1 DAGs
[2023-05-11T19:20:09.737+0000] {logging_mixin.py:137} INFO - [2023-05-11T19:20:09.737+0000] {dag.py:3441} INFO - Setting next_dagrun for example_short_circuit_operator to 2023-05-10T19:20:09.736973+00:00, run_after=2023-05-11T19:20:09.736973+00:00
[2023-05-11T19:20:09.753+0000] {processor.py:175} INFO - Processing /home/airflow/.local/lib/python3.7/site-packages/airflow/example_dags/example_short_circuit_operator.py took 0.079 seconds
[2023-05-11T19:20:40.237+0000] {processor.py:153} INFO - Started process (PID=3492) to work on /home/airflow/.local/lib/python3.7/site-packages/airflow/example_dags/example_short_circuit_operator.py
[2023-05-11T19:20:40.238+0000] {processor.py:743} INFO - Processing file /home/airflow/.local/lib/python3.7/site-packages/airflow/example_dags/example_short_circuit_operator.py for tasks to queue
[2023-05-11T19:20:40.238+0000] {logging_mixin.py:137} INFO - [2023-05-11T19:20:40.238+0000] {dagbag.py:538} INFO - Filling up the DagBag from /home/airflow/.local/lib/python3.7/site-packages/airflow/example_dags/example_short_circuit_operator.py
[2023-05-11T19:20:40.248+0000] {processor.py:753} INFO - DAG(s) dict_keys(['example_short_circuit_operator']) retrieved from /home/airflow/.local/lib/python3.7/site-packages/airflow/example_dags/example_short_circuit_operator.py
[2023-05-11T19:20:40.266+0000] {logging_mixin.py:137} INFO - [2023-05-11T19:20:40.266+0000] {dag.py:2690} INFO - Sync 1 DAGs
[2023-05-11T19:20:40.281+0000] {logging_mixin.py:137} INFO - [2023-05-11T19:20:40.281+0000] {dag.py:3441} INFO - Setting next_dagrun for example_short_circuit_operator to 2023-05-10T19:20:40.280878+00:00, run_after=2023-05-11T19:20:40.280878+00:00
[2023-05-11T19:20:40.293+0000] {processor.py:175} INFO - Processing /home/airflow/.local/lib/python3.7/site-packages/airflow/example_dags/example_short_circuit_operator.py took 0.058 seconds
[2023-05-11T19:21:10.542+0000] {processor.py:153} INFO - Started process (PID=3724) to work on /home/airflow/.local/lib/python3.7/site-packages/airflow/example_dags/example_short_circuit_operator.py
[2023-05-11T19:21:10.542+0000] {processor.py:743} INFO - Processing file /home/airflow/.local/lib/python3.7/site-packages/airflow/example_dags/example_short_circuit_operator.py for tasks to queue
[2023-05-11T19:21:10.543+0000] {logging_mixin.py:137} INFO - [2023-05-11T19:21:10.543+0000] {dagbag.py:538} INFO - Filling up the DagBag from /home/airflow/.local/lib/python3.7/site-packages/airflow/example_dags/example_short_circuit_operator.py
[2023-05-11T19:21:10.560+0000] {processor.py:753} INFO - DAG(s) dict_keys(['example_short_circuit_operator']) retrieved from /home/airflow/.local/lib/python3.7/site-packages/airflow/example_dags/example_short_circuit_operator.py
[2023-05-11T19:21:10.585+0000] {logging_mixin.py:137} INFO - [2023-05-11T19:21:10.585+0000] {dag.py:2690} INFO - Sync 1 DAGs
[2023-05-11T19:21:10.607+0000] {logging_mixin.py:137} INFO - [2023-05-11T19:21:10.607+0000] {dag.py:3441} INFO - Setting next_dagrun for example_short_circuit_operator to 2023-05-10T19:21:10.607285+00:00, run_after=2023-05-11T19:21:10.607285+00:00
[2023-05-11T19:21:10.625+0000] {processor.py:175} INFO - Processing /home/airflow/.local/lib/python3.7/site-packages/airflow/example_dags/example_short_circuit_operator.py took 0.085 seconds
[2023-05-11T19:21:41.152+0000] {processor.py:153} INFO - Started process (PID=3972) to work on /home/airflow/.local/lib/python3.7/site-packages/airflow/example_dags/example_short_circuit_operator.py
[2023-05-11T19:21:41.152+0000] {processor.py:743} INFO - Processing file /home/airflow/.local/lib/python3.7/site-packages/airflow/example_dags/example_short_circuit_operator.py for tasks to queue
[2023-05-11T19:21:41.153+0000] {logging_mixin.py:137} INFO - [2023-05-11T19:21:41.153+0000] {dagbag.py:538} INFO - Filling up the DagBag from /home/airflow/.local/lib/python3.7/site-packages/airflow/example_dags/example_short_circuit_operator.py
[2023-05-11T19:21:41.162+0000] {processor.py:753} INFO - DAG(s) dict_keys(['example_short_circuit_operator']) retrieved from /home/airflow/.local/lib/python3.7/site-packages/airflow/example_dags/example_short_circuit_operator.py
[2023-05-11T19:21:41.180+0000] {logging_mixin.py:137} INFO - [2023-05-11T19:21:41.180+0000] {dag.py:2690} INFO - Sync 1 DAGs
[2023-05-11T19:21:41.195+0000] {logging_mixin.py:137} INFO - [2023-05-11T19:21:41.195+0000] {dag.py:3441} INFO - Setting next_dagrun for example_short_circuit_operator to 2023-05-10T19:21:41.195659+00:00, run_after=2023-05-11T19:21:41.195659+00:00
[2023-05-11T19:21:41.209+0000] {processor.py:175} INFO - Processing /home/airflow/.local/lib/python3.7/site-packages/airflow/example_dags/example_short_circuit_operator.py took 0.059 seconds
[2023-05-11T19:22:11.327+0000] {processor.py:153} INFO - Started process (PID=4204) to work on /home/airflow/.local/lib/python3.7/site-packages/airflow/example_dags/example_short_circuit_operator.py
[2023-05-11T19:22:11.327+0000] {processor.py:743} INFO - Processing file /home/airflow/.local/lib/python3.7/site-packages/airflow/example_dags/example_short_circuit_operator.py for tasks to queue
[2023-05-11T19:22:11.327+0000] {logging_mixin.py:137} INFO - [2023-05-11T19:22:11.327+0000] {dagbag.py:538} INFO - Filling up the DagBag from /home/airflow/.local/lib/python3.7/site-packages/airflow/example_dags/example_short_circuit_operator.py
[2023-05-11T19:22:11.337+0000] {processor.py:753} INFO - DAG(s) dict_keys(['example_short_circuit_operator']) retrieved from /home/airflow/.local/lib/python3.7/site-packages/airflow/example_dags/example_short_circuit_operator.py
[2023-05-11T19:22:11.354+0000] {logging_mixin.py:137} INFO - [2023-05-11T19:22:11.354+0000] {dag.py:2690} INFO - Sync 1 DAGs
[2023-05-11T19:22:11.370+0000] {logging_mixin.py:137} INFO - [2023-05-11T19:22:11.370+0000] {dag.py:3441} INFO - Setting next_dagrun for example_short_circuit_operator to 2023-05-10T19:22:11.370439+00:00, run_after=2023-05-11T19:22:11.370439+00:00
[2023-05-11T19:22:11.382+0000] {processor.py:175} INFO - Processing /home/airflow/.local/lib/python3.7/site-packages/airflow/example_dags/example_short_circuit_operator.py took 0.058 seconds
[2023-05-11T19:22:41.985+0000] {processor.py:153} INFO - Started process (PID=4453) to work on /home/airflow/.local/lib/python3.7/site-packages/airflow/example_dags/example_short_circuit_operator.py
[2023-05-11T19:22:41.985+0000] {processor.py:743} INFO - Processing file /home/airflow/.local/lib/python3.7/site-packages/airflow/example_dags/example_short_circuit_operator.py for tasks to queue
[2023-05-11T19:22:41.986+0000] {logging_mixin.py:137} INFO - [2023-05-11T19:22:41.985+0000] {dagbag.py:538} INFO - Filling up the DagBag from /home/airflow/.local/lib/python3.7/site-packages/airflow/example_dags/example_short_circuit_operator.py
[2023-05-11T19:22:41.995+0000] {processor.py:753} INFO - DAG(s) dict_keys(['example_short_circuit_operator']) retrieved from /home/airflow/.local/lib/python3.7/site-packages/airflow/example_dags/example_short_circuit_operator.py
[2023-05-11T19:22:42.013+0000] {logging_mixin.py:137} INFO - [2023-05-11T19:22:42.013+0000] {dag.py:2690} INFO - Sync 1 DAGs
[2023-05-11T19:22:42.028+0000] {logging_mixin.py:137} INFO - [2023-05-11T19:22:42.028+0000] {dag.py:3441} INFO - Setting next_dagrun for example_short_circuit_operator to 2023-05-10T19:22:42.028388+00:00, run_after=2023-05-11T19:22:42.028388+00:00
[2023-05-11T19:22:42.040+0000] {processor.py:175} INFO - Processing /home/airflow/.local/lib/python3.7/site-packages/airflow/example_dags/example_short_circuit_operator.py took 0.057 seconds
[2023-05-11T19:23:12.402+0000] {processor.py:153} INFO - Started process (PID=4685) to work on /home/airflow/.local/lib/python3.7/site-packages/airflow/example_dags/example_short_circuit_operator.py
[2023-05-11T19:23:12.402+0000] {processor.py:743} INFO - Processing file /home/airflow/.local/lib/python3.7/site-packages/airflow/example_dags/example_short_circuit_operator.py for tasks to queue
[2023-05-11T19:23:12.403+0000] {logging_mixin.py:137} INFO - [2023-05-11T19:23:12.403+0000] {dagbag.py:538} INFO - Filling up the DagBag from /home/airflow/.local/lib/python3.7/site-packages/airflow/example_dags/example_short_circuit_operator.py
[2023-05-11T19:23:12.416+0000] {processor.py:753} INFO - DAG(s) dict_keys(['example_short_circuit_operator']) retrieved from /home/airflow/.local/lib/python3.7/site-packages/airflow/example_dags/example_short_circuit_operator.py
[2023-05-11T19:23:12.442+0000] {logging_mixin.py:137} INFO - [2023-05-11T19:23:12.442+0000] {dag.py:2690} INFO - Sync 1 DAGs
[2023-05-11T19:23:12.464+0000] {logging_mixin.py:137} INFO - [2023-05-11T19:23:12.464+0000] {dag.py:3441} INFO - Setting next_dagrun for example_short_circuit_operator to 2023-05-10T19:23:12.463956+00:00, run_after=2023-05-11T19:23:12.463956+00:00
[2023-05-11T19:23:12.480+0000] {processor.py:175} INFO - Processing /home/airflow/.local/lib/python3.7/site-packages/airflow/example_dags/example_short_circuit_operator.py took 0.081 seconds
[2023-05-11T19:23:42.588+0000] {processor.py:153} INFO - Started process (PID=4932) to work on /home/airflow/.local/lib/python3.7/site-packages/airflow/example_dags/example_short_circuit_operator.py
[2023-05-11T19:23:42.589+0000] {processor.py:743} INFO - Processing file /home/airflow/.local/lib/python3.7/site-packages/airflow/example_dags/example_short_circuit_operator.py for tasks to queue
[2023-05-11T19:23:42.589+0000] {logging_mixin.py:137} INFO - [2023-05-11T19:23:42.589+0000] {dagbag.py:538} INFO - Filling up the DagBag from /home/airflow/.local/lib/python3.7/site-packages/airflow/example_dags/example_short_circuit_operator.py
[2023-05-11T19:23:42.603+0000] {processor.py:753} INFO - DAG(s) dict_keys(['example_short_circuit_operator']) retrieved from /home/airflow/.local/lib/python3.7/site-packages/airflow/example_dags/example_short_circuit_operator.py
[2023-05-11T19:23:42.628+0000] {logging_mixin.py:137} INFO - [2023-05-11T19:23:42.627+0000] {dag.py:2690} INFO - Sync 1 DAGs
[2023-05-11T19:23:42.654+0000] {logging_mixin.py:137} INFO - [2023-05-11T19:23:42.653+0000] {dag.py:3441} INFO - Setting next_dagrun for example_short_circuit_operator to 2023-05-10T19:23:42.653616+00:00, run_after=2023-05-11T19:23:42.653616+00:00
[2023-05-11T19:23:42.677+0000] {processor.py:175} INFO - Processing /home/airflow/.local/lib/python3.7/site-packages/airflow/example_dags/example_short_circuit_operator.py took 0.092 seconds
[2023-05-11T19:24:13.168+0000] {processor.py:153} INFO - Started process (PID=5164) to work on /home/airflow/.local/lib/python3.7/site-packages/airflow/example_dags/example_short_circuit_operator.py
[2023-05-11T19:24:13.168+0000] {processor.py:743} INFO - Processing file /home/airflow/.local/lib/python3.7/site-packages/airflow/example_dags/example_short_circuit_operator.py for tasks to queue
[2023-05-11T19:24:13.169+0000] {logging_mixin.py:137} INFO - [2023-05-11T19:24:13.169+0000] {dagbag.py:538} INFO - Filling up the DagBag from /home/airflow/.local/lib/python3.7/site-packages/airflow/example_dags/example_short_circuit_operator.py
[2023-05-11T19:24:13.183+0000] {processor.py:753} INFO - DAG(s) dict_keys(['example_short_circuit_operator']) retrieved from /home/airflow/.local/lib/python3.7/site-packages/airflow/example_dags/example_short_circuit_operator.py
[2023-05-11T19:24:13.217+0000] {logging_mixin.py:137} INFO - [2023-05-11T19:24:13.216+0000] {dag.py:2690} INFO - Sync 1 DAGs
[2023-05-11T19:24:13.252+0000] {logging_mixin.py:137} INFO - [2023-05-11T19:24:13.252+0000] {dag.py:3441} INFO - Setting next_dagrun for example_short_circuit_operator to 2023-05-10T19:24:13.252393+00:00, run_after=2023-05-11T19:24:13.252393+00:00
[2023-05-11T19:24:13.273+0000] {processor.py:175} INFO - Processing /home/airflow/.local/lib/python3.7/site-packages/airflow/example_dags/example_short_circuit_operator.py took 0.109 seconds
[2023-05-11T19:24:43.348+0000] {processor.py:153} INFO - Started process (PID=5414) to work on /home/airflow/.local/lib/python3.7/site-packages/airflow/example_dags/example_short_circuit_operator.py
[2023-05-11T19:24:43.349+0000] {processor.py:743} INFO - Processing file /home/airflow/.local/lib/python3.7/site-packages/airflow/example_dags/example_short_circuit_operator.py for tasks to queue
[2023-05-11T19:24:43.349+0000] {logging_mixin.py:137} INFO - [2023-05-11T19:24:43.349+0000] {dagbag.py:538} INFO - Filling up the DagBag from /home/airflow/.local/lib/python3.7/site-packages/airflow/example_dags/example_short_circuit_operator.py
[2023-05-11T19:24:43.362+0000] {processor.py:753} INFO - DAG(s) dict_keys(['example_short_circuit_operator']) retrieved from /home/airflow/.local/lib/python3.7/site-packages/airflow/example_dags/example_short_circuit_operator.py
[2023-05-11T19:24:43.382+0000] {logging_mixin.py:137} INFO - [2023-05-11T19:24:43.382+0000] {dag.py:2690} INFO - Sync 1 DAGs
[2023-05-11T19:24:43.398+0000] {logging_mixin.py:137} INFO - [2023-05-11T19:24:43.398+0000] {dag.py:3441} INFO - Setting next_dagrun for example_short_circuit_operator to 2023-05-10T19:24:43.397929+00:00, run_after=2023-05-11T19:24:43.397929+00:00
[2023-05-11T19:24:43.409+0000] {processor.py:175} INFO - Processing /home/airflow/.local/lib/python3.7/site-packages/airflow/example_dags/example_short_circuit_operator.py took 0.063 seconds
[2023-05-11T19:25:29.195+0000] {processor.py:153} INFO - Started process (PID=354) to work on /home/airflow/.local/lib/python3.7/site-packages/airflow/example_dags/example_short_circuit_operator.py
[2023-05-11T19:25:29.195+0000] {processor.py:743} INFO - Processing file /home/airflow/.local/lib/python3.7/site-packages/airflow/example_dags/example_short_circuit_operator.py for tasks to queue
[2023-05-11T19:25:29.196+0000] {logging_mixin.py:137} INFO - [2023-05-11T19:25:29.196+0000] {dagbag.py:538} INFO - Filling up the DagBag from /home/airflow/.local/lib/python3.7/site-packages/airflow/example_dags/example_short_circuit_operator.py
[2023-05-11T19:25:29.210+0000] {processor.py:753} INFO - DAG(s) dict_keys(['example_short_circuit_operator']) retrieved from /home/airflow/.local/lib/python3.7/site-packages/airflow/example_dags/example_short_circuit_operator.py
[2023-05-11T19:25:29.220+0000] {logging_mixin.py:137} INFO - [2023-05-11T19:25:29.220+0000] {dag.py:2690} INFO - Sync 1 DAGs
[2023-05-11T19:25:29.247+0000] {logging_mixin.py:137} INFO - [2023-05-11T19:25:29.247+0000] {dag.py:3441} INFO - Setting next_dagrun for example_short_circuit_operator to 2023-05-10T19:25:29.247051+00:00, run_after=2023-05-11T19:25:29.247051+00:00
[2023-05-11T19:25:29.264+0000] {processor.py:175} INFO - Processing /home/airflow/.local/lib/python3.7/site-packages/airflow/example_dags/example_short_circuit_operator.py took 0.072 seconds
[2023-05-11T19:25:59.958+0000] {processor.py:153} INFO - Started process (PID=586) to work on /home/airflow/.local/lib/python3.7/site-packages/airflow/example_dags/example_short_circuit_operator.py
[2023-05-11T19:25:59.959+0000] {processor.py:743} INFO - Processing file /home/airflow/.local/lib/python3.7/site-packages/airflow/example_dags/example_short_circuit_operator.py for tasks to queue
[2023-05-11T19:25:59.959+0000] {logging_mixin.py:137} INFO - [2023-05-11T19:25:59.959+0000] {dagbag.py:538} INFO - Filling up the DagBag from /home/airflow/.local/lib/python3.7/site-packages/airflow/example_dags/example_short_circuit_operator.py
[2023-05-11T19:25:59.971+0000] {processor.py:753} INFO - DAG(s) dict_keys(['example_short_circuit_operator']) retrieved from /home/airflow/.local/lib/python3.7/site-packages/airflow/example_dags/example_short_circuit_operator.py
[2023-05-11T19:25:59.991+0000] {logging_mixin.py:137} INFO - [2023-05-11T19:25:59.991+0000] {dag.py:2690} INFO - Sync 1 DAGs
[2023-05-11T19:26:00.009+0000] {logging_mixin.py:137} INFO - [2023-05-11T19:26:00.009+0000] {dag.py:3441} INFO - Setting next_dagrun for example_short_circuit_operator to 2023-05-10T19:26:00.008909+00:00, run_after=2023-05-11T19:26:00.008909+00:00
[2023-05-11T19:26:00.022+0000] {processor.py:175} INFO - Processing /home/airflow/.local/lib/python3.7/site-packages/airflow/example_dags/example_short_circuit_operator.py took 0.066 seconds
[2023-05-11T19:26:30.568+0000] {processor.py:153} INFO - Started process (PID=834) to work on /home/airflow/.local/lib/python3.7/site-packages/airflow/example_dags/example_short_circuit_operator.py
[2023-05-11T19:26:30.568+0000] {processor.py:743} INFO - Processing file /home/airflow/.local/lib/python3.7/site-packages/airflow/example_dags/example_short_circuit_operator.py for tasks to queue
[2023-05-11T19:26:30.568+0000] {logging_mixin.py:137} INFO - [2023-05-11T19:26:30.568+0000] {dagbag.py:538} INFO - Filling up the DagBag from /home/airflow/.local/lib/python3.7/site-packages/airflow/example_dags/example_short_circuit_operator.py
[2023-05-11T19:26:30.579+0000] {processor.py:753} INFO - DAG(s) dict_keys(['example_short_circuit_operator']) retrieved from /home/airflow/.local/lib/python3.7/site-packages/airflow/example_dags/example_short_circuit_operator.py
[2023-05-11T19:26:30.596+0000] {logging_mixin.py:137} INFO - [2023-05-11T19:26:30.596+0000] {dag.py:2690} INFO - Sync 1 DAGs
[2023-05-11T19:26:30.611+0000] {logging_mixin.py:137} INFO - [2023-05-11T19:26:30.611+0000] {dag.py:3441} INFO - Setting next_dagrun for example_short_circuit_operator to 2023-05-10T19:26:30.611531+00:00, run_after=2023-05-11T19:26:30.611531+00:00
[2023-05-11T19:26:30.625+0000] {processor.py:175} INFO - Processing /home/airflow/.local/lib/python3.7/site-packages/airflow/example_dags/example_short_circuit_operator.py took 0.059 seconds
[2023-05-11T19:27:01.048+0000] {processor.py:153} INFO - Started process (PID=1066) to work on /home/airflow/.local/lib/python3.7/site-packages/airflow/example_dags/example_short_circuit_operator.py
[2023-05-11T19:27:01.048+0000] {processor.py:743} INFO - Processing file /home/airflow/.local/lib/python3.7/site-packages/airflow/example_dags/example_short_circuit_operator.py for tasks to queue
[2023-05-11T19:27:01.049+0000] {logging_mixin.py:137} INFO - [2023-05-11T19:27:01.049+0000] {dagbag.py:538} INFO - Filling up the DagBag from /home/airflow/.local/lib/python3.7/site-packages/airflow/example_dags/example_short_circuit_operator.py
[2023-05-11T19:27:01.063+0000] {processor.py:753} INFO - DAG(s) dict_keys(['example_short_circuit_operator']) retrieved from /home/airflow/.local/lib/python3.7/site-packages/airflow/example_dags/example_short_circuit_operator.py
[2023-05-11T19:27:01.087+0000] {logging_mixin.py:137} INFO - [2023-05-11T19:27:01.086+0000] {dag.py:2690} INFO - Sync 1 DAGs
[2023-05-11T19:27:01.109+0000] {logging_mixin.py:137} INFO - [2023-05-11T19:27:01.109+0000] {dag.py:3441} INFO - Setting next_dagrun for example_short_circuit_operator to 2023-05-10T19:27:01.109451+00:00, run_after=2023-05-11T19:27:01.109451+00:00
[2023-05-11T19:27:01.126+0000] {processor.py:175} INFO - Processing /home/airflow/.local/lib/python3.7/site-packages/airflow/example_dags/example_short_circuit_operator.py took 0.081 seconds
[2023-05-11T19:27:32.060+0000] {processor.py:153} INFO - Started process (PID=1314) to work on /home/airflow/.local/lib/python3.7/site-packages/airflow/example_dags/example_short_circuit_operator.py
[2023-05-11T19:27:32.061+0000] {processor.py:743} INFO - Processing file /home/airflow/.local/lib/python3.7/site-packages/airflow/example_dags/example_short_circuit_operator.py for tasks to queue
[2023-05-11T19:27:32.061+0000] {logging_mixin.py:137} INFO - [2023-05-11T19:27:32.061+0000] {dagbag.py:538} INFO - Filling up the DagBag from /home/airflow/.local/lib/python3.7/site-packages/airflow/example_dags/example_short_circuit_operator.py
[2023-05-11T19:27:32.071+0000] {processor.py:753} INFO - DAG(s) dict_keys(['example_short_circuit_operator']) retrieved from /home/airflow/.local/lib/python3.7/site-packages/airflow/example_dags/example_short_circuit_operator.py
[2023-05-11T19:27:32.089+0000] {logging_mixin.py:137} INFO - [2023-05-11T19:27:32.089+0000] {dag.py:2690} INFO - Sync 1 DAGs
[2023-05-11T19:27:32.103+0000] {logging_mixin.py:137} INFO - [2023-05-11T19:27:32.103+0000] {dag.py:3441} INFO - Setting next_dagrun for example_short_circuit_operator to 2023-05-10T19:27:32.103099+00:00, run_after=2023-05-11T19:27:32.103099+00:00
[2023-05-11T19:27:32.116+0000] {processor.py:175} INFO - Processing /home/airflow/.local/lib/python3.7/site-packages/airflow/example_dags/example_short_circuit_operator.py took 0.058 seconds
[2023-05-11T19:28:02.464+0000] {processor.py:153} INFO - Started process (PID=1546) to work on /home/airflow/.local/lib/python3.7/site-packages/airflow/example_dags/example_short_circuit_operator.py
[2023-05-11T19:28:02.465+0000] {processor.py:743} INFO - Processing file /home/airflow/.local/lib/python3.7/site-packages/airflow/example_dags/example_short_circuit_operator.py for tasks to queue
[2023-05-11T19:28:02.465+0000] {logging_mixin.py:137} INFO - [2023-05-11T19:28:02.465+0000] {dagbag.py:538} INFO - Filling up the DagBag from /home/airflow/.local/lib/python3.7/site-packages/airflow/example_dags/example_short_circuit_operator.py
[2023-05-11T19:28:02.483+0000] {processor.py:753} INFO - DAG(s) dict_keys(['example_short_circuit_operator']) retrieved from /home/airflow/.local/lib/python3.7/site-packages/airflow/example_dags/example_short_circuit_operator.py
[2023-05-11T19:28:02.509+0000] {logging_mixin.py:137} INFO - [2023-05-11T19:28:02.509+0000] {dag.py:2690} INFO - Sync 1 DAGs
[2023-05-11T19:28:02.530+0000] {logging_mixin.py:137} INFO - [2023-05-11T19:28:02.530+0000] {dag.py:3441} INFO - Setting next_dagrun for example_short_circuit_operator to 2023-05-10T19:28:02.530199+00:00, run_after=2023-05-11T19:28:02.530199+00:00
[2023-05-11T19:28:02.545+0000] {processor.py:175} INFO - Processing /home/airflow/.local/lib/python3.7/site-packages/airflow/example_dags/example_short_circuit_operator.py took 0.084 seconds
[2023-05-11T19:28:33.486+0000] {processor.py:153} INFO - Started process (PID=1794) to work on /home/airflow/.local/lib/python3.7/site-packages/airflow/example_dags/example_short_circuit_operator.py
[2023-05-11T19:28:33.487+0000] {processor.py:743} INFO - Processing file /home/airflow/.local/lib/python3.7/site-packages/airflow/example_dags/example_short_circuit_operator.py for tasks to queue
[2023-05-11T19:28:33.488+0000] {logging_mixin.py:137} INFO - [2023-05-11T19:28:33.488+0000] {dagbag.py:538} INFO - Filling up the DagBag from /home/airflow/.local/lib/python3.7/site-packages/airflow/example_dags/example_short_circuit_operator.py
[2023-05-11T19:28:33.503+0000] {processor.py:753} INFO - DAG(s) dict_keys(['example_short_circuit_operator']) retrieved from /home/airflow/.local/lib/python3.7/site-packages/airflow/example_dags/example_short_circuit_operator.py
[2023-05-11T19:28:33.526+0000] {logging_mixin.py:137} INFO - [2023-05-11T19:28:33.526+0000] {dag.py:2690} INFO - Sync 1 DAGs
[2023-05-11T19:28:33.548+0000] {logging_mixin.py:137} INFO - [2023-05-11T19:28:33.548+0000] {dag.py:3441} INFO - Setting next_dagrun for example_short_circuit_operator to 2023-05-10T19:28:33.548400+00:00, run_after=2023-05-11T19:28:33.548400+00:00
[2023-05-11T19:28:33.565+0000] {processor.py:175} INFO - Processing /home/airflow/.local/lib/python3.7/site-packages/airflow/example_dags/example_short_circuit_operator.py took 0.083 seconds
[2023-05-11T19:29:04.077+0000] {processor.py:153} INFO - Started process (PID=2035) to work on /home/airflow/.local/lib/python3.7/site-packages/airflow/example_dags/example_short_circuit_operator.py
[2023-05-11T19:29:04.078+0000] {processor.py:743} INFO - Processing file /home/airflow/.local/lib/python3.7/site-packages/airflow/example_dags/example_short_circuit_operator.py for tasks to queue
[2023-05-11T19:29:04.078+0000] {logging_mixin.py:137} INFO - [2023-05-11T19:29:04.078+0000] {dagbag.py:538} INFO - Filling up the DagBag from /home/airflow/.local/lib/python3.7/site-packages/airflow/example_dags/example_short_circuit_operator.py
[2023-05-11T19:29:04.099+0000] {processor.py:753} INFO - DAG(s) dict_keys(['example_short_circuit_operator']) retrieved from /home/airflow/.local/lib/python3.7/site-packages/airflow/example_dags/example_short_circuit_operator.py
[2023-05-11T19:29:04.133+0000] {logging_mixin.py:137} INFO - [2023-05-11T19:29:04.133+0000] {dag.py:2690} INFO - Sync 1 DAGs
[2023-05-11T19:29:04.169+0000] {logging_mixin.py:137} INFO - [2023-05-11T19:29:04.169+0000] {dag.py:3441} INFO - Setting next_dagrun for example_short_circuit_operator to 2023-05-10T19:29:04.168956+00:00, run_after=2023-05-11T19:29:04.168956+00:00
[2023-05-11T19:29:04.192+0000] {processor.py:175} INFO - Processing /home/airflow/.local/lib/python3.7/site-packages/airflow/example_dags/example_short_circuit_operator.py took 0.117 seconds
[2023-05-11T19:29:34.462+0000] {processor.py:153} INFO - Started process (PID=2277) to work on /home/airflow/.local/lib/python3.7/site-packages/airflow/example_dags/example_short_circuit_operator.py
[2023-05-11T19:29:34.463+0000] {processor.py:743} INFO - Processing file /home/airflow/.local/lib/python3.7/site-packages/airflow/example_dags/example_short_circuit_operator.py for tasks to queue
[2023-05-11T19:29:34.463+0000] {logging_mixin.py:137} INFO - [2023-05-11T19:29:34.463+0000] {dagbag.py:538} INFO - Filling up the DagBag from /home/airflow/.local/lib/python3.7/site-packages/airflow/example_dags/example_short_circuit_operator.py
[2023-05-11T19:29:34.478+0000] {processor.py:753} INFO - DAG(s) dict_keys(['example_short_circuit_operator']) retrieved from /home/airflow/.local/lib/python3.7/site-packages/airflow/example_dags/example_short_circuit_operator.py
[2023-05-11T19:29:34.502+0000] {logging_mixin.py:137} INFO - [2023-05-11T19:29:34.502+0000] {dag.py:2690} INFO - Sync 1 DAGs
[2023-05-11T19:29:34.524+0000] {logging_mixin.py:137} INFO - [2023-05-11T19:29:34.524+0000] {dag.py:3441} INFO - Setting next_dagrun for example_short_circuit_operator to 2023-05-10T19:29:34.523865+00:00, run_after=2023-05-11T19:29:34.523865+00:00
[2023-05-11T19:29:34.539+0000] {processor.py:175} INFO - Processing /home/airflow/.local/lib/python3.7/site-packages/airflow/example_dags/example_short_circuit_operator.py took 0.079 seconds
[2023-05-11T19:30:05.176+0000] {processor.py:153} INFO - Started process (PID=2525) to work on /home/airflow/.local/lib/python3.7/site-packages/airflow/example_dags/example_short_circuit_operator.py
[2023-05-11T19:30:05.177+0000] {processor.py:743} INFO - Processing file /home/airflow/.local/lib/python3.7/site-packages/airflow/example_dags/example_short_circuit_operator.py for tasks to queue
[2023-05-11T19:30:05.177+0000] {logging_mixin.py:137} INFO - [2023-05-11T19:30:05.177+0000] {dagbag.py:538} INFO - Filling up the DagBag from /home/airflow/.local/lib/python3.7/site-packages/airflow/example_dags/example_short_circuit_operator.py
[2023-05-11T19:30:05.195+0000] {processor.py:753} INFO - DAG(s) dict_keys(['example_short_circuit_operator']) retrieved from /home/airflow/.local/lib/python3.7/site-packages/airflow/example_dags/example_short_circuit_operator.py
[2023-05-11T19:30:05.238+0000] {logging_mixin.py:137} INFO - [2023-05-11T19:30:05.237+0000] {dag.py:2690} INFO - Sync 1 DAGs
[2023-05-11T19:30:05.286+0000] {logging_mixin.py:137} INFO - [2023-05-11T19:30:05.285+0000] {dag.py:3441} INFO - Setting next_dagrun for example_short_circuit_operator to 2023-05-10T19:30:05.285387+00:00, run_after=2023-05-11T19:30:05.285387+00:00
[2023-05-11T19:30:05.305+0000] {processor.py:175} INFO - Processing /home/airflow/.local/lib/python3.7/site-packages/airflow/example_dags/example_short_circuit_operator.py took 0.131 seconds
[2023-05-11T19:30:35.524+0000] {processor.py:153} INFO - Started process (PID=2757) to work on /home/airflow/.local/lib/python3.7/site-packages/airflow/example_dags/example_short_circuit_operator.py
[2023-05-11T19:30:35.525+0000] {processor.py:743} INFO - Processing file /home/airflow/.local/lib/python3.7/site-packages/airflow/example_dags/example_short_circuit_operator.py for tasks to queue
[2023-05-11T19:30:35.525+0000] {logging_mixin.py:137} INFO - [2023-05-11T19:30:35.525+0000] {dagbag.py:538} INFO - Filling up the DagBag from /home/airflow/.local/lib/python3.7/site-packages/airflow/example_dags/example_short_circuit_operator.py
[2023-05-11T19:30:35.538+0000] {processor.py:753} INFO - DAG(s) dict_keys(['example_short_circuit_operator']) retrieved from /home/airflow/.local/lib/python3.7/site-packages/airflow/example_dags/example_short_circuit_operator.py
[2023-05-11T19:30:35.560+0000] {logging_mixin.py:137} INFO - [2023-05-11T19:30:35.560+0000] {dag.py:2690} INFO - Sync 1 DAGs
[2023-05-11T19:30:35.580+0000] {logging_mixin.py:137} INFO - [2023-05-11T19:30:35.580+0000] {dag.py:3441} INFO - Setting next_dagrun for example_short_circuit_operator to 2023-05-10T19:30:35.579878+00:00, run_after=2023-05-11T19:30:35.579878+00:00
[2023-05-11T19:30:35.599+0000] {processor.py:175} INFO - Processing /home/airflow/.local/lib/python3.7/site-packages/airflow/example_dags/example_short_circuit_operator.py took 0.076 seconds
[2023-05-11T19:31:06.215+0000] {processor.py:153} INFO - Started process (PID=2998) to work on /home/airflow/.local/lib/python3.7/site-packages/airflow/example_dags/example_short_circuit_operator.py
[2023-05-11T19:31:06.215+0000] {processor.py:743} INFO - Processing file /home/airflow/.local/lib/python3.7/site-packages/airflow/example_dags/example_short_circuit_operator.py for tasks to queue
[2023-05-11T19:31:06.216+0000] {logging_mixin.py:137} INFO - [2023-05-11T19:31:06.216+0000] {dagbag.py:538} INFO - Filling up the DagBag from /home/airflow/.local/lib/python3.7/site-packages/airflow/example_dags/example_short_circuit_operator.py
[2023-05-11T19:31:06.232+0000] {processor.py:753} INFO - DAG(s) dict_keys(['example_short_circuit_operator']) retrieved from /home/airflow/.local/lib/python3.7/site-packages/airflow/example_dags/example_short_circuit_operator.py
[2023-05-11T19:31:06.264+0000] {logging_mixin.py:137} INFO - [2023-05-11T19:31:06.264+0000] {dag.py:2690} INFO - Sync 1 DAGs
[2023-05-11T19:31:06.293+0000] {logging_mixin.py:137} INFO - [2023-05-11T19:31:06.293+0000] {dag.py:3441} INFO - Setting next_dagrun for example_short_circuit_operator to 2023-05-10T19:31:06.293431+00:00, run_after=2023-05-11T19:31:06.293431+00:00
[2023-05-11T19:31:06.311+0000] {processor.py:175} INFO - Processing /home/airflow/.local/lib/python3.7/site-packages/airflow/example_dags/example_short_circuit_operator.py took 0.098 seconds
[2023-05-11T19:31:37.252+0000] {processor.py:153} INFO - Started process (PID=3239) to work on /home/airflow/.local/lib/python3.7/site-packages/airflow/example_dags/example_short_circuit_operator.py
[2023-05-11T19:31:37.252+0000] {processor.py:743} INFO - Processing file /home/airflow/.local/lib/python3.7/site-packages/airflow/example_dags/example_short_circuit_operator.py for tasks to queue
[2023-05-11T19:31:37.253+0000] {logging_mixin.py:137} INFO - [2023-05-11T19:31:37.252+0000] {dagbag.py:538} INFO - Filling up the DagBag from /home/airflow/.local/lib/python3.7/site-packages/airflow/example_dags/example_short_circuit_operator.py
[2023-05-11T19:31:37.262+0000] {processor.py:753} INFO - DAG(s) dict_keys(['example_short_circuit_operator']) retrieved from /home/airflow/.local/lib/python3.7/site-packages/airflow/example_dags/example_short_circuit_operator.py
[2023-05-11T19:31:37.280+0000] {logging_mixin.py:137} INFO - [2023-05-11T19:31:37.280+0000] {dag.py:2690} INFO - Sync 1 DAGs
[2023-05-11T19:31:37.296+0000] {logging_mixin.py:137} INFO - [2023-05-11T19:31:37.296+0000] {dag.py:3441} INFO - Setting next_dagrun for example_short_circuit_operator to 2023-05-10T19:31:37.296262+00:00, run_after=2023-05-11T19:31:37.296262+00:00
[2023-05-11T19:31:37.307+0000] {processor.py:175} INFO - Processing /home/airflow/.local/lib/python3.7/site-packages/airflow/example_dags/example_short_circuit_operator.py took 0.057 seconds
[2023-05-11T19:32:07.563+0000] {processor.py:153} INFO - Started process (PID=3484) to work on /home/airflow/.local/lib/python3.7/site-packages/airflow/example_dags/example_short_circuit_operator.py
[2023-05-11T19:32:07.564+0000] {processor.py:743} INFO - Processing file /home/airflow/.local/lib/python3.7/site-packages/airflow/example_dags/example_short_circuit_operator.py for tasks to queue
[2023-05-11T19:32:07.565+0000] {logging_mixin.py:137} INFO - [2023-05-11T19:32:07.565+0000] {dagbag.py:538} INFO - Filling up the DagBag from /home/airflow/.local/lib/python3.7/site-packages/airflow/example_dags/example_short_circuit_operator.py
[2023-05-11T19:32:07.576+0000] {processor.py:753} INFO - DAG(s) dict_keys(['example_short_circuit_operator']) retrieved from /home/airflow/.local/lib/python3.7/site-packages/airflow/example_dags/example_short_circuit_operator.py
[2023-05-11T19:32:07.600+0000] {logging_mixin.py:137} INFO - [2023-05-11T19:32:07.600+0000] {dag.py:2690} INFO - Sync 1 DAGs
[2023-05-11T19:32:07.621+0000] {logging_mixin.py:137} INFO - [2023-05-11T19:32:07.621+0000] {dag.py:3441} INFO - Setting next_dagrun for example_short_circuit_operator to 2023-05-10T19:32:07.621266+00:00, run_after=2023-05-11T19:32:07.621266+00:00
[2023-05-11T19:32:07.657+0000] {processor.py:175} INFO - Processing /home/airflow/.local/lib/python3.7/site-packages/airflow/example_dags/example_short_circuit_operator.py took 0.096 seconds
[2023-05-11T19:32:37.979+0000] {processor.py:153} INFO - Started process (PID=3718) to work on /home/airflow/.local/lib/python3.7/site-packages/airflow/example_dags/example_short_circuit_operator.py
[2023-05-11T19:32:37.980+0000] {processor.py:743} INFO - Processing file /home/airflow/.local/lib/python3.7/site-packages/airflow/example_dags/example_short_circuit_operator.py for tasks to queue
[2023-05-11T19:32:37.980+0000] {logging_mixin.py:137} INFO - [2023-05-11T19:32:37.980+0000] {dagbag.py:538} INFO - Filling up the DagBag from /home/airflow/.local/lib/python3.7/site-packages/airflow/example_dags/example_short_circuit_operator.py
[2023-05-11T19:32:37.993+0000] {processor.py:753} INFO - DAG(s) dict_keys(['example_short_circuit_operator']) retrieved from /home/airflow/.local/lib/python3.7/site-packages/airflow/example_dags/example_short_circuit_operator.py
[2023-05-11T19:32:38.016+0000] {logging_mixin.py:137} INFO - [2023-05-11T19:32:38.016+0000] {dag.py:2690} INFO - Sync 1 DAGs
[2023-05-11T19:32:38.043+0000] {logging_mixin.py:137} INFO - [2023-05-11T19:32:38.043+0000] {dag.py:3441} INFO - Setting next_dagrun for example_short_circuit_operator to 2023-05-10T19:32:38.042752+00:00, run_after=2023-05-11T19:32:38.042752+00:00
[2023-05-11T19:32:38.064+0000] {processor.py:175} INFO - Processing /home/airflow/.local/lib/python3.7/site-packages/airflow/example_dags/example_short_circuit_operator.py took 0.088 seconds
[2023-05-11T19:33:08.562+0000] {processor.py:153} INFO - Started process (PID=3964) to work on /home/airflow/.local/lib/python3.7/site-packages/airflow/example_dags/example_short_circuit_operator.py
[2023-05-11T19:33:08.563+0000] {processor.py:743} INFO - Processing file /home/airflow/.local/lib/python3.7/site-packages/airflow/example_dags/example_short_circuit_operator.py for tasks to queue
[2023-05-11T19:33:08.564+0000] {logging_mixin.py:137} INFO - [2023-05-11T19:33:08.564+0000] {dagbag.py:538} INFO - Filling up the DagBag from /home/airflow/.local/lib/python3.7/site-packages/airflow/example_dags/example_short_circuit_operator.py
[2023-05-11T19:33:08.578+0000] {processor.py:753} INFO - DAG(s) dict_keys(['example_short_circuit_operator']) retrieved from /home/airflow/.local/lib/python3.7/site-packages/airflow/example_dags/example_short_circuit_operator.py
[2023-05-11T19:33:08.604+0000] {logging_mixin.py:137} INFO - [2023-05-11T19:33:08.603+0000] {dag.py:2690} INFO - Sync 1 DAGs
[2023-05-11T19:33:08.627+0000] {logging_mixin.py:137} INFO - [2023-05-11T19:33:08.627+0000] {dag.py:3441} INFO - Setting next_dagrun for example_short_circuit_operator to 2023-05-10T19:33:08.627182+00:00, run_after=2023-05-11T19:33:08.627182+00:00
[2023-05-11T19:33:08.644+0000] {processor.py:175} INFO - Processing /home/airflow/.local/lib/python3.7/site-packages/airflow/example_dags/example_short_circuit_operator.py took 0.084 seconds
[2023-05-11T19:33:39.227+0000] {processor.py:153} INFO - Started process (PID=4198) to work on /home/airflow/.local/lib/python3.7/site-packages/airflow/example_dags/example_short_circuit_operator.py
[2023-05-11T19:33:39.227+0000] {processor.py:743} INFO - Processing file /home/airflow/.local/lib/python3.7/site-packages/airflow/example_dags/example_short_circuit_operator.py for tasks to queue
[2023-05-11T19:33:39.228+0000] {logging_mixin.py:137} INFO - [2023-05-11T19:33:39.228+0000] {dagbag.py:538} INFO - Filling up the DagBag from /home/airflow/.local/lib/python3.7/site-packages/airflow/example_dags/example_short_circuit_operator.py
[2023-05-11T19:33:39.242+0000] {processor.py:753} INFO - DAG(s) dict_keys(['example_short_circuit_operator']) retrieved from /home/airflow/.local/lib/python3.7/site-packages/airflow/example_dags/example_short_circuit_operator.py
[2023-05-11T19:33:39.266+0000] {logging_mixin.py:137} INFO - [2023-05-11T19:33:39.266+0000] {dag.py:2690} INFO - Sync 1 DAGs
[2023-05-11T19:33:39.299+0000] {logging_mixin.py:137} INFO - [2023-05-11T19:33:39.299+0000] {dag.py:3441} INFO - Setting next_dagrun for example_short_circuit_operator to 2023-05-10T19:33:39.298894+00:00, run_after=2023-05-11T19:33:39.298894+00:00
[2023-05-11T19:33:39.316+0000] {processor.py:175} INFO - Processing /home/airflow/.local/lib/python3.7/site-packages/airflow/example_dags/example_short_circuit_operator.py took 0.092 seconds
[2023-05-11T19:35:11.683+0000] {processor.py:153} INFO - Started process (PID=356) to work on /home/airflow/.local/lib/python3.7/site-packages/airflow/example_dags/example_short_circuit_operator.py
[2023-05-11T19:35:11.684+0000] {processor.py:743} INFO - Processing file /home/airflow/.local/lib/python3.7/site-packages/airflow/example_dags/example_short_circuit_operator.py for tasks to queue
[2023-05-11T19:35:11.684+0000] {logging_mixin.py:137} INFO - [2023-05-11T19:35:11.684+0000] {dagbag.py:538} INFO - Filling up the DagBag from /home/airflow/.local/lib/python3.7/site-packages/airflow/example_dags/example_short_circuit_operator.py
[2023-05-11T19:35:11.700+0000] {processor.py:753} INFO - DAG(s) dict_keys(['example_short_circuit_operator']) retrieved from /home/airflow/.local/lib/python3.7/site-packages/airflow/example_dags/example_short_circuit_operator.py
[2023-05-11T19:35:11.711+0000] {logging_mixin.py:137} INFO - [2023-05-11T19:35:11.711+0000] {dag.py:2690} INFO - Sync 1 DAGs
[2023-05-11T19:35:11.730+0000] {logging_mixin.py:137} INFO - [2023-05-11T19:35:11.730+0000] {dag.py:3441} INFO - Setting next_dagrun for example_short_circuit_operator to 2023-05-10T19:35:11.729844+00:00, run_after=2023-05-11T19:35:11.729844+00:00
[2023-05-11T19:35:11.742+0000] {processor.py:175} INFO - Processing /home/airflow/.local/lib/python3.7/site-packages/airflow/example_dags/example_short_circuit_operator.py took 0.061 seconds
[2023-05-11T19:35:42.492+0000] {processor.py:153} INFO - Started process (PID=588) to work on /home/airflow/.local/lib/python3.7/site-packages/airflow/example_dags/example_short_circuit_operator.py
[2023-05-11T19:35:42.492+0000] {processor.py:743} INFO - Processing file /home/airflow/.local/lib/python3.7/site-packages/airflow/example_dags/example_short_circuit_operator.py for tasks to queue
[2023-05-11T19:35:42.493+0000] {logging_mixin.py:137} INFO - [2023-05-11T19:35:42.493+0000] {dagbag.py:538} INFO - Filling up the DagBag from /home/airflow/.local/lib/python3.7/site-packages/airflow/example_dags/example_short_circuit_operator.py
[2023-05-11T19:35:42.503+0000] {processor.py:753} INFO - DAG(s) dict_keys(['example_short_circuit_operator']) retrieved from /home/airflow/.local/lib/python3.7/site-packages/airflow/example_dags/example_short_circuit_operator.py
[2023-05-11T19:35:42.524+0000] {logging_mixin.py:137} INFO - [2023-05-11T19:35:42.524+0000] {dag.py:2690} INFO - Sync 1 DAGs
[2023-05-11T19:35:42.544+0000] {logging_mixin.py:137} INFO - [2023-05-11T19:35:42.544+0000] {dag.py:3441} INFO - Setting next_dagrun for example_short_circuit_operator to 2023-05-10T19:35:42.543902+00:00, run_after=2023-05-11T19:35:42.543902+00:00
[2023-05-11T19:35:42.556+0000] {processor.py:175} INFO - Processing /home/airflow/.local/lib/python3.7/site-packages/airflow/example_dags/example_short_circuit_operator.py took 0.066 seconds
