[2023-05-11T18:58:40.546+0000] {processor.py:153} INFO - Started process (PID=324) to work on /home/airflow/.local/lib/python3.7/site-packages/airflow/example_dags/example_task_group.py
[2023-05-11T18:58:40.546+0000] {processor.py:743} INFO - Processing file /home/airflow/.local/lib/python3.7/site-packages/airflow/example_dags/example_task_group.py for tasks to queue
[2023-05-11T18:58:40.546+0000] {logging_mixin.py:137} INFO - [2023-05-11T18:58:40.546+0000] {dagbag.py:538} INFO - Filling up the DagBag from /home/airflow/.local/lib/python3.7/site-packages/airflow/example_dags/example_task_group.py
[2023-05-11T18:58:40.558+0000] {processor.py:753} INFO - DAG(s) dict_keys(['example_task_group']) retrieved from /home/airflow/.local/lib/python3.7/site-packages/airflow/example_dags/example_task_group.py
[2023-05-11T18:58:40.568+0000] {logging_mixin.py:137} INFO - [2023-05-11T18:58:40.568+0000] {dag.py:2690} INFO - Sync 1 DAGs
[2023-05-11T18:58:40.585+0000] {logging_mixin.py:137} INFO - [2023-05-11T18:58:40.585+0000] {dag.py:3441} INFO - Setting next_dagrun for example_task_group to 2023-05-10T18:58:40.585416+00:00, run_after=2023-05-11T18:58:40.585416+00:00
[2023-05-11T18:58:40.597+0000] {processor.py:175} INFO - Processing /home/airflow/.local/lib/python3.7/site-packages/airflow/example_dags/example_task_group.py took 0.053 seconds
[2023-05-11T18:59:11.320+0000] {processor.py:153} INFO - Started process (PID=556) to work on /home/airflow/.local/lib/python3.7/site-packages/airflow/example_dags/example_task_group.py
[2023-05-11T18:59:11.321+0000] {processor.py:743} INFO - Processing file /home/airflow/.local/lib/python3.7/site-packages/airflow/example_dags/example_task_group.py for tasks to queue
[2023-05-11T18:59:11.322+0000] {logging_mixin.py:137} INFO - [2023-05-11T18:59:11.321+0000] {dagbag.py:538} INFO - Filling up the DagBag from /home/airflow/.local/lib/python3.7/site-packages/airflow/example_dags/example_task_group.py
[2023-05-11T18:59:11.334+0000] {processor.py:753} INFO - DAG(s) dict_keys(['example_task_group']) retrieved from /home/airflow/.local/lib/python3.7/site-packages/airflow/example_dags/example_task_group.py
[2023-05-11T18:59:11.352+0000] {logging_mixin.py:137} INFO - [2023-05-11T18:59:11.352+0000] {dag.py:2690} INFO - Sync 1 DAGs
[2023-05-11T18:59:11.368+0000] {logging_mixin.py:137} INFO - [2023-05-11T18:59:11.368+0000] {dag.py:3441} INFO - Setting next_dagrun for example_task_group to 2023-05-10T18:59:11.368464+00:00, run_after=2023-05-11T18:59:11.368464+00:00
[2023-05-11T18:59:11.381+0000] {processor.py:175} INFO - Processing /home/airflow/.local/lib/python3.7/site-packages/airflow/example_dags/example_task_group.py took 0.064 seconds
[2023-05-11T18:59:42.139+0000] {processor.py:153} INFO - Started process (PID=806) to work on /home/airflow/.local/lib/python3.7/site-packages/airflow/example_dags/example_task_group.py
[2023-05-11T18:59:42.139+0000] {processor.py:743} INFO - Processing file /home/airflow/.local/lib/python3.7/site-packages/airflow/example_dags/example_task_group.py for tasks to queue
[2023-05-11T18:59:42.140+0000] {logging_mixin.py:137} INFO - [2023-05-11T18:59:42.140+0000] {dagbag.py:538} INFO - Filling up the DagBag from /home/airflow/.local/lib/python3.7/site-packages/airflow/example_dags/example_task_group.py
[2023-05-11T18:59:42.149+0000] {processor.py:753} INFO - DAG(s) dict_keys(['example_task_group']) retrieved from /home/airflow/.local/lib/python3.7/site-packages/airflow/example_dags/example_task_group.py
[2023-05-11T18:59:42.166+0000] {logging_mixin.py:137} INFO - [2023-05-11T18:59:42.166+0000] {dag.py:2690} INFO - Sync 1 DAGs
[2023-05-11T18:59:42.181+0000] {logging_mixin.py:137} INFO - [2023-05-11T18:59:42.181+0000] {dag.py:3441} INFO - Setting next_dagrun for example_task_group to 2023-05-10T18:59:42.181544+00:00, run_after=2023-05-11T18:59:42.181544+00:00
[2023-05-11T18:59:42.193+0000] {processor.py:175} INFO - Processing /home/airflow/.local/lib/python3.7/site-packages/airflow/example_dags/example_task_group.py took 0.057 seconds
[2023-05-11T19:00:13.333+0000] {processor.py:153} INFO - Started process (PID=1051) to work on /home/airflow/.local/lib/python3.7/site-packages/airflow/example_dags/example_task_group.py
[2023-05-11T19:00:13.333+0000] {processor.py:743} INFO - Processing file /home/airflow/.local/lib/python3.7/site-packages/airflow/example_dags/example_task_group.py for tasks to queue
[2023-05-11T19:00:13.334+0000] {logging_mixin.py:137} INFO - [2023-05-11T19:00:13.334+0000] {dagbag.py:538} INFO - Filling up the DagBag from /home/airflow/.local/lib/python3.7/site-packages/airflow/example_dags/example_task_group.py
[2023-05-11T19:00:13.349+0000] {processor.py:753} INFO - DAG(s) dict_keys(['example_task_group']) retrieved from /home/airflow/.local/lib/python3.7/site-packages/airflow/example_dags/example_task_group.py
[2023-05-11T19:00:13.470+0000] {logging_mixin.py:137} INFO - [2023-05-11T19:00:13.470+0000] {dag.py:2690} INFO - Sync 1 DAGs
[2023-05-11T19:00:13.498+0000] {logging_mixin.py:137} INFO - [2023-05-11T19:00:13.498+0000] {dag.py:3441} INFO - Setting next_dagrun for example_task_group to 2023-05-10T19:00:13.498181+00:00, run_after=2023-05-11T19:00:13.498181+00:00
[2023-05-11T19:00:13.520+0000] {processor.py:175} INFO - Processing /home/airflow/.local/lib/python3.7/site-packages/airflow/example_dags/example_task_group.py took 0.190 seconds
[2023-05-11T19:00:43.878+0000] {processor.py:153} INFO - Started process (PID=1285) to work on /home/airflow/.local/lib/python3.7/site-packages/airflow/example_dags/example_task_group.py
[2023-05-11T19:00:43.879+0000] {processor.py:743} INFO - Processing file /home/airflow/.local/lib/python3.7/site-packages/airflow/example_dags/example_task_group.py for tasks to queue
[2023-05-11T19:00:43.880+0000] {logging_mixin.py:137} INFO - [2023-05-11T19:00:43.879+0000] {dagbag.py:538} INFO - Filling up the DagBag from /home/airflow/.local/lib/python3.7/site-packages/airflow/example_dags/example_task_group.py
[2023-05-11T19:00:43.894+0000] {processor.py:753} INFO - DAG(s) dict_keys(['example_task_group']) retrieved from /home/airflow/.local/lib/python3.7/site-packages/airflow/example_dags/example_task_group.py
[2023-05-11T19:00:43.920+0000] {logging_mixin.py:137} INFO - [2023-05-11T19:00:43.919+0000] {dag.py:2690} INFO - Sync 1 DAGs
[2023-05-11T19:00:43.944+0000] {logging_mixin.py:137} INFO - [2023-05-11T19:00:43.944+0000] {dag.py:3441} INFO - Setting next_dagrun for example_task_group to 2023-05-10T19:00:43.944469+00:00, run_after=2023-05-11T19:00:43.944469+00:00
[2023-05-11T19:00:43.959+0000] {processor.py:175} INFO - Processing /home/airflow/.local/lib/python3.7/site-packages/airflow/example_dags/example_task_group.py took 0.083 seconds
[2023-05-11T19:01:14.370+0000] {processor.py:153} INFO - Started process (PID=1536) to work on /home/airflow/.local/lib/python3.7/site-packages/airflow/example_dags/example_task_group.py
[2023-05-11T19:01:14.371+0000] {processor.py:743} INFO - Processing file /home/airflow/.local/lib/python3.7/site-packages/airflow/example_dags/example_task_group.py for tasks to queue
[2023-05-11T19:01:14.371+0000] {logging_mixin.py:137} INFO - [2023-05-11T19:01:14.371+0000] {dagbag.py:538} INFO - Filling up the DagBag from /home/airflow/.local/lib/python3.7/site-packages/airflow/example_dags/example_task_group.py
[2023-05-11T19:01:14.381+0000] {processor.py:753} INFO - DAG(s) dict_keys(['example_task_group']) retrieved from /home/airflow/.local/lib/python3.7/site-packages/airflow/example_dags/example_task_group.py
[2023-05-11T19:01:14.404+0000] {logging_mixin.py:137} INFO - [2023-05-11T19:01:14.404+0000] {dag.py:2690} INFO - Sync 1 DAGs
[2023-05-11T19:01:14.439+0000] {logging_mixin.py:137} INFO - [2023-05-11T19:01:14.439+0000] {dag.py:3441} INFO - Setting next_dagrun for example_task_group to 2023-05-10T19:01:14.438888+00:00, run_after=2023-05-11T19:01:14.438888+00:00
[2023-05-11T19:01:14.460+0000] {processor.py:175} INFO - Processing /home/airflow/.local/lib/python3.7/site-packages/airflow/example_dags/example_task_group.py took 0.092 seconds
[2023-05-11T19:01:44.801+0000] {processor.py:153} INFO - Started process (PID=1766) to work on /home/airflow/.local/lib/python3.7/site-packages/airflow/example_dags/example_task_group.py
[2023-05-11T19:01:44.802+0000] {processor.py:743} INFO - Processing file /home/airflow/.local/lib/python3.7/site-packages/airflow/example_dags/example_task_group.py for tasks to queue
[2023-05-11T19:01:44.803+0000] {logging_mixin.py:137} INFO - [2023-05-11T19:01:44.803+0000] {dagbag.py:538} INFO - Filling up the DagBag from /home/airflow/.local/lib/python3.7/site-packages/airflow/example_dags/example_task_group.py
[2023-05-11T19:01:44.823+0000] {processor.py:753} INFO - DAG(s) dict_keys(['example_task_group']) retrieved from /home/airflow/.local/lib/python3.7/site-packages/airflow/example_dags/example_task_group.py
[2023-05-11T19:01:44.853+0000] {logging_mixin.py:137} INFO - [2023-05-11T19:01:44.853+0000] {dag.py:2690} INFO - Sync 1 DAGs
[2023-05-11T19:01:44.885+0000] {logging_mixin.py:137} INFO - [2023-05-11T19:01:44.885+0000] {dag.py:3441} INFO - Setting next_dagrun for example_task_group to 2023-05-10T19:01:44.885370+00:00, run_after=2023-05-11T19:01:44.885370+00:00
[2023-05-11T19:01:44.909+0000] {processor.py:175} INFO - Processing /home/airflow/.local/lib/python3.7/site-packages/airflow/example_dags/example_task_group.py took 0.111 seconds
[2023-05-11T19:02:15.837+0000] {processor.py:153} INFO - Started process (PID=2014) to work on /home/airflow/.local/lib/python3.7/site-packages/airflow/example_dags/example_task_group.py
[2023-05-11T19:02:15.838+0000] {processor.py:743} INFO - Processing file /home/airflow/.local/lib/python3.7/site-packages/airflow/example_dags/example_task_group.py for tasks to queue
[2023-05-11T19:02:15.838+0000] {logging_mixin.py:137} INFO - [2023-05-11T19:02:15.838+0000] {dagbag.py:538} INFO - Filling up the DagBag from /home/airflow/.local/lib/python3.7/site-packages/airflow/example_dags/example_task_group.py
[2023-05-11T19:02:15.851+0000] {processor.py:753} INFO - DAG(s) dict_keys(['example_task_group']) retrieved from /home/airflow/.local/lib/python3.7/site-packages/airflow/example_dags/example_task_group.py
[2023-05-11T19:02:15.875+0000] {logging_mixin.py:137} INFO - [2023-05-11T19:02:15.875+0000] {dag.py:2690} INFO - Sync 1 DAGs
[2023-05-11T19:02:15.900+0000] {logging_mixin.py:137} INFO - [2023-05-11T19:02:15.900+0000] {dag.py:3441} INFO - Setting next_dagrun for example_task_group to 2023-05-10T19:02:15.900460+00:00, run_after=2023-05-11T19:02:15.900460+00:00
[2023-05-11T19:02:15.920+0000] {processor.py:175} INFO - Processing /home/airflow/.local/lib/python3.7/site-packages/airflow/example_dags/example_task_group.py took 0.086 seconds
[2023-05-11T19:03:25.729+0000] {processor.py:153} INFO - Started process (PID=324) to work on /home/airflow/.local/lib/python3.7/site-packages/airflow/example_dags/example_task_group.py
[2023-05-11T19:03:25.730+0000] {processor.py:743} INFO - Processing file /home/airflow/.local/lib/python3.7/site-packages/airflow/example_dags/example_task_group.py for tasks to queue
[2023-05-11T19:03:25.731+0000] {logging_mixin.py:137} INFO - [2023-05-11T19:03:25.731+0000] {dagbag.py:538} INFO - Filling up the DagBag from /home/airflow/.local/lib/python3.7/site-packages/airflow/example_dags/example_task_group.py
[2023-05-11T19:03:25.745+0000] {processor.py:753} INFO - DAG(s) dict_keys(['example_task_group']) retrieved from /home/airflow/.local/lib/python3.7/site-packages/airflow/example_dags/example_task_group.py
[2023-05-11T19:03:25.760+0000] {logging_mixin.py:137} INFO - [2023-05-11T19:03:25.760+0000] {dag.py:2690} INFO - Sync 1 DAGs
[2023-05-11T19:03:25.789+0000] {logging_mixin.py:137} INFO - [2023-05-11T19:03:25.789+0000] {dag.py:3441} INFO - Setting next_dagrun for example_task_group to 2023-05-10T19:03:25.789296+00:00, run_after=2023-05-11T19:03:25.789296+00:00
[2023-05-11T19:03:25.806+0000] {processor.py:175} INFO - Processing /home/airflow/.local/lib/python3.7/site-packages/airflow/example_dags/example_task_group.py took 0.079 seconds
[2023-05-11T19:03:56.174+0000] {processor.py:153} INFO - Started process (PID=556) to work on /home/airflow/.local/lib/python3.7/site-packages/airflow/example_dags/example_task_group.py
[2023-05-11T19:03:56.174+0000] {processor.py:743} INFO - Processing file /home/airflow/.local/lib/python3.7/site-packages/airflow/example_dags/example_task_group.py for tasks to queue
[2023-05-11T19:03:56.175+0000] {logging_mixin.py:137} INFO - [2023-05-11T19:03:56.175+0000] {dagbag.py:538} INFO - Filling up the DagBag from /home/airflow/.local/lib/python3.7/site-packages/airflow/example_dags/example_task_group.py
[2023-05-11T19:03:56.189+0000] {processor.py:753} INFO - DAG(s) dict_keys(['example_task_group']) retrieved from /home/airflow/.local/lib/python3.7/site-packages/airflow/example_dags/example_task_group.py
[2023-05-11T19:03:56.212+0000] {logging_mixin.py:137} INFO - [2023-05-11T19:03:56.211+0000] {dag.py:2690} INFO - Sync 1 DAGs
[2023-05-11T19:03:56.233+0000] {logging_mixin.py:137} INFO - [2023-05-11T19:03:56.233+0000] {dag.py:3441} INFO - Setting next_dagrun for example_task_group to 2023-05-10T19:03:56.233001+00:00, run_after=2023-05-11T19:03:56.233001+00:00
[2023-05-11T19:03:56.249+0000] {processor.py:175} INFO - Processing /home/airflow/.local/lib/python3.7/site-packages/airflow/example_dags/example_task_group.py took 0.078 seconds
[2023-05-11T19:04:26.851+0000] {processor.py:153} INFO - Started process (PID=804) to work on /home/airflow/.local/lib/python3.7/site-packages/airflow/example_dags/example_task_group.py
[2023-05-11T19:04:26.852+0000] {processor.py:743} INFO - Processing file /home/airflow/.local/lib/python3.7/site-packages/airflow/example_dags/example_task_group.py for tasks to queue
[2023-05-11T19:04:26.852+0000] {logging_mixin.py:137} INFO - [2023-05-11T19:04:26.852+0000] {dagbag.py:538} INFO - Filling up the DagBag from /home/airflow/.local/lib/python3.7/site-packages/airflow/example_dags/example_task_group.py
[2023-05-11T19:04:26.872+0000] {processor.py:753} INFO - DAG(s) dict_keys(['example_task_group']) retrieved from /home/airflow/.local/lib/python3.7/site-packages/airflow/example_dags/example_task_group.py
[2023-05-11T19:04:26.899+0000] {logging_mixin.py:137} INFO - [2023-05-11T19:04:26.898+0000] {dag.py:2690} INFO - Sync 1 DAGs
[2023-05-11T19:04:26.927+0000] {logging_mixin.py:137} INFO - [2023-05-11T19:04:26.927+0000] {dag.py:3441} INFO - Setting next_dagrun for example_task_group to 2023-05-10T19:04:26.926925+00:00, run_after=2023-05-11T19:04:26.926925+00:00
[2023-05-11T19:04:26.947+0000] {processor.py:175} INFO - Processing /home/airflow/.local/lib/python3.7/site-packages/airflow/example_dags/example_task_group.py took 0.100 seconds
[2023-05-11T19:04:57.270+0000] {processor.py:153} INFO - Started process (PID=1036) to work on /home/airflow/.local/lib/python3.7/site-packages/airflow/example_dags/example_task_group.py
[2023-05-11T19:04:57.270+0000] {processor.py:743} INFO - Processing file /home/airflow/.local/lib/python3.7/site-packages/airflow/example_dags/example_task_group.py for tasks to queue
[2023-05-11T19:04:57.271+0000] {logging_mixin.py:137} INFO - [2023-05-11T19:04:57.271+0000] {dagbag.py:538} INFO - Filling up the DagBag from /home/airflow/.local/lib/python3.7/site-packages/airflow/example_dags/example_task_group.py
[2023-05-11T19:04:57.286+0000] {processor.py:753} INFO - DAG(s) dict_keys(['example_task_group']) retrieved from /home/airflow/.local/lib/python3.7/site-packages/airflow/example_dags/example_task_group.py
[2023-05-11T19:04:57.310+0000] {logging_mixin.py:137} INFO - [2023-05-11T19:04:57.310+0000] {dag.py:2690} INFO - Sync 1 DAGs
[2023-05-11T19:04:57.336+0000] {logging_mixin.py:137} INFO - [2023-05-11T19:04:57.336+0000] {dag.py:3441} INFO - Setting next_dagrun for example_task_group to 2023-05-10T19:04:57.336562+00:00, run_after=2023-05-11T19:04:57.336562+00:00
[2023-05-11T19:04:57.354+0000] {processor.py:175} INFO - Processing /home/airflow/.local/lib/python3.7/site-packages/airflow/example_dags/example_task_group.py took 0.087 seconds
[2023-05-11T19:05:27.615+0000] {processor.py:153} INFO - Started process (PID=1284) to work on /home/airflow/.local/lib/python3.7/site-packages/airflow/example_dags/example_task_group.py
[2023-05-11T19:05:27.615+0000] {processor.py:743} INFO - Processing file /home/airflow/.local/lib/python3.7/site-packages/airflow/example_dags/example_task_group.py for tasks to queue
[2023-05-11T19:05:27.616+0000] {logging_mixin.py:137} INFO - [2023-05-11T19:05:27.616+0000] {dagbag.py:538} INFO - Filling up the DagBag from /home/airflow/.local/lib/python3.7/site-packages/airflow/example_dags/example_task_group.py
[2023-05-11T19:05:27.626+0000] {processor.py:753} INFO - DAG(s) dict_keys(['example_task_group']) retrieved from /home/airflow/.local/lib/python3.7/site-packages/airflow/example_dags/example_task_group.py
[2023-05-11T19:05:27.648+0000] {logging_mixin.py:137} INFO - [2023-05-11T19:05:27.647+0000] {dag.py:2690} INFO - Sync 1 DAGs
[2023-05-11T19:05:27.666+0000] {logging_mixin.py:137} INFO - [2023-05-11T19:05:27.666+0000] {dag.py:3441} INFO - Setting next_dagrun for example_task_group to 2023-05-10T19:05:27.666223+00:00, run_after=2023-05-11T19:05:27.666223+00:00
[2023-05-11T19:05:27.678+0000] {processor.py:175} INFO - Processing /home/airflow/.local/lib/python3.7/site-packages/airflow/example_dags/example_task_group.py took 0.065 seconds
[2023-05-11T19:05:58.660+0000] {processor.py:153} INFO - Started process (PID=1516) to work on /home/airflow/.local/lib/python3.7/site-packages/airflow/example_dags/example_task_group.py
[2023-05-11T19:05:58.661+0000] {processor.py:743} INFO - Processing file /home/airflow/.local/lib/python3.7/site-packages/airflow/example_dags/example_task_group.py for tasks to queue
[2023-05-11T19:05:58.661+0000] {logging_mixin.py:137} INFO - [2023-05-11T19:05:58.661+0000] {dagbag.py:538} INFO - Filling up the DagBag from /home/airflow/.local/lib/python3.7/site-packages/airflow/example_dags/example_task_group.py
[2023-05-11T19:05:58.670+0000] {processor.py:753} INFO - DAG(s) dict_keys(['example_task_group']) retrieved from /home/airflow/.local/lib/python3.7/site-packages/airflow/example_dags/example_task_group.py
[2023-05-11T19:05:58.687+0000] {logging_mixin.py:137} INFO - [2023-05-11T19:05:58.687+0000] {dag.py:2690} INFO - Sync 1 DAGs
[2023-05-11T19:05:58.703+0000] {logging_mixin.py:137} INFO - [2023-05-11T19:05:58.703+0000] {dag.py:3441} INFO - Setting next_dagrun for example_task_group to 2023-05-10T19:05:58.703115+00:00, run_after=2023-05-11T19:05:58.703115+00:00
[2023-05-11T19:05:58.713+0000] {processor.py:175} INFO - Processing /home/airflow/.local/lib/python3.7/site-packages/airflow/example_dags/example_task_group.py took 0.055 seconds
[2023-05-11T19:06:29.382+0000] {processor.py:153} INFO - Started process (PID=1764) to work on /home/airflow/.local/lib/python3.7/site-packages/airflow/example_dags/example_task_group.py
[2023-05-11T19:06:29.382+0000] {processor.py:743} INFO - Processing file /home/airflow/.local/lib/python3.7/site-packages/airflow/example_dags/example_task_group.py for tasks to queue
[2023-05-11T19:06:29.382+0000] {logging_mixin.py:137} INFO - [2023-05-11T19:06:29.382+0000] {dagbag.py:538} INFO - Filling up the DagBag from /home/airflow/.local/lib/python3.7/site-packages/airflow/example_dags/example_task_group.py
[2023-05-11T19:06:29.391+0000] {processor.py:753} INFO - DAG(s) dict_keys(['example_task_group']) retrieved from /home/airflow/.local/lib/python3.7/site-packages/airflow/example_dags/example_task_group.py
[2023-05-11T19:06:29.408+0000] {logging_mixin.py:137} INFO - [2023-05-11T19:06:29.408+0000] {dag.py:2690} INFO - Sync 1 DAGs
[2023-05-11T19:06:29.425+0000] {logging_mixin.py:137} INFO - [2023-05-11T19:06:29.425+0000] {dag.py:3441} INFO - Setting next_dagrun for example_task_group to 2023-05-10T19:06:29.424962+00:00, run_after=2023-05-11T19:06:29.424962+00:00
[2023-05-11T19:06:29.437+0000] {processor.py:175} INFO - Processing /home/airflow/.local/lib/python3.7/site-packages/airflow/example_dags/example_task_group.py took 0.058 seconds
[2023-05-11T19:06:59.581+0000] {processor.py:153} INFO - Started process (PID=1997) to work on /home/airflow/.local/lib/python3.7/site-packages/airflow/example_dags/example_task_group.py
[2023-05-11T19:06:59.582+0000] {processor.py:743} INFO - Processing file /home/airflow/.local/lib/python3.7/site-packages/airflow/example_dags/example_task_group.py for tasks to queue
[2023-05-11T19:06:59.582+0000] {logging_mixin.py:137} INFO - [2023-05-11T19:06:59.582+0000] {dagbag.py:538} INFO - Filling up the DagBag from /home/airflow/.local/lib/python3.7/site-packages/airflow/example_dags/example_task_group.py
[2023-05-11T19:06:59.595+0000] {processor.py:753} INFO - DAG(s) dict_keys(['example_task_group']) retrieved from /home/airflow/.local/lib/python3.7/site-packages/airflow/example_dags/example_task_group.py
[2023-05-11T19:06:59.617+0000] {logging_mixin.py:137} INFO - [2023-05-11T19:06:59.617+0000] {dag.py:2690} INFO - Sync 1 DAGs
[2023-05-11T19:06:59.639+0000] {logging_mixin.py:137} INFO - [2023-05-11T19:06:59.639+0000] {dag.py:3441} INFO - Setting next_dagrun for example_task_group to 2023-05-10T19:06:59.639198+00:00, run_after=2023-05-11T19:06:59.639198+00:00
[2023-05-11T19:06:59.655+0000] {processor.py:175} INFO - Processing /home/airflow/.local/lib/python3.7/site-packages/airflow/example_dags/example_task_group.py took 0.076 seconds
[2023-05-11T19:07:30.145+0000] {processor.py:153} INFO - Started process (PID=2244) to work on /home/airflow/.local/lib/python3.7/site-packages/airflow/example_dags/example_task_group.py
[2023-05-11T19:07:30.146+0000] {processor.py:743} INFO - Processing file /home/airflow/.local/lib/python3.7/site-packages/airflow/example_dags/example_task_group.py for tasks to queue
[2023-05-11T19:07:30.146+0000] {logging_mixin.py:137} INFO - [2023-05-11T19:07:30.146+0000] {dagbag.py:538} INFO - Filling up the DagBag from /home/airflow/.local/lib/python3.7/site-packages/airflow/example_dags/example_task_group.py
[2023-05-11T19:07:30.165+0000] {processor.py:753} INFO - DAG(s) dict_keys(['example_task_group']) retrieved from /home/airflow/.local/lib/python3.7/site-packages/airflow/example_dags/example_task_group.py
[2023-05-11T19:07:30.193+0000] {logging_mixin.py:137} INFO - [2023-05-11T19:07:30.193+0000] {dag.py:2690} INFO - Sync 1 DAGs
[2023-05-11T19:07:30.216+0000] {logging_mixin.py:137} INFO - [2023-05-11T19:07:30.216+0000] {dag.py:3441} INFO - Setting next_dagrun for example_task_group to 2023-05-10T19:07:30.216615+00:00, run_after=2023-05-11T19:07:30.216615+00:00
[2023-05-11T19:07:30.232+0000] {processor.py:175} INFO - Processing /home/airflow/.local/lib/python3.7/site-packages/airflow/example_dags/example_task_group.py took 0.091 seconds
[2023-05-11T19:08:00.384+0000] {processor.py:153} INFO - Started process (PID=2477) to work on /home/airflow/.local/lib/python3.7/site-packages/airflow/example_dags/example_task_group.py
[2023-05-11T19:08:00.384+0000] {processor.py:743} INFO - Processing file /home/airflow/.local/lib/python3.7/site-packages/airflow/example_dags/example_task_group.py for tasks to queue
[2023-05-11T19:08:00.385+0000] {logging_mixin.py:137} INFO - [2023-05-11T19:08:00.385+0000] {dagbag.py:538} INFO - Filling up the DagBag from /home/airflow/.local/lib/python3.7/site-packages/airflow/example_dags/example_task_group.py
[2023-05-11T19:08:00.398+0000] {processor.py:753} INFO - DAG(s) dict_keys(['example_task_group']) retrieved from /home/airflow/.local/lib/python3.7/site-packages/airflow/example_dags/example_task_group.py
[2023-05-11T19:08:00.423+0000] {logging_mixin.py:137} INFO - [2023-05-11T19:08:00.423+0000] {dag.py:2690} INFO - Sync 1 DAGs
[2023-05-11T19:08:00.446+0000] {logging_mixin.py:137} INFO - [2023-05-11T19:08:00.446+0000] {dag.py:3441} INFO - Setting next_dagrun for example_task_group to 2023-05-10T19:08:00.445831+00:00, run_after=2023-05-11T19:08:00.445831+00:00
[2023-05-11T19:08:00.462+0000] {processor.py:175} INFO - Processing /home/airflow/.local/lib/python3.7/site-packages/airflow/example_dags/example_task_group.py took 0.080 seconds
[2023-05-11T19:09:22.030+0000] {processor.py:153} INFO - Started process (PID=325) to work on /home/airflow/.local/lib/python3.7/site-packages/airflow/example_dags/example_task_group.py
[2023-05-11T19:09:22.031+0000] {processor.py:743} INFO - Processing file /home/airflow/.local/lib/python3.7/site-packages/airflow/example_dags/example_task_group.py for tasks to queue
[2023-05-11T19:09:22.032+0000] {logging_mixin.py:137} INFO - [2023-05-11T19:09:22.032+0000] {dagbag.py:538} INFO - Filling up the DagBag from /home/airflow/.local/lib/python3.7/site-packages/airflow/example_dags/example_task_group.py
[2023-05-11T19:09:22.046+0000] {processor.py:753} INFO - DAG(s) dict_keys(['example_task_group']) retrieved from /home/airflow/.local/lib/python3.7/site-packages/airflow/example_dags/example_task_group.py
[2023-05-11T19:09:22.059+0000] {logging_mixin.py:137} INFO - [2023-05-11T19:09:22.058+0000] {dag.py:2690} INFO - Sync 1 DAGs
[2023-05-11T19:09:22.077+0000] {logging_mixin.py:137} INFO - [2023-05-11T19:09:22.077+0000] {dag.py:3441} INFO - Setting next_dagrun for example_task_group to 2023-05-10T19:09:22.076908+00:00, run_after=2023-05-11T19:09:22.076908+00:00
[2023-05-11T19:09:22.089+0000] {processor.py:175} INFO - Processing /home/airflow/.local/lib/python3.7/site-packages/airflow/example_dags/example_task_group.py took 0.061 seconds
[2023-05-11T19:09:53.073+0000] {processor.py:153} INFO - Started process (PID=557) to work on /home/airflow/.local/lib/python3.7/site-packages/airflow/example_dags/example_task_group.py
[2023-05-11T19:09:53.073+0000] {processor.py:743} INFO - Processing file /home/airflow/.local/lib/python3.7/site-packages/airflow/example_dags/example_task_group.py for tasks to queue
[2023-05-11T19:09:53.074+0000] {logging_mixin.py:137} INFO - [2023-05-11T19:09:53.074+0000] {dagbag.py:538} INFO - Filling up the DagBag from /home/airflow/.local/lib/python3.7/site-packages/airflow/example_dags/example_task_group.py
[2023-05-11T19:09:53.087+0000] {processor.py:753} INFO - DAG(s) dict_keys(['example_task_group']) retrieved from /home/airflow/.local/lib/python3.7/site-packages/airflow/example_dags/example_task_group.py
[2023-05-11T19:09:53.112+0000] {logging_mixin.py:137} INFO - [2023-05-11T19:09:53.112+0000] {dag.py:2690} INFO - Sync 1 DAGs
[2023-05-11T19:09:53.131+0000] {logging_mixin.py:137} INFO - [2023-05-11T19:09:53.131+0000] {dag.py:3441} INFO - Setting next_dagrun for example_task_group to 2023-05-10T19:09:53.131137+00:00, run_after=2023-05-11T19:09:53.131137+00:00
[2023-05-11T19:09:53.142+0000] {processor.py:175} INFO - Processing /home/airflow/.local/lib/python3.7/site-packages/airflow/example_dags/example_task_group.py took 0.072 seconds
[2023-05-11T19:10:23.179+0000] {processor.py:153} INFO - Started process (PID=805) to work on /home/airflow/.local/lib/python3.7/site-packages/airflow/example_dags/example_task_group.py
[2023-05-11T19:10:23.179+0000] {processor.py:743} INFO - Processing file /home/airflow/.local/lib/python3.7/site-packages/airflow/example_dags/example_task_group.py for tasks to queue
[2023-05-11T19:10:23.180+0000] {logging_mixin.py:137} INFO - [2023-05-11T19:10:23.180+0000] {dagbag.py:538} INFO - Filling up the DagBag from /home/airflow/.local/lib/python3.7/site-packages/airflow/example_dags/example_task_group.py
[2023-05-11T19:10:23.192+0000] {processor.py:753} INFO - DAG(s) dict_keys(['example_task_group']) retrieved from /home/airflow/.local/lib/python3.7/site-packages/airflow/example_dags/example_task_group.py
[2023-05-11T19:10:23.214+0000] {logging_mixin.py:137} INFO - [2023-05-11T19:10:23.213+0000] {dag.py:2690} INFO - Sync 1 DAGs
[2023-05-11T19:10:23.238+0000] {logging_mixin.py:137} INFO - [2023-05-11T19:10:23.238+0000] {dag.py:3441} INFO - Setting next_dagrun for example_task_group to 2023-05-10T19:10:23.238039+00:00, run_after=2023-05-11T19:10:23.238039+00:00
[2023-05-11T19:10:23.251+0000] {processor.py:175} INFO - Processing /home/airflow/.local/lib/python3.7/site-packages/airflow/example_dags/example_task_group.py took 0.075 seconds
[2023-05-11T19:10:53.664+0000] {processor.py:153} INFO - Started process (PID=1039) to work on /home/airflow/.local/lib/python3.7/site-packages/airflow/example_dags/example_task_group.py
[2023-05-11T19:10:53.664+0000] {processor.py:743} INFO - Processing file /home/airflow/.local/lib/python3.7/site-packages/airflow/example_dags/example_task_group.py for tasks to queue
[2023-05-11T19:10:53.665+0000] {logging_mixin.py:137} INFO - [2023-05-11T19:10:53.665+0000] {dagbag.py:538} INFO - Filling up the DagBag from /home/airflow/.local/lib/python3.7/site-packages/airflow/example_dags/example_task_group.py
[2023-05-11T19:10:53.674+0000] {processor.py:753} INFO - DAG(s) dict_keys(['example_task_group']) retrieved from /home/airflow/.local/lib/python3.7/site-packages/airflow/example_dags/example_task_group.py
[2023-05-11T19:10:53.692+0000] {logging_mixin.py:137} INFO - [2023-05-11T19:10:53.692+0000] {dag.py:2690} INFO - Sync 1 DAGs
[2023-05-11T19:10:53.708+0000] {logging_mixin.py:137} INFO - [2023-05-11T19:10:53.708+0000] {dag.py:3441} INFO - Setting next_dagrun for example_task_group to 2023-05-10T19:10:53.707892+00:00, run_after=2023-05-11T19:10:53.707892+00:00
[2023-05-11T19:10:53.720+0000] {processor.py:175} INFO - Processing /home/airflow/.local/lib/python3.7/site-packages/airflow/example_dags/example_task_group.py took 0.058 seconds
[2023-05-11T19:11:24.550+0000] {processor.py:153} INFO - Started process (PID=1285) to work on /home/airflow/.local/lib/python3.7/site-packages/airflow/example_dags/example_task_group.py
[2023-05-11T19:11:24.551+0000] {processor.py:743} INFO - Processing file /home/airflow/.local/lib/python3.7/site-packages/airflow/example_dags/example_task_group.py for tasks to queue
[2023-05-11T19:11:24.551+0000] {logging_mixin.py:137} INFO - [2023-05-11T19:11:24.551+0000] {dagbag.py:538} INFO - Filling up the DagBag from /home/airflow/.local/lib/python3.7/site-packages/airflow/example_dags/example_task_group.py
[2023-05-11T19:11:24.565+0000] {processor.py:753} INFO - DAG(s) dict_keys(['example_task_group']) retrieved from /home/airflow/.local/lib/python3.7/site-packages/airflow/example_dags/example_task_group.py
[2023-05-11T19:11:24.588+0000] {logging_mixin.py:137} INFO - [2023-05-11T19:11:24.587+0000] {dag.py:2690} INFO - Sync 1 DAGs
[2023-05-11T19:11:24.611+0000] {logging_mixin.py:137} INFO - [2023-05-11T19:11:24.611+0000] {dag.py:3441} INFO - Setting next_dagrun for example_task_group to 2023-05-10T19:11:24.610847+00:00, run_after=2023-05-11T19:11:24.610847+00:00
[2023-05-11T19:11:24.627+0000] {processor.py:175} INFO - Processing /home/airflow/.local/lib/python3.7/site-packages/airflow/example_dags/example_task_group.py took 0.080 seconds
[2023-05-11T19:14:01.312+0000] {processor.py:153} INFO - Started process (PID=326) to work on /home/airflow/.local/lib/python3.7/site-packages/airflow/example_dags/example_task_group.py
[2023-05-11T19:14:01.313+0000] {processor.py:743} INFO - Processing file /home/airflow/.local/lib/python3.7/site-packages/airflow/example_dags/example_task_group.py for tasks to queue
[2023-05-11T19:14:01.313+0000] {logging_mixin.py:137} INFO - [2023-05-11T19:14:01.313+0000] {dagbag.py:538} INFO - Filling up the DagBag from /home/airflow/.local/lib/python3.7/site-packages/airflow/example_dags/example_task_group.py
[2023-05-11T19:14:01.326+0000] {processor.py:753} INFO - DAG(s) dict_keys(['example_task_group']) retrieved from /home/airflow/.local/lib/python3.7/site-packages/airflow/example_dags/example_task_group.py
[2023-05-11T19:14:01.337+0000] {logging_mixin.py:137} INFO - [2023-05-11T19:14:01.337+0000] {dag.py:2690} INFO - Sync 1 DAGs
[2023-05-11T19:14:01.354+0000] {logging_mixin.py:137} INFO - [2023-05-11T19:14:01.354+0000] {dag.py:3441} INFO - Setting next_dagrun for example_task_group to 2023-05-10T19:14:01.354079+00:00, run_after=2023-05-11T19:14:01.354079+00:00
[2023-05-11T19:14:01.366+0000] {processor.py:175} INFO - Processing /home/airflow/.local/lib/python3.7/site-packages/airflow/example_dags/example_task_group.py took 0.057 seconds
[2023-05-11T19:14:32.425+0000] {processor.py:153} INFO - Started process (PID=558) to work on /home/airflow/.local/lib/python3.7/site-packages/airflow/example_dags/example_task_group.py
[2023-05-11T19:14:32.426+0000] {processor.py:743} INFO - Processing file /home/airflow/.local/lib/python3.7/site-packages/airflow/example_dags/example_task_group.py for tasks to queue
[2023-05-11T19:14:32.426+0000] {logging_mixin.py:137} INFO - [2023-05-11T19:14:32.426+0000] {dagbag.py:538} INFO - Filling up the DagBag from /home/airflow/.local/lib/python3.7/site-packages/airflow/example_dags/example_task_group.py
[2023-05-11T19:14:32.439+0000] {processor.py:753} INFO - DAG(s) dict_keys(['example_task_group']) retrieved from /home/airflow/.local/lib/python3.7/site-packages/airflow/example_dags/example_task_group.py
[2023-05-11T19:14:32.461+0000] {logging_mixin.py:137} INFO - [2023-05-11T19:14:32.461+0000] {dag.py:2690} INFO - Sync 1 DAGs
[2023-05-11T19:14:32.484+0000] {logging_mixin.py:137} INFO - [2023-05-11T19:14:32.483+0000] {dag.py:3441} INFO - Setting next_dagrun for example_task_group to 2023-05-10T19:14:32.483752+00:00, run_after=2023-05-11T19:14:32.483752+00:00
[2023-05-11T19:14:32.500+0000] {processor.py:175} INFO - Processing /home/airflow/.local/lib/python3.7/site-packages/airflow/example_dags/example_task_group.py took 0.078 seconds
[2023-05-11T19:15:03.486+0000] {processor.py:153} INFO - Started process (PID=806) to work on /home/airflow/.local/lib/python3.7/site-packages/airflow/example_dags/example_task_group.py
[2023-05-11T19:15:03.487+0000] {processor.py:743} INFO - Processing file /home/airflow/.local/lib/python3.7/site-packages/airflow/example_dags/example_task_group.py for tasks to queue
[2023-05-11T19:15:03.487+0000] {logging_mixin.py:137} INFO - [2023-05-11T19:15:03.487+0000] {dagbag.py:538} INFO - Filling up the DagBag from /home/airflow/.local/lib/python3.7/site-packages/airflow/example_dags/example_task_group.py
[2023-05-11T19:15:03.496+0000] {processor.py:753} INFO - DAG(s) dict_keys(['example_task_group']) retrieved from /home/airflow/.local/lib/python3.7/site-packages/airflow/example_dags/example_task_group.py
[2023-05-11T19:15:03.514+0000] {logging_mixin.py:137} INFO - [2023-05-11T19:15:03.514+0000] {dag.py:2690} INFO - Sync 1 DAGs
[2023-05-11T19:15:03.532+0000] {logging_mixin.py:137} INFO - [2023-05-11T19:15:03.531+0000] {dag.py:3441} INFO - Setting next_dagrun for example_task_group to 2023-05-10T19:15:03.531859+00:00, run_after=2023-05-11T19:15:03.531859+00:00
[2023-05-11T19:15:03.543+0000] {processor.py:175} INFO - Processing /home/airflow/.local/lib/python3.7/site-packages/airflow/example_dags/example_task_group.py took 0.058 seconds
[2023-05-11T19:15:33.743+0000] {processor.py:153} INFO - Started process (PID=1038) to work on /home/airflow/.local/lib/python3.7/site-packages/airflow/example_dags/example_task_group.py
[2023-05-11T19:15:33.744+0000] {processor.py:743} INFO - Processing file /home/airflow/.local/lib/python3.7/site-packages/airflow/example_dags/example_task_group.py for tasks to queue
[2023-05-11T19:15:33.744+0000] {logging_mixin.py:137} INFO - [2023-05-11T19:15:33.744+0000] {dagbag.py:538} INFO - Filling up the DagBag from /home/airflow/.local/lib/python3.7/site-packages/airflow/example_dags/example_task_group.py
[2023-05-11T19:15:33.757+0000] {processor.py:753} INFO - DAG(s) dict_keys(['example_task_group']) retrieved from /home/airflow/.local/lib/python3.7/site-packages/airflow/example_dags/example_task_group.py
[2023-05-11T19:15:33.780+0000] {logging_mixin.py:137} INFO - [2023-05-11T19:15:33.780+0000] {dag.py:2690} INFO - Sync 1 DAGs
[2023-05-11T19:15:33.802+0000] {logging_mixin.py:137} INFO - [2023-05-11T19:15:33.801+0000] {dag.py:3441} INFO - Setting next_dagrun for example_task_group to 2023-05-10T19:15:33.801707+00:00, run_after=2023-05-11T19:15:33.801707+00:00
[2023-05-11T19:15:33.817+0000] {processor.py:175} INFO - Processing /home/airflow/.local/lib/python3.7/site-packages/airflow/example_dags/example_task_group.py took 0.077 seconds
[2023-05-11T19:16:04.083+0000] {processor.py:153} INFO - Started process (PID=1286) to work on /home/airflow/.local/lib/python3.7/site-packages/airflow/example_dags/example_task_group.py
[2023-05-11T19:16:04.084+0000] {processor.py:743} INFO - Processing file /home/airflow/.local/lib/python3.7/site-packages/airflow/example_dags/example_task_group.py for tasks to queue
[2023-05-11T19:16:04.085+0000] {logging_mixin.py:137} INFO - [2023-05-11T19:16:04.084+0000] {dagbag.py:538} INFO - Filling up the DagBag from /home/airflow/.local/lib/python3.7/site-packages/airflow/example_dags/example_task_group.py
[2023-05-11T19:16:04.097+0000] {processor.py:753} INFO - DAG(s) dict_keys(['example_task_group']) retrieved from /home/airflow/.local/lib/python3.7/site-packages/airflow/example_dags/example_task_group.py
[2023-05-11T19:16:04.120+0000] {logging_mixin.py:137} INFO - [2023-05-11T19:16:04.120+0000] {dag.py:2690} INFO - Sync 1 DAGs
[2023-05-11T19:16:04.142+0000] {logging_mixin.py:137} INFO - [2023-05-11T19:16:04.142+0000] {dag.py:3441} INFO - Setting next_dagrun for example_task_group to 2023-05-10T19:16:04.141930+00:00, run_after=2023-05-11T19:16:04.141930+00:00
[2023-05-11T19:16:04.158+0000] {processor.py:175} INFO - Processing /home/airflow/.local/lib/python3.7/site-packages/airflow/example_dags/example_task_group.py took 0.077 seconds
[2023-05-11T19:16:34.318+0000] {processor.py:153} INFO - Started process (PID=1518) to work on /home/airflow/.local/lib/python3.7/site-packages/airflow/example_dags/example_task_group.py
[2023-05-11T19:16:34.319+0000] {processor.py:743} INFO - Processing file /home/airflow/.local/lib/python3.7/site-packages/airflow/example_dags/example_task_group.py for tasks to queue
[2023-05-11T19:16:34.319+0000] {logging_mixin.py:137} INFO - [2023-05-11T19:16:34.319+0000] {dagbag.py:538} INFO - Filling up the DagBag from /home/airflow/.local/lib/python3.7/site-packages/airflow/example_dags/example_task_group.py
[2023-05-11T19:16:34.329+0000] {processor.py:753} INFO - DAG(s) dict_keys(['example_task_group']) retrieved from /home/airflow/.local/lib/python3.7/site-packages/airflow/example_dags/example_task_group.py
[2023-05-11T19:16:34.347+0000] {logging_mixin.py:137} INFO - [2023-05-11T19:16:34.347+0000] {dag.py:2690} INFO - Sync 1 DAGs
[2023-05-11T19:16:34.365+0000] {logging_mixin.py:137} INFO - [2023-05-11T19:16:34.365+0000] {dag.py:3441} INFO - Setting next_dagrun for example_task_group to 2023-05-10T19:16:34.364912+00:00, run_after=2023-05-11T19:16:34.364912+00:00
[2023-05-11T19:16:34.377+0000] {processor.py:175} INFO - Processing /home/airflow/.local/lib/python3.7/site-packages/airflow/example_dags/example_task_group.py took 0.062 seconds
[2023-05-11T19:17:05.416+0000] {processor.py:153} INFO - Started process (PID=1764) to work on /home/airflow/.local/lib/python3.7/site-packages/airflow/example_dags/example_task_group.py
[2023-05-11T19:17:05.417+0000] {processor.py:743} INFO - Processing file /home/airflow/.local/lib/python3.7/site-packages/airflow/example_dags/example_task_group.py for tasks to queue
[2023-05-11T19:17:05.417+0000] {logging_mixin.py:137} INFO - [2023-05-11T19:17:05.417+0000] {dagbag.py:538} INFO - Filling up the DagBag from /home/airflow/.local/lib/python3.7/site-packages/airflow/example_dags/example_task_group.py
[2023-05-11T19:17:05.430+0000] {processor.py:753} INFO - DAG(s) dict_keys(['example_task_group']) retrieved from /home/airflow/.local/lib/python3.7/site-packages/airflow/example_dags/example_task_group.py
[2023-05-11T19:17:05.454+0000] {logging_mixin.py:137} INFO - [2023-05-11T19:17:05.453+0000] {dag.py:2690} INFO - Sync 1 DAGs
[2023-05-11T19:17:05.475+0000] {logging_mixin.py:137} INFO - [2023-05-11T19:17:05.475+0000] {dag.py:3441} INFO - Setting next_dagrun for example_task_group to 2023-05-10T19:17:05.475424+00:00, run_after=2023-05-11T19:17:05.475424+00:00
[2023-05-11T19:17:05.491+0000] {processor.py:175} INFO - Processing /home/airflow/.local/lib/python3.7/site-packages/airflow/example_dags/example_task_group.py took 0.077 seconds
[2023-05-11T19:17:35.904+0000] {processor.py:153} INFO - Started process (PID=2012) to work on /home/airflow/.local/lib/python3.7/site-packages/airflow/example_dags/example_task_group.py
[2023-05-11T19:17:35.905+0000] {processor.py:743} INFO - Processing file /home/airflow/.local/lib/python3.7/site-packages/airflow/example_dags/example_task_group.py for tasks to queue
[2023-05-11T19:17:35.906+0000] {logging_mixin.py:137} INFO - [2023-05-11T19:17:35.905+0000] {dagbag.py:538} INFO - Filling up the DagBag from /home/airflow/.local/lib/python3.7/site-packages/airflow/example_dags/example_task_group.py
[2023-05-11T19:17:35.922+0000] {processor.py:753} INFO - DAG(s) dict_keys(['example_task_group']) retrieved from /home/airflow/.local/lib/python3.7/site-packages/airflow/example_dags/example_task_group.py
[2023-05-11T19:17:35.948+0000] {logging_mixin.py:137} INFO - [2023-05-11T19:17:35.948+0000] {dag.py:2690} INFO - Sync 1 DAGs
[2023-05-11T19:17:36.018+0000] {logging_mixin.py:137} INFO - [2023-05-11T19:17:36.018+0000] {dag.py:3441} INFO - Setting next_dagrun for example_task_group to 2023-05-10T19:17:36.018427+00:00, run_after=2023-05-11T19:17:36.018427+00:00
[2023-05-11T19:17:36.040+0000] {processor.py:175} INFO - Processing /home/airflow/.local/lib/python3.7/site-packages/airflow/example_dags/example_task_group.py took 0.139 seconds
[2023-05-11T19:18:07.012+0000] {processor.py:153} INFO - Started process (PID=2253) to work on /home/airflow/.local/lib/python3.7/site-packages/airflow/example_dags/example_task_group.py
[2023-05-11T19:18:07.015+0000] {processor.py:743} INFO - Processing file /home/airflow/.local/lib/python3.7/site-packages/airflow/example_dags/example_task_group.py for tasks to queue
[2023-05-11T19:18:07.015+0000] {logging_mixin.py:137} INFO - [2023-05-11T19:18:07.015+0000] {dagbag.py:538} INFO - Filling up the DagBag from /home/airflow/.local/lib/python3.7/site-packages/airflow/example_dags/example_task_group.py
[2023-05-11T19:18:07.028+0000] {processor.py:753} INFO - DAG(s) dict_keys(['example_task_group']) retrieved from /home/airflow/.local/lib/python3.7/site-packages/airflow/example_dags/example_task_group.py
[2023-05-11T19:18:07.058+0000] {logging_mixin.py:137} INFO - [2023-05-11T19:18:07.057+0000] {dag.py:2690} INFO - Sync 1 DAGs
[2023-05-11T19:18:07.080+0000] {logging_mixin.py:137} INFO - [2023-05-11T19:18:07.080+0000] {dag.py:3441} INFO - Setting next_dagrun for example_task_group to 2023-05-10T19:18:07.080624+00:00, run_after=2023-05-11T19:18:07.080624+00:00
[2023-05-11T19:18:07.099+0000] {processor.py:175} INFO - Processing /home/airflow/.local/lib/python3.7/site-packages/airflow/example_dags/example_task_group.py took 0.090 seconds
[2023-05-11T19:18:37.875+0000] {processor.py:153} INFO - Started process (PID=2502) to work on /home/airflow/.local/lib/python3.7/site-packages/airflow/example_dags/example_task_group.py
[2023-05-11T19:18:37.877+0000] {processor.py:743} INFO - Processing file /home/airflow/.local/lib/python3.7/site-packages/airflow/example_dags/example_task_group.py for tasks to queue
[2023-05-11T19:18:37.878+0000] {logging_mixin.py:137} INFO - [2023-05-11T19:18:37.878+0000] {dagbag.py:538} INFO - Filling up the DagBag from /home/airflow/.local/lib/python3.7/site-packages/airflow/example_dags/example_task_group.py
[2023-05-11T19:18:37.892+0000] {processor.py:753} INFO - DAG(s) dict_keys(['example_task_group']) retrieved from /home/airflow/.local/lib/python3.7/site-packages/airflow/example_dags/example_task_group.py
[2023-05-11T19:18:37.911+0000] {logging_mixin.py:137} INFO - [2023-05-11T19:18:37.910+0000] {dag.py:2690} INFO - Sync 1 DAGs
[2023-05-11T19:18:37.928+0000] {logging_mixin.py:137} INFO - [2023-05-11T19:18:37.927+0000] {dag.py:3441} INFO - Setting next_dagrun for example_task_group to 2023-05-10T19:18:37.927849+00:00, run_after=2023-05-11T19:18:37.927849+00:00
[2023-05-11T19:18:37.940+0000] {processor.py:175} INFO - Processing /home/airflow/.local/lib/python3.7/site-packages/airflow/example_dags/example_task_group.py took 0.068 seconds
[2023-05-11T19:19:08.154+0000] {processor.py:153} INFO - Started process (PID=2734) to work on /home/airflow/.local/lib/python3.7/site-packages/airflow/example_dags/example_task_group.py
[2023-05-11T19:19:08.157+0000] {processor.py:743} INFO - Processing file /home/airflow/.local/lib/python3.7/site-packages/airflow/example_dags/example_task_group.py for tasks to queue
[2023-05-11T19:19:08.157+0000] {logging_mixin.py:137} INFO - [2023-05-11T19:19:08.157+0000] {dagbag.py:538} INFO - Filling up the DagBag from /home/airflow/.local/lib/python3.7/site-packages/airflow/example_dags/example_task_group.py
[2023-05-11T19:19:08.170+0000] {processor.py:753} INFO - DAG(s) dict_keys(['example_task_group']) retrieved from /home/airflow/.local/lib/python3.7/site-packages/airflow/example_dags/example_task_group.py
[2023-05-11T19:19:08.194+0000] {logging_mixin.py:137} INFO - [2023-05-11T19:19:08.194+0000] {dag.py:2690} INFO - Sync 1 DAGs
[2023-05-11T19:19:08.216+0000] {logging_mixin.py:137} INFO - [2023-05-11T19:19:08.216+0000] {dag.py:3441} INFO - Setting next_dagrun for example_task_group to 2023-05-10T19:19:08.216063+00:00, run_after=2023-05-11T19:19:08.216063+00:00
[2023-05-11T19:19:08.233+0000] {processor.py:175} INFO - Processing /home/airflow/.local/lib/python3.7/site-packages/airflow/example_dags/example_task_group.py took 0.081 seconds
[2023-05-11T19:19:38.919+0000] {processor.py:153} INFO - Started process (PID=2982) to work on /home/airflow/.local/lib/python3.7/site-packages/airflow/example_dags/example_task_group.py
[2023-05-11T19:19:38.922+0000] {processor.py:743} INFO - Processing file /home/airflow/.local/lib/python3.7/site-packages/airflow/example_dags/example_task_group.py for tasks to queue
[2023-05-11T19:19:38.923+0000] {logging_mixin.py:137} INFO - [2023-05-11T19:19:38.922+0000] {dagbag.py:538} INFO - Filling up the DagBag from /home/airflow/.local/lib/python3.7/site-packages/airflow/example_dags/example_task_group.py
[2023-05-11T19:19:38.938+0000] {processor.py:753} INFO - DAG(s) dict_keys(['example_task_group']) retrieved from /home/airflow/.local/lib/python3.7/site-packages/airflow/example_dags/example_task_group.py
[2023-05-11T19:19:38.962+0000] {logging_mixin.py:137} INFO - [2023-05-11T19:19:38.961+0000] {dag.py:2690} INFO - Sync 1 DAGs
[2023-05-11T19:19:38.983+0000] {logging_mixin.py:137} INFO - [2023-05-11T19:19:38.983+0000] {dag.py:3441} INFO - Setting next_dagrun for example_task_group to 2023-05-10T19:19:38.983397+00:00, run_after=2023-05-11T19:19:38.983397+00:00
[2023-05-11T19:19:39.000+0000] {processor.py:175} INFO - Processing /home/airflow/.local/lib/python3.7/site-packages/airflow/example_dags/example_task_group.py took 0.084 seconds
[2023-05-11T19:20:09.275+0000] {processor.py:153} INFO - Started process (PID=3214) to work on /home/airflow/.local/lib/python3.7/site-packages/airflow/example_dags/example_task_group.py
[2023-05-11T19:20:09.278+0000] {processor.py:743} INFO - Processing file /home/airflow/.local/lib/python3.7/site-packages/airflow/example_dags/example_task_group.py for tasks to queue
[2023-05-11T19:20:09.278+0000] {logging_mixin.py:137} INFO - [2023-05-11T19:20:09.278+0000] {dagbag.py:538} INFO - Filling up the DagBag from /home/airflow/.local/lib/python3.7/site-packages/airflow/example_dags/example_task_group.py
[2023-05-11T19:20:09.294+0000] {processor.py:753} INFO - DAG(s) dict_keys(['example_task_group']) retrieved from /home/airflow/.local/lib/python3.7/site-packages/airflow/example_dags/example_task_group.py
[2023-05-11T19:20:09.323+0000] {logging_mixin.py:137} INFO - [2023-05-11T19:20:09.323+0000] {dag.py:2690} INFO - Sync 1 DAGs
[2023-05-11T19:20:09.348+0000] {logging_mixin.py:137} INFO - [2023-05-11T19:20:09.348+0000] {dag.py:3441} INFO - Setting next_dagrun for example_task_group to 2023-05-10T19:20:09.348089+00:00, run_after=2023-05-11T19:20:09.348089+00:00
[2023-05-11T19:20:09.365+0000] {processor.py:175} INFO - Processing /home/airflow/.local/lib/python3.7/site-packages/airflow/example_dags/example_task_group.py took 0.093 seconds
[2023-05-11T19:20:39.955+0000] {processor.py:153} INFO - Started process (PID=3462) to work on /home/airflow/.local/lib/python3.7/site-packages/airflow/example_dags/example_task_group.py
[2023-05-11T19:20:39.956+0000] {processor.py:743} INFO - Processing file /home/airflow/.local/lib/python3.7/site-packages/airflow/example_dags/example_task_group.py for tasks to queue
[2023-05-11T19:20:39.956+0000] {logging_mixin.py:137} INFO - [2023-05-11T19:20:39.956+0000] {dagbag.py:538} INFO - Filling up the DagBag from /home/airflow/.local/lib/python3.7/site-packages/airflow/example_dags/example_task_group.py
[2023-05-11T19:20:39.968+0000] {processor.py:753} INFO - DAG(s) dict_keys(['example_task_group']) retrieved from /home/airflow/.local/lib/python3.7/site-packages/airflow/example_dags/example_task_group.py
[2023-05-11T19:20:39.985+0000] {logging_mixin.py:137} INFO - [2023-05-11T19:20:39.985+0000] {dag.py:2690} INFO - Sync 1 DAGs
[2023-05-11T19:20:40.000+0000] {logging_mixin.py:137} INFO - [2023-05-11T19:20:40.000+0000] {dag.py:3441} INFO - Setting next_dagrun for example_task_group to 2023-05-10T19:20:40.000526+00:00, run_after=2023-05-11T19:20:40.000526+00:00
[2023-05-11T19:20:40.012+0000] {processor.py:175} INFO - Processing /home/airflow/.local/lib/python3.7/site-packages/airflow/example_dags/example_task_group.py took 0.059 seconds
[2023-05-11T19:21:10.149+0000] {processor.py:153} INFO - Started process (PID=3694) to work on /home/airflow/.local/lib/python3.7/site-packages/airflow/example_dags/example_task_group.py
[2023-05-11T19:21:10.150+0000] {processor.py:743} INFO - Processing file /home/airflow/.local/lib/python3.7/site-packages/airflow/example_dags/example_task_group.py for tasks to queue
[2023-05-11T19:21:10.150+0000] {logging_mixin.py:137} INFO - [2023-05-11T19:21:10.150+0000] {dagbag.py:538} INFO - Filling up the DagBag from /home/airflow/.local/lib/python3.7/site-packages/airflow/example_dags/example_task_group.py
[2023-05-11T19:21:10.164+0000] {processor.py:753} INFO - DAG(s) dict_keys(['example_task_group']) retrieved from /home/airflow/.local/lib/python3.7/site-packages/airflow/example_dags/example_task_group.py
[2023-05-11T19:21:10.187+0000] {logging_mixin.py:137} INFO - [2023-05-11T19:21:10.187+0000] {dag.py:2690} INFO - Sync 1 DAGs
[2023-05-11T19:21:10.209+0000] {logging_mixin.py:137} INFO - [2023-05-11T19:21:10.209+0000] {dag.py:3441} INFO - Setting next_dagrun for example_task_group to 2023-05-10T19:21:10.209471+00:00, run_after=2023-05-11T19:21:10.209471+00:00
[2023-05-11T19:21:10.226+0000] {processor.py:175} INFO - Processing /home/airflow/.local/lib/python3.7/site-packages/airflow/example_dags/example_task_group.py took 0.080 seconds
[2023-05-11T19:21:40.856+0000] {processor.py:153} INFO - Started process (PID=3942) to work on /home/airflow/.local/lib/python3.7/site-packages/airflow/example_dags/example_task_group.py
[2023-05-11T19:21:40.857+0000] {processor.py:743} INFO - Processing file /home/airflow/.local/lib/python3.7/site-packages/airflow/example_dags/example_task_group.py for tasks to queue
[2023-05-11T19:21:40.858+0000] {logging_mixin.py:137} INFO - [2023-05-11T19:21:40.857+0000] {dagbag.py:538} INFO - Filling up the DagBag from /home/airflow/.local/lib/python3.7/site-packages/airflow/example_dags/example_task_group.py
[2023-05-11T19:21:40.869+0000] {processor.py:753} INFO - DAG(s) dict_keys(['example_task_group']) retrieved from /home/airflow/.local/lib/python3.7/site-packages/airflow/example_dags/example_task_group.py
[2023-05-11T19:21:40.887+0000] {logging_mixin.py:137} INFO - [2023-05-11T19:21:40.886+0000] {dag.py:2690} INFO - Sync 1 DAGs
[2023-05-11T19:21:40.902+0000] {logging_mixin.py:137} INFO - [2023-05-11T19:21:40.902+0000] {dag.py:3441} INFO - Setting next_dagrun for example_task_group to 2023-05-10T19:21:40.902301+00:00, run_after=2023-05-11T19:21:40.902301+00:00
[2023-05-11T19:21:40.915+0000] {processor.py:175} INFO - Processing /home/airflow/.local/lib/python3.7/site-packages/airflow/example_dags/example_task_group.py took 0.061 seconds
[2023-05-11T19:22:11.045+0000] {processor.py:153} INFO - Started process (PID=4174) to work on /home/airflow/.local/lib/python3.7/site-packages/airflow/example_dags/example_task_group.py
[2023-05-11T19:22:11.047+0000] {processor.py:743} INFO - Processing file /home/airflow/.local/lib/python3.7/site-packages/airflow/example_dags/example_task_group.py for tasks to queue
[2023-05-11T19:22:11.048+0000] {logging_mixin.py:137} INFO - [2023-05-11T19:22:11.048+0000] {dagbag.py:538} INFO - Filling up the DagBag from /home/airflow/.local/lib/python3.7/site-packages/airflow/example_dags/example_task_group.py
[2023-05-11T19:22:11.057+0000] {processor.py:753} INFO - DAG(s) dict_keys(['example_task_group']) retrieved from /home/airflow/.local/lib/python3.7/site-packages/airflow/example_dags/example_task_group.py
[2023-05-11T19:22:11.075+0000] {logging_mixin.py:137} INFO - [2023-05-11T19:22:11.074+0000] {dag.py:2690} INFO - Sync 1 DAGs
[2023-05-11T19:22:11.091+0000] {logging_mixin.py:137} INFO - [2023-05-11T19:22:11.091+0000] {dag.py:3441} INFO - Setting next_dagrun for example_task_group to 2023-05-10T19:22:11.091581+00:00, run_after=2023-05-11T19:22:11.091581+00:00
[2023-05-11T19:22:11.103+0000] {processor.py:175} INFO - Processing /home/airflow/.local/lib/python3.7/site-packages/airflow/example_dags/example_task_group.py took 0.062 seconds
[2023-05-11T19:22:41.708+0000] {processor.py:153} INFO - Started process (PID=4423) to work on /home/airflow/.local/lib/python3.7/site-packages/airflow/example_dags/example_task_group.py
[2023-05-11T19:22:41.710+0000] {processor.py:743} INFO - Processing file /home/airflow/.local/lib/python3.7/site-packages/airflow/example_dags/example_task_group.py for tasks to queue
[2023-05-11T19:22:41.711+0000] {logging_mixin.py:137} INFO - [2023-05-11T19:22:41.710+0000] {dagbag.py:538} INFO - Filling up the DagBag from /home/airflow/.local/lib/python3.7/site-packages/airflow/example_dags/example_task_group.py
[2023-05-11T19:22:41.721+0000] {processor.py:753} INFO - DAG(s) dict_keys(['example_task_group']) retrieved from /home/airflow/.local/lib/python3.7/site-packages/airflow/example_dags/example_task_group.py
[2023-05-11T19:22:41.738+0000] {logging_mixin.py:137} INFO - [2023-05-11T19:22:41.738+0000] {dag.py:2690} INFO - Sync 1 DAGs
[2023-05-11T19:22:41.753+0000] {logging_mixin.py:137} INFO - [2023-05-11T19:22:41.753+0000] {dag.py:3441} INFO - Setting next_dagrun for example_task_group to 2023-05-10T19:22:41.753740+00:00, run_after=2023-05-11T19:22:41.753740+00:00
[2023-05-11T19:22:41.765+0000] {processor.py:175} INFO - Processing /home/airflow/.local/lib/python3.7/site-packages/airflow/example_dags/example_task_group.py took 0.061 seconds
[2023-05-11T19:23:12.003+0000] {processor.py:153} INFO - Started process (PID=4655) to work on /home/airflow/.local/lib/python3.7/site-packages/airflow/example_dags/example_task_group.py
[2023-05-11T19:23:12.005+0000] {processor.py:743} INFO - Processing file /home/airflow/.local/lib/python3.7/site-packages/airflow/example_dags/example_task_group.py for tasks to queue
[2023-05-11T19:23:12.006+0000] {logging_mixin.py:137} INFO - [2023-05-11T19:23:12.006+0000] {dagbag.py:538} INFO - Filling up the DagBag from /home/airflow/.local/lib/python3.7/site-packages/airflow/example_dags/example_task_group.py
[2023-05-11T19:23:12.021+0000] {processor.py:753} INFO - DAG(s) dict_keys(['example_task_group']) retrieved from /home/airflow/.local/lib/python3.7/site-packages/airflow/example_dags/example_task_group.py
[2023-05-11T19:23:12.044+0000] {logging_mixin.py:137} INFO - [2023-05-11T19:23:12.044+0000] {dag.py:2690} INFO - Sync 1 DAGs
[2023-05-11T19:23:12.067+0000] {logging_mixin.py:137} INFO - [2023-05-11T19:23:12.067+0000] {dag.py:3441} INFO - Setting next_dagrun for example_task_group to 2023-05-10T19:23:12.067325+00:00, run_after=2023-05-11T19:23:12.067325+00:00
[2023-05-11T19:23:12.084+0000] {processor.py:175} INFO - Processing /home/airflow/.local/lib/python3.7/site-packages/airflow/example_dags/example_task_group.py took 0.084 seconds
[2023-05-11T19:23:42.139+0000] {processor.py:153} INFO - Started process (PID=4904) to work on /home/airflow/.local/lib/python3.7/site-packages/airflow/example_dags/example_task_group.py
[2023-05-11T19:23:42.139+0000] {processor.py:743} INFO - Processing file /home/airflow/.local/lib/python3.7/site-packages/airflow/example_dags/example_task_group.py for tasks to queue
[2023-05-11T19:23:42.140+0000] {logging_mixin.py:137} INFO - [2023-05-11T19:23:42.140+0000] {dagbag.py:538} INFO - Filling up the DagBag from /home/airflow/.local/lib/python3.7/site-packages/airflow/example_dags/example_task_group.py
[2023-05-11T19:23:42.153+0000] {processor.py:753} INFO - DAG(s) dict_keys(['example_task_group']) retrieved from /home/airflow/.local/lib/python3.7/site-packages/airflow/example_dags/example_task_group.py
[2023-05-11T19:23:42.176+0000] {logging_mixin.py:137} INFO - [2023-05-11T19:23:42.176+0000] {dag.py:2690} INFO - Sync 1 DAGs
[2023-05-11T19:23:42.198+0000] {logging_mixin.py:137} INFO - [2023-05-11T19:23:42.198+0000] {dag.py:3441} INFO - Setting next_dagrun for example_task_group to 2023-05-10T19:23:42.198627+00:00, run_after=2023-05-11T19:23:42.198627+00:00
[2023-05-11T19:23:42.217+0000] {processor.py:175} INFO - Processing /home/airflow/.local/lib/python3.7/site-packages/airflow/example_dags/example_task_group.py took 0.081 seconds
[2023-05-11T19:24:12.825+0000] {processor.py:153} INFO - Started process (PID=5134) to work on /home/airflow/.local/lib/python3.7/site-packages/airflow/example_dags/example_task_group.py
[2023-05-11T19:24:12.826+0000] {processor.py:743} INFO - Processing file /home/airflow/.local/lib/python3.7/site-packages/airflow/example_dags/example_task_group.py for tasks to queue
[2023-05-11T19:24:12.826+0000] {logging_mixin.py:137} INFO - [2023-05-11T19:24:12.826+0000] {dagbag.py:538} INFO - Filling up the DagBag from /home/airflow/.local/lib/python3.7/site-packages/airflow/example_dags/example_task_group.py
[2023-05-11T19:24:12.840+0000] {processor.py:753} INFO - DAG(s) dict_keys(['example_task_group']) retrieved from /home/airflow/.local/lib/python3.7/site-packages/airflow/example_dags/example_task_group.py
[2023-05-11T19:24:12.866+0000] {logging_mixin.py:137} INFO - [2023-05-11T19:24:12.866+0000] {dag.py:2690} INFO - Sync 1 DAGs
[2023-05-11T19:24:12.890+0000] {logging_mixin.py:137} INFO - [2023-05-11T19:24:12.890+0000] {dag.py:3441} INFO - Setting next_dagrun for example_task_group to 2023-05-10T19:24:12.889970+00:00, run_after=2023-05-11T19:24:12.889970+00:00
[2023-05-11T19:24:12.909+0000] {processor.py:175} INFO - Processing /home/airflow/.local/lib/python3.7/site-packages/airflow/example_dags/example_task_group.py took 0.086 seconds
[2023-05-11T19:24:43.116+0000] {processor.py:153} INFO - Started process (PID=5384) to work on /home/airflow/.local/lib/python3.7/site-packages/airflow/example_dags/example_task_group.py
[2023-05-11T19:24:43.116+0000] {processor.py:743} INFO - Processing file /home/airflow/.local/lib/python3.7/site-packages/airflow/example_dags/example_task_group.py for tasks to queue
[2023-05-11T19:24:43.117+0000] {logging_mixin.py:137} INFO - [2023-05-11T19:24:43.117+0000] {dagbag.py:538} INFO - Filling up the DagBag from /home/airflow/.local/lib/python3.7/site-packages/airflow/example_dags/example_task_group.py
[2023-05-11T19:24:43.127+0000] {processor.py:753} INFO - DAG(s) dict_keys(['example_task_group']) retrieved from /home/airflow/.local/lib/python3.7/site-packages/airflow/example_dags/example_task_group.py
[2023-05-11T19:24:43.146+0000] {logging_mixin.py:137} INFO - [2023-05-11T19:24:43.145+0000] {dag.py:2690} INFO - Sync 1 DAGs
[2023-05-11T19:24:43.161+0000] {logging_mixin.py:137} INFO - [2023-05-11T19:24:43.161+0000] {dag.py:3441} INFO - Setting next_dagrun for example_task_group to 2023-05-10T19:24:43.161422+00:00, run_after=2023-05-11T19:24:43.161422+00:00
[2023-05-11T19:24:43.173+0000] {processor.py:175} INFO - Processing /home/airflow/.local/lib/python3.7/site-packages/airflow/example_dags/example_task_group.py took 0.059 seconds
[2023-05-11T19:25:28.950+0000] {processor.py:153} INFO - Started process (PID=324) to work on /home/airflow/.local/lib/python3.7/site-packages/airflow/example_dags/example_task_group.py
[2023-05-11T19:25:28.951+0000] {processor.py:743} INFO - Processing file /home/airflow/.local/lib/python3.7/site-packages/airflow/example_dags/example_task_group.py for tasks to queue
[2023-05-11T19:25:28.951+0000] {logging_mixin.py:137} INFO - [2023-05-11T19:25:28.951+0000] {dagbag.py:538} INFO - Filling up the DagBag from /home/airflow/.local/lib/python3.7/site-packages/airflow/example_dags/example_task_group.py
[2023-05-11T19:25:28.962+0000] {processor.py:753} INFO - DAG(s) dict_keys(['example_task_group']) retrieved from /home/airflow/.local/lib/python3.7/site-packages/airflow/example_dags/example_task_group.py
[2023-05-11T19:25:28.972+0000] {logging_mixin.py:137} INFO - [2023-05-11T19:25:28.972+0000] {dag.py:2690} INFO - Sync 1 DAGs
[2023-05-11T19:25:28.999+0000] {logging_mixin.py:137} INFO - [2023-05-11T19:25:28.999+0000] {dag.py:3441} INFO - Setting next_dagrun for example_task_group to 2023-05-10T19:25:28.998874+00:00, run_after=2023-05-11T19:25:28.998874+00:00
[2023-05-11T19:25:29.015+0000] {processor.py:175} INFO - Processing /home/airflow/.local/lib/python3.7/site-packages/airflow/example_dags/example_task_group.py took 0.067 seconds
[2023-05-11T19:25:59.726+0000] {processor.py:153} INFO - Started process (PID=556) to work on /home/airflow/.local/lib/python3.7/site-packages/airflow/example_dags/example_task_group.py
[2023-05-11T19:25:59.727+0000] {processor.py:743} INFO - Processing file /home/airflow/.local/lib/python3.7/site-packages/airflow/example_dags/example_task_group.py for tasks to queue
[2023-05-11T19:25:59.727+0000] {logging_mixin.py:137} INFO - [2023-05-11T19:25:59.727+0000] {dagbag.py:538} INFO - Filling up the DagBag from /home/airflow/.local/lib/python3.7/site-packages/airflow/example_dags/example_task_group.py
[2023-05-11T19:25:59.737+0000] {processor.py:753} INFO - DAG(s) dict_keys(['example_task_group']) retrieved from /home/airflow/.local/lib/python3.7/site-packages/airflow/example_dags/example_task_group.py
[2023-05-11T19:25:59.755+0000] {logging_mixin.py:137} INFO - [2023-05-11T19:25:59.755+0000] {dag.py:2690} INFO - Sync 1 DAGs
[2023-05-11T19:25:59.772+0000] {logging_mixin.py:137} INFO - [2023-05-11T19:25:59.771+0000] {dag.py:3441} INFO - Setting next_dagrun for example_task_group to 2023-05-10T19:25:59.771803+00:00, run_after=2023-05-11T19:25:59.771803+00:00
[2023-05-11T19:25:59.783+0000] {processor.py:175} INFO - Processing /home/airflow/.local/lib/python3.7/site-packages/airflow/example_dags/example_task_group.py took 0.058 seconds
[2023-05-11T19:26:30.184+0000] {processor.py:153} INFO - Started process (PID=806) to work on /home/airflow/.local/lib/python3.7/site-packages/airflow/example_dags/example_task_group.py
[2023-05-11T19:26:30.184+0000] {processor.py:743} INFO - Processing file /home/airflow/.local/lib/python3.7/site-packages/airflow/example_dags/example_task_group.py for tasks to queue
[2023-05-11T19:26:30.185+0000] {logging_mixin.py:137} INFO - [2023-05-11T19:26:30.185+0000] {dagbag.py:538} INFO - Filling up the DagBag from /home/airflow/.local/lib/python3.7/site-packages/airflow/example_dags/example_task_group.py
[2023-05-11T19:26:30.199+0000] {processor.py:753} INFO - DAG(s) dict_keys(['example_task_group']) retrieved from /home/airflow/.local/lib/python3.7/site-packages/airflow/example_dags/example_task_group.py
[2023-05-11T19:26:30.222+0000] {logging_mixin.py:137} INFO - [2023-05-11T19:26:30.222+0000] {dag.py:2690} INFO - Sync 1 DAGs
[2023-05-11T19:26:30.244+0000] {logging_mixin.py:137} INFO - [2023-05-11T19:26:30.244+0000] {dag.py:3441} INFO - Setting next_dagrun for example_task_group to 2023-05-10T19:26:30.244154+00:00, run_after=2023-05-11T19:26:30.244154+00:00
[2023-05-11T19:26:30.261+0000] {processor.py:175} INFO - Processing /home/airflow/.local/lib/python3.7/site-packages/airflow/example_dags/example_task_group.py took 0.080 seconds
[2023-05-11T19:27:00.636+0000] {processor.py:153} INFO - Started process (PID=1036) to work on /home/airflow/.local/lib/python3.7/site-packages/airflow/example_dags/example_task_group.py
[2023-05-11T19:27:00.637+0000] {processor.py:743} INFO - Processing file /home/airflow/.local/lib/python3.7/site-packages/airflow/example_dags/example_task_group.py for tasks to queue
[2023-05-11T19:27:00.637+0000] {logging_mixin.py:137} INFO - [2023-05-11T19:27:00.637+0000] {dagbag.py:538} INFO - Filling up the DagBag from /home/airflow/.local/lib/python3.7/site-packages/airflow/example_dags/example_task_group.py
[2023-05-11T19:27:00.650+0000] {processor.py:753} INFO - DAG(s) dict_keys(['example_task_group']) retrieved from /home/airflow/.local/lib/python3.7/site-packages/airflow/example_dags/example_task_group.py
[2023-05-11T19:27:00.674+0000] {logging_mixin.py:137} INFO - [2023-05-11T19:27:00.673+0000] {dag.py:2690} INFO - Sync 1 DAGs
[2023-05-11T19:27:00.696+0000] {logging_mixin.py:137} INFO - [2023-05-11T19:27:00.696+0000] {dag.py:3441} INFO - Setting next_dagrun for example_task_group to 2023-05-10T19:27:00.696614+00:00, run_after=2023-05-11T19:27:00.696614+00:00
[2023-05-11T19:27:00.712+0000] {processor.py:175} INFO - Processing /home/airflow/.local/lib/python3.7/site-packages/airflow/example_dags/example_task_group.py took 0.079 seconds
[2023-05-11T19:27:30.808+0000] {processor.py:153} INFO - Started process (PID=1284) to work on /home/airflow/.local/lib/python3.7/site-packages/airflow/example_dags/example_task_group.py
[2023-05-11T19:27:30.809+0000] {processor.py:743} INFO - Processing file /home/airflow/.local/lib/python3.7/site-packages/airflow/example_dags/example_task_group.py for tasks to queue
[2023-05-11T19:27:30.809+0000] {logging_mixin.py:137} INFO - [2023-05-11T19:27:30.809+0000] {dagbag.py:538} INFO - Filling up the DagBag from /home/airflow/.local/lib/python3.7/site-packages/airflow/example_dags/example_task_group.py
[2023-05-11T19:27:30.818+0000] {processor.py:753} INFO - DAG(s) dict_keys(['example_task_group']) retrieved from /home/airflow/.local/lib/python3.7/site-packages/airflow/example_dags/example_task_group.py
[2023-05-11T19:27:30.836+0000] {logging_mixin.py:137} INFO - [2023-05-11T19:27:30.836+0000] {dag.py:2690} INFO - Sync 1 DAGs
[2023-05-11T19:27:30.851+0000] {logging_mixin.py:137} INFO - [2023-05-11T19:27:30.851+0000] {dag.py:3441} INFO - Setting next_dagrun for example_task_group to 2023-05-10T19:27:30.851306+00:00, run_after=2023-05-11T19:27:30.851306+00:00
[2023-05-11T19:27:30.864+0000] {processor.py:175} INFO - Processing /home/airflow/.local/lib/python3.7/site-packages/airflow/example_dags/example_task_group.py took 0.057 seconds
[2023-05-11T19:28:02.156+0000] {processor.py:153} INFO - Started process (PID=1516) to work on /home/airflow/.local/lib/python3.7/site-packages/airflow/example_dags/example_task_group.py
[2023-05-11T19:28:02.156+0000] {processor.py:743} INFO - Processing file /home/airflow/.local/lib/python3.7/site-packages/airflow/example_dags/example_task_group.py for tasks to queue
[2023-05-11T19:28:02.157+0000] {logging_mixin.py:137} INFO - [2023-05-11T19:28:02.157+0000] {dagbag.py:538} INFO - Filling up the DagBag from /home/airflow/.local/lib/python3.7/site-packages/airflow/example_dags/example_task_group.py
[2023-05-11T19:28:02.170+0000] {processor.py:753} INFO - DAG(s) dict_keys(['example_task_group']) retrieved from /home/airflow/.local/lib/python3.7/site-packages/airflow/example_dags/example_task_group.py
[2023-05-11T19:28:02.196+0000] {logging_mixin.py:137} INFO - [2023-05-11T19:28:02.196+0000] {dag.py:2690} INFO - Sync 1 DAGs
[2023-05-11T19:28:02.217+0000] {logging_mixin.py:137} INFO - [2023-05-11T19:28:02.217+0000] {dag.py:3441} INFO - Setting next_dagrun for example_task_group to 2023-05-10T19:28:02.217458+00:00, run_after=2023-05-11T19:28:02.217458+00:00
[2023-05-11T19:28:02.234+0000] {processor.py:175} INFO - Processing /home/airflow/.local/lib/python3.7/site-packages/airflow/example_dags/example_task_group.py took 0.081 seconds
[2023-05-11T19:28:33.211+0000] {processor.py:153} INFO - Started process (PID=1764) to work on /home/airflow/.local/lib/python3.7/site-packages/airflow/example_dags/example_task_group.py
[2023-05-11T19:28:33.212+0000] {processor.py:743} INFO - Processing file /home/airflow/.local/lib/python3.7/site-packages/airflow/example_dags/example_task_group.py for tasks to queue
[2023-05-11T19:28:33.212+0000] {logging_mixin.py:137} INFO - [2023-05-11T19:28:33.212+0000] {dagbag.py:538} INFO - Filling up the DagBag from /home/airflow/.local/lib/python3.7/site-packages/airflow/example_dags/example_task_group.py
[2023-05-11T19:28:33.222+0000] {processor.py:753} INFO - DAG(s) dict_keys(['example_task_group']) retrieved from /home/airflow/.local/lib/python3.7/site-packages/airflow/example_dags/example_task_group.py
[2023-05-11T19:28:33.239+0000] {logging_mixin.py:137} INFO - [2023-05-11T19:28:33.239+0000] {dag.py:2690} INFO - Sync 1 DAGs
[2023-05-11T19:28:33.257+0000] {logging_mixin.py:137} INFO - [2023-05-11T19:28:33.256+0000] {dag.py:3441} INFO - Setting next_dagrun for example_task_group to 2023-05-10T19:28:33.256847+00:00, run_after=2023-05-11T19:28:33.256847+00:00
[2023-05-11T19:28:33.269+0000] {processor.py:175} INFO - Processing /home/airflow/.local/lib/python3.7/site-packages/airflow/example_dags/example_task_group.py took 0.060 seconds
[2023-05-11T19:29:03.729+0000] {processor.py:153} INFO - Started process (PID=1997) to work on /home/airflow/.local/lib/python3.7/site-packages/airflow/example_dags/example_task_group.py
[2023-05-11T19:29:03.729+0000] {processor.py:743} INFO - Processing file /home/airflow/.local/lib/python3.7/site-packages/airflow/example_dags/example_task_group.py for tasks to queue
[2023-05-11T19:29:03.730+0000] {logging_mixin.py:137} INFO - [2023-05-11T19:29:03.730+0000] {dagbag.py:538} INFO - Filling up the DagBag from /home/airflow/.local/lib/python3.7/site-packages/airflow/example_dags/example_task_group.py
[2023-05-11T19:29:03.743+0000] {processor.py:753} INFO - DAG(s) dict_keys(['example_task_group']) retrieved from /home/airflow/.local/lib/python3.7/site-packages/airflow/example_dags/example_task_group.py
[2023-05-11T19:29:03.765+0000] {logging_mixin.py:137} INFO - [2023-05-11T19:29:03.765+0000] {dag.py:2690} INFO - Sync 1 DAGs
[2023-05-11T19:29:03.787+0000] {logging_mixin.py:137} INFO - [2023-05-11T19:29:03.787+0000] {dag.py:3441} INFO - Setting next_dagrun for example_task_group to 2023-05-10T19:29:03.787502+00:00, run_after=2023-05-11T19:29:03.787502+00:00
[2023-05-11T19:29:03.803+0000] {processor.py:175} INFO - Processing /home/airflow/.local/lib/python3.7/site-packages/airflow/example_dags/example_task_group.py took 0.077 seconds
[2023-05-11T19:29:34.131+0000] {processor.py:153} INFO - Started process (PID=2247) to work on /home/airflow/.local/lib/python3.7/site-packages/airflow/example_dags/example_task_group.py
[2023-05-11T19:29:34.131+0000] {processor.py:743} INFO - Processing file /home/airflow/.local/lib/python3.7/site-packages/airflow/example_dags/example_task_group.py for tasks to queue
[2023-05-11T19:29:34.132+0000] {logging_mixin.py:137} INFO - [2023-05-11T19:29:34.132+0000] {dagbag.py:538} INFO - Filling up the DagBag from /home/airflow/.local/lib/python3.7/site-packages/airflow/example_dags/example_task_group.py
[2023-05-11T19:29:34.146+0000] {processor.py:753} INFO - DAG(s) dict_keys(['example_task_group']) retrieved from /home/airflow/.local/lib/python3.7/site-packages/airflow/example_dags/example_task_group.py
[2023-05-11T19:29:34.171+0000] {logging_mixin.py:137} INFO - [2023-05-11T19:29:34.171+0000] {dag.py:2690} INFO - Sync 1 DAGs
[2023-05-11T19:29:34.202+0000] {logging_mixin.py:137} INFO - [2023-05-11T19:29:34.202+0000] {dag.py:3441} INFO - Setting next_dagrun for example_task_group to 2023-05-10T19:29:34.202363+00:00, run_after=2023-05-11T19:29:34.202363+00:00
[2023-05-11T19:29:34.219+0000] {processor.py:175} INFO - Processing /home/airflow/.local/lib/python3.7/site-packages/airflow/example_dags/example_task_group.py took 0.091 seconds
[2023-05-11T19:30:04.705+0000] {processor.py:153} INFO - Started process (PID=2488) to work on /home/airflow/.local/lib/python3.7/site-packages/airflow/example_dags/example_task_group.py
[2023-05-11T19:30:04.706+0000] {processor.py:743} INFO - Processing file /home/airflow/.local/lib/python3.7/site-packages/airflow/example_dags/example_task_group.py for tasks to queue
[2023-05-11T19:30:04.706+0000] {logging_mixin.py:137} INFO - [2023-05-11T19:30:04.706+0000] {dagbag.py:538} INFO - Filling up the DagBag from /home/airflow/.local/lib/python3.7/site-packages/airflow/example_dags/example_task_group.py
[2023-05-11T19:30:04.719+0000] {processor.py:753} INFO - DAG(s) dict_keys(['example_task_group']) retrieved from /home/airflow/.local/lib/python3.7/site-packages/airflow/example_dags/example_task_group.py
[2023-05-11T19:30:04.767+0000] {logging_mixin.py:137} INFO - [2023-05-11T19:30:04.767+0000] {dag.py:2690} INFO - Sync 1 DAGs
[2023-05-11T19:30:04.795+0000] {logging_mixin.py:137} INFO - [2023-05-11T19:30:04.795+0000] {dag.py:3441} INFO - Setting next_dagrun for example_task_group to 2023-05-10T19:30:04.795151+00:00, run_after=2023-05-11T19:30:04.795151+00:00
[2023-05-11T19:30:04.809+0000] {processor.py:175} INFO - Processing /home/airflow/.local/lib/python3.7/site-packages/airflow/example_dags/example_task_group.py took 0.106 seconds
[2023-05-11T19:30:35.254+0000] {processor.py:153} INFO - Started process (PID=2727) to work on /home/airflow/.local/lib/python3.7/site-packages/airflow/example_dags/example_task_group.py
[2023-05-11T19:30:35.255+0000] {processor.py:743} INFO - Processing file /home/airflow/.local/lib/python3.7/site-packages/airflow/example_dags/example_task_group.py for tasks to queue
[2023-05-11T19:30:35.255+0000] {logging_mixin.py:137} INFO - [2023-05-11T19:30:35.255+0000] {dagbag.py:538} INFO - Filling up the DagBag from /home/airflow/.local/lib/python3.7/site-packages/airflow/example_dags/example_task_group.py
[2023-05-11T19:30:35.266+0000] {processor.py:753} INFO - DAG(s) dict_keys(['example_task_group']) retrieved from /home/airflow/.local/lib/python3.7/site-packages/airflow/example_dags/example_task_group.py
[2023-05-11T19:30:35.286+0000] {logging_mixin.py:137} INFO - [2023-05-11T19:30:35.285+0000] {dag.py:2690} INFO - Sync 1 DAGs
[2023-05-11T19:30:35.306+0000] {logging_mixin.py:137} INFO - [2023-05-11T19:30:35.305+0000] {dag.py:3441} INFO - Setting next_dagrun for example_task_group to 2023-05-10T19:30:35.305835+00:00, run_after=2023-05-11T19:30:35.305835+00:00
[2023-05-11T19:30:35.319+0000] {processor.py:175} INFO - Processing /home/airflow/.local/lib/python3.7/site-packages/airflow/example_dags/example_task_group.py took 0.067 seconds
[2023-05-11T19:31:05.765+0000] {processor.py:153} INFO - Started process (PID=2959) to work on /home/airflow/.local/lib/python3.7/site-packages/airflow/example_dags/example_task_group.py
[2023-05-11T19:31:05.767+0000] {processor.py:743} INFO - Processing file /home/airflow/.local/lib/python3.7/site-packages/airflow/example_dags/example_task_group.py for tasks to queue
[2023-05-11T19:31:05.767+0000] {logging_mixin.py:137} INFO - [2023-05-11T19:31:05.767+0000] {dagbag.py:538} INFO - Filling up the DagBag from /home/airflow/.local/lib/python3.7/site-packages/airflow/example_dags/example_task_group.py
[2023-05-11T19:31:05.783+0000] {processor.py:753} INFO - DAG(s) dict_keys(['example_task_group']) retrieved from /home/airflow/.local/lib/python3.7/site-packages/airflow/example_dags/example_task_group.py
[2023-05-11T19:31:05.812+0000] {logging_mixin.py:137} INFO - [2023-05-11T19:31:05.812+0000] {dag.py:2690} INFO - Sync 1 DAGs
[2023-05-11T19:31:05.836+0000] {logging_mixin.py:137} INFO - [2023-05-11T19:31:05.836+0000] {dag.py:3441} INFO - Setting next_dagrun for example_task_group to 2023-05-10T19:31:05.836112+00:00, run_after=2023-05-11T19:31:05.836112+00:00
[2023-05-11T19:31:05.857+0000] {processor.py:175} INFO - Processing /home/airflow/.local/lib/python3.7/site-packages/airflow/example_dags/example_task_group.py took 0.096 seconds
[2023-05-11T19:31:36.011+0000] {processor.py:153} INFO - Started process (PID=3207) to work on /home/airflow/.local/lib/python3.7/site-packages/airflow/example_dags/example_task_group.py
[2023-05-11T19:31:36.012+0000] {processor.py:743} INFO - Processing file /home/airflow/.local/lib/python3.7/site-packages/airflow/example_dags/example_task_group.py for tasks to queue
[2023-05-11T19:31:36.012+0000] {logging_mixin.py:137} INFO - [2023-05-11T19:31:36.012+0000] {dagbag.py:538} INFO - Filling up the DagBag from /home/airflow/.local/lib/python3.7/site-packages/airflow/example_dags/example_task_group.py
[2023-05-11T19:31:36.022+0000] {processor.py:753} INFO - DAG(s) dict_keys(['example_task_group']) retrieved from /home/airflow/.local/lib/python3.7/site-packages/airflow/example_dags/example_task_group.py
[2023-05-11T19:31:36.040+0000] {logging_mixin.py:137} INFO - [2023-05-11T19:31:36.040+0000] {dag.py:2690} INFO - Sync 1 DAGs
[2023-05-11T19:31:36.056+0000] {logging_mixin.py:137} INFO - [2023-05-11T19:31:36.056+0000] {dag.py:3441} INFO - Setting next_dagrun for example_task_group to 2023-05-10T19:31:36.056645+00:00, run_after=2023-05-11T19:31:36.056645+00:00
[2023-05-11T19:31:36.068+0000] {processor.py:175} INFO - Processing /home/airflow/.local/lib/python3.7/site-packages/airflow/example_dags/example_task_group.py took 0.059 seconds
[2023-05-11T19:32:06.258+0000] {processor.py:153} INFO - Started process (PID=3439) to work on /home/airflow/.local/lib/python3.7/site-packages/airflow/example_dags/example_task_group.py
[2023-05-11T19:32:06.259+0000] {processor.py:743} INFO - Processing file /home/airflow/.local/lib/python3.7/site-packages/airflow/example_dags/example_task_group.py for tasks to queue
[2023-05-11T19:32:06.259+0000] {logging_mixin.py:137} INFO - [2023-05-11T19:32:06.259+0000] {dagbag.py:538} INFO - Filling up the DagBag from /home/airflow/.local/lib/python3.7/site-packages/airflow/example_dags/example_task_group.py
[2023-05-11T19:32:06.274+0000] {processor.py:753} INFO - DAG(s) dict_keys(['example_task_group']) retrieved from /home/airflow/.local/lib/python3.7/site-packages/airflow/example_dags/example_task_group.py
[2023-05-11T19:32:06.301+0000] {logging_mixin.py:137} INFO - [2023-05-11T19:32:06.301+0000] {dag.py:2690} INFO - Sync 1 DAGs
[2023-05-11T19:32:06.324+0000] {logging_mixin.py:137} INFO - [2023-05-11T19:32:06.324+0000] {dag.py:3441} INFO - Setting next_dagrun for example_task_group to 2023-05-10T19:32:06.323834+00:00, run_after=2023-05-11T19:32:06.323834+00:00
[2023-05-11T19:32:06.342+0000] {processor.py:175} INFO - Processing /home/airflow/.local/lib/python3.7/site-packages/airflow/example_dags/example_task_group.py took 0.087 seconds
[2023-05-11T19:32:36.671+0000] {processor.py:153} INFO - Started process (PID=3686) to work on /home/airflow/.local/lib/python3.7/site-packages/airflow/example_dags/example_task_group.py
[2023-05-11T19:32:36.672+0000] {processor.py:743} INFO - Processing file /home/airflow/.local/lib/python3.7/site-packages/airflow/example_dags/example_task_group.py for tasks to queue
[2023-05-11T19:32:36.672+0000] {logging_mixin.py:137} INFO - [2023-05-11T19:32:36.672+0000] {dagbag.py:538} INFO - Filling up the DagBag from /home/airflow/.local/lib/python3.7/site-packages/airflow/example_dags/example_task_group.py
[2023-05-11T19:32:36.685+0000] {processor.py:753} INFO - DAG(s) dict_keys(['example_task_group']) retrieved from /home/airflow/.local/lib/python3.7/site-packages/airflow/example_dags/example_task_group.py
[2023-05-11T19:32:36.709+0000] {logging_mixin.py:137} INFO - [2023-05-11T19:32:36.709+0000] {dag.py:2690} INFO - Sync 1 DAGs
[2023-05-11T19:32:36.732+0000] {logging_mixin.py:137} INFO - [2023-05-11T19:32:36.732+0000] {dag.py:3441} INFO - Setting next_dagrun for example_task_group to 2023-05-10T19:32:36.732058+00:00, run_after=2023-05-11T19:32:36.732058+00:00
[2023-05-11T19:32:36.747+0000] {processor.py:175} INFO - Processing /home/airflow/.local/lib/python3.7/site-packages/airflow/example_dags/example_task_group.py took 0.078 seconds
[2023-05-11T19:33:07.154+0000] {processor.py:153} INFO - Started process (PID=3925) to work on /home/airflow/.local/lib/python3.7/site-packages/airflow/example_dags/example_task_group.py
[2023-05-11T19:33:07.155+0000] {processor.py:743} INFO - Processing file /home/airflow/.local/lib/python3.7/site-packages/airflow/example_dags/example_task_group.py for tasks to queue
[2023-05-11T19:33:07.155+0000] {logging_mixin.py:137} INFO - [2023-05-11T19:33:07.155+0000] {dagbag.py:538} INFO - Filling up the DagBag from /home/airflow/.local/lib/python3.7/site-packages/airflow/example_dags/example_task_group.py
[2023-05-11T19:33:07.168+0000] {processor.py:753} INFO - DAG(s) dict_keys(['example_task_group']) retrieved from /home/airflow/.local/lib/python3.7/site-packages/airflow/example_dags/example_task_group.py
[2023-05-11T19:33:07.192+0000] {logging_mixin.py:137} INFO - [2023-05-11T19:33:07.192+0000] {dag.py:2690} INFO - Sync 1 DAGs
[2023-05-11T19:33:07.215+0000] {logging_mixin.py:137} INFO - [2023-05-11T19:33:07.214+0000] {dag.py:3441} INFO - Setting next_dagrun for example_task_group to 2023-05-10T19:33:07.214570+00:00, run_after=2023-05-11T19:33:07.214570+00:00
[2023-05-11T19:33:07.235+0000] {processor.py:175} INFO - Processing /home/airflow/.local/lib/python3.7/site-packages/airflow/example_dags/example_task_group.py took 0.083 seconds
[2023-05-11T19:33:37.909+0000] {processor.py:153} INFO - Started process (PID=4166) to work on /home/airflow/.local/lib/python3.7/site-packages/airflow/example_dags/example_task_group.py
[2023-05-11T19:33:37.910+0000] {processor.py:743} INFO - Processing file /home/airflow/.local/lib/python3.7/site-packages/airflow/example_dags/example_task_group.py for tasks to queue
[2023-05-11T19:33:37.910+0000] {logging_mixin.py:137} INFO - [2023-05-11T19:33:37.910+0000] {dagbag.py:538} INFO - Filling up the DagBag from /home/airflow/.local/lib/python3.7/site-packages/airflow/example_dags/example_task_group.py
[2023-05-11T19:33:37.924+0000] {processor.py:753} INFO - DAG(s) dict_keys(['example_task_group']) retrieved from /home/airflow/.local/lib/python3.7/site-packages/airflow/example_dags/example_task_group.py
[2023-05-11T19:33:37.948+0000] {logging_mixin.py:137} INFO - [2023-05-11T19:33:37.948+0000] {dag.py:2690} INFO - Sync 1 DAGs
[2023-05-11T19:33:37.971+0000] {logging_mixin.py:137} INFO - [2023-05-11T19:33:37.971+0000] {dag.py:3441} INFO - Setting next_dagrun for example_task_group to 2023-05-10T19:33:37.971063+00:00, run_after=2023-05-11T19:33:37.971063+00:00
[2023-05-11T19:33:37.987+0000] {processor.py:175} INFO - Processing /home/airflow/.local/lib/python3.7/site-packages/airflow/example_dags/example_task_group.py took 0.080 seconds
[2023-05-11T19:35:11.362+0000] {processor.py:153} INFO - Started process (PID=324) to work on /home/airflow/.local/lib/python3.7/site-packages/airflow/example_dags/example_task_group.py
[2023-05-11T19:35:11.363+0000] {processor.py:743} INFO - Processing file /home/airflow/.local/lib/python3.7/site-packages/airflow/example_dags/example_task_group.py for tasks to queue
[2023-05-11T19:35:11.363+0000] {logging_mixin.py:137} INFO - [2023-05-11T19:35:11.363+0000] {dagbag.py:538} INFO - Filling up the DagBag from /home/airflow/.local/lib/python3.7/site-packages/airflow/example_dags/example_task_group.py
[2023-05-11T19:35:11.377+0000] {processor.py:753} INFO - DAG(s) dict_keys(['example_task_group']) retrieved from /home/airflow/.local/lib/python3.7/site-packages/airflow/example_dags/example_task_group.py
[2023-05-11T19:35:11.389+0000] {logging_mixin.py:137} INFO - [2023-05-11T19:35:11.389+0000] {dag.py:2690} INFO - Sync 1 DAGs
[2023-05-11T19:35:11.417+0000] {logging_mixin.py:137} INFO - [2023-05-11T19:35:11.417+0000] {dag.py:3441} INFO - Setting next_dagrun for example_task_group to 2023-05-10T19:35:11.417128+00:00, run_after=2023-05-11T19:35:11.417128+00:00
[2023-05-11T19:35:11.431+0000] {processor.py:175} INFO - Processing /home/airflow/.local/lib/python3.7/site-packages/airflow/example_dags/example_task_group.py took 0.072 seconds
[2023-05-11T19:35:42.248+0000] {processor.py:153} INFO - Started process (PID=558) to work on /home/airflow/.local/lib/python3.7/site-packages/airflow/example_dags/example_task_group.py
[2023-05-11T19:35:42.249+0000] {processor.py:743} INFO - Processing file /home/airflow/.local/lib/python3.7/site-packages/airflow/example_dags/example_task_group.py for tasks to queue
[2023-05-11T19:35:42.249+0000] {logging_mixin.py:137} INFO - [2023-05-11T19:35:42.249+0000] {dagbag.py:538} INFO - Filling up the DagBag from /home/airflow/.local/lib/python3.7/site-packages/airflow/example_dags/example_task_group.py
[2023-05-11T19:35:42.259+0000] {processor.py:753} INFO - DAG(s) dict_keys(['example_task_group']) retrieved from /home/airflow/.local/lib/python3.7/site-packages/airflow/example_dags/example_task_group.py
[2023-05-11T19:35:42.276+0000] {logging_mixin.py:137} INFO - [2023-05-11T19:35:42.276+0000] {dag.py:2690} INFO - Sync 1 DAGs
[2023-05-11T19:35:42.293+0000] {logging_mixin.py:137} INFO - [2023-05-11T19:35:42.293+0000] {dag.py:3441} INFO - Setting next_dagrun for example_task_group to 2023-05-10T19:35:42.293395+00:00, run_after=2023-05-11T19:35:42.293395+00:00
[2023-05-11T19:35:42.305+0000] {processor.py:175} INFO - Processing /home/airflow/.local/lib/python3.7/site-packages/airflow/example_dags/example_task_group.py took 0.059 seconds
