[2023-05-11T18:58:40.058+0000] {processor.py:153} INFO - Started process (PID=275) to work on /home/airflow/.local/lib/python3.7/site-packages/airflow/example_dags/example_branch_operator_decorator.py
[2023-05-11T18:58:40.059+0000] {processor.py:743} INFO - Processing file /home/airflow/.local/lib/python3.7/site-packages/airflow/example_dags/example_branch_operator_decorator.py for tasks to queue
[2023-05-11T18:58:40.059+0000] {logging_mixin.py:137} INFO - [2023-05-11T18:58:40.059+0000] {dagbag.py:538} INFO - Filling up the DagBag from /home/airflow/.local/lib/python3.7/site-packages/airflow/example_dags/example_branch_operator_decorator.py
[2023-05-11T18:58:40.079+0000] {processor.py:753} INFO - DAG(s) dict_keys(['example_branch_python_operator_decorator']) retrieved from /home/airflow/.local/lib/python3.7/site-packages/airflow/example_dags/example_branch_operator_decorator.py
[2023-05-11T18:58:40.091+0000] {logging_mixin.py:137} INFO - [2023-05-11T18:58:40.090+0000] {dag.py:2690} INFO - Sync 1 DAGs
[2023-05-11T18:58:40.113+0000] {logging_mixin.py:137} INFO - [2023-05-11T18:58:40.113+0000] {dag.py:3441} INFO - Setting next_dagrun for example_branch_python_operator_decorator to 2023-05-10T00:00:00+00:00, run_after=2023-05-11T00:00:00+00:00
[2023-05-11T18:58:40.129+0000] {processor.py:175} INFO - Processing /home/airflow/.local/lib/python3.7/site-packages/airflow/example_dags/example_branch_operator_decorator.py took 0.075 seconds
[2023-05-11T18:59:10.840+0000] {processor.py:153} INFO - Started process (PID=506) to work on /home/airflow/.local/lib/python3.7/site-packages/airflow/example_dags/example_branch_operator_decorator.py
[2023-05-11T18:59:10.841+0000] {processor.py:743} INFO - Processing file /home/airflow/.local/lib/python3.7/site-packages/airflow/example_dags/example_branch_operator_decorator.py for tasks to queue
[2023-05-11T18:59:10.841+0000] {logging_mixin.py:137} INFO - [2023-05-11T18:59:10.841+0000] {dagbag.py:538} INFO - Filling up the DagBag from /home/airflow/.local/lib/python3.7/site-packages/airflow/example_dags/example_branch_operator_decorator.py
[2023-05-11T18:59:10.862+0000] {processor.py:753} INFO - DAG(s) dict_keys(['example_branch_python_operator_decorator']) retrieved from /home/airflow/.local/lib/python3.7/site-packages/airflow/example_dags/example_branch_operator_decorator.py
[2023-05-11T18:59:10.915+0000] {logging_mixin.py:137} INFO - [2023-05-11T18:59:10.915+0000] {dag.py:2690} INFO - Sync 1 DAGs
[2023-05-11T18:59:10.941+0000] {logging_mixin.py:137} INFO - [2023-05-11T18:59:10.941+0000] {dag.py:3441} INFO - Setting next_dagrun for example_branch_python_operator_decorator to 2023-05-10T00:00:00+00:00, run_after=2023-05-11T00:00:00+00:00
[2023-05-11T18:59:10.953+0000] {processor.py:175} INFO - Processing /home/airflow/.local/lib/python3.7/site-packages/airflow/example_dags/example_branch_operator_decorator.py took 0.114 seconds
[2023-05-11T18:59:41.669+0000] {processor.py:153} INFO - Started process (PID=754) to work on /home/airflow/.local/lib/python3.7/site-packages/airflow/example_dags/example_branch_operator_decorator.py
[2023-05-11T18:59:41.670+0000] {processor.py:743} INFO - Processing file /home/airflow/.local/lib/python3.7/site-packages/airflow/example_dags/example_branch_operator_decorator.py for tasks to queue
[2023-05-11T18:59:41.670+0000] {logging_mixin.py:137} INFO - [2023-05-11T18:59:41.670+0000] {dagbag.py:538} INFO - Filling up the DagBag from /home/airflow/.local/lib/python3.7/site-packages/airflow/example_dags/example_branch_operator_decorator.py
[2023-05-11T18:59:41.686+0000] {processor.py:753} INFO - DAG(s) dict_keys(['example_branch_python_operator_decorator']) retrieved from /home/airflow/.local/lib/python3.7/site-packages/airflow/example_dags/example_branch_operator_decorator.py
[2023-05-11T18:59:41.706+0000] {logging_mixin.py:137} INFO - [2023-05-11T18:59:41.706+0000] {dag.py:2690} INFO - Sync 1 DAGs
[2023-05-11T18:59:41.727+0000] {logging_mixin.py:137} INFO - [2023-05-11T18:59:41.727+0000] {dag.py:3441} INFO - Setting next_dagrun for example_branch_python_operator_decorator to 2023-05-10T00:00:00+00:00, run_after=2023-05-11T00:00:00+00:00
[2023-05-11T18:59:41.739+0000] {processor.py:175} INFO - Processing /home/airflow/.local/lib/python3.7/site-packages/airflow/example_dags/example_branch_operator_decorator.py took 0.072 seconds
[2023-05-11T19:00:12.718+0000] {processor.py:153} INFO - Started process (PID=996) to work on /home/airflow/.local/lib/python3.7/site-packages/airflow/example_dags/example_branch_operator_decorator.py
[2023-05-11T19:00:12.719+0000] {processor.py:743} INFO - Processing file /home/airflow/.local/lib/python3.7/site-packages/airflow/example_dags/example_branch_operator_decorator.py for tasks to queue
[2023-05-11T19:00:12.720+0000] {logging_mixin.py:137} INFO - [2023-05-11T19:00:12.720+0000] {dagbag.py:538} INFO - Filling up the DagBag from /home/airflow/.local/lib/python3.7/site-packages/airflow/example_dags/example_branch_operator_decorator.py
[2023-05-11T19:00:12.746+0000] {processor.py:753} INFO - DAG(s) dict_keys(['example_branch_python_operator_decorator']) retrieved from /home/airflow/.local/lib/python3.7/site-packages/airflow/example_dags/example_branch_operator_decorator.py
[2023-05-11T19:00:12.772+0000] {logging_mixin.py:137} INFO - [2023-05-11T19:00:12.771+0000] {dag.py:2690} INFO - Sync 1 DAGs
[2023-05-11T19:00:12.794+0000] {logging_mixin.py:137} INFO - [2023-05-11T19:00:12.794+0000] {dag.py:3441} INFO - Setting next_dagrun for example_branch_python_operator_decorator to 2023-05-10T00:00:00+00:00, run_after=2023-05-11T00:00:00+00:00
[2023-05-11T19:00:12.808+0000] {processor.py:175} INFO - Processing /home/airflow/.local/lib/python3.7/site-packages/airflow/example_dags/example_branch_operator_decorator.py took 0.092 seconds
[2023-05-11T19:00:43.264+0000] {processor.py:153} INFO - Started process (PID=1235) to work on /home/airflow/.local/lib/python3.7/site-packages/airflow/example_dags/example_branch_operator_decorator.py
[2023-05-11T19:00:43.264+0000] {processor.py:743} INFO - Processing file /home/airflow/.local/lib/python3.7/site-packages/airflow/example_dags/example_branch_operator_decorator.py for tasks to queue
[2023-05-11T19:00:43.265+0000] {logging_mixin.py:137} INFO - [2023-05-11T19:00:43.265+0000] {dagbag.py:538} INFO - Filling up the DagBag from /home/airflow/.local/lib/python3.7/site-packages/airflow/example_dags/example_branch_operator_decorator.py
[2023-05-11T19:00:43.287+0000] {processor.py:753} INFO - DAG(s) dict_keys(['example_branch_python_operator_decorator']) retrieved from /home/airflow/.local/lib/python3.7/site-packages/airflow/example_dags/example_branch_operator_decorator.py
[2023-05-11T19:00:43.312+0000] {logging_mixin.py:137} INFO - [2023-05-11T19:00:43.311+0000] {dag.py:2690} INFO - Sync 1 DAGs
[2023-05-11T19:00:43.338+0000] {logging_mixin.py:137} INFO - [2023-05-11T19:00:43.337+0000] {dag.py:3441} INFO - Setting next_dagrun for example_branch_python_operator_decorator to 2023-05-10T00:00:00+00:00, run_after=2023-05-11T00:00:00+00:00
[2023-05-11T19:00:43.356+0000] {processor.py:175} INFO - Processing /home/airflow/.local/lib/python3.7/site-packages/airflow/example_dags/example_branch_operator_decorator.py took 0.095 seconds
[2023-05-11T19:01:13.812+0000] {processor.py:153} INFO - Started process (PID=1484) to work on /home/airflow/.local/lib/python3.7/site-packages/airflow/example_dags/example_branch_operator_decorator.py
[2023-05-11T19:01:13.812+0000] {processor.py:743} INFO - Processing file /home/airflow/.local/lib/python3.7/site-packages/airflow/example_dags/example_branch_operator_decorator.py for tasks to queue
[2023-05-11T19:01:13.813+0000] {logging_mixin.py:137} INFO - [2023-05-11T19:01:13.813+0000] {dagbag.py:538} INFO - Filling up the DagBag from /home/airflow/.local/lib/python3.7/site-packages/airflow/example_dags/example_branch_operator_decorator.py
[2023-05-11T19:01:13.830+0000] {processor.py:753} INFO - DAG(s) dict_keys(['example_branch_python_operator_decorator']) retrieved from /home/airflow/.local/lib/python3.7/site-packages/airflow/example_dags/example_branch_operator_decorator.py
[2023-05-11T19:01:13.848+0000] {logging_mixin.py:137} INFO - [2023-05-11T19:01:13.848+0000] {dag.py:2690} INFO - Sync 1 DAGs
[2023-05-11T19:01:13.868+0000] {logging_mixin.py:137} INFO - [2023-05-11T19:01:13.868+0000] {dag.py:3441} INFO - Setting next_dagrun for example_branch_python_operator_decorator to 2023-05-10T00:00:00+00:00, run_after=2023-05-11T00:00:00+00:00
[2023-05-11T19:01:13.881+0000] {processor.py:175} INFO - Processing /home/airflow/.local/lib/python3.7/site-packages/airflow/example_dags/example_branch_operator_decorator.py took 0.071 seconds
[2023-05-11T19:01:44.123+0000] {processor.py:153} INFO - Started process (PID=1716) to work on /home/airflow/.local/lib/python3.7/site-packages/airflow/example_dags/example_branch_operator_decorator.py
[2023-05-11T19:01:44.123+0000] {processor.py:743} INFO - Processing file /home/airflow/.local/lib/python3.7/site-packages/airflow/example_dags/example_branch_operator_decorator.py for tasks to queue
[2023-05-11T19:01:44.124+0000] {logging_mixin.py:137} INFO - [2023-05-11T19:01:44.124+0000] {dagbag.py:538} INFO - Filling up the DagBag from /home/airflow/.local/lib/python3.7/site-packages/airflow/example_dags/example_branch_operator_decorator.py
[2023-05-11T19:01:44.156+0000] {processor.py:753} INFO - DAG(s) dict_keys(['example_branch_python_operator_decorator']) retrieved from /home/airflow/.local/lib/python3.7/site-packages/airflow/example_dags/example_branch_operator_decorator.py
[2023-05-11T19:01:44.213+0000] {logging_mixin.py:137} INFO - [2023-05-11T19:01:44.212+0000] {dag.py:2690} INFO - Sync 1 DAGs
[2023-05-11T19:01:44.237+0000] {logging_mixin.py:137} INFO - [2023-05-11T19:01:44.237+0000] {dag.py:3441} INFO - Setting next_dagrun for example_branch_python_operator_decorator to 2023-05-10T00:00:00+00:00, run_after=2023-05-11T00:00:00+00:00
[2023-05-11T19:01:44.253+0000] {processor.py:175} INFO - Processing /home/airflow/.local/lib/python3.7/site-packages/airflow/example_dags/example_branch_operator_decorator.py took 0.133 seconds
[2023-05-11T19:02:15.262+0000] {processor.py:153} INFO - Started process (PID=1966) to work on /home/airflow/.local/lib/python3.7/site-packages/airflow/example_dags/example_branch_operator_decorator.py
[2023-05-11T19:02:15.263+0000] {processor.py:743} INFO - Processing file /home/airflow/.local/lib/python3.7/site-packages/airflow/example_dags/example_branch_operator_decorator.py for tasks to queue
[2023-05-11T19:02:15.263+0000] {logging_mixin.py:137} INFO - [2023-05-11T19:02:15.263+0000] {dagbag.py:538} INFO - Filling up the DagBag from /home/airflow/.local/lib/python3.7/site-packages/airflow/example_dags/example_branch_operator_decorator.py
[2023-05-11T19:02:15.285+0000] {processor.py:753} INFO - DAG(s) dict_keys(['example_branch_python_operator_decorator']) retrieved from /home/airflow/.local/lib/python3.7/site-packages/airflow/example_dags/example_branch_operator_decorator.py
[2023-05-11T19:02:15.310+0000] {logging_mixin.py:137} INFO - [2023-05-11T19:02:15.310+0000] {dag.py:2690} INFO - Sync 1 DAGs
[2023-05-11T19:02:15.333+0000] {logging_mixin.py:137} INFO - [2023-05-11T19:02:15.333+0000] {dag.py:3441} INFO - Setting next_dagrun for example_branch_python_operator_decorator to 2023-05-10T00:00:00+00:00, run_after=2023-05-11T00:00:00+00:00
[2023-05-11T19:02:15.353+0000] {processor.py:175} INFO - Processing /home/airflow/.local/lib/python3.7/site-packages/airflow/example_dags/example_branch_operator_decorator.py took 0.094 seconds
[2023-05-11T19:03:25.077+0000] {processor.py:153} INFO - Started process (PID=274) to work on /home/airflow/.local/lib/python3.7/site-packages/airflow/example_dags/example_branch_operator_decorator.py
[2023-05-11T19:03:25.081+0000] {processor.py:743} INFO - Processing file /home/airflow/.local/lib/python3.7/site-packages/airflow/example_dags/example_branch_operator_decorator.py for tasks to queue
[2023-05-11T19:03:25.082+0000] {logging_mixin.py:137} INFO - [2023-05-11T19:03:25.082+0000] {dagbag.py:538} INFO - Filling up the DagBag from /home/airflow/.local/lib/python3.7/site-packages/airflow/example_dags/example_branch_operator_decorator.py
[2023-05-11T19:03:25.121+0000] {processor.py:753} INFO - DAG(s) dict_keys(['example_branch_python_operator_decorator']) retrieved from /home/airflow/.local/lib/python3.7/site-packages/airflow/example_dags/example_branch_operator_decorator.py
[2023-05-11T19:03:25.215+0000] {logging_mixin.py:137} INFO - [2023-05-11T19:03:25.213+0000] {dag.py:2690} INFO - Sync 1 DAGs
[2023-05-11T19:03:25.286+0000] {logging_mixin.py:137} INFO - [2023-05-11T19:03:25.286+0000] {dag.py:3441} INFO - Setting next_dagrun for example_branch_python_operator_decorator to 2023-05-10T00:00:00+00:00, run_after=2023-05-11T00:00:00+00:00
[2023-05-11T19:03:25.305+0000] {processor.py:175} INFO - Processing /home/airflow/.local/lib/python3.7/site-packages/airflow/example_dags/example_branch_operator_decorator.py took 0.234 seconds
[2023-05-11T19:03:55.547+0000] {processor.py:153} INFO - Started process (PID=506) to work on /home/airflow/.local/lib/python3.7/site-packages/airflow/example_dags/example_branch_operator_decorator.py
[2023-05-11T19:03:55.548+0000] {processor.py:743} INFO - Processing file /home/airflow/.local/lib/python3.7/site-packages/airflow/example_dags/example_branch_operator_decorator.py for tasks to queue
[2023-05-11T19:03:55.548+0000] {logging_mixin.py:137} INFO - [2023-05-11T19:03:55.548+0000] {dagbag.py:538} INFO - Filling up the DagBag from /home/airflow/.local/lib/python3.7/site-packages/airflow/example_dags/example_branch_operator_decorator.py
[2023-05-11T19:03:55.571+0000] {processor.py:753} INFO - DAG(s) dict_keys(['example_branch_python_operator_decorator']) retrieved from /home/airflow/.local/lib/python3.7/site-packages/airflow/example_dags/example_branch_operator_decorator.py
[2023-05-11T19:03:55.594+0000] {logging_mixin.py:137} INFO - [2023-05-11T19:03:55.594+0000] {dag.py:2690} INFO - Sync 1 DAGs
[2023-05-11T19:03:55.619+0000] {logging_mixin.py:137} INFO - [2023-05-11T19:03:55.619+0000] {dag.py:3441} INFO - Setting next_dagrun for example_branch_python_operator_decorator to 2023-05-10T00:00:00+00:00, run_after=2023-05-11T00:00:00+00:00
[2023-05-11T19:03:55.637+0000] {processor.py:175} INFO - Processing /home/airflow/.local/lib/python3.7/site-packages/airflow/example_dags/example_branch_operator_decorator.py took 0.092 seconds
[2023-05-11T19:04:26.099+0000] {processor.py:153} INFO - Started process (PID=754) to work on /home/airflow/.local/lib/python3.7/site-packages/airflow/example_dags/example_branch_operator_decorator.py
[2023-05-11T19:04:26.100+0000] {processor.py:743} INFO - Processing file /home/airflow/.local/lib/python3.7/site-packages/airflow/example_dags/example_branch_operator_decorator.py for tasks to queue
[2023-05-11T19:04:26.100+0000] {logging_mixin.py:137} INFO - [2023-05-11T19:04:26.100+0000] {dagbag.py:538} INFO - Filling up the DagBag from /home/airflow/.local/lib/python3.7/site-packages/airflow/example_dags/example_branch_operator_decorator.py
[2023-05-11T19:04:26.135+0000] {processor.py:753} INFO - DAG(s) dict_keys(['example_branch_python_operator_decorator']) retrieved from /home/airflow/.local/lib/python3.7/site-packages/airflow/example_dags/example_branch_operator_decorator.py
[2023-05-11T19:04:26.167+0000] {logging_mixin.py:137} INFO - [2023-05-11T19:04:26.167+0000] {dag.py:2690} INFO - Sync 1 DAGs
[2023-05-11T19:04:26.191+0000] {logging_mixin.py:137} INFO - [2023-05-11T19:04:26.191+0000] {dag.py:3441} INFO - Setting next_dagrun for example_branch_python_operator_decorator to 2023-05-10T00:00:00+00:00, run_after=2023-05-11T00:00:00+00:00
[2023-05-11T19:04:26.209+0000] {processor.py:175} INFO - Processing /home/airflow/.local/lib/python3.7/site-packages/airflow/example_dags/example_branch_operator_decorator.py took 0.114 seconds
[2023-05-11T19:04:56.636+0000] {processor.py:153} INFO - Started process (PID=986) to work on /home/airflow/.local/lib/python3.7/site-packages/airflow/example_dags/example_branch_operator_decorator.py
[2023-05-11T19:04:56.637+0000] {processor.py:743} INFO - Processing file /home/airflow/.local/lib/python3.7/site-packages/airflow/example_dags/example_branch_operator_decorator.py for tasks to queue
[2023-05-11T19:04:56.637+0000] {logging_mixin.py:137} INFO - [2023-05-11T19:04:56.637+0000] {dagbag.py:538} INFO - Filling up the DagBag from /home/airflow/.local/lib/python3.7/site-packages/airflow/example_dags/example_branch_operator_decorator.py
[2023-05-11T19:04:56.659+0000] {processor.py:753} INFO - DAG(s) dict_keys(['example_branch_python_operator_decorator']) retrieved from /home/airflow/.local/lib/python3.7/site-packages/airflow/example_dags/example_branch_operator_decorator.py
[2023-05-11T19:04:56.685+0000] {logging_mixin.py:137} INFO - [2023-05-11T19:04:56.685+0000] {dag.py:2690} INFO - Sync 1 DAGs
[2023-05-11T19:04:56.710+0000] {logging_mixin.py:137} INFO - [2023-05-11T19:04:56.710+0000] {dag.py:3441} INFO - Setting next_dagrun for example_branch_python_operator_decorator to 2023-05-10T00:00:00+00:00, run_after=2023-05-11T00:00:00+00:00
[2023-05-11T19:04:56.728+0000] {processor.py:175} INFO - Processing /home/airflow/.local/lib/python3.7/site-packages/airflow/example_dags/example_branch_operator_decorator.py took 0.095 seconds
[2023-05-11T19:05:27.081+0000] {processor.py:153} INFO - Started process (PID=1236) to work on /home/airflow/.local/lib/python3.7/site-packages/airflow/example_dags/example_branch_operator_decorator.py
[2023-05-11T19:05:27.081+0000] {processor.py:743} INFO - Processing file /home/airflow/.local/lib/python3.7/site-packages/airflow/example_dags/example_branch_operator_decorator.py for tasks to queue
[2023-05-11T19:05:27.082+0000] {logging_mixin.py:137} INFO - [2023-05-11T19:05:27.081+0000] {dagbag.py:538} INFO - Filling up the DagBag from /home/airflow/.local/lib/python3.7/site-packages/airflow/example_dags/example_branch_operator_decorator.py
[2023-05-11T19:05:27.106+0000] {processor.py:753} INFO - DAG(s) dict_keys(['example_branch_python_operator_decorator']) retrieved from /home/airflow/.local/lib/python3.7/site-packages/airflow/example_dags/example_branch_operator_decorator.py
[2023-05-11T19:05:27.126+0000] {logging_mixin.py:137} INFO - [2023-05-11T19:05:27.126+0000] {dag.py:2690} INFO - Sync 1 DAGs
[2023-05-11T19:05:27.143+0000] {logging_mixin.py:137} INFO - [2023-05-11T19:05:27.143+0000] {dag.py:3441} INFO - Setting next_dagrun for example_branch_python_operator_decorator to 2023-05-10T00:00:00+00:00, run_after=2023-05-11T00:00:00+00:00
[2023-05-11T19:05:27.154+0000] {processor.py:175} INFO - Processing /home/airflow/.local/lib/python3.7/site-packages/airflow/example_dags/example_branch_operator_decorator.py took 0.076 seconds
[2023-05-11T19:05:57.248+0000] {processor.py:153} INFO - Started process (PID=1466) to work on /home/airflow/.local/lib/python3.7/site-packages/airflow/example_dags/example_branch_operator_decorator.py
[2023-05-11T19:05:57.248+0000] {processor.py:743} INFO - Processing file /home/airflow/.local/lib/python3.7/site-packages/airflow/example_dags/example_branch_operator_decorator.py for tasks to queue
[2023-05-11T19:05:57.249+0000] {logging_mixin.py:137} INFO - [2023-05-11T19:05:57.249+0000] {dagbag.py:538} INFO - Filling up the DagBag from /home/airflow/.local/lib/python3.7/site-packages/airflow/example_dags/example_branch_operator_decorator.py
[2023-05-11T19:05:57.271+0000] {processor.py:753} INFO - DAG(s) dict_keys(['example_branch_python_operator_decorator']) retrieved from /home/airflow/.local/lib/python3.7/site-packages/airflow/example_dags/example_branch_operator_decorator.py
[2023-05-11T19:05:57.294+0000] {logging_mixin.py:137} INFO - [2023-05-11T19:05:57.294+0000] {dag.py:2690} INFO - Sync 1 DAGs
[2023-05-11T19:05:57.317+0000] {logging_mixin.py:137} INFO - [2023-05-11T19:05:57.317+0000] {dag.py:3441} INFO - Setting next_dagrun for example_branch_python_operator_decorator to 2023-05-10T00:00:00+00:00, run_after=2023-05-11T00:00:00+00:00
[2023-05-11T19:05:57.332+0000] {processor.py:175} INFO - Processing /home/airflow/.local/lib/python3.7/site-packages/airflow/example_dags/example_branch_operator_decorator.py took 0.087 seconds
[2023-05-11T19:06:27.757+0000] {processor.py:153} INFO - Started process (PID=1714) to work on /home/airflow/.local/lib/python3.7/site-packages/airflow/example_dags/example_branch_operator_decorator.py
[2023-05-11T19:06:27.758+0000] {processor.py:743} INFO - Processing file /home/airflow/.local/lib/python3.7/site-packages/airflow/example_dags/example_branch_operator_decorator.py for tasks to queue
[2023-05-11T19:06:27.758+0000] {logging_mixin.py:137} INFO - [2023-05-11T19:06:27.758+0000] {dagbag.py:538} INFO - Filling up the DagBag from /home/airflow/.local/lib/python3.7/site-packages/airflow/example_dags/example_branch_operator_decorator.py
[2023-05-11T19:06:27.794+0000] {processor.py:753} INFO - DAG(s) dict_keys(['example_branch_python_operator_decorator']) retrieved from /home/airflow/.local/lib/python3.7/site-packages/airflow/example_dags/example_branch_operator_decorator.py
[2023-05-11T19:06:27.827+0000] {logging_mixin.py:137} INFO - [2023-05-11T19:06:27.827+0000] {dag.py:2690} INFO - Sync 1 DAGs
[2023-05-11T19:06:27.862+0000] {logging_mixin.py:137} INFO - [2023-05-11T19:06:27.862+0000] {dag.py:3441} INFO - Setting next_dagrun for example_branch_python_operator_decorator to 2023-05-10T00:00:00+00:00, run_after=2023-05-11T00:00:00+00:00
[2023-05-11T19:06:27.883+0000] {processor.py:175} INFO - Processing /home/airflow/.local/lib/python3.7/site-packages/airflow/example_dags/example_branch_operator_decorator.py took 0.129 seconds
[2023-05-11T19:06:57.933+0000] {processor.py:153} INFO - Started process (PID=1946) to work on /home/airflow/.local/lib/python3.7/site-packages/airflow/example_dags/example_branch_operator_decorator.py
[2023-05-11T19:06:57.934+0000] {processor.py:743} INFO - Processing file /home/airflow/.local/lib/python3.7/site-packages/airflow/example_dags/example_branch_operator_decorator.py for tasks to queue
[2023-05-11T19:06:57.934+0000] {logging_mixin.py:137} INFO - [2023-05-11T19:06:57.934+0000] {dagbag.py:538} INFO - Filling up the DagBag from /home/airflow/.local/lib/python3.7/site-packages/airflow/example_dags/example_branch_operator_decorator.py
[2023-05-11T19:06:57.956+0000] {processor.py:753} INFO - DAG(s) dict_keys(['example_branch_python_operator_decorator']) retrieved from /home/airflow/.local/lib/python3.7/site-packages/airflow/example_dags/example_branch_operator_decorator.py
[2023-05-11T19:06:57.979+0000] {logging_mixin.py:137} INFO - [2023-05-11T19:06:57.979+0000] {dag.py:2690} INFO - Sync 1 DAGs
[2023-05-11T19:06:58.002+0000] {logging_mixin.py:137} INFO - [2023-05-11T19:06:58.002+0000] {dag.py:3441} INFO - Setting next_dagrun for example_branch_python_operator_decorator to 2023-05-10T00:00:00+00:00, run_after=2023-05-11T00:00:00+00:00
[2023-05-11T19:06:58.017+0000] {processor.py:175} INFO - Processing /home/airflow/.local/lib/python3.7/site-packages/airflow/example_dags/example_branch_operator_decorator.py took 0.087 seconds
[2023-05-11T19:07:28.543+0000] {processor.py:153} INFO - Started process (PID=2194) to work on /home/airflow/.local/lib/python3.7/site-packages/airflow/example_dags/example_branch_operator_decorator.py
[2023-05-11T19:07:28.544+0000] {processor.py:743} INFO - Processing file /home/airflow/.local/lib/python3.7/site-packages/airflow/example_dags/example_branch_operator_decorator.py for tasks to queue
[2023-05-11T19:07:28.545+0000] {logging_mixin.py:137} INFO - [2023-05-11T19:07:28.545+0000] {dagbag.py:538} INFO - Filling up the DagBag from /home/airflow/.local/lib/python3.7/site-packages/airflow/example_dags/example_branch_operator_decorator.py
[2023-05-11T19:07:28.577+0000] {processor.py:753} INFO - DAG(s) dict_keys(['example_branch_python_operator_decorator']) retrieved from /home/airflow/.local/lib/python3.7/site-packages/airflow/example_dags/example_branch_operator_decorator.py
[2023-05-11T19:07:28.606+0000] {logging_mixin.py:137} INFO - [2023-05-11T19:07:28.606+0000] {dag.py:2690} INFO - Sync 1 DAGs
[2023-05-11T19:07:28.631+0000] {logging_mixin.py:137} INFO - [2023-05-11T19:07:28.631+0000] {dag.py:3441} INFO - Setting next_dagrun for example_branch_python_operator_decorator to 2023-05-10T00:00:00+00:00, run_after=2023-05-11T00:00:00+00:00
[2023-05-11T19:07:28.647+0000] {processor.py:175} INFO - Processing /home/airflow/.local/lib/python3.7/site-packages/airflow/example_dags/example_branch_operator_decorator.py took 0.108 seconds
[2023-05-11T19:07:58.838+0000] {processor.py:153} INFO - Started process (PID=2427) to work on /home/airflow/.local/lib/python3.7/site-packages/airflow/example_dags/example_branch_operator_decorator.py
[2023-05-11T19:07:58.838+0000] {processor.py:743} INFO - Processing file /home/airflow/.local/lib/python3.7/site-packages/airflow/example_dags/example_branch_operator_decorator.py for tasks to queue
[2023-05-11T19:07:58.839+0000] {logging_mixin.py:137} INFO - [2023-05-11T19:07:58.839+0000] {dagbag.py:538} INFO - Filling up the DagBag from /home/airflow/.local/lib/python3.7/site-packages/airflow/example_dags/example_branch_operator_decorator.py
[2023-05-11T19:07:58.862+0000] {processor.py:753} INFO - DAG(s) dict_keys(['example_branch_python_operator_decorator']) retrieved from /home/airflow/.local/lib/python3.7/site-packages/airflow/example_dags/example_branch_operator_decorator.py
[2023-05-11T19:07:58.890+0000] {logging_mixin.py:137} INFO - [2023-05-11T19:07:58.890+0000] {dag.py:2690} INFO - Sync 1 DAGs
[2023-05-11T19:07:58.922+0000] {logging_mixin.py:137} INFO - [2023-05-11T19:07:58.921+0000] {dag.py:3441} INFO - Setting next_dagrun for example_branch_python_operator_decorator to 2023-05-10T00:00:00+00:00, run_after=2023-05-11T00:00:00+00:00
[2023-05-11T19:07:58.941+0000] {processor.py:175} INFO - Processing /home/airflow/.local/lib/python3.7/site-packages/airflow/example_dags/example_branch_operator_decorator.py took 0.105 seconds
[2023-05-11T19:09:21.648+0000] {processor.py:153} INFO - Started process (PID=277) to work on /home/airflow/.local/lib/python3.7/site-packages/airflow/example_dags/example_branch_operator_decorator.py
[2023-05-11T19:09:21.649+0000] {processor.py:743} INFO - Processing file /home/airflow/.local/lib/python3.7/site-packages/airflow/example_dags/example_branch_operator_decorator.py for tasks to queue
[2023-05-11T19:09:21.649+0000] {logging_mixin.py:137} INFO - [2023-05-11T19:09:21.649+0000] {dagbag.py:538} INFO - Filling up the DagBag from /home/airflow/.local/lib/python3.7/site-packages/airflow/example_dags/example_branch_operator_decorator.py
[2023-05-11T19:09:21.664+0000] {processor.py:753} INFO - DAG(s) dict_keys(['example_branch_python_operator_decorator']) retrieved from /home/airflow/.local/lib/python3.7/site-packages/airflow/example_dags/example_branch_operator_decorator.py
[2023-05-11T19:09:21.673+0000] {logging_mixin.py:137} INFO - [2023-05-11T19:09:21.672+0000] {dag.py:2690} INFO - Sync 1 DAGs
[2023-05-11T19:09:21.689+0000] {logging_mixin.py:137} INFO - [2023-05-11T19:09:21.688+0000] {dag.py:3441} INFO - Setting next_dagrun for example_branch_python_operator_decorator to 2023-05-10T00:00:00+00:00, run_after=2023-05-11T00:00:00+00:00
[2023-05-11T19:09:21.700+0000] {processor.py:175} INFO - Processing /home/airflow/.local/lib/python3.7/site-packages/airflow/example_dags/example_branch_operator_decorator.py took 0.053 seconds
[2023-05-11T19:09:52.570+0000] {processor.py:153} INFO - Started process (PID=507) to work on /home/airflow/.local/lib/python3.7/site-packages/airflow/example_dags/example_branch_operator_decorator.py
[2023-05-11T19:09:52.570+0000] {processor.py:743} INFO - Processing file /home/airflow/.local/lib/python3.7/site-packages/airflow/example_dags/example_branch_operator_decorator.py for tasks to queue
[2023-05-11T19:09:52.571+0000] {logging_mixin.py:137} INFO - [2023-05-11T19:09:52.571+0000] {dagbag.py:538} INFO - Filling up the DagBag from /home/airflow/.local/lib/python3.7/site-packages/airflow/example_dags/example_branch_operator_decorator.py
[2023-05-11T19:09:52.595+0000] {processor.py:753} INFO - DAG(s) dict_keys(['example_branch_python_operator_decorator']) retrieved from /home/airflow/.local/lib/python3.7/site-packages/airflow/example_dags/example_branch_operator_decorator.py
[2023-05-11T19:09:52.617+0000] {logging_mixin.py:137} INFO - [2023-05-11T19:09:52.616+0000] {dag.py:2690} INFO - Sync 1 DAGs
[2023-05-11T19:09:52.636+0000] {logging_mixin.py:137} INFO - [2023-05-11T19:09:52.636+0000] {dag.py:3441} INFO - Setting next_dagrun for example_branch_python_operator_decorator to 2023-05-10T00:00:00+00:00, run_after=2023-05-11T00:00:00+00:00
[2023-05-11T19:09:52.650+0000] {processor.py:175} INFO - Processing /home/airflow/.local/lib/python3.7/site-packages/airflow/example_dags/example_branch_operator_decorator.py took 0.082 seconds
[2023-05-11T19:10:22.725+0000] {processor.py:153} INFO - Started process (PID=755) to work on /home/airflow/.local/lib/python3.7/site-packages/airflow/example_dags/example_branch_operator_decorator.py
[2023-05-11T19:10:22.725+0000] {processor.py:743} INFO - Processing file /home/airflow/.local/lib/python3.7/site-packages/airflow/example_dags/example_branch_operator_decorator.py for tasks to queue
[2023-05-11T19:10:22.726+0000] {logging_mixin.py:137} INFO - [2023-05-11T19:10:22.726+0000] {dagbag.py:538} INFO - Filling up the DagBag from /home/airflow/.local/lib/python3.7/site-packages/airflow/example_dags/example_branch_operator_decorator.py
[2023-05-11T19:10:22.743+0000] {processor.py:753} INFO - DAG(s) dict_keys(['example_branch_python_operator_decorator']) retrieved from /home/airflow/.local/lib/python3.7/site-packages/airflow/example_dags/example_branch_operator_decorator.py
[2023-05-11T19:10:22.768+0000] {logging_mixin.py:137} INFO - [2023-05-11T19:10:22.768+0000] {dag.py:2690} INFO - Sync 1 DAGs
[2023-05-11T19:10:22.791+0000] {logging_mixin.py:137} INFO - [2023-05-11T19:10:22.790+0000] {dag.py:3441} INFO - Setting next_dagrun for example_branch_python_operator_decorator to 2023-05-10T00:00:00+00:00, run_after=2023-05-11T00:00:00+00:00
[2023-05-11T19:10:22.806+0000] {processor.py:175} INFO - Processing /home/airflow/.local/lib/python3.7/site-packages/airflow/example_dags/example_branch_operator_decorator.py took 0.083 seconds
[2023-05-11T19:10:53.098+0000] {processor.py:153} INFO - Started process (PID=987) to work on /home/airflow/.local/lib/python3.7/site-packages/airflow/example_dags/example_branch_operator_decorator.py
[2023-05-11T19:10:53.099+0000] {processor.py:743} INFO - Processing file /home/airflow/.local/lib/python3.7/site-packages/airflow/example_dags/example_branch_operator_decorator.py for tasks to queue
[2023-05-11T19:10:53.100+0000] {logging_mixin.py:137} INFO - [2023-05-11T19:10:53.100+0000] {dagbag.py:538} INFO - Filling up the DagBag from /home/airflow/.local/lib/python3.7/site-packages/airflow/example_dags/example_branch_operator_decorator.py
[2023-05-11T19:10:53.124+0000] {processor.py:753} INFO - DAG(s) dict_keys(['example_branch_python_operator_decorator']) retrieved from /home/airflow/.local/lib/python3.7/site-packages/airflow/example_dags/example_branch_operator_decorator.py
[2023-05-11T19:10:53.149+0000] {logging_mixin.py:137} INFO - [2023-05-11T19:10:53.149+0000] {dag.py:2690} INFO - Sync 1 DAGs
[2023-05-11T19:10:53.173+0000] {logging_mixin.py:137} INFO - [2023-05-11T19:10:53.173+0000] {dag.py:3441} INFO - Setting next_dagrun for example_branch_python_operator_decorator to 2023-05-10T00:00:00+00:00, run_after=2023-05-11T00:00:00+00:00
[2023-05-11T19:10:53.190+0000] {processor.py:175} INFO - Processing /home/airflow/.local/lib/python3.7/site-packages/airflow/example_dags/example_branch_operator_decorator.py took 0.096 seconds
[2023-05-11T19:11:24.073+0000] {processor.py:153} INFO - Started process (PID=1235) to work on /home/airflow/.local/lib/python3.7/site-packages/airflow/example_dags/example_branch_operator_decorator.py
[2023-05-11T19:11:24.074+0000] {processor.py:743} INFO - Processing file /home/airflow/.local/lib/python3.7/site-packages/airflow/example_dags/example_branch_operator_decorator.py for tasks to queue
[2023-05-11T19:11:24.074+0000] {logging_mixin.py:137} INFO - [2023-05-11T19:11:24.074+0000] {dagbag.py:538} INFO - Filling up the DagBag from /home/airflow/.local/lib/python3.7/site-packages/airflow/example_dags/example_branch_operator_decorator.py
[2023-05-11T19:11:24.094+0000] {processor.py:753} INFO - DAG(s) dict_keys(['example_branch_python_operator_decorator']) retrieved from /home/airflow/.local/lib/python3.7/site-packages/airflow/example_dags/example_branch_operator_decorator.py
[2023-05-11T19:11:24.115+0000] {logging_mixin.py:137} INFO - [2023-05-11T19:11:24.115+0000] {dag.py:2690} INFO - Sync 1 DAGs
[2023-05-11T19:11:24.133+0000] {logging_mixin.py:137} INFO - [2023-05-11T19:11:24.132+0000] {dag.py:3441} INFO - Setting next_dagrun for example_branch_python_operator_decorator to 2023-05-10T00:00:00+00:00, run_after=2023-05-11T00:00:00+00:00
[2023-05-11T19:11:24.144+0000] {processor.py:175} INFO - Processing /home/airflow/.local/lib/python3.7/site-packages/airflow/example_dags/example_branch_operator_decorator.py took 0.074 seconds
[2023-05-11T19:14:00.911+0000] {processor.py:153} INFO - Started process (PID=276) to work on /home/airflow/.local/lib/python3.7/site-packages/airflow/example_dags/example_branch_operator_decorator.py
[2023-05-11T19:14:00.911+0000] {processor.py:743} INFO - Processing file /home/airflow/.local/lib/python3.7/site-packages/airflow/example_dags/example_branch_operator_decorator.py for tasks to queue
[2023-05-11T19:14:00.912+0000] {logging_mixin.py:137} INFO - [2023-05-11T19:14:00.912+0000] {dagbag.py:538} INFO - Filling up the DagBag from /home/airflow/.local/lib/python3.7/site-packages/airflow/example_dags/example_branch_operator_decorator.py
[2023-05-11T19:14:00.929+0000] {processor.py:753} INFO - DAG(s) dict_keys(['example_branch_python_operator_decorator']) retrieved from /home/airflow/.local/lib/python3.7/site-packages/airflow/example_dags/example_branch_operator_decorator.py
[2023-05-11T19:14:00.938+0000] {logging_mixin.py:137} INFO - [2023-05-11T19:14:00.938+0000] {dag.py:2690} INFO - Sync 1 DAGs
[2023-05-11T19:14:00.956+0000] {logging_mixin.py:137} INFO - [2023-05-11T19:14:00.956+0000] {dag.py:3441} INFO - Setting next_dagrun for example_branch_python_operator_decorator to 2023-05-10T00:00:00+00:00, run_after=2023-05-11T00:00:00+00:00
[2023-05-11T19:14:00.970+0000] {processor.py:175} INFO - Processing /home/airflow/.local/lib/python3.7/site-packages/airflow/example_dags/example_branch_operator_decorator.py took 0.061 seconds
[2023-05-11T19:14:31.862+0000] {processor.py:153} INFO - Started process (PID=508) to work on /home/airflow/.local/lib/python3.7/site-packages/airflow/example_dags/example_branch_operator_decorator.py
[2023-05-11T19:14:31.863+0000] {processor.py:743} INFO - Processing file /home/airflow/.local/lib/python3.7/site-packages/airflow/example_dags/example_branch_operator_decorator.py for tasks to queue
[2023-05-11T19:14:31.864+0000] {logging_mixin.py:137} INFO - [2023-05-11T19:14:31.864+0000] {dagbag.py:538} INFO - Filling up the DagBag from /home/airflow/.local/lib/python3.7/site-packages/airflow/example_dags/example_branch_operator_decorator.py
[2023-05-11T19:14:31.885+0000] {processor.py:753} INFO - DAG(s) dict_keys(['example_branch_python_operator_decorator']) retrieved from /home/airflow/.local/lib/python3.7/site-packages/airflow/example_dags/example_branch_operator_decorator.py
[2023-05-11T19:14:31.913+0000] {logging_mixin.py:137} INFO - [2023-05-11T19:14:31.912+0000] {dag.py:2690} INFO - Sync 1 DAGs
[2023-05-11T19:14:31.937+0000] {logging_mixin.py:137} INFO - [2023-05-11T19:14:31.937+0000] {dag.py:3441} INFO - Setting next_dagrun for example_branch_python_operator_decorator to 2023-05-10T00:00:00+00:00, run_after=2023-05-11T00:00:00+00:00
[2023-05-11T19:14:31.953+0000] {processor.py:175} INFO - Processing /home/airflow/.local/lib/python3.7/site-packages/airflow/example_dags/example_branch_operator_decorator.py took 0.093 seconds
[2023-05-11T19:15:02.019+0000] {processor.py:153} INFO - Started process (PID=758) to work on /home/airflow/.local/lib/python3.7/site-packages/airflow/example_dags/example_branch_operator_decorator.py
[2023-05-11T19:15:02.020+0000] {processor.py:743} INFO - Processing file /home/airflow/.local/lib/python3.7/site-packages/airflow/example_dags/example_branch_operator_decorator.py for tasks to queue
[2023-05-11T19:15:02.021+0000] {logging_mixin.py:137} INFO - [2023-05-11T19:15:02.020+0000] {dagbag.py:538} INFO - Filling up the DagBag from /home/airflow/.local/lib/python3.7/site-packages/airflow/example_dags/example_branch_operator_decorator.py
[2023-05-11T19:15:02.035+0000] {processor.py:753} INFO - DAG(s) dict_keys(['example_branch_python_operator_decorator']) retrieved from /home/airflow/.local/lib/python3.7/site-packages/airflow/example_dags/example_branch_operator_decorator.py
[2023-05-11T19:15:02.052+0000] {logging_mixin.py:137} INFO - [2023-05-11T19:15:02.052+0000] {dag.py:2690} INFO - Sync 1 DAGs
[2023-05-11T19:15:02.067+0000] {logging_mixin.py:137} INFO - [2023-05-11T19:15:02.066+0000] {dag.py:3441} INFO - Setting next_dagrun for example_branch_python_operator_decorator to 2023-05-10T00:00:00+00:00, run_after=2023-05-11T00:00:00+00:00
[2023-05-11T19:15:02.077+0000] {processor.py:175} INFO - Processing /home/airflow/.local/lib/python3.7/site-packages/airflow/example_dags/example_branch_operator_decorator.py took 0.060 seconds
[2023-05-11T19:15:33.150+0000] {processor.py:153} INFO - Started process (PID=988) to work on /home/airflow/.local/lib/python3.7/site-packages/airflow/example_dags/example_branch_operator_decorator.py
[2023-05-11T19:15:33.150+0000] {processor.py:743} INFO - Processing file /home/airflow/.local/lib/python3.7/site-packages/airflow/example_dags/example_branch_operator_decorator.py for tasks to queue
[2023-05-11T19:15:33.151+0000] {logging_mixin.py:137} INFO - [2023-05-11T19:15:33.151+0000] {dagbag.py:538} INFO - Filling up the DagBag from /home/airflow/.local/lib/python3.7/site-packages/airflow/example_dags/example_branch_operator_decorator.py
[2023-05-11T19:15:33.174+0000] {processor.py:753} INFO - DAG(s) dict_keys(['example_branch_python_operator_decorator']) retrieved from /home/airflow/.local/lib/python3.7/site-packages/airflow/example_dags/example_branch_operator_decorator.py
[2023-05-11T19:15:33.199+0000] {logging_mixin.py:137} INFO - [2023-05-11T19:15:33.199+0000] {dag.py:2690} INFO - Sync 1 DAGs
[2023-05-11T19:15:33.223+0000] {logging_mixin.py:137} INFO - [2023-05-11T19:15:33.223+0000] {dag.py:3441} INFO - Setting next_dagrun for example_branch_python_operator_decorator to 2023-05-10T00:00:00+00:00, run_after=2023-05-11T00:00:00+00:00
[2023-05-11T19:15:33.239+0000] {processor.py:175} INFO - Processing /home/airflow/.local/lib/python3.7/site-packages/airflow/example_dags/example_branch_operator_decorator.py took 0.092 seconds
[2023-05-11T19:16:03.483+0000] {processor.py:153} INFO - Started process (PID=1234) to work on /home/airflow/.local/lib/python3.7/site-packages/airflow/example_dags/example_branch_operator_decorator.py
[2023-05-11T19:16:03.484+0000] {processor.py:743} INFO - Processing file /home/airflow/.local/lib/python3.7/site-packages/airflow/example_dags/example_branch_operator_decorator.py for tasks to queue
[2023-05-11T19:16:03.484+0000] {logging_mixin.py:137} INFO - [2023-05-11T19:16:03.484+0000] {dagbag.py:538} INFO - Filling up the DagBag from /home/airflow/.local/lib/python3.7/site-packages/airflow/example_dags/example_branch_operator_decorator.py
[2023-05-11T19:16:03.506+0000] {processor.py:753} INFO - DAG(s) dict_keys(['example_branch_python_operator_decorator']) retrieved from /home/airflow/.local/lib/python3.7/site-packages/airflow/example_dags/example_branch_operator_decorator.py
[2023-05-11T19:16:03.530+0000] {logging_mixin.py:137} INFO - [2023-05-11T19:16:03.530+0000] {dag.py:2690} INFO - Sync 1 DAGs
[2023-05-11T19:16:03.554+0000] {logging_mixin.py:137} INFO - [2023-05-11T19:16:03.554+0000] {dag.py:3441} INFO - Setting next_dagrun for example_branch_python_operator_decorator to 2023-05-10T00:00:00+00:00, run_after=2023-05-11T00:00:00+00:00
[2023-05-11T19:16:03.572+0000] {processor.py:175} INFO - Processing /home/airflow/.local/lib/python3.7/site-packages/airflow/example_dags/example_branch_operator_decorator.py took 0.091 seconds
[2023-05-11T19:16:33.880+0000] {processor.py:153} INFO - Started process (PID=1466) to work on /home/airflow/.local/lib/python3.7/site-packages/airflow/example_dags/example_branch_operator_decorator.py
[2023-05-11T19:16:33.881+0000] {processor.py:743} INFO - Processing file /home/airflow/.local/lib/python3.7/site-packages/airflow/example_dags/example_branch_operator_decorator.py for tasks to queue
[2023-05-11T19:16:33.881+0000] {logging_mixin.py:137} INFO - [2023-05-11T19:16:33.881+0000] {dagbag.py:538} INFO - Filling up the DagBag from /home/airflow/.local/lib/python3.7/site-packages/airflow/example_dags/example_branch_operator_decorator.py
[2023-05-11T19:16:33.902+0000] {processor.py:753} INFO - DAG(s) dict_keys(['example_branch_python_operator_decorator']) retrieved from /home/airflow/.local/lib/python3.7/site-packages/airflow/example_dags/example_branch_operator_decorator.py
[2023-05-11T19:16:33.926+0000] {logging_mixin.py:137} INFO - [2023-05-11T19:16:33.926+0000] {dag.py:2690} INFO - Sync 1 DAGs
[2023-05-11T19:16:33.948+0000] {logging_mixin.py:137} INFO - [2023-05-11T19:16:33.948+0000] {dag.py:3441} INFO - Setting next_dagrun for example_branch_python_operator_decorator to 2023-05-10T00:00:00+00:00, run_after=2023-05-11T00:00:00+00:00
[2023-05-11T19:16:33.961+0000] {processor.py:175} INFO - Processing /home/airflow/.local/lib/python3.7/site-packages/airflow/example_dags/example_branch_operator_decorator.py took 0.083 seconds
[2023-05-11T19:17:04.822+0000] {processor.py:153} INFO - Started process (PID=1716) to work on /home/airflow/.local/lib/python3.7/site-packages/airflow/example_dags/example_branch_operator_decorator.py
[2023-05-11T19:17:04.822+0000] {processor.py:743} INFO - Processing file /home/airflow/.local/lib/python3.7/site-packages/airflow/example_dags/example_branch_operator_decorator.py for tasks to queue
[2023-05-11T19:17:04.823+0000] {logging_mixin.py:137} INFO - [2023-05-11T19:17:04.823+0000] {dagbag.py:538} INFO - Filling up the DagBag from /home/airflow/.local/lib/python3.7/site-packages/airflow/example_dags/example_branch_operator_decorator.py
[2023-05-11T19:17:04.837+0000] {processor.py:753} INFO - DAG(s) dict_keys(['example_branch_python_operator_decorator']) retrieved from /home/airflow/.local/lib/python3.7/site-packages/airflow/example_dags/example_branch_operator_decorator.py
[2023-05-11T19:17:04.854+0000] {logging_mixin.py:137} INFO - [2023-05-11T19:17:04.853+0000] {dag.py:2690} INFO - Sync 1 DAGs
[2023-05-11T19:17:04.869+0000] {logging_mixin.py:137} INFO - [2023-05-11T19:17:04.869+0000] {dag.py:3441} INFO - Setting next_dagrun for example_branch_python_operator_decorator to 2023-05-10T00:00:00+00:00, run_after=2023-05-11T00:00:00+00:00
[2023-05-11T19:17:04.884+0000] {processor.py:175} INFO - Processing /home/airflow/.local/lib/python3.7/site-packages/airflow/example_dags/example_branch_operator_decorator.py took 0.065 seconds
[2023-05-11T19:17:35.192+0000] {processor.py:153} INFO - Started process (PID=1964) to work on /home/airflow/.local/lib/python3.7/site-packages/airflow/example_dags/example_branch_operator_decorator.py
[2023-05-11T19:17:35.193+0000] {processor.py:743} INFO - Processing file /home/airflow/.local/lib/python3.7/site-packages/airflow/example_dags/example_branch_operator_decorator.py for tasks to queue
[2023-05-11T19:17:35.193+0000] {logging_mixin.py:137} INFO - [2023-05-11T19:17:35.193+0000] {dagbag.py:538} INFO - Filling up the DagBag from /home/airflow/.local/lib/python3.7/site-packages/airflow/example_dags/example_branch_operator_decorator.py
[2023-05-11T19:17:35.222+0000] {processor.py:753} INFO - DAG(s) dict_keys(['example_branch_python_operator_decorator']) retrieved from /home/airflow/.local/lib/python3.7/site-packages/airflow/example_dags/example_branch_operator_decorator.py
[2023-05-11T19:17:35.252+0000] {logging_mixin.py:137} INFO - [2023-05-11T19:17:35.251+0000] {dag.py:2690} INFO - Sync 1 DAGs
[2023-05-11T19:17:35.281+0000] {logging_mixin.py:137} INFO - [2023-05-11T19:17:35.281+0000] {dag.py:3441} INFO - Setting next_dagrun for example_branch_python_operator_decorator to 2023-05-10T00:00:00+00:00, run_after=2023-05-11T00:00:00+00:00
[2023-05-11T19:17:35.299+0000] {processor.py:175} INFO - Processing /home/airflow/.local/lib/python3.7/site-packages/airflow/example_dags/example_branch_operator_decorator.py took 0.109 seconds
[2023-05-11T19:18:05.584+0000] {processor.py:153} INFO - Started process (PID=2201) to work on /home/airflow/.local/lib/python3.7/site-packages/airflow/example_dags/example_branch_operator_decorator.py
[2023-05-11T19:18:05.585+0000] {processor.py:743} INFO - Processing file /home/airflow/.local/lib/python3.7/site-packages/airflow/example_dags/example_branch_operator_decorator.py for tasks to queue
[2023-05-11T19:18:05.585+0000] {logging_mixin.py:137} INFO - [2023-05-11T19:18:05.585+0000] {dagbag.py:538} INFO - Filling up the DagBag from /home/airflow/.local/lib/python3.7/site-packages/airflow/example_dags/example_branch_operator_decorator.py
[2023-05-11T19:18:05.601+0000] {processor.py:753} INFO - DAG(s) dict_keys(['example_branch_python_operator_decorator']) retrieved from /home/airflow/.local/lib/python3.7/site-packages/airflow/example_dags/example_branch_operator_decorator.py
[2023-05-11T19:18:05.618+0000] {logging_mixin.py:137} INFO - [2023-05-11T19:18:05.618+0000] {dag.py:2690} INFO - Sync 1 DAGs
[2023-05-11T19:18:05.636+0000] {logging_mixin.py:137} INFO - [2023-05-11T19:18:05.636+0000] {dag.py:3441} INFO - Setting next_dagrun for example_branch_python_operator_decorator to 2023-05-10T00:00:00+00:00, run_after=2023-05-11T00:00:00+00:00
[2023-05-11T19:18:05.649+0000] {processor.py:175} INFO - Processing /home/airflow/.local/lib/python3.7/site-packages/airflow/example_dags/example_branch_operator_decorator.py took 0.066 seconds
[2023-05-11T19:18:36.189+0000] {processor.py:153} INFO - Started process (PID=2450) to work on /home/airflow/.local/lib/python3.7/site-packages/airflow/example_dags/example_branch_operator_decorator.py
[2023-05-11T19:18:36.190+0000] {processor.py:743} INFO - Processing file /home/airflow/.local/lib/python3.7/site-packages/airflow/example_dags/example_branch_operator_decorator.py for tasks to queue
[2023-05-11T19:18:36.190+0000] {logging_mixin.py:137} INFO - [2023-05-11T19:18:36.190+0000] {dagbag.py:538} INFO - Filling up the DagBag from /home/airflow/.local/lib/python3.7/site-packages/airflow/example_dags/example_branch_operator_decorator.py
[2023-05-11T19:18:36.212+0000] {processor.py:753} INFO - DAG(s) dict_keys(['example_branch_python_operator_decorator']) retrieved from /home/airflow/.local/lib/python3.7/site-packages/airflow/example_dags/example_branch_operator_decorator.py
[2023-05-11T19:18:36.244+0000] {logging_mixin.py:137} INFO - [2023-05-11T19:18:36.244+0000] {dag.py:2690} INFO - Sync 1 DAGs
[2023-05-11T19:18:36.270+0000] {logging_mixin.py:137} INFO - [2023-05-11T19:18:36.270+0000] {dag.py:3441} INFO - Setting next_dagrun for example_branch_python_operator_decorator to 2023-05-10T00:00:00+00:00, run_after=2023-05-11T00:00:00+00:00
[2023-05-11T19:18:36.289+0000] {processor.py:175} INFO - Processing /home/airflow/.local/lib/python3.7/site-packages/airflow/example_dags/example_branch_operator_decorator.py took 0.103 seconds
[2023-05-11T19:19:06.615+0000] {processor.py:153} INFO - Started process (PID=2682) to work on /home/airflow/.local/lib/python3.7/site-packages/airflow/example_dags/example_branch_operator_decorator.py
[2023-05-11T19:19:06.616+0000] {processor.py:743} INFO - Processing file /home/airflow/.local/lib/python3.7/site-packages/airflow/example_dags/example_branch_operator_decorator.py for tasks to queue
[2023-05-11T19:19:06.617+0000] {logging_mixin.py:137} INFO - [2023-05-11T19:19:06.617+0000] {dagbag.py:538} INFO - Filling up the DagBag from /home/airflow/.local/lib/python3.7/site-packages/airflow/example_dags/example_branch_operator_decorator.py
[2023-05-11T19:19:06.638+0000] {processor.py:753} INFO - DAG(s) dict_keys(['example_branch_python_operator_decorator']) retrieved from /home/airflow/.local/lib/python3.7/site-packages/airflow/example_dags/example_branch_operator_decorator.py
[2023-05-11T19:19:06.661+0000] {logging_mixin.py:137} INFO - [2023-05-11T19:19:06.661+0000] {dag.py:2690} INFO - Sync 1 DAGs
[2023-05-11T19:19:06.684+0000] {logging_mixin.py:137} INFO - [2023-05-11T19:19:06.684+0000] {dag.py:3441} INFO - Setting next_dagrun for example_branch_python_operator_decorator to 2023-05-10T00:00:00+00:00, run_after=2023-05-11T00:00:00+00:00
[2023-05-11T19:19:06.701+0000] {processor.py:175} INFO - Processing /home/airflow/.local/lib/python3.7/site-packages/airflow/example_dags/example_branch_operator_decorator.py took 0.089 seconds
[2023-05-11T19:19:37.263+0000] {processor.py:153} INFO - Started process (PID=2930) to work on /home/airflow/.local/lib/python3.7/site-packages/airflow/example_dags/example_branch_operator_decorator.py
[2023-05-11T19:19:37.264+0000] {processor.py:743} INFO - Processing file /home/airflow/.local/lib/python3.7/site-packages/airflow/example_dags/example_branch_operator_decorator.py for tasks to queue
[2023-05-11T19:19:37.265+0000] {logging_mixin.py:137} INFO - [2023-05-11T19:19:37.264+0000] {dagbag.py:538} INFO - Filling up the DagBag from /home/airflow/.local/lib/python3.7/site-packages/airflow/example_dags/example_branch_operator_decorator.py
[2023-05-11T19:19:37.288+0000] {processor.py:753} INFO - DAG(s) dict_keys(['example_branch_python_operator_decorator']) retrieved from /home/airflow/.local/lib/python3.7/site-packages/airflow/example_dags/example_branch_operator_decorator.py
[2023-05-11T19:19:37.318+0000] {logging_mixin.py:137} INFO - [2023-05-11T19:19:37.317+0000] {dag.py:2690} INFO - Sync 1 DAGs
[2023-05-11T19:19:37.342+0000] {logging_mixin.py:137} INFO - [2023-05-11T19:19:37.342+0000] {dag.py:3441} INFO - Setting next_dagrun for example_branch_python_operator_decorator to 2023-05-10T00:00:00+00:00, run_after=2023-05-11T00:00:00+00:00
[2023-05-11T19:19:37.359+0000] {processor.py:175} INFO - Processing /home/airflow/.local/lib/python3.7/site-packages/airflow/example_dags/example_branch_operator_decorator.py took 0.099 seconds
[2023-05-11T19:20:07.710+0000] {processor.py:153} INFO - Started process (PID=3162) to work on /home/airflow/.local/lib/python3.7/site-packages/airflow/example_dags/example_branch_operator_decorator.py
[2023-05-11T19:20:07.711+0000] {processor.py:743} INFO - Processing file /home/airflow/.local/lib/python3.7/site-packages/airflow/example_dags/example_branch_operator_decorator.py for tasks to queue
[2023-05-11T19:20:07.711+0000] {logging_mixin.py:137} INFO - [2023-05-11T19:20:07.711+0000] {dagbag.py:538} INFO - Filling up the DagBag from /home/airflow/.local/lib/python3.7/site-packages/airflow/example_dags/example_branch_operator_decorator.py
[2023-05-11T19:20:07.736+0000] {processor.py:753} INFO - DAG(s) dict_keys(['example_branch_python_operator_decorator']) retrieved from /home/airflow/.local/lib/python3.7/site-packages/airflow/example_dags/example_branch_operator_decorator.py
[2023-05-11T19:20:07.760+0000] {logging_mixin.py:137} INFO - [2023-05-11T19:20:07.760+0000] {dag.py:2690} INFO - Sync 1 DAGs
[2023-05-11T19:20:07.785+0000] {logging_mixin.py:137} INFO - [2023-05-11T19:20:07.785+0000] {dag.py:3441} INFO - Setting next_dagrun for example_branch_python_operator_decorator to 2023-05-10T00:00:00+00:00, run_after=2023-05-11T00:00:00+00:00
[2023-05-11T19:20:07.801+0000] {processor.py:175} INFO - Processing /home/airflow/.local/lib/python3.7/site-packages/airflow/example_dags/example_branch_operator_decorator.py took 0.093 seconds
[2023-05-11T19:20:38.271+0000] {processor.py:153} INFO - Started process (PID=3410) to work on /home/airflow/.local/lib/python3.7/site-packages/airflow/example_dags/example_branch_operator_decorator.py
[2023-05-11T19:20:38.271+0000] {processor.py:743} INFO - Processing file /home/airflow/.local/lib/python3.7/site-packages/airflow/example_dags/example_branch_operator_decorator.py for tasks to queue
[2023-05-11T19:20:38.276+0000] {logging_mixin.py:137} INFO - [2023-05-11T19:20:38.274+0000] {dagbag.py:538} INFO - Filling up the DagBag from /home/airflow/.local/lib/python3.7/site-packages/airflow/example_dags/example_branch_operator_decorator.py
[2023-05-11T19:20:38.314+0000] {processor.py:753} INFO - DAG(s) dict_keys(['example_branch_python_operator_decorator']) retrieved from /home/airflow/.local/lib/python3.7/site-packages/airflow/example_dags/example_branch_operator_decorator.py
[2023-05-11T19:20:38.339+0000] {logging_mixin.py:137} INFO - [2023-05-11T19:20:38.339+0000] {dag.py:2690} INFO - Sync 1 DAGs
[2023-05-11T19:20:38.363+0000] {logging_mixin.py:137} INFO - [2023-05-11T19:20:38.363+0000] {dag.py:3441} INFO - Setting next_dagrun for example_branch_python_operator_decorator to 2023-05-10T00:00:00+00:00, run_after=2023-05-11T00:00:00+00:00
[2023-05-11T19:20:38.375+0000] {processor.py:175} INFO - Processing /home/airflow/.local/lib/python3.7/site-packages/airflow/example_dags/example_branch_operator_decorator.py took 0.108 seconds
[2023-05-11T19:21:08.602+0000] {processor.py:153} INFO - Started process (PID=3644) to work on /home/airflow/.local/lib/python3.7/site-packages/airflow/example_dags/example_branch_operator_decorator.py
[2023-05-11T19:21:08.603+0000] {processor.py:743} INFO - Processing file /home/airflow/.local/lib/python3.7/site-packages/airflow/example_dags/example_branch_operator_decorator.py for tasks to queue
[2023-05-11T19:21:08.603+0000] {logging_mixin.py:137} INFO - [2023-05-11T19:21:08.603+0000] {dagbag.py:538} INFO - Filling up the DagBag from /home/airflow/.local/lib/python3.7/site-packages/airflow/example_dags/example_branch_operator_decorator.py
[2023-05-11T19:21:08.624+0000] {processor.py:753} INFO - DAG(s) dict_keys(['example_branch_python_operator_decorator']) retrieved from /home/airflow/.local/lib/python3.7/site-packages/airflow/example_dags/example_branch_operator_decorator.py
[2023-05-11T19:21:08.647+0000] {logging_mixin.py:137} INFO - [2023-05-11T19:21:08.647+0000] {dag.py:2690} INFO - Sync 1 DAGs
[2023-05-11T19:21:08.670+0000] {logging_mixin.py:137} INFO - [2023-05-11T19:21:08.670+0000] {dag.py:3441} INFO - Setting next_dagrun for example_branch_python_operator_decorator to 2023-05-10T00:00:00+00:00, run_after=2023-05-11T00:00:00+00:00
[2023-05-11T19:21:08.685+0000] {processor.py:175} INFO - Processing /home/airflow/.local/lib/python3.7/site-packages/airflow/example_dags/example_branch_operator_decorator.py took 0.085 seconds
[2023-05-11T19:21:39.251+0000] {processor.py:153} INFO - Started process (PID=3890) to work on /home/airflow/.local/lib/python3.7/site-packages/airflow/example_dags/example_branch_operator_decorator.py
[2023-05-11T19:21:39.251+0000] {processor.py:743} INFO - Processing file /home/airflow/.local/lib/python3.7/site-packages/airflow/example_dags/example_branch_operator_decorator.py for tasks to queue
[2023-05-11T19:21:39.252+0000] {logging_mixin.py:137} INFO - [2023-05-11T19:21:39.251+0000] {dagbag.py:538} INFO - Filling up the DagBag from /home/airflow/.local/lib/python3.7/site-packages/airflow/example_dags/example_branch_operator_decorator.py
[2023-05-11T19:21:39.271+0000] {processor.py:753} INFO - DAG(s) dict_keys(['example_branch_python_operator_decorator']) retrieved from /home/airflow/.local/lib/python3.7/site-packages/airflow/example_dags/example_branch_operator_decorator.py
[2023-05-11T19:21:39.290+0000] {logging_mixin.py:137} INFO - [2023-05-11T19:21:39.290+0000] {dag.py:2690} INFO - Sync 1 DAGs
[2023-05-11T19:21:39.308+0000] {logging_mixin.py:137} INFO - [2023-05-11T19:21:39.308+0000] {dag.py:3441} INFO - Setting next_dagrun for example_branch_python_operator_decorator to 2023-05-10T00:00:00+00:00, run_after=2023-05-11T00:00:00+00:00
[2023-05-11T19:21:39.321+0000] {processor.py:175} INFO - Processing /home/airflow/.local/lib/python3.7/site-packages/airflow/example_dags/example_branch_operator_decorator.py took 0.073 seconds
[2023-05-11T19:22:09.465+0000] {processor.py:153} INFO - Started process (PID=4122) to work on /home/airflow/.local/lib/python3.7/site-packages/airflow/example_dags/example_branch_operator_decorator.py
[2023-05-11T19:22:09.465+0000] {processor.py:743} INFO - Processing file /home/airflow/.local/lib/python3.7/site-packages/airflow/example_dags/example_branch_operator_decorator.py for tasks to queue
[2023-05-11T19:22:09.466+0000] {logging_mixin.py:137} INFO - [2023-05-11T19:22:09.466+0000] {dagbag.py:538} INFO - Filling up the DagBag from /home/airflow/.local/lib/python3.7/site-packages/airflow/example_dags/example_branch_operator_decorator.py
[2023-05-11T19:22:09.487+0000] {processor.py:753} INFO - DAG(s) dict_keys(['example_branch_python_operator_decorator']) retrieved from /home/airflow/.local/lib/python3.7/site-packages/airflow/example_dags/example_branch_operator_decorator.py
[2023-05-11T19:22:09.510+0000] {logging_mixin.py:137} INFO - [2023-05-11T19:22:09.510+0000] {dag.py:2690} INFO - Sync 1 DAGs
[2023-05-11T19:22:09.534+0000] {logging_mixin.py:137} INFO - [2023-05-11T19:22:09.534+0000] {dag.py:3441} INFO - Setting next_dagrun for example_branch_python_operator_decorator to 2023-05-10T00:00:00+00:00, run_after=2023-05-11T00:00:00+00:00
[2023-05-11T19:22:09.551+0000] {processor.py:175} INFO - Processing /home/airflow/.local/lib/python3.7/site-packages/airflow/example_dags/example_branch_operator_decorator.py took 0.089 seconds
[2023-05-11T19:22:40.000+0000] {processor.py:153} INFO - Started process (PID=4371) to work on /home/airflow/.local/lib/python3.7/site-packages/airflow/example_dags/example_branch_operator_decorator.py
[2023-05-11T19:22:40.001+0000] {processor.py:743} INFO - Processing file /home/airflow/.local/lib/python3.7/site-packages/airflow/example_dags/example_branch_operator_decorator.py for tasks to queue
[2023-05-11T19:22:40.001+0000] {logging_mixin.py:137} INFO - [2023-05-11T19:22:40.001+0000] {dagbag.py:538} INFO - Filling up the DagBag from /home/airflow/.local/lib/python3.7/site-packages/airflow/example_dags/example_branch_operator_decorator.py
[2023-05-11T19:22:40.038+0000] {processor.py:753} INFO - DAG(s) dict_keys(['example_branch_python_operator_decorator']) retrieved from /home/airflow/.local/lib/python3.7/site-packages/airflow/example_dags/example_branch_operator_decorator.py
[2023-05-11T19:22:40.077+0000] {logging_mixin.py:137} INFO - [2023-05-11T19:22:40.077+0000] {dag.py:2690} INFO - Sync 1 DAGs
[2023-05-11T19:22:40.112+0000] {logging_mixin.py:137} INFO - [2023-05-11T19:22:40.112+0000] {dag.py:3441} INFO - Setting next_dagrun for example_branch_python_operator_decorator to 2023-05-10T00:00:00+00:00, run_after=2023-05-11T00:00:00+00:00
[2023-05-11T19:22:40.129+0000] {processor.py:175} INFO - Processing /home/airflow/.local/lib/python3.7/site-packages/airflow/example_dags/example_branch_operator_decorator.py took 0.132 seconds
[2023-05-11T19:23:10.390+0000] {processor.py:153} INFO - Started process (PID=4603) to work on /home/airflow/.local/lib/python3.7/site-packages/airflow/example_dags/example_branch_operator_decorator.py
[2023-05-11T19:23:10.390+0000] {processor.py:743} INFO - Processing file /home/airflow/.local/lib/python3.7/site-packages/airflow/example_dags/example_branch_operator_decorator.py for tasks to queue
[2023-05-11T19:23:10.391+0000] {logging_mixin.py:137} INFO - [2023-05-11T19:23:10.391+0000] {dagbag.py:538} INFO - Filling up the DagBag from /home/airflow/.local/lib/python3.7/site-packages/airflow/example_dags/example_branch_operator_decorator.py
[2023-05-11T19:23:10.413+0000] {processor.py:753} INFO - DAG(s) dict_keys(['example_branch_python_operator_decorator']) retrieved from /home/airflow/.local/lib/python3.7/site-packages/airflow/example_dags/example_branch_operator_decorator.py
[2023-05-11T19:23:10.440+0000] {logging_mixin.py:137} INFO - [2023-05-11T19:23:10.440+0000] {dag.py:2690} INFO - Sync 1 DAGs
[2023-05-11T19:23:10.464+0000] {logging_mixin.py:137} INFO - [2023-05-11T19:23:10.464+0000] {dag.py:3441} INFO - Setting next_dagrun for example_branch_python_operator_decorator to 2023-05-10T00:00:00+00:00, run_after=2023-05-11T00:00:00+00:00
[2023-05-11T19:23:10.481+0000] {processor.py:175} INFO - Processing /home/airflow/.local/lib/python3.7/site-packages/airflow/example_dags/example_branch_operator_decorator.py took 0.094 seconds
[2023-05-11T19:23:41.426+0000] {processor.py:153} INFO - Started process (PID=4852) to work on /home/airflow/.local/lib/python3.7/site-packages/airflow/example_dags/example_branch_operator_decorator.py
[2023-05-11T19:23:41.427+0000] {processor.py:743} INFO - Processing file /home/airflow/.local/lib/python3.7/site-packages/airflow/example_dags/example_branch_operator_decorator.py for tasks to queue
[2023-05-11T19:23:41.428+0000] {logging_mixin.py:137} INFO - [2023-05-11T19:23:41.428+0000] {dagbag.py:538} INFO - Filling up the DagBag from /home/airflow/.local/lib/python3.7/site-packages/airflow/example_dags/example_branch_operator_decorator.py
[2023-05-11T19:23:41.455+0000] {processor.py:753} INFO - DAG(s) dict_keys(['example_branch_python_operator_decorator']) retrieved from /home/airflow/.local/lib/python3.7/site-packages/airflow/example_dags/example_branch_operator_decorator.py
[2023-05-11T19:23:41.493+0000] {logging_mixin.py:137} INFO - [2023-05-11T19:23:41.493+0000] {dag.py:2690} INFO - Sync 1 DAGs
[2023-05-11T19:23:41.535+0000] {logging_mixin.py:137} INFO - [2023-05-11T19:23:41.535+0000] {dag.py:3441} INFO - Setting next_dagrun for example_branch_python_operator_decorator to 2023-05-10T00:00:00+00:00, run_after=2023-05-11T00:00:00+00:00
[2023-05-11T19:23:41.562+0000] {processor.py:175} INFO - Processing /home/airflow/.local/lib/python3.7/site-packages/airflow/example_dags/example_branch_operator_decorator.py took 0.138 seconds
[2023-05-11T19:24:12.211+0000] {processor.py:153} INFO - Started process (PID=5086) to work on /home/airflow/.local/lib/python3.7/site-packages/airflow/example_dags/example_branch_operator_decorator.py
[2023-05-11T19:24:12.212+0000] {processor.py:743} INFO - Processing file /home/airflow/.local/lib/python3.7/site-packages/airflow/example_dags/example_branch_operator_decorator.py for tasks to queue
[2023-05-11T19:24:12.212+0000] {logging_mixin.py:137} INFO - [2023-05-11T19:24:12.212+0000] {dagbag.py:538} INFO - Filling up the DagBag from /home/airflow/.local/lib/python3.7/site-packages/airflow/example_dags/example_branch_operator_decorator.py
[2023-05-11T19:24:12.234+0000] {processor.py:753} INFO - DAG(s) dict_keys(['example_branch_python_operator_decorator']) retrieved from /home/airflow/.local/lib/python3.7/site-packages/airflow/example_dags/example_branch_operator_decorator.py
[2023-05-11T19:24:12.258+0000] {logging_mixin.py:137} INFO - [2023-05-11T19:24:12.258+0000] {dag.py:2690} INFO - Sync 1 DAGs
[2023-05-11T19:24:12.282+0000] {logging_mixin.py:137} INFO - [2023-05-11T19:24:12.282+0000] {dag.py:3441} INFO - Setting next_dagrun for example_branch_python_operator_decorator to 2023-05-10T00:00:00+00:00, run_after=2023-05-11T00:00:00+00:00
[2023-05-11T19:24:12.298+0000] {processor.py:175} INFO - Processing /home/airflow/.local/lib/python3.7/site-packages/airflow/example_dags/example_branch_operator_decorator.py took 0.090 seconds
[2023-05-11T19:24:42.632+0000] {processor.py:153} INFO - Started process (PID=5332) to work on /home/airflow/.local/lib/python3.7/site-packages/airflow/example_dags/example_branch_operator_decorator.py
[2023-05-11T19:24:42.632+0000] {processor.py:743} INFO - Processing file /home/airflow/.local/lib/python3.7/site-packages/airflow/example_dags/example_branch_operator_decorator.py for tasks to queue
[2023-05-11T19:24:42.633+0000] {logging_mixin.py:137} INFO - [2023-05-11T19:24:42.633+0000] {dagbag.py:538} INFO - Filling up the DagBag from /home/airflow/.local/lib/python3.7/site-packages/airflow/example_dags/example_branch_operator_decorator.py
[2023-05-11T19:24:42.651+0000] {processor.py:753} INFO - DAG(s) dict_keys(['example_branch_python_operator_decorator']) retrieved from /home/airflow/.local/lib/python3.7/site-packages/airflow/example_dags/example_branch_operator_decorator.py
[2023-05-11T19:24:42.671+0000] {logging_mixin.py:137} INFO - [2023-05-11T19:24:42.671+0000] {dag.py:2690} INFO - Sync 1 DAGs
[2023-05-11T19:24:42.692+0000] {logging_mixin.py:137} INFO - [2023-05-11T19:24:42.692+0000] {dag.py:3441} INFO - Setting next_dagrun for example_branch_python_operator_decorator to 2023-05-10T00:00:00+00:00, run_after=2023-05-11T00:00:00+00:00
[2023-05-11T19:24:42.708+0000] {processor.py:175} INFO - Processing /home/airflow/.local/lib/python3.7/site-packages/airflow/example_dags/example_branch_operator_decorator.py took 0.079 seconds
[2023-05-11T19:25:28.361+0000] {processor.py:153} INFO - Started process (PID=274) to work on /home/airflow/.local/lib/python3.7/site-packages/airflow/example_dags/example_branch_operator_decorator.py
[2023-05-11T19:25:28.362+0000] {processor.py:743} INFO - Processing file /home/airflow/.local/lib/python3.7/site-packages/airflow/example_dags/example_branch_operator_decorator.py for tasks to queue
[2023-05-11T19:25:28.363+0000] {logging_mixin.py:137} INFO - [2023-05-11T19:25:28.363+0000] {dagbag.py:538} INFO - Filling up the DagBag from /home/airflow/.local/lib/python3.7/site-packages/airflow/example_dags/example_branch_operator_decorator.py
[2023-05-11T19:25:28.382+0000] {processor.py:753} INFO - DAG(s) dict_keys(['example_branch_python_operator_decorator']) retrieved from /home/airflow/.local/lib/python3.7/site-packages/airflow/example_dags/example_branch_operator_decorator.py
[2023-05-11T19:25:28.398+0000] {logging_mixin.py:137} INFO - [2023-05-11T19:25:28.398+0000] {dag.py:2690} INFO - Sync 1 DAGs
[2023-05-11T19:25:28.434+0000] {logging_mixin.py:137} INFO - [2023-05-11T19:25:28.434+0000] {dag.py:3441} INFO - Setting next_dagrun for example_branch_python_operator_decorator to 2023-05-10T00:00:00+00:00, run_after=2023-05-11T00:00:00+00:00
[2023-05-11T19:25:28.470+0000] {processor.py:175} INFO - Processing /home/airflow/.local/lib/python3.7/site-packages/airflow/example_dags/example_branch_operator_decorator.py took 0.113 seconds
[2023-05-11T19:25:59.315+0000] {processor.py:153} INFO - Started process (PID=508) to work on /home/airflow/.local/lib/python3.7/site-packages/airflow/example_dags/example_branch_operator_decorator.py
[2023-05-11T19:25:59.315+0000] {processor.py:743} INFO - Processing file /home/airflow/.local/lib/python3.7/site-packages/airflow/example_dags/example_branch_operator_decorator.py for tasks to queue
[2023-05-11T19:25:59.316+0000] {logging_mixin.py:137} INFO - [2023-05-11T19:25:59.316+0000] {dagbag.py:538} INFO - Filling up the DagBag from /home/airflow/.local/lib/python3.7/site-packages/airflow/example_dags/example_branch_operator_decorator.py
[2023-05-11T19:25:59.335+0000] {processor.py:753} INFO - DAG(s) dict_keys(['example_branch_python_operator_decorator']) retrieved from /home/airflow/.local/lib/python3.7/site-packages/airflow/example_dags/example_branch_operator_decorator.py
[2023-05-11T19:25:59.355+0000] {logging_mixin.py:137} INFO - [2023-05-11T19:25:59.355+0000] {dag.py:2690} INFO - Sync 1 DAGs
[2023-05-11T19:25:59.374+0000] {logging_mixin.py:137} INFO - [2023-05-11T19:25:59.374+0000] {dag.py:3441} INFO - Setting next_dagrun for example_branch_python_operator_decorator to 2023-05-10T00:00:00+00:00, run_after=2023-05-11T00:00:00+00:00
[2023-05-11T19:25:59.387+0000] {processor.py:175} INFO - Processing /home/airflow/.local/lib/python3.7/site-packages/airflow/example_dags/example_branch_operator_decorator.py took 0.074 seconds
[2023-05-11T19:26:29.515+0000] {processor.py:153} INFO - Started process (PID=754) to work on /home/airflow/.local/lib/python3.7/site-packages/airflow/example_dags/example_branch_operator_decorator.py
[2023-05-11T19:26:29.516+0000] {processor.py:743} INFO - Processing file /home/airflow/.local/lib/python3.7/site-packages/airflow/example_dags/example_branch_operator_decorator.py for tasks to queue
[2023-05-11T19:26:29.516+0000] {logging_mixin.py:137} INFO - [2023-05-11T19:26:29.516+0000] {dagbag.py:538} INFO - Filling up the DagBag from /home/airflow/.local/lib/python3.7/site-packages/airflow/example_dags/example_branch_operator_decorator.py
[2023-05-11T19:26:29.541+0000] {processor.py:753} INFO - DAG(s) dict_keys(['example_branch_python_operator_decorator']) retrieved from /home/airflow/.local/lib/python3.7/site-packages/airflow/example_dags/example_branch_operator_decorator.py
[2023-05-11T19:26:29.565+0000] {logging_mixin.py:137} INFO - [2023-05-11T19:26:29.565+0000] {dag.py:2690} INFO - Sync 1 DAGs
[2023-05-11T19:26:29.591+0000] {logging_mixin.py:137} INFO - [2023-05-11T19:26:29.591+0000] {dag.py:3441} INFO - Setting next_dagrun for example_branch_python_operator_decorator to 2023-05-10T00:00:00+00:00, run_after=2023-05-11T00:00:00+00:00
[2023-05-11T19:26:29.608+0000] {processor.py:175} INFO - Processing /home/airflow/.local/lib/python3.7/site-packages/airflow/example_dags/example_branch_operator_decorator.py took 0.095 seconds
[2023-05-11T19:26:59.963+0000] {processor.py:153} INFO - Started process (PID=988) to work on /home/airflow/.local/lib/python3.7/site-packages/airflow/example_dags/example_branch_operator_decorator.py
[2023-05-11T19:26:59.964+0000] {processor.py:743} INFO - Processing file /home/airflow/.local/lib/python3.7/site-packages/airflow/example_dags/example_branch_operator_decorator.py for tasks to queue
[2023-05-11T19:26:59.964+0000] {logging_mixin.py:137} INFO - [2023-05-11T19:26:59.964+0000] {dagbag.py:538} INFO - Filling up the DagBag from /home/airflow/.local/lib/python3.7/site-packages/airflow/example_dags/example_branch_operator_decorator.py
[2023-05-11T19:26:59.985+0000] {processor.py:753} INFO - DAG(s) dict_keys(['example_branch_python_operator_decorator']) retrieved from /home/airflow/.local/lib/python3.7/site-packages/airflow/example_dags/example_branch_operator_decorator.py
[2023-05-11T19:27:00.008+0000] {logging_mixin.py:137} INFO - [2023-05-11T19:27:00.008+0000] {dag.py:2690} INFO - Sync 1 DAGs
[2023-05-11T19:27:00.031+0000] {logging_mixin.py:137} INFO - [2023-05-11T19:27:00.031+0000] {dag.py:3441} INFO - Setting next_dagrun for example_branch_python_operator_decorator to 2023-05-10T00:00:00+00:00, run_after=2023-05-11T00:00:00+00:00
[2023-05-11T19:27:00.047+0000] {processor.py:175} INFO - Processing /home/airflow/.local/lib/python3.7/site-packages/airflow/example_dags/example_branch_operator_decorator.py took 0.086 seconds
[2023-05-11T19:27:30.362+0000] {processor.py:153} INFO - Started process (PID=1234) to work on /home/airflow/.local/lib/python3.7/site-packages/airflow/example_dags/example_branch_operator_decorator.py
[2023-05-11T19:27:30.363+0000] {processor.py:743} INFO - Processing file /home/airflow/.local/lib/python3.7/site-packages/airflow/example_dags/example_branch_operator_decorator.py for tasks to queue
[2023-05-11T19:27:30.364+0000] {logging_mixin.py:137} INFO - [2023-05-11T19:27:30.364+0000] {dagbag.py:538} INFO - Filling up the DagBag from /home/airflow/.local/lib/python3.7/site-packages/airflow/example_dags/example_branch_operator_decorator.py
[2023-05-11T19:27:30.383+0000] {processor.py:753} INFO - DAG(s) dict_keys(['example_branch_python_operator_decorator']) retrieved from /home/airflow/.local/lib/python3.7/site-packages/airflow/example_dags/example_branch_operator_decorator.py
[2023-05-11T19:27:30.400+0000] {logging_mixin.py:137} INFO - [2023-05-11T19:27:30.400+0000] {dag.py:2690} INFO - Sync 1 DAGs
[2023-05-11T19:27:30.419+0000] {logging_mixin.py:137} INFO - [2023-05-11T19:27:30.419+0000] {dag.py:3441} INFO - Setting next_dagrun for example_branch_python_operator_decorator to 2023-05-10T00:00:00+00:00, run_after=2023-05-11T00:00:00+00:00
[2023-05-11T19:27:30.431+0000] {processor.py:175} INFO - Processing /home/airflow/.local/lib/python3.7/site-packages/airflow/example_dags/example_branch_operator_decorator.py took 0.071 seconds
[2023-05-11T19:28:01.568+0000] {processor.py:153} INFO - Started process (PID=1466) to work on /home/airflow/.local/lib/python3.7/site-packages/airflow/example_dags/example_branch_operator_decorator.py
[2023-05-11T19:28:01.569+0000] {processor.py:743} INFO - Processing file /home/airflow/.local/lib/python3.7/site-packages/airflow/example_dags/example_branch_operator_decorator.py for tasks to queue
[2023-05-11T19:28:01.569+0000] {logging_mixin.py:137} INFO - [2023-05-11T19:28:01.569+0000] {dagbag.py:538} INFO - Filling up the DagBag from /home/airflow/.local/lib/python3.7/site-packages/airflow/example_dags/example_branch_operator_decorator.py
[2023-05-11T19:28:01.592+0000] {processor.py:753} INFO - DAG(s) dict_keys(['example_branch_python_operator_decorator']) retrieved from /home/airflow/.local/lib/python3.7/site-packages/airflow/example_dags/example_branch_operator_decorator.py
[2023-05-11T19:28:01.616+0000] {logging_mixin.py:137} INFO - [2023-05-11T19:28:01.616+0000] {dag.py:2690} INFO - Sync 1 DAGs
[2023-05-11T19:28:01.639+0000] {logging_mixin.py:137} INFO - [2023-05-11T19:28:01.639+0000] {dag.py:3441} INFO - Setting next_dagrun for example_branch_python_operator_decorator to 2023-05-10T00:00:00+00:00, run_after=2023-05-11T00:00:00+00:00
[2023-05-11T19:28:01.655+0000] {processor.py:175} INFO - Processing /home/airflow/.local/lib/python3.7/site-packages/airflow/example_dags/example_branch_operator_decorator.py took 0.090 seconds
[2023-05-11T19:28:31.744+0000] {processor.py:153} INFO - Started process (PID=1714) to work on /home/airflow/.local/lib/python3.7/site-packages/airflow/example_dags/example_branch_operator_decorator.py
[2023-05-11T19:28:31.745+0000] {processor.py:743} INFO - Processing file /home/airflow/.local/lib/python3.7/site-packages/airflow/example_dags/example_branch_operator_decorator.py for tasks to queue
[2023-05-11T19:28:31.745+0000] {logging_mixin.py:137} INFO - [2023-05-11T19:28:31.745+0000] {dagbag.py:538} INFO - Filling up the DagBag from /home/airflow/.local/lib/python3.7/site-packages/airflow/example_dags/example_branch_operator_decorator.py
[2023-05-11T19:28:31.762+0000] {processor.py:753} INFO - DAG(s) dict_keys(['example_branch_python_operator_decorator']) retrieved from /home/airflow/.local/lib/python3.7/site-packages/airflow/example_dags/example_branch_operator_decorator.py
[2023-05-11T19:28:31.781+0000] {logging_mixin.py:137} INFO - [2023-05-11T19:28:31.780+0000] {dag.py:2690} INFO - Sync 1 DAGs
[2023-05-11T19:28:31.799+0000] {logging_mixin.py:137} INFO - [2023-05-11T19:28:31.799+0000] {dag.py:3441} INFO - Setting next_dagrun for example_branch_python_operator_decorator to 2023-05-10T00:00:00+00:00, run_after=2023-05-11T00:00:00+00:00
[2023-05-11T19:28:31.812+0000] {processor.py:175} INFO - Processing /home/airflow/.local/lib/python3.7/site-packages/airflow/example_dags/example_branch_operator_decorator.py took 0.069 seconds
[2023-05-11T19:29:02.151+0000] {processor.py:153} INFO - Started process (PID=1949) to work on /home/airflow/.local/lib/python3.7/site-packages/airflow/example_dags/example_branch_operator_decorator.py
[2023-05-11T19:29:02.151+0000] {processor.py:743} INFO - Processing file /home/airflow/.local/lib/python3.7/site-packages/airflow/example_dags/example_branch_operator_decorator.py for tasks to queue
[2023-05-11T19:29:02.152+0000] {logging_mixin.py:137} INFO - [2023-05-11T19:29:02.152+0000] {dagbag.py:538} INFO - Filling up the DagBag from /home/airflow/.local/lib/python3.7/site-packages/airflow/example_dags/example_branch_operator_decorator.py
[2023-05-11T19:29:02.173+0000] {processor.py:753} INFO - DAG(s) dict_keys(['example_branch_python_operator_decorator']) retrieved from /home/airflow/.local/lib/python3.7/site-packages/airflow/example_dags/example_branch_operator_decorator.py
[2023-05-11T19:29:02.196+0000] {logging_mixin.py:137} INFO - [2023-05-11T19:29:02.196+0000] {dag.py:2690} INFO - Sync 1 DAGs
[2023-05-11T19:29:02.219+0000] {logging_mixin.py:137} INFO - [2023-05-11T19:29:02.219+0000] {dag.py:3441} INFO - Setting next_dagrun for example_branch_python_operator_decorator to 2023-05-10T00:00:00+00:00, run_after=2023-05-11T00:00:00+00:00
[2023-05-11T19:29:02.235+0000] {processor.py:175} INFO - Processing /home/airflow/.local/lib/python3.7/site-packages/airflow/example_dags/example_branch_operator_decorator.py took 0.087 seconds
[2023-05-11T19:29:32.631+0000] {processor.py:153} INFO - Started process (PID=2197) to work on /home/airflow/.local/lib/python3.7/site-packages/airflow/example_dags/example_branch_operator_decorator.py
[2023-05-11T19:29:32.632+0000] {processor.py:743} INFO - Processing file /home/airflow/.local/lib/python3.7/site-packages/airflow/example_dags/example_branch_operator_decorator.py for tasks to queue
[2023-05-11T19:29:32.632+0000] {logging_mixin.py:137} INFO - [2023-05-11T19:29:32.632+0000] {dagbag.py:538} INFO - Filling up the DagBag from /home/airflow/.local/lib/python3.7/site-packages/airflow/example_dags/example_branch_operator_decorator.py
[2023-05-11T19:29:32.654+0000] {processor.py:753} INFO - DAG(s) dict_keys(['example_branch_python_operator_decorator']) retrieved from /home/airflow/.local/lib/python3.7/site-packages/airflow/example_dags/example_branch_operator_decorator.py
[2023-05-11T19:29:32.678+0000] {logging_mixin.py:137} INFO - [2023-05-11T19:29:32.678+0000] {dag.py:2690} INFO - Sync 1 DAGs
[2023-05-11T19:29:32.702+0000] {logging_mixin.py:137} INFO - [2023-05-11T19:29:32.702+0000] {dag.py:3441} INFO - Setting next_dagrun for example_branch_python_operator_decorator to 2023-05-10T00:00:00+00:00, run_after=2023-05-11T00:00:00+00:00
[2023-05-11T19:29:32.718+0000] {processor.py:175} INFO - Processing /home/airflow/.local/lib/python3.7/site-packages/airflow/example_dags/example_branch_operator_decorator.py took 0.090 seconds
[2023-05-11T19:30:03.071+0000] {processor.py:153} INFO - Started process (PID=2429) to work on /home/airflow/.local/lib/python3.7/site-packages/airflow/example_dags/example_branch_operator_decorator.py
[2023-05-11T19:30:03.072+0000] {processor.py:743} INFO - Processing file /home/airflow/.local/lib/python3.7/site-packages/airflow/example_dags/example_branch_operator_decorator.py for tasks to queue
[2023-05-11T19:30:03.072+0000] {logging_mixin.py:137} INFO - [2023-05-11T19:30:03.072+0000] {dagbag.py:538} INFO - Filling up the DagBag from /home/airflow/.local/lib/python3.7/site-packages/airflow/example_dags/example_branch_operator_decorator.py
[2023-05-11T19:30:03.093+0000] {processor.py:753} INFO - DAG(s) dict_keys(['example_branch_python_operator_decorator']) retrieved from /home/airflow/.local/lib/python3.7/site-packages/airflow/example_dags/example_branch_operator_decorator.py
[2023-05-11T19:30:03.115+0000] {logging_mixin.py:137} INFO - [2023-05-11T19:30:03.115+0000] {dag.py:2690} INFO - Sync 1 DAGs
[2023-05-11T19:30:03.136+0000] {logging_mixin.py:137} INFO - [2023-05-11T19:30:03.135+0000] {dag.py:3441} INFO - Setting next_dagrun for example_branch_python_operator_decorator to 2023-05-10T00:00:00+00:00, run_after=2023-05-11T00:00:00+00:00
[2023-05-11T19:30:03.153+0000] {processor.py:175} INFO - Processing /home/airflow/.local/lib/python3.7/site-packages/airflow/example_dags/example_branch_operator_decorator.py took 0.085 seconds
[2023-05-11T19:30:33.736+0000] {processor.py:153} INFO - Started process (PID=2677) to work on /home/airflow/.local/lib/python3.7/site-packages/airflow/example_dags/example_branch_operator_decorator.py
[2023-05-11T19:30:33.736+0000] {processor.py:743} INFO - Processing file /home/airflow/.local/lib/python3.7/site-packages/airflow/example_dags/example_branch_operator_decorator.py for tasks to queue
[2023-05-11T19:30:33.737+0000] {logging_mixin.py:137} INFO - [2023-05-11T19:30:33.736+0000] {dagbag.py:538} INFO - Filling up the DagBag from /home/airflow/.local/lib/python3.7/site-packages/airflow/example_dags/example_branch_operator_decorator.py
[2023-05-11T19:30:33.754+0000] {processor.py:753} INFO - DAG(s) dict_keys(['example_branch_python_operator_decorator']) retrieved from /home/airflow/.local/lib/python3.7/site-packages/airflow/example_dags/example_branch_operator_decorator.py
[2023-05-11T19:30:33.780+0000] {logging_mixin.py:137} INFO - [2023-05-11T19:30:33.780+0000] {dag.py:2690} INFO - Sync 1 DAGs
[2023-05-11T19:30:33.807+0000] {logging_mixin.py:137} INFO - [2023-05-11T19:30:33.807+0000] {dag.py:3441} INFO - Setting next_dagrun for example_branch_python_operator_decorator to 2023-05-10T00:00:00+00:00, run_after=2023-05-11T00:00:00+00:00
[2023-05-11T19:30:33.821+0000] {processor.py:175} INFO - Processing /home/airflow/.local/lib/python3.7/site-packages/airflow/example_dags/example_branch_operator_decorator.py took 0.088 seconds
[2023-05-11T19:31:04.135+0000] {processor.py:153} INFO - Started process (PID=2909) to work on /home/airflow/.local/lib/python3.7/site-packages/airflow/example_dags/example_branch_operator_decorator.py
[2023-05-11T19:31:04.136+0000] {processor.py:743} INFO - Processing file /home/airflow/.local/lib/python3.7/site-packages/airflow/example_dags/example_branch_operator_decorator.py for tasks to queue
[2023-05-11T19:31:04.136+0000] {logging_mixin.py:137} INFO - [2023-05-11T19:31:04.136+0000] {dagbag.py:538} INFO - Filling up the DagBag from /home/airflow/.local/lib/python3.7/site-packages/airflow/example_dags/example_branch_operator_decorator.py
[2023-05-11T19:31:04.164+0000] {processor.py:753} INFO - DAG(s) dict_keys(['example_branch_python_operator_decorator']) retrieved from /home/airflow/.local/lib/python3.7/site-packages/airflow/example_dags/example_branch_operator_decorator.py
[2023-05-11T19:31:04.200+0000] {logging_mixin.py:137} INFO - [2023-05-11T19:31:04.200+0000] {dag.py:2690} INFO - Sync 1 DAGs
[2023-05-11T19:31:04.232+0000] {logging_mixin.py:137} INFO - [2023-05-11T19:31:04.231+0000] {dag.py:3441} INFO - Setting next_dagrun for example_branch_python_operator_decorator to 2023-05-10T00:00:00+00:00, run_after=2023-05-11T00:00:00+00:00
[2023-05-11T19:31:04.250+0000] {processor.py:175} INFO - Processing /home/airflow/.local/lib/python3.7/site-packages/airflow/example_dags/example_branch_operator_decorator.py took 0.119 seconds
[2023-05-11T19:31:34.575+0000] {processor.py:153} INFO - Started process (PID=3157) to work on /home/airflow/.local/lib/python3.7/site-packages/airflow/example_dags/example_branch_operator_decorator.py
[2023-05-11T19:31:34.576+0000] {processor.py:743} INFO - Processing file /home/airflow/.local/lib/python3.7/site-packages/airflow/example_dags/example_branch_operator_decorator.py for tasks to queue
[2023-05-11T19:31:34.576+0000] {logging_mixin.py:137} INFO - [2023-05-11T19:31:34.576+0000] {dagbag.py:538} INFO - Filling up the DagBag from /home/airflow/.local/lib/python3.7/site-packages/airflow/example_dags/example_branch_operator_decorator.py
[2023-05-11T19:31:34.593+0000] {processor.py:753} INFO - DAG(s) dict_keys(['example_branch_python_operator_decorator']) retrieved from /home/airflow/.local/lib/python3.7/site-packages/airflow/example_dags/example_branch_operator_decorator.py
[2023-05-11T19:31:34.611+0000] {logging_mixin.py:137} INFO - [2023-05-11T19:31:34.611+0000] {dag.py:2690} INFO - Sync 1 DAGs
[2023-05-11T19:31:34.628+0000] {logging_mixin.py:137} INFO - [2023-05-11T19:31:34.628+0000] {dag.py:3441} INFO - Setting next_dagrun for example_branch_python_operator_decorator to 2023-05-10T00:00:00+00:00, run_after=2023-05-11T00:00:00+00:00
[2023-05-11T19:31:34.640+0000] {processor.py:175} INFO - Processing /home/airflow/.local/lib/python3.7/site-packages/airflow/example_dags/example_branch_operator_decorator.py took 0.067 seconds
[2023-05-11T19:32:05.625+0000] {processor.py:153} INFO - Started process (PID=3389) to work on /home/airflow/.local/lib/python3.7/site-packages/airflow/example_dags/example_branch_operator_decorator.py
[2023-05-11T19:32:05.626+0000] {processor.py:743} INFO - Processing file /home/airflow/.local/lib/python3.7/site-packages/airflow/example_dags/example_branch_operator_decorator.py for tasks to queue
[2023-05-11T19:32:05.627+0000] {logging_mixin.py:137} INFO - [2023-05-11T19:32:05.627+0000] {dagbag.py:538} INFO - Filling up the DagBag from /home/airflow/.local/lib/python3.7/site-packages/airflow/example_dags/example_branch_operator_decorator.py
[2023-05-11T19:32:05.656+0000] {processor.py:753} INFO - DAG(s) dict_keys(['example_branch_python_operator_decorator']) retrieved from /home/airflow/.local/lib/python3.7/site-packages/airflow/example_dags/example_branch_operator_decorator.py
[2023-05-11T19:32:05.683+0000] {logging_mixin.py:137} INFO - [2023-05-11T19:32:05.683+0000] {dag.py:2690} INFO - Sync 1 DAGs
[2023-05-11T19:32:05.712+0000] {logging_mixin.py:137} INFO - [2023-05-11T19:32:05.711+0000] {dag.py:3441} INFO - Setting next_dagrun for example_branch_python_operator_decorator to 2023-05-10T00:00:00+00:00, run_after=2023-05-11T00:00:00+00:00
[2023-05-11T19:32:05.728+0000] {processor.py:175} INFO - Processing /home/airflow/.local/lib/python3.7/site-packages/airflow/example_dags/example_branch_operator_decorator.py took 0.106 seconds
[2023-05-11T19:32:36.088+0000] {processor.py:153} INFO - Started process (PID=3636) to work on /home/airflow/.local/lib/python3.7/site-packages/airflow/example_dags/example_branch_operator_decorator.py
[2023-05-11T19:32:36.089+0000] {processor.py:743} INFO - Processing file /home/airflow/.local/lib/python3.7/site-packages/airflow/example_dags/example_branch_operator_decorator.py for tasks to queue
[2023-05-11T19:32:36.089+0000] {logging_mixin.py:137} INFO - [2023-05-11T19:32:36.089+0000] {dagbag.py:538} INFO - Filling up the DagBag from /home/airflow/.local/lib/python3.7/site-packages/airflow/example_dags/example_branch_operator_decorator.py
[2023-05-11T19:32:36.111+0000] {processor.py:753} INFO - DAG(s) dict_keys(['example_branch_python_operator_decorator']) retrieved from /home/airflow/.local/lib/python3.7/site-packages/airflow/example_dags/example_branch_operator_decorator.py
[2023-05-11T19:32:36.134+0000] {logging_mixin.py:137} INFO - [2023-05-11T19:32:36.134+0000] {dag.py:2690} INFO - Sync 1 DAGs
[2023-05-11T19:32:36.159+0000] {logging_mixin.py:137} INFO - [2023-05-11T19:32:36.159+0000] {dag.py:3441} INFO - Setting next_dagrun for example_branch_python_operator_decorator to 2023-05-10T00:00:00+00:00, run_after=2023-05-11T00:00:00+00:00
[2023-05-11T19:32:36.175+0000] {processor.py:175} INFO - Processing /home/airflow/.local/lib/python3.7/site-packages/airflow/example_dags/example_branch_operator_decorator.py took 0.089 seconds
[2023-05-11T19:33:06.523+0000] {processor.py:153} INFO - Started process (PID=3868) to work on /home/airflow/.local/lib/python3.7/site-packages/airflow/example_dags/example_branch_operator_decorator.py
[2023-05-11T19:33:06.524+0000] {processor.py:743} INFO - Processing file /home/airflow/.local/lib/python3.7/site-packages/airflow/example_dags/example_branch_operator_decorator.py for tasks to queue
[2023-05-11T19:33:06.525+0000] {logging_mixin.py:137} INFO - [2023-05-11T19:33:06.525+0000] {dagbag.py:538} INFO - Filling up the DagBag from /home/airflow/.local/lib/python3.7/site-packages/airflow/example_dags/example_branch_operator_decorator.py
[2023-05-11T19:33:06.548+0000] {processor.py:753} INFO - DAG(s) dict_keys(['example_branch_python_operator_decorator']) retrieved from /home/airflow/.local/lib/python3.7/site-packages/airflow/example_dags/example_branch_operator_decorator.py
[2023-05-11T19:33:06.571+0000] {logging_mixin.py:137} INFO - [2023-05-11T19:33:06.571+0000] {dag.py:2690} INFO - Sync 1 DAGs
[2023-05-11T19:33:06.593+0000] {logging_mixin.py:137} INFO - [2023-05-11T19:33:06.593+0000] {dag.py:3441} INFO - Setting next_dagrun for example_branch_python_operator_decorator to 2023-05-10T00:00:00+00:00, run_after=2023-05-11T00:00:00+00:00
[2023-05-11T19:33:06.609+0000] {processor.py:175} INFO - Processing /home/airflow/.local/lib/python3.7/site-packages/airflow/example_dags/example_branch_operator_decorator.py took 0.088 seconds
[2023-05-11T19:33:37.268+0000] {processor.py:153} INFO - Started process (PID=4118) to work on /home/airflow/.local/lib/python3.7/site-packages/airflow/example_dags/example_branch_operator_decorator.py
[2023-05-11T19:33:37.269+0000] {processor.py:743} INFO - Processing file /home/airflow/.local/lib/python3.7/site-packages/airflow/example_dags/example_branch_operator_decorator.py for tasks to queue
[2023-05-11T19:33:37.269+0000] {logging_mixin.py:137} INFO - [2023-05-11T19:33:37.269+0000] {dagbag.py:538} INFO - Filling up the DagBag from /home/airflow/.local/lib/python3.7/site-packages/airflow/example_dags/example_branch_operator_decorator.py
[2023-05-11T19:33:37.294+0000] {processor.py:753} INFO - DAG(s) dict_keys(['example_branch_python_operator_decorator']) retrieved from /home/airflow/.local/lib/python3.7/site-packages/airflow/example_dags/example_branch_operator_decorator.py
[2023-05-11T19:33:37.319+0000] {logging_mixin.py:137} INFO - [2023-05-11T19:33:37.319+0000] {dag.py:2690} INFO - Sync 1 DAGs
[2023-05-11T19:33:37.344+0000] {logging_mixin.py:137} INFO - [2023-05-11T19:33:37.343+0000] {dag.py:3441} INFO - Setting next_dagrun for example_branch_python_operator_decorator to 2023-05-10T00:00:00+00:00, run_after=2023-05-11T00:00:00+00:00
[2023-05-11T19:33:37.361+0000] {processor.py:175} INFO - Processing /home/airflow/.local/lib/python3.7/site-packages/airflow/example_dags/example_branch_operator_decorator.py took 0.097 seconds
[2023-05-11T19:35:10.964+0000] {processor.py:153} INFO - Started process (PID=274) to work on /home/airflow/.local/lib/python3.7/site-packages/airflow/example_dags/example_branch_operator_decorator.py
[2023-05-11T19:35:10.964+0000] {processor.py:743} INFO - Processing file /home/airflow/.local/lib/python3.7/site-packages/airflow/example_dags/example_branch_operator_decorator.py for tasks to queue
[2023-05-11T19:35:10.965+0000] {logging_mixin.py:137} INFO - [2023-05-11T19:35:10.965+0000] {dagbag.py:538} INFO - Filling up the DagBag from /home/airflow/.local/lib/python3.7/site-packages/airflow/example_dags/example_branch_operator_decorator.py
[2023-05-11T19:35:10.981+0000] {processor.py:753} INFO - DAG(s) dict_keys(['example_branch_python_operator_decorator']) retrieved from /home/airflow/.local/lib/python3.7/site-packages/airflow/example_dags/example_branch_operator_decorator.py
[2023-05-11T19:35:10.991+0000] {logging_mixin.py:137} INFO - [2023-05-11T19:35:10.991+0000] {dag.py:2690} INFO - Sync 1 DAGs
[2023-05-11T19:35:11.013+0000] {logging_mixin.py:137} INFO - [2023-05-11T19:35:11.013+0000] {dag.py:3441} INFO - Setting next_dagrun for example_branch_python_operator_decorator to 2023-05-10T00:00:00+00:00, run_after=2023-05-11T00:00:00+00:00
[2023-05-11T19:35:11.026+0000] {processor.py:175} INFO - Processing /home/airflow/.local/lib/python3.7/site-packages/airflow/example_dags/example_branch_operator_decorator.py took 0.064 seconds
[2023-05-11T19:35:41.800+0000] {processor.py:153} INFO - Started process (PID=506) to work on /home/airflow/.local/lib/python3.7/site-packages/airflow/example_dags/example_branch_operator_decorator.py
[2023-05-11T19:35:41.801+0000] {processor.py:743} INFO - Processing file /home/airflow/.local/lib/python3.7/site-packages/airflow/example_dags/example_branch_operator_decorator.py for tasks to queue
[2023-05-11T19:35:41.801+0000] {logging_mixin.py:137} INFO - [2023-05-11T19:35:41.801+0000] {dagbag.py:538} INFO - Filling up the DagBag from /home/airflow/.local/lib/python3.7/site-packages/airflow/example_dags/example_branch_operator_decorator.py
[2023-05-11T19:35:41.817+0000] {processor.py:753} INFO - DAG(s) dict_keys(['example_branch_python_operator_decorator']) retrieved from /home/airflow/.local/lib/python3.7/site-packages/airflow/example_dags/example_branch_operator_decorator.py
[2023-05-11T19:35:41.837+0000] {logging_mixin.py:137} INFO - [2023-05-11T19:35:41.837+0000] {dag.py:2690} INFO - Sync 1 DAGs
[2023-05-11T19:35:41.861+0000] {logging_mixin.py:137} INFO - [2023-05-11T19:35:41.861+0000] {dag.py:3441} INFO - Setting next_dagrun for example_branch_python_operator_decorator to 2023-05-10T00:00:00+00:00, run_after=2023-05-11T00:00:00+00:00
[2023-05-11T19:35:41.873+0000] {processor.py:175} INFO - Processing /home/airflow/.local/lib/python3.7/site-packages/airflow/example_dags/example_branch_operator_decorator.py took 0.075 seconds
