[2023-05-11T18:58:39.418+0000] {processor.py:153} INFO - Started process (PID=199) to work on /home/airflow/.local/lib/python3.7/site-packages/airflow/example_dags/example_skip_dag.py
[2023-05-11T18:58:39.418+0000] {processor.py:743} INFO - Processing file /home/airflow/.local/lib/python3.7/site-packages/airflow/example_dags/example_skip_dag.py for tasks to queue
[2023-05-11T18:58:39.419+0000] {logging_mixin.py:137} INFO - [2023-05-11T18:58:39.419+0000] {dagbag.py:538} INFO - Filling up the DagBag from /home/airflow/.local/lib/python3.7/site-packages/airflow/example_dags/example_skip_dag.py
[2023-05-11T18:58:39.429+0000] {processor.py:753} INFO - DAG(s) dict_keys(['example_skip_dag']) retrieved from /home/airflow/.local/lib/python3.7/site-packages/airflow/example_dags/example_skip_dag.py
[2023-05-11T18:58:39.437+0000] {logging_mixin.py:137} INFO - [2023-05-11T18:58:39.437+0000] {dag.py:2690} INFO - Sync 1 DAGs
[2023-05-11T18:58:39.454+0000] {logging_mixin.py:137} INFO - [2023-05-11T18:58:39.454+0000] {dag.py:3441} INFO - Setting next_dagrun for example_skip_dag to 2023-05-10T18:58:39.454551+00:00, run_after=2023-05-11T18:58:39.454551+00:00
[2023-05-11T18:58:39.467+0000] {processor.py:175} INFO - Processing /home/airflow/.local/lib/python3.7/site-packages/airflow/example_dags/example_skip_dag.py took 0.051 seconds
[2023-05-11T18:59:10.198+0000] {processor.py:153} INFO - Started process (PID=431) to work on /home/airflow/.local/lib/python3.7/site-packages/airflow/example_dags/example_skip_dag.py
[2023-05-11T18:59:10.198+0000] {processor.py:743} INFO - Processing file /home/airflow/.local/lib/python3.7/site-packages/airflow/example_dags/example_skip_dag.py for tasks to queue
[2023-05-11T18:59:10.199+0000] {logging_mixin.py:137} INFO - [2023-05-11T18:59:10.199+0000] {dagbag.py:538} INFO - Filling up the DagBag from /home/airflow/.local/lib/python3.7/site-packages/airflow/example_dags/example_skip_dag.py
[2023-05-11T18:59:10.207+0000] {processor.py:753} INFO - DAG(s) dict_keys(['example_skip_dag']) retrieved from /home/airflow/.local/lib/python3.7/site-packages/airflow/example_dags/example_skip_dag.py
[2023-05-11T18:59:10.230+0000] {logging_mixin.py:137} INFO - [2023-05-11T18:59:10.230+0000] {dag.py:2690} INFO - Sync 1 DAGs
[2023-05-11T18:59:10.253+0000] {logging_mixin.py:137} INFO - [2023-05-11T18:59:10.253+0000] {dag.py:3441} INFO - Setting next_dagrun for example_skip_dag to 2023-05-10T18:59:10.253603+00:00, run_after=2023-05-11T18:59:10.253603+00:00
[2023-05-11T18:59:10.267+0000] {processor.py:175} INFO - Processing /home/airflow/.local/lib/python3.7/site-packages/airflow/example_dags/example_skip_dag.py took 0.071 seconds
[2023-05-11T18:59:40.990+0000] {processor.py:153} INFO - Started process (PID=679) to work on /home/airflow/.local/lib/python3.7/site-packages/airflow/example_dags/example_skip_dag.py
[2023-05-11T18:59:40.991+0000] {processor.py:743} INFO - Processing file /home/airflow/.local/lib/python3.7/site-packages/airflow/example_dags/example_skip_dag.py for tasks to queue
[2023-05-11T18:59:40.991+0000] {logging_mixin.py:137} INFO - [2023-05-11T18:59:40.991+0000] {dagbag.py:538} INFO - Filling up the DagBag from /home/airflow/.local/lib/python3.7/site-packages/airflow/example_dags/example_skip_dag.py
[2023-05-11T18:59:40.999+0000] {processor.py:753} INFO - DAG(s) dict_keys(['example_skip_dag']) retrieved from /home/airflow/.local/lib/python3.7/site-packages/airflow/example_dags/example_skip_dag.py
[2023-05-11T18:59:41.016+0000] {logging_mixin.py:137} INFO - [2023-05-11T18:59:41.016+0000] {dag.py:2690} INFO - Sync 1 DAGs
[2023-05-11T18:59:41.033+0000] {logging_mixin.py:137} INFO - [2023-05-11T18:59:41.033+0000] {dag.py:3441} INFO - Setting next_dagrun for example_skip_dag to 2023-05-10T18:59:41.033625+00:00, run_after=2023-05-11T18:59:41.033625+00:00
[2023-05-11T18:59:41.045+0000] {processor.py:175} INFO - Processing /home/airflow/.local/lib/python3.7/site-packages/airflow/example_dags/example_skip_dag.py took 0.057 seconds
[2023-05-11T19:00:11.978+0000] {processor.py:153} INFO - Started process (PID=911) to work on /home/airflow/.local/lib/python3.7/site-packages/airflow/example_dags/example_skip_dag.py
[2023-05-11T19:00:11.978+0000] {processor.py:743} INFO - Processing file /home/airflow/.local/lib/python3.7/site-packages/airflow/example_dags/example_skip_dag.py for tasks to queue
[2023-05-11T19:00:11.979+0000] {logging_mixin.py:137} INFO - [2023-05-11T19:00:11.979+0000] {dagbag.py:538} INFO - Filling up the DagBag from /home/airflow/.local/lib/python3.7/site-packages/airflow/example_dags/example_skip_dag.py
[2023-05-11T19:00:11.988+0000] {processor.py:753} INFO - DAG(s) dict_keys(['example_skip_dag']) retrieved from /home/airflow/.local/lib/python3.7/site-packages/airflow/example_dags/example_skip_dag.py
[2023-05-11T19:00:12.006+0000] {logging_mixin.py:137} INFO - [2023-05-11T19:00:12.006+0000] {dag.py:2690} INFO - Sync 1 DAGs
[2023-05-11T19:00:12.024+0000] {logging_mixin.py:137} INFO - [2023-05-11T19:00:12.024+0000] {dag.py:3441} INFO - Setting next_dagrun for example_skip_dag to 2023-05-10T19:00:12.024276+00:00, run_after=2023-05-11T19:00:12.024276+00:00
[2023-05-11T19:00:12.035+0000] {processor.py:175} INFO - Processing /home/airflow/.local/lib/python3.7/site-packages/airflow/example_dags/example_skip_dag.py took 0.059 seconds
[2023-05-11T19:00:42.329+0000] {processor.py:153} INFO - Started process (PID=1160) to work on /home/airflow/.local/lib/python3.7/site-packages/airflow/example_dags/example_skip_dag.py
[2023-05-11T19:00:42.330+0000] {processor.py:743} INFO - Processing file /home/airflow/.local/lib/python3.7/site-packages/airflow/example_dags/example_skip_dag.py for tasks to queue
[2023-05-11T19:00:42.331+0000] {logging_mixin.py:137} INFO - [2023-05-11T19:00:42.330+0000] {dagbag.py:538} INFO - Filling up the DagBag from /home/airflow/.local/lib/python3.7/site-packages/airflow/example_dags/example_skip_dag.py
[2023-05-11T19:00:42.342+0000] {processor.py:753} INFO - DAG(s) dict_keys(['example_skip_dag']) retrieved from /home/airflow/.local/lib/python3.7/site-packages/airflow/example_dags/example_skip_dag.py
[2023-05-11T19:00:42.365+0000] {logging_mixin.py:137} INFO - [2023-05-11T19:00:42.365+0000] {dag.py:2690} INFO - Sync 1 DAGs
[2023-05-11T19:00:42.394+0000] {logging_mixin.py:137} INFO - [2023-05-11T19:00:42.394+0000] {dag.py:3441} INFO - Setting next_dagrun for example_skip_dag to 2023-05-10T19:00:42.393911+00:00, run_after=2023-05-11T19:00:42.393911+00:00
[2023-05-11T19:00:42.419+0000] {processor.py:175} INFO - Processing /home/airflow/.local/lib/python3.7/site-packages/airflow/example_dags/example_skip_dag.py took 0.093 seconds
[2023-05-11T19:01:12.782+0000] {processor.py:153} INFO - Started process (PID=1402) to work on /home/airflow/.local/lib/python3.7/site-packages/airflow/example_dags/example_skip_dag.py
[2023-05-11T19:01:12.783+0000] {processor.py:743} INFO - Processing file /home/airflow/.local/lib/python3.7/site-packages/airflow/example_dags/example_skip_dag.py for tasks to queue
[2023-05-11T19:01:12.783+0000] {logging_mixin.py:137} INFO - [2023-05-11T19:01:12.783+0000] {dagbag.py:538} INFO - Filling up the DagBag from /home/airflow/.local/lib/python3.7/site-packages/airflow/example_dags/example_skip_dag.py
[2023-05-11T19:01:12.792+0000] {processor.py:753} INFO - DAG(s) dict_keys(['example_skip_dag']) retrieved from /home/airflow/.local/lib/python3.7/site-packages/airflow/example_dags/example_skip_dag.py
[2023-05-11T19:01:12.809+0000] {logging_mixin.py:137} INFO - [2023-05-11T19:01:12.809+0000] {dag.py:2690} INFO - Sync 1 DAGs
[2023-05-11T19:01:12.826+0000] {logging_mixin.py:137} INFO - [2023-05-11T19:01:12.826+0000] {dag.py:3441} INFO - Setting next_dagrun for example_skip_dag to 2023-05-10T19:01:12.826535+00:00, run_after=2023-05-11T19:01:12.826535+00:00
[2023-05-11T19:01:12.838+0000] {processor.py:175} INFO - Processing /home/airflow/.local/lib/python3.7/site-packages/airflow/example_dags/example_skip_dag.py took 0.058 seconds
[2023-05-11T19:01:43.288+0000] {processor.py:153} INFO - Started process (PID=1641) to work on /home/airflow/.local/lib/python3.7/site-packages/airflow/example_dags/example_skip_dag.py
[2023-05-11T19:01:43.289+0000] {processor.py:743} INFO - Processing file /home/airflow/.local/lib/python3.7/site-packages/airflow/example_dags/example_skip_dag.py for tasks to queue
[2023-05-11T19:01:43.289+0000] {logging_mixin.py:137} INFO - [2023-05-11T19:01:43.289+0000] {dagbag.py:538} INFO - Filling up the DagBag from /home/airflow/.local/lib/python3.7/site-packages/airflow/example_dags/example_skip_dag.py
[2023-05-11T19:01:43.301+0000] {processor.py:753} INFO - DAG(s) dict_keys(['example_skip_dag']) retrieved from /home/airflow/.local/lib/python3.7/site-packages/airflow/example_dags/example_skip_dag.py
[2023-05-11T19:01:43.323+0000] {logging_mixin.py:137} INFO - [2023-05-11T19:01:43.323+0000] {dag.py:2690} INFO - Sync 1 DAGs
[2023-05-11T19:01:43.349+0000] {logging_mixin.py:137} INFO - [2023-05-11T19:01:43.348+0000] {dag.py:3441} INFO - Setting next_dagrun for example_skip_dag to 2023-05-10T19:01:43.348718+00:00, run_after=2023-05-11T19:01:43.348718+00:00
[2023-05-11T19:01:43.364+0000] {processor.py:175} INFO - Processing /home/airflow/.local/lib/python3.7/site-packages/airflow/example_dags/example_skip_dag.py took 0.079 seconds
[2023-05-11T19:02:13.998+0000] {processor.py:153} INFO - Started process (PID=1889) to work on /home/airflow/.local/lib/python3.7/site-packages/airflow/example_dags/example_skip_dag.py
[2023-05-11T19:02:13.998+0000] {processor.py:743} INFO - Processing file /home/airflow/.local/lib/python3.7/site-packages/airflow/example_dags/example_skip_dag.py for tasks to queue
[2023-05-11T19:02:13.999+0000] {logging_mixin.py:137} INFO - [2023-05-11T19:02:13.999+0000] {dagbag.py:538} INFO - Filling up the DagBag from /home/airflow/.local/lib/python3.7/site-packages/airflow/example_dags/example_skip_dag.py
[2023-05-11T19:02:14.018+0000] {processor.py:753} INFO - DAG(s) dict_keys(['example_skip_dag']) retrieved from /home/airflow/.local/lib/python3.7/site-packages/airflow/example_dags/example_skip_dag.py
[2023-05-11T19:02:14.057+0000] {logging_mixin.py:137} INFO - [2023-05-11T19:02:14.057+0000] {dag.py:2690} INFO - Sync 1 DAGs
[2023-05-11T19:02:14.093+0000] {logging_mixin.py:137} INFO - [2023-05-11T19:02:14.093+0000] {dag.py:3441} INFO - Setting next_dagrun for example_skip_dag to 2023-05-10T19:02:14.093040+00:00, run_after=2023-05-11T19:02:14.093040+00:00
[2023-05-11T19:02:14.119+0000] {processor.py:175} INFO - Processing /home/airflow/.local/lib/python3.7/site-packages/airflow/example_dags/example_skip_dag.py took 0.126 seconds
[2023-05-11T19:03:24.168+0000] {processor.py:153} INFO - Started process (PID=190) to work on /home/airflow/.local/lib/python3.7/site-packages/airflow/example_dags/example_skip_dag.py
[2023-05-11T19:03:24.168+0000] {processor.py:743} INFO - Processing file /home/airflow/.local/lib/python3.7/site-packages/airflow/example_dags/example_skip_dag.py for tasks to queue
[2023-05-11T19:03:24.169+0000] {logging_mixin.py:137} INFO - [2023-05-11T19:03:24.169+0000] {dagbag.py:538} INFO - Filling up the DagBag from /home/airflow/.local/lib/python3.7/site-packages/airflow/example_dags/example_skip_dag.py
[2023-05-11T19:03:24.177+0000] {processor.py:753} INFO - DAG(s) dict_keys(['example_skip_dag']) retrieved from /home/airflow/.local/lib/python3.7/site-packages/airflow/example_dags/example_skip_dag.py
[2023-05-11T19:03:24.186+0000] {logging_mixin.py:137} INFO - [2023-05-11T19:03:24.186+0000] {dag.py:2690} INFO - Sync 1 DAGs
[2023-05-11T19:03:24.202+0000] {logging_mixin.py:137} INFO - [2023-05-11T19:03:24.202+0000] {dag.py:3441} INFO - Setting next_dagrun for example_skip_dag to 2023-05-10T19:03:24.202462+00:00, run_after=2023-05-11T19:03:24.202462+00:00
[2023-05-11T19:03:24.217+0000] {processor.py:175} INFO - Processing /home/airflow/.local/lib/python3.7/site-packages/airflow/example_dags/example_skip_dag.py took 0.051 seconds
[2023-05-11T19:03:54.618+0000] {processor.py:153} INFO - Started process (PID=431) to work on /home/airflow/.local/lib/python3.7/site-packages/airflow/example_dags/example_skip_dag.py
[2023-05-11T19:03:54.619+0000] {processor.py:743} INFO - Processing file /home/airflow/.local/lib/python3.7/site-packages/airflow/example_dags/example_skip_dag.py for tasks to queue
[2023-05-11T19:03:54.620+0000] {logging_mixin.py:137} INFO - [2023-05-11T19:03:54.619+0000] {dagbag.py:538} INFO - Filling up the DagBag from /home/airflow/.local/lib/python3.7/site-packages/airflow/example_dags/example_skip_dag.py
[2023-05-11T19:03:54.630+0000] {processor.py:753} INFO - DAG(s) dict_keys(['example_skip_dag']) retrieved from /home/airflow/.local/lib/python3.7/site-packages/airflow/example_dags/example_skip_dag.py
[2023-05-11T19:03:54.653+0000] {logging_mixin.py:137} INFO - [2023-05-11T19:03:54.653+0000] {dag.py:2690} INFO - Sync 1 DAGs
[2023-05-11T19:03:54.675+0000] {logging_mixin.py:137} INFO - [2023-05-11T19:03:54.675+0000] {dag.py:3441} INFO - Setting next_dagrun for example_skip_dag to 2023-05-10T19:03:54.675609+00:00, run_after=2023-05-11T19:03:54.675609+00:00
[2023-05-11T19:03:54.691+0000] {processor.py:175} INFO - Processing /home/airflow/.local/lib/python3.7/site-packages/airflow/example_dags/example_skip_dag.py took 0.075 seconds
[2023-05-11T19:04:25.073+0000] {processor.py:153} INFO - Started process (PID=672) to work on /home/airflow/.local/lib/python3.7/site-packages/airflow/example_dags/example_skip_dag.py
[2023-05-11T19:04:25.073+0000] {processor.py:743} INFO - Processing file /home/airflow/.local/lib/python3.7/site-packages/airflow/example_dags/example_skip_dag.py for tasks to queue
[2023-05-11T19:04:25.074+0000] {logging_mixin.py:137} INFO - [2023-05-11T19:04:25.074+0000] {dagbag.py:538} INFO - Filling up the DagBag from /home/airflow/.local/lib/python3.7/site-packages/airflow/example_dags/example_skip_dag.py
[2023-05-11T19:04:25.088+0000] {processor.py:753} INFO - DAG(s) dict_keys(['example_skip_dag']) retrieved from /home/airflow/.local/lib/python3.7/site-packages/airflow/example_dags/example_skip_dag.py
[2023-05-11T19:04:25.118+0000] {logging_mixin.py:137} INFO - [2023-05-11T19:04:25.118+0000] {dag.py:2690} INFO - Sync 1 DAGs
[2023-05-11T19:04:25.144+0000] {logging_mixin.py:137} INFO - [2023-05-11T19:04:25.144+0000] {dag.py:3441} INFO - Setting next_dagrun for example_skip_dag to 2023-05-10T19:04:25.144445+00:00, run_after=2023-05-11T19:04:25.144445+00:00
[2023-05-11T19:04:25.161+0000] {processor.py:175} INFO - Processing /home/airflow/.local/lib/python3.7/site-packages/airflow/example_dags/example_skip_dag.py took 0.091 seconds
[2023-05-11T19:04:55.805+0000] {processor.py:153} INFO - Started process (PID=911) to work on /home/airflow/.local/lib/python3.7/site-packages/airflow/example_dags/example_skip_dag.py
[2023-05-11T19:04:55.805+0000] {processor.py:743} INFO - Processing file /home/airflow/.local/lib/python3.7/site-packages/airflow/example_dags/example_skip_dag.py for tasks to queue
[2023-05-11T19:04:55.806+0000] {logging_mixin.py:137} INFO - [2023-05-11T19:04:55.806+0000] {dagbag.py:538} INFO - Filling up the DagBag from /home/airflow/.local/lib/python3.7/site-packages/airflow/example_dags/example_skip_dag.py
[2023-05-11T19:04:55.818+0000] {processor.py:753} INFO - DAG(s) dict_keys(['example_skip_dag']) retrieved from /home/airflow/.local/lib/python3.7/site-packages/airflow/example_dags/example_skip_dag.py
[2023-05-11T19:04:55.841+0000] {logging_mixin.py:137} INFO - [2023-05-11T19:04:55.841+0000] {dag.py:2690} INFO - Sync 1 DAGs
[2023-05-11T19:04:55.868+0000] {logging_mixin.py:137} INFO - [2023-05-11T19:04:55.868+0000] {dag.py:3441} INFO - Setting next_dagrun for example_skip_dag to 2023-05-10T19:04:55.868609+00:00, run_after=2023-05-11T19:04:55.868609+00:00
[2023-05-11T19:04:55.884+0000] {processor.py:175} INFO - Processing /home/airflow/.local/lib/python3.7/site-packages/airflow/example_dags/example_skip_dag.py took 0.082 seconds
[2023-05-11T19:05:26.162+0000] {processor.py:153} INFO - Started process (PID=1152) to work on /home/airflow/.local/lib/python3.7/site-packages/airflow/example_dags/example_skip_dag.py
[2023-05-11T19:05:26.162+0000] {processor.py:743} INFO - Processing file /home/airflow/.local/lib/python3.7/site-packages/airflow/example_dags/example_skip_dag.py for tasks to queue
[2023-05-11T19:05:26.163+0000] {logging_mixin.py:137} INFO - [2023-05-11T19:05:26.163+0000] {dagbag.py:538} INFO - Filling up the DagBag from /home/airflow/.local/lib/python3.7/site-packages/airflow/example_dags/example_skip_dag.py
[2023-05-11T19:05:26.174+0000] {processor.py:753} INFO - DAG(s) dict_keys(['example_skip_dag']) retrieved from /home/airflow/.local/lib/python3.7/site-packages/airflow/example_dags/example_skip_dag.py
[2023-05-11T19:05:26.198+0000] {logging_mixin.py:137} INFO - [2023-05-11T19:05:26.198+0000] {dag.py:2690} INFO - Sync 1 DAGs
[2023-05-11T19:05:26.227+0000] {logging_mixin.py:137} INFO - [2023-05-11T19:05:26.227+0000] {dag.py:3441} INFO - Setting next_dagrun for example_skip_dag to 2023-05-10T19:05:26.227394+00:00, run_after=2023-05-11T19:05:26.227394+00:00
[2023-05-11T19:05:26.250+0000] {processor.py:175} INFO - Processing /home/airflow/.local/lib/python3.7/site-packages/airflow/example_dags/example_skip_dag.py took 0.090 seconds
[2023-05-11T19:05:56.311+0000] {processor.py:153} INFO - Started process (PID=1391) to work on /home/airflow/.local/lib/python3.7/site-packages/airflow/example_dags/example_skip_dag.py
[2023-05-11T19:05:56.311+0000] {processor.py:743} INFO - Processing file /home/airflow/.local/lib/python3.7/site-packages/airflow/example_dags/example_skip_dag.py for tasks to queue
[2023-05-11T19:05:56.312+0000] {logging_mixin.py:137} INFO - [2023-05-11T19:05:56.312+0000] {dagbag.py:538} INFO - Filling up the DagBag from /home/airflow/.local/lib/python3.7/site-packages/airflow/example_dags/example_skip_dag.py
[2023-05-11T19:05:56.323+0000] {processor.py:753} INFO - DAG(s) dict_keys(['example_skip_dag']) retrieved from /home/airflow/.local/lib/python3.7/site-packages/airflow/example_dags/example_skip_dag.py
[2023-05-11T19:05:56.346+0000] {logging_mixin.py:137} INFO - [2023-05-11T19:05:56.346+0000] {dag.py:2690} INFO - Sync 1 DAGs
[2023-05-11T19:05:56.368+0000] {logging_mixin.py:137} INFO - [2023-05-11T19:05:56.368+0000] {dag.py:3441} INFO - Setting next_dagrun for example_skip_dag to 2023-05-10T19:05:56.368331+00:00, run_after=2023-05-11T19:05:56.368331+00:00
[2023-05-11T19:05:56.384+0000] {processor.py:175} INFO - Processing /home/airflow/.local/lib/python3.7/site-packages/airflow/example_dags/example_skip_dag.py took 0.076 seconds
[2023-05-11T19:06:26.416+0000] {processor.py:153} INFO - Started process (PID=1632) to work on /home/airflow/.local/lib/python3.7/site-packages/airflow/example_dags/example_skip_dag.py
[2023-05-11T19:06:26.417+0000] {processor.py:743} INFO - Processing file /home/airflow/.local/lib/python3.7/site-packages/airflow/example_dags/example_skip_dag.py for tasks to queue
[2023-05-11T19:06:26.418+0000] {logging_mixin.py:137} INFO - [2023-05-11T19:06:26.418+0000] {dagbag.py:538} INFO - Filling up the DagBag from /home/airflow/.local/lib/python3.7/site-packages/airflow/example_dags/example_skip_dag.py
[2023-05-11T19:06:26.435+0000] {processor.py:753} INFO - DAG(s) dict_keys(['example_skip_dag']) retrieved from /home/airflow/.local/lib/python3.7/site-packages/airflow/example_dags/example_skip_dag.py
[2023-05-11T19:06:26.468+0000] {logging_mixin.py:137} INFO - [2023-05-11T19:06:26.468+0000] {dag.py:2690} INFO - Sync 1 DAGs
[2023-05-11T19:06:26.501+0000] {logging_mixin.py:137} INFO - [2023-05-11T19:06:26.501+0000] {dag.py:3441} INFO - Setting next_dagrun for example_skip_dag to 2023-05-10T19:06:26.501421+00:00, run_after=2023-05-11T19:06:26.501421+00:00
[2023-05-11T19:06:26.525+0000] {processor.py:175} INFO - Processing /home/airflow/.local/lib/python3.7/site-packages/airflow/example_dags/example_skip_dag.py took 0.113 seconds
[2023-05-11T19:06:57.069+0000] {processor.py:153} INFO - Started process (PID=1871) to work on /home/airflow/.local/lib/python3.7/site-packages/airflow/example_dags/example_skip_dag.py
[2023-05-11T19:06:57.070+0000] {processor.py:743} INFO - Processing file /home/airflow/.local/lib/python3.7/site-packages/airflow/example_dags/example_skip_dag.py for tasks to queue
[2023-05-11T19:06:57.070+0000] {logging_mixin.py:137} INFO - [2023-05-11T19:06:57.070+0000] {dagbag.py:538} INFO - Filling up the DagBag from /home/airflow/.local/lib/python3.7/site-packages/airflow/example_dags/example_skip_dag.py
[2023-05-11T19:06:57.082+0000] {processor.py:753} INFO - DAG(s) dict_keys(['example_skip_dag']) retrieved from /home/airflow/.local/lib/python3.7/site-packages/airflow/example_dags/example_skip_dag.py
[2023-05-11T19:06:57.104+0000] {logging_mixin.py:137} INFO - [2023-05-11T19:06:57.104+0000] {dag.py:2690} INFO - Sync 1 DAGs
[2023-05-11T19:06:57.128+0000] {logging_mixin.py:137} INFO - [2023-05-11T19:06:57.128+0000] {dag.py:3441} INFO - Setting next_dagrun for example_skip_dag to 2023-05-10T19:06:57.128249+00:00, run_after=2023-05-11T19:06:57.128249+00:00
[2023-05-11T19:06:57.144+0000] {processor.py:175} INFO - Processing /home/airflow/.local/lib/python3.7/site-packages/airflow/example_dags/example_skip_dag.py took 0.077 seconds
[2023-05-11T19:07:27.501+0000] {processor.py:153} INFO - Started process (PID=2112) to work on /home/airflow/.local/lib/python3.7/site-packages/airflow/example_dags/example_skip_dag.py
[2023-05-11T19:07:27.502+0000] {processor.py:743} INFO - Processing file /home/airflow/.local/lib/python3.7/site-packages/airflow/example_dags/example_skip_dag.py for tasks to queue
[2023-05-11T19:07:27.502+0000] {logging_mixin.py:137} INFO - [2023-05-11T19:07:27.502+0000] {dagbag.py:538} INFO - Filling up the DagBag from /home/airflow/.local/lib/python3.7/site-packages/airflow/example_dags/example_skip_dag.py
[2023-05-11T19:07:27.516+0000] {processor.py:753} INFO - DAG(s) dict_keys(['example_skip_dag']) retrieved from /home/airflow/.local/lib/python3.7/site-packages/airflow/example_dags/example_skip_dag.py
[2023-05-11T19:07:27.539+0000] {logging_mixin.py:137} INFO - [2023-05-11T19:07:27.539+0000] {dag.py:2690} INFO - Sync 1 DAGs
[2023-05-11T19:07:27.561+0000] {logging_mixin.py:137} INFO - [2023-05-11T19:07:27.560+0000] {dag.py:3441} INFO - Setting next_dagrun for example_skip_dag to 2023-05-10T19:07:27.560748+00:00, run_after=2023-05-11T19:07:27.560748+00:00
[2023-05-11T19:07:27.580+0000] {processor.py:175} INFO - Processing /home/airflow/.local/lib/python3.7/site-packages/airflow/example_dags/example_skip_dag.py took 0.083 seconds
[2023-05-11T19:07:58.006+0000] {processor.py:153} INFO - Started process (PID=2352) to work on /home/airflow/.local/lib/python3.7/site-packages/airflow/example_dags/example_skip_dag.py
[2023-05-11T19:07:58.006+0000] {processor.py:743} INFO - Processing file /home/airflow/.local/lib/python3.7/site-packages/airflow/example_dags/example_skip_dag.py for tasks to queue
[2023-05-11T19:07:58.007+0000] {logging_mixin.py:137} INFO - [2023-05-11T19:07:58.007+0000] {dagbag.py:538} INFO - Filling up the DagBag from /home/airflow/.local/lib/python3.7/site-packages/airflow/example_dags/example_skip_dag.py
[2023-05-11T19:07:58.023+0000] {processor.py:753} INFO - DAG(s) dict_keys(['example_skip_dag']) retrieved from /home/airflow/.local/lib/python3.7/site-packages/airflow/example_dags/example_skip_dag.py
[2023-05-11T19:07:58.065+0000] {logging_mixin.py:137} INFO - [2023-05-11T19:07:58.065+0000] {dag.py:2690} INFO - Sync 1 DAGs
[2023-05-11T19:07:58.088+0000] {logging_mixin.py:137} INFO - [2023-05-11T19:07:58.087+0000] {dag.py:3441} INFO - Setting next_dagrun for example_skip_dag to 2023-05-10T19:07:58.087690+00:00, run_after=2023-05-11T19:07:58.087690+00:00
[2023-05-11T19:07:58.104+0000] {processor.py:175} INFO - Processing /home/airflow/.local/lib/python3.7/site-packages/airflow/example_dags/example_skip_dag.py took 0.102 seconds
[2023-05-11T19:09:20.913+0000] {processor.py:153} INFO - Started process (PID=200) to work on /home/airflow/.local/lib/python3.7/site-packages/airflow/example_dags/example_skip_dag.py
[2023-05-11T19:09:20.913+0000] {processor.py:743} INFO - Processing file /home/airflow/.local/lib/python3.7/site-packages/airflow/example_dags/example_skip_dag.py for tasks to queue
[2023-05-11T19:09:20.913+0000] {logging_mixin.py:137} INFO - [2023-05-11T19:09:20.913+0000] {dagbag.py:538} INFO - Filling up the DagBag from /home/airflow/.local/lib/python3.7/site-packages/airflow/example_dags/example_skip_dag.py
[2023-05-11T19:09:20.924+0000] {processor.py:753} INFO - DAG(s) dict_keys(['example_skip_dag']) retrieved from /home/airflow/.local/lib/python3.7/site-packages/airflow/example_dags/example_skip_dag.py
[2023-05-11T19:09:20.933+0000] {logging_mixin.py:137} INFO - [2023-05-11T19:09:20.933+0000] {dag.py:2690} INFO - Sync 1 DAGs
[2023-05-11T19:09:20.950+0000] {logging_mixin.py:137} INFO - [2023-05-11T19:09:20.949+0000] {dag.py:3441} INFO - Setting next_dagrun for example_skip_dag to 2023-05-10T19:09:20.949835+00:00, run_after=2023-05-11T19:09:20.949835+00:00
[2023-05-11T19:09:20.964+0000] {processor.py:175} INFO - Processing /home/airflow/.local/lib/python3.7/site-packages/airflow/example_dags/example_skip_dag.py took 0.053 seconds
[2023-05-11T19:09:51.705+0000] {processor.py:153} INFO - Started process (PID=432) to work on /home/airflow/.local/lib/python3.7/site-packages/airflow/example_dags/example_skip_dag.py
[2023-05-11T19:09:51.705+0000] {processor.py:743} INFO - Processing file /home/airflow/.local/lib/python3.7/site-packages/airflow/example_dags/example_skip_dag.py for tasks to queue
[2023-05-11T19:09:51.706+0000] {logging_mixin.py:137} INFO - [2023-05-11T19:09:51.706+0000] {dagbag.py:538} INFO - Filling up the DagBag from /home/airflow/.local/lib/python3.7/site-packages/airflow/example_dags/example_skip_dag.py
[2023-05-11T19:09:51.716+0000] {processor.py:753} INFO - DAG(s) dict_keys(['example_skip_dag']) retrieved from /home/airflow/.local/lib/python3.7/site-packages/airflow/example_dags/example_skip_dag.py
[2023-05-11T19:09:51.737+0000] {logging_mixin.py:137} INFO - [2023-05-11T19:09:51.737+0000] {dag.py:2690} INFO - Sync 1 DAGs
[2023-05-11T19:09:51.757+0000] {logging_mixin.py:137} INFO - [2023-05-11T19:09:51.757+0000] {dag.py:3441} INFO - Setting next_dagrun for example_skip_dag to 2023-05-10T19:09:51.757358+00:00, run_after=2023-05-11T19:09:51.757358+00:00
[2023-05-11T19:09:51.783+0000] {processor.py:175} INFO - Processing /home/airflow/.local/lib/python3.7/site-packages/airflow/example_dags/example_skip_dag.py took 0.080 seconds
[2023-05-11T19:10:21.896+0000] {processor.py:153} INFO - Started process (PID=682) to work on /home/airflow/.local/lib/python3.7/site-packages/airflow/example_dags/example_skip_dag.py
[2023-05-11T19:10:21.896+0000] {processor.py:743} INFO - Processing file /home/airflow/.local/lib/python3.7/site-packages/airflow/example_dags/example_skip_dag.py for tasks to queue
[2023-05-11T19:10:21.897+0000] {logging_mixin.py:137} INFO - [2023-05-11T19:10:21.897+0000] {dagbag.py:538} INFO - Filling up the DagBag from /home/airflow/.local/lib/python3.7/site-packages/airflow/example_dags/example_skip_dag.py
[2023-05-11T19:10:21.908+0000] {processor.py:753} INFO - DAG(s) dict_keys(['example_skip_dag']) retrieved from /home/airflow/.local/lib/python3.7/site-packages/airflow/example_dags/example_skip_dag.py
[2023-05-11T19:10:21.938+0000] {logging_mixin.py:137} INFO - [2023-05-11T19:10:21.938+0000] {dag.py:2690} INFO - Sync 1 DAGs
[2023-05-11T19:10:21.962+0000] {logging_mixin.py:137} INFO - [2023-05-11T19:10:21.962+0000] {dag.py:3441} INFO - Setting next_dagrun for example_skip_dag to 2023-05-10T19:10:21.962466+00:00, run_after=2023-05-11T19:10:21.962466+00:00
[2023-05-11T19:10:21.978+0000] {processor.py:175} INFO - Processing /home/airflow/.local/lib/python3.7/site-packages/airflow/example_dags/example_skip_dag.py took 0.085 seconds
[2023-05-11T19:10:52.040+0000] {processor.py:153} INFO - Started process (PID=914) to work on /home/airflow/.local/lib/python3.7/site-packages/airflow/example_dags/example_skip_dag.py
[2023-05-11T19:10:52.041+0000] {processor.py:743} INFO - Processing file /home/airflow/.local/lib/python3.7/site-packages/airflow/example_dags/example_skip_dag.py for tasks to queue
[2023-05-11T19:10:52.042+0000] {logging_mixin.py:137} INFO - [2023-05-11T19:10:52.041+0000] {dagbag.py:538} INFO - Filling up the DagBag from /home/airflow/.local/lib/python3.7/site-packages/airflow/example_dags/example_skip_dag.py
[2023-05-11T19:10:52.061+0000] {processor.py:753} INFO - DAG(s) dict_keys(['example_skip_dag']) retrieved from /home/airflow/.local/lib/python3.7/site-packages/airflow/example_dags/example_skip_dag.py
[2023-05-11T19:10:52.094+0000] {logging_mixin.py:137} INFO - [2023-05-11T19:10:52.094+0000] {dag.py:2690} INFO - Sync 1 DAGs
[2023-05-11T19:10:52.120+0000] {logging_mixin.py:137} INFO - [2023-05-11T19:10:52.120+0000] {dag.py:3441} INFO - Setting next_dagrun for example_skip_dag to 2023-05-10T19:10:52.120187+00:00, run_after=2023-05-11T19:10:52.120187+00:00
[2023-05-11T19:10:52.139+0000] {processor.py:175} INFO - Processing /home/airflow/.local/lib/python3.7/site-packages/airflow/example_dags/example_skip_dag.py took 0.102 seconds
[2023-05-11T19:11:22.399+0000] {processor.py:153} INFO - Started process (PID=1160) to work on /home/airflow/.local/lib/python3.7/site-packages/airflow/example_dags/example_skip_dag.py
[2023-05-11T19:11:22.400+0000] {processor.py:743} INFO - Processing file /home/airflow/.local/lib/python3.7/site-packages/airflow/example_dags/example_skip_dag.py for tasks to queue
[2023-05-11T19:11:22.400+0000] {logging_mixin.py:137} INFO - [2023-05-11T19:11:22.400+0000] {dagbag.py:538} INFO - Filling up the DagBag from /home/airflow/.local/lib/python3.7/site-packages/airflow/example_dags/example_skip_dag.py
[2023-05-11T19:11:22.411+0000] {processor.py:753} INFO - DAG(s) dict_keys(['example_skip_dag']) retrieved from /home/airflow/.local/lib/python3.7/site-packages/airflow/example_dags/example_skip_dag.py
[2023-05-11T19:11:22.432+0000] {logging_mixin.py:137} INFO - [2023-05-11T19:11:22.432+0000] {dag.py:2690} INFO - Sync 1 DAGs
[2023-05-11T19:11:22.451+0000] {logging_mixin.py:137} INFO - [2023-05-11T19:11:22.451+0000] {dag.py:3441} INFO - Setting next_dagrun for example_skip_dag to 2023-05-10T19:11:22.450970+00:00, run_after=2023-05-11T19:11:22.450970+00:00
[2023-05-11T19:11:22.464+0000] {processor.py:175} INFO - Processing /home/airflow/.local/lib/python3.7/site-packages/airflow/example_dags/example_skip_dag.py took 0.067 seconds
[2023-05-11T19:14:00.071+0000] {processor.py:153} INFO - Started process (PID=201) to work on /home/airflow/.local/lib/python3.7/site-packages/airflow/example_dags/example_skip_dag.py
[2023-05-11T19:14:00.072+0000] {processor.py:743} INFO - Processing file /home/airflow/.local/lib/python3.7/site-packages/airflow/example_dags/example_skip_dag.py for tasks to queue
[2023-05-11T19:14:00.073+0000] {logging_mixin.py:137} INFO - [2023-05-11T19:14:00.072+0000] {dagbag.py:538} INFO - Filling up the DagBag from /home/airflow/.local/lib/python3.7/site-packages/airflow/example_dags/example_skip_dag.py
[2023-05-11T19:14:00.086+0000] {processor.py:753} INFO - DAG(s) dict_keys(['example_skip_dag']) retrieved from /home/airflow/.local/lib/python3.7/site-packages/airflow/example_dags/example_skip_dag.py
[2023-05-11T19:14:00.101+0000] {logging_mixin.py:137} INFO - [2023-05-11T19:14:00.101+0000] {dag.py:2690} INFO - Sync 1 DAGs
[2023-05-11T19:14:00.125+0000] {logging_mixin.py:137} INFO - [2023-05-11T19:14:00.125+0000] {dag.py:3441} INFO - Setting next_dagrun for example_skip_dag to 2023-05-10T19:14:00.125110+00:00, run_after=2023-05-11T19:14:00.125110+00:00
[2023-05-11T19:14:00.136+0000] {processor.py:175} INFO - Processing /home/airflow/.local/lib/python3.7/site-packages/airflow/example_dags/example_skip_dag.py took 0.067 seconds
[2023-05-11T19:14:30.998+0000] {processor.py:153} INFO - Started process (PID=433) to work on /home/airflow/.local/lib/python3.7/site-packages/airflow/example_dags/example_skip_dag.py
[2023-05-11T19:14:30.998+0000] {processor.py:743} INFO - Processing file /home/airflow/.local/lib/python3.7/site-packages/airflow/example_dags/example_skip_dag.py for tasks to queue
[2023-05-11T19:14:30.999+0000] {logging_mixin.py:137} INFO - [2023-05-11T19:14:30.999+0000] {dagbag.py:538} INFO - Filling up the DagBag from /home/airflow/.local/lib/python3.7/site-packages/airflow/example_dags/example_skip_dag.py
[2023-05-11T19:14:31.012+0000] {processor.py:753} INFO - DAG(s) dict_keys(['example_skip_dag']) retrieved from /home/airflow/.local/lib/python3.7/site-packages/airflow/example_dags/example_skip_dag.py
[2023-05-11T19:14:31.036+0000] {logging_mixin.py:137} INFO - [2023-05-11T19:14:31.036+0000] {dag.py:2690} INFO - Sync 1 DAGs
[2023-05-11T19:14:31.059+0000] {logging_mixin.py:137} INFO - [2023-05-11T19:14:31.059+0000] {dag.py:3441} INFO - Setting next_dagrun for example_skip_dag to 2023-05-10T19:14:31.059035+00:00, run_after=2023-05-11T19:14:31.059035+00:00
[2023-05-11T19:14:31.075+0000] {processor.py:175} INFO - Processing /home/airflow/.local/lib/python3.7/site-packages/airflow/example_dags/example_skip_dag.py took 0.081 seconds
[2023-05-11T19:15:01.271+0000] {processor.py:153} INFO - Started process (PID=681) to work on /home/airflow/.local/lib/python3.7/site-packages/airflow/example_dags/example_skip_dag.py
[2023-05-11T19:15:01.272+0000] {processor.py:743} INFO - Processing file /home/airflow/.local/lib/python3.7/site-packages/airflow/example_dags/example_skip_dag.py for tasks to queue
[2023-05-11T19:15:01.272+0000] {logging_mixin.py:137} INFO - [2023-05-11T19:15:01.272+0000] {dagbag.py:538} INFO - Filling up the DagBag from /home/airflow/.local/lib/python3.7/site-packages/airflow/example_dags/example_skip_dag.py
[2023-05-11T19:15:01.281+0000] {processor.py:753} INFO - DAG(s) dict_keys(['example_skip_dag']) retrieved from /home/airflow/.local/lib/python3.7/site-packages/airflow/example_dags/example_skip_dag.py
[2023-05-11T19:15:01.303+0000] {logging_mixin.py:137} INFO - [2023-05-11T19:15:01.302+0000] {dag.py:2690} INFO - Sync 1 DAGs
[2023-05-11T19:15:01.319+0000] {logging_mixin.py:137} INFO - [2023-05-11T19:15:01.319+0000] {dag.py:3441} INFO - Setting next_dagrun for example_skip_dag to 2023-05-10T19:15:01.319333+00:00, run_after=2023-05-11T19:15:01.319333+00:00
[2023-05-11T19:15:01.331+0000] {processor.py:175} INFO - Processing /home/airflow/.local/lib/python3.7/site-packages/airflow/example_dags/example_skip_dag.py took 0.062 seconds
[2023-05-11T19:15:32.260+0000] {processor.py:153} INFO - Started process (PID=913) to work on /home/airflow/.local/lib/python3.7/site-packages/airflow/example_dags/example_skip_dag.py
[2023-05-11T19:15:32.260+0000] {processor.py:743} INFO - Processing file /home/airflow/.local/lib/python3.7/site-packages/airflow/example_dags/example_skip_dag.py for tasks to queue
[2023-05-11T19:15:32.261+0000] {logging_mixin.py:137} INFO - [2023-05-11T19:15:32.261+0000] {dagbag.py:538} INFO - Filling up the DagBag from /home/airflow/.local/lib/python3.7/site-packages/airflow/example_dags/example_skip_dag.py
[2023-05-11T19:15:32.273+0000] {processor.py:753} INFO - DAG(s) dict_keys(['example_skip_dag']) retrieved from /home/airflow/.local/lib/python3.7/site-packages/airflow/example_dags/example_skip_dag.py
[2023-05-11T19:15:32.298+0000] {logging_mixin.py:137} INFO - [2023-05-11T19:15:32.298+0000] {dag.py:2690} INFO - Sync 1 DAGs
[2023-05-11T19:15:32.329+0000] {logging_mixin.py:137} INFO - [2023-05-11T19:15:32.329+0000] {dag.py:3441} INFO - Setting next_dagrun for example_skip_dag to 2023-05-10T19:15:32.328829+00:00, run_after=2023-05-11T19:15:32.328829+00:00
[2023-05-11T19:15:32.349+0000] {processor.py:175} INFO - Processing /home/airflow/.local/lib/python3.7/site-packages/airflow/example_dags/example_skip_dag.py took 0.092 seconds
[2023-05-11T19:16:02.528+0000] {processor.py:153} INFO - Started process (PID=1159) to work on /home/airflow/.local/lib/python3.7/site-packages/airflow/example_dags/example_skip_dag.py
[2023-05-11T19:16:02.529+0000] {processor.py:743} INFO - Processing file /home/airflow/.local/lib/python3.7/site-packages/airflow/example_dags/example_skip_dag.py for tasks to queue
[2023-05-11T19:16:02.530+0000] {logging_mixin.py:137} INFO - [2023-05-11T19:16:02.530+0000] {dagbag.py:538} INFO - Filling up the DagBag from /home/airflow/.local/lib/python3.7/site-packages/airflow/example_dags/example_skip_dag.py
[2023-05-11T19:16:02.541+0000] {processor.py:753} INFO - DAG(s) dict_keys(['example_skip_dag']) retrieved from /home/airflow/.local/lib/python3.7/site-packages/airflow/example_dags/example_skip_dag.py
[2023-05-11T19:16:02.565+0000] {logging_mixin.py:137} INFO - [2023-05-11T19:16:02.565+0000] {dag.py:2690} INFO - Sync 1 DAGs
[2023-05-11T19:16:02.589+0000] {logging_mixin.py:137} INFO - [2023-05-11T19:16:02.588+0000] {dag.py:3441} INFO - Setting next_dagrun for example_skip_dag to 2023-05-10T19:16:02.588729+00:00, run_after=2023-05-11T19:16:02.588729+00:00
[2023-05-11T19:16:02.605+0000] {processor.py:175} INFO - Processing /home/airflow/.local/lib/python3.7/site-packages/airflow/example_dags/example_skip_dag.py took 0.079 seconds
[2023-05-11T19:16:32.963+0000] {processor.py:153} INFO - Started process (PID=1391) to work on /home/airflow/.local/lib/python3.7/site-packages/airflow/example_dags/example_skip_dag.py
[2023-05-11T19:16:32.963+0000] {processor.py:743} INFO - Processing file /home/airflow/.local/lib/python3.7/site-packages/airflow/example_dags/example_skip_dag.py for tasks to queue
[2023-05-11T19:16:32.964+0000] {logging_mixin.py:137} INFO - [2023-05-11T19:16:32.964+0000] {dagbag.py:538} INFO - Filling up the DagBag from /home/airflow/.local/lib/python3.7/site-packages/airflow/example_dags/example_skip_dag.py
[2023-05-11T19:16:32.974+0000] {processor.py:753} INFO - DAG(s) dict_keys(['example_skip_dag']) retrieved from /home/airflow/.local/lib/python3.7/site-packages/airflow/example_dags/example_skip_dag.py
[2023-05-11T19:16:32.997+0000] {logging_mixin.py:137} INFO - [2023-05-11T19:16:32.997+0000] {dag.py:2690} INFO - Sync 1 DAGs
[2023-05-11T19:16:33.019+0000] {logging_mixin.py:137} INFO - [2023-05-11T19:16:33.018+0000] {dag.py:3441} INFO - Setting next_dagrun for example_skip_dag to 2023-05-10T19:16:33.018701+00:00, run_after=2023-05-11T19:16:33.018701+00:00
[2023-05-11T19:16:33.037+0000] {processor.py:175} INFO - Processing /home/airflow/.local/lib/python3.7/site-packages/airflow/example_dags/example_skip_dag.py took 0.077 seconds
[2023-05-11T19:17:03.077+0000] {processor.py:153} INFO - Started process (PID=1636) to work on /home/airflow/.local/lib/python3.7/site-packages/airflow/example_dags/example_skip_dag.py
[2023-05-11T19:17:03.080+0000] {processor.py:743} INFO - Processing file /home/airflow/.local/lib/python3.7/site-packages/airflow/example_dags/example_skip_dag.py for tasks to queue
[2023-05-11T19:17:03.080+0000] {logging_mixin.py:137} INFO - [2023-05-11T19:17:03.080+0000] {dagbag.py:538} INFO - Filling up the DagBag from /home/airflow/.local/lib/python3.7/site-packages/airflow/example_dags/example_skip_dag.py
[2023-05-11T19:17:03.093+0000] {processor.py:753} INFO - DAG(s) dict_keys(['example_skip_dag']) retrieved from /home/airflow/.local/lib/python3.7/site-packages/airflow/example_dags/example_skip_dag.py
[2023-05-11T19:17:03.111+0000] {logging_mixin.py:137} INFO - [2023-05-11T19:17:03.111+0000] {dag.py:2690} INFO - Sync 1 DAGs
[2023-05-11T19:17:03.125+0000] {logging_mixin.py:137} INFO - [2023-05-11T19:17:03.125+0000] {dag.py:3441} INFO - Setting next_dagrun for example_skip_dag to 2023-05-10T19:17:03.125354+00:00, run_after=2023-05-11T19:17:03.125354+00:00
[2023-05-11T19:17:03.135+0000] {processor.py:175} INFO - Processing /home/airflow/.local/lib/python3.7/site-packages/airflow/example_dags/example_skip_dag.py took 0.061 seconds
[2023-05-11T19:17:33.259+0000] {processor.py:153} INFO - Started process (PID=1877) to work on /home/airflow/.local/lib/python3.7/site-packages/airflow/example_dags/example_skip_dag.py
[2023-05-11T19:17:33.260+0000] {processor.py:743} INFO - Processing file /home/airflow/.local/lib/python3.7/site-packages/airflow/example_dags/example_skip_dag.py for tasks to queue
[2023-05-11T19:17:33.261+0000] {logging_mixin.py:137} INFO - [2023-05-11T19:17:33.260+0000] {dagbag.py:538} INFO - Filling up the DagBag from /home/airflow/.local/lib/python3.7/site-packages/airflow/example_dags/example_skip_dag.py
[2023-05-11T19:17:33.277+0000] {processor.py:753} INFO - DAG(s) dict_keys(['example_skip_dag']) retrieved from /home/airflow/.local/lib/python3.7/site-packages/airflow/example_dags/example_skip_dag.py
[2023-05-11T19:17:33.301+0000] {logging_mixin.py:137} INFO - [2023-05-11T19:17:33.301+0000] {dag.py:2690} INFO - Sync 1 DAGs
[2023-05-11T19:17:33.322+0000] {logging_mixin.py:137} INFO - [2023-05-11T19:17:33.322+0000] {dag.py:3441} INFO - Setting next_dagrun for example_skip_dag to 2023-05-10T19:17:33.322549+00:00, run_after=2023-05-11T19:17:33.322549+00:00
[2023-05-11T19:17:33.340+0000] {processor.py:175} INFO - Processing /home/airflow/.local/lib/python3.7/site-packages/airflow/example_dags/example_skip_dag.py took 0.084 seconds
[2023-05-11T19:18:03.953+0000] {processor.py:153} INFO - Started process (PID=2126) to work on /home/airflow/.local/lib/python3.7/site-packages/airflow/example_dags/example_skip_dag.py
[2023-05-11T19:18:03.954+0000] {processor.py:743} INFO - Processing file /home/airflow/.local/lib/python3.7/site-packages/airflow/example_dags/example_skip_dag.py for tasks to queue
[2023-05-11T19:18:03.954+0000] {logging_mixin.py:137} INFO - [2023-05-11T19:18:03.954+0000] {dagbag.py:538} INFO - Filling up the DagBag from /home/airflow/.local/lib/python3.7/site-packages/airflow/example_dags/example_skip_dag.py
[2023-05-11T19:18:03.962+0000] {processor.py:753} INFO - DAG(s) dict_keys(['example_skip_dag']) retrieved from /home/airflow/.local/lib/python3.7/site-packages/airflow/example_dags/example_skip_dag.py
[2023-05-11T19:18:03.980+0000] {logging_mixin.py:137} INFO - [2023-05-11T19:18:03.980+0000] {dag.py:2690} INFO - Sync 1 DAGs
[2023-05-11T19:18:03.996+0000] {logging_mixin.py:137} INFO - [2023-05-11T19:18:03.996+0000] {dag.py:3441} INFO - Setting next_dagrun for example_skip_dag to 2023-05-10T19:18:03.996198+00:00, run_after=2023-05-11T19:18:03.996198+00:00
[2023-05-11T19:18:04.007+0000] {processor.py:175} INFO - Processing /home/airflow/.local/lib/python3.7/site-packages/airflow/example_dags/example_skip_dag.py took 0.056 seconds
[2023-05-11T19:18:34.892+0000] {processor.py:153} INFO - Started process (PID=2366) to work on /home/airflow/.local/lib/python3.7/site-packages/airflow/example_dags/example_skip_dag.py
[2023-05-11T19:18:34.893+0000] {processor.py:743} INFO - Processing file /home/airflow/.local/lib/python3.7/site-packages/airflow/example_dags/example_skip_dag.py for tasks to queue
[2023-05-11T19:18:34.894+0000] {logging_mixin.py:137} INFO - [2023-05-11T19:18:34.894+0000] {dagbag.py:538} INFO - Filling up the DagBag from /home/airflow/.local/lib/python3.7/site-packages/airflow/example_dags/example_skip_dag.py
[2023-05-11T19:18:34.907+0000] {processor.py:753} INFO - DAG(s) dict_keys(['example_skip_dag']) retrieved from /home/airflow/.local/lib/python3.7/site-packages/airflow/example_dags/example_skip_dag.py
[2023-05-11T19:18:34.929+0000] {logging_mixin.py:137} INFO - [2023-05-11T19:18:34.929+0000] {dag.py:2690} INFO - Sync 1 DAGs
[2023-05-11T19:18:34.952+0000] {logging_mixin.py:137} INFO - [2023-05-11T19:18:34.952+0000] {dag.py:3441} INFO - Setting next_dagrun for example_skip_dag to 2023-05-10T19:18:34.951950+00:00, run_after=2023-05-11T19:18:34.951950+00:00
[2023-05-11T19:18:34.968+0000] {processor.py:175} INFO - Processing /home/airflow/.local/lib/python3.7/site-packages/airflow/example_dags/example_skip_dag.py took 0.079 seconds
[2023-05-11T19:19:05.640+0000] {processor.py:153} INFO - Started process (PID=2607) to work on /home/airflow/.local/lib/python3.7/site-packages/airflow/example_dags/example_skip_dag.py
[2023-05-11T19:19:05.641+0000] {processor.py:743} INFO - Processing file /home/airflow/.local/lib/python3.7/site-packages/airflow/example_dags/example_skip_dag.py for tasks to queue
[2023-05-11T19:19:05.642+0000] {logging_mixin.py:137} INFO - [2023-05-11T19:19:05.642+0000] {dagbag.py:538} INFO - Filling up the DagBag from /home/airflow/.local/lib/python3.7/site-packages/airflow/example_dags/example_skip_dag.py
[2023-05-11T19:19:05.655+0000] {processor.py:753} INFO - DAG(s) dict_keys(['example_skip_dag']) retrieved from /home/airflow/.local/lib/python3.7/site-packages/airflow/example_dags/example_skip_dag.py
[2023-05-11T19:19:05.684+0000] {logging_mixin.py:137} INFO - [2023-05-11T19:19:05.683+0000] {dag.py:2690} INFO - Sync 1 DAGs
[2023-05-11T19:19:05.708+0000] {logging_mixin.py:137} INFO - [2023-05-11T19:19:05.708+0000] {dag.py:3441} INFO - Setting next_dagrun for example_skip_dag to 2023-05-10T19:19:05.707883+00:00, run_after=2023-05-11T19:19:05.707883+00:00
[2023-05-11T19:19:05.725+0000] {processor.py:175} INFO - Processing /home/airflow/.local/lib/python3.7/site-packages/airflow/example_dags/example_skip_dag.py took 0.088 seconds
[2023-05-11T19:19:36.016+0000] {processor.py:153} INFO - Started process (PID=2846) to work on /home/airflow/.local/lib/python3.7/site-packages/airflow/example_dags/example_skip_dag.py
[2023-05-11T19:19:36.017+0000] {processor.py:743} INFO - Processing file /home/airflow/.local/lib/python3.7/site-packages/airflow/example_dags/example_skip_dag.py for tasks to queue
[2023-05-11T19:19:36.017+0000] {logging_mixin.py:137} INFO - [2023-05-11T19:19:36.017+0000] {dagbag.py:538} INFO - Filling up the DagBag from /home/airflow/.local/lib/python3.7/site-packages/airflow/example_dags/example_skip_dag.py
[2023-05-11T19:19:36.034+0000] {processor.py:753} INFO - DAG(s) dict_keys(['example_skip_dag']) retrieved from /home/airflow/.local/lib/python3.7/site-packages/airflow/example_dags/example_skip_dag.py
[2023-05-11T19:19:36.060+0000] {logging_mixin.py:137} INFO - [2023-05-11T19:19:36.060+0000] {dag.py:2690} INFO - Sync 1 DAGs
[2023-05-11T19:19:36.082+0000] {logging_mixin.py:137} INFO - [2023-05-11T19:19:36.082+0000] {dag.py:3441} INFO - Setting next_dagrun for example_skip_dag to 2023-05-10T19:19:36.082244+00:00, run_after=2023-05-11T19:19:36.082244+00:00
[2023-05-11T19:19:36.099+0000] {processor.py:175} INFO - Processing /home/airflow/.local/lib/python3.7/site-packages/airflow/example_dags/example_skip_dag.py took 0.087 seconds
[2023-05-11T19:20:06.792+0000] {processor.py:153} INFO - Started process (PID=3087) to work on /home/airflow/.local/lib/python3.7/site-packages/airflow/example_dags/example_skip_dag.py
[2023-05-11T19:20:06.792+0000] {processor.py:743} INFO - Processing file /home/airflow/.local/lib/python3.7/site-packages/airflow/example_dags/example_skip_dag.py for tasks to queue
[2023-05-11T19:20:06.793+0000] {logging_mixin.py:137} INFO - [2023-05-11T19:20:06.793+0000] {dagbag.py:538} INFO - Filling up the DagBag from /home/airflow/.local/lib/python3.7/site-packages/airflow/example_dags/example_skip_dag.py
[2023-05-11T19:20:06.803+0000] {processor.py:753} INFO - DAG(s) dict_keys(['example_skip_dag']) retrieved from /home/airflow/.local/lib/python3.7/site-packages/airflow/example_dags/example_skip_dag.py
[2023-05-11T19:20:06.826+0000] {logging_mixin.py:137} INFO - [2023-05-11T19:20:06.826+0000] {dag.py:2690} INFO - Sync 1 DAGs
[2023-05-11T19:20:06.849+0000] {logging_mixin.py:137} INFO - [2023-05-11T19:20:06.849+0000] {dag.py:3441} INFO - Setting next_dagrun for example_skip_dag to 2023-05-10T19:20:06.849484+00:00, run_after=2023-05-11T19:20:06.849484+00:00
[2023-05-11T19:20:06.867+0000] {processor.py:175} INFO - Processing /home/airflow/.local/lib/python3.7/site-packages/airflow/example_dags/example_skip_dag.py took 0.078 seconds
[2023-05-11T19:20:37.173+0000] {processor.py:153} INFO - Started process (PID=3328) to work on /home/airflow/.local/lib/python3.7/site-packages/airflow/example_dags/example_skip_dag.py
[2023-05-11T19:20:37.173+0000] {processor.py:743} INFO - Processing file /home/airflow/.local/lib/python3.7/site-packages/airflow/example_dags/example_skip_dag.py for tasks to queue
[2023-05-11T19:20:37.174+0000] {logging_mixin.py:137} INFO - [2023-05-11T19:20:37.174+0000] {dagbag.py:538} INFO - Filling up the DagBag from /home/airflow/.local/lib/python3.7/site-packages/airflow/example_dags/example_skip_dag.py
[2023-05-11T19:20:37.187+0000] {processor.py:753} INFO - DAG(s) dict_keys(['example_skip_dag']) retrieved from /home/airflow/.local/lib/python3.7/site-packages/airflow/example_dags/example_skip_dag.py
[2023-05-11T19:20:37.207+0000] {logging_mixin.py:137} INFO - [2023-05-11T19:20:37.207+0000] {dag.py:2690} INFO - Sync 1 DAGs
[2023-05-11T19:20:37.226+0000] {logging_mixin.py:137} INFO - [2023-05-11T19:20:37.226+0000] {dag.py:3441} INFO - Setting next_dagrun for example_skip_dag to 2023-05-10T19:20:37.226188+00:00, run_after=2023-05-11T19:20:37.226188+00:00
[2023-05-11T19:20:37.240+0000] {processor.py:175} INFO - Processing /home/airflow/.local/lib/python3.7/site-packages/airflow/example_dags/example_skip_dag.py took 0.070 seconds
[2023-05-11T19:21:07.644+0000] {processor.py:153} INFO - Started process (PID=3567) to work on /home/airflow/.local/lib/python3.7/site-packages/airflow/example_dags/example_skip_dag.py
[2023-05-11T19:21:07.644+0000] {processor.py:743} INFO - Processing file /home/airflow/.local/lib/python3.7/site-packages/airflow/example_dags/example_skip_dag.py for tasks to queue
[2023-05-11T19:21:07.645+0000] {logging_mixin.py:137} INFO - [2023-05-11T19:21:07.645+0000] {dagbag.py:538} INFO - Filling up the DagBag from /home/airflow/.local/lib/python3.7/site-packages/airflow/example_dags/example_skip_dag.py
[2023-05-11T19:21:07.654+0000] {processor.py:753} INFO - DAG(s) dict_keys(['example_skip_dag']) retrieved from /home/airflow/.local/lib/python3.7/site-packages/airflow/example_dags/example_skip_dag.py
[2023-05-11T19:21:07.674+0000] {logging_mixin.py:137} INFO - [2023-05-11T19:21:07.674+0000] {dag.py:2690} INFO - Sync 1 DAGs
[2023-05-11T19:21:07.692+0000] {logging_mixin.py:137} INFO - [2023-05-11T19:21:07.692+0000] {dag.py:3441} INFO - Setting next_dagrun for example_skip_dag to 2023-05-10T19:21:07.692195+00:00, run_after=2023-05-11T19:21:07.692195+00:00
[2023-05-11T19:21:07.706+0000] {processor.py:175} INFO - Processing /home/airflow/.local/lib/python3.7/site-packages/airflow/example_dags/example_skip_dag.py took 0.064 seconds
[2023-05-11T19:21:38.105+0000] {processor.py:153} INFO - Started process (PID=3808) to work on /home/airflow/.local/lib/python3.7/site-packages/airflow/example_dags/example_skip_dag.py
[2023-05-11T19:21:38.105+0000] {processor.py:743} INFO - Processing file /home/airflow/.local/lib/python3.7/site-packages/airflow/example_dags/example_skip_dag.py for tasks to queue
[2023-05-11T19:21:38.106+0000] {logging_mixin.py:137} INFO - [2023-05-11T19:21:38.106+0000] {dagbag.py:538} INFO - Filling up the DagBag from /home/airflow/.local/lib/python3.7/site-packages/airflow/example_dags/example_skip_dag.py
[2023-05-11T19:21:38.123+0000] {processor.py:753} INFO - DAG(s) dict_keys(['example_skip_dag']) retrieved from /home/airflow/.local/lib/python3.7/site-packages/airflow/example_dags/example_skip_dag.py
[2023-05-11T19:21:38.155+0000] {logging_mixin.py:137} INFO - [2023-05-11T19:21:38.155+0000] {dag.py:2690} INFO - Sync 1 DAGs
[2023-05-11T19:21:38.189+0000] {logging_mixin.py:137} INFO - [2023-05-11T19:21:38.189+0000] {dag.py:3441} INFO - Setting next_dagrun for example_skip_dag to 2023-05-10T19:21:38.188855+00:00, run_after=2023-05-11T19:21:38.188855+00:00
[2023-05-11T19:21:38.212+0000] {processor.py:175} INFO - Processing /home/airflow/.local/lib/python3.7/site-packages/airflow/example_dags/example_skip_dag.py took 0.110 seconds
[2023-05-11T19:22:08.567+0000] {processor.py:153} INFO - Started process (PID=4047) to work on /home/airflow/.local/lib/python3.7/site-packages/airflow/example_dags/example_skip_dag.py
[2023-05-11T19:22:08.567+0000] {processor.py:743} INFO - Processing file /home/airflow/.local/lib/python3.7/site-packages/airflow/example_dags/example_skip_dag.py for tasks to queue
[2023-05-11T19:22:08.568+0000] {logging_mixin.py:137} INFO - [2023-05-11T19:22:08.568+0000] {dagbag.py:538} INFO - Filling up the DagBag from /home/airflow/.local/lib/python3.7/site-packages/airflow/example_dags/example_skip_dag.py
[2023-05-11T19:22:08.579+0000] {processor.py:753} INFO - DAG(s) dict_keys(['example_skip_dag']) retrieved from /home/airflow/.local/lib/python3.7/site-packages/airflow/example_dags/example_skip_dag.py
[2023-05-11T19:22:08.601+0000] {logging_mixin.py:137} INFO - [2023-05-11T19:22:08.601+0000] {dag.py:2690} INFO - Sync 1 DAGs
[2023-05-11T19:22:08.624+0000] {logging_mixin.py:137} INFO - [2023-05-11T19:22:08.624+0000] {dag.py:3441} INFO - Setting next_dagrun for example_skip_dag to 2023-05-10T19:22:08.624211+00:00, run_after=2023-05-11T19:22:08.624211+00:00
[2023-05-11T19:22:08.640+0000] {processor.py:175} INFO - Processing /home/airflow/.local/lib/python3.7/site-packages/airflow/example_dags/example_skip_dag.py took 0.075 seconds
[2023-05-11T19:22:38.732+0000] {processor.py:153} INFO - Started process (PID=4289) to work on /home/airflow/.local/lib/python3.7/site-packages/airflow/example_dags/example_skip_dag.py
[2023-05-11T19:22:38.732+0000] {processor.py:743} INFO - Processing file /home/airflow/.local/lib/python3.7/site-packages/airflow/example_dags/example_skip_dag.py for tasks to queue
[2023-05-11T19:22:38.733+0000] {logging_mixin.py:137} INFO - [2023-05-11T19:22:38.733+0000] {dagbag.py:538} INFO - Filling up the DagBag from /home/airflow/.local/lib/python3.7/site-packages/airflow/example_dags/example_skip_dag.py
[2023-05-11T19:22:38.748+0000] {processor.py:753} INFO - DAG(s) dict_keys(['example_skip_dag']) retrieved from /home/airflow/.local/lib/python3.7/site-packages/airflow/example_dags/example_skip_dag.py
[2023-05-11T19:22:38.770+0000] {logging_mixin.py:137} INFO - [2023-05-11T19:22:38.770+0000] {dag.py:2690} INFO - Sync 1 DAGs
[2023-05-11T19:22:38.793+0000] {logging_mixin.py:137} INFO - [2023-05-11T19:22:38.793+0000] {dag.py:3441} INFO - Setting next_dagrun for example_skip_dag to 2023-05-10T19:22:38.792814+00:00, run_after=2023-05-11T19:22:38.792814+00:00
[2023-05-11T19:22:38.810+0000] {processor.py:175} INFO - Processing /home/airflow/.local/lib/python3.7/site-packages/airflow/example_dags/example_skip_dag.py took 0.082 seconds
[2023-05-11T19:23:09.394+0000] {processor.py:153} INFO - Started process (PID=4528) to work on /home/airflow/.local/lib/python3.7/site-packages/airflow/example_dags/example_skip_dag.py
[2023-05-11T19:23:09.395+0000] {processor.py:743} INFO - Processing file /home/airflow/.local/lib/python3.7/site-packages/airflow/example_dags/example_skip_dag.py for tasks to queue
[2023-05-11T19:23:09.396+0000] {logging_mixin.py:137} INFO - [2023-05-11T19:23:09.395+0000] {dagbag.py:538} INFO - Filling up the DagBag from /home/airflow/.local/lib/python3.7/site-packages/airflow/example_dags/example_skip_dag.py
[2023-05-11T19:23:09.407+0000] {processor.py:753} INFO - DAG(s) dict_keys(['example_skip_dag']) retrieved from /home/airflow/.local/lib/python3.7/site-packages/airflow/example_dags/example_skip_dag.py
[2023-05-11T19:23:09.429+0000] {logging_mixin.py:137} INFO - [2023-05-11T19:23:09.429+0000] {dag.py:2690} INFO - Sync 1 DAGs
[2023-05-11T19:23:09.451+0000] {logging_mixin.py:137} INFO - [2023-05-11T19:23:09.451+0000] {dag.py:3441} INFO - Setting next_dagrun for example_skip_dag to 2023-05-10T19:23:09.451112+00:00, run_after=2023-05-11T19:23:09.451112+00:00
[2023-05-11T19:23:09.467+0000] {processor.py:175} INFO - Processing /home/airflow/.local/lib/python3.7/site-packages/airflow/example_dags/example_skip_dag.py took 0.075 seconds
[2023-05-11T19:23:39.887+0000] {processor.py:153} INFO - Started process (PID=4770) to work on /home/airflow/.local/lib/python3.7/site-packages/airflow/example_dags/example_skip_dag.py
[2023-05-11T19:23:39.889+0000] {processor.py:743} INFO - Processing file /home/airflow/.local/lib/python3.7/site-packages/airflow/example_dags/example_skip_dag.py for tasks to queue
[2023-05-11T19:23:39.890+0000] {logging_mixin.py:137} INFO - [2023-05-11T19:23:39.890+0000] {dagbag.py:538} INFO - Filling up the DagBag from /home/airflow/.local/lib/python3.7/site-packages/airflow/example_dags/example_skip_dag.py
[2023-05-11T19:23:39.909+0000] {processor.py:753} INFO - DAG(s) dict_keys(['example_skip_dag']) retrieved from /home/airflow/.local/lib/python3.7/site-packages/airflow/example_dags/example_skip_dag.py
[2023-05-11T19:23:39.939+0000] {logging_mixin.py:137} INFO - [2023-05-11T19:23:39.938+0000] {dag.py:2690} INFO - Sync 1 DAGs
[2023-05-11T19:23:39.973+0000] {logging_mixin.py:137} INFO - [2023-05-11T19:23:39.973+0000] {dag.py:3441} INFO - Setting next_dagrun for example_skip_dag to 2023-05-10T19:23:39.972963+00:00, run_after=2023-05-11T19:23:39.972963+00:00
[2023-05-11T19:23:39.990+0000] {processor.py:175} INFO - Processing /home/airflow/.local/lib/python3.7/site-packages/airflow/example_dags/example_skip_dag.py took 0.107 seconds
[2023-05-11T19:24:10.176+0000] {processor.py:153} INFO - Started process (PID=5009) to work on /home/airflow/.local/lib/python3.7/site-packages/airflow/example_dags/example_skip_dag.py
[2023-05-11T19:24:10.177+0000] {processor.py:743} INFO - Processing file /home/airflow/.local/lib/python3.7/site-packages/airflow/example_dags/example_skip_dag.py for tasks to queue
[2023-05-11T19:24:10.177+0000] {logging_mixin.py:137} INFO - [2023-05-11T19:24:10.177+0000] {dagbag.py:538} INFO - Filling up the DagBag from /home/airflow/.local/lib/python3.7/site-packages/airflow/example_dags/example_skip_dag.py
[2023-05-11T19:24:10.188+0000] {processor.py:753} INFO - DAG(s) dict_keys(['example_skip_dag']) retrieved from /home/airflow/.local/lib/python3.7/site-packages/airflow/example_dags/example_skip_dag.py
[2023-05-11T19:24:10.210+0000] {logging_mixin.py:137} INFO - [2023-05-11T19:24:10.210+0000] {dag.py:2690} INFO - Sync 1 DAGs
[2023-05-11T19:24:10.233+0000] {logging_mixin.py:137} INFO - [2023-05-11T19:24:10.233+0000] {dag.py:3441} INFO - Setting next_dagrun for example_skip_dag to 2023-05-10T19:24:10.232986+00:00, run_after=2023-05-11T19:24:10.232986+00:00
[2023-05-11T19:24:10.249+0000] {processor.py:175} INFO - Processing /home/airflow/.local/lib/python3.7/site-packages/airflow/example_dags/example_skip_dag.py took 0.075 seconds
[2023-05-11T19:24:40.806+0000] {processor.py:153} INFO - Started process (PID=5257) to work on /home/airflow/.local/lib/python3.7/site-packages/airflow/example_dags/example_skip_dag.py
[2023-05-11T19:24:40.807+0000] {processor.py:743} INFO - Processing file /home/airflow/.local/lib/python3.7/site-packages/airflow/example_dags/example_skip_dag.py for tasks to queue
[2023-05-11T19:24:40.807+0000] {logging_mixin.py:137} INFO - [2023-05-11T19:24:40.807+0000] {dagbag.py:538} INFO - Filling up the DagBag from /home/airflow/.local/lib/python3.7/site-packages/airflow/example_dags/example_skip_dag.py
[2023-05-11T19:24:40.820+0000] {processor.py:753} INFO - DAG(s) dict_keys(['example_skip_dag']) retrieved from /home/airflow/.local/lib/python3.7/site-packages/airflow/example_dags/example_skip_dag.py
[2023-05-11T19:24:40.838+0000] {logging_mixin.py:137} INFO - [2023-05-11T19:24:40.838+0000] {dag.py:2690} INFO - Sync 1 DAGs
[2023-05-11T19:24:40.855+0000] {logging_mixin.py:137} INFO - [2023-05-11T19:24:40.855+0000] {dag.py:3441} INFO - Setting next_dagrun for example_skip_dag to 2023-05-10T19:24:40.855352+00:00, run_after=2023-05-11T19:24:40.855352+00:00
[2023-05-11T19:24:40.868+0000] {processor.py:175} INFO - Processing /home/airflow/.local/lib/python3.7/site-packages/airflow/example_dags/example_skip_dag.py took 0.065 seconds
[2023-05-11T19:25:27.031+0000] {processor.py:153} INFO - Started process (PID=192) to work on /home/airflow/.local/lib/python3.7/site-packages/airflow/example_dags/example_skip_dag.py
[2023-05-11T19:25:27.032+0000] {processor.py:743} INFO - Processing file /home/airflow/.local/lib/python3.7/site-packages/airflow/example_dags/example_skip_dag.py for tasks to queue
[2023-05-11T19:25:27.033+0000] {logging_mixin.py:137} INFO - [2023-05-11T19:25:27.033+0000] {dagbag.py:538} INFO - Filling up the DagBag from /home/airflow/.local/lib/python3.7/site-packages/airflow/example_dags/example_skip_dag.py
[2023-05-11T19:25:27.062+0000] {processor.py:753} INFO - DAG(s) dict_keys(['example_skip_dag']) retrieved from /home/airflow/.local/lib/python3.7/site-packages/airflow/example_dags/example_skip_dag.py
[2023-05-11T19:25:27.080+0000] {logging_mixin.py:137} INFO - [2023-05-11T19:25:27.080+0000] {dag.py:2690} INFO - Sync 1 DAGs
[2023-05-11T19:25:27.098+0000] {logging_mixin.py:137} INFO - [2023-05-11T19:25:27.098+0000] {dag.py:3441} INFO - Setting next_dagrun for example_skip_dag to 2023-05-10T19:25:27.098281+00:00, run_after=2023-05-11T19:25:27.098281+00:00
[2023-05-11T19:25:27.113+0000] {processor.py:175} INFO - Processing /home/airflow/.local/lib/python3.7/site-packages/airflow/example_dags/example_skip_dag.py took 0.084 seconds
[2023-05-11T19:25:57.610+0000] {processor.py:153} INFO - Started process (PID=431) to work on /home/airflow/.local/lib/python3.7/site-packages/airflow/example_dags/example_skip_dag.py
[2023-05-11T19:25:57.611+0000] {processor.py:743} INFO - Processing file /home/airflow/.local/lib/python3.7/site-packages/airflow/example_dags/example_skip_dag.py for tasks to queue
[2023-05-11T19:25:57.611+0000] {logging_mixin.py:137} INFO - [2023-05-11T19:25:57.611+0000] {dagbag.py:538} INFO - Filling up the DagBag from /home/airflow/.local/lib/python3.7/site-packages/airflow/example_dags/example_skip_dag.py
[2023-05-11T19:25:57.619+0000] {processor.py:753} INFO - DAG(s) dict_keys(['example_skip_dag']) retrieved from /home/airflow/.local/lib/python3.7/site-packages/airflow/example_dags/example_skip_dag.py
[2023-05-11T19:25:57.637+0000] {logging_mixin.py:137} INFO - [2023-05-11T19:25:57.636+0000] {dag.py:2690} INFO - Sync 1 DAGs
[2023-05-11T19:25:57.651+0000] {logging_mixin.py:137} INFO - [2023-05-11T19:25:57.651+0000] {dag.py:3441} INFO - Setting next_dagrun for example_skip_dag to 2023-05-10T19:25:57.651240+00:00, run_after=2023-05-11T19:25:57.651240+00:00
[2023-05-11T19:25:57.661+0000] {processor.py:175} INFO - Processing /home/airflow/.local/lib/python3.7/site-packages/airflow/example_dags/example_skip_dag.py took 0.053 seconds
[2023-05-11T19:26:28.404+0000] {processor.py:153} INFO - Started process (PID=679) to work on /home/airflow/.local/lib/python3.7/site-packages/airflow/example_dags/example_skip_dag.py
[2023-05-11T19:26:28.404+0000] {processor.py:743} INFO - Processing file /home/airflow/.local/lib/python3.7/site-packages/airflow/example_dags/example_skip_dag.py for tasks to queue
[2023-05-11T19:26:28.405+0000] {logging_mixin.py:137} INFO - [2023-05-11T19:26:28.404+0000] {dagbag.py:538} INFO - Filling up the DagBag from /home/airflow/.local/lib/python3.7/site-packages/airflow/example_dags/example_skip_dag.py
[2023-05-11T19:26:28.419+0000] {processor.py:753} INFO - DAG(s) dict_keys(['example_skip_dag']) retrieved from /home/airflow/.local/lib/python3.7/site-packages/airflow/example_dags/example_skip_dag.py
[2023-05-11T19:26:28.446+0000] {logging_mixin.py:137} INFO - [2023-05-11T19:26:28.446+0000] {dag.py:2690} INFO - Sync 1 DAGs
[2023-05-11T19:26:28.478+0000] {logging_mixin.py:137} INFO - [2023-05-11T19:26:28.477+0000] {dag.py:3441} INFO - Setting next_dagrun for example_skip_dag to 2023-05-10T19:26:28.477509+00:00, run_after=2023-05-11T19:26:28.477509+00:00
[2023-05-11T19:26:28.504+0000] {processor.py:175} INFO - Processing /home/airflow/.local/lib/python3.7/site-packages/airflow/example_dags/example_skip_dag.py took 0.103 seconds
[2023-05-11T19:26:59.007+0000] {processor.py:153} INFO - Started process (PID=911) to work on /home/airflow/.local/lib/python3.7/site-packages/airflow/example_dags/example_skip_dag.py
[2023-05-11T19:26:59.007+0000] {processor.py:743} INFO - Processing file /home/airflow/.local/lib/python3.7/site-packages/airflow/example_dags/example_skip_dag.py for tasks to queue
[2023-05-11T19:26:59.008+0000] {logging_mixin.py:137} INFO - [2023-05-11T19:26:59.008+0000] {dagbag.py:538} INFO - Filling up the DagBag from /home/airflow/.local/lib/python3.7/site-packages/airflow/example_dags/example_skip_dag.py
[2023-05-11T19:26:59.021+0000] {processor.py:753} INFO - DAG(s) dict_keys(['example_skip_dag']) retrieved from /home/airflow/.local/lib/python3.7/site-packages/airflow/example_dags/example_skip_dag.py
[2023-05-11T19:26:59.043+0000] {logging_mixin.py:137} INFO - [2023-05-11T19:26:59.043+0000] {dag.py:2690} INFO - Sync 1 DAGs
[2023-05-11T19:26:59.066+0000] {logging_mixin.py:137} INFO - [2023-05-11T19:26:59.065+0000] {dag.py:3441} INFO - Setting next_dagrun for example_skip_dag to 2023-05-10T19:26:59.065800+00:00, run_after=2023-05-11T19:26:59.065800+00:00
[2023-05-11T19:26:59.082+0000] {processor.py:175} INFO - Processing /home/airflow/.local/lib/python3.7/site-packages/airflow/example_dags/example_skip_dag.py took 0.079 seconds
[2023-05-11T19:27:29.660+0000] {processor.py:153} INFO - Started process (PID=1159) to work on /home/airflow/.local/lib/python3.7/site-packages/airflow/example_dags/example_skip_dag.py
[2023-05-11T19:27:29.660+0000] {processor.py:743} INFO - Processing file /home/airflow/.local/lib/python3.7/site-packages/airflow/example_dags/example_skip_dag.py for tasks to queue
[2023-05-11T19:27:29.661+0000] {logging_mixin.py:137} INFO - [2023-05-11T19:27:29.661+0000] {dagbag.py:538} INFO - Filling up the DagBag from /home/airflow/.local/lib/python3.7/site-packages/airflow/example_dags/example_skip_dag.py
[2023-05-11T19:27:29.672+0000] {processor.py:753} INFO - DAG(s) dict_keys(['example_skip_dag']) retrieved from /home/airflow/.local/lib/python3.7/site-packages/airflow/example_dags/example_skip_dag.py
[2023-05-11T19:27:29.691+0000] {logging_mixin.py:137} INFO - [2023-05-11T19:27:29.691+0000] {dag.py:2690} INFO - Sync 1 DAGs
[2023-05-11T19:27:29.706+0000] {logging_mixin.py:137} INFO - [2023-05-11T19:27:29.706+0000] {dag.py:3441} INFO - Setting next_dagrun for example_skip_dag to 2023-05-10T19:27:29.706077+00:00, run_after=2023-05-11T19:27:29.706077+00:00
[2023-05-11T19:27:29.717+0000] {processor.py:175} INFO - Processing /home/airflow/.local/lib/python3.7/site-packages/airflow/example_dags/example_skip_dag.py took 0.060 seconds
[2023-05-11T19:28:00.579+0000] {processor.py:153} INFO - Started process (PID=1391) to work on /home/airflow/.local/lib/python3.7/site-packages/airflow/example_dags/example_skip_dag.py
[2023-05-11T19:28:00.580+0000] {processor.py:743} INFO - Processing file /home/airflow/.local/lib/python3.7/site-packages/airflow/example_dags/example_skip_dag.py for tasks to queue
[2023-05-11T19:28:00.581+0000] {logging_mixin.py:137} INFO - [2023-05-11T19:28:00.581+0000] {dagbag.py:538} INFO - Filling up the DagBag from /home/airflow/.local/lib/python3.7/site-packages/airflow/example_dags/example_skip_dag.py
[2023-05-11T19:28:00.593+0000] {processor.py:753} INFO - DAG(s) dict_keys(['example_skip_dag']) retrieved from /home/airflow/.local/lib/python3.7/site-packages/airflow/example_dags/example_skip_dag.py
[2023-05-11T19:28:00.618+0000] {logging_mixin.py:137} INFO - [2023-05-11T19:28:00.618+0000] {dag.py:2690} INFO - Sync 1 DAGs
[2023-05-11T19:28:00.641+0000] {logging_mixin.py:137} INFO - [2023-05-11T19:28:00.641+0000] {dag.py:3441} INFO - Setting next_dagrun for example_skip_dag to 2023-05-10T19:28:00.640899+00:00, run_after=2023-05-11T19:28:00.640899+00:00
[2023-05-11T19:28:00.657+0000] {processor.py:175} INFO - Processing /home/airflow/.local/lib/python3.7/site-packages/airflow/example_dags/example_skip_dag.py took 0.081 seconds
[2023-05-11T19:28:30.978+0000] {processor.py:153} INFO - Started process (PID=1639) to work on /home/airflow/.local/lib/python3.7/site-packages/airflow/example_dags/example_skip_dag.py
[2023-05-11T19:28:30.978+0000] {processor.py:743} INFO - Processing file /home/airflow/.local/lib/python3.7/site-packages/airflow/example_dags/example_skip_dag.py for tasks to queue
[2023-05-11T19:28:30.979+0000] {logging_mixin.py:137} INFO - [2023-05-11T19:28:30.979+0000] {dagbag.py:538} INFO - Filling up the DagBag from /home/airflow/.local/lib/python3.7/site-packages/airflow/example_dags/example_skip_dag.py
[2023-05-11T19:28:30.989+0000] {processor.py:753} INFO - DAG(s) dict_keys(['example_skip_dag']) retrieved from /home/airflow/.local/lib/python3.7/site-packages/airflow/example_dags/example_skip_dag.py
[2023-05-11T19:28:31.007+0000] {logging_mixin.py:137} INFO - [2023-05-11T19:28:31.007+0000] {dag.py:2690} INFO - Sync 1 DAGs
[2023-05-11T19:28:31.024+0000] {logging_mixin.py:137} INFO - [2023-05-11T19:28:31.024+0000] {dag.py:3441} INFO - Setting next_dagrun for example_skip_dag to 2023-05-10T19:28:31.024164+00:00, run_after=2023-05-11T19:28:31.024164+00:00
[2023-05-11T19:28:31.036+0000] {processor.py:175} INFO - Processing /home/airflow/.local/lib/python3.7/site-packages/airflow/example_dags/example_skip_dag.py took 0.061 seconds
[2023-05-11T19:29:01.070+0000] {processor.py:153} INFO - Started process (PID=1869) to work on /home/airflow/.local/lib/python3.7/site-packages/airflow/example_dags/example_skip_dag.py
[2023-05-11T19:29:01.073+0000] {processor.py:743} INFO - Processing file /home/airflow/.local/lib/python3.7/site-packages/airflow/example_dags/example_skip_dag.py for tasks to queue
[2023-05-11T19:29:01.074+0000] {logging_mixin.py:137} INFO - [2023-05-11T19:29:01.074+0000] {dagbag.py:538} INFO - Filling up the DagBag from /home/airflow/.local/lib/python3.7/site-packages/airflow/example_dags/example_skip_dag.py
[2023-05-11T19:29:01.087+0000] {processor.py:753} INFO - DAG(s) dict_keys(['example_skip_dag']) retrieved from /home/airflow/.local/lib/python3.7/site-packages/airflow/example_dags/example_skip_dag.py
[2023-05-11T19:29:01.110+0000] {logging_mixin.py:137} INFO - [2023-05-11T19:29:01.110+0000] {dag.py:2690} INFO - Sync 1 DAGs
[2023-05-11T19:29:01.133+0000] {logging_mixin.py:137} INFO - [2023-05-11T19:29:01.132+0000] {dag.py:3441} INFO - Setting next_dagrun for example_skip_dag to 2023-05-10T19:29:01.132655+00:00, run_after=2023-05-11T19:29:01.132655+00:00
[2023-05-11T19:29:01.149+0000] {processor.py:175} INFO - Processing /home/airflow/.local/lib/python3.7/site-packages/airflow/example_dags/example_skip_dag.py took 0.085 seconds
[2023-05-11T19:29:31.688+0000] {processor.py:153} INFO - Started process (PID=2122) to work on /home/airflow/.local/lib/python3.7/site-packages/airflow/example_dags/example_skip_dag.py
[2023-05-11T19:29:31.689+0000] {processor.py:743} INFO - Processing file /home/airflow/.local/lib/python3.7/site-packages/airflow/example_dags/example_skip_dag.py for tasks to queue
[2023-05-11T19:29:31.689+0000] {logging_mixin.py:137} INFO - [2023-05-11T19:29:31.689+0000] {dagbag.py:538} INFO - Filling up the DagBag from /home/airflow/.local/lib/python3.7/site-packages/airflow/example_dags/example_skip_dag.py
[2023-05-11T19:29:31.702+0000] {processor.py:753} INFO - DAG(s) dict_keys(['example_skip_dag']) retrieved from /home/airflow/.local/lib/python3.7/site-packages/airflow/example_dags/example_skip_dag.py
[2023-05-11T19:29:31.724+0000] {logging_mixin.py:137} INFO - [2023-05-11T19:29:31.724+0000] {dag.py:2690} INFO - Sync 1 DAGs
[2023-05-11T19:29:31.746+0000] {logging_mixin.py:137} INFO - [2023-05-11T19:29:31.746+0000] {dag.py:3441} INFO - Setting next_dagrun for example_skip_dag to 2023-05-10T19:29:31.745914+00:00, run_after=2023-05-11T19:29:31.745914+00:00
[2023-05-11T19:29:31.761+0000] {processor.py:175} INFO - Processing /home/airflow/.local/lib/python3.7/site-packages/airflow/example_dags/example_skip_dag.py took 0.076 seconds
[2023-05-11T19:30:02.006+0000] {processor.py:153} INFO - Started process (PID=2354) to work on /home/airflow/.local/lib/python3.7/site-packages/airflow/example_dags/example_skip_dag.py
[2023-05-11T19:30:02.007+0000] {processor.py:743} INFO - Processing file /home/airflow/.local/lib/python3.7/site-packages/airflow/example_dags/example_skip_dag.py for tasks to queue
[2023-05-11T19:30:02.007+0000] {logging_mixin.py:137} INFO - [2023-05-11T19:30:02.007+0000] {dagbag.py:538} INFO - Filling up the DagBag from /home/airflow/.local/lib/python3.7/site-packages/airflow/example_dags/example_skip_dag.py
[2023-05-11T19:30:02.021+0000] {processor.py:753} INFO - DAG(s) dict_keys(['example_skip_dag']) retrieved from /home/airflow/.local/lib/python3.7/site-packages/airflow/example_dags/example_skip_dag.py
[2023-05-11T19:30:02.048+0000] {logging_mixin.py:137} INFO - [2023-05-11T19:30:02.048+0000] {dag.py:2690} INFO - Sync 1 DAGs
[2023-05-11T19:30:02.074+0000] {logging_mixin.py:137} INFO - [2023-05-11T19:30:02.074+0000] {dag.py:3441} INFO - Setting next_dagrun for example_skip_dag to 2023-05-10T19:30:02.074359+00:00, run_after=2023-05-11T19:30:02.074359+00:00
[2023-05-11T19:30:02.091+0000] {processor.py:175} INFO - Processing /home/airflow/.local/lib/python3.7/site-packages/airflow/example_dags/example_skip_dag.py took 0.091 seconds
[2023-05-11T19:30:32.848+0000] {processor.py:153} INFO - Started process (PID=2602) to work on /home/airflow/.local/lib/python3.7/site-packages/airflow/example_dags/example_skip_dag.py
[2023-05-11T19:30:32.849+0000] {processor.py:743} INFO - Processing file /home/airflow/.local/lib/python3.7/site-packages/airflow/example_dags/example_skip_dag.py for tasks to queue
[2023-05-11T19:30:32.850+0000] {logging_mixin.py:137} INFO - [2023-05-11T19:30:32.849+0000] {dagbag.py:538} INFO - Filling up the DagBag from /home/airflow/.local/lib/python3.7/site-packages/airflow/example_dags/example_skip_dag.py
[2023-05-11T19:30:32.864+0000] {processor.py:753} INFO - DAG(s) dict_keys(['example_skip_dag']) retrieved from /home/airflow/.local/lib/python3.7/site-packages/airflow/example_dags/example_skip_dag.py
[2023-05-11T19:30:32.889+0000] {logging_mixin.py:137} INFO - [2023-05-11T19:30:32.889+0000] {dag.py:2690} INFO - Sync 1 DAGs
[2023-05-11T19:30:32.913+0000] {logging_mixin.py:137} INFO - [2023-05-11T19:30:32.912+0000] {dag.py:3441} INFO - Setting next_dagrun for example_skip_dag to 2023-05-10T19:30:32.912848+00:00, run_after=2023-05-11T19:30:32.912848+00:00
[2023-05-11T19:30:32.930+0000] {processor.py:175} INFO - Processing /home/airflow/.local/lib/python3.7/site-packages/airflow/example_dags/example_skip_dag.py took 0.085 seconds
[2023-05-11T19:31:03.024+0000] {processor.py:153} INFO - Started process (PID=2834) to work on /home/airflow/.local/lib/python3.7/site-packages/airflow/example_dags/example_skip_dag.py
[2023-05-11T19:31:03.025+0000] {processor.py:743} INFO - Processing file /home/airflow/.local/lib/python3.7/site-packages/airflow/example_dags/example_skip_dag.py for tasks to queue
[2023-05-11T19:31:03.025+0000] {logging_mixin.py:137} INFO - [2023-05-11T19:31:03.025+0000] {dagbag.py:538} INFO - Filling up the DagBag from /home/airflow/.local/lib/python3.7/site-packages/airflow/example_dags/example_skip_dag.py
[2023-05-11T19:31:03.039+0000] {processor.py:753} INFO - DAG(s) dict_keys(['example_skip_dag']) retrieved from /home/airflow/.local/lib/python3.7/site-packages/airflow/example_dags/example_skip_dag.py
[2023-05-11T19:31:03.064+0000] {logging_mixin.py:137} INFO - [2023-05-11T19:31:03.063+0000] {dag.py:2690} INFO - Sync 1 DAGs
[2023-05-11T19:31:03.089+0000] {logging_mixin.py:137} INFO - [2023-05-11T19:31:03.089+0000] {dag.py:3441} INFO - Setting next_dagrun for example_skip_dag to 2023-05-10T19:31:03.088893+00:00, run_after=2023-05-11T19:31:03.088893+00:00
[2023-05-11T19:31:03.107+0000] {processor.py:175} INFO - Processing /home/airflow/.local/lib/python3.7/site-packages/airflow/example_dags/example_skip_dag.py took 0.086 seconds
[2023-05-11T19:31:33.931+0000] {processor.py:153} INFO - Started process (PID=3082) to work on /home/airflow/.local/lib/python3.7/site-packages/airflow/example_dags/example_skip_dag.py
[2023-05-11T19:31:33.931+0000] {processor.py:743} INFO - Processing file /home/airflow/.local/lib/python3.7/site-packages/airflow/example_dags/example_skip_dag.py for tasks to queue
[2023-05-11T19:31:33.932+0000] {logging_mixin.py:137} INFO - [2023-05-11T19:31:33.932+0000] {dagbag.py:538} INFO - Filling up the DagBag from /home/airflow/.local/lib/python3.7/site-packages/airflow/example_dags/example_skip_dag.py
[2023-05-11T19:31:33.940+0000] {processor.py:753} INFO - DAG(s) dict_keys(['example_skip_dag']) retrieved from /home/airflow/.local/lib/python3.7/site-packages/airflow/example_dags/example_skip_dag.py
[2023-05-11T19:31:33.957+0000] {logging_mixin.py:137} INFO - [2023-05-11T19:31:33.957+0000] {dag.py:2690} INFO - Sync 1 DAGs
[2023-05-11T19:31:33.972+0000] {logging_mixin.py:137} INFO - [2023-05-11T19:31:33.972+0000] {dag.py:3441} INFO - Setting next_dagrun for example_skip_dag to 2023-05-10T19:31:33.972645+00:00, run_after=2023-05-11T19:31:33.972645+00:00
[2023-05-11T19:31:33.983+0000] {processor.py:175} INFO - Processing /home/airflow/.local/lib/python3.7/site-packages/airflow/example_dags/example_skip_dag.py took 0.054 seconds
[2023-05-11T19:32:04.688+0000] {processor.py:153} INFO - Started process (PID=3314) to work on /home/airflow/.local/lib/python3.7/site-packages/airflow/example_dags/example_skip_dag.py
[2023-05-11T19:32:04.689+0000] {processor.py:743} INFO - Processing file /home/airflow/.local/lib/python3.7/site-packages/airflow/example_dags/example_skip_dag.py for tasks to queue
[2023-05-11T19:32:04.690+0000] {logging_mixin.py:137} INFO - [2023-05-11T19:32:04.690+0000] {dagbag.py:538} INFO - Filling up the DagBag from /home/airflow/.local/lib/python3.7/site-packages/airflow/example_dags/example_skip_dag.py
[2023-05-11T19:32:04.703+0000] {processor.py:753} INFO - DAG(s) dict_keys(['example_skip_dag']) retrieved from /home/airflow/.local/lib/python3.7/site-packages/airflow/example_dags/example_skip_dag.py
[2023-05-11T19:32:04.728+0000] {logging_mixin.py:137} INFO - [2023-05-11T19:32:04.728+0000] {dag.py:2690} INFO - Sync 1 DAGs
[2023-05-11T19:32:04.752+0000] {logging_mixin.py:137} INFO - [2023-05-11T19:32:04.752+0000] {dag.py:3441} INFO - Setting next_dagrun for example_skip_dag to 2023-05-10T19:32:04.752406+00:00, run_after=2023-05-11T19:32:04.752406+00:00
[2023-05-11T19:32:04.769+0000] {processor.py:175} INFO - Processing /home/airflow/.local/lib/python3.7/site-packages/airflow/example_dags/example_skip_dag.py took 0.084 seconds
[2023-05-11T19:32:35.157+0000] {processor.py:153} INFO - Started process (PID=3561) to work on /home/airflow/.local/lib/python3.7/site-packages/airflow/example_dags/example_skip_dag.py
[2023-05-11T19:32:35.158+0000] {processor.py:743} INFO - Processing file /home/airflow/.local/lib/python3.7/site-packages/airflow/example_dags/example_skip_dag.py for tasks to queue
[2023-05-11T19:32:35.158+0000] {logging_mixin.py:137} INFO - [2023-05-11T19:32:35.158+0000] {dagbag.py:538} INFO - Filling up the DagBag from /home/airflow/.local/lib/python3.7/site-packages/airflow/example_dags/example_skip_dag.py
[2023-05-11T19:32:35.170+0000] {processor.py:753} INFO - DAG(s) dict_keys(['example_skip_dag']) retrieved from /home/airflow/.local/lib/python3.7/site-packages/airflow/example_dags/example_skip_dag.py
[2023-05-11T19:32:35.192+0000] {logging_mixin.py:137} INFO - [2023-05-11T19:32:35.192+0000] {dag.py:2690} INFO - Sync 1 DAGs
[2023-05-11T19:32:35.214+0000] {logging_mixin.py:137} INFO - [2023-05-11T19:32:35.214+0000] {dag.py:3441} INFO - Setting next_dagrun for example_skip_dag to 2023-05-10T19:32:35.214651+00:00, run_after=2023-05-11T19:32:35.214651+00:00
[2023-05-11T19:32:35.231+0000] {processor.py:175} INFO - Processing /home/airflow/.local/lib/python3.7/site-packages/airflow/example_dags/example_skip_dag.py took 0.076 seconds
[2023-05-11T19:33:05.528+0000] {processor.py:153} INFO - Started process (PID=3793) to work on /home/airflow/.local/lib/python3.7/site-packages/airflow/example_dags/example_skip_dag.py
[2023-05-11T19:33:05.529+0000] {processor.py:743} INFO - Processing file /home/airflow/.local/lib/python3.7/site-packages/airflow/example_dags/example_skip_dag.py for tasks to queue
[2023-05-11T19:33:05.530+0000] {logging_mixin.py:137} INFO - [2023-05-11T19:33:05.529+0000] {dagbag.py:538} INFO - Filling up the DagBag from /home/airflow/.local/lib/python3.7/site-packages/airflow/example_dags/example_skip_dag.py
[2023-05-11T19:33:05.547+0000] {processor.py:753} INFO - DAG(s) dict_keys(['example_skip_dag']) retrieved from /home/airflow/.local/lib/python3.7/site-packages/airflow/example_dags/example_skip_dag.py
[2023-05-11T19:33:05.579+0000] {logging_mixin.py:137} INFO - [2023-05-11T19:33:05.579+0000] {dag.py:2690} INFO - Sync 1 DAGs
[2023-05-11T19:33:05.603+0000] {logging_mixin.py:137} INFO - [2023-05-11T19:33:05.603+0000] {dag.py:3441} INFO - Setting next_dagrun for example_skip_dag to 2023-05-10T19:33:05.602611+00:00, run_after=2023-05-11T19:33:05.602611+00:00
[2023-05-11T19:33:05.620+0000] {processor.py:175} INFO - Processing /home/airflow/.local/lib/python3.7/site-packages/airflow/example_dags/example_skip_dag.py took 0.095 seconds
[2023-05-11T19:33:36.103+0000] {processor.py:153} INFO - Started process (PID=4041) to work on /home/airflow/.local/lib/python3.7/site-packages/airflow/example_dags/example_skip_dag.py
[2023-05-11T19:33:36.103+0000] {processor.py:743} INFO - Processing file /home/airflow/.local/lib/python3.7/site-packages/airflow/example_dags/example_skip_dag.py for tasks to queue
[2023-05-11T19:33:36.104+0000] {logging_mixin.py:137} INFO - [2023-05-11T19:33:36.104+0000] {dagbag.py:538} INFO - Filling up the DagBag from /home/airflow/.local/lib/python3.7/site-packages/airflow/example_dags/example_skip_dag.py
[2023-05-11T19:33:36.116+0000] {processor.py:753} INFO - DAG(s) dict_keys(['example_skip_dag']) retrieved from /home/airflow/.local/lib/python3.7/site-packages/airflow/example_dags/example_skip_dag.py
[2023-05-11T19:33:36.140+0000] {logging_mixin.py:137} INFO - [2023-05-11T19:33:36.140+0000] {dag.py:2690} INFO - Sync 1 DAGs
[2023-05-11T19:33:36.163+0000] {logging_mixin.py:137} INFO - [2023-05-11T19:33:36.163+0000] {dag.py:3441} INFO - Setting next_dagrun for example_skip_dag to 2023-05-10T19:33:36.163536+00:00, run_after=2023-05-11T19:33:36.163536+00:00
[2023-05-11T19:33:36.182+0000] {processor.py:175} INFO - Processing /home/airflow/.local/lib/python3.7/site-packages/airflow/example_dags/example_skip_dag.py took 0.081 seconds
[2023-05-11T19:35:10.292+0000] {processor.py:153} INFO - Started process (PID=199) to work on /home/airflow/.local/lib/python3.7/site-packages/airflow/example_dags/example_skip_dag.py
[2023-05-11T19:35:10.292+0000] {processor.py:743} INFO - Processing file /home/airflow/.local/lib/python3.7/site-packages/airflow/example_dags/example_skip_dag.py for tasks to queue
[2023-05-11T19:35:10.293+0000] {logging_mixin.py:137} INFO - [2023-05-11T19:35:10.293+0000] {dagbag.py:538} INFO - Filling up the DagBag from /home/airflow/.local/lib/python3.7/site-packages/airflow/example_dags/example_skip_dag.py
[2023-05-11T19:35:10.301+0000] {processor.py:753} INFO - DAG(s) dict_keys(['example_skip_dag']) retrieved from /home/airflow/.local/lib/python3.7/site-packages/airflow/example_dags/example_skip_dag.py
[2023-05-11T19:35:10.311+0000] {logging_mixin.py:137} INFO - [2023-05-11T19:35:10.311+0000] {dag.py:2690} INFO - Sync 1 DAGs
[2023-05-11T19:35:10.328+0000] {logging_mixin.py:137} INFO - [2023-05-11T19:35:10.328+0000] {dag.py:3441} INFO - Setting next_dagrun for example_skip_dag to 2023-05-10T19:35:10.328408+00:00, run_after=2023-05-11T19:35:10.328408+00:00
[2023-05-11T19:35:10.342+0000] {processor.py:175} INFO - Processing /home/airflow/.local/lib/python3.7/site-packages/airflow/example_dags/example_skip_dag.py took 0.052 seconds
[2023-05-11T19:35:41.116+0000] {processor.py:153} INFO - Started process (PID=431) to work on /home/airflow/.local/lib/python3.7/site-packages/airflow/example_dags/example_skip_dag.py
[2023-05-11T19:35:41.117+0000] {processor.py:743} INFO - Processing file /home/airflow/.local/lib/python3.7/site-packages/airflow/example_dags/example_skip_dag.py for tasks to queue
[2023-05-11T19:35:41.117+0000] {logging_mixin.py:137} INFO - [2023-05-11T19:35:41.117+0000] {dagbag.py:538} INFO - Filling up the DagBag from /home/airflow/.local/lib/python3.7/site-packages/airflow/example_dags/example_skip_dag.py
[2023-05-11T19:35:41.129+0000] {processor.py:753} INFO - DAG(s) dict_keys(['example_skip_dag']) retrieved from /home/airflow/.local/lib/python3.7/site-packages/airflow/example_dags/example_skip_dag.py
[2023-05-11T19:35:41.153+0000] {logging_mixin.py:137} INFO - [2023-05-11T19:35:41.153+0000] {dag.py:2690} INFO - Sync 1 DAGs
[2023-05-11T19:35:41.173+0000] {logging_mixin.py:137} INFO - [2023-05-11T19:35:41.173+0000] {dag.py:3441} INFO - Setting next_dagrun for example_skip_dag to 2023-05-10T19:35:41.173664+00:00, run_after=2023-05-11T19:35:41.173664+00:00
[2023-05-11T19:35:41.185+0000] {processor.py:175} INFO - Processing /home/airflow/.local/lib/python3.7/site-packages/airflow/example_dags/example_skip_dag.py took 0.072 seconds
