[2023-05-11T18:58:40.797+0000] {processor.py:153} INFO - Started process (PID=359) to work on /home/airflow/.local/lib/python3.7/site-packages/airflow/example_dags/example_short_circuit_decorator.py
[2023-05-11T18:58:40.797+0000] {processor.py:743} INFO - Processing file /home/airflow/.local/lib/python3.7/site-packages/airflow/example_dags/example_short_circuit_decorator.py for tasks to queue
[2023-05-11T18:58:40.797+0000] {logging_mixin.py:137} INFO - [2023-05-11T18:58:40.797+0000] {dagbag.py:538} INFO - Filling up the DagBag from /home/airflow/.local/lib/python3.7/site-packages/airflow/example_dags/example_short_circuit_decorator.py
[2023-05-11T18:58:40.814+0000] {processor.py:753} INFO - DAG(s) dict_keys(['example_short_circuit_decorator']) retrieved from /home/airflow/.local/lib/python3.7/site-packages/airflow/example_dags/example_short_circuit_decorator.py
[2023-05-11T18:58:40.823+0000] {logging_mixin.py:137} INFO - [2023-05-11T18:58:40.823+0000] {dag.py:2690} INFO - Sync 1 DAGs
[2023-05-11T18:58:40.841+0000] {logging_mixin.py:137} INFO - [2023-05-11T18:58:40.841+0000] {dag.py:3441} INFO - Setting next_dagrun for example_short_circuit_decorator to 2023-05-10T18:58:40.841349+00:00, run_after=2023-05-11T18:58:40.841349+00:00
[2023-05-11T18:58:40.856+0000] {processor.py:175} INFO - Processing /home/airflow/.local/lib/python3.7/site-packages/airflow/example_dags/example_short_circuit_decorator.py took 0.061 seconds
[2023-05-11T18:59:11.582+0000] {processor.py:153} INFO - Started process (PID=591) to work on /home/airflow/.local/lib/python3.7/site-packages/airflow/example_dags/example_short_circuit_decorator.py
[2023-05-11T18:59:11.582+0000] {processor.py:743} INFO - Processing file /home/airflow/.local/lib/python3.7/site-packages/airflow/example_dags/example_short_circuit_decorator.py for tasks to queue
[2023-05-11T18:59:11.583+0000] {logging_mixin.py:137} INFO - [2023-05-11T18:59:11.583+0000] {dagbag.py:538} INFO - Filling up the DagBag from /home/airflow/.local/lib/python3.7/site-packages/airflow/example_dags/example_short_circuit_decorator.py
[2023-05-11T18:59:11.598+0000] {processor.py:753} INFO - DAG(s) dict_keys(['example_short_circuit_decorator']) retrieved from /home/airflow/.local/lib/python3.7/site-packages/airflow/example_dags/example_short_circuit_decorator.py
[2023-05-11T18:59:11.619+0000] {logging_mixin.py:137} INFO - [2023-05-11T18:59:11.619+0000] {dag.py:2690} INFO - Sync 1 DAGs
[2023-05-11T18:59:11.635+0000] {logging_mixin.py:137} INFO - [2023-05-11T18:59:11.635+0000] {dag.py:3441} INFO - Setting next_dagrun for example_short_circuit_decorator to 2023-05-10T18:59:11.634884+00:00, run_after=2023-05-11T18:59:11.634884+00:00
[2023-05-11T18:59:11.646+0000] {processor.py:175} INFO - Processing /home/airflow/.local/lib/python3.7/site-packages/airflow/example_dags/example_short_circuit_decorator.py took 0.066 seconds
[2023-05-11T18:59:42.509+0000] {processor.py:153} INFO - Started process (PID=841) to work on /home/airflow/.local/lib/python3.7/site-packages/airflow/example_dags/example_short_circuit_decorator.py
[2023-05-11T18:59:42.509+0000] {processor.py:743} INFO - Processing file /home/airflow/.local/lib/python3.7/site-packages/airflow/example_dags/example_short_circuit_decorator.py for tasks to queue
[2023-05-11T18:59:42.510+0000] {logging_mixin.py:137} INFO - [2023-05-11T18:59:42.509+0000] {dagbag.py:538} INFO - Filling up the DagBag from /home/airflow/.local/lib/python3.7/site-packages/airflow/example_dags/example_short_circuit_decorator.py
[2023-05-11T18:59:42.524+0000] {processor.py:753} INFO - DAG(s) dict_keys(['example_short_circuit_decorator']) retrieved from /home/airflow/.local/lib/python3.7/site-packages/airflow/example_dags/example_short_circuit_decorator.py
[2023-05-11T18:59:42.540+0000] {logging_mixin.py:137} INFO - [2023-05-11T18:59:42.540+0000] {dag.py:2690} INFO - Sync 1 DAGs
[2023-05-11T18:59:42.556+0000] {logging_mixin.py:137} INFO - [2023-05-11T18:59:42.556+0000] {dag.py:3441} INFO - Setting next_dagrun for example_short_circuit_decorator to 2023-05-10T18:59:42.556475+00:00, run_after=2023-05-11T18:59:42.556475+00:00
[2023-05-11T18:59:42.567+0000] {processor.py:175} INFO - Processing /home/airflow/.local/lib/python3.7/site-packages/airflow/example_dags/example_short_circuit_decorator.py took 0.060 seconds
[2023-05-11T19:00:13.832+0000] {processor.py:153} INFO - Started process (PID=1090) to work on /home/airflow/.local/lib/python3.7/site-packages/airflow/example_dags/example_short_circuit_decorator.py
[2023-05-11T19:00:13.833+0000] {processor.py:743} INFO - Processing file /home/airflow/.local/lib/python3.7/site-packages/airflow/example_dags/example_short_circuit_decorator.py for tasks to queue
[2023-05-11T19:00:13.833+0000] {logging_mixin.py:137} INFO - [2023-05-11T19:00:13.833+0000] {dagbag.py:538} INFO - Filling up the DagBag from /home/airflow/.local/lib/python3.7/site-packages/airflow/example_dags/example_short_circuit_decorator.py
[2023-05-11T19:00:13.849+0000] {processor.py:753} INFO - DAG(s) dict_keys(['example_short_circuit_decorator']) retrieved from /home/airflow/.local/lib/python3.7/site-packages/airflow/example_dags/example_short_circuit_decorator.py
[2023-05-11T19:00:13.872+0000] {logging_mixin.py:137} INFO - [2023-05-11T19:00:13.871+0000] {dag.py:2690} INFO - Sync 1 DAGs
[2023-05-11T19:00:13.897+0000] {logging_mixin.py:137} INFO - [2023-05-11T19:00:13.897+0000] {dag.py:3441} INFO - Setting next_dagrun for example_short_circuit_decorator to 2023-05-10T19:00:13.896928+00:00, run_after=2023-05-11T19:00:13.896928+00:00
[2023-05-11T19:00:13.915+0000] {processor.py:175} INFO - Processing /home/airflow/.local/lib/python3.7/site-packages/airflow/example_dags/example_short_circuit_decorator.py took 0.085 seconds
[2023-05-11T19:00:44.179+0000] {processor.py:153} INFO - Started process (PID=1320) to work on /home/airflow/.local/lib/python3.7/site-packages/airflow/example_dags/example_short_circuit_decorator.py
[2023-05-11T19:00:44.180+0000] {processor.py:743} INFO - Processing file /home/airflow/.local/lib/python3.7/site-packages/airflow/example_dags/example_short_circuit_decorator.py for tasks to queue
[2023-05-11T19:00:44.180+0000] {logging_mixin.py:137} INFO - [2023-05-11T19:00:44.180+0000] {dagbag.py:538} INFO - Filling up the DagBag from /home/airflow/.local/lib/python3.7/site-packages/airflow/example_dags/example_short_circuit_decorator.py
[2023-05-11T19:00:44.196+0000] {processor.py:753} INFO - DAG(s) dict_keys(['example_short_circuit_decorator']) retrieved from /home/airflow/.local/lib/python3.7/site-packages/airflow/example_dags/example_short_circuit_decorator.py
[2023-05-11T19:00:44.220+0000] {logging_mixin.py:137} INFO - [2023-05-11T19:00:44.220+0000] {dag.py:2690} INFO - Sync 1 DAGs
[2023-05-11T19:00:44.243+0000] {logging_mixin.py:137} INFO - [2023-05-11T19:00:44.243+0000] {dag.py:3441} INFO - Setting next_dagrun for example_short_circuit_decorator to 2023-05-10T19:00:44.242946+00:00, run_after=2023-05-11T19:00:44.242946+00:00
[2023-05-11T19:00:44.257+0000] {processor.py:175} INFO - Processing /home/airflow/.local/lib/python3.7/site-packages/airflow/example_dags/example_short_circuit_decorator.py took 0.080 seconds
[2023-05-11T19:01:14.839+0000] {processor.py:153} INFO - Started process (PID=1571) to work on /home/airflow/.local/lib/python3.7/site-packages/airflow/example_dags/example_short_circuit_decorator.py
[2023-05-11T19:01:14.840+0000] {processor.py:743} INFO - Processing file /home/airflow/.local/lib/python3.7/site-packages/airflow/example_dags/example_short_circuit_decorator.py for tasks to queue
[2023-05-11T19:01:14.841+0000] {logging_mixin.py:137} INFO - [2023-05-11T19:01:14.840+0000] {dagbag.py:538} INFO - Filling up the DagBag from /home/airflow/.local/lib/python3.7/site-packages/airflow/example_dags/example_short_circuit_decorator.py
[2023-05-11T19:01:14.862+0000] {processor.py:753} INFO - DAG(s) dict_keys(['example_short_circuit_decorator']) retrieved from /home/airflow/.local/lib/python3.7/site-packages/airflow/example_dags/example_short_circuit_decorator.py
[2023-05-11T19:01:14.887+0000] {logging_mixin.py:137} INFO - [2023-05-11T19:01:14.887+0000] {dag.py:2690} INFO - Sync 1 DAGs
[2023-05-11T19:01:14.905+0000] {logging_mixin.py:137} INFO - [2023-05-11T19:01:14.905+0000] {dag.py:3441} INFO - Setting next_dagrun for example_short_circuit_decorator to 2023-05-10T19:01:14.905500+00:00, run_after=2023-05-11T19:01:14.905500+00:00
[2023-05-11T19:01:14.917+0000] {processor.py:175} INFO - Processing /home/airflow/.local/lib/python3.7/site-packages/airflow/example_dags/example_short_circuit_decorator.py took 0.081 seconds
[2023-05-11T19:01:45.276+0000] {processor.py:153} INFO - Started process (PID=1801) to work on /home/airflow/.local/lib/python3.7/site-packages/airflow/example_dags/example_short_circuit_decorator.py
[2023-05-11T19:01:45.277+0000] {processor.py:743} INFO - Processing file /home/airflow/.local/lib/python3.7/site-packages/airflow/example_dags/example_short_circuit_decorator.py for tasks to queue
[2023-05-11T19:01:45.277+0000] {logging_mixin.py:137} INFO - [2023-05-11T19:01:45.277+0000] {dagbag.py:538} INFO - Filling up the DagBag from /home/airflow/.local/lib/python3.7/site-packages/airflow/example_dags/example_short_circuit_decorator.py
[2023-05-11T19:01:45.309+0000] {processor.py:753} INFO - DAG(s) dict_keys(['example_short_circuit_decorator']) retrieved from /home/airflow/.local/lib/python3.7/site-packages/airflow/example_dags/example_short_circuit_decorator.py
[2023-05-11T19:01:45.340+0000] {logging_mixin.py:137} INFO - [2023-05-11T19:01:45.340+0000] {dag.py:2690} INFO - Sync 1 DAGs
[2023-05-11T19:01:45.367+0000] {logging_mixin.py:137} INFO - [2023-05-11T19:01:45.367+0000] {dag.py:3441} INFO - Setting next_dagrun for example_short_circuit_decorator to 2023-05-10T19:01:45.367431+00:00, run_after=2023-05-11T19:01:45.367431+00:00
[2023-05-11T19:01:45.383+0000] {processor.py:175} INFO - Processing /home/airflow/.local/lib/python3.7/site-packages/airflow/example_dags/example_short_circuit_decorator.py took 0.111 seconds
[2023-05-11T19:02:16.254+0000] {processor.py:153} INFO - Started process (PID=2049) to work on /home/airflow/.local/lib/python3.7/site-packages/airflow/example_dags/example_short_circuit_decorator.py
[2023-05-11T19:02:16.254+0000] {processor.py:743} INFO - Processing file /home/airflow/.local/lib/python3.7/site-packages/airflow/example_dags/example_short_circuit_decorator.py for tasks to queue
[2023-05-11T19:02:16.255+0000] {logging_mixin.py:137} INFO - [2023-05-11T19:02:16.255+0000] {dagbag.py:538} INFO - Filling up the DagBag from /home/airflow/.local/lib/python3.7/site-packages/airflow/example_dags/example_short_circuit_decorator.py
[2023-05-11T19:02:16.276+0000] {processor.py:753} INFO - DAG(s) dict_keys(['example_short_circuit_decorator']) retrieved from /home/airflow/.local/lib/python3.7/site-packages/airflow/example_dags/example_short_circuit_decorator.py
[2023-05-11T19:02:16.304+0000] {logging_mixin.py:137} INFO - [2023-05-11T19:02:16.303+0000] {dag.py:2690} INFO - Sync 1 DAGs
[2023-05-11T19:02:16.338+0000] {logging_mixin.py:137} INFO - [2023-05-11T19:02:16.338+0000] {dag.py:3441} INFO - Setting next_dagrun for example_short_circuit_decorator to 2023-05-10T19:02:16.338211+00:00, run_after=2023-05-11T19:02:16.338211+00:00
[2023-05-11T19:02:16.358+0000] {processor.py:175} INFO - Processing /home/airflow/.local/lib/python3.7/site-packages/airflow/example_dags/example_short_circuit_decorator.py took 0.107 seconds
[2023-05-11T19:03:26.175+0000] {processor.py:153} INFO - Started process (PID=361) to work on /home/airflow/.local/lib/python3.7/site-packages/airflow/example_dags/example_short_circuit_decorator.py
[2023-05-11T19:03:26.176+0000] {processor.py:743} INFO - Processing file /home/airflow/.local/lib/python3.7/site-packages/airflow/example_dags/example_short_circuit_decorator.py for tasks to queue
[2023-05-11T19:03:26.176+0000] {logging_mixin.py:137} INFO - [2023-05-11T19:03:26.176+0000] {dagbag.py:538} INFO - Filling up the DagBag from /home/airflow/.local/lib/python3.7/site-packages/airflow/example_dags/example_short_circuit_decorator.py
[2023-05-11T19:03:26.193+0000] {processor.py:753} INFO - DAG(s) dict_keys(['example_short_circuit_decorator']) retrieved from /home/airflow/.local/lib/python3.7/site-packages/airflow/example_dags/example_short_circuit_decorator.py
[2023-05-11T19:03:26.205+0000] {logging_mixin.py:137} INFO - [2023-05-11T19:03:26.204+0000] {dag.py:2690} INFO - Sync 1 DAGs
[2023-05-11T19:03:26.226+0000] {logging_mixin.py:137} INFO - [2023-05-11T19:03:26.226+0000] {dag.py:3441} INFO - Setting next_dagrun for example_short_circuit_decorator to 2023-05-10T19:03:26.226487+00:00, run_after=2023-05-11T19:03:26.226487+00:00
[2023-05-11T19:03:26.243+0000] {processor.py:175} INFO - Processing /home/airflow/.local/lib/python3.7/site-packages/airflow/example_dags/example_short_circuit_decorator.py took 0.071 seconds
[2023-05-11T19:03:56.508+0000] {processor.py:153} INFO - Started process (PID=591) to work on /home/airflow/.local/lib/python3.7/site-packages/airflow/example_dags/example_short_circuit_decorator.py
[2023-05-11T19:03:56.509+0000] {processor.py:743} INFO - Processing file /home/airflow/.local/lib/python3.7/site-packages/airflow/example_dags/example_short_circuit_decorator.py for tasks to queue
[2023-05-11T19:03:56.510+0000] {logging_mixin.py:137} INFO - [2023-05-11T19:03:56.509+0000] {dagbag.py:538} INFO - Filling up the DagBag from /home/airflow/.local/lib/python3.7/site-packages/airflow/example_dags/example_short_circuit_decorator.py
[2023-05-11T19:03:56.532+0000] {processor.py:753} INFO - DAG(s) dict_keys(['example_short_circuit_decorator']) retrieved from /home/airflow/.local/lib/python3.7/site-packages/airflow/example_dags/example_short_circuit_decorator.py
[2023-05-11T19:03:56.555+0000] {logging_mixin.py:137} INFO - [2023-05-11T19:03:56.555+0000] {dag.py:2690} INFO - Sync 1 DAGs
[2023-05-11T19:03:56.578+0000] {logging_mixin.py:137} INFO - [2023-05-11T19:03:56.578+0000] {dag.py:3441} INFO - Setting next_dagrun for example_short_circuit_decorator to 2023-05-10T19:03:56.578293+00:00, run_after=2023-05-11T19:03:56.578293+00:00
[2023-05-11T19:03:56.594+0000] {processor.py:175} INFO - Processing /home/airflow/.local/lib/python3.7/site-packages/airflow/example_dags/example_short_circuit_decorator.py took 0.088 seconds
[2023-05-11T19:04:27.254+0000] {processor.py:153} INFO - Started process (PID=839) to work on /home/airflow/.local/lib/python3.7/site-packages/airflow/example_dags/example_short_circuit_decorator.py
[2023-05-11T19:04:27.255+0000] {processor.py:743} INFO - Processing file /home/airflow/.local/lib/python3.7/site-packages/airflow/example_dags/example_short_circuit_decorator.py for tasks to queue
[2023-05-11T19:04:27.256+0000] {logging_mixin.py:137} INFO - [2023-05-11T19:04:27.255+0000] {dagbag.py:538} INFO - Filling up the DagBag from /home/airflow/.local/lib/python3.7/site-packages/airflow/example_dags/example_short_circuit_decorator.py
[2023-05-11T19:04:27.288+0000] {processor.py:753} INFO - DAG(s) dict_keys(['example_short_circuit_decorator']) retrieved from /home/airflow/.local/lib/python3.7/site-packages/airflow/example_dags/example_short_circuit_decorator.py
[2023-05-11T19:04:27.314+0000] {logging_mixin.py:137} INFO - [2023-05-11T19:04:27.314+0000] {dag.py:2690} INFO - Sync 1 DAGs
[2023-05-11T19:04:27.340+0000] {logging_mixin.py:137} INFO - [2023-05-11T19:04:27.340+0000] {dag.py:3441} INFO - Setting next_dagrun for example_short_circuit_decorator to 2023-05-10T19:04:27.340554+00:00, run_after=2023-05-11T19:04:27.340554+00:00
[2023-05-11T19:04:27.357+0000] {processor.py:175} INFO - Processing /home/airflow/.local/lib/python3.7/site-packages/airflow/example_dags/example_short_circuit_decorator.py took 0.106 seconds
[2023-05-11T19:04:57.631+0000] {processor.py:153} INFO - Started process (PID=1071) to work on /home/airflow/.local/lib/python3.7/site-packages/airflow/example_dags/example_short_circuit_decorator.py
[2023-05-11T19:04:57.632+0000] {processor.py:743} INFO - Processing file /home/airflow/.local/lib/python3.7/site-packages/airflow/example_dags/example_short_circuit_decorator.py for tasks to queue
[2023-05-11T19:04:57.632+0000] {logging_mixin.py:137} INFO - [2023-05-11T19:04:57.632+0000] {dagbag.py:538} INFO - Filling up the DagBag from /home/airflow/.local/lib/python3.7/site-packages/airflow/example_dags/example_short_circuit_decorator.py
[2023-05-11T19:04:57.653+0000] {processor.py:753} INFO - DAG(s) dict_keys(['example_short_circuit_decorator']) retrieved from /home/airflow/.local/lib/python3.7/site-packages/airflow/example_dags/example_short_circuit_decorator.py
[2023-05-11T19:04:57.678+0000] {logging_mixin.py:137} INFO - [2023-05-11T19:04:57.678+0000] {dag.py:2690} INFO - Sync 1 DAGs
[2023-05-11T19:04:57.707+0000] {logging_mixin.py:137} INFO - [2023-05-11T19:04:57.707+0000] {dag.py:3441} INFO - Setting next_dagrun for example_short_circuit_decorator to 2023-05-10T19:04:57.707527+00:00, run_after=2023-05-11T19:04:57.707527+00:00
[2023-05-11T19:04:57.725+0000] {processor.py:175} INFO - Processing /home/airflow/.local/lib/python3.7/site-packages/airflow/example_dags/example_short_circuit_decorator.py took 0.096 seconds
[2023-05-11T19:05:27.878+0000] {processor.py:153} INFO - Started process (PID=1319) to work on /home/airflow/.local/lib/python3.7/site-packages/airflow/example_dags/example_short_circuit_decorator.py
[2023-05-11T19:05:27.878+0000] {processor.py:743} INFO - Processing file /home/airflow/.local/lib/python3.7/site-packages/airflow/example_dags/example_short_circuit_decorator.py for tasks to queue
[2023-05-11T19:05:27.878+0000] {logging_mixin.py:137} INFO - [2023-05-11T19:05:27.878+0000] {dagbag.py:538} INFO - Filling up the DagBag from /home/airflow/.local/lib/python3.7/site-packages/airflow/example_dags/example_short_circuit_decorator.py
[2023-05-11T19:05:27.893+0000] {processor.py:753} INFO - DAG(s) dict_keys(['example_short_circuit_decorator']) retrieved from /home/airflow/.local/lib/python3.7/site-packages/airflow/example_dags/example_short_circuit_decorator.py
[2023-05-11T19:05:27.911+0000] {logging_mixin.py:137} INFO - [2023-05-11T19:05:27.911+0000] {dag.py:2690} INFO - Sync 1 DAGs
[2023-05-11T19:05:27.926+0000] {logging_mixin.py:137} INFO - [2023-05-11T19:05:27.926+0000] {dag.py:3441} INFO - Setting next_dagrun for example_short_circuit_decorator to 2023-05-10T19:05:27.926658+00:00, run_after=2023-05-11T19:05:27.926658+00:00
[2023-05-11T19:05:27.938+0000] {processor.py:175} INFO - Processing /home/airflow/.local/lib/python3.7/site-packages/airflow/example_dags/example_short_circuit_decorator.py took 0.062 seconds
[2023-05-11T19:05:58.948+0000] {processor.py:153} INFO - Started process (PID=1551) to work on /home/airflow/.local/lib/python3.7/site-packages/airflow/example_dags/example_short_circuit_decorator.py
[2023-05-11T19:05:58.949+0000] {processor.py:743} INFO - Processing file /home/airflow/.local/lib/python3.7/site-packages/airflow/example_dags/example_short_circuit_decorator.py for tasks to queue
[2023-05-11T19:05:58.949+0000] {logging_mixin.py:137} INFO - [2023-05-11T19:05:58.949+0000] {dagbag.py:538} INFO - Filling up the DagBag from /home/airflow/.local/lib/python3.7/site-packages/airflow/example_dags/example_short_circuit_decorator.py
[2023-05-11T19:05:58.965+0000] {processor.py:753} INFO - DAG(s) dict_keys(['example_short_circuit_decorator']) retrieved from /home/airflow/.local/lib/python3.7/site-packages/airflow/example_dags/example_short_circuit_decorator.py
[2023-05-11T19:05:58.989+0000] {logging_mixin.py:137} INFO - [2023-05-11T19:05:58.989+0000] {dag.py:2690} INFO - Sync 1 DAGs
[2023-05-11T19:05:59.012+0000] {logging_mixin.py:137} INFO - [2023-05-11T19:05:59.011+0000] {dag.py:3441} INFO - Setting next_dagrun for example_short_circuit_decorator to 2023-05-10T19:05:59.011784+00:00, run_after=2023-05-11T19:05:59.011784+00:00
[2023-05-11T19:05:59.029+0000] {processor.py:175} INFO - Processing /home/airflow/.local/lib/python3.7/site-packages/airflow/example_dags/example_short_circuit_decorator.py took 0.082 seconds
[2023-05-11T19:06:29.641+0000] {processor.py:153} INFO - Started process (PID=1799) to work on /home/airflow/.local/lib/python3.7/site-packages/airflow/example_dags/example_short_circuit_decorator.py
[2023-05-11T19:06:29.641+0000] {processor.py:743} INFO - Processing file /home/airflow/.local/lib/python3.7/site-packages/airflow/example_dags/example_short_circuit_decorator.py for tasks to queue
[2023-05-11T19:06:29.642+0000] {logging_mixin.py:137} INFO - [2023-05-11T19:06:29.641+0000] {dagbag.py:538} INFO - Filling up the DagBag from /home/airflow/.local/lib/python3.7/site-packages/airflow/example_dags/example_short_circuit_decorator.py
[2023-05-11T19:06:29.656+0000] {processor.py:753} INFO - DAG(s) dict_keys(['example_short_circuit_decorator']) retrieved from /home/airflow/.local/lib/python3.7/site-packages/airflow/example_dags/example_short_circuit_decorator.py
[2023-05-11T19:06:29.674+0000] {logging_mixin.py:137} INFO - [2023-05-11T19:06:29.674+0000] {dag.py:2690} INFO - Sync 1 DAGs
[2023-05-11T19:06:29.690+0000] {logging_mixin.py:137} INFO - [2023-05-11T19:06:29.690+0000] {dag.py:3441} INFO - Setting next_dagrun for example_short_circuit_decorator to 2023-05-10T19:06:29.690225+00:00, run_after=2023-05-11T19:06:29.690225+00:00
[2023-05-11T19:06:29.702+0000] {processor.py:175} INFO - Processing /home/airflow/.local/lib/python3.7/site-packages/airflow/example_dags/example_short_circuit_decorator.py took 0.063 seconds
[2023-05-11T19:06:59.901+0000] {processor.py:153} INFO - Started process (PID=2031) to work on /home/airflow/.local/lib/python3.7/site-packages/airflow/example_dags/example_short_circuit_decorator.py
[2023-05-11T19:06:59.902+0000] {processor.py:743} INFO - Processing file /home/airflow/.local/lib/python3.7/site-packages/airflow/example_dags/example_short_circuit_decorator.py for tasks to queue
[2023-05-11T19:06:59.902+0000] {logging_mixin.py:137} INFO - [2023-05-11T19:06:59.902+0000] {dagbag.py:538} INFO - Filling up the DagBag from /home/airflow/.local/lib/python3.7/site-packages/airflow/example_dags/example_short_circuit_decorator.py
[2023-05-11T19:06:59.927+0000] {processor.py:753} INFO - DAG(s) dict_keys(['example_short_circuit_decorator']) retrieved from /home/airflow/.local/lib/python3.7/site-packages/airflow/example_dags/example_short_circuit_decorator.py
[2023-05-11T19:06:59.959+0000] {logging_mixin.py:137} INFO - [2023-05-11T19:06:59.958+0000] {dag.py:2690} INFO - Sync 1 DAGs
[2023-05-11T19:06:59.981+0000] {logging_mixin.py:137} INFO - [2023-05-11T19:06:59.981+0000] {dag.py:3441} INFO - Setting next_dagrun for example_short_circuit_decorator to 2023-05-10T19:06:59.980964+00:00, run_after=2023-05-11T19:06:59.980964+00:00
[2023-05-11T19:07:00.001+0000] {processor.py:175} INFO - Processing /home/airflow/.local/lib/python3.7/site-packages/airflow/example_dags/example_short_circuit_decorator.py took 0.102 seconds
[2023-05-11T19:07:30.510+0000] {processor.py:153} INFO - Started process (PID=2279) to work on /home/airflow/.local/lib/python3.7/site-packages/airflow/example_dags/example_short_circuit_decorator.py
[2023-05-11T19:07:30.510+0000] {processor.py:743} INFO - Processing file /home/airflow/.local/lib/python3.7/site-packages/airflow/example_dags/example_short_circuit_decorator.py for tasks to queue
[2023-05-11T19:07:30.511+0000] {logging_mixin.py:137} INFO - [2023-05-11T19:07:30.511+0000] {dagbag.py:538} INFO - Filling up the DagBag from /home/airflow/.local/lib/python3.7/site-packages/airflow/example_dags/example_short_circuit_decorator.py
[2023-05-11T19:07:30.532+0000] {processor.py:753} INFO - DAG(s) dict_keys(['example_short_circuit_decorator']) retrieved from /home/airflow/.local/lib/python3.7/site-packages/airflow/example_dags/example_short_circuit_decorator.py
[2023-05-11T19:07:30.555+0000] {logging_mixin.py:137} INFO - [2023-05-11T19:07:30.555+0000] {dag.py:2690} INFO - Sync 1 DAGs
[2023-05-11T19:07:30.577+0000] {logging_mixin.py:137} INFO - [2023-05-11T19:07:30.577+0000] {dag.py:3441} INFO - Setting next_dagrun for example_short_circuit_decorator to 2023-05-10T19:07:30.576875+00:00, run_after=2023-05-11T19:07:30.576875+00:00
[2023-05-11T19:07:30.592+0000] {processor.py:175} INFO - Processing /home/airflow/.local/lib/python3.7/site-packages/airflow/example_dags/example_short_circuit_decorator.py took 0.085 seconds
[2023-05-11T19:08:00.751+0000] {processor.py:153} INFO - Started process (PID=2512) to work on /home/airflow/.local/lib/python3.7/site-packages/airflow/example_dags/example_short_circuit_decorator.py
[2023-05-11T19:08:00.752+0000] {processor.py:743} INFO - Processing file /home/airflow/.local/lib/python3.7/site-packages/airflow/example_dags/example_short_circuit_decorator.py for tasks to queue
[2023-05-11T19:08:00.752+0000] {logging_mixin.py:137} INFO - [2023-05-11T19:08:00.752+0000] {dagbag.py:538} INFO - Filling up the DagBag from /home/airflow/.local/lib/python3.7/site-packages/airflow/example_dags/example_short_circuit_decorator.py
[2023-05-11T19:08:00.784+0000] {processor.py:753} INFO - DAG(s) dict_keys(['example_short_circuit_decorator']) retrieved from /home/airflow/.local/lib/python3.7/site-packages/airflow/example_dags/example_short_circuit_decorator.py
[2023-05-11T19:08:00.812+0000] {logging_mixin.py:137} INFO - [2023-05-11T19:08:00.812+0000] {dag.py:2690} INFO - Sync 1 DAGs
[2023-05-11T19:08:00.840+0000] {logging_mixin.py:137} INFO - [2023-05-11T19:08:00.840+0000] {dag.py:3441} INFO - Setting next_dagrun for example_short_circuit_decorator to 2023-05-10T19:08:00.840474+00:00, run_after=2023-05-11T19:08:00.840474+00:00
[2023-05-11T19:08:00.865+0000] {processor.py:175} INFO - Processing /home/airflow/.local/lib/python3.7/site-packages/airflow/example_dags/example_short_circuit_decorator.py took 0.117 seconds
[2023-05-11T19:09:22.296+0000] {processor.py:153} INFO - Started process (PID=360) to work on /home/airflow/.local/lib/python3.7/site-packages/airflow/example_dags/example_short_circuit_decorator.py
[2023-05-11T19:09:22.297+0000] {processor.py:743} INFO - Processing file /home/airflow/.local/lib/python3.7/site-packages/airflow/example_dags/example_short_circuit_decorator.py for tasks to queue
[2023-05-11T19:09:22.297+0000] {logging_mixin.py:137} INFO - [2023-05-11T19:09:22.297+0000] {dagbag.py:538} INFO - Filling up the DagBag from /home/airflow/.local/lib/python3.7/site-packages/airflow/example_dags/example_short_circuit_decorator.py
[2023-05-11T19:09:22.312+0000] {processor.py:753} INFO - DAG(s) dict_keys(['example_short_circuit_decorator']) retrieved from /home/airflow/.local/lib/python3.7/site-packages/airflow/example_dags/example_short_circuit_decorator.py
[2023-05-11T19:09:22.322+0000] {logging_mixin.py:137} INFO - [2023-05-11T19:09:22.321+0000] {dag.py:2690} INFO - Sync 1 DAGs
[2023-05-11T19:09:22.338+0000] {logging_mixin.py:137} INFO - [2023-05-11T19:09:22.338+0000] {dag.py:3441} INFO - Setting next_dagrun for example_short_circuit_decorator to 2023-05-10T19:09:22.338130+00:00, run_after=2023-05-11T19:09:22.338130+00:00
[2023-05-11T19:09:22.351+0000] {processor.py:175} INFO - Processing /home/airflow/.local/lib/python3.7/site-packages/airflow/example_dags/example_short_circuit_decorator.py took 0.056 seconds
[2023-05-11T19:09:53.346+0000] {processor.py:153} INFO - Started process (PID=592) to work on /home/airflow/.local/lib/python3.7/site-packages/airflow/example_dags/example_short_circuit_decorator.py
[2023-05-11T19:09:53.347+0000] {processor.py:743} INFO - Processing file /home/airflow/.local/lib/python3.7/site-packages/airflow/example_dags/example_short_circuit_decorator.py for tasks to queue
[2023-05-11T19:09:53.347+0000] {logging_mixin.py:137} INFO - [2023-05-11T19:09:53.347+0000] {dagbag.py:538} INFO - Filling up the DagBag from /home/airflow/.local/lib/python3.7/site-packages/airflow/example_dags/example_short_circuit_decorator.py
[2023-05-11T19:09:53.362+0000] {processor.py:753} INFO - DAG(s) dict_keys(['example_short_circuit_decorator']) retrieved from /home/airflow/.local/lib/python3.7/site-packages/airflow/example_dags/example_short_circuit_decorator.py
[2023-05-11T19:09:53.380+0000] {logging_mixin.py:137} INFO - [2023-05-11T19:09:53.380+0000] {dag.py:2690} INFO - Sync 1 DAGs
[2023-05-11T19:09:53.396+0000] {logging_mixin.py:137} INFO - [2023-05-11T19:09:53.396+0000] {dag.py:3441} INFO - Setting next_dagrun for example_short_circuit_decorator to 2023-05-10T19:09:53.395849+00:00, run_after=2023-05-11T19:09:53.395849+00:00
[2023-05-11T19:09:53.407+0000] {processor.py:175} INFO - Processing /home/airflow/.local/lib/python3.7/site-packages/airflow/example_dags/example_short_circuit_decorator.py took 0.063 seconds
[2023-05-11T19:10:23.458+0000] {processor.py:153} INFO - Started process (PID=840) to work on /home/airflow/.local/lib/python3.7/site-packages/airflow/example_dags/example_short_circuit_decorator.py
[2023-05-11T19:10:23.458+0000] {processor.py:743} INFO - Processing file /home/airflow/.local/lib/python3.7/site-packages/airflow/example_dags/example_short_circuit_decorator.py for tasks to queue
[2023-05-11T19:10:23.458+0000] {logging_mixin.py:137} INFO - [2023-05-11T19:10:23.458+0000] {dagbag.py:538} INFO - Filling up the DagBag from /home/airflow/.local/lib/python3.7/site-packages/airflow/example_dags/example_short_circuit_decorator.py
[2023-05-11T19:10:23.474+0000] {processor.py:753} INFO - DAG(s) dict_keys(['example_short_circuit_decorator']) retrieved from /home/airflow/.local/lib/python3.7/site-packages/airflow/example_dags/example_short_circuit_decorator.py
[2023-05-11T19:10:23.492+0000] {logging_mixin.py:137} INFO - [2023-05-11T19:10:23.492+0000] {dag.py:2690} INFO - Sync 1 DAGs
[2023-05-11T19:10:23.509+0000] {logging_mixin.py:137} INFO - [2023-05-11T19:10:23.509+0000] {dag.py:3441} INFO - Setting next_dagrun for example_short_circuit_decorator to 2023-05-10T19:10:23.509529+00:00, run_after=2023-05-11T19:10:23.509529+00:00
[2023-05-11T19:10:23.521+0000] {processor.py:175} INFO - Processing /home/airflow/.local/lib/python3.7/site-packages/airflow/example_dags/example_short_circuit_decorator.py took 0.065 seconds
[2023-05-11T19:10:53.941+0000] {processor.py:153} INFO - Started process (PID=1074) to work on /home/airflow/.local/lib/python3.7/site-packages/airflow/example_dags/example_short_circuit_decorator.py
[2023-05-11T19:10:53.942+0000] {processor.py:743} INFO - Processing file /home/airflow/.local/lib/python3.7/site-packages/airflow/example_dags/example_short_circuit_decorator.py for tasks to queue
[2023-05-11T19:10:53.942+0000] {logging_mixin.py:137} INFO - [2023-05-11T19:10:53.942+0000] {dagbag.py:538} INFO - Filling up the DagBag from /home/airflow/.local/lib/python3.7/site-packages/airflow/example_dags/example_short_circuit_decorator.py
[2023-05-11T19:10:53.956+0000] {processor.py:753} INFO - DAG(s) dict_keys(['example_short_circuit_decorator']) retrieved from /home/airflow/.local/lib/python3.7/site-packages/airflow/example_dags/example_short_circuit_decorator.py
[2023-05-11T19:10:53.971+0000] {logging_mixin.py:137} INFO - [2023-05-11T19:10:53.971+0000] {dag.py:2690} INFO - Sync 1 DAGs
[2023-05-11T19:10:53.986+0000] {logging_mixin.py:137} INFO - [2023-05-11T19:10:53.986+0000] {dag.py:3441} INFO - Setting next_dagrun for example_short_circuit_decorator to 2023-05-10T19:10:53.986129+00:00, run_after=2023-05-11T19:10:53.986129+00:00
[2023-05-11T19:10:53.998+0000] {processor.py:175} INFO - Processing /home/airflow/.local/lib/python3.7/site-packages/airflow/example_dags/example_short_circuit_decorator.py took 0.059 seconds
[2023-05-11T19:11:24.860+0000] {processor.py:153} INFO - Started process (PID=1320) to work on /home/airflow/.local/lib/python3.7/site-packages/airflow/example_dags/example_short_circuit_decorator.py
[2023-05-11T19:11:24.861+0000] {processor.py:743} INFO - Processing file /home/airflow/.local/lib/python3.7/site-packages/airflow/example_dags/example_short_circuit_decorator.py for tasks to queue
[2023-05-11T19:11:24.861+0000] {logging_mixin.py:137} INFO - [2023-05-11T19:11:24.861+0000] {dagbag.py:538} INFO - Filling up the DagBag from /home/airflow/.local/lib/python3.7/site-packages/airflow/example_dags/example_short_circuit_decorator.py
[2023-05-11T19:11:24.889+0000] {processor.py:753} INFO - DAG(s) dict_keys(['example_short_circuit_decorator']) retrieved from /home/airflow/.local/lib/python3.7/site-packages/airflow/example_dags/example_short_circuit_decorator.py
[2023-05-11T19:11:24.918+0000] {logging_mixin.py:137} INFO - [2023-05-11T19:11:24.917+0000] {dag.py:2690} INFO - Sync 1 DAGs
[2023-05-11T19:11:24.944+0000] {logging_mixin.py:137} INFO - [2023-05-11T19:11:24.944+0000] {dag.py:3441} INFO - Setting next_dagrun for example_short_circuit_decorator to 2023-05-10T19:11:24.944476+00:00, run_after=2023-05-11T19:11:24.944476+00:00
[2023-05-11T19:11:24.963+0000] {processor.py:175} INFO - Processing /home/airflow/.local/lib/python3.7/site-packages/airflow/example_dags/example_short_circuit_decorator.py took 0.105 seconds
[2023-05-11T19:14:01.555+0000] {processor.py:153} INFO - Started process (PID=361) to work on /home/airflow/.local/lib/python3.7/site-packages/airflow/example_dags/example_short_circuit_decorator.py
[2023-05-11T19:14:01.556+0000] {processor.py:743} INFO - Processing file /home/airflow/.local/lib/python3.7/site-packages/airflow/example_dags/example_short_circuit_decorator.py for tasks to queue
[2023-05-11T19:14:01.556+0000] {logging_mixin.py:137} INFO - [2023-05-11T19:14:01.556+0000] {dagbag.py:538} INFO - Filling up the DagBag from /home/airflow/.local/lib/python3.7/site-packages/airflow/example_dags/example_short_circuit_decorator.py
[2023-05-11T19:14:01.573+0000] {processor.py:753} INFO - DAG(s) dict_keys(['example_short_circuit_decorator']) retrieved from /home/airflow/.local/lib/python3.7/site-packages/airflow/example_dags/example_short_circuit_decorator.py
[2023-05-11T19:14:01.582+0000] {logging_mixin.py:137} INFO - [2023-05-11T19:14:01.582+0000] {dag.py:2690} INFO - Sync 1 DAGs
[2023-05-11T19:14:01.600+0000] {logging_mixin.py:137} INFO - [2023-05-11T19:14:01.600+0000] {dag.py:3441} INFO - Setting next_dagrun for example_short_circuit_decorator to 2023-05-10T19:14:01.600390+00:00, run_after=2023-05-11T19:14:01.600390+00:00
[2023-05-11T19:14:01.615+0000] {processor.py:175} INFO - Processing /home/airflow/.local/lib/python3.7/site-packages/airflow/example_dags/example_short_circuit_decorator.py took 0.061 seconds
[2023-05-11T19:14:32.788+0000] {processor.py:153} INFO - Started process (PID=593) to work on /home/airflow/.local/lib/python3.7/site-packages/airflow/example_dags/example_short_circuit_decorator.py
[2023-05-11T19:14:32.789+0000] {processor.py:743} INFO - Processing file /home/airflow/.local/lib/python3.7/site-packages/airflow/example_dags/example_short_circuit_decorator.py for tasks to queue
[2023-05-11T19:14:32.789+0000] {logging_mixin.py:137} INFO - [2023-05-11T19:14:32.789+0000] {dagbag.py:538} INFO - Filling up the DagBag from /home/airflow/.local/lib/python3.7/site-packages/airflow/example_dags/example_short_circuit_decorator.py
[2023-05-11T19:14:32.810+0000] {processor.py:753} INFO - DAG(s) dict_keys(['example_short_circuit_decorator']) retrieved from /home/airflow/.local/lib/python3.7/site-packages/airflow/example_dags/example_short_circuit_decorator.py
[2023-05-11T19:14:32.833+0000] {logging_mixin.py:137} INFO - [2023-05-11T19:14:32.833+0000] {dag.py:2690} INFO - Sync 1 DAGs
[2023-05-11T19:14:32.856+0000] {logging_mixin.py:137} INFO - [2023-05-11T19:14:32.856+0000] {dag.py:3441} INFO - Setting next_dagrun for example_short_circuit_decorator to 2023-05-10T19:14:32.855844+00:00, run_after=2023-05-11T19:14:32.855844+00:00
[2023-05-11T19:14:32.872+0000] {processor.py:175} INFO - Processing /home/airflow/.local/lib/python3.7/site-packages/airflow/example_dags/example_short_circuit_decorator.py took 0.086 seconds
[2023-05-11T19:15:03.798+0000] {processor.py:153} INFO - Started process (PID=841) to work on /home/airflow/.local/lib/python3.7/site-packages/airflow/example_dags/example_short_circuit_decorator.py
[2023-05-11T19:15:03.799+0000] {processor.py:743} INFO - Processing file /home/airflow/.local/lib/python3.7/site-packages/airflow/example_dags/example_short_circuit_decorator.py for tasks to queue
[2023-05-11T19:15:03.799+0000] {logging_mixin.py:137} INFO - [2023-05-11T19:15:03.799+0000] {dagbag.py:538} INFO - Filling up the DagBag from /home/airflow/.local/lib/python3.7/site-packages/airflow/example_dags/example_short_circuit_decorator.py
[2023-05-11T19:15:03.814+0000] {processor.py:753} INFO - DAG(s) dict_keys(['example_short_circuit_decorator']) retrieved from /home/airflow/.local/lib/python3.7/site-packages/airflow/example_dags/example_short_circuit_decorator.py
[2023-05-11T19:15:03.834+0000] {logging_mixin.py:137} INFO - [2023-05-11T19:15:03.834+0000] {dag.py:2690} INFO - Sync 1 DAGs
[2023-05-11T19:15:03.850+0000] {logging_mixin.py:137} INFO - [2023-05-11T19:15:03.850+0000] {dag.py:3441} INFO - Setting next_dagrun for example_short_circuit_decorator to 2023-05-10T19:15:03.849892+00:00, run_after=2023-05-11T19:15:03.849892+00:00
[2023-05-11T19:15:03.861+0000] {processor.py:175} INFO - Processing /home/airflow/.local/lib/python3.7/site-packages/airflow/example_dags/example_short_circuit_decorator.py took 0.065 seconds
[2023-05-11T19:15:34.060+0000] {processor.py:153} INFO - Started process (PID=1073) to work on /home/airflow/.local/lib/python3.7/site-packages/airflow/example_dags/example_short_circuit_decorator.py
[2023-05-11T19:15:34.060+0000] {processor.py:743} INFO - Processing file /home/airflow/.local/lib/python3.7/site-packages/airflow/example_dags/example_short_circuit_decorator.py for tasks to queue
[2023-05-11T19:15:34.061+0000] {logging_mixin.py:137} INFO - [2023-05-11T19:15:34.061+0000] {dagbag.py:538} INFO - Filling up the DagBag from /home/airflow/.local/lib/python3.7/site-packages/airflow/example_dags/example_short_circuit_decorator.py
[2023-05-11T19:15:34.082+0000] {processor.py:753} INFO - DAG(s) dict_keys(['example_short_circuit_decorator']) retrieved from /home/airflow/.local/lib/python3.7/site-packages/airflow/example_dags/example_short_circuit_decorator.py
[2023-05-11T19:15:34.106+0000] {logging_mixin.py:137} INFO - [2023-05-11T19:15:34.106+0000] {dag.py:2690} INFO - Sync 1 DAGs
[2023-05-11T19:15:34.128+0000] {logging_mixin.py:137} INFO - [2023-05-11T19:15:34.127+0000] {dag.py:3441} INFO - Setting next_dagrun for example_short_circuit_decorator to 2023-05-10T19:15:34.127683+00:00, run_after=2023-05-11T19:15:34.127683+00:00
[2023-05-11T19:15:34.143+0000] {processor.py:175} INFO - Processing /home/airflow/.local/lib/python3.7/site-packages/airflow/example_dags/example_short_circuit_decorator.py took 0.086 seconds
[2023-05-11T19:16:04.475+0000] {processor.py:153} INFO - Started process (PID=1321) to work on /home/airflow/.local/lib/python3.7/site-packages/airflow/example_dags/example_short_circuit_decorator.py
[2023-05-11T19:16:04.476+0000] {processor.py:743} INFO - Processing file /home/airflow/.local/lib/python3.7/site-packages/airflow/example_dags/example_short_circuit_decorator.py for tasks to queue
[2023-05-11T19:16:04.477+0000] {logging_mixin.py:137} INFO - [2023-05-11T19:16:04.477+0000] {dagbag.py:538} INFO - Filling up the DagBag from /home/airflow/.local/lib/python3.7/site-packages/airflow/example_dags/example_short_circuit_decorator.py
[2023-05-11T19:16:04.497+0000] {processor.py:753} INFO - DAG(s) dict_keys(['example_short_circuit_decorator']) retrieved from /home/airflow/.local/lib/python3.7/site-packages/airflow/example_dags/example_short_circuit_decorator.py
[2023-05-11T19:16:04.520+0000] {logging_mixin.py:137} INFO - [2023-05-11T19:16:04.519+0000] {dag.py:2690} INFO - Sync 1 DAGs
[2023-05-11T19:16:04.542+0000] {logging_mixin.py:137} INFO - [2023-05-11T19:16:04.541+0000] {dag.py:3441} INFO - Setting next_dagrun for example_short_circuit_decorator to 2023-05-10T19:16:04.541740+00:00, run_after=2023-05-11T19:16:04.541740+00:00
[2023-05-11T19:16:04.559+0000] {processor.py:175} INFO - Processing /home/airflow/.local/lib/python3.7/site-packages/airflow/example_dags/example_short_circuit_decorator.py took 0.086 seconds
[2023-05-11T19:16:34.620+0000] {processor.py:153} INFO - Started process (PID=1553) to work on /home/airflow/.local/lib/python3.7/site-packages/airflow/example_dags/example_short_circuit_decorator.py
[2023-05-11T19:16:34.620+0000] {processor.py:743} INFO - Processing file /home/airflow/.local/lib/python3.7/site-packages/airflow/example_dags/example_short_circuit_decorator.py for tasks to queue
[2023-05-11T19:16:34.621+0000] {logging_mixin.py:137} INFO - [2023-05-11T19:16:34.621+0000] {dagbag.py:538} INFO - Filling up the DagBag from /home/airflow/.local/lib/python3.7/site-packages/airflow/example_dags/example_short_circuit_decorator.py
[2023-05-11T19:16:34.635+0000] {processor.py:753} INFO - DAG(s) dict_keys(['example_short_circuit_decorator']) retrieved from /home/airflow/.local/lib/python3.7/site-packages/airflow/example_dags/example_short_circuit_decorator.py
[2023-05-11T19:16:34.652+0000] {logging_mixin.py:137} INFO - [2023-05-11T19:16:34.651+0000] {dag.py:2690} INFO - Sync 1 DAGs
[2023-05-11T19:16:34.667+0000] {logging_mixin.py:137} INFO - [2023-05-11T19:16:34.667+0000] {dag.py:3441} INFO - Setting next_dagrun for example_short_circuit_decorator to 2023-05-10T19:16:34.667504+00:00, run_after=2023-05-11T19:16:34.667504+00:00
[2023-05-11T19:16:34.680+0000] {processor.py:175} INFO - Processing /home/airflow/.local/lib/python3.7/site-packages/airflow/example_dags/example_short_circuit_decorator.py took 0.062 seconds
[2023-05-11T19:17:05.749+0000] {processor.py:153} INFO - Started process (PID=1799) to work on /home/airflow/.local/lib/python3.7/site-packages/airflow/example_dags/example_short_circuit_decorator.py
[2023-05-11T19:17:05.749+0000] {processor.py:743} INFO - Processing file /home/airflow/.local/lib/python3.7/site-packages/airflow/example_dags/example_short_circuit_decorator.py for tasks to queue
[2023-05-11T19:17:05.750+0000] {logging_mixin.py:137} INFO - [2023-05-11T19:17:05.750+0000] {dagbag.py:538} INFO - Filling up the DagBag from /home/airflow/.local/lib/python3.7/site-packages/airflow/example_dags/example_short_circuit_decorator.py
[2023-05-11T19:17:05.771+0000] {processor.py:753} INFO - DAG(s) dict_keys(['example_short_circuit_decorator']) retrieved from /home/airflow/.local/lib/python3.7/site-packages/airflow/example_dags/example_short_circuit_decorator.py
[2023-05-11T19:17:05.795+0000] {logging_mixin.py:137} INFO - [2023-05-11T19:17:05.795+0000] {dag.py:2690} INFO - Sync 1 DAGs
[2023-05-11T19:17:05.817+0000] {logging_mixin.py:137} INFO - [2023-05-11T19:17:05.817+0000] {dag.py:3441} INFO - Setting next_dagrun for example_short_circuit_decorator to 2023-05-10T19:17:05.817563+00:00, run_after=2023-05-11T19:17:05.817563+00:00
[2023-05-11T19:17:05.833+0000] {processor.py:175} INFO - Processing /home/airflow/.local/lib/python3.7/site-packages/airflow/example_dags/example_short_circuit_decorator.py took 0.087 seconds
[2023-05-11T19:17:36.487+0000] {processor.py:153} INFO - Started process (PID=2054) to work on /home/airflow/.local/lib/python3.7/site-packages/airflow/example_dags/example_short_circuit_decorator.py
[2023-05-11T19:17:36.488+0000] {processor.py:743} INFO - Processing file /home/airflow/.local/lib/python3.7/site-packages/airflow/example_dags/example_short_circuit_decorator.py for tasks to queue
[2023-05-11T19:17:36.488+0000] {logging_mixin.py:137} INFO - [2023-05-11T19:17:36.488+0000] {dagbag.py:538} INFO - Filling up the DagBag from /home/airflow/.local/lib/python3.7/site-packages/airflow/example_dags/example_short_circuit_decorator.py
[2023-05-11T19:17:36.506+0000] {processor.py:753} INFO - DAG(s) dict_keys(['example_short_circuit_decorator']) retrieved from /home/airflow/.local/lib/python3.7/site-packages/airflow/example_dags/example_short_circuit_decorator.py
[2023-05-11T19:17:36.528+0000] {logging_mixin.py:137} INFO - [2023-05-11T19:17:36.528+0000] {dag.py:2690} INFO - Sync 1 DAGs
[2023-05-11T19:17:36.548+0000] {logging_mixin.py:137} INFO - [2023-05-11T19:17:36.548+0000] {dag.py:3441} INFO - Setting next_dagrun for example_short_circuit_decorator to 2023-05-10T19:17:36.548005+00:00, run_after=2023-05-11T19:17:36.548005+00:00
[2023-05-11T19:17:36.568+0000] {processor.py:175} INFO - Processing /home/airflow/.local/lib/python3.7/site-packages/airflow/example_dags/example_short_circuit_decorator.py took 0.084 seconds
[2023-05-11T19:18:07.425+0000] {processor.py:153} INFO - Started process (PID=2286) to work on /home/airflow/.local/lib/python3.7/site-packages/airflow/example_dags/example_short_circuit_decorator.py
[2023-05-11T19:18:07.425+0000] {processor.py:743} INFO - Processing file /home/airflow/.local/lib/python3.7/site-packages/airflow/example_dags/example_short_circuit_decorator.py for tasks to queue
[2023-05-11T19:18:07.426+0000] {logging_mixin.py:137} INFO - [2023-05-11T19:18:07.426+0000] {dagbag.py:538} INFO - Filling up the DagBag from /home/airflow/.local/lib/python3.7/site-packages/airflow/example_dags/example_short_circuit_decorator.py
[2023-05-11T19:18:07.447+0000] {processor.py:753} INFO - DAG(s) dict_keys(['example_short_circuit_decorator']) retrieved from /home/airflow/.local/lib/python3.7/site-packages/airflow/example_dags/example_short_circuit_decorator.py
[2023-05-11T19:18:07.470+0000] {logging_mixin.py:137} INFO - [2023-05-11T19:18:07.470+0000] {dag.py:2690} INFO - Sync 1 DAGs
[2023-05-11T19:18:07.493+0000] {logging_mixin.py:137} INFO - [2023-05-11T19:18:07.492+0000] {dag.py:3441} INFO - Setting next_dagrun for example_short_circuit_decorator to 2023-05-10T19:18:07.492745+00:00, run_after=2023-05-11T19:18:07.492745+00:00
[2023-05-11T19:18:07.509+0000] {processor.py:175} INFO - Processing /home/airflow/.local/lib/python3.7/site-packages/airflow/example_dags/example_short_circuit_decorator.py took 0.086 seconds
[2023-05-11T19:18:38.207+0000] {processor.py:153} INFO - Started process (PID=2537) to work on /home/airflow/.local/lib/python3.7/site-packages/airflow/example_dags/example_short_circuit_decorator.py
[2023-05-11T19:18:38.208+0000] {processor.py:743} INFO - Processing file /home/airflow/.local/lib/python3.7/site-packages/airflow/example_dags/example_short_circuit_decorator.py for tasks to queue
[2023-05-11T19:18:38.208+0000] {logging_mixin.py:137} INFO - [2023-05-11T19:18:38.208+0000] {dagbag.py:538} INFO - Filling up the DagBag from /home/airflow/.local/lib/python3.7/site-packages/airflow/example_dags/example_short_circuit_decorator.py
[2023-05-11T19:18:38.230+0000] {processor.py:753} INFO - DAG(s) dict_keys(['example_short_circuit_decorator']) retrieved from /home/airflow/.local/lib/python3.7/site-packages/airflow/example_dags/example_short_circuit_decorator.py
[2023-05-11T19:18:38.251+0000] {logging_mixin.py:137} INFO - [2023-05-11T19:18:38.251+0000] {dag.py:2690} INFO - Sync 1 DAGs
[2023-05-11T19:18:38.267+0000] {logging_mixin.py:137} INFO - [2023-05-11T19:18:38.267+0000] {dag.py:3441} INFO - Setting next_dagrun for example_short_circuit_decorator to 2023-05-10T19:18:38.267710+00:00, run_after=2023-05-11T19:18:38.267710+00:00
[2023-05-11T19:18:38.279+0000] {processor.py:175} INFO - Processing /home/airflow/.local/lib/python3.7/site-packages/airflow/example_dags/example_short_circuit_decorator.py took 0.074 seconds
[2023-05-11T19:19:08.564+0000] {processor.py:153} INFO - Started process (PID=2769) to work on /home/airflow/.local/lib/python3.7/site-packages/airflow/example_dags/example_short_circuit_decorator.py
[2023-05-11T19:19:08.565+0000] {processor.py:743} INFO - Processing file /home/airflow/.local/lib/python3.7/site-packages/airflow/example_dags/example_short_circuit_decorator.py for tasks to queue
[2023-05-11T19:19:08.566+0000] {logging_mixin.py:137} INFO - [2023-05-11T19:19:08.565+0000] {dagbag.py:538} INFO - Filling up the DagBag from /home/airflow/.local/lib/python3.7/site-packages/airflow/example_dags/example_short_circuit_decorator.py
[2023-05-11T19:19:08.587+0000] {processor.py:753} INFO - DAG(s) dict_keys(['example_short_circuit_decorator']) retrieved from /home/airflow/.local/lib/python3.7/site-packages/airflow/example_dags/example_short_circuit_decorator.py
[2023-05-11T19:19:08.610+0000] {logging_mixin.py:137} INFO - [2023-05-11T19:19:08.610+0000] {dag.py:2690} INFO - Sync 1 DAGs
[2023-05-11T19:19:08.633+0000] {logging_mixin.py:137} INFO - [2023-05-11T19:19:08.632+0000] {dag.py:3441} INFO - Setting next_dagrun for example_short_circuit_decorator to 2023-05-10T19:19:08.632667+00:00, run_after=2023-05-11T19:19:08.632667+00:00
[2023-05-11T19:19:08.648+0000] {processor.py:175} INFO - Processing /home/airflow/.local/lib/python3.7/site-packages/airflow/example_dags/example_short_circuit_decorator.py took 0.086 seconds
[2023-05-11T19:19:39.313+0000] {processor.py:153} INFO - Started process (PID=3015) to work on /home/airflow/.local/lib/python3.7/site-packages/airflow/example_dags/example_short_circuit_decorator.py
[2023-05-11T19:19:39.313+0000] {processor.py:743} INFO - Processing file /home/airflow/.local/lib/python3.7/site-packages/airflow/example_dags/example_short_circuit_decorator.py for tasks to queue
[2023-05-11T19:19:39.314+0000] {logging_mixin.py:137} INFO - [2023-05-11T19:19:39.314+0000] {dagbag.py:538} INFO - Filling up the DagBag from /home/airflow/.local/lib/python3.7/site-packages/airflow/example_dags/example_short_circuit_decorator.py
[2023-05-11T19:19:39.334+0000] {processor.py:753} INFO - DAG(s) dict_keys(['example_short_circuit_decorator']) retrieved from /home/airflow/.local/lib/python3.7/site-packages/airflow/example_dags/example_short_circuit_decorator.py
[2023-05-11T19:19:39.358+0000] {logging_mixin.py:137} INFO - [2023-05-11T19:19:39.358+0000] {dag.py:2690} INFO - Sync 1 DAGs
[2023-05-11T19:19:39.379+0000] {logging_mixin.py:137} INFO - [2023-05-11T19:19:39.379+0000] {dag.py:3441} INFO - Setting next_dagrun for example_short_circuit_decorator to 2023-05-10T19:19:39.379197+00:00, run_after=2023-05-11T19:19:39.379197+00:00
[2023-05-11T19:19:39.398+0000] {processor.py:175} INFO - Processing /home/airflow/.local/lib/python3.7/site-packages/airflow/example_dags/example_short_circuit_decorator.py took 0.088 seconds
[2023-05-11T19:20:09.680+0000] {processor.py:153} INFO - Started process (PID=3247) to work on /home/airflow/.local/lib/python3.7/site-packages/airflow/example_dags/example_short_circuit_decorator.py
[2023-05-11T19:20:09.681+0000] {processor.py:743} INFO - Processing file /home/airflow/.local/lib/python3.7/site-packages/airflow/example_dags/example_short_circuit_decorator.py for tasks to queue
[2023-05-11T19:20:09.681+0000] {logging_mixin.py:137} INFO - [2023-05-11T19:20:09.681+0000] {dagbag.py:538} INFO - Filling up the DagBag from /home/airflow/.local/lib/python3.7/site-packages/airflow/example_dags/example_short_circuit_decorator.py
[2023-05-11T19:20:09.702+0000] {processor.py:753} INFO - DAG(s) dict_keys(['example_short_circuit_decorator']) retrieved from /home/airflow/.local/lib/python3.7/site-packages/airflow/example_dags/example_short_circuit_decorator.py
[2023-05-11T19:20:09.725+0000] {logging_mixin.py:137} INFO - [2023-05-11T19:20:09.725+0000] {dag.py:2690} INFO - Sync 1 DAGs
[2023-05-11T19:20:09.748+0000] {logging_mixin.py:137} INFO - [2023-05-11T19:20:09.748+0000] {dag.py:3441} INFO - Setting next_dagrun for example_short_circuit_decorator to 2023-05-10T19:20:09.747837+00:00, run_after=2023-05-11T19:20:09.747837+00:00
[2023-05-11T19:20:09.765+0000] {processor.py:175} INFO - Processing /home/airflow/.local/lib/python3.7/site-packages/airflow/example_dags/example_short_circuit_decorator.py took 0.087 seconds
[2023-05-11T19:20:40.240+0000] {processor.py:153} INFO - Started process (PID=3495) to work on /home/airflow/.local/lib/python3.7/site-packages/airflow/example_dags/example_short_circuit_decorator.py
[2023-05-11T19:20:40.241+0000] {processor.py:743} INFO - Processing file /home/airflow/.local/lib/python3.7/site-packages/airflow/example_dags/example_short_circuit_decorator.py for tasks to queue
[2023-05-11T19:20:40.241+0000] {logging_mixin.py:137} INFO - [2023-05-11T19:20:40.241+0000] {dagbag.py:538} INFO - Filling up the DagBag from /home/airflow/.local/lib/python3.7/site-packages/airflow/example_dags/example_short_circuit_decorator.py
[2023-05-11T19:20:40.256+0000] {processor.py:753} INFO - DAG(s) dict_keys(['example_short_circuit_decorator']) retrieved from /home/airflow/.local/lib/python3.7/site-packages/airflow/example_dags/example_short_circuit_decorator.py
[2023-05-11T19:20:40.273+0000] {logging_mixin.py:137} INFO - [2023-05-11T19:20:40.273+0000] {dag.py:2690} INFO - Sync 1 DAGs
[2023-05-11T19:20:40.288+0000] {logging_mixin.py:137} INFO - [2023-05-11T19:20:40.288+0000] {dag.py:3441} INFO - Setting next_dagrun for example_short_circuit_decorator to 2023-05-10T19:20:40.288593+00:00, run_after=2023-05-11T19:20:40.288593+00:00
[2023-05-11T19:20:40.300+0000] {processor.py:175} INFO - Processing /home/airflow/.local/lib/python3.7/site-packages/airflow/example_dags/example_short_circuit_decorator.py took 0.062 seconds
[2023-05-11T19:21:10.546+0000] {processor.py:153} INFO - Started process (PID=3727) to work on /home/airflow/.local/lib/python3.7/site-packages/airflow/example_dags/example_short_circuit_decorator.py
[2023-05-11T19:21:10.546+0000] {processor.py:743} INFO - Processing file /home/airflow/.local/lib/python3.7/site-packages/airflow/example_dags/example_short_circuit_decorator.py for tasks to queue
[2023-05-11T19:21:10.547+0000] {logging_mixin.py:137} INFO - [2023-05-11T19:21:10.547+0000] {dagbag.py:538} INFO - Filling up the DagBag from /home/airflow/.local/lib/python3.7/site-packages/airflow/example_dags/example_short_circuit_decorator.py
[2023-05-11T19:21:10.568+0000] {processor.py:753} INFO - DAG(s) dict_keys(['example_short_circuit_decorator']) retrieved from /home/airflow/.local/lib/python3.7/site-packages/airflow/example_dags/example_short_circuit_decorator.py
[2023-05-11T19:21:10.592+0000] {logging_mixin.py:137} INFO - [2023-05-11T19:21:10.591+0000] {dag.py:2690} INFO - Sync 1 DAGs
[2023-05-11T19:21:10.614+0000] {logging_mixin.py:137} INFO - [2023-05-11T19:21:10.613+0000] {dag.py:3441} INFO - Setting next_dagrun for example_short_circuit_decorator to 2023-05-10T19:21:10.613684+00:00, run_after=2023-05-11T19:21:10.613684+00:00
[2023-05-11T19:21:10.629+0000] {processor.py:175} INFO - Processing /home/airflow/.local/lib/python3.7/site-packages/airflow/example_dags/example_short_circuit_decorator.py took 0.086 seconds
[2023-05-11T19:21:41.155+0000] {processor.py:153} INFO - Started process (PID=3975) to work on /home/airflow/.local/lib/python3.7/site-packages/airflow/example_dags/example_short_circuit_decorator.py
[2023-05-11T19:21:41.156+0000] {processor.py:743} INFO - Processing file /home/airflow/.local/lib/python3.7/site-packages/airflow/example_dags/example_short_circuit_decorator.py for tasks to queue
[2023-05-11T19:21:41.156+0000] {logging_mixin.py:137} INFO - [2023-05-11T19:21:41.156+0000] {dagbag.py:538} INFO - Filling up the DagBag from /home/airflow/.local/lib/python3.7/site-packages/airflow/example_dags/example_short_circuit_decorator.py
[2023-05-11T19:21:41.170+0000] {processor.py:753} INFO - DAG(s) dict_keys(['example_short_circuit_decorator']) retrieved from /home/airflow/.local/lib/python3.7/site-packages/airflow/example_dags/example_short_circuit_decorator.py
[2023-05-11T19:21:41.188+0000] {logging_mixin.py:137} INFO - [2023-05-11T19:21:41.188+0000] {dag.py:2690} INFO - Sync 1 DAGs
[2023-05-11T19:21:41.204+0000] {logging_mixin.py:137} INFO - [2023-05-11T19:21:41.204+0000] {dag.py:3441} INFO - Setting next_dagrun for example_short_circuit_decorator to 2023-05-10T19:21:41.204094+00:00, run_after=2023-05-11T19:21:41.204094+00:00
[2023-05-11T19:21:41.216+0000] {processor.py:175} INFO - Processing /home/airflow/.local/lib/python3.7/site-packages/airflow/example_dags/example_short_circuit_decorator.py took 0.063 seconds
[2023-05-11T19:22:11.330+0000] {processor.py:153} INFO - Started process (PID=4207) to work on /home/airflow/.local/lib/python3.7/site-packages/airflow/example_dags/example_short_circuit_decorator.py
[2023-05-11T19:22:11.330+0000] {processor.py:743} INFO - Processing file /home/airflow/.local/lib/python3.7/site-packages/airflow/example_dags/example_short_circuit_decorator.py for tasks to queue
[2023-05-11T19:22:11.331+0000] {logging_mixin.py:137} INFO - [2023-05-11T19:22:11.331+0000] {dagbag.py:538} INFO - Filling up the DagBag from /home/airflow/.local/lib/python3.7/site-packages/airflow/example_dags/example_short_circuit_decorator.py
[2023-05-11T19:22:11.345+0000] {processor.py:753} INFO - DAG(s) dict_keys(['example_short_circuit_decorator']) retrieved from /home/airflow/.local/lib/python3.7/site-packages/airflow/example_dags/example_short_circuit_decorator.py
[2023-05-11T19:22:11.362+0000] {logging_mixin.py:137} INFO - [2023-05-11T19:22:11.362+0000] {dag.py:2690} INFO - Sync 1 DAGs
[2023-05-11T19:22:11.378+0000] {logging_mixin.py:137} INFO - [2023-05-11T19:22:11.377+0000] {dag.py:3441} INFO - Setting next_dagrun for example_short_circuit_decorator to 2023-05-10T19:22:11.377756+00:00, run_after=2023-05-11T19:22:11.377756+00:00
[2023-05-11T19:22:11.389+0000] {processor.py:175} INFO - Processing /home/airflow/.local/lib/python3.7/site-packages/airflow/example_dags/example_short_circuit_decorator.py took 0.061 seconds
[2023-05-11T19:22:41.988+0000] {processor.py:153} INFO - Started process (PID=4456) to work on /home/airflow/.local/lib/python3.7/site-packages/airflow/example_dags/example_short_circuit_decorator.py
[2023-05-11T19:22:41.988+0000] {processor.py:743} INFO - Processing file /home/airflow/.local/lib/python3.7/site-packages/airflow/example_dags/example_short_circuit_decorator.py for tasks to queue
[2023-05-11T19:22:41.989+0000] {logging_mixin.py:137} INFO - [2023-05-11T19:22:41.989+0000] {dagbag.py:538} INFO - Filling up the DagBag from /home/airflow/.local/lib/python3.7/site-packages/airflow/example_dags/example_short_circuit_decorator.py
[2023-05-11T19:22:42.004+0000] {processor.py:753} INFO - DAG(s) dict_keys(['example_short_circuit_decorator']) retrieved from /home/airflow/.local/lib/python3.7/site-packages/airflow/example_dags/example_short_circuit_decorator.py
[2023-05-11T19:22:42.021+0000] {logging_mixin.py:137} INFO - [2023-05-11T19:22:42.021+0000] {dag.py:2690} INFO - Sync 1 DAGs
[2023-05-11T19:22:42.036+0000] {logging_mixin.py:137} INFO - [2023-05-11T19:22:42.036+0000] {dag.py:3441} INFO - Setting next_dagrun for example_short_circuit_decorator to 2023-05-10T19:22:42.036188+00:00, run_after=2023-05-11T19:22:42.036188+00:00
[2023-05-11T19:22:42.048+0000] {processor.py:175} INFO - Processing /home/airflow/.local/lib/python3.7/site-packages/airflow/example_dags/example_short_circuit_decorator.py took 0.062 seconds
[2023-05-11T19:23:12.406+0000] {processor.py:153} INFO - Started process (PID=4688) to work on /home/airflow/.local/lib/python3.7/site-packages/airflow/example_dags/example_short_circuit_decorator.py
[2023-05-11T19:23:12.406+0000] {processor.py:743} INFO - Processing file /home/airflow/.local/lib/python3.7/site-packages/airflow/example_dags/example_short_circuit_decorator.py for tasks to queue
[2023-05-11T19:23:12.407+0000] {logging_mixin.py:137} INFO - [2023-05-11T19:23:12.407+0000] {dagbag.py:538} INFO - Filling up the DagBag from /home/airflow/.local/lib/python3.7/site-packages/airflow/example_dags/example_short_circuit_decorator.py
[2023-05-11T19:23:12.430+0000] {processor.py:753} INFO - DAG(s) dict_keys(['example_short_circuit_decorator']) retrieved from /home/airflow/.local/lib/python3.7/site-packages/airflow/example_dags/example_short_circuit_decorator.py
[2023-05-11T19:23:12.453+0000] {logging_mixin.py:137} INFO - [2023-05-11T19:23:12.452+0000] {dag.py:2690} INFO - Sync 1 DAGs
[2023-05-11T19:23:12.474+0000] {logging_mixin.py:137} INFO - [2023-05-11T19:23:12.474+0000] {dag.py:3441} INFO - Setting next_dagrun for example_short_circuit_decorator to 2023-05-10T19:23:12.474413+00:00, run_after=2023-05-11T19:23:12.474413+00:00
[2023-05-11T19:23:12.492+0000] {processor.py:175} INFO - Processing /home/airflow/.local/lib/python3.7/site-packages/airflow/example_dags/example_short_circuit_decorator.py took 0.089 seconds
[2023-05-11T19:23:42.689+0000] {processor.py:153} INFO - Started process (PID=4939) to work on /home/airflow/.local/lib/python3.7/site-packages/airflow/example_dags/example_short_circuit_decorator.py
[2023-05-11T19:23:42.690+0000] {processor.py:743} INFO - Processing file /home/airflow/.local/lib/python3.7/site-packages/airflow/example_dags/example_short_circuit_decorator.py for tasks to queue
[2023-05-11T19:23:42.690+0000] {logging_mixin.py:137} INFO - [2023-05-11T19:23:42.690+0000] {dagbag.py:538} INFO - Filling up the DagBag from /home/airflow/.local/lib/python3.7/site-packages/airflow/example_dags/example_short_circuit_decorator.py
[2023-05-11T19:23:42.713+0000] {processor.py:753} INFO - DAG(s) dict_keys(['example_short_circuit_decorator']) retrieved from /home/airflow/.local/lib/python3.7/site-packages/airflow/example_dags/example_short_circuit_decorator.py
[2023-05-11T19:23:42.740+0000] {logging_mixin.py:137} INFO - [2023-05-11T19:23:42.740+0000] {dag.py:2690} INFO - Sync 1 DAGs
[2023-05-11T19:23:42.767+0000] {logging_mixin.py:137} INFO - [2023-05-11T19:23:42.767+0000] {dag.py:3441} INFO - Setting next_dagrun for example_short_circuit_decorator to 2023-05-10T19:23:42.767262+00:00, run_after=2023-05-11T19:23:42.767262+00:00
[2023-05-11T19:23:42.785+0000] {processor.py:175} INFO - Processing /home/airflow/.local/lib/python3.7/site-packages/airflow/example_dags/example_short_circuit_decorator.py took 0.098 seconds
[2023-05-11T19:24:13.224+0000] {processor.py:153} INFO - Started process (PID=5169) to work on /home/airflow/.local/lib/python3.7/site-packages/airflow/example_dags/example_short_circuit_decorator.py
[2023-05-11T19:24:13.225+0000] {processor.py:743} INFO - Processing file /home/airflow/.local/lib/python3.7/site-packages/airflow/example_dags/example_short_circuit_decorator.py for tasks to queue
[2023-05-11T19:24:13.226+0000] {logging_mixin.py:137} INFO - [2023-05-11T19:24:13.226+0000] {dagbag.py:538} INFO - Filling up the DagBag from /home/airflow/.local/lib/python3.7/site-packages/airflow/example_dags/example_short_circuit_decorator.py
[2023-05-11T19:24:13.260+0000] {processor.py:753} INFO - DAG(s) dict_keys(['example_short_circuit_decorator']) retrieved from /home/airflow/.local/lib/python3.7/site-packages/airflow/example_dags/example_short_circuit_decorator.py
[2023-05-11T19:24:13.297+0000] {logging_mixin.py:137} INFO - [2023-05-11T19:24:13.296+0000] {dag.py:2690} INFO - Sync 1 DAGs
[2023-05-11T19:24:13.334+0000] {logging_mixin.py:137} INFO - [2023-05-11T19:24:13.334+0000] {dag.py:3441} INFO - Setting next_dagrun for example_short_circuit_decorator to 2023-05-10T19:24:13.333975+00:00, run_after=2023-05-11T19:24:13.333975+00:00
[2023-05-11T19:24:13.360+0000] {processor.py:175} INFO - Processing /home/airflow/.local/lib/python3.7/site-packages/airflow/example_dags/example_short_circuit_decorator.py took 0.139 seconds
[2023-05-11T19:24:43.427+0000] {processor.py:153} INFO - Started process (PID=5419) to work on /home/airflow/.local/lib/python3.7/site-packages/airflow/example_dags/example_short_circuit_decorator.py
[2023-05-11T19:24:43.428+0000] {processor.py:743} INFO - Processing file /home/airflow/.local/lib/python3.7/site-packages/airflow/example_dags/example_short_circuit_decorator.py for tasks to queue
[2023-05-11T19:24:43.428+0000] {logging_mixin.py:137} INFO - [2023-05-11T19:24:43.428+0000] {dagbag.py:538} INFO - Filling up the DagBag from /home/airflow/.local/lib/python3.7/site-packages/airflow/example_dags/example_short_circuit_decorator.py
[2023-05-11T19:24:43.443+0000] {processor.py:753} INFO - DAG(s) dict_keys(['example_short_circuit_decorator']) retrieved from /home/airflow/.local/lib/python3.7/site-packages/airflow/example_dags/example_short_circuit_decorator.py
[2023-05-11T19:24:43.460+0000] {logging_mixin.py:137} INFO - [2023-05-11T19:24:43.460+0000] {dag.py:2690} INFO - Sync 1 DAGs
[2023-05-11T19:24:43.473+0000] {logging_mixin.py:137} INFO - [2023-05-11T19:24:43.473+0000] {dag.py:3441} INFO - Setting next_dagrun for example_short_circuit_decorator to 2023-05-10T19:24:43.473777+00:00, run_after=2023-05-11T19:24:43.473777+00:00
[2023-05-11T19:24:43.484+0000] {processor.py:175} INFO - Processing /home/airflow/.local/lib/python3.7/site-packages/airflow/example_dags/example_short_circuit_decorator.py took 0.059 seconds
[2023-05-11T19:25:29.224+0000] {processor.py:153} INFO - Started process (PID=359) to work on /home/airflow/.local/lib/python3.7/site-packages/airflow/example_dags/example_short_circuit_decorator.py
[2023-05-11T19:25:29.225+0000] {processor.py:743} INFO - Processing file /home/airflow/.local/lib/python3.7/site-packages/airflow/example_dags/example_short_circuit_decorator.py for tasks to queue
[2023-05-11T19:25:29.225+0000] {logging_mixin.py:137} INFO - [2023-05-11T19:25:29.225+0000] {dagbag.py:538} INFO - Filling up the DagBag from /home/airflow/.local/lib/python3.7/site-packages/airflow/example_dags/example_short_circuit_decorator.py
[2023-05-11T19:25:29.240+0000] {processor.py:753} INFO - DAG(s) dict_keys(['example_short_circuit_decorator']) retrieved from /home/airflow/.local/lib/python3.7/site-packages/airflow/example_dags/example_short_circuit_decorator.py
[2023-05-11T19:25:29.250+0000] {logging_mixin.py:137} INFO - [2023-05-11T19:25:29.249+0000] {dag.py:2690} INFO - Sync 1 DAGs
[2023-05-11T19:25:29.267+0000] {logging_mixin.py:137} INFO - [2023-05-11T19:25:29.267+0000] {dag.py:3441} INFO - Setting next_dagrun for example_short_circuit_decorator to 2023-05-10T19:25:29.267674+00:00, run_after=2023-05-11T19:25:29.267674+00:00
[2023-05-11T19:25:29.281+0000] {processor.py:175} INFO - Processing /home/airflow/.local/lib/python3.7/site-packages/airflow/example_dags/example_short_circuit_decorator.py took 0.059 seconds
[2023-05-11T19:25:59.981+0000] {processor.py:153} INFO - Started process (PID=591) to work on /home/airflow/.local/lib/python3.7/site-packages/airflow/example_dags/example_short_circuit_decorator.py
[2023-05-11T19:25:59.982+0000] {processor.py:743} INFO - Processing file /home/airflow/.local/lib/python3.7/site-packages/airflow/example_dags/example_short_circuit_decorator.py for tasks to queue
[2023-05-11T19:25:59.982+0000] {logging_mixin.py:137} INFO - [2023-05-11T19:25:59.982+0000] {dagbag.py:538} INFO - Filling up the DagBag from /home/airflow/.local/lib/python3.7/site-packages/airflow/example_dags/example_short_circuit_decorator.py
[2023-05-11T19:26:00.000+0000] {processor.py:753} INFO - DAG(s) dict_keys(['example_short_circuit_decorator']) retrieved from /home/airflow/.local/lib/python3.7/site-packages/airflow/example_dags/example_short_circuit_decorator.py
[2023-05-11T19:26:00.017+0000] {logging_mixin.py:137} INFO - [2023-05-11T19:26:00.017+0000] {dag.py:2690} INFO - Sync 1 DAGs
[2023-05-11T19:26:00.034+0000] {logging_mixin.py:137} INFO - [2023-05-11T19:26:00.034+0000] {dag.py:3441} INFO - Setting next_dagrun for example_short_circuit_decorator to 2023-05-10T19:26:00.034000+00:00, run_after=2023-05-11T19:26:00.034000+00:00
[2023-05-11T19:26:00.046+0000] {processor.py:175} INFO - Processing /home/airflow/.local/lib/python3.7/site-packages/airflow/example_dags/example_short_circuit_decorator.py took 0.066 seconds
[2023-05-11T19:26:30.633+0000] {processor.py:153} INFO - Started process (PID=841) to work on /home/airflow/.local/lib/python3.7/site-packages/airflow/example_dags/example_short_circuit_decorator.py
[2023-05-11T19:26:30.634+0000] {processor.py:743} INFO - Processing file /home/airflow/.local/lib/python3.7/site-packages/airflow/example_dags/example_short_circuit_decorator.py for tasks to queue
[2023-05-11T19:26:30.634+0000] {logging_mixin.py:137} INFO - [2023-05-11T19:26:30.634+0000] {dagbag.py:538} INFO - Filling up the DagBag from /home/airflow/.local/lib/python3.7/site-packages/airflow/example_dags/example_short_circuit_decorator.py
[2023-05-11T19:26:30.650+0000] {processor.py:753} INFO - DAG(s) dict_keys(['example_short_circuit_decorator']) retrieved from /home/airflow/.local/lib/python3.7/site-packages/airflow/example_dags/example_short_circuit_decorator.py
[2023-05-11T19:26:30.667+0000] {logging_mixin.py:137} INFO - [2023-05-11T19:26:30.667+0000] {dag.py:2690} INFO - Sync 1 DAGs
[2023-05-11T19:26:30.684+0000] {logging_mixin.py:137} INFO - [2023-05-11T19:26:30.684+0000] {dag.py:3441} INFO - Setting next_dagrun for example_short_circuit_decorator to 2023-05-10T19:26:30.684254+00:00, run_after=2023-05-11T19:26:30.684254+00:00
[2023-05-11T19:26:30.697+0000] {processor.py:175} INFO - Processing /home/airflow/.local/lib/python3.7/site-packages/airflow/example_dags/example_short_circuit_decorator.py took 0.065 seconds
[2023-05-11T19:27:01.140+0000] {processor.py:153} INFO - Started process (PID=1073) to work on /home/airflow/.local/lib/python3.7/site-packages/airflow/example_dags/example_short_circuit_decorator.py
[2023-05-11T19:27:01.141+0000] {processor.py:743} INFO - Processing file /home/airflow/.local/lib/python3.7/site-packages/airflow/example_dags/example_short_circuit_decorator.py for tasks to queue
[2023-05-11T19:27:01.142+0000] {logging_mixin.py:137} INFO - [2023-05-11T19:27:01.142+0000] {dagbag.py:538} INFO - Filling up the DagBag from /home/airflow/.local/lib/python3.7/site-packages/airflow/example_dags/example_short_circuit_decorator.py
[2023-05-11T19:27:01.172+0000] {processor.py:753} INFO - DAG(s) dict_keys(['example_short_circuit_decorator']) retrieved from /home/airflow/.local/lib/python3.7/site-packages/airflow/example_dags/example_short_circuit_decorator.py
[2023-05-11T19:27:01.199+0000] {logging_mixin.py:137} INFO - [2023-05-11T19:27:01.199+0000] {dag.py:2690} INFO - Sync 1 DAGs
[2023-05-11T19:27:01.233+0000] {logging_mixin.py:137} INFO - [2023-05-11T19:27:01.233+0000] {dag.py:3441} INFO - Setting next_dagrun for example_short_circuit_decorator to 2023-05-10T19:27:01.233470+00:00, run_after=2023-05-11T19:27:01.233470+00:00
[2023-05-11T19:27:01.255+0000] {processor.py:175} INFO - Processing /home/airflow/.local/lib/python3.7/site-packages/airflow/example_dags/example_short_circuit_decorator.py took 0.119 seconds
[2023-05-11T19:27:32.131+0000] {processor.py:153} INFO - Started process (PID=1321) to work on /home/airflow/.local/lib/python3.7/site-packages/airflow/example_dags/example_short_circuit_decorator.py
[2023-05-11T19:27:32.132+0000] {processor.py:743} INFO - Processing file /home/airflow/.local/lib/python3.7/site-packages/airflow/example_dags/example_short_circuit_decorator.py for tasks to queue
[2023-05-11T19:27:32.132+0000] {logging_mixin.py:137} INFO - [2023-05-11T19:27:32.132+0000] {dagbag.py:538} INFO - Filling up the DagBag from /home/airflow/.local/lib/python3.7/site-packages/airflow/example_dags/example_short_circuit_decorator.py
[2023-05-11T19:27:32.147+0000] {processor.py:753} INFO - DAG(s) dict_keys(['example_short_circuit_decorator']) retrieved from /home/airflow/.local/lib/python3.7/site-packages/airflow/example_dags/example_short_circuit_decorator.py
[2023-05-11T19:27:32.165+0000] {logging_mixin.py:137} INFO - [2023-05-11T19:27:32.165+0000] {dag.py:2690} INFO - Sync 1 DAGs
[2023-05-11T19:27:32.181+0000] {logging_mixin.py:137} INFO - [2023-05-11T19:27:32.180+0000] {dag.py:3441} INFO - Setting next_dagrun for example_short_circuit_decorator to 2023-05-10T19:27:32.180787+00:00, run_after=2023-05-11T19:27:32.180787+00:00
[2023-05-11T19:27:32.192+0000] {processor.py:175} INFO - Processing /home/airflow/.local/lib/python3.7/site-packages/airflow/example_dags/example_short_circuit_decorator.py took 0.062 seconds
[2023-05-11T19:28:02.506+0000] {processor.py:153} INFO - Started process (PID=1551) to work on /home/airflow/.local/lib/python3.7/site-packages/airflow/example_dags/example_short_circuit_decorator.py
[2023-05-11T19:28:02.507+0000] {processor.py:743} INFO - Processing file /home/airflow/.local/lib/python3.7/site-packages/airflow/example_dags/example_short_circuit_decorator.py for tasks to queue
[2023-05-11T19:28:02.507+0000] {logging_mixin.py:137} INFO - [2023-05-11T19:28:02.507+0000] {dagbag.py:538} INFO - Filling up the DagBag from /home/airflow/.local/lib/python3.7/site-packages/airflow/example_dags/example_short_circuit_decorator.py
[2023-05-11T19:28:02.528+0000] {processor.py:753} INFO - DAG(s) dict_keys(['example_short_circuit_decorator']) retrieved from /home/airflow/.local/lib/python3.7/site-packages/airflow/example_dags/example_short_circuit_decorator.py
[2023-05-11T19:28:02.553+0000] {logging_mixin.py:137} INFO - [2023-05-11T19:28:02.552+0000] {dag.py:2690} INFO - Sync 1 DAGs
[2023-05-11T19:28:02.578+0000] {logging_mixin.py:137} INFO - [2023-05-11T19:28:02.578+0000] {dag.py:3441} INFO - Setting next_dagrun for example_short_circuit_decorator to 2023-05-10T19:28:02.578109+00:00, run_after=2023-05-11T19:28:02.578109+00:00
[2023-05-11T19:28:02.594+0000] {processor.py:175} INFO - Processing /home/airflow/.local/lib/python3.7/site-packages/airflow/example_dags/example_short_circuit_decorator.py took 0.091 seconds
[2023-05-11T19:28:33.562+0000] {processor.py:153} INFO - Started process (PID=1799) to work on /home/airflow/.local/lib/python3.7/site-packages/airflow/example_dags/example_short_circuit_decorator.py
[2023-05-11T19:28:33.563+0000] {processor.py:743} INFO - Processing file /home/airflow/.local/lib/python3.7/site-packages/airflow/example_dags/example_short_circuit_decorator.py for tasks to queue
[2023-05-11T19:28:33.563+0000] {logging_mixin.py:137} INFO - [2023-05-11T19:28:33.563+0000] {dagbag.py:538} INFO - Filling up the DagBag from /home/airflow/.local/lib/python3.7/site-packages/airflow/example_dags/example_short_circuit_decorator.py
[2023-05-11T19:28:33.587+0000] {processor.py:753} INFO - DAG(s) dict_keys(['example_short_circuit_decorator']) retrieved from /home/airflow/.local/lib/python3.7/site-packages/airflow/example_dags/example_short_circuit_decorator.py
[2023-05-11T19:28:33.613+0000] {logging_mixin.py:137} INFO - [2023-05-11T19:28:33.613+0000] {dag.py:2690} INFO - Sync 1 DAGs
[2023-05-11T19:28:33.639+0000] {logging_mixin.py:137} INFO - [2023-05-11T19:28:33.639+0000] {dag.py:3441} INFO - Setting next_dagrun for example_short_circuit_decorator to 2023-05-10T19:28:33.638907+00:00, run_after=2023-05-11T19:28:33.638907+00:00
[2023-05-11T19:28:33.652+0000] {processor.py:175} INFO - Processing /home/airflow/.local/lib/python3.7/site-packages/airflow/example_dags/example_short_circuit_decorator.py took 0.093 seconds
[2023-05-11T19:29:04.166+0000] {processor.py:153} INFO - Started process (PID=2040) to work on /home/airflow/.local/lib/python3.7/site-packages/airflow/example_dags/example_short_circuit_decorator.py
[2023-05-11T19:29:04.167+0000] {processor.py:743} INFO - Processing file /home/airflow/.local/lib/python3.7/site-packages/airflow/example_dags/example_short_circuit_decorator.py for tasks to queue
[2023-05-11T19:29:04.168+0000] {logging_mixin.py:137} INFO - [2023-05-11T19:29:04.168+0000] {dagbag.py:538} INFO - Filling up the DagBag from /home/airflow/.local/lib/python3.7/site-packages/airflow/example_dags/example_short_circuit_decorator.py
[2023-05-11T19:29:04.201+0000] {processor.py:753} INFO - DAG(s) dict_keys(['example_short_circuit_decorator']) retrieved from /home/airflow/.local/lib/python3.7/site-packages/airflow/example_dags/example_short_circuit_decorator.py
[2023-05-11T19:29:04.234+0000] {logging_mixin.py:137} INFO - [2023-05-11T19:29:04.234+0000] {dag.py:2690} INFO - Sync 1 DAGs
[2023-05-11T19:29:04.261+0000] {logging_mixin.py:137} INFO - [2023-05-11T19:29:04.260+0000] {dag.py:3441} INFO - Setting next_dagrun for example_short_circuit_decorator to 2023-05-10T19:29:04.260711+00:00, run_after=2023-05-11T19:29:04.260711+00:00
[2023-05-11T19:29:04.283+0000] {processor.py:175} INFO - Processing /home/airflow/.local/lib/python3.7/site-packages/airflow/example_dags/example_short_circuit_decorator.py took 0.120 seconds
[2023-05-11T19:29:34.498+0000] {processor.py:153} INFO - Started process (PID=2282) to work on /home/airflow/.local/lib/python3.7/site-packages/airflow/example_dags/example_short_circuit_decorator.py
[2023-05-11T19:29:34.499+0000] {processor.py:743} INFO - Processing file /home/airflow/.local/lib/python3.7/site-packages/airflow/example_dags/example_short_circuit_decorator.py for tasks to queue
[2023-05-11T19:29:34.499+0000] {logging_mixin.py:137} INFO - [2023-05-11T19:29:34.499+0000] {dagbag.py:538} INFO - Filling up the DagBag from /home/airflow/.local/lib/python3.7/site-packages/airflow/example_dags/example_short_circuit_decorator.py
[2023-05-11T19:29:34.521+0000] {processor.py:753} INFO - DAG(s) dict_keys(['example_short_circuit_decorator']) retrieved from /home/airflow/.local/lib/python3.7/site-packages/airflow/example_dags/example_short_circuit_decorator.py
[2023-05-11T19:29:34.544+0000] {logging_mixin.py:137} INFO - [2023-05-11T19:29:34.544+0000] {dag.py:2690} INFO - Sync 1 DAGs
[2023-05-11T19:29:34.566+0000] {logging_mixin.py:137} INFO - [2023-05-11T19:29:34.566+0000] {dag.py:3441} INFO - Setting next_dagrun for example_short_circuit_decorator to 2023-05-10T19:29:34.566142+00:00, run_after=2023-05-11T19:29:34.566142+00:00
[2023-05-11T19:29:34.582+0000] {processor.py:175} INFO - Processing /home/airflow/.local/lib/python3.7/site-packages/airflow/example_dags/example_short_circuit_decorator.py took 0.087 seconds
[2023-05-11T19:30:05.244+0000] {processor.py:153} INFO - Started process (PID=2530) to work on /home/airflow/.local/lib/python3.7/site-packages/airflow/example_dags/example_short_circuit_decorator.py
[2023-05-11T19:30:05.245+0000] {processor.py:743} INFO - Processing file /home/airflow/.local/lib/python3.7/site-packages/airflow/example_dags/example_short_circuit_decorator.py for tasks to queue
[2023-05-11T19:30:05.246+0000] {logging_mixin.py:137} INFO - [2023-05-11T19:30:05.246+0000] {dagbag.py:538} INFO - Filling up the DagBag from /home/airflow/.local/lib/python3.7/site-packages/airflow/example_dags/example_short_circuit_decorator.py
[2023-05-11T19:30:05.294+0000] {processor.py:753} INFO - DAG(s) dict_keys(['example_short_circuit_decorator']) retrieved from /home/airflow/.local/lib/python3.7/site-packages/airflow/example_dags/example_short_circuit_decorator.py
[2023-05-11T19:30:05.322+0000] {logging_mixin.py:137} INFO - [2023-05-11T19:30:05.321+0000] {dag.py:2690} INFO - Sync 1 DAGs
[2023-05-11T19:30:05.342+0000] {logging_mixin.py:137} INFO - [2023-05-11T19:30:05.342+0000] {dag.py:3441} INFO - Setting next_dagrun for example_short_circuit_decorator to 2023-05-10T19:30:05.342096+00:00, run_after=2023-05-11T19:30:05.342096+00:00
[2023-05-11T19:30:05.361+0000] {processor.py:175} INFO - Processing /home/airflow/.local/lib/python3.7/site-packages/airflow/example_dags/example_short_circuit_decorator.py took 0.120 seconds
[2023-05-11T19:30:35.576+0000] {processor.py:153} INFO - Started process (PID=2762) to work on /home/airflow/.local/lib/python3.7/site-packages/airflow/example_dags/example_short_circuit_decorator.py
[2023-05-11T19:30:35.577+0000] {processor.py:743} INFO - Processing file /home/airflow/.local/lib/python3.7/site-packages/airflow/example_dags/example_short_circuit_decorator.py for tasks to queue
[2023-05-11T19:30:35.577+0000] {logging_mixin.py:137} INFO - [2023-05-11T19:30:35.577+0000] {dagbag.py:538} INFO - Filling up the DagBag from /home/airflow/.local/lib/python3.7/site-packages/airflow/example_dags/example_short_circuit_decorator.py
[2023-05-11T19:30:35.602+0000] {processor.py:753} INFO - DAG(s) dict_keys(['example_short_circuit_decorator']) retrieved from /home/airflow/.local/lib/python3.7/site-packages/airflow/example_dags/example_short_circuit_decorator.py
[2023-05-11T19:30:35.622+0000] {logging_mixin.py:137} INFO - [2023-05-11T19:30:35.622+0000] {dag.py:2690} INFO - Sync 1 DAGs
[2023-05-11T19:30:35.641+0000] {logging_mixin.py:137} INFO - [2023-05-11T19:30:35.641+0000] {dag.py:3441} INFO - Setting next_dagrun for example_short_circuit_decorator to 2023-05-10T19:30:35.640952+00:00, run_after=2023-05-11T19:30:35.640952+00:00
[2023-05-11T19:30:35.655+0000] {processor.py:175} INFO - Processing /home/airflow/.local/lib/python3.7/site-packages/airflow/example_dags/example_short_circuit_decorator.py took 0.080 seconds
[2023-05-11T19:31:06.282+0000] {processor.py:153} INFO - Started process (PID=3003) to work on /home/airflow/.local/lib/python3.7/site-packages/airflow/example_dags/example_short_circuit_decorator.py
[2023-05-11T19:31:06.282+0000] {processor.py:743} INFO - Processing file /home/airflow/.local/lib/python3.7/site-packages/airflow/example_dags/example_short_circuit_decorator.py for tasks to queue
[2023-05-11T19:31:06.283+0000] {logging_mixin.py:137} INFO - [2023-05-11T19:31:06.283+0000] {dagbag.py:538} INFO - Filling up the DagBag from /home/airflow/.local/lib/python3.7/site-packages/airflow/example_dags/example_short_circuit_decorator.py
[2023-05-11T19:31:06.316+0000] {processor.py:753} INFO - DAG(s) dict_keys(['example_short_circuit_decorator']) retrieved from /home/airflow/.local/lib/python3.7/site-packages/airflow/example_dags/example_short_circuit_decorator.py
[2023-05-11T19:31:06.379+0000] {logging_mixin.py:137} INFO - [2023-05-11T19:31:06.379+0000] {dag.py:2690} INFO - Sync 1 DAGs
[2023-05-11T19:31:06.440+0000] {logging_mixin.py:137} INFO - [2023-05-11T19:31:06.440+0000] {dag.py:3441} INFO - Setting next_dagrun for example_short_circuit_decorator to 2023-05-10T19:31:06.440180+00:00, run_after=2023-05-11T19:31:06.440180+00:00
[2023-05-11T19:31:06.462+0000] {processor.py:175} INFO - Processing /home/airflow/.local/lib/python3.7/site-packages/airflow/example_dags/example_short_circuit_decorator.py took 0.183 seconds
[2023-05-11T19:31:37.260+0000] {processor.py:153} INFO - Started process (PID=3242) to work on /home/airflow/.local/lib/python3.7/site-packages/airflow/example_dags/example_short_circuit_decorator.py
[2023-05-11T19:31:37.260+0000] {processor.py:743} INFO - Processing file /home/airflow/.local/lib/python3.7/site-packages/airflow/example_dags/example_short_circuit_decorator.py for tasks to queue
[2023-05-11T19:31:37.261+0000] {logging_mixin.py:137} INFO - [2023-05-11T19:31:37.260+0000] {dagbag.py:538} INFO - Filling up the DagBag from /home/airflow/.local/lib/python3.7/site-packages/airflow/example_dags/example_short_circuit_decorator.py
[2023-05-11T19:31:37.276+0000] {processor.py:753} INFO - DAG(s) dict_keys(['example_short_circuit_decorator']) retrieved from /home/airflow/.local/lib/python3.7/site-packages/airflow/example_dags/example_short_circuit_decorator.py
[2023-05-11T19:31:37.294+0000] {logging_mixin.py:137} INFO - [2023-05-11T19:31:37.294+0000] {dag.py:2690} INFO - Sync 1 DAGs
[2023-05-11T19:31:37.310+0000] {logging_mixin.py:137} INFO - [2023-05-11T19:31:37.310+0000] {dag.py:3441} INFO - Setting next_dagrun for example_short_circuit_decorator to 2023-05-10T19:31:37.310544+00:00, run_after=2023-05-11T19:31:37.310544+00:00
[2023-05-11T19:31:37.322+0000] {processor.py:175} INFO - Processing /home/airflow/.local/lib/python3.7/site-packages/airflow/example_dags/example_short_circuit_decorator.py took 0.064 seconds
[2023-05-11T19:32:07.592+0000] {processor.py:153} INFO - Started process (PID=3489) to work on /home/airflow/.local/lib/python3.7/site-packages/airflow/example_dags/example_short_circuit_decorator.py
[2023-05-11T19:32:07.594+0000] {processor.py:743} INFO - Processing file /home/airflow/.local/lib/python3.7/site-packages/airflow/example_dags/example_short_circuit_decorator.py for tasks to queue
[2023-05-11T19:32:07.594+0000] {logging_mixin.py:137} INFO - [2023-05-11T19:32:07.594+0000] {dagbag.py:538} INFO - Filling up the DagBag from /home/airflow/.local/lib/python3.7/site-packages/airflow/example_dags/example_short_circuit_decorator.py
[2023-05-11T19:32:07.613+0000] {processor.py:753} INFO - DAG(s) dict_keys(['example_short_circuit_decorator']) retrieved from /home/airflow/.local/lib/python3.7/site-packages/airflow/example_dags/example_short_circuit_decorator.py
[2023-05-11T19:32:07.655+0000] {logging_mixin.py:137} INFO - [2023-05-11T19:32:07.655+0000] {dag.py:2690} INFO - Sync 1 DAGs
[2023-05-11T19:32:07.678+0000] {logging_mixin.py:137} INFO - [2023-05-11T19:32:07.677+0000] {dag.py:3441} INFO - Setting next_dagrun for example_short_circuit_decorator to 2023-05-10T19:32:07.677022+00:00, run_after=2023-05-11T19:32:07.677022+00:00
[2023-05-11T19:32:07.697+0000] {processor.py:175} INFO - Processing /home/airflow/.local/lib/python3.7/site-packages/airflow/example_dags/example_short_circuit_decorator.py took 0.107 seconds
[2023-05-11T19:32:38.092+0000] {processor.py:153} INFO - Started process (PID=3723) to work on /home/airflow/.local/lib/python3.7/site-packages/airflow/example_dags/example_short_circuit_decorator.py
[2023-05-11T19:32:38.093+0000] {processor.py:743} INFO - Processing file /home/airflow/.local/lib/python3.7/site-packages/airflow/example_dags/example_short_circuit_decorator.py for tasks to queue
[2023-05-11T19:32:38.093+0000] {logging_mixin.py:137} INFO - [2023-05-11T19:32:38.093+0000] {dagbag.py:538} INFO - Filling up the DagBag from /home/airflow/.local/lib/python3.7/site-packages/airflow/example_dags/example_short_circuit_decorator.py
[2023-05-11T19:32:38.115+0000] {processor.py:753} INFO - DAG(s) dict_keys(['example_short_circuit_decorator']) retrieved from /home/airflow/.local/lib/python3.7/site-packages/airflow/example_dags/example_short_circuit_decorator.py
[2023-05-11T19:32:38.139+0000] {logging_mixin.py:137} INFO - [2023-05-11T19:32:38.139+0000] {dag.py:2690} INFO - Sync 1 DAGs
[2023-05-11T19:32:38.160+0000] {logging_mixin.py:137} INFO - [2023-05-11T19:32:38.160+0000] {dag.py:3441} INFO - Setting next_dagrun for example_short_circuit_decorator to 2023-05-10T19:32:38.160410+00:00, run_after=2023-05-11T19:32:38.160410+00:00
[2023-05-11T19:32:38.176+0000] {processor.py:175} INFO - Processing /home/airflow/.local/lib/python3.7/site-packages/airflow/example_dags/example_short_circuit_decorator.py took 0.087 seconds
[2023-05-11T19:33:08.580+0000] {processor.py:153} INFO - Started process (PID=3969) to work on /home/airflow/.local/lib/python3.7/site-packages/airflow/example_dags/example_short_circuit_decorator.py
[2023-05-11T19:33:08.580+0000] {processor.py:743} INFO - Processing file /home/airflow/.local/lib/python3.7/site-packages/airflow/example_dags/example_short_circuit_decorator.py for tasks to queue
[2023-05-11T19:33:08.581+0000] {logging_mixin.py:137} INFO - [2023-05-11T19:33:08.581+0000] {dagbag.py:538} INFO - Filling up the DagBag from /home/airflow/.local/lib/python3.7/site-packages/airflow/example_dags/example_short_circuit_decorator.py
[2023-05-11T19:33:08.596+0000] {processor.py:753} INFO - DAG(s) dict_keys(['example_short_circuit_decorator']) retrieved from /home/airflow/.local/lib/python3.7/site-packages/airflow/example_dags/example_short_circuit_decorator.py
[2023-05-11T19:33:08.620+0000] {logging_mixin.py:137} INFO - [2023-05-11T19:33:08.619+0000] {dag.py:2690} INFO - Sync 1 DAGs
[2023-05-11T19:33:08.640+0000] {logging_mixin.py:137} INFO - [2023-05-11T19:33:08.640+0000] {dag.py:3441} INFO - Setting next_dagrun for example_short_circuit_decorator to 2023-05-10T19:33:08.640245+00:00, run_after=2023-05-11T19:33:08.640245+00:00
[2023-05-11T19:33:08.652+0000] {processor.py:175} INFO - Processing /home/airflow/.local/lib/python3.7/site-packages/airflow/example_dags/example_short_circuit_decorator.py took 0.074 seconds
[2023-05-11T19:33:39.237+0000] {processor.py:153} INFO - Started process (PID=4201) to work on /home/airflow/.local/lib/python3.7/site-packages/airflow/example_dags/example_short_circuit_decorator.py
[2023-05-11T19:33:39.238+0000] {processor.py:743} INFO - Processing file /home/airflow/.local/lib/python3.7/site-packages/airflow/example_dags/example_short_circuit_decorator.py for tasks to queue
[2023-05-11T19:33:39.238+0000] {logging_mixin.py:137} INFO - [2023-05-11T19:33:39.238+0000] {dagbag.py:538} INFO - Filling up the DagBag from /home/airflow/.local/lib/python3.7/site-packages/airflow/example_dags/example_short_circuit_decorator.py
[2023-05-11T19:33:39.261+0000] {processor.py:753} INFO - DAG(s) dict_keys(['example_short_circuit_decorator']) retrieved from /home/airflow/.local/lib/python3.7/site-packages/airflow/example_dags/example_short_circuit_decorator.py
[2023-05-11T19:33:39.293+0000] {logging_mixin.py:137} INFO - [2023-05-11T19:33:39.293+0000] {dag.py:2690} INFO - Sync 1 DAGs
[2023-05-11T19:33:39.317+0000] {logging_mixin.py:137} INFO - [2023-05-11T19:33:39.317+0000] {dag.py:3441} INFO - Setting next_dagrun for example_short_circuit_decorator to 2023-05-10T19:33:39.317275+00:00, run_after=2023-05-11T19:33:39.317275+00:00
[2023-05-11T19:33:39.338+0000] {processor.py:175} INFO - Processing /home/airflow/.local/lib/python3.7/site-packages/airflow/example_dags/example_short_circuit_decorator.py took 0.103 seconds
[2023-05-11T19:35:11.690+0000] {processor.py:153} INFO - Started process (PID=359) to work on /home/airflow/.local/lib/python3.7/site-packages/airflow/example_dags/example_short_circuit_decorator.py
[2023-05-11T19:35:11.690+0000] {processor.py:743} INFO - Processing file /home/airflow/.local/lib/python3.7/site-packages/airflow/example_dags/example_short_circuit_decorator.py for tasks to queue
[2023-05-11T19:35:11.691+0000] {logging_mixin.py:137} INFO - [2023-05-11T19:35:11.691+0000] {dagbag.py:538} INFO - Filling up the DagBag from /home/airflow/.local/lib/python3.7/site-packages/airflow/example_dags/example_short_circuit_decorator.py
[2023-05-11T19:35:11.712+0000] {processor.py:753} INFO - DAG(s) dict_keys(['example_short_circuit_decorator']) retrieved from /home/airflow/.local/lib/python3.7/site-packages/airflow/example_dags/example_short_circuit_decorator.py
[2023-05-11T19:35:11.721+0000] {logging_mixin.py:137} INFO - [2023-05-11T19:35:11.721+0000] {dag.py:2690} INFO - Sync 1 DAGs
[2023-05-11T19:35:11.738+0000] {logging_mixin.py:137} INFO - [2023-05-11T19:35:11.738+0000] {dag.py:3441} INFO - Setting next_dagrun for example_short_circuit_decorator to 2023-05-10T19:35:11.738534+00:00, run_after=2023-05-11T19:35:11.738534+00:00
[2023-05-11T19:35:11.753+0000] {processor.py:175} INFO - Processing /home/airflow/.local/lib/python3.7/site-packages/airflow/example_dags/example_short_circuit_decorator.py took 0.067 seconds
[2023-05-11T19:35:42.500+0000] {processor.py:153} INFO - Started process (PID=591) to work on /home/airflow/.local/lib/python3.7/site-packages/airflow/example_dags/example_short_circuit_decorator.py
[2023-05-11T19:35:42.500+0000] {processor.py:743} INFO - Processing file /home/airflow/.local/lib/python3.7/site-packages/airflow/example_dags/example_short_circuit_decorator.py for tasks to queue
[2023-05-11T19:35:42.501+0000] {logging_mixin.py:137} INFO - [2023-05-11T19:35:42.501+0000] {dagbag.py:538} INFO - Filling up the DagBag from /home/airflow/.local/lib/python3.7/site-packages/airflow/example_dags/example_short_circuit_decorator.py
[2023-05-11T19:35:42.518+0000] {processor.py:753} INFO - DAG(s) dict_keys(['example_short_circuit_decorator']) retrieved from /home/airflow/.local/lib/python3.7/site-packages/airflow/example_dags/example_short_circuit_decorator.py
[2023-05-11T19:35:42.538+0000] {logging_mixin.py:137} INFO - [2023-05-11T19:35:42.538+0000] {dag.py:2690} INFO - Sync 1 DAGs
[2023-05-11T19:35:42.555+0000] {logging_mixin.py:137} INFO - [2023-05-11T19:35:42.554+0000] {dag.py:3441} INFO - Setting next_dagrun for example_short_circuit_decorator to 2023-05-10T19:35:42.554783+00:00, run_after=2023-05-11T19:35:42.554783+00:00
[2023-05-11T19:35:42.567+0000] {processor.py:175} INFO - Processing /home/airflow/.local/lib/python3.7/site-packages/airflow/example_dags/example_short_circuit_decorator.py took 0.069 seconds
