[2023-05-11T18:58:39.874+0000] {processor.py:153} INFO - Started process (PID=259) to work on /home/airflow/.local/lib/python3.7/site-packages/airflow/example_dags/example_bash_operator.py
[2023-05-11T18:58:39.875+0000] {processor.py:743} INFO - Processing file /home/airflow/.local/lib/python3.7/site-packages/airflow/example_dags/example_bash_operator.py for tasks to queue
[2023-05-11T18:58:39.875+0000] {logging_mixin.py:137} INFO - [2023-05-11T18:58:39.875+0000] {dagbag.py:538} INFO - Filling up the DagBag from /home/airflow/.local/lib/python3.7/site-packages/airflow/example_dags/example_bash_operator.py
[2023-05-11T18:58:39.893+0000] {processor.py:753} INFO - DAG(s) dict_keys(['example_bash_operator']) retrieved from /home/airflow/.local/lib/python3.7/site-packages/airflow/example_dags/example_bash_operator.py
[2023-05-11T18:58:39.902+0000] {logging_mixin.py:137} INFO - [2023-05-11T18:58:39.902+0000] {dag.py:2690} INFO - Sync 1 DAGs
[2023-05-11T18:58:39.932+0000] {logging_mixin.py:137} INFO - [2023-05-11T18:58:39.932+0000] {dag.py:3441} INFO - Setting next_dagrun for example_bash_operator to 2023-05-10T00:00:00+00:00, run_after=2023-05-11T00:00:00+00:00
[2023-05-11T18:58:39.947+0000] {processor.py:175} INFO - Processing /home/airflow/.local/lib/python3.7/site-packages/airflow/example_dags/example_bash_operator.py took 0.075 seconds
[2023-05-11T18:59:10.733+0000] {processor.py:153} INFO - Started process (PID=491) to work on /home/airflow/.local/lib/python3.7/site-packages/airflow/example_dags/example_bash_operator.py
[2023-05-11T18:59:10.733+0000] {processor.py:743} INFO - Processing file /home/airflow/.local/lib/python3.7/site-packages/airflow/example_dags/example_bash_operator.py for tasks to queue
[2023-05-11T18:59:10.734+0000] {logging_mixin.py:137} INFO - [2023-05-11T18:59:10.734+0000] {dagbag.py:538} INFO - Filling up the DagBag from /home/airflow/.local/lib/python3.7/site-packages/airflow/example_dags/example_bash_operator.py
[2023-05-11T18:59:10.751+0000] {processor.py:753} INFO - DAG(s) dict_keys(['example_bash_operator']) retrieved from /home/airflow/.local/lib/python3.7/site-packages/airflow/example_dags/example_bash_operator.py
[2023-05-11T18:59:10.777+0000] {logging_mixin.py:137} INFO - [2023-05-11T18:59:10.776+0000] {dag.py:2690} INFO - Sync 1 DAGs
[2023-05-11T18:59:10.794+0000] {logging_mixin.py:137} INFO - [2023-05-11T18:59:10.794+0000] {dag.py:3441} INFO - Setting next_dagrun for example_bash_operator to 2023-05-10T00:00:00+00:00, run_after=2023-05-11T00:00:00+00:00
[2023-05-11T18:59:10.805+0000] {processor.py:175} INFO - Processing /home/airflow/.local/lib/python3.7/site-packages/airflow/example_dags/example_bash_operator.py took 0.073 seconds
[2023-05-11T18:59:41.544+0000] {processor.py:153} INFO - Started process (PID=739) to work on /home/airflow/.local/lib/python3.7/site-packages/airflow/example_dags/example_bash_operator.py
[2023-05-11T18:59:41.544+0000] {processor.py:743} INFO - Processing file /home/airflow/.local/lib/python3.7/site-packages/airflow/example_dags/example_bash_operator.py for tasks to queue
[2023-05-11T18:59:41.545+0000] {logging_mixin.py:137} INFO - [2023-05-11T18:59:41.545+0000] {dagbag.py:538} INFO - Filling up the DagBag from /home/airflow/.local/lib/python3.7/site-packages/airflow/example_dags/example_bash_operator.py
[2023-05-11T18:59:41.560+0000] {processor.py:753} INFO - DAG(s) dict_keys(['example_bash_operator']) retrieved from /home/airflow/.local/lib/python3.7/site-packages/airflow/example_dags/example_bash_operator.py
[2023-05-11T18:59:41.588+0000] {logging_mixin.py:137} INFO - [2023-05-11T18:59:41.588+0000] {dag.py:2690} INFO - Sync 1 DAGs
[2023-05-11T18:59:41.607+0000] {logging_mixin.py:137} INFO - [2023-05-11T18:59:41.606+0000] {dag.py:3441} INFO - Setting next_dagrun for example_bash_operator to 2023-05-10T00:00:00+00:00, run_after=2023-05-11T00:00:00+00:00
[2023-05-11T18:59:41.620+0000] {processor.py:175} INFO - Processing /home/airflow/.local/lib/python3.7/site-packages/airflow/example_dags/example_bash_operator.py took 0.078 seconds
[2023-05-11T19:00:12.552+0000] {processor.py:153} INFO - Started process (PID=979) to work on /home/airflow/.local/lib/python3.7/site-packages/airflow/example_dags/example_bash_operator.py
[2023-05-11T19:00:12.552+0000] {processor.py:743} INFO - Processing file /home/airflow/.local/lib/python3.7/site-packages/airflow/example_dags/example_bash_operator.py for tasks to queue
[2023-05-11T19:00:12.553+0000] {logging_mixin.py:137} INFO - [2023-05-11T19:00:12.553+0000] {dagbag.py:538} INFO - Filling up the DagBag from /home/airflow/.local/lib/python3.7/site-packages/airflow/example_dags/example_bash_operator.py
[2023-05-11T19:00:12.567+0000] {processor.py:753} INFO - DAG(s) dict_keys(['example_bash_operator']) retrieved from /home/airflow/.local/lib/python3.7/site-packages/airflow/example_dags/example_bash_operator.py
[2023-05-11T19:00:12.595+0000] {logging_mixin.py:137} INFO - [2023-05-11T19:00:12.595+0000] {dag.py:2690} INFO - Sync 1 DAGs
[2023-05-11T19:00:12.614+0000] {logging_mixin.py:137} INFO - [2023-05-11T19:00:12.614+0000] {dag.py:3441} INFO - Setting next_dagrun for example_bash_operator to 2023-05-10T00:00:00+00:00, run_after=2023-05-11T00:00:00+00:00
[2023-05-11T19:00:12.631+0000] {processor.py:175} INFO - Processing /home/airflow/.local/lib/python3.7/site-packages/airflow/example_dags/example_bash_operator.py took 0.081 seconds
[2023-05-11T19:00:43.128+0000] {processor.py:153} INFO - Started process (PID=1220) to work on /home/airflow/.local/lib/python3.7/site-packages/airflow/example_dags/example_bash_operator.py
[2023-05-11T19:00:43.129+0000] {processor.py:743} INFO - Processing file /home/airflow/.local/lib/python3.7/site-packages/airflow/example_dags/example_bash_operator.py for tasks to queue
[2023-05-11T19:00:43.129+0000] {logging_mixin.py:137} INFO - [2023-05-11T19:00:43.129+0000] {dagbag.py:538} INFO - Filling up the DagBag from /home/airflow/.local/lib/python3.7/site-packages/airflow/example_dags/example_bash_operator.py
[2023-05-11T19:00:43.149+0000] {processor.py:753} INFO - DAG(s) dict_keys(['example_bash_operator']) retrieved from /home/airflow/.local/lib/python3.7/site-packages/airflow/example_dags/example_bash_operator.py
[2023-05-11T19:00:43.183+0000] {logging_mixin.py:137} INFO - [2023-05-11T19:00:43.183+0000] {dag.py:2690} INFO - Sync 1 DAGs
[2023-05-11T19:00:43.208+0000] {logging_mixin.py:137} INFO - [2023-05-11T19:00:43.208+0000] {dag.py:3441} INFO - Setting next_dagrun for example_bash_operator to 2023-05-10T00:00:00+00:00, run_after=2023-05-11T00:00:00+00:00
[2023-05-11T19:00:43.225+0000] {processor.py:175} INFO - Processing /home/airflow/.local/lib/python3.7/site-packages/airflow/example_dags/example_bash_operator.py took 0.099 seconds
[2023-05-11T19:01:13.563+0000] {processor.py:153} INFO - Started process (PID=1471) to work on /home/airflow/.local/lib/python3.7/site-packages/airflow/example_dags/example_bash_operator.py
[2023-05-11T19:01:13.564+0000] {processor.py:743} INFO - Processing file /home/airflow/.local/lib/python3.7/site-packages/airflow/example_dags/example_bash_operator.py for tasks to queue
[2023-05-11T19:01:13.564+0000] {logging_mixin.py:137} INFO - [2023-05-11T19:01:13.564+0000] {dagbag.py:538} INFO - Filling up the DagBag from /home/airflow/.local/lib/python3.7/site-packages/airflow/example_dags/example_bash_operator.py
[2023-05-11T19:01:13.598+0000] {processor.py:753} INFO - DAG(s) dict_keys(['example_bash_operator']) retrieved from /home/airflow/.local/lib/python3.7/site-packages/airflow/example_dags/example_bash_operator.py
[2023-05-11T19:01:13.745+0000] {logging_mixin.py:137} INFO - [2023-05-11T19:01:13.745+0000] {dag.py:2690} INFO - Sync 1 DAGs
[2023-05-11T19:01:13.771+0000] {logging_mixin.py:137} INFO - [2023-05-11T19:01:13.771+0000] {dag.py:3441} INFO - Setting next_dagrun for example_bash_operator to 2023-05-10T00:00:00+00:00, run_after=2023-05-11T00:00:00+00:00
[2023-05-11T19:01:13.786+0000] {processor.py:175} INFO - Processing /home/airflow/.local/lib/python3.7/site-packages/airflow/example_dags/example_bash_operator.py took 0.226 seconds
[2023-05-11T19:01:43.962+0000] {processor.py:153} INFO - Started process (PID=1701) to work on /home/airflow/.local/lib/python3.7/site-packages/airflow/example_dags/example_bash_operator.py
[2023-05-11T19:01:43.962+0000] {processor.py:743} INFO - Processing file /home/airflow/.local/lib/python3.7/site-packages/airflow/example_dags/example_bash_operator.py for tasks to queue
[2023-05-11T19:01:43.963+0000] {logging_mixin.py:137} INFO - [2023-05-11T19:01:43.963+0000] {dagbag.py:538} INFO - Filling up the DagBag from /home/airflow/.local/lib/python3.7/site-packages/airflow/example_dags/example_bash_operator.py
[2023-05-11T19:01:43.981+0000] {processor.py:753} INFO - DAG(s) dict_keys(['example_bash_operator']) retrieved from /home/airflow/.local/lib/python3.7/site-packages/airflow/example_dags/example_bash_operator.py
[2023-05-11T19:01:44.018+0000] {logging_mixin.py:137} INFO - [2023-05-11T19:01:44.017+0000] {dag.py:2690} INFO - Sync 1 DAGs
[2023-05-11T19:01:44.042+0000] {logging_mixin.py:137} INFO - [2023-05-11T19:01:44.042+0000] {dag.py:3441} INFO - Setting next_dagrun for example_bash_operator to 2023-05-10T00:00:00+00:00, run_after=2023-05-11T00:00:00+00:00
[2023-05-11T19:01:44.058+0000] {processor.py:175} INFO - Processing /home/airflow/.local/lib/python3.7/site-packages/airflow/example_dags/example_bash_operator.py took 0.100 seconds
[2023-05-11T19:02:14.961+0000] {processor.py:153} INFO - Started process (PID=1949) to work on /home/airflow/.local/lib/python3.7/site-packages/airflow/example_dags/example_bash_operator.py
[2023-05-11T19:02:14.963+0000] {processor.py:743} INFO - Processing file /home/airflow/.local/lib/python3.7/site-packages/airflow/example_dags/example_bash_operator.py for tasks to queue
[2023-05-11T19:02:14.963+0000] {logging_mixin.py:137} INFO - [2023-05-11T19:02:14.963+0000] {dagbag.py:538} INFO - Filling up the DagBag from /home/airflow/.local/lib/python3.7/site-packages/airflow/example_dags/example_bash_operator.py
[2023-05-11T19:02:14.995+0000] {processor.py:753} INFO - DAG(s) dict_keys(['example_bash_operator']) retrieved from /home/airflow/.local/lib/python3.7/site-packages/airflow/example_dags/example_bash_operator.py
[2023-05-11T19:02:15.058+0000] {logging_mixin.py:137} INFO - [2023-05-11T19:02:15.058+0000] {dag.py:2690} INFO - Sync 1 DAGs
[2023-05-11T19:02:15.098+0000] {logging_mixin.py:137} INFO - [2023-05-11T19:02:15.098+0000] {dag.py:3441} INFO - Setting next_dagrun for example_bash_operator to 2023-05-10T00:00:00+00:00, run_after=2023-05-11T00:00:00+00:00
[2023-05-11T19:02:15.118+0000] {processor.py:175} INFO - Processing /home/airflow/.local/lib/python3.7/site-packages/airflow/example_dags/example_bash_operator.py took 0.161 seconds
[2023-05-11T19:03:24.740+0000] {processor.py:153} INFO - Started process (PID=252) to work on /home/airflow/.local/lib/python3.7/site-packages/airflow/example_dags/example_bash_operator.py
[2023-05-11T19:03:24.741+0000] {processor.py:743} INFO - Processing file /home/airflow/.local/lib/python3.7/site-packages/airflow/example_dags/example_bash_operator.py for tasks to queue
[2023-05-11T19:03:24.741+0000] {logging_mixin.py:137} INFO - [2023-05-11T19:03:24.741+0000] {dagbag.py:538} INFO - Filling up the DagBag from /home/airflow/.local/lib/python3.7/site-packages/airflow/example_dags/example_bash_operator.py
[2023-05-11T19:03:24.755+0000] {processor.py:753} INFO - DAG(s) dict_keys(['example_bash_operator']) retrieved from /home/airflow/.local/lib/python3.7/site-packages/airflow/example_dags/example_bash_operator.py
[2023-05-11T19:03:24.767+0000] {logging_mixin.py:137} INFO - [2023-05-11T19:03:24.767+0000] {dag.py:2690} INFO - Sync 1 DAGs
[2023-05-11T19:03:24.823+0000] {logging_mixin.py:137} INFO - [2023-05-11T19:03:24.823+0000] {dag.py:3441} INFO - Setting next_dagrun for example_bash_operator to 2023-05-10T00:00:00+00:00, run_after=2023-05-11T00:00:00+00:00
[2023-05-11T19:03:24.842+0000] {processor.py:175} INFO - Processing /home/airflow/.local/lib/python3.7/site-packages/airflow/example_dags/example_bash_operator.py took 0.103 seconds
[2023-05-11T19:03:55.336+0000] {processor.py:153} INFO - Started process (PID=491) to work on /home/airflow/.local/lib/python3.7/site-packages/airflow/example_dags/example_bash_operator.py
[2023-05-11T19:03:55.337+0000] {processor.py:743} INFO - Processing file /home/airflow/.local/lib/python3.7/site-packages/airflow/example_dags/example_bash_operator.py for tasks to queue
[2023-05-11T19:03:55.337+0000] {logging_mixin.py:137} INFO - [2023-05-11T19:03:55.337+0000] {dagbag.py:538} INFO - Filling up the DagBag from /home/airflow/.local/lib/python3.7/site-packages/airflow/example_dags/example_bash_operator.py
[2023-05-11T19:03:55.355+0000] {processor.py:753} INFO - DAG(s) dict_keys(['example_bash_operator']) retrieved from /home/airflow/.local/lib/python3.7/site-packages/airflow/example_dags/example_bash_operator.py
[2023-05-11T19:03:55.391+0000] {logging_mixin.py:137} INFO - [2023-05-11T19:03:55.391+0000] {dag.py:2690} INFO - Sync 1 DAGs
[2023-05-11T19:03:55.415+0000] {logging_mixin.py:137} INFO - [2023-05-11T19:03:55.415+0000] {dag.py:3441} INFO - Setting next_dagrun for example_bash_operator to 2023-05-10T00:00:00+00:00, run_after=2023-05-11T00:00:00+00:00
[2023-05-11T19:03:55.430+0000] {processor.py:175} INFO - Processing /home/airflow/.local/lib/python3.7/site-packages/airflow/example_dags/example_bash_operator.py took 0.096 seconds
[2023-05-11T19:04:25.902+0000] {processor.py:153} INFO - Started process (PID=739) to work on /home/airflow/.local/lib/python3.7/site-packages/airflow/example_dags/example_bash_operator.py
[2023-05-11T19:04:25.903+0000] {processor.py:743} INFO - Processing file /home/airflow/.local/lib/python3.7/site-packages/airflow/example_dags/example_bash_operator.py for tasks to queue
[2023-05-11T19:04:25.904+0000] {logging_mixin.py:137} INFO - [2023-05-11T19:04:25.903+0000] {dagbag.py:538} INFO - Filling up the DagBag from /home/airflow/.local/lib/python3.7/site-packages/airflow/example_dags/example_bash_operator.py
[2023-05-11T19:04:25.932+0000] {processor.py:753} INFO - DAG(s) dict_keys(['example_bash_operator']) retrieved from /home/airflow/.local/lib/python3.7/site-packages/airflow/example_dags/example_bash_operator.py
[2023-05-11T19:04:25.987+0000] {logging_mixin.py:137} INFO - [2023-05-11T19:04:25.987+0000] {dag.py:2690} INFO - Sync 1 DAGs
[2023-05-11T19:04:26.026+0000] {logging_mixin.py:137} INFO - [2023-05-11T19:04:26.026+0000] {dag.py:3441} INFO - Setting next_dagrun for example_bash_operator to 2023-05-10T00:00:00+00:00, run_after=2023-05-11T00:00:00+00:00
[2023-05-11T19:04:26.053+0000] {processor.py:175} INFO - Processing /home/airflow/.local/lib/python3.7/site-packages/airflow/example_dags/example_bash_operator.py took 0.155 seconds
[2023-05-11T19:04:56.457+0000] {processor.py:153} INFO - Started process (PID=971) to work on /home/airflow/.local/lib/python3.7/site-packages/airflow/example_dags/example_bash_operator.py
[2023-05-11T19:04:56.458+0000] {processor.py:743} INFO - Processing file /home/airflow/.local/lib/python3.7/site-packages/airflow/example_dags/example_bash_operator.py for tasks to queue
[2023-05-11T19:04:56.458+0000] {logging_mixin.py:137} INFO - [2023-05-11T19:04:56.458+0000] {dagbag.py:538} INFO - Filling up the DagBag from /home/airflow/.local/lib/python3.7/site-packages/airflow/example_dags/example_bash_operator.py
[2023-05-11T19:04:56.477+0000] {processor.py:753} INFO - DAG(s) dict_keys(['example_bash_operator']) retrieved from /home/airflow/.local/lib/python3.7/site-packages/airflow/example_dags/example_bash_operator.py
[2023-05-11T19:04:56.511+0000] {logging_mixin.py:137} INFO - [2023-05-11T19:04:56.511+0000] {dag.py:2690} INFO - Sync 1 DAGs
[2023-05-11T19:04:56.537+0000] {logging_mixin.py:137} INFO - [2023-05-11T19:04:56.537+0000] {dag.py:3441} INFO - Setting next_dagrun for example_bash_operator to 2023-05-10T00:00:00+00:00, run_after=2023-05-11T00:00:00+00:00
[2023-05-11T19:04:56.553+0000] {processor.py:175} INFO - Processing /home/airflow/.local/lib/python3.7/site-packages/airflow/example_dags/example_bash_operator.py took 0.098 seconds
[2023-05-11T19:05:26.882+0000] {processor.py:153} INFO - Started process (PID=1219) to work on /home/airflow/.local/lib/python3.7/site-packages/airflow/example_dags/example_bash_operator.py
[2023-05-11T19:05:26.882+0000] {processor.py:743} INFO - Processing file /home/airflow/.local/lib/python3.7/site-packages/airflow/example_dags/example_bash_operator.py for tasks to queue
[2023-05-11T19:05:26.882+0000] {logging_mixin.py:137} INFO - [2023-05-11T19:05:26.882+0000] {dagbag.py:538} INFO - Filling up the DagBag from /home/airflow/.local/lib/python3.7/site-packages/airflow/example_dags/example_bash_operator.py
[2023-05-11T19:05:26.897+0000] {processor.py:753} INFO - DAG(s) dict_keys(['example_bash_operator']) retrieved from /home/airflow/.local/lib/python3.7/site-packages/airflow/example_dags/example_bash_operator.py
[2023-05-11T19:05:26.937+0000] {logging_mixin.py:137} INFO - [2023-05-11T19:05:26.937+0000] {dag.py:2690} INFO - Sync 1 DAGs
[2023-05-11T19:05:26.957+0000] {logging_mixin.py:137} INFO - [2023-05-11T19:05:26.957+0000] {dag.py:3441} INFO - Setting next_dagrun for example_bash_operator to 2023-05-10T00:00:00+00:00, run_after=2023-05-11T00:00:00+00:00
[2023-05-11T19:05:26.970+0000] {processor.py:175} INFO - Processing /home/airflow/.local/lib/python3.7/site-packages/airflow/example_dags/example_bash_operator.py took 0.090 seconds
[2023-05-11T19:05:57.059+0000] {processor.py:153} INFO - Started process (PID=1451) to work on /home/airflow/.local/lib/python3.7/site-packages/airflow/example_dags/example_bash_operator.py
[2023-05-11T19:05:57.060+0000] {processor.py:743} INFO - Processing file /home/airflow/.local/lib/python3.7/site-packages/airflow/example_dags/example_bash_operator.py for tasks to queue
[2023-05-11T19:05:57.060+0000] {logging_mixin.py:137} INFO - [2023-05-11T19:05:57.060+0000] {dagbag.py:538} INFO - Filling up the DagBag from /home/airflow/.local/lib/python3.7/site-packages/airflow/example_dags/example_bash_operator.py
[2023-05-11T19:05:57.086+0000] {processor.py:753} INFO - DAG(s) dict_keys(['example_bash_operator']) retrieved from /home/airflow/.local/lib/python3.7/site-packages/airflow/example_dags/example_bash_operator.py
[2023-05-11T19:05:57.121+0000] {logging_mixin.py:137} INFO - [2023-05-11T19:05:57.120+0000] {dag.py:2690} INFO - Sync 1 DAGs
[2023-05-11T19:05:57.147+0000] {logging_mixin.py:137} INFO - [2023-05-11T19:05:57.147+0000] {dag.py:3441} INFO - Setting next_dagrun for example_bash_operator to 2023-05-10T00:00:00+00:00, run_after=2023-05-11T00:00:00+00:00
[2023-05-11T19:05:57.163+0000] {processor.py:175} INFO - Processing /home/airflow/.local/lib/python3.7/site-packages/airflow/example_dags/example_bash_operator.py took 0.106 seconds
[2023-05-11T19:06:27.512+0000] {processor.py:153} INFO - Started process (PID=1699) to work on /home/airflow/.local/lib/python3.7/site-packages/airflow/example_dags/example_bash_operator.py
[2023-05-11T19:06:27.512+0000] {processor.py:743} INFO - Processing file /home/airflow/.local/lib/python3.7/site-packages/airflow/example_dags/example_bash_operator.py for tasks to queue
[2023-05-11T19:06:27.513+0000] {logging_mixin.py:137} INFO - [2023-05-11T19:06:27.513+0000] {dagbag.py:538} INFO - Filling up the DagBag from /home/airflow/.local/lib/python3.7/site-packages/airflow/example_dags/example_bash_operator.py
[2023-05-11T19:06:27.532+0000] {processor.py:753} INFO - DAG(s) dict_keys(['example_bash_operator']) retrieved from /home/airflow/.local/lib/python3.7/site-packages/airflow/example_dags/example_bash_operator.py
[2023-05-11T19:06:27.583+0000] {logging_mixin.py:137} INFO - [2023-05-11T19:06:27.583+0000] {dag.py:2690} INFO - Sync 1 DAGs
[2023-05-11T19:06:27.614+0000] {logging_mixin.py:137} INFO - [2023-05-11T19:06:27.614+0000] {dag.py:3441} INFO - Setting next_dagrun for example_bash_operator to 2023-05-10T00:00:00+00:00, run_after=2023-05-11T00:00:00+00:00
[2023-05-11T19:06:27.639+0000] {processor.py:175} INFO - Processing /home/airflow/.local/lib/python3.7/site-packages/airflow/example_dags/example_bash_operator.py took 0.130 seconds
[2023-05-11T19:06:57.746+0000] {processor.py:153} INFO - Started process (PID=1931) to work on /home/airflow/.local/lib/python3.7/site-packages/airflow/example_dags/example_bash_operator.py
[2023-05-11T19:06:57.747+0000] {processor.py:743} INFO - Processing file /home/airflow/.local/lib/python3.7/site-packages/airflow/example_dags/example_bash_operator.py for tasks to queue
[2023-05-11T19:06:57.747+0000] {logging_mixin.py:137} INFO - [2023-05-11T19:06:57.747+0000] {dagbag.py:538} INFO - Filling up the DagBag from /home/airflow/.local/lib/python3.7/site-packages/airflow/example_dags/example_bash_operator.py
[2023-05-11T19:06:57.769+0000] {processor.py:753} INFO - DAG(s) dict_keys(['example_bash_operator']) retrieved from /home/airflow/.local/lib/python3.7/site-packages/airflow/example_dags/example_bash_operator.py
[2023-05-11T19:06:57.814+0000] {logging_mixin.py:137} INFO - [2023-05-11T19:06:57.814+0000] {dag.py:2690} INFO - Sync 1 DAGs
[2023-05-11T19:06:57.839+0000] {logging_mixin.py:137} INFO - [2023-05-11T19:06:57.839+0000] {dag.py:3441} INFO - Setting next_dagrun for example_bash_operator to 2023-05-10T00:00:00+00:00, run_after=2023-05-11T00:00:00+00:00
[2023-05-11T19:06:57.854+0000] {processor.py:175} INFO - Processing /home/airflow/.local/lib/python3.7/site-packages/airflow/example_dags/example_bash_operator.py took 0.110 seconds
[2023-05-11T19:07:28.342+0000] {processor.py:153} INFO - Started process (PID=2179) to work on /home/airflow/.local/lib/python3.7/site-packages/airflow/example_dags/example_bash_operator.py
[2023-05-11T19:07:28.343+0000] {processor.py:743} INFO - Processing file /home/airflow/.local/lib/python3.7/site-packages/airflow/example_dags/example_bash_operator.py for tasks to queue
[2023-05-11T19:07:28.344+0000] {logging_mixin.py:137} INFO - [2023-05-11T19:07:28.343+0000] {dagbag.py:538} INFO - Filling up the DagBag from /home/airflow/.local/lib/python3.7/site-packages/airflow/example_dags/example_bash_operator.py
[2023-05-11T19:07:28.370+0000] {processor.py:753} INFO - DAG(s) dict_keys(['example_bash_operator']) retrieved from /home/airflow/.local/lib/python3.7/site-packages/airflow/example_dags/example_bash_operator.py
[2023-05-11T19:07:28.411+0000] {logging_mixin.py:137} INFO - [2023-05-11T19:07:28.411+0000] {dag.py:2690} INFO - Sync 1 DAGs
[2023-05-11T19:07:28.447+0000] {logging_mixin.py:137} INFO - [2023-05-11T19:07:28.447+0000] {dag.py:3441} INFO - Setting next_dagrun for example_bash_operator to 2023-05-10T00:00:00+00:00, run_after=2023-05-11T00:00:00+00:00
[2023-05-11T19:07:28.466+0000] {processor.py:175} INFO - Processing /home/airflow/.local/lib/python3.7/site-packages/airflow/example_dags/example_bash_operator.py took 0.127 seconds
[2023-05-11T19:07:58.664+0000] {processor.py:153} INFO - Started process (PID=2412) to work on /home/airflow/.local/lib/python3.7/site-packages/airflow/example_dags/example_bash_operator.py
[2023-05-11T19:07:58.665+0000] {processor.py:743} INFO - Processing file /home/airflow/.local/lib/python3.7/site-packages/airflow/example_dags/example_bash_operator.py for tasks to queue
[2023-05-11T19:07:58.666+0000] {logging_mixin.py:137} INFO - [2023-05-11T19:07:58.666+0000] {dagbag.py:538} INFO - Filling up the DagBag from /home/airflow/.local/lib/python3.7/site-packages/airflow/example_dags/example_bash_operator.py
[2023-05-11T19:07:58.684+0000] {processor.py:753} INFO - DAG(s) dict_keys(['example_bash_operator']) retrieved from /home/airflow/.local/lib/python3.7/site-packages/airflow/example_dags/example_bash_operator.py
[2023-05-11T19:07:58.719+0000] {logging_mixin.py:137} INFO - [2023-05-11T19:07:58.718+0000] {dag.py:2690} INFO - Sync 1 DAGs
[2023-05-11T19:07:58.741+0000] {logging_mixin.py:137} INFO - [2023-05-11T19:07:58.741+0000] {dag.py:3441} INFO - Setting next_dagrun for example_bash_operator to 2023-05-10T00:00:00+00:00, run_after=2023-05-11T00:00:00+00:00
[2023-05-11T19:07:58.756+0000] {processor.py:175} INFO - Processing /home/airflow/.local/lib/python3.7/site-packages/airflow/example_dags/example_bash_operator.py took 0.094 seconds
[2023-05-11T19:09:21.516+0000] {processor.py:153} INFO - Started process (PID=260) to work on /home/airflow/.local/lib/python3.7/site-packages/airflow/example_dags/example_bash_operator.py
[2023-05-11T19:09:21.517+0000] {processor.py:743} INFO - Processing file /home/airflow/.local/lib/python3.7/site-packages/airflow/example_dags/example_bash_operator.py for tasks to queue
[2023-05-11T19:09:21.517+0000] {logging_mixin.py:137} INFO - [2023-05-11T19:09:21.517+0000] {dagbag.py:538} INFO - Filling up the DagBag from /home/airflow/.local/lib/python3.7/site-packages/airflow/example_dags/example_bash_operator.py
[2023-05-11T19:09:21.531+0000] {processor.py:753} INFO - DAG(s) dict_keys(['example_bash_operator']) retrieved from /home/airflow/.local/lib/python3.7/site-packages/airflow/example_dags/example_bash_operator.py
[2023-05-11T19:09:21.540+0000] {logging_mixin.py:137} INFO - [2023-05-11T19:09:21.540+0000] {dag.py:2690} INFO - Sync 1 DAGs
[2023-05-11T19:09:21.557+0000] {logging_mixin.py:137} INFO - [2023-05-11T19:09:21.557+0000] {dag.py:3441} INFO - Setting next_dagrun for example_bash_operator to 2023-05-10T00:00:00+00:00, run_after=2023-05-11T00:00:00+00:00
[2023-05-11T19:09:21.569+0000] {processor.py:175} INFO - Processing /home/airflow/.local/lib/python3.7/site-packages/airflow/example_dags/example_bash_operator.py took 0.056 seconds
[2023-05-11T19:09:52.411+0000] {processor.py:153} INFO - Started process (PID=492) to work on /home/airflow/.local/lib/python3.7/site-packages/airflow/example_dags/example_bash_operator.py
[2023-05-11T19:09:52.412+0000] {processor.py:743} INFO - Processing file /home/airflow/.local/lib/python3.7/site-packages/airflow/example_dags/example_bash_operator.py for tasks to queue
[2023-05-11T19:09:52.413+0000] {logging_mixin.py:137} INFO - [2023-05-11T19:09:52.413+0000] {dagbag.py:538} INFO - Filling up the DagBag from /home/airflow/.local/lib/python3.7/site-packages/airflow/example_dags/example_bash_operator.py
[2023-05-11T19:09:52.435+0000] {processor.py:753} INFO - DAG(s) dict_keys(['example_bash_operator']) retrieved from /home/airflow/.local/lib/python3.7/site-packages/airflow/example_dags/example_bash_operator.py
[2023-05-11T19:09:52.469+0000] {logging_mixin.py:137} INFO - [2023-05-11T19:09:52.469+0000] {dag.py:2690} INFO - Sync 1 DAGs
[2023-05-11T19:09:52.489+0000] {logging_mixin.py:137} INFO - [2023-05-11T19:09:52.489+0000] {dag.py:3441} INFO - Setting next_dagrun for example_bash_operator to 2023-05-10T00:00:00+00:00, run_after=2023-05-11T00:00:00+00:00
[2023-05-11T19:09:52.503+0000] {processor.py:175} INFO - Processing /home/airflow/.local/lib/python3.7/site-packages/airflow/example_dags/example_bash_operator.py took 0.096 seconds
[2023-05-11T19:10:22.576+0000] {processor.py:153} INFO - Started process (PID=740) to work on /home/airflow/.local/lib/python3.7/site-packages/airflow/example_dags/example_bash_operator.py
[2023-05-11T19:10:22.577+0000] {processor.py:743} INFO - Processing file /home/airflow/.local/lib/python3.7/site-packages/airflow/example_dags/example_bash_operator.py for tasks to queue
[2023-05-11T19:10:22.577+0000] {logging_mixin.py:137} INFO - [2023-05-11T19:10:22.577+0000] {dagbag.py:538} INFO - Filling up the DagBag from /home/airflow/.local/lib/python3.7/site-packages/airflow/example_dags/example_bash_operator.py
[2023-05-11T19:10:22.591+0000] {processor.py:753} INFO - DAG(s) dict_keys(['example_bash_operator']) retrieved from /home/airflow/.local/lib/python3.7/site-packages/airflow/example_dags/example_bash_operator.py
[2023-05-11T19:10:22.617+0000] {logging_mixin.py:137} INFO - [2023-05-11T19:10:22.617+0000] {dag.py:2690} INFO - Sync 1 DAGs
[2023-05-11T19:10:22.636+0000] {logging_mixin.py:137} INFO - [2023-05-11T19:10:22.636+0000] {dag.py:3441} INFO - Setting next_dagrun for example_bash_operator to 2023-05-10T00:00:00+00:00, run_after=2023-05-11T00:00:00+00:00
[2023-05-11T19:10:22.647+0000] {processor.py:175} INFO - Processing /home/airflow/.local/lib/python3.7/site-packages/airflow/example_dags/example_bash_operator.py took 0.073 seconds
[2023-05-11T19:10:52.865+0000] {processor.py:153} INFO - Started process (PID=972) to work on /home/airflow/.local/lib/python3.7/site-packages/airflow/example_dags/example_bash_operator.py
[2023-05-11T19:10:52.866+0000] {processor.py:743} INFO - Processing file /home/airflow/.local/lib/python3.7/site-packages/airflow/example_dags/example_bash_operator.py for tasks to queue
[2023-05-11T19:10:52.867+0000] {logging_mixin.py:137} INFO - [2023-05-11T19:10:52.866+0000] {dagbag.py:538} INFO - Filling up the DagBag from /home/airflow/.local/lib/python3.7/site-packages/airflow/example_dags/example_bash_operator.py
[2023-05-11T19:10:52.884+0000] {processor.py:753} INFO - DAG(s) dict_keys(['example_bash_operator']) retrieved from /home/airflow/.local/lib/python3.7/site-packages/airflow/example_dags/example_bash_operator.py
[2023-05-11T19:10:52.933+0000] {logging_mixin.py:137} INFO - [2023-05-11T19:10:52.933+0000] {dag.py:2690} INFO - Sync 1 DAGs
[2023-05-11T19:10:52.966+0000] {logging_mixin.py:137} INFO - [2023-05-11T19:10:52.966+0000] {dag.py:3441} INFO - Setting next_dagrun for example_bash_operator to 2023-05-10T00:00:00+00:00, run_after=2023-05-11T00:00:00+00:00
[2023-05-11T19:10:52.985+0000] {processor.py:175} INFO - Processing /home/airflow/.local/lib/python3.7/site-packages/airflow/example_dags/example_bash_operator.py took 0.122 seconds
[2023-05-11T19:11:23.986+0000] {processor.py:153} INFO - Started process (PID=1222) to work on /home/airflow/.local/lib/python3.7/site-packages/airflow/example_dags/example_bash_operator.py
[2023-05-11T19:11:23.987+0000] {processor.py:743} INFO - Processing file /home/airflow/.local/lib/python3.7/site-packages/airflow/example_dags/example_bash_operator.py for tasks to queue
[2023-05-11T19:11:23.987+0000] {logging_mixin.py:137} INFO - [2023-05-11T19:11:23.987+0000] {dagbag.py:538} INFO - Filling up the DagBag from /home/airflow/.local/lib/python3.7/site-packages/airflow/example_dags/example_bash_operator.py
[2023-05-11T19:11:23.999+0000] {processor.py:753} INFO - DAG(s) dict_keys(['example_bash_operator']) retrieved from /home/airflow/.local/lib/python3.7/site-packages/airflow/example_dags/example_bash_operator.py
[2023-05-11T19:11:24.024+0000] {logging_mixin.py:137} INFO - [2023-05-11T19:11:24.024+0000] {dag.py:2690} INFO - Sync 1 DAGs
[2023-05-11T19:11:24.040+0000] {logging_mixin.py:137} INFO - [2023-05-11T19:11:24.040+0000] {dag.py:3441} INFO - Setting next_dagrun for example_bash_operator to 2023-05-10T00:00:00+00:00, run_after=2023-05-11T00:00:00+00:00
[2023-05-11T19:11:24.054+0000] {processor.py:175} INFO - Processing /home/airflow/.local/lib/python3.7/site-packages/airflow/example_dags/example_bash_operator.py took 0.070 seconds
[2023-05-11T19:14:00.825+0000] {processor.py:153} INFO - Started process (PID=263) to work on /home/airflow/.local/lib/python3.7/site-packages/airflow/example_dags/example_bash_operator.py
[2023-05-11T19:14:00.825+0000] {processor.py:743} INFO - Processing file /home/airflow/.local/lib/python3.7/site-packages/airflow/example_dags/example_bash_operator.py for tasks to queue
[2023-05-11T19:14:00.826+0000] {logging_mixin.py:137} INFO - [2023-05-11T19:14:00.826+0000] {dagbag.py:538} INFO - Filling up the DagBag from /home/airflow/.local/lib/python3.7/site-packages/airflow/example_dags/example_bash_operator.py
[2023-05-11T19:14:00.846+0000] {processor.py:753} INFO - DAG(s) dict_keys(['example_bash_operator']) retrieved from /home/airflow/.local/lib/python3.7/site-packages/airflow/example_dags/example_bash_operator.py
[2023-05-11T19:14:00.858+0000] {logging_mixin.py:137} INFO - [2023-05-11T19:14:00.857+0000] {dag.py:2690} INFO - Sync 1 DAGs
[2023-05-11T19:14:00.882+0000] {logging_mixin.py:137} INFO - [2023-05-11T19:14:00.881+0000] {dag.py:3441} INFO - Setting next_dagrun for example_bash_operator to 2023-05-10T00:00:00+00:00, run_after=2023-05-11T00:00:00+00:00
[2023-05-11T19:14:00.895+0000] {processor.py:175} INFO - Processing /home/airflow/.local/lib/python3.7/site-packages/airflow/example_dags/example_bash_operator.py took 0.072 seconds
[2023-05-11T19:14:31.703+0000] {processor.py:153} INFO - Started process (PID=493) to work on /home/airflow/.local/lib/python3.7/site-packages/airflow/example_dags/example_bash_operator.py
[2023-05-11T19:14:31.703+0000] {processor.py:743} INFO - Processing file /home/airflow/.local/lib/python3.7/site-packages/airflow/example_dags/example_bash_operator.py for tasks to queue
[2023-05-11T19:14:31.704+0000] {logging_mixin.py:137} INFO - [2023-05-11T19:14:31.704+0000] {dagbag.py:538} INFO - Filling up the DagBag from /home/airflow/.local/lib/python3.7/site-packages/airflow/example_dags/example_bash_operator.py
[2023-05-11T19:14:31.722+0000] {processor.py:753} INFO - DAG(s) dict_keys(['example_bash_operator']) retrieved from /home/airflow/.local/lib/python3.7/site-packages/airflow/example_dags/example_bash_operator.py
[2023-05-11T19:14:31.761+0000] {logging_mixin.py:137} INFO - [2023-05-11T19:14:31.760+0000] {dag.py:2690} INFO - Sync 1 DAGs
[2023-05-11T19:14:31.785+0000] {logging_mixin.py:137} INFO - [2023-05-11T19:14:31.785+0000] {dag.py:3441} INFO - Setting next_dagrun for example_bash_operator to 2023-05-10T00:00:00+00:00, run_after=2023-05-11T00:00:00+00:00
[2023-05-11T19:14:31.801+0000] {processor.py:175} INFO - Processing /home/airflow/.local/lib/python3.7/site-packages/airflow/example_dags/example_bash_operator.py took 0.101 seconds
[2023-05-11T19:15:01.859+0000] {processor.py:153} INFO - Started process (PID=743) to work on /home/airflow/.local/lib/python3.7/site-packages/airflow/example_dags/example_bash_operator.py
[2023-05-11T19:15:01.860+0000] {processor.py:743} INFO - Processing file /home/airflow/.local/lib/python3.7/site-packages/airflow/example_dags/example_bash_operator.py for tasks to queue
[2023-05-11T19:15:01.860+0000] {logging_mixin.py:137} INFO - [2023-05-11T19:15:01.860+0000] {dagbag.py:538} INFO - Filling up the DagBag from /home/airflow/.local/lib/python3.7/site-packages/airflow/example_dags/example_bash_operator.py
[2023-05-11T19:15:01.873+0000] {processor.py:753} INFO - DAG(s) dict_keys(['example_bash_operator']) retrieved from /home/airflow/.local/lib/python3.7/site-packages/airflow/example_dags/example_bash_operator.py
[2023-05-11T19:15:01.897+0000] {logging_mixin.py:137} INFO - [2023-05-11T19:15:01.897+0000] {dag.py:2690} INFO - Sync 1 DAGs
[2023-05-11T19:15:01.920+0000] {logging_mixin.py:137} INFO - [2023-05-11T19:15:01.919+0000] {dag.py:3441} INFO - Setting next_dagrun for example_bash_operator to 2023-05-10T00:00:00+00:00, run_after=2023-05-11T00:00:00+00:00
[2023-05-11T19:15:01.932+0000] {processor.py:175} INFO - Processing /home/airflow/.local/lib/python3.7/site-packages/airflow/example_dags/example_bash_operator.py took 0.075 seconds
[2023-05-11T19:15:32.970+0000] {processor.py:153} INFO - Started process (PID=973) to work on /home/airflow/.local/lib/python3.7/site-packages/airflow/example_dags/example_bash_operator.py
[2023-05-11T19:15:32.971+0000] {processor.py:743} INFO - Processing file /home/airflow/.local/lib/python3.7/site-packages/airflow/example_dags/example_bash_operator.py for tasks to queue
[2023-05-11T19:15:32.972+0000] {logging_mixin.py:137} INFO - [2023-05-11T19:15:32.972+0000] {dagbag.py:538} INFO - Filling up the DagBag from /home/airflow/.local/lib/python3.7/site-packages/airflow/example_dags/example_bash_operator.py
[2023-05-11T19:15:32.991+0000] {processor.py:753} INFO - DAG(s) dict_keys(['example_bash_operator']) retrieved from /home/airflow/.local/lib/python3.7/site-packages/airflow/example_dags/example_bash_operator.py
[2023-05-11T19:15:33.028+0000] {logging_mixin.py:137} INFO - [2023-05-11T19:15:33.028+0000] {dag.py:2690} INFO - Sync 1 DAGs
[2023-05-11T19:15:33.054+0000] {logging_mixin.py:137} INFO - [2023-05-11T19:15:33.054+0000] {dag.py:3441} INFO - Setting next_dagrun for example_bash_operator to 2023-05-10T00:00:00+00:00, run_after=2023-05-11T00:00:00+00:00
[2023-05-11T19:15:33.075+0000] {processor.py:175} INFO - Processing /home/airflow/.local/lib/python3.7/site-packages/airflow/example_dags/example_bash_operator.py took 0.108 seconds
[2023-05-11T19:16:03.353+0000] {processor.py:153} INFO - Started process (PID=1219) to work on /home/airflow/.local/lib/python3.7/site-packages/airflow/example_dags/example_bash_operator.py
[2023-05-11T19:16:03.354+0000] {processor.py:743} INFO - Processing file /home/airflow/.local/lib/python3.7/site-packages/airflow/example_dags/example_bash_operator.py for tasks to queue
[2023-05-11T19:16:03.354+0000] {logging_mixin.py:137} INFO - [2023-05-11T19:16:03.354+0000] {dagbag.py:538} INFO - Filling up the DagBag from /home/airflow/.local/lib/python3.7/site-packages/airflow/example_dags/example_bash_operator.py
[2023-05-11T19:16:03.373+0000] {processor.py:753} INFO - DAG(s) dict_keys(['example_bash_operator']) retrieved from /home/airflow/.local/lib/python3.7/site-packages/airflow/example_dags/example_bash_operator.py
[2023-05-11T19:16:03.407+0000] {logging_mixin.py:137} INFO - [2023-05-11T19:16:03.407+0000] {dag.py:2690} INFO - Sync 1 DAGs
[2023-05-11T19:16:03.430+0000] {logging_mixin.py:137} INFO - [2023-05-11T19:16:03.430+0000] {dag.py:3441} INFO - Setting next_dagrun for example_bash_operator to 2023-05-10T00:00:00+00:00, run_after=2023-05-11T00:00:00+00:00
[2023-05-11T19:16:03.448+0000] {processor.py:175} INFO - Processing /home/airflow/.local/lib/python3.7/site-packages/airflow/example_dags/example_bash_operator.py took 0.098 seconds
[2023-05-11T19:16:33.749+0000] {processor.py:153} INFO - Started process (PID=1451) to work on /home/airflow/.local/lib/python3.7/site-packages/airflow/example_dags/example_bash_operator.py
[2023-05-11T19:16:33.750+0000] {processor.py:743} INFO - Processing file /home/airflow/.local/lib/python3.7/site-packages/airflow/example_dags/example_bash_operator.py for tasks to queue
[2023-05-11T19:16:33.750+0000] {logging_mixin.py:137} INFO - [2023-05-11T19:16:33.750+0000] {dagbag.py:538} INFO - Filling up the DagBag from /home/airflow/.local/lib/python3.7/site-packages/airflow/example_dags/example_bash_operator.py
[2023-05-11T19:16:33.769+0000] {processor.py:753} INFO - DAG(s) dict_keys(['example_bash_operator']) retrieved from /home/airflow/.local/lib/python3.7/site-packages/airflow/example_dags/example_bash_operator.py
[2023-05-11T19:16:33.804+0000] {logging_mixin.py:137} INFO - [2023-05-11T19:16:33.804+0000] {dag.py:2690} INFO - Sync 1 DAGs
[2023-05-11T19:16:33.828+0000] {logging_mixin.py:137} INFO - [2023-05-11T19:16:33.828+0000] {dag.py:3441} INFO - Setting next_dagrun for example_bash_operator to 2023-05-10T00:00:00+00:00, run_after=2023-05-11T00:00:00+00:00
[2023-05-11T19:16:33.844+0000] {processor.py:175} INFO - Processing /home/airflow/.local/lib/python3.7/site-packages/airflow/example_dags/example_bash_operator.py took 0.098 seconds
[2023-05-11T19:17:04.658+0000] {processor.py:153} INFO - Started process (PID=1699) to work on /home/airflow/.local/lib/python3.7/site-packages/airflow/example_dags/example_bash_operator.py
[2023-05-11T19:17:04.658+0000] {processor.py:743} INFO - Processing file /home/airflow/.local/lib/python3.7/site-packages/airflow/example_dags/example_bash_operator.py for tasks to queue
[2023-05-11T19:17:04.659+0000] {logging_mixin.py:137} INFO - [2023-05-11T19:17:04.658+0000] {dagbag.py:538} INFO - Filling up the DagBag from /home/airflow/.local/lib/python3.7/site-packages/airflow/example_dags/example_bash_operator.py
[2023-05-11T19:17:04.670+0000] {processor.py:753} INFO - DAG(s) dict_keys(['example_bash_operator']) retrieved from /home/airflow/.local/lib/python3.7/site-packages/airflow/example_dags/example_bash_operator.py
[2023-05-11T19:17:04.695+0000] {logging_mixin.py:137} INFO - [2023-05-11T19:17:04.694+0000] {dag.py:2690} INFO - Sync 1 DAGs
[2023-05-11T19:17:04.710+0000] {logging_mixin.py:137} INFO - [2023-05-11T19:17:04.710+0000] {dag.py:3441} INFO - Setting next_dagrun for example_bash_operator to 2023-05-10T00:00:00+00:00, run_after=2023-05-11T00:00:00+00:00
[2023-05-11T19:17:04.722+0000] {processor.py:175} INFO - Processing /home/airflow/.local/lib/python3.7/site-packages/airflow/example_dags/example_bash_operator.py took 0.066 seconds
[2023-05-11T19:17:34.954+0000] {processor.py:153} INFO - Started process (PID=1945) to work on /home/airflow/.local/lib/python3.7/site-packages/airflow/example_dags/example_bash_operator.py
[2023-05-11T19:17:34.955+0000] {processor.py:743} INFO - Processing file /home/airflow/.local/lib/python3.7/site-packages/airflow/example_dags/example_bash_operator.py for tasks to queue
[2023-05-11T19:17:34.956+0000] {logging_mixin.py:137} INFO - [2023-05-11T19:17:34.956+0000] {dagbag.py:538} INFO - Filling up the DagBag from /home/airflow/.local/lib/python3.7/site-packages/airflow/example_dags/example_bash_operator.py
[2023-05-11T19:17:34.975+0000] {processor.py:753} INFO - DAG(s) dict_keys(['example_bash_operator']) retrieved from /home/airflow/.local/lib/python3.7/site-packages/airflow/example_dags/example_bash_operator.py
[2023-05-11T19:17:35.010+0000] {logging_mixin.py:137} INFO - [2023-05-11T19:17:35.009+0000] {dag.py:2690} INFO - Sync 1 DAGs
[2023-05-11T19:17:35.034+0000] {logging_mixin.py:137} INFO - [2023-05-11T19:17:35.034+0000] {dag.py:3441} INFO - Setting next_dagrun for example_bash_operator to 2023-05-10T00:00:00+00:00, run_after=2023-05-11T00:00:00+00:00
[2023-05-11T19:17:35.051+0000] {processor.py:175} INFO - Processing /home/airflow/.local/lib/python3.7/site-packages/airflow/example_dags/example_bash_operator.py took 0.100 seconds
[2023-05-11T19:18:05.483+0000] {processor.py:153} INFO - Started process (PID=2186) to work on /home/airflow/.local/lib/python3.7/site-packages/airflow/example_dags/example_bash_operator.py
[2023-05-11T19:18:05.483+0000] {processor.py:743} INFO - Processing file /home/airflow/.local/lib/python3.7/site-packages/airflow/example_dags/example_bash_operator.py for tasks to queue
[2023-05-11T19:18:05.484+0000] {logging_mixin.py:137} INFO - [2023-05-11T19:18:05.484+0000] {dagbag.py:538} INFO - Filling up the DagBag from /home/airflow/.local/lib/python3.7/site-packages/airflow/example_dags/example_bash_operator.py
[2023-05-11T19:18:05.500+0000] {processor.py:753} INFO - DAG(s) dict_keys(['example_bash_operator']) retrieved from /home/airflow/.local/lib/python3.7/site-packages/airflow/example_dags/example_bash_operator.py
[2023-05-11T19:18:05.524+0000] {logging_mixin.py:137} INFO - [2023-05-11T19:18:05.524+0000] {dag.py:2690} INFO - Sync 1 DAGs
[2023-05-11T19:18:05.540+0000] {logging_mixin.py:137} INFO - [2023-05-11T19:18:05.540+0000] {dag.py:3441} INFO - Setting next_dagrun for example_bash_operator to 2023-05-10T00:00:00+00:00, run_after=2023-05-11T00:00:00+00:00
[2023-05-11T19:18:05.553+0000] {processor.py:175} INFO - Processing /home/airflow/.local/lib/python3.7/site-packages/airflow/example_dags/example_bash_operator.py took 0.073 seconds
[2023-05-11T19:18:35.890+0000] {processor.py:153} INFO - Started process (PID=2428) to work on /home/airflow/.local/lib/python3.7/site-packages/airflow/example_dags/example_bash_operator.py
[2023-05-11T19:18:35.891+0000] {processor.py:743} INFO - Processing file /home/airflow/.local/lib/python3.7/site-packages/airflow/example_dags/example_bash_operator.py for tasks to queue
[2023-05-11T19:18:35.891+0000] {logging_mixin.py:137} INFO - [2023-05-11T19:18:35.891+0000] {dagbag.py:538} INFO - Filling up the DagBag from /home/airflow/.local/lib/python3.7/site-packages/airflow/example_dags/example_bash_operator.py
[2023-05-11T19:18:35.909+0000] {processor.py:753} INFO - DAG(s) dict_keys(['example_bash_operator']) retrieved from /home/airflow/.local/lib/python3.7/site-packages/airflow/example_dags/example_bash_operator.py
[2023-05-11T19:18:35.945+0000] {logging_mixin.py:137} INFO - [2023-05-11T19:18:35.945+0000] {dag.py:2690} INFO - Sync 1 DAGs
[2023-05-11T19:18:35.977+0000] {logging_mixin.py:137} INFO - [2023-05-11T19:18:35.977+0000] {dag.py:3441} INFO - Setting next_dagrun for example_bash_operator to 2023-05-10T00:00:00+00:00, run_after=2023-05-11T00:00:00+00:00
[2023-05-11T19:18:35.998+0000] {processor.py:175} INFO - Processing /home/airflow/.local/lib/python3.7/site-packages/airflow/example_dags/example_bash_operator.py took 0.110 seconds
[2023-05-11T19:19:06.431+0000] {processor.py:153} INFO - Started process (PID=2667) to work on /home/airflow/.local/lib/python3.7/site-packages/airflow/example_dags/example_bash_operator.py
[2023-05-11T19:19:06.432+0000] {processor.py:743} INFO - Processing file /home/airflow/.local/lib/python3.7/site-packages/airflow/example_dags/example_bash_operator.py for tasks to queue
[2023-05-11T19:19:06.432+0000] {logging_mixin.py:137} INFO - [2023-05-11T19:19:06.432+0000] {dagbag.py:538} INFO - Filling up the DagBag from /home/airflow/.local/lib/python3.7/site-packages/airflow/example_dags/example_bash_operator.py
[2023-05-11T19:19:06.450+0000] {processor.py:753} INFO - DAG(s) dict_keys(['example_bash_operator']) retrieved from /home/airflow/.local/lib/python3.7/site-packages/airflow/example_dags/example_bash_operator.py
[2023-05-11T19:19:06.484+0000] {logging_mixin.py:137} INFO - [2023-05-11T19:19:06.484+0000] {dag.py:2690} INFO - Sync 1 DAGs
[2023-05-11T19:19:06.507+0000] {logging_mixin.py:137} INFO - [2023-05-11T19:19:06.507+0000] {dag.py:3441} INFO - Setting next_dagrun for example_bash_operator to 2023-05-10T00:00:00+00:00, run_after=2023-05-11T00:00:00+00:00
[2023-05-11T19:19:06.523+0000] {processor.py:175} INFO - Processing /home/airflow/.local/lib/python3.7/site-packages/airflow/example_dags/example_bash_operator.py took 0.095 seconds
[2023-05-11T19:19:37.115+0000] {processor.py:153} INFO - Started process (PID=2915) to work on /home/airflow/.local/lib/python3.7/site-packages/airflow/example_dags/example_bash_operator.py
[2023-05-11T19:19:37.116+0000] {processor.py:743} INFO - Processing file /home/airflow/.local/lib/python3.7/site-packages/airflow/example_dags/example_bash_operator.py for tasks to queue
[2023-05-11T19:19:37.117+0000] {logging_mixin.py:137} INFO - [2023-05-11T19:19:37.117+0000] {dagbag.py:538} INFO - Filling up the DagBag from /home/airflow/.local/lib/python3.7/site-packages/airflow/example_dags/example_bash_operator.py
[2023-05-11T19:19:37.142+0000] {processor.py:753} INFO - DAG(s) dict_keys(['example_bash_operator']) retrieved from /home/airflow/.local/lib/python3.7/site-packages/airflow/example_dags/example_bash_operator.py
[2023-05-11T19:19:37.180+0000] {logging_mixin.py:137} INFO - [2023-05-11T19:19:37.180+0000] {dag.py:2690} INFO - Sync 1 DAGs
[2023-05-11T19:19:37.206+0000] {logging_mixin.py:137} INFO - [2023-05-11T19:19:37.206+0000] {dag.py:3441} INFO - Setting next_dagrun for example_bash_operator to 2023-05-10T00:00:00+00:00, run_after=2023-05-11T00:00:00+00:00
[2023-05-11T19:19:37.223+0000] {processor.py:175} INFO - Processing /home/airflow/.local/lib/python3.7/site-packages/airflow/example_dags/example_bash_operator.py took 0.111 seconds
[2023-05-11T19:20:07.511+0000] {processor.py:153} INFO - Started process (PID=3147) to work on /home/airflow/.local/lib/python3.7/site-packages/airflow/example_dags/example_bash_operator.py
[2023-05-11T19:20:07.511+0000] {processor.py:743} INFO - Processing file /home/airflow/.local/lib/python3.7/site-packages/airflow/example_dags/example_bash_operator.py for tasks to queue
[2023-05-11T19:20:07.512+0000] {logging_mixin.py:137} INFO - [2023-05-11T19:20:07.512+0000] {dagbag.py:538} INFO - Filling up the DagBag from /home/airflow/.local/lib/python3.7/site-packages/airflow/example_dags/example_bash_operator.py
[2023-05-11T19:20:07.531+0000] {processor.py:753} INFO - DAG(s) dict_keys(['example_bash_operator']) retrieved from /home/airflow/.local/lib/python3.7/site-packages/airflow/example_dags/example_bash_operator.py
[2023-05-11T19:20:07.566+0000] {logging_mixin.py:137} INFO - [2023-05-11T19:20:07.566+0000] {dag.py:2690} INFO - Sync 1 DAGs
[2023-05-11T19:20:07.595+0000] {logging_mixin.py:137} INFO - [2023-05-11T19:20:07.595+0000] {dag.py:3441} INFO - Setting next_dagrun for example_bash_operator to 2023-05-10T00:00:00+00:00, run_after=2023-05-11T00:00:00+00:00
[2023-05-11T19:20:07.617+0000] {processor.py:175} INFO - Processing /home/airflow/.local/lib/python3.7/site-packages/airflow/example_dags/example_bash_operator.py took 0.109 seconds
[2023-05-11T19:20:38.092+0000] {processor.py:153} INFO - Started process (PID=3395) to work on /home/airflow/.local/lib/python3.7/site-packages/airflow/example_dags/example_bash_operator.py
[2023-05-11T19:20:38.092+0000] {processor.py:743} INFO - Processing file /home/airflow/.local/lib/python3.7/site-packages/airflow/example_dags/example_bash_operator.py for tasks to queue
[2023-05-11T19:20:38.093+0000] {logging_mixin.py:137} INFO - [2023-05-11T19:20:38.093+0000] {dagbag.py:538} INFO - Filling up the DagBag from /home/airflow/.local/lib/python3.7/site-packages/airflow/example_dags/example_bash_operator.py
[2023-05-11T19:20:38.132+0000] {processor.py:753} INFO - DAG(s) dict_keys(['example_bash_operator']) retrieved from /home/airflow/.local/lib/python3.7/site-packages/airflow/example_dags/example_bash_operator.py
[2023-05-11T19:20:38.168+0000] {logging_mixin.py:137} INFO - [2023-05-11T19:20:38.168+0000] {dag.py:2690} INFO - Sync 1 DAGs
[2023-05-11T19:20:38.212+0000] {logging_mixin.py:137} INFO - [2023-05-11T19:20:38.212+0000] {dag.py:3441} INFO - Setting next_dagrun for example_bash_operator to 2023-05-10T00:00:00+00:00, run_after=2023-05-11T00:00:00+00:00
[2023-05-11T19:20:38.228+0000] {processor.py:175} INFO - Processing /home/airflow/.local/lib/python3.7/site-packages/airflow/example_dags/example_bash_operator.py took 0.139 seconds
[2023-05-11T19:21:08.386+0000] {processor.py:153} INFO - Started process (PID=3627) to work on /home/airflow/.local/lib/python3.7/site-packages/airflow/example_dags/example_bash_operator.py
[2023-05-11T19:21:08.386+0000] {processor.py:743} INFO - Processing file /home/airflow/.local/lib/python3.7/site-packages/airflow/example_dags/example_bash_operator.py for tasks to queue
[2023-05-11T19:21:08.387+0000] {logging_mixin.py:137} INFO - [2023-05-11T19:21:08.387+0000] {dagbag.py:538} INFO - Filling up the DagBag from /home/airflow/.local/lib/python3.7/site-packages/airflow/example_dags/example_bash_operator.py
[2023-05-11T19:21:08.406+0000] {processor.py:753} INFO - DAG(s) dict_keys(['example_bash_operator']) retrieved from /home/airflow/.local/lib/python3.7/site-packages/airflow/example_dags/example_bash_operator.py
[2023-05-11T19:21:08.443+0000] {logging_mixin.py:137} INFO - [2023-05-11T19:21:08.443+0000] {dag.py:2690} INFO - Sync 1 DAGs
[2023-05-11T19:21:08.466+0000] {logging_mixin.py:137} INFO - [2023-05-11T19:21:08.466+0000] {dag.py:3441} INFO - Setting next_dagrun for example_bash_operator to 2023-05-10T00:00:00+00:00, run_after=2023-05-11T00:00:00+00:00
[2023-05-11T19:21:08.481+0000] {processor.py:175} INFO - Processing /home/airflow/.local/lib/python3.7/site-packages/airflow/example_dags/example_bash_operator.py took 0.099 seconds
[2023-05-11T19:21:39.066+0000] {processor.py:153} INFO - Started process (PID=3875) to work on /home/airflow/.local/lib/python3.7/site-packages/airflow/example_dags/example_bash_operator.py
[2023-05-11T19:21:39.067+0000] {processor.py:743} INFO - Processing file /home/airflow/.local/lib/python3.7/site-packages/airflow/example_dags/example_bash_operator.py for tasks to queue
[2023-05-11T19:21:39.067+0000] {logging_mixin.py:137} INFO - [2023-05-11T19:21:39.067+0000] {dagbag.py:538} INFO - Filling up the DagBag from /home/airflow/.local/lib/python3.7/site-packages/airflow/example_dags/example_bash_operator.py
[2023-05-11T19:21:39.086+0000] {processor.py:753} INFO - DAG(s) dict_keys(['example_bash_operator']) retrieved from /home/airflow/.local/lib/python3.7/site-packages/airflow/example_dags/example_bash_operator.py
[2023-05-11T19:21:39.112+0000] {logging_mixin.py:137} INFO - [2023-05-11T19:21:39.112+0000] {dag.py:2690} INFO - Sync 1 DAGs
[2023-05-11T19:21:39.131+0000] {logging_mixin.py:137} INFO - [2023-05-11T19:21:39.130+0000] {dag.py:3441} INFO - Setting next_dagrun for example_bash_operator to 2023-05-10T00:00:00+00:00, run_after=2023-05-11T00:00:00+00:00
[2023-05-11T19:21:39.145+0000] {processor.py:175} INFO - Processing /home/airflow/.local/lib/python3.7/site-packages/airflow/example_dags/example_bash_operator.py took 0.081 seconds
[2023-05-11T19:22:09.234+0000] {processor.py:153} INFO - Started process (PID=4107) to work on /home/airflow/.local/lib/python3.7/site-packages/airflow/example_dags/example_bash_operator.py
[2023-05-11T19:22:09.235+0000] {processor.py:743} INFO - Processing file /home/airflow/.local/lib/python3.7/site-packages/airflow/example_dags/example_bash_operator.py for tasks to queue
[2023-05-11T19:22:09.236+0000] {logging_mixin.py:137} INFO - [2023-05-11T19:22:09.236+0000] {dagbag.py:538} INFO - Filling up the DagBag from /home/airflow/.local/lib/python3.7/site-packages/airflow/example_dags/example_bash_operator.py
[2023-05-11T19:22:09.254+0000] {processor.py:753} INFO - DAG(s) dict_keys(['example_bash_operator']) retrieved from /home/airflow/.local/lib/python3.7/site-packages/airflow/example_dags/example_bash_operator.py
[2023-05-11T19:22:09.291+0000] {logging_mixin.py:137} INFO - [2023-05-11T19:22:09.291+0000] {dag.py:2690} INFO - Sync 1 DAGs
[2023-05-11T19:22:09.317+0000] {logging_mixin.py:137} INFO - [2023-05-11T19:22:09.317+0000] {dag.py:3441} INFO - Setting next_dagrun for example_bash_operator to 2023-05-10T00:00:00+00:00, run_after=2023-05-11T00:00:00+00:00
[2023-05-11T19:22:09.334+0000] {processor.py:175} INFO - Processing /home/airflow/.local/lib/python3.7/site-packages/airflow/example_dags/example_bash_operator.py took 0.102 seconds
[2023-05-11T19:22:39.748+0000] {processor.py:153} INFO - Started process (PID=4358) to work on /home/airflow/.local/lib/python3.7/site-packages/airflow/example_dags/example_bash_operator.py
[2023-05-11T19:22:39.748+0000] {processor.py:743} INFO - Processing file /home/airflow/.local/lib/python3.7/site-packages/airflow/example_dags/example_bash_operator.py for tasks to queue
[2023-05-11T19:22:39.749+0000] {logging_mixin.py:137} INFO - [2023-05-11T19:22:39.749+0000] {dagbag.py:538} INFO - Filling up the DagBag from /home/airflow/.local/lib/python3.7/site-packages/airflow/example_dags/example_bash_operator.py
[2023-05-11T19:22:39.767+0000] {processor.py:753} INFO - DAG(s) dict_keys(['example_bash_operator']) retrieved from /home/airflow/.local/lib/python3.7/site-packages/airflow/example_dags/example_bash_operator.py
[2023-05-11T19:22:39.802+0000] {logging_mixin.py:137} INFO - [2023-05-11T19:22:39.802+0000] {dag.py:2690} INFO - Sync 1 DAGs
[2023-05-11T19:22:39.832+0000] {logging_mixin.py:137} INFO - [2023-05-11T19:22:39.832+0000] {dag.py:3441} INFO - Setting next_dagrun for example_bash_operator to 2023-05-10T00:00:00+00:00, run_after=2023-05-11T00:00:00+00:00
[2023-05-11T19:22:39.849+0000] {processor.py:175} INFO - Processing /home/airflow/.local/lib/python3.7/site-packages/airflow/example_dags/example_bash_operator.py took 0.103 seconds
[2023-05-11T19:23:10.139+0000] {processor.py:153} INFO - Started process (PID=4588) to work on /home/airflow/.local/lib/python3.7/site-packages/airflow/example_dags/example_bash_operator.py
[2023-05-11T19:23:10.140+0000] {processor.py:743} INFO - Processing file /home/airflow/.local/lib/python3.7/site-packages/airflow/example_dags/example_bash_operator.py for tasks to queue
[2023-05-11T19:23:10.140+0000] {logging_mixin.py:137} INFO - [2023-05-11T19:23:10.140+0000] {dagbag.py:538} INFO - Filling up the DagBag from /home/airflow/.local/lib/python3.7/site-packages/airflow/example_dags/example_bash_operator.py
[2023-05-11T19:23:10.158+0000] {processor.py:753} INFO - DAG(s) dict_keys(['example_bash_operator']) retrieved from /home/airflow/.local/lib/python3.7/site-packages/airflow/example_dags/example_bash_operator.py
[2023-05-11T19:23:10.192+0000] {logging_mixin.py:137} INFO - [2023-05-11T19:23:10.192+0000] {dag.py:2690} INFO - Sync 1 DAGs
[2023-05-11T19:23:10.218+0000] {logging_mixin.py:137} INFO - [2023-05-11T19:23:10.217+0000] {dag.py:3441} INFO - Setting next_dagrun for example_bash_operator to 2023-05-10T00:00:00+00:00, run_after=2023-05-11T00:00:00+00:00
[2023-05-11T19:23:10.238+0000] {processor.py:175} INFO - Processing /home/airflow/.local/lib/python3.7/site-packages/airflow/example_dags/example_bash_operator.py took 0.102 seconds
[2023-05-11T19:23:41.082+0000] {processor.py:153} INFO - Started process (PID=4837) to work on /home/airflow/.local/lib/python3.7/site-packages/airflow/example_dags/example_bash_operator.py
[2023-05-11T19:23:41.083+0000] {processor.py:743} INFO - Processing file /home/airflow/.local/lib/python3.7/site-packages/airflow/example_dags/example_bash_operator.py for tasks to queue
[2023-05-11T19:23:41.084+0000] {logging_mixin.py:137} INFO - [2023-05-11T19:23:41.083+0000] {dagbag.py:538} INFO - Filling up the DagBag from /home/airflow/.local/lib/python3.7/site-packages/airflow/example_dags/example_bash_operator.py
[2023-05-11T19:23:41.113+0000] {processor.py:753} INFO - DAG(s) dict_keys(['example_bash_operator']) retrieved from /home/airflow/.local/lib/python3.7/site-packages/airflow/example_dags/example_bash_operator.py
[2023-05-11T19:23:41.171+0000] {logging_mixin.py:137} INFO - [2023-05-11T19:23:41.170+0000] {dag.py:2690} INFO - Sync 1 DAGs
[2023-05-11T19:23:41.229+0000] {logging_mixin.py:137} INFO - [2023-05-11T19:23:41.229+0000] {dag.py:3441} INFO - Setting next_dagrun for example_bash_operator to 2023-05-10T00:00:00+00:00, run_after=2023-05-11T00:00:00+00:00
[2023-05-11T19:23:41.258+0000] {processor.py:175} INFO - Processing /home/airflow/.local/lib/python3.7/site-packages/airflow/example_dags/example_bash_operator.py took 0.180 seconds
[2023-05-11T19:24:11.999+0000] {processor.py:153} INFO - Started process (PID=5071) to work on /home/airflow/.local/lib/python3.7/site-packages/airflow/example_dags/example_bash_operator.py
[2023-05-11T19:24:12.000+0000] {processor.py:743} INFO - Processing file /home/airflow/.local/lib/python3.7/site-packages/airflow/example_dags/example_bash_operator.py for tasks to queue
[2023-05-11T19:24:12.000+0000] {logging_mixin.py:137} INFO - [2023-05-11T19:24:12.000+0000] {dagbag.py:538} INFO - Filling up the DagBag from /home/airflow/.local/lib/python3.7/site-packages/airflow/example_dags/example_bash_operator.py
[2023-05-11T19:24:12.018+0000] {processor.py:753} INFO - DAG(s) dict_keys(['example_bash_operator']) retrieved from /home/airflow/.local/lib/python3.7/site-packages/airflow/example_dags/example_bash_operator.py
[2023-05-11T19:24:12.051+0000] {logging_mixin.py:137} INFO - [2023-05-11T19:24:12.051+0000] {dag.py:2690} INFO - Sync 1 DAGs
[2023-05-11T19:24:12.074+0000] {logging_mixin.py:137} INFO - [2023-05-11T19:24:12.074+0000] {dag.py:3441} INFO - Setting next_dagrun for example_bash_operator to 2023-05-10T00:00:00+00:00, run_after=2023-05-11T00:00:00+00:00
[2023-05-11T19:24:12.089+0000] {processor.py:175} INFO - Processing /home/airflow/.local/lib/python3.7/site-packages/airflow/example_dags/example_bash_operator.py took 0.093 seconds
[2023-05-11T19:24:42.513+0000] {processor.py:153} INFO - Started process (PID=5319) to work on /home/airflow/.local/lib/python3.7/site-packages/airflow/example_dags/example_bash_operator.py
[2023-05-11T19:24:42.513+0000] {processor.py:743} INFO - Processing file /home/airflow/.local/lib/python3.7/site-packages/airflow/example_dags/example_bash_operator.py for tasks to queue
[2023-05-11T19:24:42.514+0000] {logging_mixin.py:137} INFO - [2023-05-11T19:24:42.514+0000] {dagbag.py:538} INFO - Filling up the DagBag from /home/airflow/.local/lib/python3.7/site-packages/airflow/example_dags/example_bash_operator.py
[2023-05-11T19:24:42.532+0000] {processor.py:753} INFO - DAG(s) dict_keys(['example_bash_operator']) retrieved from /home/airflow/.local/lib/python3.7/site-packages/airflow/example_dags/example_bash_operator.py
[2023-05-11T19:24:42.575+0000] {logging_mixin.py:137} INFO - [2023-05-11T19:24:42.575+0000] {dag.py:2690} INFO - Sync 1 DAGs
[2023-05-11T19:24:42.595+0000] {logging_mixin.py:137} INFO - [2023-05-11T19:24:42.595+0000] {dag.py:3441} INFO - Setting next_dagrun for example_bash_operator to 2023-05-10T00:00:00+00:00, run_after=2023-05-11T00:00:00+00:00
[2023-05-11T19:24:42.611+0000] {processor.py:175} INFO - Processing /home/airflow/.local/lib/python3.7/site-packages/airflow/example_dags/example_bash_operator.py took 0.100 seconds
[2023-05-11T19:25:28.038+0000] {processor.py:153} INFO - Started process (PID=259) to work on /home/airflow/.local/lib/python3.7/site-packages/airflow/example_dags/example_bash_operator.py
[2023-05-11T19:25:28.039+0000] {processor.py:743} INFO - Processing file /home/airflow/.local/lib/python3.7/site-packages/airflow/example_dags/example_bash_operator.py for tasks to queue
[2023-05-11T19:25:28.039+0000] {logging_mixin.py:137} INFO - [2023-05-11T19:25:28.039+0000] {dagbag.py:538} INFO - Filling up the DagBag from /home/airflow/.local/lib/python3.7/site-packages/airflow/example_dags/example_bash_operator.py
[2023-05-11T19:25:28.061+0000] {processor.py:753} INFO - DAG(s) dict_keys(['example_bash_operator']) retrieved from /home/airflow/.local/lib/python3.7/site-packages/airflow/example_dags/example_bash_operator.py
[2023-05-11T19:25:28.093+0000] {logging_mixin.py:137} INFO - [2023-05-11T19:25:28.092+0000] {dag.py:2690} INFO - Sync 1 DAGs
[2023-05-11T19:25:28.127+0000] {logging_mixin.py:137} INFO - [2023-05-11T19:25:28.127+0000] {dag.py:3441} INFO - Setting next_dagrun for example_bash_operator to 2023-05-10T00:00:00+00:00, run_after=2023-05-11T00:00:00+00:00
[2023-05-11T19:25:28.147+0000] {processor.py:175} INFO - Processing /home/airflow/.local/lib/python3.7/site-packages/airflow/example_dags/example_bash_operator.py took 0.112 seconds
[2023-05-11T19:25:58.186+0000] {processor.py:153} INFO - Started process (PID=491) to work on /home/airflow/.local/lib/python3.7/site-packages/airflow/example_dags/example_bash_operator.py
[2023-05-11T19:25:58.187+0000] {processor.py:743} INFO - Processing file /home/airflow/.local/lib/python3.7/site-packages/airflow/example_dags/example_bash_operator.py for tasks to queue
[2023-05-11T19:25:58.187+0000] {logging_mixin.py:137} INFO - [2023-05-11T19:25:58.187+0000] {dagbag.py:538} INFO - Filling up the DagBag from /home/airflow/.local/lib/python3.7/site-packages/airflow/example_dags/example_bash_operator.py
[2023-05-11T19:25:58.201+0000] {processor.py:753} INFO - DAG(s) dict_keys(['example_bash_operator']) retrieved from /home/airflow/.local/lib/python3.7/site-packages/airflow/example_dags/example_bash_operator.py
[2023-05-11T19:25:58.227+0000] {logging_mixin.py:137} INFO - [2023-05-11T19:25:58.227+0000] {dag.py:2690} INFO - Sync 1 DAGs
[2023-05-11T19:25:58.244+0000] {logging_mixin.py:137} INFO - [2023-05-11T19:25:58.244+0000] {dag.py:3441} INFO - Setting next_dagrun for example_bash_operator to 2023-05-10T00:00:00+00:00, run_after=2023-05-11T00:00:00+00:00
[2023-05-11T19:25:58.254+0000] {processor.py:175} INFO - Processing /home/airflow/.local/lib/python3.7/site-packages/airflow/example_dags/example_bash_operator.py took 0.070 seconds
[2023-05-11T19:26:29.359+0000] {processor.py:153} INFO - Started process (PID=739) to work on /home/airflow/.local/lib/python3.7/site-packages/airflow/example_dags/example_bash_operator.py
[2023-05-11T19:26:29.360+0000] {processor.py:743} INFO - Processing file /home/airflow/.local/lib/python3.7/site-packages/airflow/example_dags/example_bash_operator.py for tasks to queue
[2023-05-11T19:26:29.360+0000] {logging_mixin.py:137} INFO - [2023-05-11T19:26:29.360+0000] {dagbag.py:538} INFO - Filling up the DagBag from /home/airflow/.local/lib/python3.7/site-packages/airflow/example_dags/example_bash_operator.py
[2023-05-11T19:26:29.380+0000] {processor.py:753} INFO - DAG(s) dict_keys(['example_bash_operator']) retrieved from /home/airflow/.local/lib/python3.7/site-packages/airflow/example_dags/example_bash_operator.py
[2023-05-11T19:26:29.415+0000] {logging_mixin.py:137} INFO - [2023-05-11T19:26:29.415+0000] {dag.py:2690} INFO - Sync 1 DAGs
[2023-05-11T19:26:29.440+0000] {logging_mixin.py:137} INFO - [2023-05-11T19:26:29.439+0000] {dag.py:3441} INFO - Setting next_dagrun for example_bash_operator to 2023-05-10T00:00:00+00:00, run_after=2023-05-11T00:00:00+00:00
[2023-05-11T19:26:29.455+0000] {processor.py:175} INFO - Processing /home/airflow/.local/lib/python3.7/site-packages/airflow/example_dags/example_bash_operator.py took 0.099 seconds
[2023-05-11T19:26:59.759+0000] {processor.py:153} INFO - Started process (PID=971) to work on /home/airflow/.local/lib/python3.7/site-packages/airflow/example_dags/example_bash_operator.py
[2023-05-11T19:26:59.760+0000] {processor.py:743} INFO - Processing file /home/airflow/.local/lib/python3.7/site-packages/airflow/example_dags/example_bash_operator.py for tasks to queue
[2023-05-11T19:26:59.760+0000] {logging_mixin.py:137} INFO - [2023-05-11T19:26:59.760+0000] {dagbag.py:538} INFO - Filling up the DagBag from /home/airflow/.local/lib/python3.7/site-packages/airflow/example_dags/example_bash_operator.py
[2023-05-11T19:26:59.778+0000] {processor.py:753} INFO - DAG(s) dict_keys(['example_bash_operator']) retrieved from /home/airflow/.local/lib/python3.7/site-packages/airflow/example_dags/example_bash_operator.py
[2023-05-11T19:26:59.814+0000] {logging_mixin.py:137} INFO - [2023-05-11T19:26:59.813+0000] {dag.py:2690} INFO - Sync 1 DAGs
[2023-05-11T19:26:59.837+0000] {logging_mixin.py:137} INFO - [2023-05-11T19:26:59.837+0000] {dag.py:3441} INFO - Setting next_dagrun for example_bash_operator to 2023-05-10T00:00:00+00:00, run_after=2023-05-11T00:00:00+00:00
[2023-05-11T19:26:59.854+0000] {processor.py:175} INFO - Processing /home/airflow/.local/lib/python3.7/site-packages/airflow/example_dags/example_bash_operator.py took 0.097 seconds
[2023-05-11T19:27:30.214+0000] {processor.py:153} INFO - Started process (PID=1219) to work on /home/airflow/.local/lib/python3.7/site-packages/airflow/example_dags/example_bash_operator.py
[2023-05-11T19:27:30.215+0000] {processor.py:743} INFO - Processing file /home/airflow/.local/lib/python3.7/site-packages/airflow/example_dags/example_bash_operator.py for tasks to queue
[2023-05-11T19:27:30.215+0000] {logging_mixin.py:137} INFO - [2023-05-11T19:27:30.215+0000] {dagbag.py:538} INFO - Filling up the DagBag from /home/airflow/.local/lib/python3.7/site-packages/airflow/example_dags/example_bash_operator.py
[2023-05-11T19:27:30.228+0000] {processor.py:753} INFO - DAG(s) dict_keys(['example_bash_operator']) retrieved from /home/airflow/.local/lib/python3.7/site-packages/airflow/example_dags/example_bash_operator.py
[2023-05-11T19:27:30.253+0000] {logging_mixin.py:137} INFO - [2023-05-11T19:27:30.253+0000] {dag.py:2690} INFO - Sync 1 DAGs
[2023-05-11T19:27:30.270+0000] {logging_mixin.py:137} INFO - [2023-05-11T19:27:30.270+0000] {dag.py:3441} INFO - Setting next_dagrun for example_bash_operator to 2023-05-10T00:00:00+00:00, run_after=2023-05-11T00:00:00+00:00
[2023-05-11T19:27:30.281+0000] {processor.py:175} INFO - Processing /home/airflow/.local/lib/python3.7/site-packages/airflow/example_dags/example_bash_operator.py took 0.068 seconds
[2023-05-11T19:28:01.365+0000] {processor.py:153} INFO - Started process (PID=1451) to work on /home/airflow/.local/lib/python3.7/site-packages/airflow/example_dags/example_bash_operator.py
[2023-05-11T19:28:01.366+0000] {processor.py:743} INFO - Processing file /home/airflow/.local/lib/python3.7/site-packages/airflow/example_dags/example_bash_operator.py for tasks to queue
[2023-05-11T19:28:01.367+0000] {logging_mixin.py:137} INFO - [2023-05-11T19:28:01.367+0000] {dagbag.py:538} INFO - Filling up the DagBag from /home/airflow/.local/lib/python3.7/site-packages/airflow/example_dags/example_bash_operator.py
[2023-05-11T19:28:01.385+0000] {processor.py:753} INFO - DAG(s) dict_keys(['example_bash_operator']) retrieved from /home/airflow/.local/lib/python3.7/site-packages/airflow/example_dags/example_bash_operator.py
[2023-05-11T19:28:01.420+0000] {logging_mixin.py:137} INFO - [2023-05-11T19:28:01.420+0000] {dag.py:2690} INFO - Sync 1 DAGs
[2023-05-11T19:28:01.450+0000] {logging_mixin.py:137} INFO - [2023-05-11T19:28:01.449+0000] {dag.py:3441} INFO - Setting next_dagrun for example_bash_operator to 2023-05-10T00:00:00+00:00, run_after=2023-05-11T00:00:00+00:00
[2023-05-11T19:28:01.467+0000] {processor.py:175} INFO - Processing /home/airflow/.local/lib/python3.7/site-packages/airflow/example_dags/example_bash_operator.py took 0.105 seconds
[2023-05-11T19:28:31.592+0000] {processor.py:153} INFO - Started process (PID=1699) to work on /home/airflow/.local/lib/python3.7/site-packages/airflow/example_dags/example_bash_operator.py
[2023-05-11T19:28:31.592+0000] {processor.py:743} INFO - Processing file /home/airflow/.local/lib/python3.7/site-packages/airflow/example_dags/example_bash_operator.py for tasks to queue
[2023-05-11T19:28:31.593+0000] {logging_mixin.py:137} INFO - [2023-05-11T19:28:31.593+0000] {dagbag.py:538} INFO - Filling up the DagBag from /home/airflow/.local/lib/python3.7/site-packages/airflow/example_dags/example_bash_operator.py
[2023-05-11T19:28:31.608+0000] {processor.py:753} INFO - DAG(s) dict_keys(['example_bash_operator']) retrieved from /home/airflow/.local/lib/python3.7/site-packages/airflow/example_dags/example_bash_operator.py
[2023-05-11T19:28:31.635+0000] {logging_mixin.py:137} INFO - [2023-05-11T19:28:31.634+0000] {dag.py:2690} INFO - Sync 1 DAGs
[2023-05-11T19:28:31.656+0000] {logging_mixin.py:137} INFO - [2023-05-11T19:28:31.656+0000] {dag.py:3441} INFO - Setting next_dagrun for example_bash_operator to 2023-05-10T00:00:00+00:00, run_after=2023-05-11T00:00:00+00:00
[2023-05-11T19:28:31.668+0000] {processor.py:175} INFO - Processing /home/airflow/.local/lib/python3.7/site-packages/airflow/example_dags/example_bash_operator.py took 0.078 seconds
[2023-05-11T19:29:01.945+0000] {processor.py:153} INFO - Started process (PID=1932) to work on /home/airflow/.local/lib/python3.7/site-packages/airflow/example_dags/example_bash_operator.py
[2023-05-11T19:29:01.946+0000] {processor.py:743} INFO - Processing file /home/airflow/.local/lib/python3.7/site-packages/airflow/example_dags/example_bash_operator.py for tasks to queue
[2023-05-11T19:29:01.947+0000] {logging_mixin.py:137} INFO - [2023-05-11T19:29:01.946+0000] {dagbag.py:538} INFO - Filling up the DagBag from /home/airflow/.local/lib/python3.7/site-packages/airflow/example_dags/example_bash_operator.py
[2023-05-11T19:29:01.965+0000] {processor.py:753} INFO - DAG(s) dict_keys(['example_bash_operator']) retrieved from /home/airflow/.local/lib/python3.7/site-packages/airflow/example_dags/example_bash_operator.py
[2023-05-11T19:29:01.998+0000] {logging_mixin.py:137} INFO - [2023-05-11T19:29:01.998+0000] {dag.py:2690} INFO - Sync 1 DAGs
[2023-05-11T19:29:02.022+0000] {logging_mixin.py:137} INFO - [2023-05-11T19:29:02.022+0000] {dag.py:3441} INFO - Setting next_dagrun for example_bash_operator to 2023-05-10T00:00:00+00:00, run_after=2023-05-11T00:00:00+00:00
[2023-05-11T19:29:02.038+0000] {processor.py:175} INFO - Processing /home/airflow/.local/lib/python3.7/site-packages/airflow/example_dags/example_bash_operator.py took 0.095 seconds
[2023-05-11T19:29:32.431+0000] {processor.py:153} INFO - Started process (PID=2182) to work on /home/airflow/.local/lib/python3.7/site-packages/airflow/example_dags/example_bash_operator.py
[2023-05-11T19:29:32.431+0000] {processor.py:743} INFO - Processing file /home/airflow/.local/lib/python3.7/site-packages/airflow/example_dags/example_bash_operator.py for tasks to queue
[2023-05-11T19:29:32.432+0000] {logging_mixin.py:137} INFO - [2023-05-11T19:29:32.432+0000] {dagbag.py:538} INFO - Filling up the DagBag from /home/airflow/.local/lib/python3.7/site-packages/airflow/example_dags/example_bash_operator.py
[2023-05-11T19:29:32.450+0000] {processor.py:753} INFO - DAG(s) dict_keys(['example_bash_operator']) retrieved from /home/airflow/.local/lib/python3.7/site-packages/airflow/example_dags/example_bash_operator.py
[2023-05-11T19:29:32.485+0000] {logging_mixin.py:137} INFO - [2023-05-11T19:29:32.485+0000] {dag.py:2690} INFO - Sync 1 DAGs
[2023-05-11T19:29:32.508+0000] {logging_mixin.py:137} INFO - [2023-05-11T19:29:32.508+0000] {dag.py:3441} INFO - Setting next_dagrun for example_bash_operator to 2023-05-10T00:00:00+00:00, run_after=2023-05-11T00:00:00+00:00
[2023-05-11T19:29:32.523+0000] {processor.py:175} INFO - Processing /home/airflow/.local/lib/python3.7/site-packages/airflow/example_dags/example_bash_operator.py took 0.095 seconds
[2023-05-11T19:30:02.886+0000] {processor.py:153} INFO - Started process (PID=2414) to work on /home/airflow/.local/lib/python3.7/site-packages/airflow/example_dags/example_bash_operator.py
[2023-05-11T19:30:02.887+0000] {processor.py:743} INFO - Processing file /home/airflow/.local/lib/python3.7/site-packages/airflow/example_dags/example_bash_operator.py for tasks to queue
[2023-05-11T19:30:02.888+0000] {logging_mixin.py:137} INFO - [2023-05-11T19:30:02.888+0000] {dagbag.py:538} INFO - Filling up the DagBag from /home/airflow/.local/lib/python3.7/site-packages/airflow/example_dags/example_bash_operator.py
[2023-05-11T19:30:02.909+0000] {processor.py:753} INFO - DAG(s) dict_keys(['example_bash_operator']) retrieved from /home/airflow/.local/lib/python3.7/site-packages/airflow/example_dags/example_bash_operator.py
[2023-05-11T19:30:02.970+0000] {logging_mixin.py:137} INFO - [2023-05-11T19:30:02.970+0000] {dag.py:2690} INFO - Sync 1 DAGs
[2023-05-11T19:30:02.992+0000] {logging_mixin.py:137} INFO - [2023-05-11T19:30:02.992+0000] {dag.py:3441} INFO - Setting next_dagrun for example_bash_operator to 2023-05-10T00:00:00+00:00, run_after=2023-05-11T00:00:00+00:00
[2023-05-11T19:30:03.027+0000] {processor.py:175} INFO - Processing /home/airflow/.local/lib/python3.7/site-packages/airflow/example_dags/example_bash_operator.py took 0.144 seconds
[2023-05-11T19:30:33.544+0000] {processor.py:153} INFO - Started process (PID=2662) to work on /home/airflow/.local/lib/python3.7/site-packages/airflow/example_dags/example_bash_operator.py
[2023-05-11T19:30:33.545+0000] {processor.py:743} INFO - Processing file /home/airflow/.local/lib/python3.7/site-packages/airflow/example_dags/example_bash_operator.py for tasks to queue
[2023-05-11T19:30:33.545+0000] {logging_mixin.py:137} INFO - [2023-05-11T19:30:33.545+0000] {dagbag.py:538} INFO - Filling up the DagBag from /home/airflow/.local/lib/python3.7/site-packages/airflow/example_dags/example_bash_operator.py
[2023-05-11T19:30:33.562+0000] {processor.py:753} INFO - DAG(s) dict_keys(['example_bash_operator']) retrieved from /home/airflow/.local/lib/python3.7/site-packages/airflow/example_dags/example_bash_operator.py
[2023-05-11T19:30:33.612+0000] {logging_mixin.py:137} INFO - [2023-05-11T19:30:33.612+0000] {dag.py:2690} INFO - Sync 1 DAGs
[2023-05-11T19:30:33.635+0000] {logging_mixin.py:137} INFO - [2023-05-11T19:30:33.635+0000] {dag.py:3441} INFO - Setting next_dagrun for example_bash_operator to 2023-05-10T00:00:00+00:00, run_after=2023-05-11T00:00:00+00:00
[2023-05-11T19:30:33.650+0000] {processor.py:175} INFO - Processing /home/airflow/.local/lib/python3.7/site-packages/airflow/example_dags/example_bash_operator.py took 0.108 seconds
[2023-05-11T19:31:03.910+0000] {processor.py:153} INFO - Started process (PID=2894) to work on /home/airflow/.local/lib/python3.7/site-packages/airflow/example_dags/example_bash_operator.py
[2023-05-11T19:31:03.910+0000] {processor.py:743} INFO - Processing file /home/airflow/.local/lib/python3.7/site-packages/airflow/example_dags/example_bash_operator.py for tasks to queue
[2023-05-11T19:31:03.911+0000] {logging_mixin.py:137} INFO - [2023-05-11T19:31:03.911+0000] {dagbag.py:538} INFO - Filling up the DagBag from /home/airflow/.local/lib/python3.7/site-packages/airflow/example_dags/example_bash_operator.py
[2023-05-11T19:31:03.932+0000] {processor.py:753} INFO - DAG(s) dict_keys(['example_bash_operator']) retrieved from /home/airflow/.local/lib/python3.7/site-packages/airflow/example_dags/example_bash_operator.py
[2023-05-11T19:31:03.972+0000] {logging_mixin.py:137} INFO - [2023-05-11T19:31:03.972+0000] {dag.py:2690} INFO - Sync 1 DAGs
[2023-05-11T19:31:04.001+0000] {logging_mixin.py:137} INFO - [2023-05-11T19:31:04.001+0000] {dag.py:3441} INFO - Setting next_dagrun for example_bash_operator to 2023-05-10T00:00:00+00:00, run_after=2023-05-11T00:00:00+00:00
[2023-05-11T19:31:04.026+0000] {processor.py:175} INFO - Processing /home/airflow/.local/lib/python3.7/site-packages/airflow/example_dags/example_bash_operator.py took 0.119 seconds
[2023-05-11T19:31:34.424+0000] {processor.py:153} INFO - Started process (PID=3142) to work on /home/airflow/.local/lib/python3.7/site-packages/airflow/example_dags/example_bash_operator.py
[2023-05-11T19:31:34.425+0000] {processor.py:743} INFO - Processing file /home/airflow/.local/lib/python3.7/site-packages/airflow/example_dags/example_bash_operator.py for tasks to queue
[2023-05-11T19:31:34.425+0000] {logging_mixin.py:137} INFO - [2023-05-11T19:31:34.425+0000] {dagbag.py:538} INFO - Filling up the DagBag from /home/airflow/.local/lib/python3.7/site-packages/airflow/example_dags/example_bash_operator.py
[2023-05-11T19:31:34.439+0000] {processor.py:753} INFO - DAG(s) dict_keys(['example_bash_operator']) retrieved from /home/airflow/.local/lib/python3.7/site-packages/airflow/example_dags/example_bash_operator.py
[2023-05-11T19:31:34.463+0000] {logging_mixin.py:137} INFO - [2023-05-11T19:31:34.463+0000] {dag.py:2690} INFO - Sync 1 DAGs
[2023-05-11T19:31:34.480+0000] {logging_mixin.py:137} INFO - [2023-05-11T19:31:34.480+0000] {dag.py:3441} INFO - Setting next_dagrun for example_bash_operator to 2023-05-10T00:00:00+00:00, run_after=2023-05-11T00:00:00+00:00
[2023-05-11T19:31:34.491+0000] {processor.py:175} INFO - Processing /home/airflow/.local/lib/python3.7/site-packages/airflow/example_dags/example_bash_operator.py took 0.069 seconds
[2023-05-11T19:32:05.436+0000] {processor.py:153} INFO - Started process (PID=3374) to work on /home/airflow/.local/lib/python3.7/site-packages/airflow/example_dags/example_bash_operator.py
[2023-05-11T19:32:05.437+0000] {processor.py:743} INFO - Processing file /home/airflow/.local/lib/python3.7/site-packages/airflow/example_dags/example_bash_operator.py for tasks to queue
[2023-05-11T19:32:05.437+0000] {logging_mixin.py:137} INFO - [2023-05-11T19:32:05.437+0000] {dagbag.py:538} INFO - Filling up the DagBag from /home/airflow/.local/lib/python3.7/site-packages/airflow/example_dags/example_bash_operator.py
[2023-05-11T19:32:05.455+0000] {processor.py:753} INFO - DAG(s) dict_keys(['example_bash_operator']) retrieved from /home/airflow/.local/lib/python3.7/site-packages/airflow/example_dags/example_bash_operator.py
[2023-05-11T19:32:05.490+0000] {logging_mixin.py:137} INFO - [2023-05-11T19:32:05.490+0000] {dag.py:2690} INFO - Sync 1 DAGs
[2023-05-11T19:32:05.515+0000] {logging_mixin.py:137} INFO - [2023-05-11T19:32:05.515+0000] {dag.py:3441} INFO - Setting next_dagrun for example_bash_operator to 2023-05-10T00:00:00+00:00, run_after=2023-05-11T00:00:00+00:00
[2023-05-11T19:32:05.532+0000] {processor.py:175} INFO - Processing /home/airflow/.local/lib/python3.7/site-packages/airflow/example_dags/example_bash_operator.py took 0.098 seconds
[2023-05-11T19:32:35.899+0000] {processor.py:153} INFO - Started process (PID=3621) to work on /home/airflow/.local/lib/python3.7/site-packages/airflow/example_dags/example_bash_operator.py
[2023-05-11T19:32:35.899+0000] {processor.py:743} INFO - Processing file /home/airflow/.local/lib/python3.7/site-packages/airflow/example_dags/example_bash_operator.py for tasks to queue
[2023-05-11T19:32:35.900+0000] {logging_mixin.py:137} INFO - [2023-05-11T19:32:35.900+0000] {dagbag.py:538} INFO - Filling up the DagBag from /home/airflow/.local/lib/python3.7/site-packages/airflow/example_dags/example_bash_operator.py
[2023-05-11T19:32:35.918+0000] {processor.py:753} INFO - DAG(s) dict_keys(['example_bash_operator']) retrieved from /home/airflow/.local/lib/python3.7/site-packages/airflow/example_dags/example_bash_operator.py
[2023-05-11T19:32:35.952+0000] {logging_mixin.py:137} INFO - [2023-05-11T19:32:35.952+0000] {dag.py:2690} INFO - Sync 1 DAGs
[2023-05-11T19:32:35.976+0000] {logging_mixin.py:137} INFO - [2023-05-11T19:32:35.976+0000] {dag.py:3441} INFO - Setting next_dagrun for example_bash_operator to 2023-05-10T00:00:00+00:00, run_after=2023-05-11T00:00:00+00:00
[2023-05-11T19:32:35.992+0000] {processor.py:175} INFO - Processing /home/airflow/.local/lib/python3.7/site-packages/airflow/example_dags/example_bash_operator.py took 0.096 seconds
[2023-05-11T19:33:06.335+0000] {processor.py:153} INFO - Started process (PID=3853) to work on /home/airflow/.local/lib/python3.7/site-packages/airflow/example_dags/example_bash_operator.py
[2023-05-11T19:33:06.336+0000] {processor.py:743} INFO - Processing file /home/airflow/.local/lib/python3.7/site-packages/airflow/example_dags/example_bash_operator.py for tasks to queue
[2023-05-11T19:33:06.336+0000] {logging_mixin.py:137} INFO - [2023-05-11T19:33:06.336+0000] {dagbag.py:538} INFO - Filling up the DagBag from /home/airflow/.local/lib/python3.7/site-packages/airflow/example_dags/example_bash_operator.py
[2023-05-11T19:33:06.355+0000] {processor.py:753} INFO - DAG(s) dict_keys(['example_bash_operator']) retrieved from /home/airflow/.local/lib/python3.7/site-packages/airflow/example_dags/example_bash_operator.py
[2023-05-11T19:33:06.392+0000] {logging_mixin.py:137} INFO - [2023-05-11T19:33:06.391+0000] {dag.py:2690} INFO - Sync 1 DAGs
[2023-05-11T19:33:06.416+0000] {logging_mixin.py:137} INFO - [2023-05-11T19:33:06.416+0000] {dag.py:3441} INFO - Setting next_dagrun for example_bash_operator to 2023-05-10T00:00:00+00:00, run_after=2023-05-11T00:00:00+00:00
[2023-05-11T19:33:06.431+0000] {processor.py:175} INFO - Processing /home/airflow/.local/lib/python3.7/site-packages/airflow/example_dags/example_bash_operator.py took 0.099 seconds
[2023-05-11T19:33:36.928+0000] {processor.py:153} INFO - Started process (PID=4101) to work on /home/airflow/.local/lib/python3.7/site-packages/airflow/example_dags/example_bash_operator.py
[2023-05-11T19:33:36.929+0000] {processor.py:743} INFO - Processing file /home/airflow/.local/lib/python3.7/site-packages/airflow/example_dags/example_bash_operator.py for tasks to queue
[2023-05-11T19:33:36.929+0000] {logging_mixin.py:137} INFO - [2023-05-11T19:33:36.929+0000] {dagbag.py:538} INFO - Filling up the DagBag from /home/airflow/.local/lib/python3.7/site-packages/airflow/example_dags/example_bash_operator.py
[2023-05-11T19:33:36.948+0000] {processor.py:753} INFO - DAG(s) dict_keys(['example_bash_operator']) retrieved from /home/airflow/.local/lib/python3.7/site-packages/airflow/example_dags/example_bash_operator.py
[2023-05-11T19:33:36.985+0000] {logging_mixin.py:137} INFO - [2023-05-11T19:33:36.985+0000] {dag.py:2690} INFO - Sync 1 DAGs
[2023-05-11T19:33:37.010+0000] {logging_mixin.py:137} INFO - [2023-05-11T19:33:37.010+0000] {dag.py:3441} INFO - Setting next_dagrun for example_bash_operator to 2023-05-10T00:00:00+00:00, run_after=2023-05-11T00:00:00+00:00
[2023-05-11T19:33:37.027+0000] {processor.py:175} INFO - Processing /home/airflow/.local/lib/python3.7/site-packages/airflow/example_dags/example_bash_operator.py took 0.103 seconds
[2023-05-11T19:35:10.823+0000] {processor.py:153} INFO - Started process (PID=259) to work on /home/airflow/.local/lib/python3.7/site-packages/airflow/example_dags/example_bash_operator.py
[2023-05-11T19:35:10.824+0000] {processor.py:743} INFO - Processing file /home/airflow/.local/lib/python3.7/site-packages/airflow/example_dags/example_bash_operator.py for tasks to queue
[2023-05-11T19:35:10.825+0000] {logging_mixin.py:137} INFO - [2023-05-11T19:35:10.825+0000] {dagbag.py:538} INFO - Filling up the DagBag from /home/airflow/.local/lib/python3.7/site-packages/airflow/example_dags/example_bash_operator.py
[2023-05-11T19:35:10.847+0000] {processor.py:753} INFO - DAG(s) dict_keys(['example_bash_operator']) retrieved from /home/airflow/.local/lib/python3.7/site-packages/airflow/example_dags/example_bash_operator.py
[2023-05-11T19:35:10.861+0000] {logging_mixin.py:137} INFO - [2023-05-11T19:35:10.861+0000] {dag.py:2690} INFO - Sync 1 DAGs
[2023-05-11T19:35:10.891+0000] {logging_mixin.py:137} INFO - [2023-05-11T19:35:10.891+0000] {dag.py:3441} INFO - Setting next_dagrun for example_bash_operator to 2023-05-10T00:00:00+00:00, run_after=2023-05-11T00:00:00+00:00
[2023-05-11T19:35:10.905+0000] {processor.py:175} INFO - Processing /home/airflow/.local/lib/python3.7/site-packages/airflow/example_dags/example_bash_operator.py took 0.085 seconds
[2023-05-11T19:35:41.674+0000] {processor.py:153} INFO - Started process (PID=491) to work on /home/airflow/.local/lib/python3.7/site-packages/airflow/example_dags/example_bash_operator.py
[2023-05-11T19:35:41.675+0000] {processor.py:743} INFO - Processing file /home/airflow/.local/lib/python3.7/site-packages/airflow/example_dags/example_bash_operator.py for tasks to queue
[2023-05-11T19:35:41.676+0000] {logging_mixin.py:137} INFO - [2023-05-11T19:35:41.676+0000] {dagbag.py:538} INFO - Filling up the DagBag from /home/airflow/.local/lib/python3.7/site-packages/airflow/example_dags/example_bash_operator.py
[2023-05-11T19:35:41.694+0000] {processor.py:753} INFO - DAG(s) dict_keys(['example_bash_operator']) retrieved from /home/airflow/.local/lib/python3.7/site-packages/airflow/example_dags/example_bash_operator.py
[2023-05-11T19:35:41.723+0000] {logging_mixin.py:137} INFO - [2023-05-11T19:35:41.722+0000] {dag.py:2690} INFO - Sync 1 DAGs
[2023-05-11T19:35:41.739+0000] {logging_mixin.py:137} INFO - [2023-05-11T19:35:41.739+0000] {dag.py:3441} INFO - Setting next_dagrun for example_bash_operator to 2023-05-10T00:00:00+00:00, run_after=2023-05-11T00:00:00+00:00
[2023-05-11T19:35:41.750+0000] {processor.py:175} INFO - Processing /home/airflow/.local/lib/python3.7/site-packages/airflow/example_dags/example_bash_operator.py took 0.078 seconds
