[2023-05-11T18:58:40.168+0000] {processor.py:153} INFO - Started process (PID=289) to work on /home/airflow/.local/lib/python3.7/site-packages/airflow/example_dags/example_latest_only_with_trigger.py
[2023-05-11T18:58:40.169+0000] {processor.py:743} INFO - Processing file /home/airflow/.local/lib/python3.7/site-packages/airflow/example_dags/example_latest_only_with_trigger.py for tasks to queue
[2023-05-11T18:58:40.169+0000] {logging_mixin.py:137} INFO - [2023-05-11T18:58:40.169+0000] {dagbag.py:538} INFO - Filling up the DagBag from /home/airflow/.local/lib/python3.7/site-packages/airflow/example_dags/example_latest_only_with_trigger.py
[2023-05-11T18:58:40.179+0000] {processor.py:753} INFO - DAG(s) dict_keys(['latest_only_with_trigger']) retrieved from /home/airflow/.local/lib/python3.7/site-packages/airflow/example_dags/example_latest_only_with_trigger.py
[2023-05-11T18:58:40.191+0000] {logging_mixin.py:137} INFO - [2023-05-11T18:58:40.191+0000] {dag.py:2690} INFO - Sync 1 DAGs
[2023-05-11T18:58:40.212+0000] {logging_mixin.py:137} INFO - [2023-05-11T18:58:40.212+0000] {dag.py:3441} INFO - Setting next_dagrun for latest_only_with_trigger to 2023-05-11T14:58:40.212742+00:00, run_after=2023-05-11T18:58:40.212742+00:00
[2023-05-11T18:58:40.226+0000] {processor.py:175} INFO - Processing /home/airflow/.local/lib/python3.7/site-packages/airflow/example_dags/example_latest_only_with_trigger.py took 0.061 seconds
[2023-05-11T18:59:10.989+0000] {processor.py:153} INFO - Started process (PID=521) to work on /home/airflow/.local/lib/python3.7/site-packages/airflow/example_dags/example_latest_only_with_trigger.py
[2023-05-11T18:59:10.989+0000] {processor.py:743} INFO - Processing file /home/airflow/.local/lib/python3.7/site-packages/airflow/example_dags/example_latest_only_with_trigger.py for tasks to queue
[2023-05-11T18:59:10.990+0000] {logging_mixin.py:137} INFO - [2023-05-11T18:59:10.990+0000] {dagbag.py:538} INFO - Filling up the DagBag from /home/airflow/.local/lib/python3.7/site-packages/airflow/example_dags/example_latest_only_with_trigger.py
[2023-05-11T18:59:10.999+0000] {processor.py:753} INFO - DAG(s) dict_keys(['latest_only_with_trigger']) retrieved from /home/airflow/.local/lib/python3.7/site-packages/airflow/example_dags/example_latest_only_with_trigger.py
[2023-05-11T18:59:11.015+0000] {logging_mixin.py:137} INFO - [2023-05-11T18:59:11.015+0000] {dag.py:2690} INFO - Sync 1 DAGs
[2023-05-11T18:59:11.031+0000] {logging_mixin.py:137} INFO - [2023-05-11T18:59:11.031+0000] {dag.py:3441} INFO - Setting next_dagrun for latest_only_with_trigger to 2023-05-11T14:59:11.031549+00:00, run_after=2023-05-11T18:59:11.031549+00:00
[2023-05-11T18:59:11.042+0000] {processor.py:175} INFO - Processing /home/airflow/.local/lib/python3.7/site-packages/airflow/example_dags/example_latest_only_with_trigger.py took 0.056 seconds
[2023-05-11T18:59:41.820+0000] {processor.py:153} INFO - Started process (PID=769) to work on /home/airflow/.local/lib/python3.7/site-packages/airflow/example_dags/example_latest_only_with_trigger.py
[2023-05-11T18:59:41.821+0000] {processor.py:743} INFO - Processing file /home/airflow/.local/lib/python3.7/site-packages/airflow/example_dags/example_latest_only_with_trigger.py for tasks to queue
[2023-05-11T18:59:41.821+0000] {logging_mixin.py:137} INFO - [2023-05-11T18:59:41.821+0000] {dagbag.py:538} INFO - Filling up the DagBag from /home/airflow/.local/lib/python3.7/site-packages/airflow/example_dags/example_latest_only_with_trigger.py
[2023-05-11T18:59:41.830+0000] {processor.py:753} INFO - DAG(s) dict_keys(['latest_only_with_trigger']) retrieved from /home/airflow/.local/lib/python3.7/site-packages/airflow/example_dags/example_latest_only_with_trigger.py
[2023-05-11T18:59:41.847+0000] {logging_mixin.py:137} INFO - [2023-05-11T18:59:41.847+0000] {dag.py:2690} INFO - Sync 1 DAGs
[2023-05-11T18:59:41.864+0000] {logging_mixin.py:137} INFO - [2023-05-11T18:59:41.864+0000] {dag.py:3441} INFO - Setting next_dagrun for latest_only_with_trigger to 2023-05-11T14:59:41.864303+00:00, run_after=2023-05-11T18:59:41.864303+00:00
[2023-05-11T18:59:41.875+0000] {processor.py:175} INFO - Processing /home/airflow/.local/lib/python3.7/site-packages/airflow/example_dags/example_latest_only_with_trigger.py took 0.057 seconds
[2023-05-11T19:00:12.859+0000] {processor.py:153} INFO - Started process (PID=1011) to work on /home/airflow/.local/lib/python3.7/site-packages/airflow/example_dags/example_latest_only_with_trigger.py
[2023-05-11T19:00:12.860+0000] {processor.py:743} INFO - Processing file /home/airflow/.local/lib/python3.7/site-packages/airflow/example_dags/example_latest_only_with_trigger.py for tasks to queue
[2023-05-11T19:00:12.861+0000] {logging_mixin.py:137} INFO - [2023-05-11T19:00:12.861+0000] {dagbag.py:538} INFO - Filling up the DagBag from /home/airflow/.local/lib/python3.7/site-packages/airflow/example_dags/example_latest_only_with_trigger.py
[2023-05-11T19:00:12.874+0000] {processor.py:753} INFO - DAG(s) dict_keys(['latest_only_with_trigger']) retrieved from /home/airflow/.local/lib/python3.7/site-packages/airflow/example_dags/example_latest_only_with_trigger.py
[2023-05-11T19:00:12.898+0000] {logging_mixin.py:137} INFO - [2023-05-11T19:00:12.898+0000] {dag.py:2690} INFO - Sync 1 DAGs
[2023-05-11T19:00:12.926+0000] {logging_mixin.py:137} INFO - [2023-05-11T19:00:12.926+0000] {dag.py:3441} INFO - Setting next_dagrun for latest_only_with_trigger to 2023-05-11T15:00:12.925956+00:00, run_after=2023-05-11T19:00:12.925956+00:00
[2023-05-11T19:00:12.945+0000] {processor.py:175} INFO - Processing /home/airflow/.local/lib/python3.7/site-packages/airflow/example_dags/example_latest_only_with_trigger.py took 0.088 seconds
[2023-05-11T19:00:43.474+0000] {processor.py:153} INFO - Started process (PID=1250) to work on /home/airflow/.local/lib/python3.7/site-packages/airflow/example_dags/example_latest_only_with_trigger.py
[2023-05-11T19:00:43.475+0000] {processor.py:743} INFO - Processing file /home/airflow/.local/lib/python3.7/site-packages/airflow/example_dags/example_latest_only_with_trigger.py for tasks to queue
[2023-05-11T19:00:43.476+0000] {logging_mixin.py:137} INFO - [2023-05-11T19:00:43.476+0000] {dagbag.py:538} INFO - Filling up the DagBag from /home/airflow/.local/lib/python3.7/site-packages/airflow/example_dags/example_latest_only_with_trigger.py
[2023-05-11T19:00:43.488+0000] {processor.py:753} INFO - DAG(s) dict_keys(['latest_only_with_trigger']) retrieved from /home/airflow/.local/lib/python3.7/site-packages/airflow/example_dags/example_latest_only_with_trigger.py
[2023-05-11T19:00:43.522+0000] {logging_mixin.py:137} INFO - [2023-05-11T19:00:43.522+0000] {dag.py:2690} INFO - Sync 1 DAGs
[2023-05-11T19:00:43.563+0000] {logging_mixin.py:137} INFO - [2023-05-11T19:00:43.563+0000] {dag.py:3441} INFO - Setting next_dagrun for latest_only_with_trigger to 2023-05-11T15:00:43.563525+00:00, run_after=2023-05-11T19:00:43.563525+00:00
[2023-05-11T19:00:43.582+0000] {processor.py:175} INFO - Processing /home/airflow/.local/lib/python3.7/site-packages/airflow/example_dags/example_latest_only_with_trigger.py took 0.111 seconds
[2023-05-11T19:01:14.003+0000] {processor.py:153} INFO - Started process (PID=1499) to work on /home/airflow/.local/lib/python3.7/site-packages/airflow/example_dags/example_latest_only_with_trigger.py
[2023-05-11T19:01:14.004+0000] {processor.py:743} INFO - Processing file /home/airflow/.local/lib/python3.7/site-packages/airflow/example_dags/example_latest_only_with_trigger.py for tasks to queue
[2023-05-11T19:01:14.005+0000] {logging_mixin.py:137} INFO - [2023-05-11T19:01:14.004+0000] {dagbag.py:538} INFO - Filling up the DagBag from /home/airflow/.local/lib/python3.7/site-packages/airflow/example_dags/example_latest_only_with_trigger.py
[2023-05-11T19:01:14.015+0000] {processor.py:753} INFO - DAG(s) dict_keys(['latest_only_with_trigger']) retrieved from /home/airflow/.local/lib/python3.7/site-packages/airflow/example_dags/example_latest_only_with_trigger.py
[2023-05-11T19:01:14.034+0000] {logging_mixin.py:137} INFO - [2023-05-11T19:01:14.034+0000] {dag.py:2690} INFO - Sync 1 DAGs
[2023-05-11T19:01:14.056+0000] {logging_mixin.py:137} INFO - [2023-05-11T19:01:14.056+0000] {dag.py:3441} INFO - Setting next_dagrun for latest_only_with_trigger to 2023-05-11T15:01:14.056519+00:00, run_after=2023-05-11T19:01:14.056519+00:00
[2023-05-11T19:01:14.074+0000] {processor.py:175} INFO - Processing /home/airflow/.local/lib/python3.7/site-packages/airflow/example_dags/example_latest_only_with_trigger.py took 0.074 seconds
[2023-05-11T19:01:44.329+0000] {processor.py:153} INFO - Started process (PID=1731) to work on /home/airflow/.local/lib/python3.7/site-packages/airflow/example_dags/example_latest_only_with_trigger.py
[2023-05-11T19:01:44.329+0000] {processor.py:743} INFO - Processing file /home/airflow/.local/lib/python3.7/site-packages/airflow/example_dags/example_latest_only_with_trigger.py for tasks to queue
[2023-05-11T19:01:44.330+0000] {logging_mixin.py:137} INFO - [2023-05-11T19:01:44.330+0000] {dagbag.py:538} INFO - Filling up the DagBag from /home/airflow/.local/lib/python3.7/site-packages/airflow/example_dags/example_latest_only_with_trigger.py
[2023-05-11T19:01:44.344+0000] {processor.py:753} INFO - DAG(s) dict_keys(['latest_only_with_trigger']) retrieved from /home/airflow/.local/lib/python3.7/site-packages/airflow/example_dags/example_latest_only_with_trigger.py
[2023-05-11T19:01:44.369+0000] {logging_mixin.py:137} INFO - [2023-05-11T19:01:44.369+0000] {dag.py:2690} INFO - Sync 1 DAGs
[2023-05-11T19:01:44.396+0000] {logging_mixin.py:137} INFO - [2023-05-11T19:01:44.395+0000] {dag.py:3441} INFO - Setting next_dagrun for latest_only_with_trigger to 2023-05-11T15:01:44.395654+00:00, run_after=2023-05-11T19:01:44.395654+00:00
[2023-05-11T19:01:44.414+0000] {processor.py:175} INFO - Processing /home/airflow/.local/lib/python3.7/site-packages/airflow/example_dags/example_latest_only_with_trigger.py took 0.088 seconds
[2023-05-11T19:02:15.382+0000] {processor.py:153} INFO - Started process (PID=1979) to work on /home/airflow/.local/lib/python3.7/site-packages/airflow/example_dags/example_latest_only_with_trigger.py
[2023-05-11T19:02:15.383+0000] {processor.py:743} INFO - Processing file /home/airflow/.local/lib/python3.7/site-packages/airflow/example_dags/example_latest_only_with_trigger.py for tasks to queue
[2023-05-11T19:02:15.383+0000] {logging_mixin.py:137} INFO - [2023-05-11T19:02:15.383+0000] {dagbag.py:538} INFO - Filling up the DagBag from /home/airflow/.local/lib/python3.7/site-packages/airflow/example_dags/example_latest_only_with_trigger.py
[2023-05-11T19:02:15.395+0000] {processor.py:753} INFO - DAG(s) dict_keys(['latest_only_with_trigger']) retrieved from /home/airflow/.local/lib/python3.7/site-packages/airflow/example_dags/example_latest_only_with_trigger.py
[2023-05-11T19:02:15.419+0000] {logging_mixin.py:137} INFO - [2023-05-11T19:02:15.419+0000] {dag.py:2690} INFO - Sync 1 DAGs
[2023-05-11T19:02:15.442+0000] {logging_mixin.py:137} INFO - [2023-05-11T19:02:15.442+0000] {dag.py:3441} INFO - Setting next_dagrun for latest_only_with_trigger to 2023-05-11T15:02:15.442443+00:00, run_after=2023-05-11T19:02:15.442443+00:00
[2023-05-11T19:02:15.459+0000] {processor.py:175} INFO - Processing /home/airflow/.local/lib/python3.7/site-packages/airflow/example_dags/example_latest_only_with_trigger.py took 0.079 seconds
[2023-05-11T19:03:25.394+0000] {processor.py:153} INFO - Started process (PID=289) to work on /home/airflow/.local/lib/python3.7/site-packages/airflow/example_dags/example_latest_only_with_trigger.py
[2023-05-11T19:03:25.394+0000] {processor.py:743} INFO - Processing file /home/airflow/.local/lib/python3.7/site-packages/airflow/example_dags/example_latest_only_with_trigger.py for tasks to queue
[2023-05-11T19:03:25.394+0000] {logging_mixin.py:137} INFO - [2023-05-11T19:03:25.394+0000] {dagbag.py:538} INFO - Filling up the DagBag from /home/airflow/.local/lib/python3.7/site-packages/airflow/example_dags/example_latest_only_with_trigger.py
[2023-05-11T19:03:25.403+0000] {processor.py:753} INFO - DAG(s) dict_keys(['latest_only_with_trigger']) retrieved from /home/airflow/.local/lib/python3.7/site-packages/airflow/example_dags/example_latest_only_with_trigger.py
[2023-05-11T19:03:25.414+0000] {logging_mixin.py:137} INFO - [2023-05-11T19:03:25.414+0000] {dag.py:2690} INFO - Sync 1 DAGs
[2023-05-11T19:03:25.438+0000] {logging_mixin.py:137} INFO - [2023-05-11T19:03:25.438+0000] {dag.py:3441} INFO - Setting next_dagrun for latest_only_with_trigger to 2023-05-11T15:03:25.438448+00:00, run_after=2023-05-11T19:03:25.438448+00:00
[2023-05-11T19:03:25.459+0000] {processor.py:175} INFO - Processing /home/airflow/.local/lib/python3.7/site-packages/airflow/example_dags/example_latest_only_with_trigger.py took 0.067 seconds
[2023-05-11T19:03:55.770+0000] {processor.py:153} INFO - Started process (PID=521) to work on /home/airflow/.local/lib/python3.7/site-packages/airflow/example_dags/example_latest_only_with_trigger.py
[2023-05-11T19:03:55.771+0000] {processor.py:743} INFO - Processing file /home/airflow/.local/lib/python3.7/site-packages/airflow/example_dags/example_latest_only_with_trigger.py for tasks to queue
[2023-05-11T19:03:55.771+0000] {logging_mixin.py:137} INFO - [2023-05-11T19:03:55.771+0000] {dagbag.py:538} INFO - Filling up the DagBag from /home/airflow/.local/lib/python3.7/site-packages/airflow/example_dags/example_latest_only_with_trigger.py
[2023-05-11T19:03:55.786+0000] {processor.py:753} INFO - DAG(s) dict_keys(['latest_only_with_trigger']) retrieved from /home/airflow/.local/lib/python3.7/site-packages/airflow/example_dags/example_latest_only_with_trigger.py
[2023-05-11T19:03:55.810+0000] {logging_mixin.py:137} INFO - [2023-05-11T19:03:55.810+0000] {dag.py:2690} INFO - Sync 1 DAGs
[2023-05-11T19:03:55.834+0000] {logging_mixin.py:137} INFO - [2023-05-11T19:03:55.833+0000] {dag.py:3441} INFO - Setting next_dagrun for latest_only_with_trigger to 2023-05-11T15:03:55.833642+00:00, run_after=2023-05-11T19:03:55.833642+00:00
[2023-05-11T19:03:55.853+0000] {processor.py:175} INFO - Processing /home/airflow/.local/lib/python3.7/site-packages/airflow/example_dags/example_latest_only_with_trigger.py took 0.086 seconds
[2023-05-11T19:04:26.339+0000] {processor.py:153} INFO - Started process (PID=769) to work on /home/airflow/.local/lib/python3.7/site-packages/airflow/example_dags/example_latest_only_with_trigger.py
[2023-05-11T19:04:26.339+0000] {processor.py:743} INFO - Processing file /home/airflow/.local/lib/python3.7/site-packages/airflow/example_dags/example_latest_only_with_trigger.py for tasks to queue
[2023-05-11T19:04:26.340+0000] {logging_mixin.py:137} INFO - [2023-05-11T19:04:26.339+0000] {dagbag.py:538} INFO - Filling up the DagBag from /home/airflow/.local/lib/python3.7/site-packages/airflow/example_dags/example_latest_only_with_trigger.py
[2023-05-11T19:04:26.352+0000] {processor.py:753} INFO - DAG(s) dict_keys(['latest_only_with_trigger']) retrieved from /home/airflow/.local/lib/python3.7/site-packages/airflow/example_dags/example_latest_only_with_trigger.py
[2023-05-11T19:04:26.379+0000] {logging_mixin.py:137} INFO - [2023-05-11T19:04:26.379+0000] {dag.py:2690} INFO - Sync 1 DAGs
[2023-05-11T19:04:26.412+0000] {logging_mixin.py:137} INFO - [2023-05-11T19:04:26.412+0000] {dag.py:3441} INFO - Setting next_dagrun for latest_only_with_trigger to 2023-05-11T15:04:26.412275+00:00, run_after=2023-05-11T19:04:26.412275+00:00
[2023-05-11T19:04:26.436+0000] {processor.py:175} INFO - Processing /home/airflow/.local/lib/python3.7/site-packages/airflow/example_dags/example_latest_only_with_trigger.py took 0.100 seconds
[2023-05-11T19:04:56.803+0000] {processor.py:153} INFO - Started process (PID=1001) to work on /home/airflow/.local/lib/python3.7/site-packages/airflow/example_dags/example_latest_only_with_trigger.py
[2023-05-11T19:04:56.805+0000] {processor.py:743} INFO - Processing file /home/airflow/.local/lib/python3.7/site-packages/airflow/example_dags/example_latest_only_with_trigger.py for tasks to queue
[2023-05-11T19:04:56.805+0000] {logging_mixin.py:137} INFO - [2023-05-11T19:04:56.805+0000] {dagbag.py:538} INFO - Filling up the DagBag from /home/airflow/.local/lib/python3.7/site-packages/airflow/example_dags/example_latest_only_with_trigger.py
[2023-05-11T19:04:56.818+0000] {processor.py:753} INFO - DAG(s) dict_keys(['latest_only_with_trigger']) retrieved from /home/airflow/.local/lib/python3.7/site-packages/airflow/example_dags/example_latest_only_with_trigger.py
[2023-05-11T19:04:56.844+0000] {logging_mixin.py:137} INFO - [2023-05-11T19:04:56.844+0000] {dag.py:2690} INFO - Sync 1 DAGs
[2023-05-11T19:04:56.872+0000] {logging_mixin.py:137} INFO - [2023-05-11T19:04:56.872+0000] {dag.py:3441} INFO - Setting next_dagrun for latest_only_with_trigger to 2023-05-11T15:04:56.872517+00:00, run_after=2023-05-11T19:04:56.872517+00:00
[2023-05-11T19:04:56.893+0000] {processor.py:175} INFO - Processing /home/airflow/.local/lib/python3.7/site-packages/airflow/example_dags/example_latest_only_with_trigger.py took 0.093 seconds
[2023-05-11T19:05:27.194+0000] {processor.py:153} INFO - Started process (PID=1249) to work on /home/airflow/.local/lib/python3.7/site-packages/airflow/example_dags/example_latest_only_with_trigger.py
[2023-05-11T19:05:27.195+0000] {processor.py:743} INFO - Processing file /home/airflow/.local/lib/python3.7/site-packages/airflow/example_dags/example_latest_only_with_trigger.py for tasks to queue
[2023-05-11T19:05:27.195+0000] {logging_mixin.py:137} INFO - [2023-05-11T19:05:27.195+0000] {dagbag.py:538} INFO - Filling up the DagBag from /home/airflow/.local/lib/python3.7/site-packages/airflow/example_dags/example_latest_only_with_trigger.py
[2023-05-11T19:05:27.205+0000] {processor.py:753} INFO - DAG(s) dict_keys(['latest_only_with_trigger']) retrieved from /home/airflow/.local/lib/python3.7/site-packages/airflow/example_dags/example_latest_only_with_trigger.py
[2023-05-11T19:05:27.226+0000] {logging_mixin.py:137} INFO - [2023-05-11T19:05:27.226+0000] {dag.py:2690} INFO - Sync 1 DAGs
[2023-05-11T19:05:27.248+0000] {logging_mixin.py:137} INFO - [2023-05-11T19:05:27.248+0000] {dag.py:3441} INFO - Setting next_dagrun for latest_only_with_trigger to 2023-05-11T15:05:27.248189+00:00, run_after=2023-05-11T19:05:27.248189+00:00
[2023-05-11T19:05:27.262+0000] {processor.py:175} INFO - Processing /home/airflow/.local/lib/python3.7/site-packages/airflow/example_dags/example_latest_only_with_trigger.py took 0.071 seconds
[2023-05-11T19:05:57.356+0000] {processor.py:153} INFO - Started process (PID=1476) to work on /home/airflow/.local/lib/python3.7/site-packages/airflow/example_dags/example_latest_only_with_trigger.py
[2023-05-11T19:05:57.357+0000] {processor.py:743} INFO - Processing file /home/airflow/.local/lib/python3.7/site-packages/airflow/example_dags/example_latest_only_with_trigger.py for tasks to queue
[2023-05-11T19:05:57.357+0000] {logging_mixin.py:137} INFO - [2023-05-11T19:05:57.357+0000] {dagbag.py:538} INFO - Filling up the DagBag from /home/airflow/.local/lib/python3.7/site-packages/airflow/example_dags/example_latest_only_with_trigger.py
[2023-05-11T19:05:57.370+0000] {processor.py:753} INFO - DAG(s) dict_keys(['latest_only_with_trigger']) retrieved from /home/airflow/.local/lib/python3.7/site-packages/airflow/example_dags/example_latest_only_with_trigger.py
[2023-05-11T19:05:57.392+0000] {logging_mixin.py:137} INFO - [2023-05-11T19:05:57.392+0000] {dag.py:2690} INFO - Sync 1 DAGs
[2023-05-11T19:05:57.408+0000] {logging_mixin.py:137} INFO - [2023-05-11T19:05:57.407+0000] {dag.py:3441} INFO - Setting next_dagrun for latest_only_with_trigger to 2023-05-11T15:05:57.407824+00:00, run_after=2023-05-11T19:05:57.407824+00:00
[2023-05-11T19:05:57.419+0000] {processor.py:175} INFO - Processing /home/airflow/.local/lib/python3.7/site-packages/airflow/example_dags/example_latest_only_with_trigger.py took 0.065 seconds
[2023-05-11T19:06:27.995+0000] {processor.py:153} INFO - Started process (PID=1729) to work on /home/airflow/.local/lib/python3.7/site-packages/airflow/example_dags/example_latest_only_with_trigger.py
[2023-05-11T19:06:27.996+0000] {processor.py:743} INFO - Processing file /home/airflow/.local/lib/python3.7/site-packages/airflow/example_dags/example_latest_only_with_trigger.py for tasks to queue
[2023-05-11T19:06:27.997+0000] {logging_mixin.py:137} INFO - [2023-05-11T19:06:27.997+0000] {dagbag.py:538} INFO - Filling up the DagBag from /home/airflow/.local/lib/python3.7/site-packages/airflow/example_dags/example_latest_only_with_trigger.py
[2023-05-11T19:06:28.013+0000] {processor.py:753} INFO - DAG(s) dict_keys(['latest_only_with_trigger']) retrieved from /home/airflow/.local/lib/python3.7/site-packages/airflow/example_dags/example_latest_only_with_trigger.py
[2023-05-11T19:06:28.047+0000] {logging_mixin.py:137} INFO - [2023-05-11T19:06:28.047+0000] {dag.py:2690} INFO - Sync 1 DAGs
[2023-05-11T19:06:28.085+0000] {logging_mixin.py:137} INFO - [2023-05-11T19:06:28.085+0000] {dag.py:3441} INFO - Setting next_dagrun for latest_only_with_trigger to 2023-05-11T15:06:28.085226+00:00, run_after=2023-05-11T19:06:28.085226+00:00
[2023-05-11T19:06:28.112+0000] {processor.py:175} INFO - Processing /home/airflow/.local/lib/python3.7/site-packages/airflow/example_dags/example_latest_only_with_trigger.py took 0.120 seconds
[2023-05-11T19:06:58.149+0000] {processor.py:153} INFO - Started process (PID=1961) to work on /home/airflow/.local/lib/python3.7/site-packages/airflow/example_dags/example_latest_only_with_trigger.py
[2023-05-11T19:06:58.150+0000] {processor.py:743} INFO - Processing file /home/airflow/.local/lib/python3.7/site-packages/airflow/example_dags/example_latest_only_with_trigger.py for tasks to queue
[2023-05-11T19:06:58.150+0000] {logging_mixin.py:137} INFO - [2023-05-11T19:06:58.150+0000] {dagbag.py:538} INFO - Filling up the DagBag from /home/airflow/.local/lib/python3.7/site-packages/airflow/example_dags/example_latest_only_with_trigger.py
[2023-05-11T19:06:58.163+0000] {processor.py:753} INFO - DAG(s) dict_keys(['latest_only_with_trigger']) retrieved from /home/airflow/.local/lib/python3.7/site-packages/airflow/example_dags/example_latest_only_with_trigger.py
[2023-05-11T19:06:58.185+0000] {logging_mixin.py:137} INFO - [2023-05-11T19:06:58.185+0000] {dag.py:2690} INFO - Sync 1 DAGs
[2023-05-11T19:06:58.207+0000] {logging_mixin.py:137} INFO - [2023-05-11T19:06:58.207+0000] {dag.py:3441} INFO - Setting next_dagrun for latest_only_with_trigger to 2023-05-11T15:06:58.207428+00:00, run_after=2023-05-11T19:06:58.207428+00:00
[2023-05-11T19:06:58.223+0000] {processor.py:175} INFO - Processing /home/airflow/.local/lib/python3.7/site-packages/airflow/example_dags/example_latest_only_with_trigger.py took 0.077 seconds
[2023-05-11T19:07:28.751+0000] {processor.py:153} INFO - Started process (PID=2209) to work on /home/airflow/.local/lib/python3.7/site-packages/airflow/example_dags/example_latest_only_with_trigger.py
[2023-05-11T19:07:28.751+0000] {processor.py:743} INFO - Processing file /home/airflow/.local/lib/python3.7/site-packages/airflow/example_dags/example_latest_only_with_trigger.py for tasks to queue
[2023-05-11T19:07:28.752+0000] {logging_mixin.py:137} INFO - [2023-05-11T19:07:28.752+0000] {dagbag.py:538} INFO - Filling up the DagBag from /home/airflow/.local/lib/python3.7/site-packages/airflow/example_dags/example_latest_only_with_trigger.py
[2023-05-11T19:07:28.764+0000] {processor.py:753} INFO - DAG(s) dict_keys(['latest_only_with_trigger']) retrieved from /home/airflow/.local/lib/python3.7/site-packages/airflow/example_dags/example_latest_only_with_trigger.py
[2023-05-11T19:07:28.791+0000] {logging_mixin.py:137} INFO - [2023-05-11T19:07:28.791+0000] {dag.py:2690} INFO - Sync 1 DAGs
[2023-05-11T19:07:28.823+0000] {logging_mixin.py:137} INFO - [2023-05-11T19:07:28.823+0000] {dag.py:3441} INFO - Setting next_dagrun for latest_only_with_trigger to 2023-05-11T15:07:28.823016+00:00, run_after=2023-05-11T19:07:28.823016+00:00
[2023-05-11T19:07:28.844+0000] {processor.py:175} INFO - Processing /home/airflow/.local/lib/python3.7/site-packages/airflow/example_dags/example_latest_only_with_trigger.py took 0.096 seconds
[2023-05-11T19:07:59.007+0000] {processor.py:153} INFO - Started process (PID=2442) to work on /home/airflow/.local/lib/python3.7/site-packages/airflow/example_dags/example_latest_only_with_trigger.py
[2023-05-11T19:07:59.007+0000] {processor.py:743} INFO - Processing file /home/airflow/.local/lib/python3.7/site-packages/airflow/example_dags/example_latest_only_with_trigger.py for tasks to queue
[2023-05-11T19:07:59.008+0000] {logging_mixin.py:137} INFO - [2023-05-11T19:07:59.008+0000] {dagbag.py:538} INFO - Filling up the DagBag from /home/airflow/.local/lib/python3.7/site-packages/airflow/example_dags/example_latest_only_with_trigger.py
[2023-05-11T19:07:59.022+0000] {processor.py:753} INFO - DAG(s) dict_keys(['latest_only_with_trigger']) retrieved from /home/airflow/.local/lib/python3.7/site-packages/airflow/example_dags/example_latest_only_with_trigger.py
[2023-05-11T19:07:59.046+0000] {logging_mixin.py:137} INFO - [2023-05-11T19:07:59.046+0000] {dag.py:2690} INFO - Sync 1 DAGs
[2023-05-11T19:07:59.071+0000] {logging_mixin.py:137} INFO - [2023-05-11T19:07:59.071+0000] {dag.py:3441} INFO - Setting next_dagrun for latest_only_with_trigger to 2023-05-11T15:07:59.071222+00:00, run_after=2023-05-11T19:07:59.071222+00:00
[2023-05-11T19:07:59.090+0000] {processor.py:175} INFO - Processing /home/airflow/.local/lib/python3.7/site-packages/airflow/example_dags/example_latest_only_with_trigger.py took 0.085 seconds
[2023-05-11T19:09:21.779+0000] {processor.py:153} INFO - Started process (PID=290) to work on /home/airflow/.local/lib/python3.7/site-packages/airflow/example_dags/example_latest_only_with_trigger.py
[2023-05-11T19:09:21.780+0000] {processor.py:743} INFO - Processing file /home/airflow/.local/lib/python3.7/site-packages/airflow/example_dags/example_latest_only_with_trigger.py for tasks to queue
[2023-05-11T19:09:21.780+0000] {logging_mixin.py:137} INFO - [2023-05-11T19:09:21.780+0000] {dagbag.py:538} INFO - Filling up the DagBag from /home/airflow/.local/lib/python3.7/site-packages/airflow/example_dags/example_latest_only_with_trigger.py
[2023-05-11T19:09:21.792+0000] {processor.py:753} INFO - DAG(s) dict_keys(['latest_only_with_trigger']) retrieved from /home/airflow/.local/lib/python3.7/site-packages/airflow/example_dags/example_latest_only_with_trigger.py
[2023-05-11T19:09:21.801+0000] {logging_mixin.py:137} INFO - [2023-05-11T19:09:21.801+0000] {dag.py:2690} INFO - Sync 1 DAGs
[2023-05-11T19:09:21.818+0000] {logging_mixin.py:137} INFO - [2023-05-11T19:09:21.818+0000] {dag.py:3441} INFO - Setting next_dagrun for latest_only_with_trigger to 2023-05-11T15:09:21.818595+00:00, run_after=2023-05-11T19:09:21.818595+00:00
[2023-05-11T19:09:21.830+0000] {processor.py:175} INFO - Processing /home/airflow/.local/lib/python3.7/site-packages/airflow/example_dags/example_latest_only_with_trigger.py took 0.053 seconds
[2023-05-11T19:09:52.735+0000] {processor.py:153} INFO - Started process (PID=522) to work on /home/airflow/.local/lib/python3.7/site-packages/airflow/example_dags/example_latest_only_with_trigger.py
[2023-05-11T19:09:52.736+0000] {processor.py:743} INFO - Processing file /home/airflow/.local/lib/python3.7/site-packages/airflow/example_dags/example_latest_only_with_trigger.py for tasks to queue
[2023-05-11T19:09:52.737+0000] {logging_mixin.py:137} INFO - [2023-05-11T19:09:52.736+0000] {dagbag.py:538} INFO - Filling up the DagBag from /home/airflow/.local/lib/python3.7/site-packages/airflow/example_dags/example_latest_only_with_trigger.py
[2023-05-11T19:09:52.747+0000] {processor.py:753} INFO - DAG(s) dict_keys(['latest_only_with_trigger']) retrieved from /home/airflow/.local/lib/python3.7/site-packages/airflow/example_dags/example_latest_only_with_trigger.py
[2023-05-11T19:09:52.766+0000] {logging_mixin.py:137} INFO - [2023-05-11T19:09:52.766+0000] {dag.py:2690} INFO - Sync 1 DAGs
[2023-05-11T19:09:52.785+0000] {logging_mixin.py:137} INFO - [2023-05-11T19:09:52.785+0000] {dag.py:3441} INFO - Setting next_dagrun for latest_only_with_trigger to 2023-05-11T15:09:52.785480+00:00, run_after=2023-05-11T19:09:52.785480+00:00
[2023-05-11T19:09:52.800+0000] {processor.py:175} INFO - Processing /home/airflow/.local/lib/python3.7/site-packages/airflow/example_dags/example_latest_only_with_trigger.py took 0.066 seconds
[2023-05-11T19:10:22.852+0000] {processor.py:153} INFO - Started process (PID=770) to work on /home/airflow/.local/lib/python3.7/site-packages/airflow/example_dags/example_latest_only_with_trigger.py
[2023-05-11T19:10:22.852+0000] {processor.py:743} INFO - Processing file /home/airflow/.local/lib/python3.7/site-packages/airflow/example_dags/example_latest_only_with_trigger.py for tasks to queue
[2023-05-11T19:10:22.853+0000] {logging_mixin.py:137} INFO - [2023-05-11T19:10:22.853+0000] {dagbag.py:538} INFO - Filling up the DagBag from /home/airflow/.local/lib/python3.7/site-packages/airflow/example_dags/example_latest_only_with_trigger.py
[2023-05-11T19:10:22.863+0000] {processor.py:753} INFO - DAG(s) dict_keys(['latest_only_with_trigger']) retrieved from /home/airflow/.local/lib/python3.7/site-packages/airflow/example_dags/example_latest_only_with_trigger.py
[2023-05-11T19:10:22.883+0000] {logging_mixin.py:137} INFO - [2023-05-11T19:10:22.883+0000] {dag.py:2690} INFO - Sync 1 DAGs
[2023-05-11T19:10:22.899+0000] {logging_mixin.py:137} INFO - [2023-05-11T19:10:22.899+0000] {dag.py:3441} INFO - Setting next_dagrun for latest_only_with_trigger to 2023-05-11T15:10:22.899407+00:00, run_after=2023-05-11T19:10:22.899407+00:00
[2023-05-11T19:10:22.911+0000] {processor.py:175} INFO - Processing /home/airflow/.local/lib/python3.7/site-packages/airflow/example_dags/example_latest_only_with_trigger.py took 0.061 seconds
[2023-05-11T19:10:53.223+0000] {processor.py:153} INFO - Started process (PID=1002) to work on /home/airflow/.local/lib/python3.7/site-packages/airflow/example_dags/example_latest_only_with_trigger.py
[2023-05-11T19:10:53.224+0000] {processor.py:743} INFO - Processing file /home/airflow/.local/lib/python3.7/site-packages/airflow/example_dags/example_latest_only_with_trigger.py for tasks to queue
[2023-05-11T19:10:53.224+0000] {logging_mixin.py:137} INFO - [2023-05-11T19:10:53.224+0000] {dagbag.py:538} INFO - Filling up the DagBag from /home/airflow/.local/lib/python3.7/site-packages/airflow/example_dags/example_latest_only_with_trigger.py
[2023-05-11T19:10:53.235+0000] {processor.py:753} INFO - DAG(s) dict_keys(['latest_only_with_trigger']) retrieved from /home/airflow/.local/lib/python3.7/site-packages/airflow/example_dags/example_latest_only_with_trigger.py
[2023-05-11T19:10:53.258+0000] {logging_mixin.py:137} INFO - [2023-05-11T19:10:53.258+0000] {dag.py:2690} INFO - Sync 1 DAGs
[2023-05-11T19:10:53.281+0000] {logging_mixin.py:137} INFO - [2023-05-11T19:10:53.281+0000] {dag.py:3441} INFO - Setting next_dagrun for latest_only_with_trigger to 2023-05-11T15:10:53.281538+00:00, run_after=2023-05-11T19:10:53.281538+00:00
[2023-05-11T19:10:53.299+0000] {processor.py:175} INFO - Processing /home/airflow/.local/lib/python3.7/site-packages/airflow/example_dags/example_latest_only_with_trigger.py took 0.078 seconds
[2023-05-11T19:11:24.233+0000] {processor.py:153} INFO - Started process (PID=1250) to work on /home/airflow/.local/lib/python3.7/site-packages/airflow/example_dags/example_latest_only_with_trigger.py
[2023-05-11T19:11:24.233+0000] {processor.py:743} INFO - Processing file /home/airflow/.local/lib/python3.7/site-packages/airflow/example_dags/example_latest_only_with_trigger.py for tasks to queue
[2023-05-11T19:11:24.234+0000] {logging_mixin.py:137} INFO - [2023-05-11T19:11:24.234+0000] {dagbag.py:538} INFO - Filling up the DagBag from /home/airflow/.local/lib/python3.7/site-packages/airflow/example_dags/example_latest_only_with_trigger.py
[2023-05-11T19:11:24.242+0000] {processor.py:753} INFO - DAG(s) dict_keys(['latest_only_with_trigger']) retrieved from /home/airflow/.local/lib/python3.7/site-packages/airflow/example_dags/example_latest_only_with_trigger.py
[2023-05-11T19:11:24.259+0000] {logging_mixin.py:137} INFO - [2023-05-11T19:11:24.259+0000] {dag.py:2690} INFO - Sync 1 DAGs
[2023-05-11T19:11:24.275+0000] {logging_mixin.py:137} INFO - [2023-05-11T19:11:24.275+0000] {dag.py:3441} INFO - Setting next_dagrun for latest_only_with_trigger to 2023-05-11T15:11:24.275204+00:00, run_after=2023-05-11T19:11:24.275204+00:00
[2023-05-11T19:11:24.287+0000] {processor.py:175} INFO - Processing /home/airflow/.local/lib/python3.7/site-packages/airflow/example_dags/example_latest_only_with_trigger.py took 0.056 seconds
[2023-05-11T19:14:01.043+0000] {processor.py:153} INFO - Started process (PID=291) to work on /home/airflow/.local/lib/python3.7/site-packages/airflow/example_dags/example_latest_only_with_trigger.py
[2023-05-11T19:14:01.044+0000] {processor.py:743} INFO - Processing file /home/airflow/.local/lib/python3.7/site-packages/airflow/example_dags/example_latest_only_with_trigger.py for tasks to queue
[2023-05-11T19:14:01.044+0000] {logging_mixin.py:137} INFO - [2023-05-11T19:14:01.044+0000] {dagbag.py:538} INFO - Filling up the DagBag from /home/airflow/.local/lib/python3.7/site-packages/airflow/example_dags/example_latest_only_with_trigger.py
[2023-05-11T19:14:01.054+0000] {processor.py:753} INFO - DAG(s) dict_keys(['latest_only_with_trigger']) retrieved from /home/airflow/.local/lib/python3.7/site-packages/airflow/example_dags/example_latest_only_with_trigger.py
[2023-05-11T19:14:01.063+0000] {logging_mixin.py:137} INFO - [2023-05-11T19:14:01.062+0000] {dag.py:2690} INFO - Sync 1 DAGs
[2023-05-11T19:14:01.079+0000] {logging_mixin.py:137} INFO - [2023-05-11T19:14:01.079+0000] {dag.py:3441} INFO - Setting next_dagrun for latest_only_with_trigger to 2023-05-11T15:14:01.079029+00:00, run_after=2023-05-11T19:14:01.079029+00:00
[2023-05-11T19:14:01.092+0000] {processor.py:175} INFO - Processing /home/airflow/.local/lib/python3.7/site-packages/airflow/example_dags/example_latest_only_with_trigger.py took 0.051 seconds
[2023-05-11T19:14:32.029+0000] {processor.py:153} INFO - Started process (PID=523) to work on /home/airflow/.local/lib/python3.7/site-packages/airflow/example_dags/example_latest_only_with_trigger.py
[2023-05-11T19:14:32.030+0000] {processor.py:743} INFO - Processing file /home/airflow/.local/lib/python3.7/site-packages/airflow/example_dags/example_latest_only_with_trigger.py for tasks to queue
[2023-05-11T19:14:32.030+0000] {logging_mixin.py:137} INFO - [2023-05-11T19:14:32.030+0000] {dagbag.py:538} INFO - Filling up the DagBag from /home/airflow/.local/lib/python3.7/site-packages/airflow/example_dags/example_latest_only_with_trigger.py
[2023-05-11T19:14:32.042+0000] {processor.py:753} INFO - DAG(s) dict_keys(['latest_only_with_trigger']) retrieved from /home/airflow/.local/lib/python3.7/site-packages/airflow/example_dags/example_latest_only_with_trigger.py
[2023-05-11T19:14:32.066+0000] {logging_mixin.py:137} INFO - [2023-05-11T19:14:32.066+0000] {dag.py:2690} INFO - Sync 1 DAGs
[2023-05-11T19:14:32.092+0000] {logging_mixin.py:137} INFO - [2023-05-11T19:14:32.092+0000] {dag.py:3441} INFO - Setting next_dagrun for latest_only_with_trigger to 2023-05-11T15:14:32.091938+00:00, run_after=2023-05-11T19:14:32.091938+00:00
[2023-05-11T19:14:32.110+0000] {processor.py:175} INFO - Processing /home/airflow/.local/lib/python3.7/site-packages/airflow/example_dags/example_latest_only_with_trigger.py took 0.084 seconds
[2023-05-11T19:15:02.178+0000] {processor.py:153} INFO - Started process (PID=771) to work on /home/airflow/.local/lib/python3.7/site-packages/airflow/example_dags/example_latest_only_with_trigger.py
[2023-05-11T19:15:02.178+0000] {processor.py:743} INFO - Processing file /home/airflow/.local/lib/python3.7/site-packages/airflow/example_dags/example_latest_only_with_trigger.py for tasks to queue
[2023-05-11T19:15:02.179+0000] {logging_mixin.py:137} INFO - [2023-05-11T19:15:02.179+0000] {dagbag.py:538} INFO - Filling up the DagBag from /home/airflow/.local/lib/python3.7/site-packages/airflow/example_dags/example_latest_only_with_trigger.py
[2023-05-11T19:15:02.187+0000] {processor.py:753} INFO - DAG(s) dict_keys(['latest_only_with_trigger']) retrieved from /home/airflow/.local/lib/python3.7/site-packages/airflow/example_dags/example_latest_only_with_trigger.py
[2023-05-11T19:15:02.203+0000] {logging_mixin.py:137} INFO - [2023-05-11T19:15:02.203+0000] {dag.py:2690} INFO - Sync 1 DAGs
[2023-05-11T19:15:02.220+0000] {logging_mixin.py:137} INFO - [2023-05-11T19:15:02.219+0000] {dag.py:3441} INFO - Setting next_dagrun for latest_only_with_trigger to 2023-05-11T15:15:02.219760+00:00, run_after=2023-05-11T19:15:02.219760+00:00
[2023-05-11T19:15:02.232+0000] {processor.py:175} INFO - Processing /home/airflow/.local/lib/python3.7/site-packages/airflow/example_dags/example_latest_only_with_trigger.py took 0.056 seconds
[2023-05-11T19:15:33.312+0000] {processor.py:153} INFO - Started process (PID=1003) to work on /home/airflow/.local/lib/python3.7/site-packages/airflow/example_dags/example_latest_only_with_trigger.py
[2023-05-11T19:15:33.312+0000] {processor.py:743} INFO - Processing file /home/airflow/.local/lib/python3.7/site-packages/airflow/example_dags/example_latest_only_with_trigger.py for tasks to queue
[2023-05-11T19:15:33.313+0000] {logging_mixin.py:137} INFO - [2023-05-11T19:15:33.313+0000] {dagbag.py:538} INFO - Filling up the DagBag from /home/airflow/.local/lib/python3.7/site-packages/airflow/example_dags/example_latest_only_with_trigger.py
[2023-05-11T19:15:33.326+0000] {processor.py:753} INFO - DAG(s) dict_keys(['latest_only_with_trigger']) retrieved from /home/airflow/.local/lib/python3.7/site-packages/airflow/example_dags/example_latest_only_with_trigger.py
[2023-05-11T19:15:33.356+0000] {logging_mixin.py:137} INFO - [2023-05-11T19:15:33.355+0000] {dag.py:2690} INFO - Sync 1 DAGs
[2023-05-11T19:15:33.382+0000] {logging_mixin.py:137} INFO - [2023-05-11T19:15:33.382+0000] {dag.py:3441} INFO - Setting next_dagrun for latest_only_with_trigger to 2023-05-11T15:15:33.382174+00:00, run_after=2023-05-11T19:15:33.382174+00:00
[2023-05-11T19:15:33.400+0000] {processor.py:175} INFO - Processing /home/airflow/.local/lib/python3.7/site-packages/airflow/example_dags/example_latest_only_with_trigger.py took 0.091 seconds
[2023-05-11T19:16:03.697+0000] {processor.py:153} INFO - Started process (PID=1249) to work on /home/airflow/.local/lib/python3.7/site-packages/airflow/example_dags/example_latest_only_with_trigger.py
[2023-05-11T19:16:03.698+0000] {processor.py:743} INFO - Processing file /home/airflow/.local/lib/python3.7/site-packages/airflow/example_dags/example_latest_only_with_trigger.py for tasks to queue
[2023-05-11T19:16:03.699+0000] {logging_mixin.py:137} INFO - [2023-05-11T19:16:03.699+0000] {dagbag.py:538} INFO - Filling up the DagBag from /home/airflow/.local/lib/python3.7/site-packages/airflow/example_dags/example_latest_only_with_trigger.py
[2023-05-11T19:16:03.710+0000] {processor.py:753} INFO - DAG(s) dict_keys(['latest_only_with_trigger']) retrieved from /home/airflow/.local/lib/python3.7/site-packages/airflow/example_dags/example_latest_only_with_trigger.py
[2023-05-11T19:16:03.733+0000] {logging_mixin.py:137} INFO - [2023-05-11T19:16:03.733+0000] {dag.py:2690} INFO - Sync 1 DAGs
[2023-05-11T19:16:03.757+0000] {logging_mixin.py:137} INFO - [2023-05-11T19:16:03.756+0000] {dag.py:3441} INFO - Setting next_dagrun for latest_only_with_trigger to 2023-05-11T15:16:03.756564+00:00, run_after=2023-05-11T19:16:03.756564+00:00
[2023-05-11T19:16:03.774+0000] {processor.py:175} INFO - Processing /home/airflow/.local/lib/python3.7/site-packages/airflow/example_dags/example_latest_only_with_trigger.py took 0.079 seconds
[2023-05-11T19:16:34.036+0000] {processor.py:153} INFO - Started process (PID=1481) to work on /home/airflow/.local/lib/python3.7/site-packages/airflow/example_dags/example_latest_only_with_trigger.py
[2023-05-11T19:16:34.037+0000] {processor.py:743} INFO - Processing file /home/airflow/.local/lib/python3.7/site-packages/airflow/example_dags/example_latest_only_with_trigger.py for tasks to queue
[2023-05-11T19:16:34.037+0000] {logging_mixin.py:137} INFO - [2023-05-11T19:16:34.037+0000] {dagbag.py:538} INFO - Filling up the DagBag from /home/airflow/.local/lib/python3.7/site-packages/airflow/example_dags/example_latest_only_with_trigger.py
[2023-05-11T19:16:34.046+0000] {processor.py:753} INFO - DAG(s) dict_keys(['latest_only_with_trigger']) retrieved from /home/airflow/.local/lib/python3.7/site-packages/airflow/example_dags/example_latest_only_with_trigger.py
[2023-05-11T19:16:34.063+0000] {logging_mixin.py:137} INFO - [2023-05-11T19:16:34.063+0000] {dag.py:2690} INFO - Sync 1 DAGs
[2023-05-11T19:16:34.080+0000] {logging_mixin.py:137} INFO - [2023-05-11T19:16:34.079+0000] {dag.py:3441} INFO - Setting next_dagrun for latest_only_with_trigger to 2023-05-11T15:16:34.079791+00:00, run_after=2023-05-11T19:16:34.079791+00:00
[2023-05-11T19:16:34.090+0000] {processor.py:175} INFO - Processing /home/airflow/.local/lib/python3.7/site-packages/airflow/example_dags/example_latest_only_with_trigger.py took 0.056 seconds
[2023-05-11T19:17:05.011+0000] {processor.py:153} INFO - Started process (PID=1729) to work on /home/airflow/.local/lib/python3.7/site-packages/airflow/example_dags/example_latest_only_with_trigger.py
[2023-05-11T19:17:05.011+0000] {processor.py:743} INFO - Processing file /home/airflow/.local/lib/python3.7/site-packages/airflow/example_dags/example_latest_only_with_trigger.py for tasks to queue
[2023-05-11T19:17:05.012+0000] {logging_mixin.py:137} INFO - [2023-05-11T19:17:05.012+0000] {dagbag.py:538} INFO - Filling up the DagBag from /home/airflow/.local/lib/python3.7/site-packages/airflow/example_dags/example_latest_only_with_trigger.py
[2023-05-11T19:17:05.024+0000] {processor.py:753} INFO - DAG(s) dict_keys(['latest_only_with_trigger']) retrieved from /home/airflow/.local/lib/python3.7/site-packages/airflow/example_dags/example_latest_only_with_trigger.py
[2023-05-11T19:17:05.048+0000] {logging_mixin.py:137} INFO - [2023-05-11T19:17:05.048+0000] {dag.py:2690} INFO - Sync 1 DAGs
[2023-05-11T19:17:05.072+0000] {logging_mixin.py:137} INFO - [2023-05-11T19:17:05.072+0000] {dag.py:3441} INFO - Setting next_dagrun for latest_only_with_trigger to 2023-05-11T15:17:05.072025+00:00, run_after=2023-05-11T19:17:05.072025+00:00
[2023-05-11T19:17:05.090+0000] {processor.py:175} INFO - Processing /home/airflow/.local/lib/python3.7/site-packages/airflow/example_dags/example_latest_only_with_trigger.py took 0.081 seconds
[2023-05-11T19:17:35.453+0000] {processor.py:153} INFO - Started process (PID=1979) to work on /home/airflow/.local/lib/python3.7/site-packages/airflow/example_dags/example_latest_only_with_trigger.py
[2023-05-11T19:17:35.454+0000] {processor.py:743} INFO - Processing file /home/airflow/.local/lib/python3.7/site-packages/airflow/example_dags/example_latest_only_with_trigger.py for tasks to queue
[2023-05-11T19:17:35.455+0000] {logging_mixin.py:137} INFO - [2023-05-11T19:17:35.455+0000] {dagbag.py:538} INFO - Filling up the DagBag from /home/airflow/.local/lib/python3.7/site-packages/airflow/example_dags/example_latest_only_with_trigger.py
[2023-05-11T19:17:35.473+0000] {processor.py:753} INFO - DAG(s) dict_keys(['latest_only_with_trigger']) retrieved from /home/airflow/.local/lib/python3.7/site-packages/airflow/example_dags/example_latest_only_with_trigger.py
[2023-05-11T19:17:35.504+0000] {logging_mixin.py:137} INFO - [2023-05-11T19:17:35.504+0000] {dag.py:2690} INFO - Sync 1 DAGs
[2023-05-11T19:17:35.538+0000] {logging_mixin.py:137} INFO - [2023-05-11T19:17:35.538+0000] {dag.py:3441} INFO - Setting next_dagrun for latest_only_with_trigger to 2023-05-11T15:17:35.538094+00:00, run_after=2023-05-11T19:17:35.538094+00:00
[2023-05-11T19:17:35.559+0000] {processor.py:175} INFO - Processing /home/airflow/.local/lib/python3.7/site-packages/airflow/example_dags/example_latest_only_with_trigger.py took 0.110 seconds
[2023-05-11T19:18:05.725+0000] {processor.py:153} INFO - Started process (PID=2216) to work on /home/airflow/.local/lib/python3.7/site-packages/airflow/example_dags/example_latest_only_with_trigger.py
[2023-05-11T19:18:05.725+0000] {processor.py:743} INFO - Processing file /home/airflow/.local/lib/python3.7/site-packages/airflow/example_dags/example_latest_only_with_trigger.py for tasks to queue
[2023-05-11T19:18:05.726+0000] {logging_mixin.py:137} INFO - [2023-05-11T19:18:05.726+0000] {dagbag.py:538} INFO - Filling up the DagBag from /home/airflow/.local/lib/python3.7/site-packages/airflow/example_dags/example_latest_only_with_trigger.py
[2023-05-11T19:18:05.735+0000] {processor.py:753} INFO - DAG(s) dict_keys(['latest_only_with_trigger']) retrieved from /home/airflow/.local/lib/python3.7/site-packages/airflow/example_dags/example_latest_only_with_trigger.py
[2023-05-11T19:18:05.752+0000] {logging_mixin.py:137} INFO - [2023-05-11T19:18:05.752+0000] {dag.py:2690} INFO - Sync 1 DAGs
[2023-05-11T19:18:05.767+0000] {logging_mixin.py:137} INFO - [2023-05-11T19:18:05.767+0000] {dag.py:3441} INFO - Setting next_dagrun for latest_only_with_trigger to 2023-05-11T15:18:05.767554+00:00, run_after=2023-05-11T19:18:05.767554+00:00
[2023-05-11T19:18:05.780+0000] {processor.py:175} INFO - Processing /home/airflow/.local/lib/python3.7/site-packages/airflow/example_dags/example_latest_only_with_trigger.py took 0.057 seconds
[2023-05-11T19:18:36.426+0000] {processor.py:153} INFO - Started process (PID=2465) to work on /home/airflow/.local/lib/python3.7/site-packages/airflow/example_dags/example_latest_only_with_trigger.py
[2023-05-11T19:18:36.426+0000] {processor.py:743} INFO - Processing file /home/airflow/.local/lib/python3.7/site-packages/airflow/example_dags/example_latest_only_with_trigger.py for tasks to queue
[2023-05-11T19:18:36.427+0000] {logging_mixin.py:137} INFO - [2023-05-11T19:18:36.427+0000] {dagbag.py:538} INFO - Filling up the DagBag from /home/airflow/.local/lib/python3.7/site-packages/airflow/example_dags/example_latest_only_with_trigger.py
[2023-05-11T19:18:36.441+0000] {processor.py:753} INFO - DAG(s) dict_keys(['latest_only_with_trigger']) retrieved from /home/airflow/.local/lib/python3.7/site-packages/airflow/example_dags/example_latest_only_with_trigger.py
[2023-05-11T19:18:36.465+0000] {logging_mixin.py:137} INFO - [2023-05-11T19:18:36.465+0000] {dag.py:2690} INFO - Sync 1 DAGs
[2023-05-11T19:18:36.488+0000] {logging_mixin.py:137} INFO - [2023-05-11T19:18:36.488+0000] {dag.py:3441} INFO - Setting next_dagrun for latest_only_with_trigger to 2023-05-11T15:18:36.488006+00:00, run_after=2023-05-11T19:18:36.488006+00:00
[2023-05-11T19:18:36.505+0000] {processor.py:175} INFO - Processing /home/airflow/.local/lib/python3.7/site-packages/airflow/example_dags/example_latest_only_with_trigger.py took 0.083 seconds
[2023-05-11T19:19:06.747+0000] {processor.py:153} INFO - Started process (PID=2697) to work on /home/airflow/.local/lib/python3.7/site-packages/airflow/example_dags/example_latest_only_with_trigger.py
[2023-05-11T19:19:06.747+0000] {processor.py:743} INFO - Processing file /home/airflow/.local/lib/python3.7/site-packages/airflow/example_dags/example_latest_only_with_trigger.py for tasks to queue
[2023-05-11T19:19:06.748+0000] {logging_mixin.py:137} INFO - [2023-05-11T19:19:06.748+0000] {dagbag.py:538} INFO - Filling up the DagBag from /home/airflow/.local/lib/python3.7/site-packages/airflow/example_dags/example_latest_only_with_trigger.py
[2023-05-11T19:19:06.759+0000] {processor.py:753} INFO - DAG(s) dict_keys(['latest_only_with_trigger']) retrieved from /home/airflow/.local/lib/python3.7/site-packages/airflow/example_dags/example_latest_only_with_trigger.py
[2023-05-11T19:19:06.783+0000] {logging_mixin.py:137} INFO - [2023-05-11T19:19:06.783+0000] {dag.py:2690} INFO - Sync 1 DAGs
[2023-05-11T19:19:06.806+0000] {logging_mixin.py:137} INFO - [2023-05-11T19:19:06.805+0000] {dag.py:3441} INFO - Setting next_dagrun for latest_only_with_trigger to 2023-05-11T15:19:06.805751+00:00, run_after=2023-05-11T19:19:06.805751+00:00
[2023-05-11T19:19:06.823+0000] {processor.py:175} INFO - Processing /home/airflow/.local/lib/python3.7/site-packages/airflow/example_dags/example_latest_only_with_trigger.py took 0.079 seconds
[2023-05-11T19:19:37.468+0000] {processor.py:153} INFO - Started process (PID=2945) to work on /home/airflow/.local/lib/python3.7/site-packages/airflow/example_dags/example_latest_only_with_trigger.py
[2023-05-11T19:19:37.469+0000] {processor.py:743} INFO - Processing file /home/airflow/.local/lib/python3.7/site-packages/airflow/example_dags/example_latest_only_with_trigger.py for tasks to queue
[2023-05-11T19:19:37.470+0000] {logging_mixin.py:137} INFO - [2023-05-11T19:19:37.469+0000] {dagbag.py:538} INFO - Filling up the DagBag from /home/airflow/.local/lib/python3.7/site-packages/airflow/example_dags/example_latest_only_with_trigger.py
[2023-05-11T19:19:37.487+0000] {processor.py:753} INFO - DAG(s) dict_keys(['latest_only_with_trigger']) retrieved from /home/airflow/.local/lib/python3.7/site-packages/airflow/example_dags/example_latest_only_with_trigger.py
[2023-05-11T19:19:37.512+0000] {logging_mixin.py:137} INFO - [2023-05-11T19:19:37.512+0000] {dag.py:2690} INFO - Sync 1 DAGs
[2023-05-11T19:19:37.534+0000] {logging_mixin.py:137} INFO - [2023-05-11T19:19:37.534+0000] {dag.py:3441} INFO - Setting next_dagrun for latest_only_with_trigger to 2023-05-11T15:19:37.534126+00:00, run_after=2023-05-11T19:19:37.534126+00:00
[2023-05-11T19:19:37.550+0000] {processor.py:175} INFO - Processing /home/airflow/.local/lib/python3.7/site-packages/airflow/example_dags/example_latest_only_with_trigger.py took 0.086 seconds
[2023-05-11T19:20:07.859+0000] {processor.py:153} INFO - Started process (PID=3177) to work on /home/airflow/.local/lib/python3.7/site-packages/airflow/example_dags/example_latest_only_with_trigger.py
[2023-05-11T19:20:07.859+0000] {processor.py:743} INFO - Processing file /home/airflow/.local/lib/python3.7/site-packages/airflow/example_dags/example_latest_only_with_trigger.py for tasks to queue
[2023-05-11T19:20:07.860+0000] {logging_mixin.py:137} INFO - [2023-05-11T19:20:07.860+0000] {dagbag.py:538} INFO - Filling up the DagBag from /home/airflow/.local/lib/python3.7/site-packages/airflow/example_dags/example_latest_only_with_trigger.py
[2023-05-11T19:20:07.871+0000] {processor.py:753} INFO - DAG(s) dict_keys(['latest_only_with_trigger']) retrieved from /home/airflow/.local/lib/python3.7/site-packages/airflow/example_dags/example_latest_only_with_trigger.py
[2023-05-11T19:20:07.894+0000] {logging_mixin.py:137} INFO - [2023-05-11T19:20:07.894+0000] {dag.py:2690} INFO - Sync 1 DAGs
[2023-05-11T19:20:07.917+0000] {logging_mixin.py:137} INFO - [2023-05-11T19:20:07.917+0000] {dag.py:3441} INFO - Setting next_dagrun for latest_only_with_trigger to 2023-05-11T15:20:07.917379+00:00, run_after=2023-05-11T19:20:07.917379+00:00
[2023-05-11T19:20:07.935+0000] {processor.py:175} INFO - Processing /home/airflow/.local/lib/python3.7/site-packages/airflow/example_dags/example_latest_only_with_trigger.py took 0.079 seconds
[2023-05-11T19:20:38.534+0000] {processor.py:153} INFO - Started process (PID=3425) to work on /home/airflow/.local/lib/python3.7/site-packages/airflow/example_dags/example_latest_only_with_trigger.py
[2023-05-11T19:20:38.535+0000] {processor.py:743} INFO - Processing file /home/airflow/.local/lib/python3.7/site-packages/airflow/example_dags/example_latest_only_with_trigger.py for tasks to queue
[2023-05-11T19:20:38.535+0000] {logging_mixin.py:137} INFO - [2023-05-11T19:20:38.535+0000] {dagbag.py:538} INFO - Filling up the DagBag from /home/airflow/.local/lib/python3.7/site-packages/airflow/example_dags/example_latest_only_with_trigger.py
[2023-05-11T19:20:38.543+0000] {processor.py:753} INFO - DAG(s) dict_keys(['latest_only_with_trigger']) retrieved from /home/airflow/.local/lib/python3.7/site-packages/airflow/example_dags/example_latest_only_with_trigger.py
[2023-05-11T19:20:38.582+0000] {logging_mixin.py:137} INFO - [2023-05-11T19:20:38.582+0000] {dag.py:2690} INFO - Sync 1 DAGs
[2023-05-11T19:20:38.603+0000] {logging_mixin.py:137} INFO - [2023-05-11T19:20:38.603+0000] {dag.py:3441} INFO - Setting next_dagrun for latest_only_with_trigger to 2023-05-11T15:20:38.603284+00:00, run_after=2023-05-11T19:20:38.603284+00:00
[2023-05-11T19:20:38.616+0000] {processor.py:175} INFO - Processing /home/airflow/.local/lib/python3.7/site-packages/airflow/example_dags/example_latest_only_with_trigger.py took 0.084 seconds
[2023-05-11T19:21:08.829+0000] {processor.py:153} INFO - Started process (PID=3657) to work on /home/airflow/.local/lib/python3.7/site-packages/airflow/example_dags/example_latest_only_with_trigger.py
[2023-05-11T19:21:08.830+0000] {processor.py:743} INFO - Processing file /home/airflow/.local/lib/python3.7/site-packages/airflow/example_dags/example_latest_only_with_trigger.py for tasks to queue
[2023-05-11T19:21:08.831+0000] {logging_mixin.py:137} INFO - [2023-05-11T19:21:08.831+0000] {dagbag.py:538} INFO - Filling up the DagBag from /home/airflow/.local/lib/python3.7/site-packages/airflow/example_dags/example_latest_only_with_trigger.py
[2023-05-11T19:21:08.843+0000] {processor.py:753} INFO - DAG(s) dict_keys(['latest_only_with_trigger']) retrieved from /home/airflow/.local/lib/python3.7/site-packages/airflow/example_dags/example_latest_only_with_trigger.py
[2023-05-11T19:21:08.864+0000] {logging_mixin.py:137} INFO - [2023-05-11T19:21:08.864+0000] {dag.py:2690} INFO - Sync 1 DAGs
[2023-05-11T19:21:08.886+0000] {logging_mixin.py:137} INFO - [2023-05-11T19:21:08.886+0000] {dag.py:3441} INFO - Setting next_dagrun for latest_only_with_trigger to 2023-05-11T15:21:08.886382+00:00, run_after=2023-05-11T19:21:08.886382+00:00
[2023-05-11T19:21:08.903+0000] {processor.py:175} INFO - Processing /home/airflow/.local/lib/python3.7/site-packages/airflow/example_dags/example_latest_only_with_trigger.py took 0.077 seconds
[2023-05-11T19:21:39.396+0000] {processor.py:153} INFO - Started process (PID=3905) to work on /home/airflow/.local/lib/python3.7/site-packages/airflow/example_dags/example_latest_only_with_trigger.py
[2023-05-11T19:21:39.396+0000] {processor.py:743} INFO - Processing file /home/airflow/.local/lib/python3.7/site-packages/airflow/example_dags/example_latest_only_with_trigger.py for tasks to queue
[2023-05-11T19:21:39.397+0000] {logging_mixin.py:137} INFO - [2023-05-11T19:21:39.397+0000] {dagbag.py:538} INFO - Filling up the DagBag from /home/airflow/.local/lib/python3.7/site-packages/airflow/example_dags/example_latest_only_with_trigger.py
[2023-05-11T19:21:39.405+0000] {processor.py:753} INFO - DAG(s) dict_keys(['latest_only_with_trigger']) retrieved from /home/airflow/.local/lib/python3.7/site-packages/airflow/example_dags/example_latest_only_with_trigger.py
[2023-05-11T19:21:39.430+0000] {logging_mixin.py:137} INFO - [2023-05-11T19:21:39.430+0000] {dag.py:2690} INFO - Sync 1 DAGs
[2023-05-11T19:21:39.459+0000] {logging_mixin.py:137} INFO - [2023-05-11T19:21:39.459+0000] {dag.py:3441} INFO - Setting next_dagrun for latest_only_with_trigger to 2023-05-11T15:21:39.459031+00:00, run_after=2023-05-11T19:21:39.459031+00:00
[2023-05-11T19:21:39.479+0000] {processor.py:175} INFO - Processing /home/airflow/.local/lib/python3.7/site-packages/airflow/example_dags/example_latest_only_with_trigger.py took 0.085 seconds
[2023-05-11T19:22:09.601+0000] {processor.py:153} INFO - Started process (PID=4137) to work on /home/airflow/.local/lib/python3.7/site-packages/airflow/example_dags/example_latest_only_with_trigger.py
[2023-05-11T19:22:09.602+0000] {processor.py:743} INFO - Processing file /home/airflow/.local/lib/python3.7/site-packages/airflow/example_dags/example_latest_only_with_trigger.py for tasks to queue
[2023-05-11T19:22:09.602+0000] {logging_mixin.py:137} INFO - [2023-05-11T19:22:09.602+0000] {dagbag.py:538} INFO - Filling up the DagBag from /home/airflow/.local/lib/python3.7/site-packages/airflow/example_dags/example_latest_only_with_trigger.py
[2023-05-11T19:22:09.613+0000] {processor.py:753} INFO - DAG(s) dict_keys(['latest_only_with_trigger']) retrieved from /home/airflow/.local/lib/python3.7/site-packages/airflow/example_dags/example_latest_only_with_trigger.py
[2023-05-11T19:22:09.636+0000] {logging_mixin.py:137} INFO - [2023-05-11T19:22:09.636+0000] {dag.py:2690} INFO - Sync 1 DAGs
[2023-05-11T19:22:09.659+0000] {logging_mixin.py:137} INFO - [2023-05-11T19:22:09.659+0000] {dag.py:3441} INFO - Setting next_dagrun for latest_only_with_trigger to 2023-05-11T15:22:09.659662+00:00, run_after=2023-05-11T19:22:09.659662+00:00
[2023-05-11T19:22:09.675+0000] {processor.py:175} INFO - Processing /home/airflow/.local/lib/python3.7/site-packages/airflow/example_dags/example_latest_only_with_trigger.py took 0.077 seconds
[2023-05-11T19:22:40.208+0000] {processor.py:153} INFO - Started process (PID=4386) to work on /home/airflow/.local/lib/python3.7/site-packages/airflow/example_dags/example_latest_only_with_trigger.py
[2023-05-11T19:22:40.209+0000] {processor.py:743} INFO - Processing file /home/airflow/.local/lib/python3.7/site-packages/airflow/example_dags/example_latest_only_with_trigger.py for tasks to queue
[2023-05-11T19:22:40.210+0000] {logging_mixin.py:137} INFO - [2023-05-11T19:22:40.210+0000] {dagbag.py:538} INFO - Filling up the DagBag from /home/airflow/.local/lib/python3.7/site-packages/airflow/example_dags/example_latest_only_with_trigger.py
[2023-05-11T19:22:40.228+0000] {processor.py:753} INFO - DAG(s) dict_keys(['latest_only_with_trigger']) retrieved from /home/airflow/.local/lib/python3.7/site-packages/airflow/example_dags/example_latest_only_with_trigger.py
[2023-05-11T19:22:40.261+0000] {logging_mixin.py:137} INFO - [2023-05-11T19:22:40.261+0000] {dag.py:2690} INFO - Sync 1 DAGs
[2023-05-11T19:22:40.295+0000] {logging_mixin.py:137} INFO - [2023-05-11T19:22:40.295+0000] {dag.py:3441} INFO - Setting next_dagrun for latest_only_with_trigger to 2023-05-11T15:22:40.295449+00:00, run_after=2023-05-11T19:22:40.295449+00:00
[2023-05-11T19:22:40.319+0000] {processor.py:175} INFO - Processing /home/airflow/.local/lib/python3.7/site-packages/airflow/example_dags/example_latest_only_with_trigger.py took 0.115 seconds
[2023-05-11T19:23:10.515+0000] {processor.py:153} INFO - Started process (PID=4618) to work on /home/airflow/.local/lib/python3.7/site-packages/airflow/example_dags/example_latest_only_with_trigger.py
[2023-05-11T19:23:10.515+0000] {processor.py:743} INFO - Processing file /home/airflow/.local/lib/python3.7/site-packages/airflow/example_dags/example_latest_only_with_trigger.py for tasks to queue
[2023-05-11T19:23:10.516+0000] {logging_mixin.py:137} INFO - [2023-05-11T19:23:10.516+0000] {dagbag.py:538} INFO - Filling up the DagBag from /home/airflow/.local/lib/python3.7/site-packages/airflow/example_dags/example_latest_only_with_trigger.py
[2023-05-11T19:23:10.527+0000] {processor.py:753} INFO - DAG(s) dict_keys(['latest_only_with_trigger']) retrieved from /home/airflow/.local/lib/python3.7/site-packages/airflow/example_dags/example_latest_only_with_trigger.py
[2023-05-11T19:23:10.550+0000] {logging_mixin.py:137} INFO - [2023-05-11T19:23:10.549+0000] {dag.py:2690} INFO - Sync 1 DAGs
[2023-05-11T19:23:10.572+0000] {logging_mixin.py:137} INFO - [2023-05-11T19:23:10.571+0000] {dag.py:3441} INFO - Setting next_dagrun for latest_only_with_trigger to 2023-05-11T15:23:10.571692+00:00, run_after=2023-05-11T19:23:10.571692+00:00
[2023-05-11T19:23:10.588+0000] {processor.py:175} INFO - Processing /home/airflow/.local/lib/python3.7/site-packages/airflow/example_dags/example_latest_only_with_trigger.py took 0.076 seconds
[2023-05-11T19:23:41.668+0000] {processor.py:153} INFO - Started process (PID=4867) to work on /home/airflow/.local/lib/python3.7/site-packages/airflow/example_dags/example_latest_only_with_trigger.py
[2023-05-11T19:23:41.669+0000] {processor.py:743} INFO - Processing file /home/airflow/.local/lib/python3.7/site-packages/airflow/example_dags/example_latest_only_with_trigger.py for tasks to queue
[2023-05-11T19:23:41.670+0000] {logging_mixin.py:137} INFO - [2023-05-11T19:23:41.669+0000] {dagbag.py:538} INFO - Filling up the DagBag from /home/airflow/.local/lib/python3.7/site-packages/airflow/example_dags/example_latest_only_with_trigger.py
[2023-05-11T19:23:41.689+0000] {processor.py:753} INFO - DAG(s) dict_keys(['latest_only_with_trigger']) retrieved from /home/airflow/.local/lib/python3.7/site-packages/airflow/example_dags/example_latest_only_with_trigger.py
[2023-05-11T19:23:41.724+0000] {logging_mixin.py:137} INFO - [2023-05-11T19:23:41.723+0000] {dag.py:2690} INFO - Sync 1 DAGs
[2023-05-11T19:23:41.752+0000] {logging_mixin.py:137} INFO - [2023-05-11T19:23:41.752+0000] {dag.py:3441} INFO - Setting next_dagrun for latest_only_with_trigger to 2023-05-11T15:23:41.751833+00:00, run_after=2023-05-11T19:23:41.751833+00:00
[2023-05-11T19:23:41.769+0000] {processor.py:175} INFO - Processing /home/airflow/.local/lib/python3.7/site-packages/airflow/example_dags/example_latest_only_with_trigger.py took 0.104 seconds
[2023-05-11T19:24:12.425+0000] {processor.py:153} INFO - Started process (PID=5101) to work on /home/airflow/.local/lib/python3.7/site-packages/airflow/example_dags/example_latest_only_with_trigger.py
[2023-05-11T19:24:12.426+0000] {processor.py:743} INFO - Processing file /home/airflow/.local/lib/python3.7/site-packages/airflow/example_dags/example_latest_only_with_trigger.py for tasks to queue
[2023-05-11T19:24:12.427+0000] {logging_mixin.py:137} INFO - [2023-05-11T19:24:12.427+0000] {dagbag.py:538} INFO - Filling up the DagBag from /home/airflow/.local/lib/python3.7/site-packages/airflow/example_dags/example_latest_only_with_trigger.py
[2023-05-11T19:24:12.442+0000] {processor.py:753} INFO - DAG(s) dict_keys(['latest_only_with_trigger']) retrieved from /home/airflow/.local/lib/python3.7/site-packages/airflow/example_dags/example_latest_only_with_trigger.py
[2023-05-11T19:24:12.467+0000] {logging_mixin.py:137} INFO - [2023-05-11T19:24:12.466+0000] {dag.py:2690} INFO - Sync 1 DAGs
[2023-05-11T19:24:12.490+0000] {logging_mixin.py:137} INFO - [2023-05-11T19:24:12.490+0000] {dag.py:3441} INFO - Setting next_dagrun for latest_only_with_trigger to 2023-05-11T15:24:12.489722+00:00, run_after=2023-05-11T19:24:12.489722+00:00
[2023-05-11T19:24:12.507+0000] {processor.py:175} INFO - Processing /home/airflow/.local/lib/python3.7/site-packages/airflow/example_dags/example_latest_only_with_trigger.py took 0.085 seconds
[2023-05-11T19:24:42.802+0000] {processor.py:153} INFO - Started process (PID=5347) to work on /home/airflow/.local/lib/python3.7/site-packages/airflow/example_dags/example_latest_only_with_trigger.py
[2023-05-11T19:24:42.803+0000] {processor.py:743} INFO - Processing file /home/airflow/.local/lib/python3.7/site-packages/airflow/example_dags/example_latest_only_with_trigger.py for tasks to queue
[2023-05-11T19:24:42.803+0000] {logging_mixin.py:137} INFO - [2023-05-11T19:24:42.803+0000] {dagbag.py:538} INFO - Filling up the DagBag from /home/airflow/.local/lib/python3.7/site-packages/airflow/example_dags/example_latest_only_with_trigger.py
[2023-05-11T19:24:42.813+0000] {processor.py:753} INFO - DAG(s) dict_keys(['latest_only_with_trigger']) retrieved from /home/airflow/.local/lib/python3.7/site-packages/airflow/example_dags/example_latest_only_with_trigger.py
[2023-05-11T19:24:42.834+0000] {logging_mixin.py:137} INFO - [2023-05-11T19:24:42.834+0000] {dag.py:2690} INFO - Sync 1 DAGs
[2023-05-11T19:24:42.853+0000] {logging_mixin.py:137} INFO - [2023-05-11T19:24:42.853+0000] {dag.py:3441} INFO - Setting next_dagrun for latest_only_with_trigger to 2023-05-11T15:24:42.853059+00:00, run_after=2023-05-11T19:24:42.853059+00:00
[2023-05-11T19:24:42.867+0000] {processor.py:175} INFO - Processing /home/airflow/.local/lib/python3.7/site-packages/airflow/example_dags/example_latest_only_with_trigger.py took 0.067 seconds
[2023-05-11T19:25:28.618+0000] {processor.py:153} INFO - Started process (PID=291) to work on /home/airflow/.local/lib/python3.7/site-packages/airflow/example_dags/example_latest_only_with_trigger.py
[2023-05-11T19:25:28.619+0000] {processor.py:743} INFO - Processing file /home/airflow/.local/lib/python3.7/site-packages/airflow/example_dags/example_latest_only_with_trigger.py for tasks to queue
[2023-05-11T19:25:28.620+0000] {logging_mixin.py:137} INFO - [2023-05-11T19:25:28.620+0000] {dagbag.py:538} INFO - Filling up the DagBag from /home/airflow/.local/lib/python3.7/site-packages/airflow/example_dags/example_latest_only_with_trigger.py
[2023-05-11T19:25:28.637+0000] {processor.py:753} INFO - DAG(s) dict_keys(['latest_only_with_trigger']) retrieved from /home/airflow/.local/lib/python3.7/site-packages/airflow/example_dags/example_latest_only_with_trigger.py
[2023-05-11T19:25:28.650+0000] {logging_mixin.py:137} INFO - [2023-05-11T19:25:28.650+0000] {dag.py:2690} INFO - Sync 1 DAGs
[2023-05-11T19:25:28.680+0000] {logging_mixin.py:137} INFO - [2023-05-11T19:25:28.680+0000] {dag.py:3441} INFO - Setting next_dagrun for latest_only_with_trigger to 2023-05-11T15:25:28.679909+00:00, run_after=2023-05-11T19:25:28.679909+00:00
[2023-05-11T19:25:28.701+0000] {processor.py:175} INFO - Processing /home/airflow/.local/lib/python3.7/site-packages/airflow/example_dags/example_latest_only_with_trigger.py took 0.087 seconds
[2023-05-11T19:25:59.414+0000] {processor.py:153} INFO - Started process (PID=521) to work on /home/airflow/.local/lib/python3.7/site-packages/airflow/example_dags/example_latest_only_with_trigger.py
[2023-05-11T19:25:59.415+0000] {processor.py:743} INFO - Processing file /home/airflow/.local/lib/python3.7/site-packages/airflow/example_dags/example_latest_only_with_trigger.py for tasks to queue
[2023-05-11T19:25:59.415+0000] {logging_mixin.py:137} INFO - [2023-05-11T19:25:59.415+0000] {dagbag.py:538} INFO - Filling up the DagBag from /home/airflow/.local/lib/python3.7/site-packages/airflow/example_dags/example_latest_only_with_trigger.py
[2023-05-11T19:25:59.426+0000] {processor.py:753} INFO - DAG(s) dict_keys(['latest_only_with_trigger']) retrieved from /home/airflow/.local/lib/python3.7/site-packages/airflow/example_dags/example_latest_only_with_trigger.py
[2023-05-11T19:25:59.444+0000] {logging_mixin.py:137} INFO - [2023-05-11T19:25:59.444+0000] {dag.py:2690} INFO - Sync 1 DAGs
[2023-05-11T19:25:59.460+0000] {logging_mixin.py:137} INFO - [2023-05-11T19:25:59.460+0000] {dag.py:3441} INFO - Setting next_dagrun for latest_only_with_trigger to 2023-05-11T15:25:59.460088+00:00, run_after=2023-05-11T19:25:59.460088+00:00
[2023-05-11T19:25:59.472+0000] {processor.py:175} INFO - Processing /home/airflow/.local/lib/python3.7/site-packages/airflow/example_dags/example_latest_only_with_trigger.py took 0.059 seconds
[2023-05-11T19:26:29.744+0000] {processor.py:153} INFO - Started process (PID=769) to work on /home/airflow/.local/lib/python3.7/site-packages/airflow/example_dags/example_latest_only_with_trigger.py
[2023-05-11T19:26:29.745+0000] {processor.py:743} INFO - Processing file /home/airflow/.local/lib/python3.7/site-packages/airflow/example_dags/example_latest_only_with_trigger.py for tasks to queue
[2023-05-11T19:26:29.745+0000] {logging_mixin.py:137} INFO - [2023-05-11T19:26:29.745+0000] {dagbag.py:538} INFO - Filling up the DagBag from /home/airflow/.local/lib/python3.7/site-packages/airflow/example_dags/example_latest_only_with_trigger.py
[2023-05-11T19:26:29.763+0000] {processor.py:753} INFO - DAG(s) dict_keys(['latest_only_with_trigger']) retrieved from /home/airflow/.local/lib/python3.7/site-packages/airflow/example_dags/example_latest_only_with_trigger.py
[2023-05-11T19:26:29.796+0000] {logging_mixin.py:137} INFO - [2023-05-11T19:26:29.796+0000] {dag.py:2690} INFO - Sync 1 DAGs
[2023-05-11T19:26:29.831+0000] {logging_mixin.py:137} INFO - [2023-05-11T19:26:29.830+0000] {dag.py:3441} INFO - Setting next_dagrun for latest_only_with_trigger to 2023-05-11T15:26:29.830436+00:00, run_after=2023-05-11T19:26:29.830436+00:00
[2023-05-11T19:26:29.852+0000] {processor.py:175} INFO - Processing /home/airflow/.local/lib/python3.7/site-packages/airflow/example_dags/example_latest_only_with_trigger.py took 0.112 seconds
[2023-05-11T19:27:00.178+0000] {processor.py:153} INFO - Started process (PID=1003) to work on /home/airflow/.local/lib/python3.7/site-packages/airflow/example_dags/example_latest_only_with_trigger.py
[2023-05-11T19:27:00.179+0000] {processor.py:743} INFO - Processing file /home/airflow/.local/lib/python3.7/site-packages/airflow/example_dags/example_latest_only_with_trigger.py for tasks to queue
[2023-05-11T19:27:00.179+0000] {logging_mixin.py:137} INFO - [2023-05-11T19:27:00.179+0000] {dagbag.py:538} INFO - Filling up the DagBag from /home/airflow/.local/lib/python3.7/site-packages/airflow/example_dags/example_latest_only_with_trigger.py
[2023-05-11T19:27:00.190+0000] {processor.py:753} INFO - DAG(s) dict_keys(['latest_only_with_trigger']) retrieved from /home/airflow/.local/lib/python3.7/site-packages/airflow/example_dags/example_latest_only_with_trigger.py
[2023-05-11T19:27:00.213+0000] {logging_mixin.py:137} INFO - [2023-05-11T19:27:00.213+0000] {dag.py:2690} INFO - Sync 1 DAGs
[2023-05-11T19:27:00.236+0000] {logging_mixin.py:137} INFO - [2023-05-11T19:27:00.236+0000] {dag.py:3441} INFO - Setting next_dagrun for latest_only_with_trigger to 2023-05-11T15:27:00.236339+00:00, run_after=2023-05-11T19:27:00.236339+00:00
[2023-05-11T19:27:00.252+0000] {processor.py:175} INFO - Processing /home/airflow/.local/lib/python3.7/site-packages/airflow/example_dags/example_latest_only_with_trigger.py took 0.077 seconds
[2023-05-11T19:27:30.472+0000] {processor.py:153} INFO - Started process (PID=1249) to work on /home/airflow/.local/lib/python3.7/site-packages/airflow/example_dags/example_latest_only_with_trigger.py
[2023-05-11T19:27:30.472+0000] {processor.py:743} INFO - Processing file /home/airflow/.local/lib/python3.7/site-packages/airflow/example_dags/example_latest_only_with_trigger.py for tasks to queue
[2023-05-11T19:27:30.473+0000] {logging_mixin.py:137} INFO - [2023-05-11T19:27:30.473+0000] {dagbag.py:538} INFO - Filling up the DagBag from /home/airflow/.local/lib/python3.7/site-packages/airflow/example_dags/example_latest_only_with_trigger.py
[2023-05-11T19:27:30.481+0000] {processor.py:753} INFO - DAG(s) dict_keys(['latest_only_with_trigger']) retrieved from /home/airflow/.local/lib/python3.7/site-packages/airflow/example_dags/example_latest_only_with_trigger.py
[2023-05-11T19:27:30.499+0000] {logging_mixin.py:137} INFO - [2023-05-11T19:27:30.499+0000] {dag.py:2690} INFO - Sync 1 DAGs
[2023-05-11T19:27:30.515+0000] {logging_mixin.py:137} INFO - [2023-05-11T19:27:30.515+0000] {dag.py:3441} INFO - Setting next_dagrun for latest_only_with_trigger to 2023-05-11T15:27:30.515268+00:00, run_after=2023-05-11T19:27:30.515268+00:00
[2023-05-11T19:27:30.528+0000] {processor.py:175} INFO - Processing /home/airflow/.local/lib/python3.7/site-packages/airflow/example_dags/example_latest_only_with_trigger.py took 0.059 seconds
[2023-05-11T19:28:01.709+0000] {processor.py:153} INFO - Started process (PID=1481) to work on /home/airflow/.local/lib/python3.7/site-packages/airflow/example_dags/example_latest_only_with_trigger.py
[2023-05-11T19:28:01.709+0000] {processor.py:743} INFO - Processing file /home/airflow/.local/lib/python3.7/site-packages/airflow/example_dags/example_latest_only_with_trigger.py for tasks to queue
[2023-05-11T19:28:01.710+0000] {logging_mixin.py:137} INFO - [2023-05-11T19:28:01.710+0000] {dagbag.py:538} INFO - Filling up the DagBag from /home/airflow/.local/lib/python3.7/site-packages/airflow/example_dags/example_latest_only_with_trigger.py
[2023-05-11T19:28:01.723+0000] {processor.py:753} INFO - DAG(s) dict_keys(['latest_only_with_trigger']) retrieved from /home/airflow/.local/lib/python3.7/site-packages/airflow/example_dags/example_latest_only_with_trigger.py
[2023-05-11T19:28:01.746+0000] {logging_mixin.py:137} INFO - [2023-05-11T19:28:01.746+0000] {dag.py:2690} INFO - Sync 1 DAGs
[2023-05-11T19:28:01.768+0000] {logging_mixin.py:137} INFO - [2023-05-11T19:28:01.767+0000] {dag.py:3441} INFO - Setting next_dagrun for latest_only_with_trigger to 2023-05-11T15:28:01.767749+00:00, run_after=2023-05-11T19:28:01.767749+00:00
[2023-05-11T19:28:01.785+0000] {processor.py:175} INFO - Processing /home/airflow/.local/lib/python3.7/site-packages/airflow/example_dags/example_latest_only_with_trigger.py took 0.079 seconds
[2023-05-11T19:28:31.859+0000] {processor.py:153} INFO - Started process (PID=1729) to work on /home/airflow/.local/lib/python3.7/site-packages/airflow/example_dags/example_latest_only_with_trigger.py
[2023-05-11T19:28:31.860+0000] {processor.py:743} INFO - Processing file /home/airflow/.local/lib/python3.7/site-packages/airflow/example_dags/example_latest_only_with_trigger.py for tasks to queue
[2023-05-11T19:28:31.860+0000] {logging_mixin.py:137} INFO - [2023-05-11T19:28:31.860+0000] {dagbag.py:538} INFO - Filling up the DagBag from /home/airflow/.local/lib/python3.7/site-packages/airflow/example_dags/example_latest_only_with_trigger.py
[2023-05-11T19:28:31.868+0000] {processor.py:753} INFO - DAG(s) dict_keys(['latest_only_with_trigger']) retrieved from /home/airflow/.local/lib/python3.7/site-packages/airflow/example_dags/example_latest_only_with_trigger.py
[2023-05-11T19:28:31.890+0000] {logging_mixin.py:137} INFO - [2023-05-11T19:28:31.890+0000] {dag.py:2690} INFO - Sync 1 DAGs
[2023-05-11T19:28:31.912+0000] {logging_mixin.py:137} INFO - [2023-05-11T19:28:31.912+0000] {dag.py:3441} INFO - Setting next_dagrun for latest_only_with_trigger to 2023-05-11T15:28:31.912228+00:00, run_after=2023-05-11T19:28:31.912228+00:00
[2023-05-11T19:28:31.928+0000] {processor.py:175} INFO - Processing /home/airflow/.local/lib/python3.7/site-packages/airflow/example_dags/example_latest_only_with_trigger.py took 0.070 seconds
[2023-05-11T19:29:02.367+0000] {processor.py:153} INFO - Started process (PID=1964) to work on /home/airflow/.local/lib/python3.7/site-packages/airflow/example_dags/example_latest_only_with_trigger.py
[2023-05-11T19:29:02.368+0000] {processor.py:743} INFO - Processing file /home/airflow/.local/lib/python3.7/site-packages/airflow/example_dags/example_latest_only_with_trigger.py for tasks to queue
[2023-05-11T19:29:02.368+0000] {logging_mixin.py:137} INFO - [2023-05-11T19:29:02.368+0000] {dagbag.py:538} INFO - Filling up the DagBag from /home/airflow/.local/lib/python3.7/site-packages/airflow/example_dags/example_latest_only_with_trigger.py
[2023-05-11T19:29:02.380+0000] {processor.py:753} INFO - DAG(s) dict_keys(['latest_only_with_trigger']) retrieved from /home/airflow/.local/lib/python3.7/site-packages/airflow/example_dags/example_latest_only_with_trigger.py
[2023-05-11T19:29:02.403+0000] {logging_mixin.py:137} INFO - [2023-05-11T19:29:02.403+0000] {dag.py:2690} INFO - Sync 1 DAGs
[2023-05-11T19:29:02.425+0000] {logging_mixin.py:137} INFO - [2023-05-11T19:29:02.425+0000] {dag.py:3441} INFO - Setting next_dagrun for latest_only_with_trigger to 2023-05-11T15:29:02.425213+00:00, run_after=2023-05-11T19:29:02.425213+00:00
[2023-05-11T19:29:02.441+0000] {processor.py:175} INFO - Processing /home/airflow/.local/lib/python3.7/site-packages/airflow/example_dags/example_latest_only_with_trigger.py took 0.077 seconds
[2023-05-11T19:29:32.751+0000] {processor.py:153} INFO - Started process (PID=2212) to work on /home/airflow/.local/lib/python3.7/site-packages/airflow/example_dags/example_latest_only_with_trigger.py
[2023-05-11T19:29:32.751+0000] {processor.py:743} INFO - Processing file /home/airflow/.local/lib/python3.7/site-packages/airflow/example_dags/example_latest_only_with_trigger.py for tasks to queue
[2023-05-11T19:29:32.752+0000] {logging_mixin.py:137} INFO - [2023-05-11T19:29:32.752+0000] {dagbag.py:538} INFO - Filling up the DagBag from /home/airflow/.local/lib/python3.7/site-packages/airflow/example_dags/example_latest_only_with_trigger.py
[2023-05-11T19:29:32.764+0000] {processor.py:753} INFO - DAG(s) dict_keys(['latest_only_with_trigger']) retrieved from /home/airflow/.local/lib/python3.7/site-packages/airflow/example_dags/example_latest_only_with_trigger.py
[2023-05-11T19:29:32.787+0000] {logging_mixin.py:137} INFO - [2023-05-11T19:29:32.787+0000] {dag.py:2690} INFO - Sync 1 DAGs
[2023-05-11T19:29:32.810+0000] {logging_mixin.py:137} INFO - [2023-05-11T19:29:32.810+0000] {dag.py:3441} INFO - Setting next_dagrun for latest_only_with_trigger to 2023-05-11T15:29:32.809896+00:00, run_after=2023-05-11T19:29:32.809896+00:00
[2023-05-11T19:29:32.825+0000] {processor.py:175} INFO - Processing /home/airflow/.local/lib/python3.7/site-packages/airflow/example_dags/example_latest_only_with_trigger.py took 0.077 seconds
[2023-05-11T19:30:03.302+0000] {processor.py:153} INFO - Started process (PID=2444) to work on /home/airflow/.local/lib/python3.7/site-packages/airflow/example_dags/example_latest_only_with_trigger.py
[2023-05-11T19:30:03.302+0000] {processor.py:743} INFO - Processing file /home/airflow/.local/lib/python3.7/site-packages/airflow/example_dags/example_latest_only_with_trigger.py for tasks to queue
[2023-05-11T19:30:03.303+0000] {logging_mixin.py:137} INFO - [2023-05-11T19:30:03.303+0000] {dagbag.py:538} INFO - Filling up the DagBag from /home/airflow/.local/lib/python3.7/site-packages/airflow/example_dags/example_latest_only_with_trigger.py
[2023-05-11T19:30:03.313+0000] {processor.py:753} INFO - DAG(s) dict_keys(['latest_only_with_trigger']) retrieved from /home/airflow/.local/lib/python3.7/site-packages/airflow/example_dags/example_latest_only_with_trigger.py
[2023-05-11T19:30:03.356+0000] {logging_mixin.py:137} INFO - [2023-05-11T19:30:03.355+0000] {dag.py:2690} INFO - Sync 1 DAGs
[2023-05-11T19:30:03.376+0000] {logging_mixin.py:137} INFO - [2023-05-11T19:30:03.376+0000] {dag.py:3441} INFO - Setting next_dagrun for latest_only_with_trigger to 2023-05-11T15:30:03.376015+00:00, run_after=2023-05-11T19:30:03.376015+00:00
[2023-05-11T19:30:03.393+0000] {processor.py:175} INFO - Processing /home/airflow/.local/lib/python3.7/site-packages/airflow/example_dags/example_latest_only_with_trigger.py took 0.094 seconds
[2023-05-11T19:30:33.869+0000] {processor.py:153} INFO - Started process (PID=2692) to work on /home/airflow/.local/lib/python3.7/site-packages/airflow/example_dags/example_latest_only_with_trigger.py
[2023-05-11T19:30:33.870+0000] {processor.py:743} INFO - Processing file /home/airflow/.local/lib/python3.7/site-packages/airflow/example_dags/example_latest_only_with_trigger.py for tasks to queue
[2023-05-11T19:30:33.870+0000] {logging_mixin.py:137} INFO - [2023-05-11T19:30:33.870+0000] {dagbag.py:538} INFO - Filling up the DagBag from /home/airflow/.local/lib/python3.7/site-packages/airflow/example_dags/example_latest_only_with_trigger.py
[2023-05-11T19:30:33.881+0000] {processor.py:753} INFO - DAG(s) dict_keys(['latest_only_with_trigger']) retrieved from /home/airflow/.local/lib/python3.7/site-packages/airflow/example_dags/example_latest_only_with_trigger.py
[2023-05-11T19:30:33.900+0000] {logging_mixin.py:137} INFO - [2023-05-11T19:30:33.900+0000] {dag.py:2690} INFO - Sync 1 DAGs
[2023-05-11T19:30:33.918+0000] {logging_mixin.py:137} INFO - [2023-05-11T19:30:33.918+0000] {dag.py:3441} INFO - Setting next_dagrun for latest_only_with_trigger to 2023-05-11T15:30:33.918332+00:00, run_after=2023-05-11T19:30:33.918332+00:00
[2023-05-11T19:30:33.933+0000] {processor.py:175} INFO - Processing /home/airflow/.local/lib/python3.7/site-packages/airflow/example_dags/example_latest_only_with_trigger.py took 0.066 seconds
[2023-05-11T19:31:04.328+0000] {processor.py:153} INFO - Started process (PID=2924) to work on /home/airflow/.local/lib/python3.7/site-packages/airflow/example_dags/example_latest_only_with_trigger.py
[2023-05-11T19:31:04.329+0000] {processor.py:743} INFO - Processing file /home/airflow/.local/lib/python3.7/site-packages/airflow/example_dags/example_latest_only_with_trigger.py for tasks to queue
[2023-05-11T19:31:04.330+0000] {logging_mixin.py:137} INFO - [2023-05-11T19:31:04.330+0000] {dagbag.py:538} INFO - Filling up the DagBag from /home/airflow/.local/lib/python3.7/site-packages/airflow/example_dags/example_latest_only_with_trigger.py
[2023-05-11T19:31:04.349+0000] {processor.py:753} INFO - DAG(s) dict_keys(['latest_only_with_trigger']) retrieved from /home/airflow/.local/lib/python3.7/site-packages/airflow/example_dags/example_latest_only_with_trigger.py
[2023-05-11T19:31:04.375+0000] {logging_mixin.py:137} INFO - [2023-05-11T19:31:04.375+0000] {dag.py:2690} INFO - Sync 1 DAGs
[2023-05-11T19:31:04.402+0000] {logging_mixin.py:137} INFO - [2023-05-11T19:31:04.402+0000] {dag.py:3441} INFO - Setting next_dagrun for latest_only_with_trigger to 2023-05-11T15:31:04.402529+00:00, run_after=2023-05-11T19:31:04.402529+00:00
[2023-05-11T19:31:04.429+0000] {processor.py:175} INFO - Processing /home/airflow/.local/lib/python3.7/site-packages/airflow/example_dags/example_latest_only_with_trigger.py took 0.104 seconds
[2023-05-11T19:31:34.665+0000] {processor.py:153} INFO - Started process (PID=3172) to work on /home/airflow/.local/lib/python3.7/site-packages/airflow/example_dags/example_latest_only_with_trigger.py
[2023-05-11T19:31:34.666+0000] {processor.py:743} INFO - Processing file /home/airflow/.local/lib/python3.7/site-packages/airflow/example_dags/example_latest_only_with_trigger.py for tasks to queue
[2023-05-11T19:31:34.666+0000] {logging_mixin.py:137} INFO - [2023-05-11T19:31:34.666+0000] {dagbag.py:538} INFO - Filling up the DagBag from /home/airflow/.local/lib/python3.7/site-packages/airflow/example_dags/example_latest_only_with_trigger.py
[2023-05-11T19:31:34.674+0000] {processor.py:753} INFO - DAG(s) dict_keys(['latest_only_with_trigger']) retrieved from /home/airflow/.local/lib/python3.7/site-packages/airflow/example_dags/example_latest_only_with_trigger.py
[2023-05-11T19:31:34.691+0000] {logging_mixin.py:137} INFO - [2023-05-11T19:31:34.691+0000] {dag.py:2690} INFO - Sync 1 DAGs
[2023-05-11T19:31:34.706+0000] {logging_mixin.py:137} INFO - [2023-05-11T19:31:34.706+0000] {dag.py:3441} INFO - Setting next_dagrun for latest_only_with_trigger to 2023-05-11T15:31:34.706742+00:00, run_after=2023-05-11T19:31:34.706742+00:00
[2023-05-11T19:31:34.719+0000] {processor.py:175} INFO - Processing /home/airflow/.local/lib/python3.7/site-packages/airflow/example_dags/example_latest_only_with_trigger.py took 0.056 seconds
[2023-05-11T19:32:05.778+0000] {processor.py:153} INFO - Started process (PID=3404) to work on /home/airflow/.local/lib/python3.7/site-packages/airflow/example_dags/example_latest_only_with_trigger.py
[2023-05-11T19:32:05.778+0000] {processor.py:743} INFO - Processing file /home/airflow/.local/lib/python3.7/site-packages/airflow/example_dags/example_latest_only_with_trigger.py for tasks to queue
[2023-05-11T19:32:05.779+0000] {logging_mixin.py:137} INFO - [2023-05-11T19:32:05.779+0000] {dagbag.py:538} INFO - Filling up the DagBag from /home/airflow/.local/lib/python3.7/site-packages/airflow/example_dags/example_latest_only_with_trigger.py
[2023-05-11T19:32:05.790+0000] {processor.py:753} INFO - DAG(s) dict_keys(['latest_only_with_trigger']) retrieved from /home/airflow/.local/lib/python3.7/site-packages/airflow/example_dags/example_latest_only_with_trigger.py
[2023-05-11T19:32:05.814+0000] {logging_mixin.py:137} INFO - [2023-05-11T19:32:05.814+0000] {dag.py:2690} INFO - Sync 1 DAGs
[2023-05-11T19:32:05.838+0000] {logging_mixin.py:137} INFO - [2023-05-11T19:32:05.838+0000] {dag.py:3441} INFO - Setting next_dagrun for latest_only_with_trigger to 2023-05-11T15:32:05.838417+00:00, run_after=2023-05-11T19:32:05.838417+00:00
[2023-05-11T19:32:05.856+0000] {processor.py:175} INFO - Processing /home/airflow/.local/lib/python3.7/site-packages/airflow/example_dags/example_latest_only_with_trigger.py took 0.081 seconds
[2023-05-11T19:32:36.220+0000] {processor.py:153} INFO - Started process (PID=3651) to work on /home/airflow/.local/lib/python3.7/site-packages/airflow/example_dags/example_latest_only_with_trigger.py
[2023-05-11T19:32:36.220+0000] {processor.py:743} INFO - Processing file /home/airflow/.local/lib/python3.7/site-packages/airflow/example_dags/example_latest_only_with_trigger.py for tasks to queue
[2023-05-11T19:32:36.221+0000] {logging_mixin.py:137} INFO - [2023-05-11T19:32:36.221+0000] {dagbag.py:538} INFO - Filling up the DagBag from /home/airflow/.local/lib/python3.7/site-packages/airflow/example_dags/example_latest_only_with_trigger.py
[2023-05-11T19:32:36.232+0000] {processor.py:753} INFO - DAG(s) dict_keys(['latest_only_with_trigger']) retrieved from /home/airflow/.local/lib/python3.7/site-packages/airflow/example_dags/example_latest_only_with_trigger.py
[2023-05-11T19:32:36.261+0000] {logging_mixin.py:137} INFO - [2023-05-11T19:32:36.260+0000] {dag.py:2690} INFO - Sync 1 DAGs
[2023-05-11T19:32:36.286+0000] {logging_mixin.py:137} INFO - [2023-05-11T19:32:36.286+0000] {dag.py:3441} INFO - Setting next_dagrun for latest_only_with_trigger to 2023-05-11T15:32:36.286468+00:00, run_after=2023-05-11T19:32:36.286468+00:00
[2023-05-11T19:32:36.302+0000] {processor.py:175} INFO - Processing /home/airflow/.local/lib/python3.7/site-packages/airflow/example_dags/example_latest_only_with_trigger.py took 0.085 seconds
[2023-05-11T19:33:06.668+0000] {processor.py:153} INFO - Started process (PID=3883) to work on /home/airflow/.local/lib/python3.7/site-packages/airflow/example_dags/example_latest_only_with_trigger.py
[2023-05-11T19:33:06.668+0000] {processor.py:743} INFO - Processing file /home/airflow/.local/lib/python3.7/site-packages/airflow/example_dags/example_latest_only_with_trigger.py for tasks to queue
[2023-05-11T19:33:06.669+0000] {logging_mixin.py:137} INFO - [2023-05-11T19:33:06.669+0000] {dagbag.py:538} INFO - Filling up the DagBag from /home/airflow/.local/lib/python3.7/site-packages/airflow/example_dags/example_latest_only_with_trigger.py
[2023-05-11T19:33:06.680+0000] {processor.py:753} INFO - DAG(s) dict_keys(['latest_only_with_trigger']) retrieved from /home/airflow/.local/lib/python3.7/site-packages/airflow/example_dags/example_latest_only_with_trigger.py
[2023-05-11T19:33:06.703+0000] {logging_mixin.py:137} INFO - [2023-05-11T19:33:06.702+0000] {dag.py:2690} INFO - Sync 1 DAGs
[2023-05-11T19:33:06.725+0000] {logging_mixin.py:137} INFO - [2023-05-11T19:33:06.725+0000] {dag.py:3441} INFO - Setting next_dagrun for latest_only_with_trigger to 2023-05-11T15:33:06.724911+00:00, run_after=2023-05-11T19:33:06.724911+00:00
[2023-05-11T19:33:06.742+0000] {processor.py:175} INFO - Processing /home/airflow/.local/lib/python3.7/site-packages/airflow/example_dags/example_latest_only_with_trigger.py took 0.077 seconds
[2023-05-11T19:33:37.493+0000] {processor.py:153} INFO - Started process (PID=4133) to work on /home/airflow/.local/lib/python3.7/site-packages/airflow/example_dags/example_latest_only_with_trigger.py
[2023-05-11T19:33:37.493+0000] {processor.py:743} INFO - Processing file /home/airflow/.local/lib/python3.7/site-packages/airflow/example_dags/example_latest_only_with_trigger.py for tasks to queue
[2023-05-11T19:33:37.494+0000] {logging_mixin.py:137} INFO - [2023-05-11T19:33:37.494+0000] {dagbag.py:538} INFO - Filling up the DagBag from /home/airflow/.local/lib/python3.7/site-packages/airflow/example_dags/example_latest_only_with_trigger.py
[2023-05-11T19:33:37.506+0000] {processor.py:753} INFO - DAG(s) dict_keys(['latest_only_with_trigger']) retrieved from /home/airflow/.local/lib/python3.7/site-packages/airflow/example_dags/example_latest_only_with_trigger.py
[2023-05-11T19:33:37.533+0000] {logging_mixin.py:137} INFO - [2023-05-11T19:33:37.533+0000] {dag.py:2690} INFO - Sync 1 DAGs
[2023-05-11T19:33:37.565+0000] {logging_mixin.py:137} INFO - [2023-05-11T19:33:37.565+0000] {dag.py:3441} INFO - Setting next_dagrun for latest_only_with_trigger to 2023-05-11T15:33:37.564858+00:00, run_after=2023-05-11T19:33:37.564858+00:00
[2023-05-11T19:33:37.585+0000] {processor.py:175} INFO - Processing /home/airflow/.local/lib/python3.7/site-packages/airflow/example_dags/example_latest_only_with_trigger.py took 0.094 seconds
[2023-05-11T19:35:11.114+0000] {processor.py:153} INFO - Started process (PID=291) to work on /home/airflow/.local/lib/python3.7/site-packages/airflow/example_dags/example_latest_only_with_trigger.py
[2023-05-11T19:35:11.115+0000] {processor.py:743} INFO - Processing file /home/airflow/.local/lib/python3.7/site-packages/airflow/example_dags/example_latest_only_with_trigger.py for tasks to queue
[2023-05-11T19:35:11.115+0000] {logging_mixin.py:137} INFO - [2023-05-11T19:35:11.115+0000] {dagbag.py:538} INFO - Filling up the DagBag from /home/airflow/.local/lib/python3.7/site-packages/airflow/example_dags/example_latest_only_with_trigger.py
[2023-05-11T19:35:11.124+0000] {processor.py:753} INFO - DAG(s) dict_keys(['latest_only_with_trigger']) retrieved from /home/airflow/.local/lib/python3.7/site-packages/airflow/example_dags/example_latest_only_with_trigger.py
[2023-05-11T19:35:11.133+0000] {logging_mixin.py:137} INFO - [2023-05-11T19:35:11.133+0000] {dag.py:2690} INFO - Sync 1 DAGs
[2023-05-11T19:35:11.150+0000] {logging_mixin.py:137} INFO - [2023-05-11T19:35:11.150+0000] {dag.py:3441} INFO - Setting next_dagrun for latest_only_with_trigger to 2023-05-11T15:35:11.150538+00:00, run_after=2023-05-11T19:35:11.150538+00:00
[2023-05-11T19:35:11.162+0000] {processor.py:175} INFO - Processing /home/airflow/.local/lib/python3.7/site-packages/airflow/example_dags/example_latest_only_with_trigger.py took 0.050 seconds
[2023-05-11T19:35:41.936+0000] {processor.py:153} INFO - Started process (PID=521) to work on /home/airflow/.local/lib/python3.7/site-packages/airflow/example_dags/example_latest_only_with_trigger.py
[2023-05-11T19:35:41.937+0000] {processor.py:743} INFO - Processing file /home/airflow/.local/lib/python3.7/site-packages/airflow/example_dags/example_latest_only_with_trigger.py for tasks to queue
[2023-05-11T19:35:41.937+0000] {logging_mixin.py:137} INFO - [2023-05-11T19:35:41.937+0000] {dagbag.py:538} INFO - Filling up the DagBag from /home/airflow/.local/lib/python3.7/site-packages/airflow/example_dags/example_latest_only_with_trigger.py
[2023-05-11T19:35:41.947+0000] {processor.py:753} INFO - DAG(s) dict_keys(['latest_only_with_trigger']) retrieved from /home/airflow/.local/lib/python3.7/site-packages/airflow/example_dags/example_latest_only_with_trigger.py
[2023-05-11T19:35:41.965+0000] {logging_mixin.py:137} INFO - [2023-05-11T19:35:41.965+0000] {dag.py:2690} INFO - Sync 1 DAGs
[2023-05-11T19:35:41.985+0000] {logging_mixin.py:137} INFO - [2023-05-11T19:35:41.984+0000] {dag.py:3441} INFO - Setting next_dagrun for latest_only_with_trigger to 2023-05-11T15:35:41.984518+00:00, run_after=2023-05-11T19:35:41.984518+00:00
[2023-05-11T19:35:41.997+0000] {processor.py:175} INFO - Processing /home/airflow/.local/lib/python3.7/site-packages/airflow/example_dags/example_latest_only_with_trigger.py took 0.063 seconds
