[2023-05-11T18:58:40.933+0000] {processor.py:153} INFO - Started process (PID=374) to work on /home/airflow/.local/lib/python3.7/site-packages/airflow/example_dags/example_branch_python_dop_operator_3.py
[2023-05-11T18:58:40.933+0000] {processor.py:743} INFO - Processing file /home/airflow/.local/lib/python3.7/site-packages/airflow/example_dags/example_branch_python_dop_operator_3.py for tasks to queue
[2023-05-11T18:58:40.933+0000] {logging_mixin.py:137} INFO - [2023-05-11T18:58:40.933+0000] {dagbag.py:538} INFO - Filling up the DagBag from /home/airflow/.local/lib/python3.7/site-packages/airflow/example_dags/example_branch_python_dop_operator_3.py
[2023-05-11T18:58:40.951+0000] {processor.py:753} INFO - DAG(s) dict_keys(['example_branch_dop_operator_v3']) retrieved from /home/airflow/.local/lib/python3.7/site-packages/airflow/example_dags/example_branch_python_dop_operator_3.py
[2023-05-11T18:58:40.960+0000] {logging_mixin.py:137} INFO - [2023-05-11T18:58:40.960+0000] {dag.py:2690} INFO - Sync 1 DAGs
[2023-05-11T18:58:40.983+0000] {logging_mixin.py:137} INFO - [2023-05-11T18:58:40.983+0000] {dag.py:3441} INFO - Setting next_dagrun for example_branch_dop_operator_v3 to 2023-05-11T18:57:00+00:00, run_after=2023-05-11T18:58:00+00:00
[2023-05-11T18:58:40.996+0000] {processor.py:175} INFO - Processing /home/airflow/.local/lib/python3.7/site-packages/airflow/example_dags/example_branch_python_dop_operator_3.py took 0.065 seconds
[2023-05-11T18:59:11.708+0000] {processor.py:153} INFO - Started process (PID=606) to work on /home/airflow/.local/lib/python3.7/site-packages/airflow/example_dags/example_branch_python_dop_operator_3.py
[2023-05-11T18:59:11.708+0000] {processor.py:743} INFO - Processing file /home/airflow/.local/lib/python3.7/site-packages/airflow/example_dags/example_branch_python_dop_operator_3.py for tasks to queue
[2023-05-11T18:59:11.708+0000] {logging_mixin.py:137} INFO - [2023-05-11T18:59:11.708+0000] {dagbag.py:538} INFO - Filling up the DagBag from /home/airflow/.local/lib/python3.7/site-packages/airflow/example_dags/example_branch_python_dop_operator_3.py
[2023-05-11T18:59:11.723+0000] {processor.py:753} INFO - DAG(s) dict_keys(['example_branch_dop_operator_v3']) retrieved from /home/airflow/.local/lib/python3.7/site-packages/airflow/example_dags/example_branch_python_dop_operator_3.py
[2023-05-11T18:59:11.740+0000] {logging_mixin.py:137} INFO - [2023-05-11T18:59:11.740+0000] {dag.py:2690} INFO - Sync 1 DAGs
[2023-05-11T18:59:11.759+0000] {logging_mixin.py:137} INFO - [2023-05-11T18:59:11.759+0000] {dag.py:3441} INFO - Setting next_dagrun for example_branch_dop_operator_v3 to 2023-05-11T18:58:00+00:00, run_after=2023-05-11T18:59:00+00:00
[2023-05-11T18:59:11.771+0000] {processor.py:175} INFO - Processing /home/airflow/.local/lib/python3.7/site-packages/airflow/example_dags/example_branch_python_dop_operator_3.py took 0.065 seconds
[2023-05-11T18:59:42.664+0000] {processor.py:153} INFO - Started process (PID=856) to work on /home/airflow/.local/lib/python3.7/site-packages/airflow/example_dags/example_branch_python_dop_operator_3.py
[2023-05-11T18:59:42.665+0000] {processor.py:743} INFO - Processing file /home/airflow/.local/lib/python3.7/site-packages/airflow/example_dags/example_branch_python_dop_operator_3.py for tasks to queue
[2023-05-11T18:59:42.665+0000] {logging_mixin.py:137} INFO - [2023-05-11T18:59:42.665+0000] {dagbag.py:538} INFO - Filling up the DagBag from /home/airflow/.local/lib/python3.7/site-packages/airflow/example_dags/example_branch_python_dop_operator_3.py
[2023-05-11T18:59:42.682+0000] {processor.py:753} INFO - DAG(s) dict_keys(['example_branch_dop_operator_v3']) retrieved from /home/airflow/.local/lib/python3.7/site-packages/airflow/example_dags/example_branch_python_dop_operator_3.py
[2023-05-11T18:59:42.698+0000] {logging_mixin.py:137} INFO - [2023-05-11T18:59:42.698+0000] {dag.py:2690} INFO - Sync 1 DAGs
[2023-05-11T18:59:42.715+0000] {logging_mixin.py:137} INFO - [2023-05-11T18:59:42.715+0000] {dag.py:3441} INFO - Setting next_dagrun for example_branch_dop_operator_v3 to 2023-05-11T18:58:00+00:00, run_after=2023-05-11T18:59:00+00:00
[2023-05-11T18:59:42.726+0000] {processor.py:175} INFO - Processing /home/airflow/.local/lib/python3.7/site-packages/airflow/example_dags/example_branch_python_dop_operator_3.py took 0.064 seconds
[2023-05-11T19:00:14.040+0000] {processor.py:153} INFO - Started process (PID=1105) to work on /home/airflow/.local/lib/python3.7/site-packages/airflow/example_dags/example_branch_python_dop_operator_3.py
[2023-05-11T19:00:14.040+0000] {processor.py:743} INFO - Processing file /home/airflow/.local/lib/python3.7/site-packages/airflow/example_dags/example_branch_python_dop_operator_3.py for tasks to queue
[2023-05-11T19:00:14.041+0000] {logging_mixin.py:137} INFO - [2023-05-11T19:00:14.041+0000] {dagbag.py:538} INFO - Filling up the DagBag from /home/airflow/.local/lib/python3.7/site-packages/airflow/example_dags/example_branch_python_dop_operator_3.py
[2023-05-11T19:00:14.065+0000] {processor.py:753} INFO - DAG(s) dict_keys(['example_branch_dop_operator_v3']) retrieved from /home/airflow/.local/lib/python3.7/site-packages/airflow/example_dags/example_branch_python_dop_operator_3.py
[2023-05-11T19:00:14.089+0000] {logging_mixin.py:137} INFO - [2023-05-11T19:00:14.089+0000] {dag.py:2690} INFO - Sync 1 DAGs
[2023-05-11T19:00:14.118+0000] {logging_mixin.py:137} INFO - [2023-05-11T19:00:14.118+0000] {dag.py:3441} INFO - Setting next_dagrun for example_branch_dop_operator_v3 to 2023-05-11T18:59:00+00:00, run_after=2023-05-11T19:00:00+00:00
[2023-05-11T19:00:14.132+0000] {processor.py:175} INFO - Processing /home/airflow/.local/lib/python3.7/site-packages/airflow/example_dags/example_branch_python_dop_operator_3.py took 0.095 seconds
[2023-05-11T19:00:44.477+0000] {processor.py:153} INFO - Started process (PID=1335) to work on /home/airflow/.local/lib/python3.7/site-packages/airflow/example_dags/example_branch_python_dop_operator_3.py
[2023-05-11T19:00:44.478+0000] {processor.py:743} INFO - Processing file /home/airflow/.local/lib/python3.7/site-packages/airflow/example_dags/example_branch_python_dop_operator_3.py for tasks to queue
[2023-05-11T19:00:44.479+0000] {logging_mixin.py:137} INFO - [2023-05-11T19:00:44.479+0000] {dagbag.py:538} INFO - Filling up the DagBag from /home/airflow/.local/lib/python3.7/site-packages/airflow/example_dags/example_branch_python_dop_operator_3.py
[2023-05-11T19:00:44.504+0000] {processor.py:753} INFO - DAG(s) dict_keys(['example_branch_dop_operator_v3']) retrieved from /home/airflow/.local/lib/python3.7/site-packages/airflow/example_dags/example_branch_python_dop_operator_3.py
[2023-05-11T19:00:44.533+0000] {logging_mixin.py:137} INFO - [2023-05-11T19:00:44.533+0000] {dag.py:2690} INFO - Sync 1 DAGs
[2023-05-11T19:00:44.566+0000] {logging_mixin.py:137} INFO - [2023-05-11T19:00:44.565+0000] {dag.py:3441} INFO - Setting next_dagrun for example_branch_dop_operator_v3 to 2023-05-11T18:59:00+00:00, run_after=2023-05-11T19:00:00+00:00
[2023-05-11T19:00:44.581+0000] {processor.py:175} INFO - Processing /home/airflow/.local/lib/python3.7/site-packages/airflow/example_dags/example_branch_python_dop_operator_3.py took 0.106 seconds
[2023-05-11T19:01:15.014+0000] {processor.py:153} INFO - Started process (PID=1586) to work on /home/airflow/.local/lib/python3.7/site-packages/airflow/example_dags/example_branch_python_dop_operator_3.py
[2023-05-11T19:01:15.015+0000] {processor.py:743} INFO - Processing file /home/airflow/.local/lib/python3.7/site-packages/airflow/example_dags/example_branch_python_dop_operator_3.py for tasks to queue
[2023-05-11T19:01:15.015+0000] {logging_mixin.py:137} INFO - [2023-05-11T19:01:15.015+0000] {dagbag.py:538} INFO - Filling up the DagBag from /home/airflow/.local/lib/python3.7/site-packages/airflow/example_dags/example_branch_python_dop_operator_3.py
[2023-05-11T19:01:15.030+0000] {processor.py:753} INFO - DAG(s) dict_keys(['example_branch_dop_operator_v3']) retrieved from /home/airflow/.local/lib/python3.7/site-packages/airflow/example_dags/example_branch_python_dop_operator_3.py
[2023-05-11T19:01:15.051+0000] {logging_mixin.py:137} INFO - [2023-05-11T19:01:15.051+0000] {dag.py:2690} INFO - Sync 1 DAGs
[2023-05-11T19:01:15.073+0000] {logging_mixin.py:137} INFO - [2023-05-11T19:01:15.073+0000] {dag.py:3441} INFO - Setting next_dagrun for example_branch_dop_operator_v3 to 2023-05-11T19:00:00+00:00, run_after=2023-05-11T19:01:00+00:00
[2023-05-11T19:01:15.084+0000] {processor.py:175} INFO - Processing /home/airflow/.local/lib/python3.7/site-packages/airflow/example_dags/example_branch_python_dop_operator_3.py took 0.072 seconds
[2023-05-11T19:01:45.611+0000] {processor.py:153} INFO - Started process (PID=1816) to work on /home/airflow/.local/lib/python3.7/site-packages/airflow/example_dags/example_branch_python_dop_operator_3.py
[2023-05-11T19:01:45.612+0000] {processor.py:743} INFO - Processing file /home/airflow/.local/lib/python3.7/site-packages/airflow/example_dags/example_branch_python_dop_operator_3.py for tasks to queue
[2023-05-11T19:01:45.612+0000] {logging_mixin.py:137} INFO - [2023-05-11T19:01:45.612+0000] {dagbag.py:538} INFO - Filling up the DagBag from /home/airflow/.local/lib/python3.7/site-packages/airflow/example_dags/example_branch_python_dop_operator_3.py
[2023-05-11T19:01:45.628+0000] {processor.py:753} INFO - DAG(s) dict_keys(['example_branch_dop_operator_v3']) retrieved from /home/airflow/.local/lib/python3.7/site-packages/airflow/example_dags/example_branch_python_dop_operator_3.py
[2023-05-11T19:01:45.645+0000] {logging_mixin.py:137} INFO - [2023-05-11T19:01:45.645+0000] {dag.py:2690} INFO - Sync 1 DAGs
[2023-05-11T19:01:45.666+0000] {logging_mixin.py:137} INFO - [2023-05-11T19:01:45.666+0000] {dag.py:3441} INFO - Setting next_dagrun for example_branch_dop_operator_v3 to 2023-05-11T19:00:00+00:00, run_after=2023-05-11T19:01:00+00:00
[2023-05-11T19:01:45.679+0000] {processor.py:175} INFO - Processing /home/airflow/.local/lib/python3.7/site-packages/airflow/example_dags/example_branch_python_dop_operator_3.py took 0.070 seconds
[2023-05-11T19:02:16.420+0000] {processor.py:153} INFO - Started process (PID=2064) to work on /home/airflow/.local/lib/python3.7/site-packages/airflow/example_dags/example_branch_python_dop_operator_3.py
[2023-05-11T19:02:16.421+0000] {processor.py:743} INFO - Processing file /home/airflow/.local/lib/python3.7/site-packages/airflow/example_dags/example_branch_python_dop_operator_3.py for tasks to queue
[2023-05-11T19:02:16.421+0000] {logging_mixin.py:137} INFO - [2023-05-11T19:02:16.421+0000] {dagbag.py:538} INFO - Filling up the DagBag from /home/airflow/.local/lib/python3.7/site-packages/airflow/example_dags/example_branch_python_dop_operator_3.py
[2023-05-11T19:02:16.437+0000] {processor.py:753} INFO - DAG(s) dict_keys(['example_branch_dop_operator_v3']) retrieved from /home/airflow/.local/lib/python3.7/site-packages/airflow/example_dags/example_branch_python_dop_operator_3.py
[2023-05-11T19:02:16.457+0000] {logging_mixin.py:137} INFO - [2023-05-11T19:02:16.457+0000] {dag.py:2690} INFO - Sync 1 DAGs
[2023-05-11T19:02:16.479+0000] {logging_mixin.py:137} INFO - [2023-05-11T19:02:16.479+0000] {dag.py:3441} INFO - Setting next_dagrun for example_branch_dop_operator_v3 to 2023-05-11T19:01:00+00:00, run_after=2023-05-11T19:02:00+00:00
[2023-05-11T19:02:16.494+0000] {processor.py:175} INFO - Processing /home/airflow/.local/lib/python3.7/site-packages/airflow/example_dags/example_branch_python_dop_operator_3.py took 0.076 seconds
[2023-05-11T19:03:26.343+0000] {processor.py:153} INFO - Started process (PID=376) to work on /home/airflow/.local/lib/python3.7/site-packages/airflow/example_dags/example_branch_python_dop_operator_3.py
[2023-05-11T19:03:26.343+0000] {processor.py:743} INFO - Processing file /home/airflow/.local/lib/python3.7/site-packages/airflow/example_dags/example_branch_python_dop_operator_3.py for tasks to queue
[2023-05-11T19:03:26.344+0000] {logging_mixin.py:137} INFO - [2023-05-11T19:03:26.344+0000] {dagbag.py:538} INFO - Filling up the DagBag from /home/airflow/.local/lib/python3.7/site-packages/airflow/example_dags/example_branch_python_dop_operator_3.py
[2023-05-11T19:03:26.362+0000] {processor.py:753} INFO - DAG(s) dict_keys(['example_branch_dop_operator_v3']) retrieved from /home/airflow/.local/lib/python3.7/site-packages/airflow/example_dags/example_branch_python_dop_operator_3.py
[2023-05-11T19:03:26.371+0000] {logging_mixin.py:137} INFO - [2023-05-11T19:03:26.371+0000] {dag.py:2690} INFO - Sync 1 DAGs
[2023-05-11T19:03:26.395+0000] {logging_mixin.py:137} INFO - [2023-05-11T19:03:26.395+0000] {dag.py:3441} INFO - Setting next_dagrun for example_branch_dop_operator_v3 to 2023-05-11T19:02:00+00:00, run_after=2023-05-11T19:03:00+00:00
[2023-05-11T19:03:26.407+0000] {processor.py:175} INFO - Processing /home/airflow/.local/lib/python3.7/site-packages/airflow/example_dags/example_branch_python_dop_operator_3.py took 0.067 seconds
[2023-05-11T19:03:56.728+0000] {processor.py:153} INFO - Started process (PID=606) to work on /home/airflow/.local/lib/python3.7/site-packages/airflow/example_dags/example_branch_python_dop_operator_3.py
[2023-05-11T19:03:56.729+0000] {processor.py:743} INFO - Processing file /home/airflow/.local/lib/python3.7/site-packages/airflow/example_dags/example_branch_python_dop_operator_3.py for tasks to queue
[2023-05-11T19:03:56.729+0000] {logging_mixin.py:137} INFO - [2023-05-11T19:03:56.729+0000] {dagbag.py:538} INFO - Filling up the DagBag from /home/airflow/.local/lib/python3.7/site-packages/airflow/example_dags/example_branch_python_dop_operator_3.py
[2023-05-11T19:03:56.757+0000] {processor.py:753} INFO - DAG(s) dict_keys(['example_branch_dop_operator_v3']) retrieved from /home/airflow/.local/lib/python3.7/site-packages/airflow/example_dags/example_branch_python_dop_operator_3.py
[2023-05-11T19:03:56.779+0000] {logging_mixin.py:137} INFO - [2023-05-11T19:03:56.779+0000] {dag.py:2690} INFO - Sync 1 DAGs
[2023-05-11T19:03:56.816+0000] {logging_mixin.py:137} INFO - [2023-05-11T19:03:56.816+0000] {dag.py:3441} INFO - Setting next_dagrun for example_branch_dop_operator_v3 to 2023-05-11T19:02:00+00:00, run_after=2023-05-11T19:03:00+00:00
[2023-05-11T19:03:56.833+0000] {processor.py:175} INFO - Processing /home/airflow/.local/lib/python3.7/site-packages/airflow/example_dags/example_branch_python_dop_operator_3.py took 0.109 seconds
[2023-05-11T19:04:27.451+0000] {processor.py:153} INFO - Started process (PID=854) to work on /home/airflow/.local/lib/python3.7/site-packages/airflow/example_dags/example_branch_python_dop_operator_3.py
[2023-05-11T19:04:27.451+0000] {processor.py:743} INFO - Processing file /home/airflow/.local/lib/python3.7/site-packages/airflow/example_dags/example_branch_python_dop_operator_3.py for tasks to queue
[2023-05-11T19:04:27.453+0000] {logging_mixin.py:137} INFO - [2023-05-11T19:04:27.453+0000] {dagbag.py:538} INFO - Filling up the DagBag from /home/airflow/.local/lib/python3.7/site-packages/airflow/example_dags/example_branch_python_dop_operator_3.py
[2023-05-11T19:04:27.475+0000] {processor.py:753} INFO - DAG(s) dict_keys(['example_branch_dop_operator_v3']) retrieved from /home/airflow/.local/lib/python3.7/site-packages/airflow/example_dags/example_branch_python_dop_operator_3.py
[2023-05-11T19:04:27.500+0000] {logging_mixin.py:137} INFO - [2023-05-11T19:04:27.500+0000] {dag.py:2690} INFO - Sync 1 DAGs
[2023-05-11T19:04:27.529+0000] {logging_mixin.py:137} INFO - [2023-05-11T19:04:27.529+0000] {dag.py:3441} INFO - Setting next_dagrun for example_branch_dop_operator_v3 to 2023-05-11T19:03:00+00:00, run_after=2023-05-11T19:04:00+00:00
[2023-05-11T19:04:27.547+0000] {processor.py:175} INFO - Processing /home/airflow/.local/lib/python3.7/site-packages/airflow/example_dags/example_branch_python_dop_operator_3.py took 0.100 seconds
[2023-05-11T19:04:57.826+0000] {processor.py:153} INFO - Started process (PID=1086) to work on /home/airflow/.local/lib/python3.7/site-packages/airflow/example_dags/example_branch_python_dop_operator_3.py
[2023-05-11T19:04:57.826+0000] {processor.py:743} INFO - Processing file /home/airflow/.local/lib/python3.7/site-packages/airflow/example_dags/example_branch_python_dop_operator_3.py for tasks to queue
[2023-05-11T19:04:57.827+0000] {logging_mixin.py:137} INFO - [2023-05-11T19:04:57.827+0000] {dagbag.py:538} INFO - Filling up the DagBag from /home/airflow/.local/lib/python3.7/site-packages/airflow/example_dags/example_branch_python_dop_operator_3.py
[2023-05-11T19:04:57.847+0000] {processor.py:753} INFO - DAG(s) dict_keys(['example_branch_dop_operator_v3']) retrieved from /home/airflow/.local/lib/python3.7/site-packages/airflow/example_dags/example_branch_python_dop_operator_3.py
[2023-05-11T19:04:57.869+0000] {logging_mixin.py:137} INFO - [2023-05-11T19:04:57.869+0000] {dag.py:2690} INFO - Sync 1 DAGs
[2023-05-11T19:04:57.901+0000] {logging_mixin.py:137} INFO - [2023-05-11T19:04:57.900+0000] {dag.py:3441} INFO - Setting next_dagrun for example_branch_dop_operator_v3 to 2023-05-11T19:03:00+00:00, run_after=2023-05-11T19:04:00+00:00
[2023-05-11T19:04:57.920+0000] {processor.py:175} INFO - Processing /home/airflow/.local/lib/python3.7/site-packages/airflow/example_dags/example_branch_python_dop_operator_3.py took 0.097 seconds
[2023-05-11T19:05:27.998+0000] {processor.py:153} INFO - Started process (PID=1334) to work on /home/airflow/.local/lib/python3.7/site-packages/airflow/example_dags/example_branch_python_dop_operator_3.py
[2023-05-11T19:05:27.999+0000] {processor.py:743} INFO - Processing file /home/airflow/.local/lib/python3.7/site-packages/airflow/example_dags/example_branch_python_dop_operator_3.py for tasks to queue
[2023-05-11T19:05:27.999+0000] {logging_mixin.py:137} INFO - [2023-05-11T19:05:27.999+0000] {dagbag.py:538} INFO - Filling up the DagBag from /home/airflow/.local/lib/python3.7/site-packages/airflow/example_dags/example_branch_python_dop_operator_3.py
[2023-05-11T19:05:28.013+0000] {processor.py:753} INFO - DAG(s) dict_keys(['example_branch_dop_operator_v3']) retrieved from /home/airflow/.local/lib/python3.7/site-packages/airflow/example_dags/example_branch_python_dop_operator_3.py
[2023-05-11T19:05:28.032+0000] {logging_mixin.py:137} INFO - [2023-05-11T19:05:28.032+0000] {dag.py:2690} INFO - Sync 1 DAGs
[2023-05-11T19:05:28.051+0000] {logging_mixin.py:137} INFO - [2023-05-11T19:05:28.051+0000] {dag.py:3441} INFO - Setting next_dagrun for example_branch_dop_operator_v3 to 2023-05-11T19:04:00+00:00, run_after=2023-05-11T19:05:00+00:00
[2023-05-11T19:05:28.062+0000] {processor.py:175} INFO - Processing /home/airflow/.local/lib/python3.7/site-packages/airflow/example_dags/example_branch_python_dop_operator_3.py took 0.065 seconds
[2023-05-11T19:05:59.076+0000] {processor.py:153} INFO - Started process (PID=1566) to work on /home/airflow/.local/lib/python3.7/site-packages/airflow/example_dags/example_branch_python_dop_operator_3.py
[2023-05-11T19:05:59.076+0000] {processor.py:743} INFO - Processing file /home/airflow/.local/lib/python3.7/site-packages/airflow/example_dags/example_branch_python_dop_operator_3.py for tasks to queue
[2023-05-11T19:05:59.076+0000] {logging_mixin.py:137} INFO - [2023-05-11T19:05:59.076+0000] {dagbag.py:538} INFO - Filling up the DagBag from /home/airflow/.local/lib/python3.7/site-packages/airflow/example_dags/example_branch_python_dop_operator_3.py
[2023-05-11T19:05:59.093+0000] {processor.py:753} INFO - DAG(s) dict_keys(['example_branch_dop_operator_v3']) retrieved from /home/airflow/.local/lib/python3.7/site-packages/airflow/example_dags/example_branch_python_dop_operator_3.py
[2023-05-11T19:05:59.110+0000] {logging_mixin.py:137} INFO - [2023-05-11T19:05:59.110+0000] {dag.py:2690} INFO - Sync 1 DAGs
[2023-05-11T19:05:59.130+0000] {logging_mixin.py:137} INFO - [2023-05-11T19:05:59.130+0000] {dag.py:3441} INFO - Setting next_dagrun for example_branch_dop_operator_v3 to 2023-05-11T19:04:00+00:00, run_after=2023-05-11T19:05:00+00:00
[2023-05-11T19:05:59.144+0000] {processor.py:175} INFO - Processing /home/airflow/.local/lib/python3.7/site-packages/airflow/example_dags/example_branch_python_dop_operator_3.py took 0.070 seconds
[2023-05-11T19:06:29.760+0000] {processor.py:153} INFO - Started process (PID=1814) to work on /home/airflow/.local/lib/python3.7/site-packages/airflow/example_dags/example_branch_python_dop_operator_3.py
[2023-05-11T19:06:29.760+0000] {processor.py:743} INFO - Processing file /home/airflow/.local/lib/python3.7/site-packages/airflow/example_dags/example_branch_python_dop_operator_3.py for tasks to queue
[2023-05-11T19:06:29.761+0000] {logging_mixin.py:137} INFO - [2023-05-11T19:06:29.761+0000] {dagbag.py:538} INFO - Filling up the DagBag from /home/airflow/.local/lib/python3.7/site-packages/airflow/example_dags/example_branch_python_dop_operator_3.py
[2023-05-11T19:06:29.775+0000] {processor.py:753} INFO - DAG(s) dict_keys(['example_branch_dop_operator_v3']) retrieved from /home/airflow/.local/lib/python3.7/site-packages/airflow/example_dags/example_branch_python_dop_operator_3.py
[2023-05-11T19:06:29.792+0000] {logging_mixin.py:137} INFO - [2023-05-11T19:06:29.791+0000] {dag.py:2690} INFO - Sync 1 DAGs
[2023-05-11T19:06:29.811+0000] {logging_mixin.py:137} INFO - [2023-05-11T19:06:29.811+0000] {dag.py:3441} INFO - Setting next_dagrun for example_branch_dop_operator_v3 to 2023-05-11T19:05:00+00:00, run_after=2023-05-11T19:06:00+00:00
[2023-05-11T19:06:29.823+0000] {processor.py:175} INFO - Processing /home/airflow/.local/lib/python3.7/site-packages/airflow/example_dags/example_branch_python_dop_operator_3.py took 0.065 seconds
[2023-05-11T19:07:00.134+0000] {processor.py:153} INFO - Started process (PID=2046) to work on /home/airflow/.local/lib/python3.7/site-packages/airflow/example_dags/example_branch_python_dop_operator_3.py
[2023-05-11T19:07:00.135+0000] {processor.py:743} INFO - Processing file /home/airflow/.local/lib/python3.7/site-packages/airflow/example_dags/example_branch_python_dop_operator_3.py for tasks to queue
[2023-05-11T19:07:00.136+0000] {logging_mixin.py:137} INFO - [2023-05-11T19:07:00.136+0000] {dagbag.py:538} INFO - Filling up the DagBag from /home/airflow/.local/lib/python3.7/site-packages/airflow/example_dags/example_branch_python_dop_operator_3.py
[2023-05-11T19:07:00.157+0000] {processor.py:753} INFO - DAG(s) dict_keys(['example_branch_dop_operator_v3']) retrieved from /home/airflow/.local/lib/python3.7/site-packages/airflow/example_dags/example_branch_python_dop_operator_3.py
[2023-05-11T19:07:00.183+0000] {logging_mixin.py:137} INFO - [2023-05-11T19:07:00.182+0000] {dag.py:2690} INFO - Sync 1 DAGs
[2023-05-11T19:07:00.215+0000] {logging_mixin.py:137} INFO - [2023-05-11T19:07:00.214+0000] {dag.py:3441} INFO - Setting next_dagrun for example_branch_dop_operator_v3 to 2023-05-11T19:06:00+00:00, run_after=2023-05-11T19:07:00+00:00
[2023-05-11T19:07:00.231+0000] {processor.py:175} INFO - Processing /home/airflow/.local/lib/python3.7/site-packages/airflow/example_dags/example_branch_python_dop_operator_3.py took 0.099 seconds
[2023-05-11T19:07:30.670+0000] {processor.py:153} INFO - Started process (PID=2294) to work on /home/airflow/.local/lib/python3.7/site-packages/airflow/example_dags/example_branch_python_dop_operator_3.py
[2023-05-11T19:07:30.671+0000] {processor.py:743} INFO - Processing file /home/airflow/.local/lib/python3.7/site-packages/airflow/example_dags/example_branch_python_dop_operator_3.py for tasks to queue
[2023-05-11T19:07:30.671+0000] {logging_mixin.py:137} INFO - [2023-05-11T19:07:30.671+0000] {dagbag.py:538} INFO - Filling up the DagBag from /home/airflow/.local/lib/python3.7/site-packages/airflow/example_dags/example_branch_python_dop_operator_3.py
[2023-05-11T19:07:30.692+0000] {processor.py:753} INFO - DAG(s) dict_keys(['example_branch_dop_operator_v3']) retrieved from /home/airflow/.local/lib/python3.7/site-packages/airflow/example_dags/example_branch_python_dop_operator_3.py
[2023-05-11T19:07:30.718+0000] {logging_mixin.py:137} INFO - [2023-05-11T19:07:30.718+0000] {dag.py:2690} INFO - Sync 1 DAGs
[2023-05-11T19:07:30.744+0000] {logging_mixin.py:137} INFO - [2023-05-11T19:07:30.744+0000] {dag.py:3441} INFO - Setting next_dagrun for example_branch_dop_operator_v3 to 2023-05-11T19:06:00+00:00, run_after=2023-05-11T19:07:00+00:00
[2023-05-11T19:07:30.760+0000] {processor.py:175} INFO - Processing /home/airflow/.local/lib/python3.7/site-packages/airflow/example_dags/example_branch_python_dop_operator_3.py took 0.093 seconds
[2023-05-11T19:08:00.952+0000] {processor.py:153} INFO - Started process (PID=2527) to work on /home/airflow/.local/lib/python3.7/site-packages/airflow/example_dags/example_branch_python_dop_operator_3.py
[2023-05-11T19:08:00.953+0000] {processor.py:743} INFO - Processing file /home/airflow/.local/lib/python3.7/site-packages/airflow/example_dags/example_branch_python_dop_operator_3.py for tasks to queue
[2023-05-11T19:08:00.953+0000] {logging_mixin.py:137} INFO - [2023-05-11T19:08:00.953+0000] {dagbag.py:538} INFO - Filling up the DagBag from /home/airflow/.local/lib/python3.7/site-packages/airflow/example_dags/example_branch_python_dop_operator_3.py
[2023-05-11T19:08:00.975+0000] {processor.py:753} INFO - DAG(s) dict_keys(['example_branch_dop_operator_v3']) retrieved from /home/airflow/.local/lib/python3.7/site-packages/airflow/example_dags/example_branch_python_dop_operator_3.py
[2023-05-11T19:08:00.999+0000] {logging_mixin.py:137} INFO - [2023-05-11T19:08:00.999+0000] {dag.py:2690} INFO - Sync 1 DAGs
[2023-05-11T19:08:01.027+0000] {logging_mixin.py:137} INFO - [2023-05-11T19:08:01.027+0000] {dag.py:3441} INFO - Setting next_dagrun for example_branch_dop_operator_v3 to 2023-05-11T19:07:00+00:00, run_after=2023-05-11T19:08:00+00:00
[2023-05-11T19:08:01.045+0000] {processor.py:175} INFO - Processing /home/airflow/.local/lib/python3.7/site-packages/airflow/example_dags/example_branch_python_dop_operator_3.py took 0.095 seconds
[2023-05-11T19:09:22.437+0000] {processor.py:153} INFO - Started process (PID=377) to work on /home/airflow/.local/lib/python3.7/site-packages/airflow/example_dags/example_branch_python_dop_operator_3.py
[2023-05-11T19:09:22.437+0000] {processor.py:743} INFO - Processing file /home/airflow/.local/lib/python3.7/site-packages/airflow/example_dags/example_branch_python_dop_operator_3.py for tasks to queue
[2023-05-11T19:09:22.438+0000] {logging_mixin.py:137} INFO - [2023-05-11T19:09:22.438+0000] {dagbag.py:538} INFO - Filling up the DagBag from /home/airflow/.local/lib/python3.7/site-packages/airflow/example_dags/example_branch_python_dop_operator_3.py
[2023-05-11T19:09:22.453+0000] {processor.py:753} INFO - DAG(s) dict_keys(['example_branch_dop_operator_v3']) retrieved from /home/airflow/.local/lib/python3.7/site-packages/airflow/example_dags/example_branch_python_dop_operator_3.py
[2023-05-11T19:09:22.462+0000] {logging_mixin.py:137} INFO - [2023-05-11T19:09:22.462+0000] {dag.py:2690} INFO - Sync 1 DAGs
[2023-05-11T19:09:22.483+0000] {logging_mixin.py:137} INFO - [2023-05-11T19:09:22.483+0000] {dag.py:3441} INFO - Setting next_dagrun for example_branch_dop_operator_v3 to 2023-05-11T19:08:00+00:00, run_after=2023-05-11T19:09:00+00:00
[2023-05-11T19:09:22.496+0000] {processor.py:175} INFO - Processing /home/airflow/.local/lib/python3.7/site-packages/airflow/example_dags/example_branch_python_dop_operator_3.py took 0.061 seconds
[2023-05-11T19:09:53.480+0000] {processor.py:153} INFO - Started process (PID=607) to work on /home/airflow/.local/lib/python3.7/site-packages/airflow/example_dags/example_branch_python_dop_operator_3.py
[2023-05-11T19:09:53.481+0000] {processor.py:743} INFO - Processing file /home/airflow/.local/lib/python3.7/site-packages/airflow/example_dags/example_branch_python_dop_operator_3.py for tasks to queue
[2023-05-11T19:09:53.481+0000] {logging_mixin.py:137} INFO - [2023-05-11T19:09:53.481+0000] {dagbag.py:538} INFO - Filling up the DagBag from /home/airflow/.local/lib/python3.7/site-packages/airflow/example_dags/example_branch_python_dop_operator_3.py
[2023-05-11T19:09:53.496+0000] {processor.py:753} INFO - DAG(s) dict_keys(['example_branch_dop_operator_v3']) retrieved from /home/airflow/.local/lib/python3.7/site-packages/airflow/example_dags/example_branch_python_dop_operator_3.py
[2023-05-11T19:09:53.517+0000] {logging_mixin.py:137} INFO - [2023-05-11T19:09:53.517+0000] {dag.py:2690} INFO - Sync 1 DAGs
[2023-05-11T19:09:53.540+0000] {logging_mixin.py:137} INFO - [2023-05-11T19:09:53.540+0000] {dag.py:3441} INFO - Setting next_dagrun for example_branch_dop_operator_v3 to 2023-05-11T19:08:00+00:00, run_after=2023-05-11T19:09:00+00:00
[2023-05-11T19:09:53.553+0000] {processor.py:175} INFO - Processing /home/airflow/.local/lib/python3.7/site-packages/airflow/example_dags/example_branch_python_dop_operator_3.py took 0.075 seconds
[2023-05-11T19:10:23.588+0000] {processor.py:153} INFO - Started process (PID=855) to work on /home/airflow/.local/lib/python3.7/site-packages/airflow/example_dags/example_branch_python_dop_operator_3.py
[2023-05-11T19:10:23.588+0000] {processor.py:743} INFO - Processing file /home/airflow/.local/lib/python3.7/site-packages/airflow/example_dags/example_branch_python_dop_operator_3.py for tasks to queue
[2023-05-11T19:10:23.589+0000] {logging_mixin.py:137} INFO - [2023-05-11T19:10:23.588+0000] {dagbag.py:538} INFO - Filling up the DagBag from /home/airflow/.local/lib/python3.7/site-packages/airflow/example_dags/example_branch_python_dop_operator_3.py
[2023-05-11T19:10:23.607+0000] {processor.py:753} INFO - DAG(s) dict_keys(['example_branch_dop_operator_v3']) retrieved from /home/airflow/.local/lib/python3.7/site-packages/airflow/example_dags/example_branch_python_dop_operator_3.py
[2023-05-11T19:10:23.628+0000] {logging_mixin.py:137} INFO - [2023-05-11T19:10:23.628+0000] {dag.py:2690} INFO - Sync 1 DAGs
[2023-05-11T19:10:23.650+0000] {logging_mixin.py:137} INFO - [2023-05-11T19:10:23.650+0000] {dag.py:3441} INFO - Setting next_dagrun for example_branch_dop_operator_v3 to 2023-05-11T19:09:00+00:00, run_after=2023-05-11T19:10:00+00:00
[2023-05-11T19:10:23.664+0000] {processor.py:175} INFO - Processing /home/airflow/.local/lib/python3.7/site-packages/airflow/example_dags/example_branch_python_dop_operator_3.py took 0.078 seconds
[2023-05-11T19:10:54.090+0000] {processor.py:153} INFO - Started process (PID=1089) to work on /home/airflow/.local/lib/python3.7/site-packages/airflow/example_dags/example_branch_python_dop_operator_3.py
[2023-05-11T19:10:54.091+0000] {processor.py:743} INFO - Processing file /home/airflow/.local/lib/python3.7/site-packages/airflow/example_dags/example_branch_python_dop_operator_3.py for tasks to queue
[2023-05-11T19:10:54.091+0000] {logging_mixin.py:137} INFO - [2023-05-11T19:10:54.091+0000] {dagbag.py:538} INFO - Filling up the DagBag from /home/airflow/.local/lib/python3.7/site-packages/airflow/example_dags/example_branch_python_dop_operator_3.py
[2023-05-11T19:10:54.105+0000] {processor.py:753} INFO - DAG(s) dict_keys(['example_branch_dop_operator_v3']) retrieved from /home/airflow/.local/lib/python3.7/site-packages/airflow/example_dags/example_branch_python_dop_operator_3.py
[2023-05-11T19:10:54.120+0000] {logging_mixin.py:137} INFO - [2023-05-11T19:10:54.120+0000] {dag.py:2690} INFO - Sync 1 DAGs
[2023-05-11T19:10:54.137+0000] {logging_mixin.py:137} INFO - [2023-05-11T19:10:54.137+0000] {dag.py:3441} INFO - Setting next_dagrun for example_branch_dop_operator_v3 to 2023-05-11T19:09:00+00:00, run_after=2023-05-11T19:10:00+00:00
[2023-05-11T19:10:54.148+0000] {processor.py:175} INFO - Processing /home/airflow/.local/lib/python3.7/site-packages/airflow/example_dags/example_branch_python_dop_operator_3.py took 0.059 seconds
[2023-05-11T19:11:25.060+0000] {processor.py:153} INFO - Started process (PID=1335) to work on /home/airflow/.local/lib/python3.7/site-packages/airflow/example_dags/example_branch_python_dop_operator_3.py
[2023-05-11T19:11:25.061+0000] {processor.py:743} INFO - Processing file /home/airflow/.local/lib/python3.7/site-packages/airflow/example_dags/example_branch_python_dop_operator_3.py for tasks to queue
[2023-05-11T19:11:25.061+0000] {logging_mixin.py:137} INFO - [2023-05-11T19:11:25.061+0000] {dagbag.py:538} INFO - Filling up the DagBag from /home/airflow/.local/lib/python3.7/site-packages/airflow/example_dags/example_branch_python_dop_operator_3.py
[2023-05-11T19:11:25.083+0000] {processor.py:753} INFO - DAG(s) dict_keys(['example_branch_dop_operator_v3']) retrieved from /home/airflow/.local/lib/python3.7/site-packages/airflow/example_dags/example_branch_python_dop_operator_3.py
[2023-05-11T19:11:25.105+0000] {logging_mixin.py:137} INFO - [2023-05-11T19:11:25.105+0000] {dag.py:2690} INFO - Sync 1 DAGs
[2023-05-11T19:11:25.133+0000] {logging_mixin.py:137} INFO - [2023-05-11T19:11:25.133+0000] {dag.py:3441} INFO - Setting next_dagrun for example_branch_dop_operator_v3 to 2023-05-11T19:10:00+00:00, run_after=2023-05-11T19:11:00+00:00
[2023-05-11T19:11:25.150+0000] {processor.py:175} INFO - Processing /home/airflow/.local/lib/python3.7/site-packages/airflow/example_dags/example_branch_python_dop_operator_3.py took 0.092 seconds
[2023-05-11T19:14:01.683+0000] {processor.py:153} INFO - Started process (PID=376) to work on /home/airflow/.local/lib/python3.7/site-packages/airflow/example_dags/example_branch_python_dop_operator_3.py
[2023-05-11T19:14:01.684+0000] {processor.py:743} INFO - Processing file /home/airflow/.local/lib/python3.7/site-packages/airflow/example_dags/example_branch_python_dop_operator_3.py for tasks to queue
[2023-05-11T19:14:01.684+0000] {logging_mixin.py:137} INFO - [2023-05-11T19:14:01.684+0000] {dagbag.py:538} INFO - Filling up the DagBag from /home/airflow/.local/lib/python3.7/site-packages/airflow/example_dags/example_branch_python_dop_operator_3.py
[2023-05-11T19:14:01.701+0000] {processor.py:753} INFO - DAG(s) dict_keys(['example_branch_dop_operator_v3']) retrieved from /home/airflow/.local/lib/python3.7/site-packages/airflow/example_dags/example_branch_python_dop_operator_3.py
[2023-05-11T19:14:01.710+0000] {logging_mixin.py:137} INFO - [2023-05-11T19:14:01.710+0000] {dag.py:2690} INFO - Sync 1 DAGs
[2023-05-11T19:14:01.730+0000] {logging_mixin.py:137} INFO - [2023-05-11T19:14:01.730+0000] {dag.py:3441} INFO - Setting next_dagrun for example_branch_dop_operator_v3 to 2023-05-11T19:13:00+00:00, run_after=2023-05-11T19:14:00+00:00
[2023-05-11T19:14:01.742+0000] {processor.py:175} INFO - Processing /home/airflow/.local/lib/python3.7/site-packages/airflow/example_dags/example_branch_python_dop_operator_3.py took 0.061 seconds
[2023-05-11T19:14:32.947+0000] {processor.py:153} INFO - Started process (PID=608) to work on /home/airflow/.local/lib/python3.7/site-packages/airflow/example_dags/example_branch_python_dop_operator_3.py
[2023-05-11T19:14:32.948+0000] {processor.py:743} INFO - Processing file /home/airflow/.local/lib/python3.7/site-packages/airflow/example_dags/example_branch_python_dop_operator_3.py for tasks to queue
[2023-05-11T19:14:32.948+0000] {logging_mixin.py:137} INFO - [2023-05-11T19:14:32.948+0000] {dagbag.py:538} INFO - Filling up the DagBag from /home/airflow/.local/lib/python3.7/site-packages/airflow/example_dags/example_branch_python_dop_operator_3.py
[2023-05-11T19:14:32.968+0000] {processor.py:753} INFO - DAG(s) dict_keys(['example_branch_dop_operator_v3']) retrieved from /home/airflow/.local/lib/python3.7/site-packages/airflow/example_dags/example_branch_python_dop_operator_3.py
[2023-05-11T19:14:32.990+0000] {logging_mixin.py:137} INFO - [2023-05-11T19:14:32.990+0000] {dag.py:2690} INFO - Sync 1 DAGs
[2023-05-11T19:14:33.017+0000] {logging_mixin.py:137} INFO - [2023-05-11T19:14:33.017+0000] {dag.py:3441} INFO - Setting next_dagrun for example_branch_dop_operator_v3 to 2023-05-11T19:13:00+00:00, run_after=2023-05-11T19:14:00+00:00
[2023-05-11T19:14:33.033+0000] {processor.py:175} INFO - Processing /home/airflow/.local/lib/python3.7/site-packages/airflow/example_dags/example_branch_python_dop_operator_3.py took 0.089 seconds
[2023-05-11T19:15:03.935+0000] {processor.py:153} INFO - Started process (PID=856) to work on /home/airflow/.local/lib/python3.7/site-packages/airflow/example_dags/example_branch_python_dop_operator_3.py
[2023-05-11T19:15:03.935+0000] {processor.py:743} INFO - Processing file /home/airflow/.local/lib/python3.7/site-packages/airflow/example_dags/example_branch_python_dop_operator_3.py for tasks to queue
[2023-05-11T19:15:03.936+0000] {logging_mixin.py:137} INFO - [2023-05-11T19:15:03.936+0000] {dagbag.py:538} INFO - Filling up the DagBag from /home/airflow/.local/lib/python3.7/site-packages/airflow/example_dags/example_branch_python_dop_operator_3.py
[2023-05-11T19:15:03.950+0000] {processor.py:753} INFO - DAG(s) dict_keys(['example_branch_dop_operator_v3']) retrieved from /home/airflow/.local/lib/python3.7/site-packages/airflow/example_dags/example_branch_python_dop_operator_3.py
[2023-05-11T19:15:03.967+0000] {logging_mixin.py:137} INFO - [2023-05-11T19:15:03.967+0000] {dag.py:2690} INFO - Sync 1 DAGs
[2023-05-11T19:15:03.988+0000] {logging_mixin.py:137} INFO - [2023-05-11T19:15:03.988+0000] {dag.py:3441} INFO - Setting next_dagrun for example_branch_dop_operator_v3 to 2023-05-11T19:14:00+00:00, run_after=2023-05-11T19:15:00+00:00
[2023-05-11T19:15:04.001+0000] {processor.py:175} INFO - Processing /home/airflow/.local/lib/python3.7/site-packages/airflow/example_dags/example_branch_python_dop_operator_3.py took 0.068 seconds
[2023-05-11T19:15:34.250+0000] {processor.py:153} INFO - Started process (PID=1088) to work on /home/airflow/.local/lib/python3.7/site-packages/airflow/example_dags/example_branch_python_dop_operator_3.py
[2023-05-11T19:15:34.251+0000] {processor.py:743} INFO - Processing file /home/airflow/.local/lib/python3.7/site-packages/airflow/example_dags/example_branch_python_dop_operator_3.py for tasks to queue
[2023-05-11T19:15:34.251+0000] {logging_mixin.py:137} INFO - [2023-05-11T19:15:34.251+0000] {dagbag.py:538} INFO - Filling up the DagBag from /home/airflow/.local/lib/python3.7/site-packages/airflow/example_dags/example_branch_python_dop_operator_3.py
[2023-05-11T19:15:34.272+0000] {processor.py:753} INFO - DAG(s) dict_keys(['example_branch_dop_operator_v3']) retrieved from /home/airflow/.local/lib/python3.7/site-packages/airflow/example_dags/example_branch_python_dop_operator_3.py
[2023-05-11T19:15:34.295+0000] {logging_mixin.py:137} INFO - [2023-05-11T19:15:34.295+0000] {dag.py:2690} INFO - Sync 1 DAGs
[2023-05-11T19:15:34.322+0000] {logging_mixin.py:137} INFO - [2023-05-11T19:15:34.321+0000] {dag.py:3441} INFO - Setting next_dagrun for example_branch_dop_operator_v3 to 2023-05-11T19:14:00+00:00, run_after=2023-05-11T19:15:00+00:00
[2023-05-11T19:15:34.338+0000] {processor.py:175} INFO - Processing /home/airflow/.local/lib/python3.7/site-packages/airflow/example_dags/example_branch_python_dop_operator_3.py took 0.090 seconds
[2023-05-11T19:16:04.694+0000] {processor.py:153} INFO - Started process (PID=1336) to work on /home/airflow/.local/lib/python3.7/site-packages/airflow/example_dags/example_branch_python_dop_operator_3.py
[2023-05-11T19:16:04.695+0000] {processor.py:743} INFO - Processing file /home/airflow/.local/lib/python3.7/site-packages/airflow/example_dags/example_branch_python_dop_operator_3.py for tasks to queue
[2023-05-11T19:16:04.695+0000] {logging_mixin.py:137} INFO - [2023-05-11T19:16:04.695+0000] {dagbag.py:538} INFO - Filling up the DagBag from /home/airflow/.local/lib/python3.7/site-packages/airflow/example_dags/example_branch_python_dop_operator_3.py
[2023-05-11T19:16:04.715+0000] {processor.py:753} INFO - DAG(s) dict_keys(['example_branch_dop_operator_v3']) retrieved from /home/airflow/.local/lib/python3.7/site-packages/airflow/example_dags/example_branch_python_dop_operator_3.py
[2023-05-11T19:16:04.738+0000] {logging_mixin.py:137} INFO - [2023-05-11T19:16:04.738+0000] {dag.py:2690} INFO - Sync 1 DAGs
[2023-05-11T19:16:04.765+0000] {logging_mixin.py:137} INFO - [2023-05-11T19:16:04.765+0000] {dag.py:3441} INFO - Setting next_dagrun for example_branch_dop_operator_v3 to 2023-05-11T19:15:00+00:00, run_after=2023-05-11T19:16:00+00:00
[2023-05-11T19:16:04.782+0000] {processor.py:175} INFO - Processing /home/airflow/.local/lib/python3.7/site-packages/airflow/example_dags/example_branch_python_dop_operator_3.py took 0.090 seconds
[2023-05-11T19:16:34.834+0000] {processor.py:153} INFO - Started process (PID=1576) to work on /home/airflow/.local/lib/python3.7/site-packages/airflow/example_dags/example_branch_python_dop_operator_3.py
[2023-05-11T19:16:34.834+0000] {processor.py:743} INFO - Processing file /home/airflow/.local/lib/python3.7/site-packages/airflow/example_dags/example_branch_python_dop_operator_3.py for tasks to queue
[2023-05-11T19:16:34.835+0000] {logging_mixin.py:137} INFO - [2023-05-11T19:16:34.834+0000] {dagbag.py:538} INFO - Filling up the DagBag from /home/airflow/.local/lib/python3.7/site-packages/airflow/example_dags/example_branch_python_dop_operator_3.py
[2023-05-11T19:16:34.850+0000] {processor.py:753} INFO - DAG(s) dict_keys(['example_branch_dop_operator_v3']) retrieved from /home/airflow/.local/lib/python3.7/site-packages/airflow/example_dags/example_branch_python_dop_operator_3.py
[2023-05-11T19:16:34.866+0000] {logging_mixin.py:137} INFO - [2023-05-11T19:16:34.866+0000] {dag.py:2690} INFO - Sync 1 DAGs
[2023-05-11T19:16:34.884+0000] {logging_mixin.py:137} INFO - [2023-05-11T19:16:34.884+0000] {dag.py:3441} INFO - Setting next_dagrun for example_branch_dop_operator_v3 to 2023-05-11T19:15:00+00:00, run_after=2023-05-11T19:16:00+00:00
[2023-05-11T19:16:34.895+0000] {processor.py:175} INFO - Processing /home/airflow/.local/lib/python3.7/site-packages/airflow/example_dags/example_branch_python_dop_operator_3.py took 0.063 seconds
[2023-05-11T19:17:05.941+0000] {processor.py:153} INFO - Started process (PID=1814) to work on /home/airflow/.local/lib/python3.7/site-packages/airflow/example_dags/example_branch_python_dop_operator_3.py
[2023-05-11T19:17:05.942+0000] {processor.py:743} INFO - Processing file /home/airflow/.local/lib/python3.7/site-packages/airflow/example_dags/example_branch_python_dop_operator_3.py for tasks to queue
[2023-05-11T19:17:05.942+0000] {logging_mixin.py:137} INFO - [2023-05-11T19:17:05.942+0000] {dagbag.py:538} INFO - Filling up the DagBag from /home/airflow/.local/lib/python3.7/site-packages/airflow/example_dags/example_branch_python_dop_operator_3.py
[2023-05-11T19:17:05.962+0000] {processor.py:753} INFO - DAG(s) dict_keys(['example_branch_dop_operator_v3']) retrieved from /home/airflow/.local/lib/python3.7/site-packages/airflow/example_dags/example_branch_python_dop_operator_3.py
[2023-05-11T19:17:05.986+0000] {logging_mixin.py:137} INFO - [2023-05-11T19:17:05.986+0000] {dag.py:2690} INFO - Sync 1 DAGs
[2023-05-11T19:17:06.012+0000] {logging_mixin.py:137} INFO - [2023-05-11T19:17:06.012+0000] {dag.py:3441} INFO - Setting next_dagrun for example_branch_dop_operator_v3 to 2023-05-11T19:16:00+00:00, run_after=2023-05-11T19:17:00+00:00
[2023-05-11T19:17:06.030+0000] {processor.py:175} INFO - Processing /home/airflow/.local/lib/python3.7/site-packages/airflow/example_dags/example_branch_python_dop_operator_3.py took 0.092 seconds
[2023-05-11T19:17:36.678+0000] {processor.py:153} INFO - Started process (PID=2069) to work on /home/airflow/.local/lib/python3.7/site-packages/airflow/example_dags/example_branch_python_dop_operator_3.py
[2023-05-11T19:17:36.679+0000] {processor.py:743} INFO - Processing file /home/airflow/.local/lib/python3.7/site-packages/airflow/example_dags/example_branch_python_dop_operator_3.py for tasks to queue
[2023-05-11T19:17:36.679+0000] {logging_mixin.py:137} INFO - [2023-05-11T19:17:36.679+0000] {dagbag.py:538} INFO - Filling up the DagBag from /home/airflow/.local/lib/python3.7/site-packages/airflow/example_dags/example_branch_python_dop_operator_3.py
[2023-05-11T19:17:36.700+0000] {processor.py:753} INFO - DAG(s) dict_keys(['example_branch_dop_operator_v3']) retrieved from /home/airflow/.local/lib/python3.7/site-packages/airflow/example_dags/example_branch_python_dop_operator_3.py
[2023-05-11T19:17:36.720+0000] {logging_mixin.py:137} INFO - [2023-05-11T19:17:36.720+0000] {dag.py:2690} INFO - Sync 1 DAGs
[2023-05-11T19:17:36.740+0000] {logging_mixin.py:137} INFO - [2023-05-11T19:17:36.740+0000] {dag.py:3441} INFO - Setting next_dagrun for example_branch_dop_operator_v3 to 2023-05-11T19:16:00+00:00, run_after=2023-05-11T19:17:00+00:00
[2023-05-11T19:17:36.752+0000] {processor.py:175} INFO - Processing /home/airflow/.local/lib/python3.7/site-packages/airflow/example_dags/example_branch_python_dop_operator_3.py took 0.076 seconds
[2023-05-11T19:18:07.624+0000] {processor.py:153} INFO - Started process (PID=2301) to work on /home/airflow/.local/lib/python3.7/site-packages/airflow/example_dags/example_branch_python_dop_operator_3.py
[2023-05-11T19:18:07.624+0000] {processor.py:743} INFO - Processing file /home/airflow/.local/lib/python3.7/site-packages/airflow/example_dags/example_branch_python_dop_operator_3.py for tasks to queue
[2023-05-11T19:18:07.625+0000] {logging_mixin.py:137} INFO - [2023-05-11T19:18:07.625+0000] {dagbag.py:538} INFO - Filling up the DagBag from /home/airflow/.local/lib/python3.7/site-packages/airflow/example_dags/example_branch_python_dop_operator_3.py
[2023-05-11T19:18:07.646+0000] {processor.py:753} INFO - DAG(s) dict_keys(['example_branch_dop_operator_v3']) retrieved from /home/airflow/.local/lib/python3.7/site-packages/airflow/example_dags/example_branch_python_dop_operator_3.py
[2023-05-11T19:18:07.668+0000] {logging_mixin.py:137} INFO - [2023-05-11T19:18:07.668+0000] {dag.py:2690} INFO - Sync 1 DAGs
[2023-05-11T19:18:07.695+0000] {logging_mixin.py:137} INFO - [2023-05-11T19:18:07.695+0000] {dag.py:3441} INFO - Setting next_dagrun for example_branch_dop_operator_v3 to 2023-05-11T19:17:00+00:00, run_after=2023-05-11T19:18:00+00:00
[2023-05-11T19:18:07.713+0000] {processor.py:175} INFO - Processing /home/airflow/.local/lib/python3.7/site-packages/airflow/example_dags/example_branch_python_dop_operator_3.py took 0.091 seconds
[2023-05-11T19:18:38.372+0000] {processor.py:153} INFO - Started process (PID=2552) to work on /home/airflow/.local/lib/python3.7/site-packages/airflow/example_dags/example_branch_python_dop_operator_3.py
[2023-05-11T19:18:38.372+0000] {processor.py:743} INFO - Processing file /home/airflow/.local/lib/python3.7/site-packages/airflow/example_dags/example_branch_python_dop_operator_3.py for tasks to queue
[2023-05-11T19:18:38.373+0000] {logging_mixin.py:137} INFO - [2023-05-11T19:18:38.372+0000] {dagbag.py:538} INFO - Filling up the DagBag from /home/airflow/.local/lib/python3.7/site-packages/airflow/example_dags/example_branch_python_dop_operator_3.py
[2023-05-11T19:18:38.388+0000] {processor.py:753} INFO - DAG(s) dict_keys(['example_branch_dop_operator_v3']) retrieved from /home/airflow/.local/lib/python3.7/site-packages/airflow/example_dags/example_branch_python_dop_operator_3.py
[2023-05-11T19:18:38.405+0000] {logging_mixin.py:137} INFO - [2023-05-11T19:18:38.405+0000] {dag.py:2690} INFO - Sync 1 DAGs
[2023-05-11T19:18:38.427+0000] {logging_mixin.py:137} INFO - [2023-05-11T19:18:38.427+0000] {dag.py:3441} INFO - Setting next_dagrun for example_branch_dop_operator_v3 to 2023-05-11T19:17:00+00:00, run_after=2023-05-11T19:18:00+00:00
[2023-05-11T19:18:38.438+0000] {processor.py:175} INFO - Processing /home/airflow/.local/lib/python3.7/site-packages/airflow/example_dags/example_branch_python_dop_operator_3.py took 0.069 seconds
[2023-05-11T19:19:08.691+0000] {processor.py:153} INFO - Started process (PID=2782) to work on /home/airflow/.local/lib/python3.7/site-packages/airflow/example_dags/example_branch_python_dop_operator_3.py
[2023-05-11T19:19:08.692+0000] {processor.py:743} INFO - Processing file /home/airflow/.local/lib/python3.7/site-packages/airflow/example_dags/example_branch_python_dop_operator_3.py for tasks to queue
[2023-05-11T19:19:08.692+0000] {logging_mixin.py:137} INFO - [2023-05-11T19:19:08.692+0000] {dagbag.py:538} INFO - Filling up the DagBag from /home/airflow/.local/lib/python3.7/site-packages/airflow/example_dags/example_branch_python_dop_operator_3.py
[2023-05-11T19:19:08.713+0000] {processor.py:753} INFO - DAG(s) dict_keys(['example_branch_dop_operator_v3']) retrieved from /home/airflow/.local/lib/python3.7/site-packages/airflow/example_dags/example_branch_python_dop_operator_3.py
[2023-05-11T19:19:08.735+0000] {logging_mixin.py:137} INFO - [2023-05-11T19:19:08.735+0000] {dag.py:2690} INFO - Sync 1 DAGs
[2023-05-11T19:19:08.761+0000] {logging_mixin.py:137} INFO - [2023-05-11T19:19:08.761+0000] {dag.py:3441} INFO - Setting next_dagrun for example_branch_dop_operator_v3 to 2023-05-11T19:18:00+00:00, run_after=2023-05-11T19:19:00+00:00
[2023-05-11T19:19:08.778+0000] {processor.py:175} INFO - Processing /home/airflow/.local/lib/python3.7/site-packages/airflow/example_dags/example_branch_python_dop_operator_3.py took 0.090 seconds
[2023-05-11T19:19:39.515+0000] {processor.py:153} INFO - Started process (PID=3032) to work on /home/airflow/.local/lib/python3.7/site-packages/airflow/example_dags/example_branch_python_dop_operator_3.py
[2023-05-11T19:19:39.516+0000] {processor.py:743} INFO - Processing file /home/airflow/.local/lib/python3.7/site-packages/airflow/example_dags/example_branch_python_dop_operator_3.py for tasks to queue
[2023-05-11T19:19:39.516+0000] {logging_mixin.py:137} INFO - [2023-05-11T19:19:39.516+0000] {dagbag.py:538} INFO - Filling up the DagBag from /home/airflow/.local/lib/python3.7/site-packages/airflow/example_dags/example_branch_python_dop_operator_3.py
[2023-05-11T19:19:39.537+0000] {processor.py:753} INFO - DAG(s) dict_keys(['example_branch_dop_operator_v3']) retrieved from /home/airflow/.local/lib/python3.7/site-packages/airflow/example_dags/example_branch_python_dop_operator_3.py
[2023-05-11T19:19:39.562+0000] {logging_mixin.py:137} INFO - [2023-05-11T19:19:39.562+0000] {dag.py:2690} INFO - Sync 1 DAGs
[2023-05-11T19:19:39.593+0000] {logging_mixin.py:137} INFO - [2023-05-11T19:19:39.593+0000] {dag.py:3441} INFO - Setting next_dagrun for example_branch_dop_operator_v3 to 2023-05-11T19:18:00+00:00, run_after=2023-05-11T19:19:00+00:00
[2023-05-11T19:19:39.610+0000] {processor.py:175} INFO - Processing /home/airflow/.local/lib/python3.7/site-packages/airflow/example_dags/example_branch_python_dop_operator_3.py took 0.097 seconds
[2023-05-11T19:20:09.905+0000] {processor.py:153} INFO - Started process (PID=3267) to work on /home/airflow/.local/lib/python3.7/site-packages/airflow/example_dags/example_branch_python_dop_operator_3.py
[2023-05-11T19:20:09.905+0000] {processor.py:743} INFO - Processing file /home/airflow/.local/lib/python3.7/site-packages/airflow/example_dags/example_branch_python_dop_operator_3.py for tasks to queue
[2023-05-11T19:20:09.906+0000] {logging_mixin.py:137} INFO - [2023-05-11T19:20:09.906+0000] {dagbag.py:538} INFO - Filling up the DagBag from /home/airflow/.local/lib/python3.7/site-packages/airflow/example_dags/example_branch_python_dop_operator_3.py
[2023-05-11T19:20:09.930+0000] {processor.py:753} INFO - DAG(s) dict_keys(['example_branch_dop_operator_v3']) retrieved from /home/airflow/.local/lib/python3.7/site-packages/airflow/example_dags/example_branch_python_dop_operator_3.py
[2023-05-11T19:20:09.953+0000] {logging_mixin.py:137} INFO - [2023-05-11T19:20:09.953+0000] {dag.py:2690} INFO - Sync 1 DAGs
[2023-05-11T19:20:09.981+0000] {logging_mixin.py:137} INFO - [2023-05-11T19:20:09.981+0000] {dag.py:3441} INFO - Setting next_dagrun for example_branch_dop_operator_v3 to 2023-05-11T19:19:00+00:00, run_after=2023-05-11T19:20:00+00:00
[2023-05-11T19:20:09.996+0000] {processor.py:175} INFO - Processing /home/airflow/.local/lib/python3.7/site-packages/airflow/example_dags/example_branch_python_dop_operator_3.py took 0.094 seconds
[2023-05-11T19:20:40.396+0000] {processor.py:153} INFO - Started process (PID=3515) to work on /home/airflow/.local/lib/python3.7/site-packages/airflow/example_dags/example_branch_python_dop_operator_3.py
[2023-05-11T19:20:40.397+0000] {processor.py:743} INFO - Processing file /home/airflow/.local/lib/python3.7/site-packages/airflow/example_dags/example_branch_python_dop_operator_3.py for tasks to queue
[2023-05-11T19:20:40.397+0000] {logging_mixin.py:137} INFO - [2023-05-11T19:20:40.397+0000] {dagbag.py:538} INFO - Filling up the DagBag from /home/airflow/.local/lib/python3.7/site-packages/airflow/example_dags/example_branch_python_dop_operator_3.py
[2023-05-11T19:20:40.412+0000] {processor.py:753} INFO - DAG(s) dict_keys(['example_branch_dop_operator_v3']) retrieved from /home/airflow/.local/lib/python3.7/site-packages/airflow/example_dags/example_branch_python_dop_operator_3.py
[2023-05-11T19:20:40.430+0000] {logging_mixin.py:137} INFO - [2023-05-11T19:20:40.429+0000] {dag.py:2690} INFO - Sync 1 DAGs
[2023-05-11T19:20:40.447+0000] {logging_mixin.py:137} INFO - [2023-05-11T19:20:40.447+0000] {dag.py:3441} INFO - Setting next_dagrun for example_branch_dop_operator_v3 to 2023-05-11T19:19:00+00:00, run_after=2023-05-11T19:20:00+00:00
[2023-05-11T19:20:40.458+0000] {processor.py:175} INFO - Processing /home/airflow/.local/lib/python3.7/site-packages/airflow/example_dags/example_branch_python_dop_operator_3.py took 0.063 seconds
[2023-05-11T19:21:10.755+0000] {processor.py:153} INFO - Started process (PID=3742) to work on /home/airflow/.local/lib/python3.7/site-packages/airflow/example_dags/example_branch_python_dop_operator_3.py
[2023-05-11T19:21:10.755+0000] {processor.py:743} INFO - Processing file /home/airflow/.local/lib/python3.7/site-packages/airflow/example_dags/example_branch_python_dop_operator_3.py for tasks to queue
[2023-05-11T19:21:10.756+0000] {logging_mixin.py:137} INFO - [2023-05-11T19:21:10.756+0000] {dagbag.py:538} INFO - Filling up the DagBag from /home/airflow/.local/lib/python3.7/site-packages/airflow/example_dags/example_branch_python_dop_operator_3.py
[2023-05-11T19:21:10.777+0000] {processor.py:753} INFO - DAG(s) dict_keys(['example_branch_dop_operator_v3']) retrieved from /home/airflow/.local/lib/python3.7/site-packages/airflow/example_dags/example_branch_python_dop_operator_3.py
[2023-05-11T19:21:10.799+0000] {logging_mixin.py:137} INFO - [2023-05-11T19:21:10.799+0000] {dag.py:2690} INFO - Sync 1 DAGs
[2023-05-11T19:21:10.825+0000] {logging_mixin.py:137} INFO - [2023-05-11T19:21:10.825+0000] {dag.py:3441} INFO - Setting next_dagrun for example_branch_dop_operator_v3 to 2023-05-11T19:20:00+00:00, run_after=2023-05-11T19:21:00+00:00
[2023-05-11T19:21:10.842+0000] {processor.py:175} INFO - Processing /home/airflow/.local/lib/python3.7/site-packages/airflow/example_dags/example_branch_python_dop_operator_3.py took 0.090 seconds
[2023-05-11T19:21:41.311+0000] {processor.py:153} INFO - Started process (PID=3992) to work on /home/airflow/.local/lib/python3.7/site-packages/airflow/example_dags/example_branch_python_dop_operator_3.py
[2023-05-11T19:21:41.311+0000] {processor.py:743} INFO - Processing file /home/airflow/.local/lib/python3.7/site-packages/airflow/example_dags/example_branch_python_dop_operator_3.py for tasks to queue
[2023-05-11T19:21:41.312+0000] {logging_mixin.py:137} INFO - [2023-05-11T19:21:41.312+0000] {dagbag.py:538} INFO - Filling up the DagBag from /home/airflow/.local/lib/python3.7/site-packages/airflow/example_dags/example_branch_python_dop_operator_3.py
[2023-05-11T19:21:41.326+0000] {processor.py:753} INFO - DAG(s) dict_keys(['example_branch_dop_operator_v3']) retrieved from /home/airflow/.local/lib/python3.7/site-packages/airflow/example_dags/example_branch_python_dop_operator_3.py
[2023-05-11T19:21:41.343+0000] {logging_mixin.py:137} INFO - [2023-05-11T19:21:41.343+0000] {dag.py:2690} INFO - Sync 1 DAGs
[2023-05-11T19:21:41.363+0000] {logging_mixin.py:137} INFO - [2023-05-11T19:21:41.363+0000] {dag.py:3441} INFO - Setting next_dagrun for example_branch_dop_operator_v3 to 2023-05-11T19:20:00+00:00, run_after=2023-05-11T19:21:00+00:00
[2023-05-11T19:21:41.374+0000] {processor.py:175} INFO - Processing /home/airflow/.local/lib/python3.7/site-packages/airflow/example_dags/example_branch_python_dop_operator_3.py took 0.065 seconds
[2023-05-11T19:22:11.478+0000] {processor.py:153} INFO - Started process (PID=4224) to work on /home/airflow/.local/lib/python3.7/site-packages/airflow/example_dags/example_branch_python_dop_operator_3.py
[2023-05-11T19:22:11.478+0000] {processor.py:743} INFO - Processing file /home/airflow/.local/lib/python3.7/site-packages/airflow/example_dags/example_branch_python_dop_operator_3.py for tasks to queue
[2023-05-11T19:22:11.479+0000] {logging_mixin.py:137} INFO - [2023-05-11T19:22:11.478+0000] {dagbag.py:538} INFO - Filling up the DagBag from /home/airflow/.local/lib/python3.7/site-packages/airflow/example_dags/example_branch_python_dop_operator_3.py
[2023-05-11T19:22:11.493+0000] {processor.py:753} INFO - DAG(s) dict_keys(['example_branch_dop_operator_v3']) retrieved from /home/airflow/.local/lib/python3.7/site-packages/airflow/example_dags/example_branch_python_dop_operator_3.py
[2023-05-11T19:22:11.510+0000] {logging_mixin.py:137} INFO - [2023-05-11T19:22:11.510+0000] {dag.py:2690} INFO - Sync 1 DAGs
[2023-05-11T19:22:11.530+0000] {logging_mixin.py:137} INFO - [2023-05-11T19:22:11.530+0000] {dag.py:3441} INFO - Setting next_dagrun for example_branch_dop_operator_v3 to 2023-05-11T19:21:00+00:00, run_after=2023-05-11T19:22:00+00:00
[2023-05-11T19:22:11.541+0000] {processor.py:175} INFO - Processing /home/airflow/.local/lib/python3.7/site-packages/airflow/example_dags/example_branch_python_dop_operator_3.py took 0.065 seconds
[2023-05-11T19:22:42.137+0000] {processor.py:153} INFO - Started process (PID=4473) to work on /home/airflow/.local/lib/python3.7/site-packages/airflow/example_dags/example_branch_python_dop_operator_3.py
[2023-05-11T19:22:42.137+0000] {processor.py:743} INFO - Processing file /home/airflow/.local/lib/python3.7/site-packages/airflow/example_dags/example_branch_python_dop_operator_3.py for tasks to queue
[2023-05-11T19:22:42.138+0000] {logging_mixin.py:137} INFO - [2023-05-11T19:22:42.138+0000] {dagbag.py:538} INFO - Filling up the DagBag from /home/airflow/.local/lib/python3.7/site-packages/airflow/example_dags/example_branch_python_dop_operator_3.py
[2023-05-11T19:22:42.152+0000] {processor.py:753} INFO - DAG(s) dict_keys(['example_branch_dop_operator_v3']) retrieved from /home/airflow/.local/lib/python3.7/site-packages/airflow/example_dags/example_branch_python_dop_operator_3.py
[2023-05-11T19:22:42.170+0000] {logging_mixin.py:137} INFO - [2023-05-11T19:22:42.170+0000] {dag.py:2690} INFO - Sync 1 DAGs
[2023-05-11T19:22:42.189+0000] {logging_mixin.py:137} INFO - [2023-05-11T19:22:42.189+0000] {dag.py:3441} INFO - Setting next_dagrun for example_branch_dop_operator_v3 to 2023-05-11T19:21:00+00:00, run_after=2023-05-11T19:22:00+00:00
[2023-05-11T19:22:42.200+0000] {processor.py:175} INFO - Processing /home/airflow/.local/lib/python3.7/site-packages/airflow/example_dags/example_branch_python_dop_operator_3.py took 0.065 seconds
[2023-05-11T19:23:12.623+0000] {processor.py:153} INFO - Started process (PID=4705) to work on /home/airflow/.local/lib/python3.7/site-packages/airflow/example_dags/example_branch_python_dop_operator_3.py
[2023-05-11T19:23:12.624+0000] {processor.py:743} INFO - Processing file /home/airflow/.local/lib/python3.7/site-packages/airflow/example_dags/example_branch_python_dop_operator_3.py for tasks to queue
[2023-05-11T19:23:12.624+0000] {logging_mixin.py:137} INFO - [2023-05-11T19:23:12.624+0000] {dagbag.py:538} INFO - Filling up the DagBag from /home/airflow/.local/lib/python3.7/site-packages/airflow/example_dags/example_branch_python_dop_operator_3.py
[2023-05-11T19:23:12.652+0000] {processor.py:753} INFO - DAG(s) dict_keys(['example_branch_dop_operator_v3']) retrieved from /home/airflow/.local/lib/python3.7/site-packages/airflow/example_dags/example_branch_python_dop_operator_3.py
[2023-05-11T19:23:12.675+0000] {logging_mixin.py:137} INFO - [2023-05-11T19:23:12.675+0000] {dag.py:2690} INFO - Sync 1 DAGs
[2023-05-11T19:23:12.702+0000] {logging_mixin.py:137} INFO - [2023-05-11T19:23:12.702+0000] {dag.py:3441} INFO - Setting next_dagrun for example_branch_dop_operator_v3 to 2023-05-11T19:22:00+00:00, run_after=2023-05-11T19:23:00+00:00
[2023-05-11T19:23:12.719+0000] {processor.py:175} INFO - Processing /home/airflow/.local/lib/python3.7/site-packages/airflow/example_dags/example_branch_python_dop_operator_3.py took 0.098 seconds
[2023-05-11T19:23:42.854+0000] {processor.py:153} INFO - Started process (PID=4957) to work on /home/airflow/.local/lib/python3.7/site-packages/airflow/example_dags/example_branch_python_dop_operator_3.py
[2023-05-11T19:23:42.855+0000] {processor.py:743} INFO - Processing file /home/airflow/.local/lib/python3.7/site-packages/airflow/example_dags/example_branch_python_dop_operator_3.py for tasks to queue
[2023-05-11T19:23:42.856+0000] {logging_mixin.py:137} INFO - [2023-05-11T19:23:42.856+0000] {dagbag.py:538} INFO - Filling up the DagBag from /home/airflow/.local/lib/python3.7/site-packages/airflow/example_dags/example_branch_python_dop_operator_3.py
[2023-05-11T19:23:42.878+0000] {processor.py:753} INFO - DAG(s) dict_keys(['example_branch_dop_operator_v3']) retrieved from /home/airflow/.local/lib/python3.7/site-packages/airflow/example_dags/example_branch_python_dop_operator_3.py
[2023-05-11T19:23:42.902+0000] {logging_mixin.py:137} INFO - [2023-05-11T19:23:42.902+0000] {dag.py:2690} INFO - Sync 1 DAGs
[2023-05-11T19:23:42.929+0000] {logging_mixin.py:137} INFO - [2023-05-11T19:23:42.929+0000] {dag.py:3441} INFO - Setting next_dagrun for example_branch_dop_operator_v3 to 2023-05-11T19:22:00+00:00, run_after=2023-05-11T19:23:00+00:00
[2023-05-11T19:23:42.943+0000] {processor.py:175} INFO - Processing /home/airflow/.local/lib/python3.7/site-packages/airflow/example_dags/example_branch_python_dop_operator_3.py took 0.092 seconds
[2023-05-11T19:24:13.455+0000] {processor.py:153} INFO - Started process (PID=5184) to work on /home/airflow/.local/lib/python3.7/site-packages/airflow/example_dags/example_branch_python_dop_operator_3.py
[2023-05-11T19:24:13.456+0000] {processor.py:743} INFO - Processing file /home/airflow/.local/lib/python3.7/site-packages/airflow/example_dags/example_branch_python_dop_operator_3.py for tasks to queue
[2023-05-11T19:24:13.456+0000] {logging_mixin.py:137} INFO - [2023-05-11T19:24:13.456+0000] {dagbag.py:538} INFO - Filling up the DagBag from /home/airflow/.local/lib/python3.7/site-packages/airflow/example_dags/example_branch_python_dop_operator_3.py
[2023-05-11T19:24:13.487+0000] {processor.py:753} INFO - DAG(s) dict_keys(['example_branch_dop_operator_v3']) retrieved from /home/airflow/.local/lib/python3.7/site-packages/airflow/example_dags/example_branch_python_dop_operator_3.py
[2023-05-11T19:24:13.520+0000] {logging_mixin.py:137} INFO - [2023-05-11T19:24:13.519+0000] {dag.py:2690} INFO - Sync 1 DAGs
[2023-05-11T19:24:13.563+0000] {logging_mixin.py:137} INFO - [2023-05-11T19:24:13.563+0000] {dag.py:3441} INFO - Setting next_dagrun for example_branch_dop_operator_v3 to 2023-05-11T19:23:00+00:00, run_after=2023-05-11T19:24:00+00:00
[2023-05-11T19:24:13.594+0000] {processor.py:175} INFO - Processing /home/airflow/.local/lib/python3.7/site-packages/airflow/example_dags/example_branch_python_dop_operator_3.py took 0.144 seconds
[2023-05-11T19:24:43.648+0000] {processor.py:153} INFO - Started process (PID=5434) to work on /home/airflow/.local/lib/python3.7/site-packages/airflow/example_dags/example_branch_python_dop_operator_3.py
[2023-05-11T19:24:43.649+0000] {processor.py:743} INFO - Processing file /home/airflow/.local/lib/python3.7/site-packages/airflow/example_dags/example_branch_python_dop_operator_3.py for tasks to queue
[2023-05-11T19:24:43.649+0000] {logging_mixin.py:137} INFO - [2023-05-11T19:24:43.649+0000] {dagbag.py:538} INFO - Filling up the DagBag from /home/airflow/.local/lib/python3.7/site-packages/airflow/example_dags/example_branch_python_dop_operator_3.py
[2023-05-11T19:24:43.664+0000] {processor.py:753} INFO - DAG(s) dict_keys(['example_branch_dop_operator_v3']) retrieved from /home/airflow/.local/lib/python3.7/site-packages/airflow/example_dags/example_branch_python_dop_operator_3.py
[2023-05-11T19:24:43.681+0000] {logging_mixin.py:137} INFO - [2023-05-11T19:24:43.681+0000] {dag.py:2690} INFO - Sync 1 DAGs
[2023-05-11T19:24:43.700+0000] {logging_mixin.py:137} INFO - [2023-05-11T19:24:43.700+0000] {dag.py:3441} INFO - Setting next_dagrun for example_branch_dop_operator_v3 to 2023-05-11T19:23:00+00:00, run_after=2023-05-11T19:24:00+00:00
[2023-05-11T19:24:43.711+0000] {processor.py:175} INFO - Processing /home/airflow/.local/lib/python3.7/site-packages/airflow/example_dags/example_branch_python_dop_operator_3.py took 0.065 seconds
[2023-05-11T19:25:29.375+0000] {processor.py:153} INFO - Started process (PID=376) to work on /home/airflow/.local/lib/python3.7/site-packages/airflow/example_dags/example_branch_python_dop_operator_3.py
[2023-05-11T19:25:29.376+0000] {processor.py:743} INFO - Processing file /home/airflow/.local/lib/python3.7/site-packages/airflow/example_dags/example_branch_python_dop_operator_3.py for tasks to queue
[2023-05-11T19:25:29.376+0000] {logging_mixin.py:137} INFO - [2023-05-11T19:25:29.376+0000] {dagbag.py:538} INFO - Filling up the DagBag from /home/airflow/.local/lib/python3.7/site-packages/airflow/example_dags/example_branch_python_dop_operator_3.py
[2023-05-11T19:25:29.392+0000] {processor.py:753} INFO - DAG(s) dict_keys(['example_branch_dop_operator_v3']) retrieved from /home/airflow/.local/lib/python3.7/site-packages/airflow/example_dags/example_branch_python_dop_operator_3.py
[2023-05-11T19:25:29.401+0000] {logging_mixin.py:137} INFO - [2023-05-11T19:25:29.401+0000] {dag.py:2690} INFO - Sync 1 DAGs
[2023-05-11T19:25:29.424+0000] {logging_mixin.py:137} INFO - [2023-05-11T19:25:29.424+0000] {dag.py:3441} INFO - Setting next_dagrun for example_branch_dop_operator_v3 to 2023-05-11T19:24:00+00:00, run_after=2023-05-11T19:25:00+00:00
[2023-05-11T19:25:29.436+0000] {processor.py:175} INFO - Processing /home/airflow/.local/lib/python3.7/site-packages/airflow/example_dags/example_branch_python_dop_operator_3.py took 0.064 seconds
[2023-05-11T19:26:00.121+0000] {processor.py:153} INFO - Started process (PID=606) to work on /home/airflow/.local/lib/python3.7/site-packages/airflow/example_dags/example_branch_python_dop_operator_3.py
[2023-05-11T19:26:00.122+0000] {processor.py:743} INFO - Processing file /home/airflow/.local/lib/python3.7/site-packages/airflow/example_dags/example_branch_python_dop_operator_3.py for tasks to queue
[2023-05-11T19:26:00.122+0000] {logging_mixin.py:137} INFO - [2023-05-11T19:26:00.122+0000] {dagbag.py:538} INFO - Filling up the DagBag from /home/airflow/.local/lib/python3.7/site-packages/airflow/example_dags/example_branch_python_dop_operator_3.py
[2023-05-11T19:26:00.144+0000] {processor.py:753} INFO - DAG(s) dict_keys(['example_branch_dop_operator_v3']) retrieved from /home/airflow/.local/lib/python3.7/site-packages/airflow/example_dags/example_branch_python_dop_operator_3.py
[2023-05-11T19:26:00.161+0000] {logging_mixin.py:137} INFO - [2023-05-11T19:26:00.161+0000] {dag.py:2690} INFO - Sync 1 DAGs
[2023-05-11T19:26:00.180+0000] {logging_mixin.py:137} INFO - [2023-05-11T19:26:00.180+0000] {dag.py:3441} INFO - Setting next_dagrun for example_branch_dop_operator_v3 to 2023-05-11T19:25:00+00:00, run_after=2023-05-11T19:26:00+00:00
[2023-05-11T19:26:00.191+0000] {processor.py:175} INFO - Processing /home/airflow/.local/lib/python3.7/site-packages/airflow/example_dags/example_branch_python_dop_operator_3.py took 0.073 seconds
[2023-05-11T19:26:30.727+0000] {processor.py:153} INFO - Started process (PID=854) to work on /home/airflow/.local/lib/python3.7/site-packages/airflow/example_dags/example_branch_python_dop_operator_3.py
[2023-05-11T19:26:30.727+0000] {processor.py:743} INFO - Processing file /home/airflow/.local/lib/python3.7/site-packages/airflow/example_dags/example_branch_python_dop_operator_3.py for tasks to queue
[2023-05-11T19:26:30.728+0000] {logging_mixin.py:137} INFO - [2023-05-11T19:26:30.728+0000] {dagbag.py:538} INFO - Filling up the DagBag from /home/airflow/.local/lib/python3.7/site-packages/airflow/example_dags/example_branch_python_dop_operator_3.py
[2023-05-11T19:26:30.742+0000] {processor.py:753} INFO - DAG(s) dict_keys(['example_branch_dop_operator_v3']) retrieved from /home/airflow/.local/lib/python3.7/site-packages/airflow/example_dags/example_branch_python_dop_operator_3.py
[2023-05-11T19:26:30.759+0000] {logging_mixin.py:137} INFO - [2023-05-11T19:26:30.759+0000] {dag.py:2690} INFO - Sync 1 DAGs
[2023-05-11T19:26:30.778+0000] {logging_mixin.py:137} INFO - [2023-05-11T19:26:30.778+0000] {dag.py:3441} INFO - Setting next_dagrun for example_branch_dop_operator_v3 to 2023-05-11T19:25:00+00:00, run_after=2023-05-11T19:26:00+00:00
[2023-05-11T19:26:30.790+0000] {processor.py:175} INFO - Processing /home/airflow/.local/lib/python3.7/site-packages/airflow/example_dags/example_branch_python_dop_operator_3.py took 0.066 seconds
[2023-05-11T19:27:01.317+0000] {processor.py:153} INFO - Started process (PID=1086) to work on /home/airflow/.local/lib/python3.7/site-packages/airflow/example_dags/example_branch_python_dop_operator_3.py
[2023-05-11T19:27:01.318+0000] {processor.py:743} INFO - Processing file /home/airflow/.local/lib/python3.7/site-packages/airflow/example_dags/example_branch_python_dop_operator_3.py for tasks to queue
[2023-05-11T19:27:01.319+0000] {logging_mixin.py:137} INFO - [2023-05-11T19:27:01.319+0000] {dagbag.py:538} INFO - Filling up the DagBag from /home/airflow/.local/lib/python3.7/site-packages/airflow/example_dags/example_branch_python_dop_operator_3.py
[2023-05-11T19:27:01.346+0000] {processor.py:753} INFO - DAG(s) dict_keys(['example_branch_dop_operator_v3']) retrieved from /home/airflow/.local/lib/python3.7/site-packages/airflow/example_dags/example_branch_python_dop_operator_3.py
[2023-05-11T19:27:01.374+0000] {logging_mixin.py:137} INFO - [2023-05-11T19:27:01.374+0000] {dag.py:2690} INFO - Sync 1 DAGs
[2023-05-11T19:27:01.403+0000] {logging_mixin.py:137} INFO - [2023-05-11T19:27:01.403+0000] {dag.py:3441} INFO - Setting next_dagrun for example_branch_dop_operator_v3 to 2023-05-11T19:26:00+00:00, run_after=2023-05-11T19:27:00+00:00
[2023-05-11T19:27:01.421+0000] {processor.py:175} INFO - Processing /home/airflow/.local/lib/python3.7/site-packages/airflow/example_dags/example_branch_python_dop_operator_3.py took 0.107 seconds
[2023-05-11T19:27:32.320+0000] {processor.py:153} INFO - Started process (PID=1335) to work on /home/airflow/.local/lib/python3.7/site-packages/airflow/example_dags/example_branch_python_dop_operator_3.py
[2023-05-11T19:27:32.321+0000] {processor.py:743} INFO - Processing file /home/airflow/.local/lib/python3.7/site-packages/airflow/example_dags/example_branch_python_dop_operator_3.py for tasks to queue
[2023-05-11T19:27:32.322+0000] {logging_mixin.py:137} INFO - [2023-05-11T19:27:32.322+0000] {dagbag.py:538} INFO - Filling up the DagBag from /home/airflow/.local/lib/python3.7/site-packages/airflow/example_dags/example_branch_python_dop_operator_3.py
[2023-05-11T19:27:32.338+0000] {processor.py:753} INFO - DAG(s) dict_keys(['example_branch_dop_operator_v3']) retrieved from /home/airflow/.local/lib/python3.7/site-packages/airflow/example_dags/example_branch_python_dop_operator_3.py
[2023-05-11T19:27:32.356+0000] {logging_mixin.py:137} INFO - [2023-05-11T19:27:32.355+0000] {dag.py:2690} INFO - Sync 1 DAGs
[2023-05-11T19:27:32.375+0000] {logging_mixin.py:137} INFO - [2023-05-11T19:27:32.375+0000] {dag.py:3441} INFO - Setting next_dagrun for example_branch_dop_operator_v3 to 2023-05-11T19:26:00+00:00, run_after=2023-05-11T19:27:00+00:00
[2023-05-11T19:27:32.387+0000] {processor.py:175} INFO - Processing /home/airflow/.local/lib/python3.7/site-packages/airflow/example_dags/example_branch_python_dop_operator_3.py took 0.070 seconds
[2023-05-11T19:28:02.683+0000] {processor.py:153} INFO - Started process (PID=1566) to work on /home/airflow/.local/lib/python3.7/site-packages/airflow/example_dags/example_branch_python_dop_operator_3.py
[2023-05-11T19:28:02.684+0000] {processor.py:743} INFO - Processing file /home/airflow/.local/lib/python3.7/site-packages/airflow/example_dags/example_branch_python_dop_operator_3.py for tasks to queue
[2023-05-11T19:28:02.684+0000] {logging_mixin.py:137} INFO - [2023-05-11T19:28:02.684+0000] {dagbag.py:538} INFO - Filling up the DagBag from /home/airflow/.local/lib/python3.7/site-packages/airflow/example_dags/example_branch_python_dop_operator_3.py
[2023-05-11T19:28:02.708+0000] {processor.py:753} INFO - DAG(s) dict_keys(['example_branch_dop_operator_v3']) retrieved from /home/airflow/.local/lib/python3.7/site-packages/airflow/example_dags/example_branch_python_dop_operator_3.py
[2023-05-11T19:28:02.733+0000] {logging_mixin.py:137} INFO - [2023-05-11T19:28:02.733+0000] {dag.py:2690} INFO - Sync 1 DAGs
[2023-05-11T19:28:02.761+0000] {logging_mixin.py:137} INFO - [2023-05-11T19:28:02.761+0000] {dag.py:3441} INFO - Setting next_dagrun for example_branch_dop_operator_v3 to 2023-05-11T19:27:00+00:00, run_after=2023-05-11T19:28:00+00:00
[2023-05-11T19:28:02.780+0000] {processor.py:175} INFO - Processing /home/airflow/.local/lib/python3.7/site-packages/airflow/example_dags/example_branch_python_dop_operator_3.py took 0.100 seconds
[2023-05-11T19:28:33.774+0000] {processor.py:153} INFO - Started process (PID=1816) to work on /home/airflow/.local/lib/python3.7/site-packages/airflow/example_dags/example_branch_python_dop_operator_3.py
[2023-05-11T19:28:33.774+0000] {processor.py:743} INFO - Processing file /home/airflow/.local/lib/python3.7/site-packages/airflow/example_dags/example_branch_python_dop_operator_3.py for tasks to queue
[2023-05-11T19:28:33.775+0000] {logging_mixin.py:137} INFO - [2023-05-11T19:28:33.775+0000] {dagbag.py:538} INFO - Filling up the DagBag from /home/airflow/.local/lib/python3.7/site-packages/airflow/example_dags/example_branch_python_dop_operator_3.py
[2023-05-11T19:28:33.792+0000] {processor.py:753} INFO - DAG(s) dict_keys(['example_branch_dop_operator_v3']) retrieved from /home/airflow/.local/lib/python3.7/site-packages/airflow/example_dags/example_branch_python_dop_operator_3.py
[2023-05-11T19:28:33.812+0000] {logging_mixin.py:137} INFO - [2023-05-11T19:28:33.812+0000] {dag.py:2690} INFO - Sync 1 DAGs
[2023-05-11T19:28:33.834+0000] {logging_mixin.py:137} INFO - [2023-05-11T19:28:33.834+0000] {dag.py:3441} INFO - Setting next_dagrun for example_branch_dop_operator_v3 to 2023-05-11T19:27:00+00:00, run_after=2023-05-11T19:28:00+00:00
[2023-05-11T19:28:33.848+0000] {processor.py:175} INFO - Processing /home/airflow/.local/lib/python3.7/site-packages/airflow/example_dags/example_branch_python_dop_operator_3.py took 0.076 seconds
[2023-05-11T19:29:04.354+0000] {processor.py:153} INFO - Started process (PID=2057) to work on /home/airflow/.local/lib/python3.7/site-packages/airflow/example_dags/example_branch_python_dop_operator_3.py
[2023-05-11T19:29:04.355+0000] {processor.py:743} INFO - Processing file /home/airflow/.local/lib/python3.7/site-packages/airflow/example_dags/example_branch_python_dop_operator_3.py for tasks to queue
[2023-05-11T19:29:04.356+0000] {logging_mixin.py:137} INFO - [2023-05-11T19:29:04.355+0000] {dagbag.py:538} INFO - Filling up the DagBag from /home/airflow/.local/lib/python3.7/site-packages/airflow/example_dags/example_branch_python_dop_operator_3.py
[2023-05-11T19:29:04.387+0000] {processor.py:753} INFO - DAG(s) dict_keys(['example_branch_dop_operator_v3']) retrieved from /home/airflow/.local/lib/python3.7/site-packages/airflow/example_dags/example_branch_python_dop_operator_3.py
[2023-05-11T19:29:04.420+0000] {logging_mixin.py:137} INFO - [2023-05-11T19:29:04.420+0000] {dag.py:2690} INFO - Sync 1 DAGs
[2023-05-11T19:29:04.451+0000] {logging_mixin.py:137} INFO - [2023-05-11T19:29:04.451+0000] {dag.py:3441} INFO - Setting next_dagrun for example_branch_dop_operator_v3 to 2023-05-11T19:28:00+00:00, run_after=2023-05-11T19:29:00+00:00
[2023-05-11T19:29:04.469+0000] {processor.py:175} INFO - Processing /home/airflow/.local/lib/python3.7/site-packages/airflow/example_dags/example_branch_python_dop_operator_3.py took 0.119 seconds
[2023-05-11T19:29:34.681+0000] {processor.py:153} INFO - Started process (PID=2297) to work on /home/airflow/.local/lib/python3.7/site-packages/airflow/example_dags/example_branch_python_dop_operator_3.py
[2023-05-11T19:29:34.682+0000] {processor.py:743} INFO - Processing file /home/airflow/.local/lib/python3.7/site-packages/airflow/example_dags/example_branch_python_dop_operator_3.py for tasks to queue
[2023-05-11T19:29:34.683+0000] {logging_mixin.py:137} INFO - [2023-05-11T19:29:34.683+0000] {dagbag.py:538} INFO - Filling up the DagBag from /home/airflow/.local/lib/python3.7/site-packages/airflow/example_dags/example_branch_python_dop_operator_3.py
[2023-05-11T19:29:34.713+0000] {processor.py:753} INFO - DAG(s) dict_keys(['example_branch_dop_operator_v3']) retrieved from /home/airflow/.local/lib/python3.7/site-packages/airflow/example_dags/example_branch_python_dop_operator_3.py
[2023-05-11T19:29:34.738+0000] {logging_mixin.py:137} INFO - [2023-05-11T19:29:34.738+0000] {dag.py:2690} INFO - Sync 1 DAGs
[2023-05-11T19:29:34.764+0000] {logging_mixin.py:137} INFO - [2023-05-11T19:29:34.764+0000] {dag.py:3441} INFO - Setting next_dagrun for example_branch_dop_operator_v3 to 2023-05-11T19:28:00+00:00, run_after=2023-05-11T19:29:00+00:00
[2023-05-11T19:29:34.780+0000] {processor.py:175} INFO - Processing /home/airflow/.local/lib/python3.7/site-packages/airflow/example_dags/example_branch_python_dop_operator_3.py took 0.102 seconds
[2023-05-11T19:30:05.482+0000] {processor.py:153} INFO - Started process (PID=2545) to work on /home/airflow/.local/lib/python3.7/site-packages/airflow/example_dags/example_branch_python_dop_operator_3.py
[2023-05-11T19:30:05.482+0000] {processor.py:743} INFO - Processing file /home/airflow/.local/lib/python3.7/site-packages/airflow/example_dags/example_branch_python_dop_operator_3.py for tasks to queue
[2023-05-11T19:30:05.483+0000] {logging_mixin.py:137} INFO - [2023-05-11T19:30:05.483+0000] {dagbag.py:538} INFO - Filling up the DagBag from /home/airflow/.local/lib/python3.7/site-packages/airflow/example_dags/example_branch_python_dop_operator_3.py
[2023-05-11T19:30:05.534+0000] {processor.py:753} INFO - DAG(s) dict_keys(['example_branch_dop_operator_v3']) retrieved from /home/airflow/.local/lib/python3.7/site-packages/airflow/example_dags/example_branch_python_dop_operator_3.py
[2023-05-11T19:30:05.561+0000] {logging_mixin.py:137} INFO - [2023-05-11T19:30:05.561+0000] {dag.py:2690} INFO - Sync 1 DAGs
[2023-05-11T19:30:05.588+0000] {logging_mixin.py:137} INFO - [2023-05-11T19:30:05.588+0000] {dag.py:3441} INFO - Setting next_dagrun for example_branch_dop_operator_v3 to 2023-05-11T19:29:00+00:00, run_after=2023-05-11T19:30:00+00:00
[2023-05-11T19:30:05.633+0000] {processor.py:175} INFO - Processing /home/airflow/.local/lib/python3.7/site-packages/airflow/example_dags/example_branch_python_dop_operator_3.py took 0.155 seconds
[2023-05-11T19:30:35.720+0000] {processor.py:153} INFO - Started process (PID=2777) to work on /home/airflow/.local/lib/python3.7/site-packages/airflow/example_dags/example_branch_python_dop_operator_3.py
[2023-05-11T19:30:35.721+0000] {processor.py:743} INFO - Processing file /home/airflow/.local/lib/python3.7/site-packages/airflow/example_dags/example_branch_python_dop_operator_3.py for tasks to queue
[2023-05-11T19:30:35.721+0000] {logging_mixin.py:137} INFO - [2023-05-11T19:30:35.721+0000] {dagbag.py:538} INFO - Filling up the DagBag from /home/airflow/.local/lib/python3.7/site-packages/airflow/example_dags/example_branch_python_dop_operator_3.py
[2023-05-11T19:30:35.738+0000] {processor.py:753} INFO - DAG(s) dict_keys(['example_branch_dop_operator_v3']) retrieved from /home/airflow/.local/lib/python3.7/site-packages/airflow/example_dags/example_branch_python_dop_operator_3.py
[2023-05-11T19:30:35.763+0000] {logging_mixin.py:137} INFO - [2023-05-11T19:30:35.762+0000] {dag.py:2690} INFO - Sync 1 DAGs
[2023-05-11T19:30:35.796+0000] {logging_mixin.py:137} INFO - [2023-05-11T19:30:35.795+0000] {dag.py:3441} INFO - Setting next_dagrun for example_branch_dop_operator_v3 to 2023-05-11T19:29:00+00:00, run_after=2023-05-11T19:30:00+00:00
[2023-05-11T19:30:35.817+0000] {processor.py:175} INFO - Processing /home/airflow/.local/lib/python3.7/site-packages/airflow/example_dags/example_branch_python_dop_operator_3.py took 0.098 seconds
[2023-05-11T19:31:06.586+0000] {processor.py:153} INFO - Started process (PID=3018) to work on /home/airflow/.local/lib/python3.7/site-packages/airflow/example_dags/example_branch_python_dop_operator_3.py
[2023-05-11T19:31:06.587+0000] {processor.py:743} INFO - Processing file /home/airflow/.local/lib/python3.7/site-packages/airflow/example_dags/example_branch_python_dop_operator_3.py for tasks to queue
[2023-05-11T19:31:06.587+0000] {logging_mixin.py:137} INFO - [2023-05-11T19:31:06.587+0000] {dagbag.py:538} INFO - Filling up the DagBag from /home/airflow/.local/lib/python3.7/site-packages/airflow/example_dags/example_branch_python_dop_operator_3.py
[2023-05-11T19:31:06.612+0000] {processor.py:753} INFO - DAG(s) dict_keys(['example_branch_dop_operator_v3']) retrieved from /home/airflow/.local/lib/python3.7/site-packages/airflow/example_dags/example_branch_python_dop_operator_3.py
[2023-05-11T19:31:06.638+0000] {logging_mixin.py:137} INFO - [2023-05-11T19:31:06.638+0000] {dag.py:2690} INFO - Sync 1 DAGs
[2023-05-11T19:31:06.673+0000] {logging_mixin.py:137} INFO - [2023-05-11T19:31:06.673+0000] {dag.py:3441} INFO - Setting next_dagrun for example_branch_dop_operator_v3 to 2023-05-11T19:30:00+00:00, run_after=2023-05-11T19:31:00+00:00
[2023-05-11T19:31:06.692+0000] {processor.py:175} INFO - Processing /home/airflow/.local/lib/python3.7/site-packages/airflow/example_dags/example_branch_python_dop_operator_3.py took 0.108 seconds
[2023-05-11T19:31:37.406+0000] {processor.py:153} INFO - Started process (PID=3257) to work on /home/airflow/.local/lib/python3.7/site-packages/airflow/example_dags/example_branch_python_dop_operator_3.py
[2023-05-11T19:31:37.407+0000] {processor.py:743} INFO - Processing file /home/airflow/.local/lib/python3.7/site-packages/airflow/example_dags/example_branch_python_dop_operator_3.py for tasks to queue
[2023-05-11T19:31:37.407+0000] {logging_mixin.py:137} INFO - [2023-05-11T19:31:37.407+0000] {dagbag.py:538} INFO - Filling up the DagBag from /home/airflow/.local/lib/python3.7/site-packages/airflow/example_dags/example_branch_python_dop_operator_3.py
[2023-05-11T19:31:37.422+0000] {processor.py:753} INFO - DAG(s) dict_keys(['example_branch_dop_operator_v3']) retrieved from /home/airflow/.local/lib/python3.7/site-packages/airflow/example_dags/example_branch_python_dop_operator_3.py
[2023-05-11T19:31:37.441+0000] {logging_mixin.py:137} INFO - [2023-05-11T19:31:37.441+0000] {dag.py:2690} INFO - Sync 1 DAGs
[2023-05-11T19:31:37.464+0000] {logging_mixin.py:137} INFO - [2023-05-11T19:31:37.464+0000] {dag.py:3441} INFO - Setting next_dagrun for example_branch_dop_operator_v3 to 2023-05-11T19:30:00+00:00, run_after=2023-05-11T19:31:00+00:00
[2023-05-11T19:31:37.478+0000] {processor.py:175} INFO - Processing /home/airflow/.local/lib/python3.7/site-packages/airflow/example_dags/example_branch_python_dop_operator_3.py took 0.074 seconds
[2023-05-11T19:32:07.819+0000] {processor.py:153} INFO - Started process (PID=3504) to work on /home/airflow/.local/lib/python3.7/site-packages/airflow/example_dags/example_branch_python_dop_operator_3.py
[2023-05-11T19:32:07.820+0000] {processor.py:743} INFO - Processing file /home/airflow/.local/lib/python3.7/site-packages/airflow/example_dags/example_branch_python_dop_operator_3.py for tasks to queue
[2023-05-11T19:32:07.820+0000] {logging_mixin.py:137} INFO - [2023-05-11T19:32:07.820+0000] {dagbag.py:538} INFO - Filling up the DagBag from /home/airflow/.local/lib/python3.7/site-packages/airflow/example_dags/example_branch_python_dop_operator_3.py
[2023-05-11T19:32:07.856+0000] {processor.py:753} INFO - DAG(s) dict_keys(['example_branch_dop_operator_v3']) retrieved from /home/airflow/.local/lib/python3.7/site-packages/airflow/example_dags/example_branch_python_dop_operator_3.py
[2023-05-11T19:32:07.883+0000] {logging_mixin.py:137} INFO - [2023-05-11T19:32:07.882+0000] {dag.py:2690} INFO - Sync 1 DAGs
[2023-05-11T19:32:07.929+0000] {logging_mixin.py:137} INFO - [2023-05-11T19:32:07.928+0000] {dag.py:3441} INFO - Setting next_dagrun for example_branch_dop_operator_v3 to 2023-05-11T19:31:00+00:00, run_after=2023-05-11T19:32:00+00:00
[2023-05-11T19:32:07.944+0000] {processor.py:175} INFO - Processing /home/airflow/.local/lib/python3.7/site-packages/airflow/example_dags/example_branch_python_dop_operator_3.py took 0.127 seconds
[2023-05-11T19:32:38.214+0000] {processor.py:153} INFO - Started process (PID=3736) to work on /home/airflow/.local/lib/python3.7/site-packages/airflow/example_dags/example_branch_python_dop_operator_3.py
[2023-05-11T19:32:38.215+0000] {processor.py:743} INFO - Processing file /home/airflow/.local/lib/python3.7/site-packages/airflow/example_dags/example_branch_python_dop_operator_3.py for tasks to queue
[2023-05-11T19:32:38.215+0000] {logging_mixin.py:137} INFO - [2023-05-11T19:32:38.215+0000] {dagbag.py:538} INFO - Filling up the DagBag from /home/airflow/.local/lib/python3.7/site-packages/airflow/example_dags/example_branch_python_dop_operator_3.py
[2023-05-11T19:32:38.236+0000] {processor.py:753} INFO - DAG(s) dict_keys(['example_branch_dop_operator_v3']) retrieved from /home/airflow/.local/lib/python3.7/site-packages/airflow/example_dags/example_branch_python_dop_operator_3.py
[2023-05-11T19:32:38.258+0000] {logging_mixin.py:137} INFO - [2023-05-11T19:32:38.258+0000] {dag.py:2690} INFO - Sync 1 DAGs
[2023-05-11T19:32:38.283+0000] {logging_mixin.py:137} INFO - [2023-05-11T19:32:38.283+0000] {dag.py:3441} INFO - Setting next_dagrun for example_branch_dop_operator_v3 to 2023-05-11T19:31:00+00:00, run_after=2023-05-11T19:32:00+00:00
[2023-05-11T19:32:38.299+0000] {processor.py:175} INFO - Processing /home/airflow/.local/lib/python3.7/site-packages/airflow/example_dags/example_branch_python_dop_operator_3.py took 0.087 seconds
[2023-05-11T19:33:08.838+0000] {processor.py:153} INFO - Started process (PID=3986) to work on /home/airflow/.local/lib/python3.7/site-packages/airflow/example_dags/example_branch_python_dop_operator_3.py
[2023-05-11T19:33:08.839+0000] {processor.py:743} INFO - Processing file /home/airflow/.local/lib/python3.7/site-packages/airflow/example_dags/example_branch_python_dop_operator_3.py for tasks to queue
[2023-05-11T19:33:08.839+0000] {logging_mixin.py:137} INFO - [2023-05-11T19:33:08.839+0000] {dagbag.py:538} INFO - Filling up the DagBag from /home/airflow/.local/lib/python3.7/site-packages/airflow/example_dags/example_branch_python_dop_operator_3.py
[2023-05-11T19:33:08.855+0000] {processor.py:753} INFO - DAG(s) dict_keys(['example_branch_dop_operator_v3']) retrieved from /home/airflow/.local/lib/python3.7/site-packages/airflow/example_dags/example_branch_python_dop_operator_3.py
[2023-05-11T19:33:08.874+0000] {logging_mixin.py:137} INFO - [2023-05-11T19:33:08.874+0000] {dag.py:2690} INFO - Sync 1 DAGs
[2023-05-11T19:33:08.894+0000] {logging_mixin.py:137} INFO - [2023-05-11T19:33:08.894+0000] {dag.py:3441} INFO - Setting next_dagrun for example_branch_dop_operator_v3 to 2023-05-11T19:32:00+00:00, run_after=2023-05-11T19:33:00+00:00
[2023-05-11T19:33:08.908+0000] {processor.py:175} INFO - Processing /home/airflow/.local/lib/python3.7/site-packages/airflow/example_dags/example_branch_python_dop_operator_3.py took 0.073 seconds
[2023-05-11T19:33:39.452+0000] {processor.py:153} INFO - Started process (PID=4216) to work on /home/airflow/.local/lib/python3.7/site-packages/airflow/example_dags/example_branch_python_dop_operator_3.py
[2023-05-11T19:33:39.453+0000] {processor.py:743} INFO - Processing file /home/airflow/.local/lib/python3.7/site-packages/airflow/example_dags/example_branch_python_dop_operator_3.py for tasks to queue
[2023-05-11T19:33:39.453+0000] {logging_mixin.py:137} INFO - [2023-05-11T19:33:39.453+0000] {dagbag.py:538} INFO - Filling up the DagBag from /home/airflow/.local/lib/python3.7/site-packages/airflow/example_dags/example_branch_python_dop_operator_3.py
[2023-05-11T19:33:39.474+0000] {processor.py:753} INFO - DAG(s) dict_keys(['example_branch_dop_operator_v3']) retrieved from /home/airflow/.local/lib/python3.7/site-packages/airflow/example_dags/example_branch_python_dop_operator_3.py
[2023-05-11T19:33:39.497+0000] {logging_mixin.py:137} INFO - [2023-05-11T19:33:39.497+0000] {dag.py:2690} INFO - Sync 1 DAGs
[2023-05-11T19:33:39.524+0000] {logging_mixin.py:137} INFO - [2023-05-11T19:33:39.524+0000] {dag.py:3441} INFO - Setting next_dagrun for example_branch_dop_operator_v3 to 2023-05-11T19:32:00+00:00, run_after=2023-05-11T19:33:00+00:00
[2023-05-11T19:33:39.541+0000] {processor.py:175} INFO - Processing /home/airflow/.local/lib/python3.7/site-packages/airflow/example_dags/example_branch_python_dop_operator_3.py took 0.091 seconds
[2023-05-11T19:35:11.857+0000] {processor.py:153} INFO - Started process (PID=376) to work on /home/airflow/.local/lib/python3.7/site-packages/airflow/example_dags/example_branch_python_dop_operator_3.py
[2023-05-11T19:35:11.858+0000] {processor.py:743} INFO - Processing file /home/airflow/.local/lib/python3.7/site-packages/airflow/example_dags/example_branch_python_dop_operator_3.py for tasks to queue
[2023-05-11T19:35:11.859+0000] {logging_mixin.py:137} INFO - [2023-05-11T19:35:11.858+0000] {dagbag.py:538} INFO - Filling up the DagBag from /home/airflow/.local/lib/python3.7/site-packages/airflow/example_dags/example_branch_python_dop_operator_3.py
[2023-05-11T19:35:11.874+0000] {processor.py:753} INFO - DAG(s) dict_keys(['example_branch_dop_operator_v3']) retrieved from /home/airflow/.local/lib/python3.7/site-packages/airflow/example_dags/example_branch_python_dop_operator_3.py
[2023-05-11T19:35:11.883+0000] {logging_mixin.py:137} INFO - [2023-05-11T19:35:11.883+0000] {dag.py:2690} INFO - Sync 1 DAGs
[2023-05-11T19:35:11.904+0000] {logging_mixin.py:137} INFO - [2023-05-11T19:35:11.904+0000] {dag.py:3441} INFO - Setting next_dagrun for example_branch_dop_operator_v3 to 2023-05-11T19:34:00+00:00, run_after=2023-05-11T19:35:00+00:00
[2023-05-11T19:35:11.916+0000] {processor.py:175} INFO - Processing /home/airflow/.local/lib/python3.7/site-packages/airflow/example_dags/example_branch_python_dop_operator_3.py took 0.061 seconds
[2023-05-11T19:35:42.659+0000] {processor.py:153} INFO - Started process (PID=606) to work on /home/airflow/.local/lib/python3.7/site-packages/airflow/example_dags/example_branch_python_dop_operator_3.py
[2023-05-11T19:35:42.659+0000] {processor.py:743} INFO - Processing file /home/airflow/.local/lib/python3.7/site-packages/airflow/example_dags/example_branch_python_dop_operator_3.py for tasks to queue
[2023-05-11T19:35:42.660+0000] {logging_mixin.py:137} INFO - [2023-05-11T19:35:42.660+0000] {dagbag.py:538} INFO - Filling up the DagBag from /home/airflow/.local/lib/python3.7/site-packages/airflow/example_dags/example_branch_python_dop_operator_3.py
[2023-05-11T19:35:42.676+0000] {processor.py:753} INFO - DAG(s) dict_keys(['example_branch_dop_operator_v3']) retrieved from /home/airflow/.local/lib/python3.7/site-packages/airflow/example_dags/example_branch_python_dop_operator_3.py
[2023-05-11T19:35:42.693+0000] {logging_mixin.py:137} INFO - [2023-05-11T19:35:42.692+0000] {dag.py:2690} INFO - Sync 1 DAGs
[2023-05-11T19:35:42.712+0000] {logging_mixin.py:137} INFO - [2023-05-11T19:35:42.712+0000] {dag.py:3441} INFO - Setting next_dagrun for example_branch_dop_operator_v3 to 2023-05-11T19:34:00+00:00, run_after=2023-05-11T19:35:00+00:00
[2023-05-11T19:35:42.726+0000] {processor.py:175} INFO - Processing /home/airflow/.local/lib/python3.7/site-packages/airflow/example_dags/example_branch_python_dop_operator_3.py took 0.069 seconds
