[2023-05-11T18:58:40.563+0000] {processor.py:153} INFO - Started process (PID=329) to work on /home/airflow/.local/lib/python3.7/site-packages/airflow/example_dags/example_branch_day_of_week_operator.py
[2023-05-11T18:58:40.564+0000] {processor.py:743} INFO - Processing file /home/airflow/.local/lib/python3.7/site-packages/airflow/example_dags/example_branch_day_of_week_operator.py for tasks to queue
[2023-05-11T18:58:40.564+0000] {logging_mixin.py:137} INFO - [2023-05-11T18:58:40.564+0000] {dagbag.py:538} INFO - Filling up the DagBag from /home/airflow/.local/lib/python3.7/site-packages/airflow/example_dags/example_branch_day_of_week_operator.py
[2023-05-11T18:58:40.576+0000] {processor.py:753} INFO - DAG(s) dict_keys(['example_weekday_branch_operator']) retrieved from /home/airflow/.local/lib/python3.7/site-packages/airflow/example_dags/example_branch_day_of_week_operator.py
[2023-05-11T18:58:40.586+0000] {logging_mixin.py:137} INFO - [2023-05-11T18:58:40.586+0000] {dag.py:2690} INFO - Sync 1 DAGs
[2023-05-11T18:58:40.607+0000] {logging_mixin.py:137} INFO - [2023-05-11T18:58:40.606+0000] {dag.py:3441} INFO - Setting next_dagrun for example_weekday_branch_operator to 2023-05-10T00:00:00+00:00, run_after=2023-05-11T00:00:00+00:00
[2023-05-11T18:58:40.621+0000] {processor.py:175} INFO - Processing /home/airflow/.local/lib/python3.7/site-packages/airflow/example_dags/example_branch_day_of_week_operator.py took 0.059 seconds
[2023-05-11T18:59:11.360+0000] {processor.py:153} INFO - Started process (PID=561) to work on /home/airflow/.local/lib/python3.7/site-packages/airflow/example_dags/example_branch_day_of_week_operator.py
[2023-05-11T18:59:11.360+0000] {processor.py:743} INFO - Processing file /home/airflow/.local/lib/python3.7/site-packages/airflow/example_dags/example_branch_day_of_week_operator.py for tasks to queue
[2023-05-11T18:59:11.361+0000] {logging_mixin.py:137} INFO - [2023-05-11T18:59:11.361+0000] {dagbag.py:538} INFO - Filling up the DagBag from /home/airflow/.local/lib/python3.7/site-packages/airflow/example_dags/example_branch_day_of_week_operator.py
[2023-05-11T18:59:11.370+0000] {processor.py:753} INFO - DAG(s) dict_keys(['example_weekday_branch_operator']) retrieved from /home/airflow/.local/lib/python3.7/site-packages/airflow/example_dags/example_branch_day_of_week_operator.py
[2023-05-11T18:59:11.388+0000] {logging_mixin.py:137} INFO - [2023-05-11T18:59:11.388+0000] {dag.py:2690} INFO - Sync 1 DAGs
[2023-05-11T18:59:11.407+0000] {logging_mixin.py:137} INFO - [2023-05-11T18:59:11.406+0000] {dag.py:3441} INFO - Setting next_dagrun for example_weekday_branch_operator to 2023-05-10T00:00:00+00:00, run_after=2023-05-11T00:00:00+00:00
[2023-05-11T18:59:11.418+0000] {processor.py:175} INFO - Processing /home/airflow/.local/lib/python3.7/site-packages/airflow/example_dags/example_branch_day_of_week_operator.py took 0.061 seconds
[2023-05-11T18:59:42.210+0000] {processor.py:153} INFO - Started process (PID=811) to work on /home/airflow/.local/lib/python3.7/site-packages/airflow/example_dags/example_branch_day_of_week_operator.py
[2023-05-11T18:59:42.210+0000] {processor.py:743} INFO - Processing file /home/airflow/.local/lib/python3.7/site-packages/airflow/example_dags/example_branch_day_of_week_operator.py for tasks to queue
[2023-05-11T18:59:42.211+0000] {logging_mixin.py:137} INFO - [2023-05-11T18:59:42.211+0000] {dagbag.py:538} INFO - Filling up the DagBag from /home/airflow/.local/lib/python3.7/site-packages/airflow/example_dags/example_branch_day_of_week_operator.py
[2023-05-11T18:59:42.220+0000] {processor.py:753} INFO - DAG(s) dict_keys(['example_weekday_branch_operator']) retrieved from /home/airflow/.local/lib/python3.7/site-packages/airflow/example_dags/example_branch_day_of_week_operator.py
[2023-05-11T18:59:42.238+0000] {logging_mixin.py:137} INFO - [2023-05-11T18:59:42.238+0000] {dag.py:2690} INFO - Sync 1 DAGs
[2023-05-11T18:59:42.262+0000] {logging_mixin.py:137} INFO - [2023-05-11T18:59:42.262+0000] {dag.py:3441} INFO - Setting next_dagrun for example_weekday_branch_operator to 2023-05-10T00:00:00+00:00, run_after=2023-05-11T00:00:00+00:00
[2023-05-11T18:59:42.277+0000] {processor.py:175} INFO - Processing /home/airflow/.local/lib/python3.7/site-packages/airflow/example_dags/example_branch_day_of_week_operator.py took 0.069 seconds
[2023-05-11T19:00:13.523+0000] {processor.py:153} INFO - Started process (PID=1058) to work on /home/airflow/.local/lib/python3.7/site-packages/airflow/example_dags/example_branch_day_of_week_operator.py
[2023-05-11T19:00:13.524+0000] {processor.py:743} INFO - Processing file /home/airflow/.local/lib/python3.7/site-packages/airflow/example_dags/example_branch_day_of_week_operator.py for tasks to queue
[2023-05-11T19:00:13.525+0000] {logging_mixin.py:137} INFO - [2023-05-11T19:00:13.525+0000] {dagbag.py:538} INFO - Filling up the DagBag from /home/airflow/.local/lib/python3.7/site-packages/airflow/example_dags/example_branch_day_of_week_operator.py
[2023-05-11T19:00:13.549+0000] {processor.py:753} INFO - DAG(s) dict_keys(['example_weekday_branch_operator']) retrieved from /home/airflow/.local/lib/python3.7/site-packages/airflow/example_dags/example_branch_day_of_week_operator.py
[2023-05-11T19:00:13.581+0000] {logging_mixin.py:137} INFO - [2023-05-11T19:00:13.580+0000] {dag.py:2690} INFO - Sync 1 DAGs
[2023-05-11T19:00:13.601+0000] {logging_mixin.py:137} INFO - [2023-05-11T19:00:13.601+0000] {dag.py:3441} INFO - Setting next_dagrun for example_weekday_branch_operator to 2023-05-10T00:00:00+00:00, run_after=2023-05-11T00:00:00+00:00
[2023-05-11T19:00:13.613+0000] {processor.py:175} INFO - Processing /home/airflow/.local/lib/python3.7/site-packages/airflow/example_dags/example_branch_day_of_week_operator.py took 0.092 seconds
[2023-05-11T19:00:43.914+0000] {processor.py:153} INFO - Started process (PID=1290) to work on /home/airflow/.local/lib/python3.7/site-packages/airflow/example_dags/example_branch_day_of_week_operator.py
[2023-05-11T19:00:43.915+0000] {processor.py:743} INFO - Processing file /home/airflow/.local/lib/python3.7/site-packages/airflow/example_dags/example_branch_day_of_week_operator.py for tasks to queue
[2023-05-11T19:00:43.915+0000] {logging_mixin.py:137} INFO - [2023-05-11T19:00:43.915+0000] {dagbag.py:538} INFO - Filling up the DagBag from /home/airflow/.local/lib/python3.7/site-packages/airflow/example_dags/example_branch_day_of_week_operator.py
[2023-05-11T19:00:43.926+0000] {processor.py:753} INFO - DAG(s) dict_keys(['example_weekday_branch_operator']) retrieved from /home/airflow/.local/lib/python3.7/site-packages/airflow/example_dags/example_branch_day_of_week_operator.py
[2023-05-11T19:00:43.944+0000] {logging_mixin.py:137} INFO - [2023-05-11T19:00:43.944+0000] {dag.py:2690} INFO - Sync 1 DAGs
[2023-05-11T19:00:43.965+0000] {logging_mixin.py:137} INFO - [2023-05-11T19:00:43.965+0000] {dag.py:3441} INFO - Setting next_dagrun for example_weekday_branch_operator to 2023-05-10T00:00:00+00:00, run_after=2023-05-11T00:00:00+00:00
[2023-05-11T19:00:43.980+0000] {processor.py:175} INFO - Processing /home/airflow/.local/lib/python3.7/site-packages/airflow/example_dags/example_branch_day_of_week_operator.py took 0.068 seconds
[2023-05-11T19:01:14.486+0000] {processor.py:153} INFO - Started process (PID=1541) to work on /home/airflow/.local/lib/python3.7/site-packages/airflow/example_dags/example_branch_day_of_week_operator.py
[2023-05-11T19:01:14.487+0000] {processor.py:743} INFO - Processing file /home/airflow/.local/lib/python3.7/site-packages/airflow/example_dags/example_branch_day_of_week_operator.py for tasks to queue
[2023-05-11T19:01:14.487+0000] {logging_mixin.py:137} INFO - [2023-05-11T19:01:14.487+0000] {dagbag.py:538} INFO - Filling up the DagBag from /home/airflow/.local/lib/python3.7/site-packages/airflow/example_dags/example_branch_day_of_week_operator.py
[2023-05-11T19:01:14.499+0000] {processor.py:753} INFO - DAG(s) dict_keys(['example_weekday_branch_operator']) retrieved from /home/airflow/.local/lib/python3.7/site-packages/airflow/example_dags/example_branch_day_of_week_operator.py
[2023-05-11T19:01:14.526+0000] {logging_mixin.py:137} INFO - [2023-05-11T19:01:14.526+0000] {dag.py:2690} INFO - Sync 1 DAGs
[2023-05-11T19:01:14.548+0000] {logging_mixin.py:137} INFO - [2023-05-11T19:01:14.548+0000] {dag.py:3441} INFO - Setting next_dagrun for example_weekday_branch_operator to 2023-05-10T00:00:00+00:00, run_after=2023-05-11T00:00:00+00:00
[2023-05-11T19:01:14.563+0000] {processor.py:175} INFO - Processing /home/airflow/.local/lib/python3.7/site-packages/airflow/example_dags/example_branch_day_of_week_operator.py took 0.079 seconds
[2023-05-11T19:01:44.845+0000] {processor.py:153} INFO - Started process (PID=1771) to work on /home/airflow/.local/lib/python3.7/site-packages/airflow/example_dags/example_branch_day_of_week_operator.py
[2023-05-11T19:01:44.846+0000] {processor.py:743} INFO - Processing file /home/airflow/.local/lib/python3.7/site-packages/airflow/example_dags/example_branch_day_of_week_operator.py for tasks to queue
[2023-05-11T19:01:44.847+0000] {logging_mixin.py:137} INFO - [2023-05-11T19:01:44.847+0000] {dagbag.py:538} INFO - Filling up the DagBag from /home/airflow/.local/lib/python3.7/site-packages/airflow/example_dags/example_branch_day_of_week_operator.py
[2023-05-11T19:01:44.866+0000] {processor.py:753} INFO - DAG(s) dict_keys(['example_weekday_branch_operator']) retrieved from /home/airflow/.local/lib/python3.7/site-packages/airflow/example_dags/example_branch_day_of_week_operator.py
[2023-05-11T19:01:44.897+0000] {logging_mixin.py:137} INFO - [2023-05-11T19:01:44.897+0000] {dag.py:2690} INFO - Sync 1 DAGs
[2023-05-11T19:01:44.929+0000] {logging_mixin.py:137} INFO - [2023-05-11T19:01:44.929+0000] {dag.py:3441} INFO - Setting next_dagrun for example_weekday_branch_operator to 2023-05-10T00:00:00+00:00, run_after=2023-05-11T00:00:00+00:00
[2023-05-11T19:01:44.960+0000] {processor.py:175} INFO - Processing /home/airflow/.local/lib/python3.7/site-packages/airflow/example_dags/example_branch_day_of_week_operator.py took 0.118 seconds
[2023-05-11T19:02:15.886+0000] {processor.py:153} INFO - Started process (PID=2019) to work on /home/airflow/.local/lib/python3.7/site-packages/airflow/example_dags/example_branch_day_of_week_operator.py
[2023-05-11T19:02:15.887+0000] {processor.py:743} INFO - Processing file /home/airflow/.local/lib/python3.7/site-packages/airflow/example_dags/example_branch_day_of_week_operator.py for tasks to queue
[2023-05-11T19:02:15.888+0000] {logging_mixin.py:137} INFO - [2023-05-11T19:02:15.888+0000] {dagbag.py:538} INFO - Filling up the DagBag from /home/airflow/.local/lib/python3.7/site-packages/airflow/example_dags/example_branch_day_of_week_operator.py
[2023-05-11T19:02:15.903+0000] {processor.py:753} INFO - DAG(s) dict_keys(['example_weekday_branch_operator']) retrieved from /home/airflow/.local/lib/python3.7/site-packages/airflow/example_dags/example_branch_day_of_week_operator.py
[2023-05-11T19:02:15.928+0000] {logging_mixin.py:137} INFO - [2023-05-11T19:02:15.928+0000] {dag.py:2690} INFO - Sync 1 DAGs
[2023-05-11T19:02:15.953+0000] {logging_mixin.py:137} INFO - [2023-05-11T19:02:15.953+0000] {dag.py:3441} INFO - Setting next_dagrun for example_weekday_branch_operator to 2023-05-10T00:00:00+00:00, run_after=2023-05-11T00:00:00+00:00
[2023-05-11T19:02:15.970+0000] {processor.py:175} INFO - Processing /home/airflow/.local/lib/python3.7/site-packages/airflow/example_dags/example_branch_day_of_week_operator.py took 0.087 seconds
[2023-05-11T19:03:25.764+0000] {processor.py:153} INFO - Started process (PID=329) to work on /home/airflow/.local/lib/python3.7/site-packages/airflow/example_dags/example_branch_day_of_week_operator.py
[2023-05-11T19:03:25.765+0000] {processor.py:743} INFO - Processing file /home/airflow/.local/lib/python3.7/site-packages/airflow/example_dags/example_branch_day_of_week_operator.py for tasks to queue
[2023-05-11T19:03:25.765+0000] {logging_mixin.py:137} INFO - [2023-05-11T19:03:25.765+0000] {dagbag.py:538} INFO - Filling up the DagBag from /home/airflow/.local/lib/python3.7/site-packages/airflow/example_dags/example_branch_day_of_week_operator.py
[2023-05-11T19:03:25.775+0000] {processor.py:753} INFO - DAG(s) dict_keys(['example_weekday_branch_operator']) retrieved from /home/airflow/.local/lib/python3.7/site-packages/airflow/example_dags/example_branch_day_of_week_operator.py
[2023-05-11T19:03:25.786+0000] {logging_mixin.py:137} INFO - [2023-05-11T19:03:25.786+0000] {dag.py:2690} INFO - Sync 1 DAGs
[2023-05-11T19:03:25.814+0000] {logging_mixin.py:137} INFO - [2023-05-11T19:03:25.814+0000] {dag.py:3441} INFO - Setting next_dagrun for example_weekday_branch_operator to 2023-05-10T00:00:00+00:00, run_after=2023-05-11T00:00:00+00:00
[2023-05-11T19:03:25.832+0000] {processor.py:175} INFO - Processing /home/airflow/.local/lib/python3.7/site-packages/airflow/example_dags/example_branch_day_of_week_operator.py took 0.070 seconds
[2023-05-11T19:03:56.198+0000] {processor.py:153} INFO - Started process (PID=561) to work on /home/airflow/.local/lib/python3.7/site-packages/airflow/example_dags/example_branch_day_of_week_operator.py
[2023-05-11T19:03:56.199+0000] {processor.py:743} INFO - Processing file /home/airflow/.local/lib/python3.7/site-packages/airflow/example_dags/example_branch_day_of_week_operator.py for tasks to queue
[2023-05-11T19:03:56.199+0000] {logging_mixin.py:137} INFO - [2023-05-11T19:03:56.199+0000] {dagbag.py:538} INFO - Filling up the DagBag from /home/airflow/.local/lib/python3.7/site-packages/airflow/example_dags/example_branch_day_of_week_operator.py
[2023-05-11T19:03:56.212+0000] {processor.py:753} INFO - DAG(s) dict_keys(['example_weekday_branch_operator']) retrieved from /home/airflow/.local/lib/python3.7/site-packages/airflow/example_dags/example_branch_day_of_week_operator.py
[2023-05-11T19:03:56.235+0000] {logging_mixin.py:137} INFO - [2023-05-11T19:03:56.235+0000] {dag.py:2690} INFO - Sync 1 DAGs
[2023-05-11T19:03:56.258+0000] {logging_mixin.py:137} INFO - [2023-05-11T19:03:56.258+0000] {dag.py:3441} INFO - Setting next_dagrun for example_weekday_branch_operator to 2023-05-10T00:00:00+00:00, run_after=2023-05-11T00:00:00+00:00
[2023-05-11T19:03:56.273+0000] {processor.py:175} INFO - Processing /home/airflow/.local/lib/python3.7/site-packages/airflow/example_dags/example_branch_day_of_week_operator.py took 0.079 seconds
[2023-05-11T19:04:26.887+0000] {processor.py:153} INFO - Started process (PID=809) to work on /home/airflow/.local/lib/python3.7/site-packages/airflow/example_dags/example_branch_day_of_week_operator.py
[2023-05-11T19:04:26.887+0000] {processor.py:743} INFO - Processing file /home/airflow/.local/lib/python3.7/site-packages/airflow/example_dags/example_branch_day_of_week_operator.py for tasks to queue
[2023-05-11T19:04:26.888+0000] {logging_mixin.py:137} INFO - [2023-05-11T19:04:26.888+0000] {dagbag.py:538} INFO - Filling up the DagBag from /home/airflow/.local/lib/python3.7/site-packages/airflow/example_dags/example_branch_day_of_week_operator.py
[2023-05-11T19:04:26.904+0000] {processor.py:753} INFO - DAG(s) dict_keys(['example_weekday_branch_operator']) retrieved from /home/airflow/.local/lib/python3.7/site-packages/airflow/example_dags/example_branch_day_of_week_operator.py
[2023-05-11T19:04:26.942+0000] {logging_mixin.py:137} INFO - [2023-05-11T19:04:26.941+0000] {dag.py:2690} INFO - Sync 1 DAGs
[2023-05-11T19:04:26.978+0000] {logging_mixin.py:137} INFO - [2023-05-11T19:04:26.978+0000] {dag.py:3441} INFO - Setting next_dagrun for example_weekday_branch_operator to 2023-05-10T00:00:00+00:00, run_after=2023-05-11T00:00:00+00:00
[2023-05-11T19:04:26.996+0000] {processor.py:175} INFO - Processing /home/airflow/.local/lib/python3.7/site-packages/airflow/example_dags/example_branch_day_of_week_operator.py took 0.113 seconds
[2023-05-11T19:04:57.300+0000] {processor.py:153} INFO - Started process (PID=1041) to work on /home/airflow/.local/lib/python3.7/site-packages/airflow/example_dags/example_branch_day_of_week_operator.py
[2023-05-11T19:04:57.301+0000] {processor.py:743} INFO - Processing file /home/airflow/.local/lib/python3.7/site-packages/airflow/example_dags/example_branch_day_of_week_operator.py for tasks to queue
[2023-05-11T19:04:57.301+0000] {logging_mixin.py:137} INFO - [2023-05-11T19:04:57.301+0000] {dagbag.py:538} INFO - Filling up the DagBag from /home/airflow/.local/lib/python3.7/site-packages/airflow/example_dags/example_branch_day_of_week_operator.py
[2023-05-11T19:04:57.314+0000] {processor.py:753} INFO - DAG(s) dict_keys(['example_weekday_branch_operator']) retrieved from /home/airflow/.local/lib/python3.7/site-packages/airflow/example_dags/example_branch_day_of_week_operator.py
[2023-05-11T19:04:57.340+0000] {logging_mixin.py:137} INFO - [2023-05-11T19:04:57.340+0000] {dag.py:2690} INFO - Sync 1 DAGs
[2023-05-11T19:04:57.369+0000] {logging_mixin.py:137} INFO - [2023-05-11T19:04:57.368+0000] {dag.py:3441} INFO - Setting next_dagrun for example_weekday_branch_operator to 2023-05-10T00:00:00+00:00, run_after=2023-05-11T00:00:00+00:00
[2023-05-11T19:04:57.388+0000] {processor.py:175} INFO - Processing /home/airflow/.local/lib/python3.7/site-packages/airflow/example_dags/example_branch_day_of_week_operator.py took 0.091 seconds
[2023-05-11T19:05:27.660+0000] {processor.py:153} INFO - Started process (PID=1289) to work on /home/airflow/.local/lib/python3.7/site-packages/airflow/example_dags/example_branch_day_of_week_operator.py
[2023-05-11T19:05:27.660+0000] {processor.py:743} INFO - Processing file /home/airflow/.local/lib/python3.7/site-packages/airflow/example_dags/example_branch_day_of_week_operator.py for tasks to queue
[2023-05-11T19:05:27.660+0000] {logging_mixin.py:137} INFO - [2023-05-11T19:05:27.660+0000] {dagbag.py:538} INFO - Filling up the DagBag from /home/airflow/.local/lib/python3.7/site-packages/airflow/example_dags/example_branch_day_of_week_operator.py
[2023-05-11T19:05:27.671+0000] {processor.py:753} INFO - DAG(s) dict_keys(['example_weekday_branch_operator']) retrieved from /home/airflow/.local/lib/python3.7/site-packages/airflow/example_dags/example_branch_day_of_week_operator.py
[2023-05-11T19:05:27.689+0000] {logging_mixin.py:137} INFO - [2023-05-11T19:05:27.689+0000] {dag.py:2690} INFO - Sync 1 DAGs
[2023-05-11T19:05:27.706+0000] {logging_mixin.py:137} INFO - [2023-05-11T19:05:27.706+0000] {dag.py:3441} INFO - Setting next_dagrun for example_weekday_branch_operator to 2023-05-10T00:00:00+00:00, run_after=2023-05-11T00:00:00+00:00
[2023-05-11T19:05:27.717+0000] {processor.py:175} INFO - Processing /home/airflow/.local/lib/python3.7/site-packages/airflow/example_dags/example_branch_day_of_week_operator.py took 0.060 seconds
[2023-05-11T19:05:58.700+0000] {processor.py:153} INFO - Started process (PID=1521) to work on /home/airflow/.local/lib/python3.7/site-packages/airflow/example_dags/example_branch_day_of_week_operator.py
[2023-05-11T19:05:58.701+0000] {processor.py:743} INFO - Processing file /home/airflow/.local/lib/python3.7/site-packages/airflow/example_dags/example_branch_day_of_week_operator.py for tasks to queue
[2023-05-11T19:05:58.701+0000] {logging_mixin.py:137} INFO - [2023-05-11T19:05:58.701+0000] {dagbag.py:538} INFO - Filling up the DagBag from /home/airflow/.local/lib/python3.7/site-packages/airflow/example_dags/example_branch_day_of_week_operator.py
[2023-05-11T19:05:58.710+0000] {processor.py:753} INFO - DAG(s) dict_keys(['example_weekday_branch_operator']) retrieved from /home/airflow/.local/lib/python3.7/site-packages/airflow/example_dags/example_branch_day_of_week_operator.py
[2023-05-11T19:05:58.731+0000] {logging_mixin.py:137} INFO - [2023-05-11T19:05:58.730+0000] {dag.py:2690} INFO - Sync 1 DAGs
[2023-05-11T19:05:58.755+0000] {logging_mixin.py:137} INFO - [2023-05-11T19:05:58.754+0000] {dag.py:3441} INFO - Setting next_dagrun for example_weekday_branch_operator to 2023-05-10T00:00:00+00:00, run_after=2023-05-11T00:00:00+00:00
[2023-05-11T19:05:58.767+0000] {processor.py:175} INFO - Processing /home/airflow/.local/lib/python3.7/site-packages/airflow/example_dags/example_branch_day_of_week_operator.py took 0.069 seconds
[2023-05-11T19:06:29.420+0000] {processor.py:153} INFO - Started process (PID=1769) to work on /home/airflow/.local/lib/python3.7/site-packages/airflow/example_dags/example_branch_day_of_week_operator.py
[2023-05-11T19:06:29.421+0000] {processor.py:743} INFO - Processing file /home/airflow/.local/lib/python3.7/site-packages/airflow/example_dags/example_branch_day_of_week_operator.py for tasks to queue
[2023-05-11T19:06:29.421+0000] {logging_mixin.py:137} INFO - [2023-05-11T19:06:29.421+0000] {dagbag.py:538} INFO - Filling up the DagBag from /home/airflow/.local/lib/python3.7/site-packages/airflow/example_dags/example_branch_day_of_week_operator.py
[2023-05-11T19:06:29.430+0000] {processor.py:753} INFO - DAG(s) dict_keys(['example_weekday_branch_operator']) retrieved from /home/airflow/.local/lib/python3.7/site-packages/airflow/example_dags/example_branch_day_of_week_operator.py
[2023-05-11T19:06:29.447+0000] {logging_mixin.py:137} INFO - [2023-05-11T19:06:29.447+0000] {dag.py:2690} INFO - Sync 1 DAGs
[2023-05-11T19:06:29.464+0000] {logging_mixin.py:137} INFO - [2023-05-11T19:06:29.463+0000] {dag.py:3441} INFO - Setting next_dagrun for example_weekday_branch_operator to 2023-05-10T00:00:00+00:00, run_after=2023-05-11T00:00:00+00:00
[2023-05-11T19:06:29.475+0000] {processor.py:175} INFO - Processing /home/airflow/.local/lib/python3.7/site-packages/airflow/example_dags/example_branch_day_of_week_operator.py took 0.057 seconds
[2023-05-11T19:06:59.596+0000] {processor.py:153} INFO - Started process (PID=2001) to work on /home/airflow/.local/lib/python3.7/site-packages/airflow/example_dags/example_branch_day_of_week_operator.py
[2023-05-11T19:06:59.596+0000] {processor.py:743} INFO - Processing file /home/airflow/.local/lib/python3.7/site-packages/airflow/example_dags/example_branch_day_of_week_operator.py for tasks to queue
[2023-05-11T19:06:59.597+0000] {logging_mixin.py:137} INFO - [2023-05-11T19:06:59.597+0000] {dagbag.py:538} INFO - Filling up the DagBag from /home/airflow/.local/lib/python3.7/site-packages/airflow/example_dags/example_branch_day_of_week_operator.py
[2023-05-11T19:06:59.610+0000] {processor.py:753} INFO - DAG(s) dict_keys(['example_weekday_branch_operator']) retrieved from /home/airflow/.local/lib/python3.7/site-packages/airflow/example_dags/example_branch_day_of_week_operator.py
[2023-05-11T19:06:59.632+0000] {logging_mixin.py:137} INFO - [2023-05-11T19:06:59.632+0000] {dag.py:2690} INFO - Sync 1 DAGs
[2023-05-11T19:06:59.655+0000] {logging_mixin.py:137} INFO - [2023-05-11T19:06:59.655+0000] {dag.py:3441} INFO - Setting next_dagrun for example_weekday_branch_operator to 2023-05-10T00:00:00+00:00, run_after=2023-05-11T00:00:00+00:00
[2023-05-11T19:06:59.671+0000] {processor.py:175} INFO - Processing /home/airflow/.local/lib/python3.7/site-packages/airflow/example_dags/example_branch_day_of_week_operator.py took 0.078 seconds
[2023-05-11T19:07:30.207+0000] {processor.py:153} INFO - Started process (PID=2249) to work on /home/airflow/.local/lib/python3.7/site-packages/airflow/example_dags/example_branch_day_of_week_operator.py
[2023-05-11T19:07:30.208+0000] {processor.py:743} INFO - Processing file /home/airflow/.local/lib/python3.7/site-packages/airflow/example_dags/example_branch_day_of_week_operator.py for tasks to queue
[2023-05-11T19:07:30.208+0000] {logging_mixin.py:137} INFO - [2023-05-11T19:07:30.208+0000] {dagbag.py:538} INFO - Filling up the DagBag from /home/airflow/.local/lib/python3.7/site-packages/airflow/example_dags/example_branch_day_of_week_operator.py
[2023-05-11T19:07:30.222+0000] {processor.py:753} INFO - DAG(s) dict_keys(['example_weekday_branch_operator']) retrieved from /home/airflow/.local/lib/python3.7/site-packages/airflow/example_dags/example_branch_day_of_week_operator.py
[2023-05-11T19:07:30.248+0000] {logging_mixin.py:137} INFO - [2023-05-11T19:07:30.247+0000] {dag.py:2690} INFO - Sync 1 DAGs
[2023-05-11T19:07:30.271+0000] {logging_mixin.py:137} INFO - [2023-05-11T19:07:30.270+0000] {dag.py:3441} INFO - Setting next_dagrun for example_weekday_branch_operator to 2023-05-10T00:00:00+00:00, run_after=2023-05-11T00:00:00+00:00
[2023-05-11T19:07:30.286+0000] {processor.py:175} INFO - Processing /home/airflow/.local/lib/python3.7/site-packages/airflow/example_dags/example_branch_day_of_week_operator.py took 0.082 seconds
[2023-05-11T19:08:00.430+0000] {processor.py:153} INFO - Started process (PID=2482) to work on /home/airflow/.local/lib/python3.7/site-packages/airflow/example_dags/example_branch_day_of_week_operator.py
[2023-05-11T19:08:00.430+0000] {processor.py:743} INFO - Processing file /home/airflow/.local/lib/python3.7/site-packages/airflow/example_dags/example_branch_day_of_week_operator.py for tasks to queue
[2023-05-11T19:08:00.431+0000] {logging_mixin.py:137} INFO - [2023-05-11T19:08:00.431+0000] {dagbag.py:538} INFO - Filling up the DagBag from /home/airflow/.local/lib/python3.7/site-packages/airflow/example_dags/example_branch_day_of_week_operator.py
[2023-05-11T19:08:00.444+0000] {processor.py:753} INFO - DAG(s) dict_keys(['example_weekday_branch_operator']) retrieved from /home/airflow/.local/lib/python3.7/site-packages/airflow/example_dags/example_branch_day_of_week_operator.py
[2023-05-11T19:08:00.468+0000] {logging_mixin.py:137} INFO - [2023-05-11T19:08:00.468+0000] {dag.py:2690} INFO - Sync 1 DAGs
[2023-05-11T19:08:00.494+0000] {logging_mixin.py:137} INFO - [2023-05-11T19:08:00.494+0000] {dag.py:3441} INFO - Setting next_dagrun for example_weekday_branch_operator to 2023-05-10T00:00:00+00:00, run_after=2023-05-11T00:00:00+00:00
[2023-05-11T19:08:00.512+0000] {processor.py:175} INFO - Processing /home/airflow/.local/lib/python3.7/site-packages/airflow/example_dags/example_branch_day_of_week_operator.py took 0.085 seconds
[2023-05-11T19:09:22.063+0000] {processor.py:153} INFO - Started process (PID=330) to work on /home/airflow/.local/lib/python3.7/site-packages/airflow/example_dags/example_branch_day_of_week_operator.py
[2023-05-11T19:09:22.064+0000] {processor.py:743} INFO - Processing file /home/airflow/.local/lib/python3.7/site-packages/airflow/example_dags/example_branch_day_of_week_operator.py for tasks to queue
[2023-05-11T19:09:22.064+0000] {logging_mixin.py:137} INFO - [2023-05-11T19:09:22.064+0000] {dagbag.py:538} INFO - Filling up the DagBag from /home/airflow/.local/lib/python3.7/site-packages/airflow/example_dags/example_branch_day_of_week_operator.py
[2023-05-11T19:09:22.079+0000] {processor.py:753} INFO - DAG(s) dict_keys(['example_weekday_branch_operator']) retrieved from /home/airflow/.local/lib/python3.7/site-packages/airflow/example_dags/example_branch_day_of_week_operator.py
[2023-05-11T19:09:22.092+0000] {logging_mixin.py:137} INFO - [2023-05-11T19:09:22.092+0000] {dag.py:2690} INFO - Sync 1 DAGs
[2023-05-11T19:09:22.121+0000] {logging_mixin.py:137} INFO - [2023-05-11T19:09:22.120+0000] {dag.py:3441} INFO - Setting next_dagrun for example_weekday_branch_operator to 2023-05-10T00:00:00+00:00, run_after=2023-05-11T00:00:00+00:00
[2023-05-11T19:09:22.141+0000] {processor.py:175} INFO - Processing /home/airflow/.local/lib/python3.7/site-packages/airflow/example_dags/example_branch_day_of_week_operator.py took 0.081 seconds
[2023-05-11T19:09:53.093+0000] {processor.py:153} INFO - Started process (PID=562) to work on /home/airflow/.local/lib/python3.7/site-packages/airflow/example_dags/example_branch_day_of_week_operator.py
[2023-05-11T19:09:53.094+0000] {processor.py:743} INFO - Processing file /home/airflow/.local/lib/python3.7/site-packages/airflow/example_dags/example_branch_day_of_week_operator.py for tasks to queue
[2023-05-11T19:09:53.095+0000] {logging_mixin.py:137} INFO - [2023-05-11T19:09:53.095+0000] {dagbag.py:538} INFO - Filling up the DagBag from /home/airflow/.local/lib/python3.7/site-packages/airflow/example_dags/example_branch_day_of_week_operator.py
[2023-05-11T19:09:53.109+0000] {processor.py:753} INFO - DAG(s) dict_keys(['example_weekday_branch_operator']) retrieved from /home/airflow/.local/lib/python3.7/site-packages/airflow/example_dags/example_branch_day_of_week_operator.py
[2023-05-11T19:09:53.130+0000] {logging_mixin.py:137} INFO - [2023-05-11T19:09:53.130+0000] {dag.py:2690} INFO - Sync 1 DAGs
[2023-05-11T19:09:53.148+0000] {logging_mixin.py:137} INFO - [2023-05-11T19:09:53.148+0000] {dag.py:3441} INFO - Setting next_dagrun for example_weekday_branch_operator to 2023-05-10T00:00:00+00:00, run_after=2023-05-11T00:00:00+00:00
[2023-05-11T19:09:53.160+0000] {processor.py:175} INFO - Processing /home/airflow/.local/lib/python3.7/site-packages/airflow/example_dags/example_branch_day_of_week_operator.py took 0.069 seconds
[2023-05-11T19:10:23.212+0000] {processor.py:153} INFO - Started process (PID=810) to work on /home/airflow/.local/lib/python3.7/site-packages/airflow/example_dags/example_branch_day_of_week_operator.py
[2023-05-11T19:10:23.213+0000] {processor.py:743} INFO - Processing file /home/airflow/.local/lib/python3.7/site-packages/airflow/example_dags/example_branch_day_of_week_operator.py for tasks to queue
[2023-05-11T19:10:23.213+0000] {logging_mixin.py:137} INFO - [2023-05-11T19:10:23.213+0000] {dagbag.py:538} INFO - Filling up the DagBag from /home/airflow/.local/lib/python3.7/site-packages/airflow/example_dags/example_branch_day_of_week_operator.py
[2023-05-11T19:10:23.226+0000] {processor.py:753} INFO - DAG(s) dict_keys(['example_weekday_branch_operator']) retrieved from /home/airflow/.local/lib/python3.7/site-packages/airflow/example_dags/example_branch_day_of_week_operator.py
[2023-05-11T19:10:23.248+0000] {logging_mixin.py:137} INFO - [2023-05-11T19:10:23.248+0000] {dag.py:2690} INFO - Sync 1 DAGs
[2023-05-11T19:10:23.266+0000] {logging_mixin.py:137} INFO - [2023-05-11T19:10:23.266+0000] {dag.py:3441} INFO - Setting next_dagrun for example_weekday_branch_operator to 2023-05-10T00:00:00+00:00, run_after=2023-05-11T00:00:00+00:00
[2023-05-11T19:10:23.279+0000] {processor.py:175} INFO - Processing /home/airflow/.local/lib/python3.7/site-packages/airflow/example_dags/example_branch_day_of_week_operator.py took 0.070 seconds
[2023-05-11T19:10:53.666+0000] {processor.py:153} INFO - Started process (PID=1042) to work on /home/airflow/.local/lib/python3.7/site-packages/airflow/example_dags/example_branch_day_of_week_operator.py
[2023-05-11T19:10:53.667+0000] {processor.py:743} INFO - Processing file /home/airflow/.local/lib/python3.7/site-packages/airflow/example_dags/example_branch_day_of_week_operator.py for tasks to queue
[2023-05-11T19:10:53.667+0000] {logging_mixin.py:137} INFO - [2023-05-11T19:10:53.667+0000] {dagbag.py:538} INFO - Filling up the DagBag from /home/airflow/.local/lib/python3.7/site-packages/airflow/example_dags/example_branch_day_of_week_operator.py
[2023-05-11T19:10:53.676+0000] {processor.py:753} INFO - DAG(s) dict_keys(['example_weekday_branch_operator']) retrieved from /home/airflow/.local/lib/python3.7/site-packages/airflow/example_dags/example_branch_day_of_week_operator.py
[2023-05-11T19:10:53.693+0000] {logging_mixin.py:137} INFO - [2023-05-11T19:10:53.693+0000] {dag.py:2690} INFO - Sync 1 DAGs
[2023-05-11T19:10:53.708+0000] {logging_mixin.py:137} INFO - [2023-05-11T19:10:53.708+0000] {dag.py:3441} INFO - Setting next_dagrun for example_weekday_branch_operator to 2023-05-10T00:00:00+00:00, run_after=2023-05-11T00:00:00+00:00
[2023-05-11T19:10:53.720+0000] {processor.py:175} INFO - Processing /home/airflow/.local/lib/python3.7/site-packages/airflow/example_dags/example_branch_day_of_week_operator.py took 0.056 seconds
[2023-05-11T19:11:24.569+0000] {processor.py:153} INFO - Started process (PID=1290) to work on /home/airflow/.local/lib/python3.7/site-packages/airflow/example_dags/example_branch_day_of_week_operator.py
[2023-05-11T19:11:24.569+0000] {processor.py:743} INFO - Processing file /home/airflow/.local/lib/python3.7/site-packages/airflow/example_dags/example_branch_day_of_week_operator.py for tasks to queue
[2023-05-11T19:11:24.570+0000] {logging_mixin.py:137} INFO - [2023-05-11T19:11:24.570+0000] {dagbag.py:538} INFO - Filling up the DagBag from /home/airflow/.local/lib/python3.7/site-packages/airflow/example_dags/example_branch_day_of_week_operator.py
[2023-05-11T19:11:24.583+0000] {processor.py:753} INFO - DAG(s) dict_keys(['example_weekday_branch_operator']) retrieved from /home/airflow/.local/lib/python3.7/site-packages/airflow/example_dags/example_branch_day_of_week_operator.py
[2023-05-11T19:11:24.607+0000] {logging_mixin.py:137} INFO - [2023-05-11T19:11:24.607+0000] {dag.py:2690} INFO - Sync 1 DAGs
[2023-05-11T19:11:24.631+0000] {logging_mixin.py:137} INFO - [2023-05-11T19:11:24.631+0000] {dag.py:3441} INFO - Setting next_dagrun for example_weekday_branch_operator to 2023-05-10T00:00:00+00:00, run_after=2023-05-11T00:00:00+00:00
[2023-05-11T19:11:24.648+0000] {processor.py:175} INFO - Processing /home/airflow/.local/lib/python3.7/site-packages/airflow/example_dags/example_branch_day_of_week_operator.py took 0.082 seconds
[2023-05-11T19:14:01.341+0000] {processor.py:153} INFO - Started process (PID=331) to work on /home/airflow/.local/lib/python3.7/site-packages/airflow/example_dags/example_branch_day_of_week_operator.py
[2023-05-11T19:14:01.341+0000] {processor.py:743} INFO - Processing file /home/airflow/.local/lib/python3.7/site-packages/airflow/example_dags/example_branch_day_of_week_operator.py for tasks to queue
[2023-05-11T19:14:01.342+0000] {logging_mixin.py:137} INFO - [2023-05-11T19:14:01.342+0000] {dagbag.py:538} INFO - Filling up the DagBag from /home/airflow/.local/lib/python3.7/site-packages/airflow/example_dags/example_branch_day_of_week_operator.py
[2023-05-11T19:14:01.354+0000] {processor.py:753} INFO - DAG(s) dict_keys(['example_weekday_branch_operator']) retrieved from /home/airflow/.local/lib/python3.7/site-packages/airflow/example_dags/example_branch_day_of_week_operator.py
[2023-05-11T19:14:01.364+0000] {logging_mixin.py:137} INFO - [2023-05-11T19:14:01.363+0000] {dag.py:2690} INFO - Sync 1 DAGs
[2023-05-11T19:14:01.383+0000] {logging_mixin.py:137} INFO - [2023-05-11T19:14:01.383+0000] {dag.py:3441} INFO - Setting next_dagrun for example_weekday_branch_operator to 2023-05-10T00:00:00+00:00, run_after=2023-05-11T00:00:00+00:00
[2023-05-11T19:14:01.395+0000] {processor.py:175} INFO - Processing /home/airflow/.local/lib/python3.7/site-packages/airflow/example_dags/example_branch_day_of_week_operator.py took 0.057 seconds
[2023-05-11T19:14:32.449+0000] {processor.py:153} INFO - Started process (PID=563) to work on /home/airflow/.local/lib/python3.7/site-packages/airflow/example_dags/example_branch_day_of_week_operator.py
[2023-05-11T19:14:32.450+0000] {processor.py:743} INFO - Processing file /home/airflow/.local/lib/python3.7/site-packages/airflow/example_dags/example_branch_day_of_week_operator.py for tasks to queue
[2023-05-11T19:14:32.451+0000] {logging_mixin.py:137} INFO - [2023-05-11T19:14:32.451+0000] {dagbag.py:538} INFO - Filling up the DagBag from /home/airflow/.local/lib/python3.7/site-packages/airflow/example_dags/example_branch_day_of_week_operator.py
[2023-05-11T19:14:32.464+0000] {processor.py:753} INFO - DAG(s) dict_keys(['example_weekday_branch_operator']) retrieved from /home/airflow/.local/lib/python3.7/site-packages/airflow/example_dags/example_branch_day_of_week_operator.py
[2023-05-11T19:14:32.487+0000] {logging_mixin.py:137} INFO - [2023-05-11T19:14:32.487+0000] {dag.py:2690} INFO - Sync 1 DAGs
[2023-05-11T19:14:32.511+0000] {logging_mixin.py:137} INFO - [2023-05-11T19:14:32.511+0000] {dag.py:3441} INFO - Setting next_dagrun for example_weekday_branch_operator to 2023-05-10T00:00:00+00:00, run_after=2023-05-11T00:00:00+00:00
[2023-05-11T19:14:32.529+0000] {processor.py:175} INFO - Processing /home/airflow/.local/lib/python3.7/site-packages/airflow/example_dags/example_branch_day_of_week_operator.py took 0.083 seconds
[2023-05-11T19:15:03.523+0000] {processor.py:153} INFO - Started process (PID=811) to work on /home/airflow/.local/lib/python3.7/site-packages/airflow/example_dags/example_branch_day_of_week_operator.py
[2023-05-11T19:15:03.524+0000] {processor.py:743} INFO - Processing file /home/airflow/.local/lib/python3.7/site-packages/airflow/example_dags/example_branch_day_of_week_operator.py for tasks to queue
[2023-05-11T19:15:03.524+0000] {logging_mixin.py:137} INFO - [2023-05-11T19:15:03.524+0000] {dagbag.py:538} INFO - Filling up the DagBag from /home/airflow/.local/lib/python3.7/site-packages/airflow/example_dags/example_branch_day_of_week_operator.py
[2023-05-11T19:15:03.534+0000] {processor.py:753} INFO - DAG(s) dict_keys(['example_weekday_branch_operator']) retrieved from /home/airflow/.local/lib/python3.7/site-packages/airflow/example_dags/example_branch_day_of_week_operator.py
[2023-05-11T19:15:03.553+0000] {logging_mixin.py:137} INFO - [2023-05-11T19:15:03.553+0000] {dag.py:2690} INFO - Sync 1 DAGs
[2023-05-11T19:15:03.574+0000] {logging_mixin.py:137} INFO - [2023-05-11T19:15:03.574+0000] {dag.py:3441} INFO - Setting next_dagrun for example_weekday_branch_operator to 2023-05-10T00:00:00+00:00, run_after=2023-05-11T00:00:00+00:00
[2023-05-11T19:15:03.588+0000] {processor.py:175} INFO - Processing /home/airflow/.local/lib/python3.7/site-packages/airflow/example_dags/example_branch_day_of_week_operator.py took 0.067 seconds
[2023-05-11T19:15:33.759+0000] {processor.py:153} INFO - Started process (PID=1043) to work on /home/airflow/.local/lib/python3.7/site-packages/airflow/example_dags/example_branch_day_of_week_operator.py
[2023-05-11T19:15:33.760+0000] {processor.py:743} INFO - Processing file /home/airflow/.local/lib/python3.7/site-packages/airflow/example_dags/example_branch_day_of_week_operator.py for tasks to queue
[2023-05-11T19:15:33.761+0000] {logging_mixin.py:137} INFO - [2023-05-11T19:15:33.760+0000] {dagbag.py:538} INFO - Filling up the DagBag from /home/airflow/.local/lib/python3.7/site-packages/airflow/example_dags/example_branch_day_of_week_operator.py
[2023-05-11T19:15:33.773+0000] {processor.py:753} INFO - DAG(s) dict_keys(['example_weekday_branch_operator']) retrieved from /home/airflow/.local/lib/python3.7/site-packages/airflow/example_dags/example_branch_day_of_week_operator.py
[2023-05-11T19:15:33.796+0000] {logging_mixin.py:137} INFO - [2023-05-11T19:15:33.796+0000] {dag.py:2690} INFO - Sync 1 DAGs
[2023-05-11T19:15:33.819+0000] {logging_mixin.py:137} INFO - [2023-05-11T19:15:33.819+0000] {dag.py:3441} INFO - Setting next_dagrun for example_weekday_branch_operator to 2023-05-10T00:00:00+00:00, run_after=2023-05-11T00:00:00+00:00
[2023-05-11T19:15:33.835+0000] {processor.py:175} INFO - Processing /home/airflow/.local/lib/python3.7/site-packages/airflow/example_dags/example_branch_day_of_week_operator.py took 0.078 seconds
[2023-05-11T19:16:04.095+0000] {processor.py:153} INFO - Started process (PID=1289) to work on /home/airflow/.local/lib/python3.7/site-packages/airflow/example_dags/example_branch_day_of_week_operator.py
[2023-05-11T19:16:04.095+0000] {processor.py:743} INFO - Processing file /home/airflow/.local/lib/python3.7/site-packages/airflow/example_dags/example_branch_day_of_week_operator.py for tasks to queue
[2023-05-11T19:16:04.096+0000] {logging_mixin.py:137} INFO - [2023-05-11T19:16:04.096+0000] {dagbag.py:538} INFO - Filling up the DagBag from /home/airflow/.local/lib/python3.7/site-packages/airflow/example_dags/example_branch_day_of_week_operator.py
[2023-05-11T19:16:04.109+0000] {processor.py:753} INFO - DAG(s) dict_keys(['example_weekday_branch_operator']) retrieved from /home/airflow/.local/lib/python3.7/site-packages/airflow/example_dags/example_branch_day_of_week_operator.py
[2023-05-11T19:16:04.131+0000] {logging_mixin.py:137} INFO - [2023-05-11T19:16:04.131+0000] {dag.py:2690} INFO - Sync 1 DAGs
[2023-05-11T19:16:04.154+0000] {logging_mixin.py:137} INFO - [2023-05-11T19:16:04.154+0000] {dag.py:3441} INFO - Setting next_dagrun for example_weekday_branch_operator to 2023-05-10T00:00:00+00:00, run_after=2023-05-11T00:00:00+00:00
[2023-05-11T19:16:04.171+0000] {processor.py:175} INFO - Processing /home/airflow/.local/lib/python3.7/site-packages/airflow/example_dags/example_branch_day_of_week_operator.py took 0.079 seconds
[2023-05-11T19:16:34.329+0000] {processor.py:153} INFO - Started process (PID=1521) to work on /home/airflow/.local/lib/python3.7/site-packages/airflow/example_dags/example_branch_day_of_week_operator.py
[2023-05-11T19:16:34.329+0000] {processor.py:743} INFO - Processing file /home/airflow/.local/lib/python3.7/site-packages/airflow/example_dags/example_branch_day_of_week_operator.py for tasks to queue
[2023-05-11T19:16:34.329+0000] {logging_mixin.py:137} INFO - [2023-05-11T19:16:34.329+0000] {dagbag.py:538} INFO - Filling up the DagBag from /home/airflow/.local/lib/python3.7/site-packages/airflow/example_dags/example_branch_day_of_week_operator.py
[2023-05-11T19:16:34.341+0000] {processor.py:753} INFO - DAG(s) dict_keys(['example_weekday_branch_operator']) retrieved from /home/airflow/.local/lib/python3.7/site-packages/airflow/example_dags/example_branch_day_of_week_operator.py
[2023-05-11T19:16:34.359+0000] {logging_mixin.py:137} INFO - [2023-05-11T19:16:34.359+0000] {dag.py:2690} INFO - Sync 1 DAGs
[2023-05-11T19:16:34.377+0000] {logging_mixin.py:137} INFO - [2023-05-11T19:16:34.377+0000] {dag.py:3441} INFO - Setting next_dagrun for example_weekday_branch_operator to 2023-05-10T00:00:00+00:00, run_after=2023-05-11T00:00:00+00:00
[2023-05-11T19:16:34.391+0000] {processor.py:175} INFO - Processing /home/airflow/.local/lib/python3.7/site-packages/airflow/example_dags/example_branch_day_of_week_operator.py took 0.064 seconds
[2023-05-11T19:17:05.449+0000] {processor.py:153} INFO - Started process (PID=1769) to work on /home/airflow/.local/lib/python3.7/site-packages/airflow/example_dags/example_branch_day_of_week_operator.py
[2023-05-11T19:17:05.449+0000] {processor.py:743} INFO - Processing file /home/airflow/.local/lib/python3.7/site-packages/airflow/example_dags/example_branch_day_of_week_operator.py for tasks to queue
[2023-05-11T19:17:05.450+0000] {logging_mixin.py:137} INFO - [2023-05-11T19:17:05.450+0000] {dagbag.py:538} INFO - Filling up the DagBag from /home/airflow/.local/lib/python3.7/site-packages/airflow/example_dags/example_branch_day_of_week_operator.py
[2023-05-11T19:17:05.462+0000] {processor.py:753} INFO - DAG(s) dict_keys(['example_weekday_branch_operator']) retrieved from /home/airflow/.local/lib/python3.7/site-packages/airflow/example_dags/example_branch_day_of_week_operator.py
[2023-05-11T19:17:05.485+0000] {logging_mixin.py:137} INFO - [2023-05-11T19:17:05.485+0000] {dag.py:2690} INFO - Sync 1 DAGs
[2023-05-11T19:17:05.513+0000] {logging_mixin.py:137} INFO - [2023-05-11T19:17:05.513+0000] {dag.py:3441} INFO - Setting next_dagrun for example_weekday_branch_operator to 2023-05-10T00:00:00+00:00, run_after=2023-05-11T00:00:00+00:00
[2023-05-11T19:17:05.532+0000] {processor.py:175} INFO - Processing /home/airflow/.local/lib/python3.7/site-packages/airflow/example_dags/example_branch_day_of_week_operator.py took 0.086 seconds
[2023-05-11T19:17:35.994+0000] {processor.py:153} INFO - Started process (PID=2024) to work on /home/airflow/.local/lib/python3.7/site-packages/airflow/example_dags/example_branch_day_of_week_operator.py
[2023-05-11T19:17:35.995+0000] {processor.py:743} INFO - Processing file /home/airflow/.local/lib/python3.7/site-packages/airflow/example_dags/example_branch_day_of_week_operator.py for tasks to queue
[2023-05-11T19:17:35.996+0000] {logging_mixin.py:137} INFO - [2023-05-11T19:17:35.996+0000] {dagbag.py:538} INFO - Filling up the DagBag from /home/airflow/.local/lib/python3.7/site-packages/airflow/example_dags/example_branch_day_of_week_operator.py
[2023-05-11T19:17:36.038+0000] {processor.py:753} INFO - DAG(s) dict_keys(['example_weekday_branch_operator']) retrieved from /home/airflow/.local/lib/python3.7/site-packages/airflow/example_dags/example_branch_day_of_week_operator.py
[2023-05-11T19:17:36.060+0000] {logging_mixin.py:137} INFO - [2023-05-11T19:17:36.060+0000] {dag.py:2690} INFO - Sync 1 DAGs
[2023-05-11T19:17:36.118+0000] {logging_mixin.py:137} INFO - [2023-05-11T19:17:36.118+0000] {dag.py:3441} INFO - Setting next_dagrun for example_weekday_branch_operator to 2023-05-10T00:00:00+00:00, run_after=2023-05-11T00:00:00+00:00
[2023-05-11T19:17:36.138+0000] {processor.py:175} INFO - Processing /home/airflow/.local/lib/python3.7/site-packages/airflow/example_dags/example_branch_day_of_week_operator.py took 0.148 seconds
[2023-05-11T19:18:07.015+0000] {processor.py:153} INFO - Started process (PID=2256) to work on /home/airflow/.local/lib/python3.7/site-packages/airflow/example_dags/example_branch_day_of_week_operator.py
[2023-05-11T19:18:07.015+0000] {processor.py:743} INFO - Processing file /home/airflow/.local/lib/python3.7/site-packages/airflow/example_dags/example_branch_day_of_week_operator.py for tasks to queue
[2023-05-11T19:18:07.016+0000] {logging_mixin.py:137} INFO - [2023-05-11T19:18:07.016+0000] {dagbag.py:538} INFO - Filling up the DagBag from /home/airflow/.local/lib/python3.7/site-packages/airflow/example_dags/example_branch_day_of_week_operator.py
[2023-05-11T19:18:07.028+0000] {processor.py:753} INFO - DAG(s) dict_keys(['example_weekday_branch_operator']) retrieved from /home/airflow/.local/lib/python3.7/site-packages/airflow/example_dags/example_branch_day_of_week_operator.py
[2023-05-11T19:18:07.057+0000] {logging_mixin.py:137} INFO - [2023-05-11T19:18:07.057+0000] {dag.py:2690} INFO - Sync 1 DAGs
[2023-05-11T19:18:07.081+0000] {logging_mixin.py:137} INFO - [2023-05-11T19:18:07.081+0000] {dag.py:3441} INFO - Setting next_dagrun for example_weekday_branch_operator to 2023-05-10T00:00:00+00:00, run_after=2023-05-11T00:00:00+00:00
[2023-05-11T19:18:07.099+0000] {processor.py:175} INFO - Processing /home/airflow/.local/lib/python3.7/site-packages/airflow/example_dags/example_branch_day_of_week_operator.py took 0.087 seconds
[2023-05-11T19:18:37.879+0000] {processor.py:153} INFO - Started process (PID=2505) to work on /home/airflow/.local/lib/python3.7/site-packages/airflow/example_dags/example_branch_day_of_week_operator.py
[2023-05-11T19:18:37.880+0000] {processor.py:743} INFO - Processing file /home/airflow/.local/lib/python3.7/site-packages/airflow/example_dags/example_branch_day_of_week_operator.py for tasks to queue
[2023-05-11T19:18:37.881+0000] {logging_mixin.py:137} INFO - [2023-05-11T19:18:37.881+0000] {dagbag.py:538} INFO - Filling up the DagBag from /home/airflow/.local/lib/python3.7/site-packages/airflow/example_dags/example_branch_day_of_week_operator.py
[2023-05-11T19:18:37.893+0000] {processor.py:753} INFO - DAG(s) dict_keys(['example_weekday_branch_operator']) retrieved from /home/airflow/.local/lib/python3.7/site-packages/airflow/example_dags/example_branch_day_of_week_operator.py
[2023-05-11T19:18:37.911+0000] {logging_mixin.py:137} INFO - [2023-05-11T19:18:37.910+0000] {dag.py:2690} INFO - Sync 1 DAGs
[2023-05-11T19:18:37.928+0000] {logging_mixin.py:137} INFO - [2023-05-11T19:18:37.928+0000] {dag.py:3441} INFO - Setting next_dagrun for example_weekday_branch_operator to 2023-05-10T00:00:00+00:00, run_after=2023-05-11T00:00:00+00:00
[2023-05-11T19:18:37.942+0000] {processor.py:175} INFO - Processing /home/airflow/.local/lib/python3.7/site-packages/airflow/example_dags/example_branch_day_of_week_operator.py took 0.065 seconds
[2023-05-11T19:19:08.159+0000] {processor.py:153} INFO - Started process (PID=2737) to work on /home/airflow/.local/lib/python3.7/site-packages/airflow/example_dags/example_branch_day_of_week_operator.py
[2023-05-11T19:19:08.159+0000] {processor.py:743} INFO - Processing file /home/airflow/.local/lib/python3.7/site-packages/airflow/example_dags/example_branch_day_of_week_operator.py for tasks to queue
[2023-05-11T19:19:08.160+0000] {logging_mixin.py:137} INFO - [2023-05-11T19:19:08.160+0000] {dagbag.py:538} INFO - Filling up the DagBag from /home/airflow/.local/lib/python3.7/site-packages/airflow/example_dags/example_branch_day_of_week_operator.py
[2023-05-11T19:19:08.172+0000] {processor.py:753} INFO - DAG(s) dict_keys(['example_weekday_branch_operator']) retrieved from /home/airflow/.local/lib/python3.7/site-packages/airflow/example_dags/example_branch_day_of_week_operator.py
[2023-05-11T19:19:08.196+0000] {logging_mixin.py:137} INFO - [2023-05-11T19:19:08.196+0000] {dag.py:2690} INFO - Sync 1 DAGs
[2023-05-11T19:19:08.219+0000] {logging_mixin.py:137} INFO - [2023-05-11T19:19:08.219+0000] {dag.py:3441} INFO - Setting next_dagrun for example_weekday_branch_operator to 2023-05-10T00:00:00+00:00, run_after=2023-05-11T00:00:00+00:00
[2023-05-11T19:19:08.236+0000] {processor.py:175} INFO - Processing /home/airflow/.local/lib/python3.7/site-packages/airflow/example_dags/example_branch_day_of_week_operator.py took 0.079 seconds
[2023-05-11T19:19:38.924+0000] {processor.py:153} INFO - Started process (PID=2985) to work on /home/airflow/.local/lib/python3.7/site-packages/airflow/example_dags/example_branch_day_of_week_operator.py
[2023-05-11T19:19:38.925+0000] {processor.py:743} INFO - Processing file /home/airflow/.local/lib/python3.7/site-packages/airflow/example_dags/example_branch_day_of_week_operator.py for tasks to queue
[2023-05-11T19:19:38.926+0000] {logging_mixin.py:137} INFO - [2023-05-11T19:19:38.926+0000] {dagbag.py:538} INFO - Filling up the DagBag from /home/airflow/.local/lib/python3.7/site-packages/airflow/example_dags/example_branch_day_of_week_operator.py
[2023-05-11T19:19:38.940+0000] {processor.py:753} INFO - DAG(s) dict_keys(['example_weekday_branch_operator']) retrieved from /home/airflow/.local/lib/python3.7/site-packages/airflow/example_dags/example_branch_day_of_week_operator.py
[2023-05-11T19:19:38.962+0000] {logging_mixin.py:137} INFO - [2023-05-11T19:19:38.961+0000] {dag.py:2690} INFO - Sync 1 DAGs
[2023-05-11T19:19:38.984+0000] {logging_mixin.py:137} INFO - [2023-05-11T19:19:38.984+0000] {dag.py:3441} INFO - Setting next_dagrun for example_weekday_branch_operator to 2023-05-10T00:00:00+00:00, run_after=2023-05-11T00:00:00+00:00
[2023-05-11T19:19:39.002+0000] {processor.py:175} INFO - Processing /home/airflow/.local/lib/python3.7/site-packages/airflow/example_dags/example_branch_day_of_week_operator.py took 0.081 seconds
[2023-05-11T19:20:09.280+0000] {processor.py:153} INFO - Started process (PID=3217) to work on /home/airflow/.local/lib/python3.7/site-packages/airflow/example_dags/example_branch_day_of_week_operator.py
[2023-05-11T19:20:09.281+0000] {processor.py:743} INFO - Processing file /home/airflow/.local/lib/python3.7/site-packages/airflow/example_dags/example_branch_day_of_week_operator.py for tasks to queue
[2023-05-11T19:20:09.281+0000] {logging_mixin.py:137} INFO - [2023-05-11T19:20:09.281+0000] {dagbag.py:538} INFO - Filling up the DagBag from /home/airflow/.local/lib/python3.7/site-packages/airflow/example_dags/example_branch_day_of_week_operator.py
[2023-05-11T19:20:09.295+0000] {processor.py:753} INFO - DAG(s) dict_keys(['example_weekday_branch_operator']) retrieved from /home/airflow/.local/lib/python3.7/site-packages/airflow/example_dags/example_branch_day_of_week_operator.py
[2023-05-11T19:20:09.324+0000] {logging_mixin.py:137} INFO - [2023-05-11T19:20:09.323+0000] {dag.py:2690} INFO - Sync 1 DAGs
[2023-05-11T19:20:09.349+0000] {logging_mixin.py:137} INFO - [2023-05-11T19:20:09.349+0000] {dag.py:3441} INFO - Setting next_dagrun for example_weekday_branch_operator to 2023-05-10T00:00:00+00:00, run_after=2023-05-11T00:00:00+00:00
[2023-05-11T19:20:09.366+0000] {processor.py:175} INFO - Processing /home/airflow/.local/lib/python3.7/site-packages/airflow/example_dags/example_branch_day_of_week_operator.py took 0.090 seconds
[2023-05-11T19:20:39.959+0000] {processor.py:153} INFO - Started process (PID=3465) to work on /home/airflow/.local/lib/python3.7/site-packages/airflow/example_dags/example_branch_day_of_week_operator.py
[2023-05-11T19:20:39.959+0000] {processor.py:743} INFO - Processing file /home/airflow/.local/lib/python3.7/site-packages/airflow/example_dags/example_branch_day_of_week_operator.py for tasks to queue
[2023-05-11T19:20:39.960+0000] {logging_mixin.py:137} INFO - [2023-05-11T19:20:39.960+0000] {dagbag.py:538} INFO - Filling up the DagBag from /home/airflow/.local/lib/python3.7/site-packages/airflow/example_dags/example_branch_day_of_week_operator.py
[2023-05-11T19:20:39.970+0000] {processor.py:753} INFO - DAG(s) dict_keys(['example_weekday_branch_operator']) retrieved from /home/airflow/.local/lib/python3.7/site-packages/airflow/example_dags/example_branch_day_of_week_operator.py
[2023-05-11T19:20:39.986+0000] {logging_mixin.py:137} INFO - [2023-05-11T19:20:39.986+0000] {dag.py:2690} INFO - Sync 1 DAGs
[2023-05-11T19:20:40.002+0000] {logging_mixin.py:137} INFO - [2023-05-11T19:20:40.002+0000] {dag.py:3441} INFO - Setting next_dagrun for example_weekday_branch_operator to 2023-05-10T00:00:00+00:00, run_after=2023-05-11T00:00:00+00:00
[2023-05-11T19:20:40.013+0000] {processor.py:175} INFO - Processing /home/airflow/.local/lib/python3.7/site-packages/airflow/example_dags/example_branch_day_of_week_operator.py took 0.057 seconds
[2023-05-11T19:21:10.154+0000] {processor.py:153} INFO - Started process (PID=3697) to work on /home/airflow/.local/lib/python3.7/site-packages/airflow/example_dags/example_branch_day_of_week_operator.py
[2023-05-11T19:21:10.154+0000] {processor.py:743} INFO - Processing file /home/airflow/.local/lib/python3.7/site-packages/airflow/example_dags/example_branch_day_of_week_operator.py for tasks to queue
[2023-05-11T19:21:10.155+0000] {logging_mixin.py:137} INFO - [2023-05-11T19:21:10.155+0000] {dagbag.py:538} INFO - Filling up the DagBag from /home/airflow/.local/lib/python3.7/site-packages/airflow/example_dags/example_branch_day_of_week_operator.py
[2023-05-11T19:21:10.168+0000] {processor.py:753} INFO - DAG(s) dict_keys(['example_weekday_branch_operator']) retrieved from /home/airflow/.local/lib/python3.7/site-packages/airflow/example_dags/example_branch_day_of_week_operator.py
[2023-05-11T19:21:10.191+0000] {logging_mixin.py:137} INFO - [2023-05-11T19:21:10.191+0000] {dag.py:2690} INFO - Sync 1 DAGs
[2023-05-11T19:21:10.214+0000] {logging_mixin.py:137} INFO - [2023-05-11T19:21:10.214+0000] {dag.py:3441} INFO - Setting next_dagrun for example_weekday_branch_operator to 2023-05-10T00:00:00+00:00, run_after=2023-05-11T00:00:00+00:00
[2023-05-11T19:21:10.232+0000] {processor.py:175} INFO - Processing /home/airflow/.local/lib/python3.7/site-packages/airflow/example_dags/example_branch_day_of_week_operator.py took 0.081 seconds
[2023-05-11T19:21:40.861+0000] {processor.py:153} INFO - Started process (PID=3945) to work on /home/airflow/.local/lib/python3.7/site-packages/airflow/example_dags/example_branch_day_of_week_operator.py
[2023-05-11T19:21:40.861+0000] {processor.py:743} INFO - Processing file /home/airflow/.local/lib/python3.7/site-packages/airflow/example_dags/example_branch_day_of_week_operator.py for tasks to queue
[2023-05-11T19:21:40.862+0000] {logging_mixin.py:137} INFO - [2023-05-11T19:21:40.861+0000] {dagbag.py:538} INFO - Filling up the DagBag from /home/airflow/.local/lib/python3.7/site-packages/airflow/example_dags/example_branch_day_of_week_operator.py
[2023-05-11T19:21:40.871+0000] {processor.py:753} INFO - DAG(s) dict_keys(['example_weekday_branch_operator']) retrieved from /home/airflow/.local/lib/python3.7/site-packages/airflow/example_dags/example_branch_day_of_week_operator.py
[2023-05-11T19:21:40.887+0000] {logging_mixin.py:137} INFO - [2023-05-11T19:21:40.887+0000] {dag.py:2690} INFO - Sync 1 DAGs
[2023-05-11T19:21:40.903+0000] {logging_mixin.py:137} INFO - [2023-05-11T19:21:40.903+0000] {dag.py:3441} INFO - Setting next_dagrun for example_weekday_branch_operator to 2023-05-10T00:00:00+00:00, run_after=2023-05-11T00:00:00+00:00
[2023-05-11T19:21:40.915+0000] {processor.py:175} INFO - Processing /home/airflow/.local/lib/python3.7/site-packages/airflow/example_dags/example_branch_day_of_week_operator.py took 0.056 seconds
[2023-05-11T19:22:11.048+0000] {processor.py:153} INFO - Started process (PID=4177) to work on /home/airflow/.local/lib/python3.7/site-packages/airflow/example_dags/example_branch_day_of_week_operator.py
[2023-05-11T19:22:11.049+0000] {processor.py:743} INFO - Processing file /home/airflow/.local/lib/python3.7/site-packages/airflow/example_dags/example_branch_day_of_week_operator.py for tasks to queue
[2023-05-11T19:22:11.049+0000] {logging_mixin.py:137} INFO - [2023-05-11T19:22:11.049+0000] {dagbag.py:538} INFO - Filling up the DagBag from /home/airflow/.local/lib/python3.7/site-packages/airflow/example_dags/example_branch_day_of_week_operator.py
[2023-05-11T19:22:11.059+0000] {processor.py:753} INFO - DAG(s) dict_keys(['example_weekday_branch_operator']) retrieved from /home/airflow/.local/lib/python3.7/site-packages/airflow/example_dags/example_branch_day_of_week_operator.py
[2023-05-11T19:22:11.075+0000] {logging_mixin.py:137} INFO - [2023-05-11T19:22:11.075+0000] {dag.py:2690} INFO - Sync 1 DAGs
[2023-05-11T19:22:11.092+0000] {logging_mixin.py:137} INFO - [2023-05-11T19:22:11.092+0000] {dag.py:3441} INFO - Setting next_dagrun for example_weekday_branch_operator to 2023-05-10T00:00:00+00:00, run_after=2023-05-11T00:00:00+00:00
[2023-05-11T19:22:11.104+0000] {processor.py:175} INFO - Processing /home/airflow/.local/lib/python3.7/site-packages/airflow/example_dags/example_branch_day_of_week_operator.py took 0.058 seconds
[2023-05-11T19:22:41.710+0000] {processor.py:153} INFO - Started process (PID=4426) to work on /home/airflow/.local/lib/python3.7/site-packages/airflow/example_dags/example_branch_day_of_week_operator.py
[2023-05-11T19:22:41.711+0000] {processor.py:743} INFO - Processing file /home/airflow/.local/lib/python3.7/site-packages/airflow/example_dags/example_branch_day_of_week_operator.py for tasks to queue
[2023-05-11T19:22:41.711+0000] {logging_mixin.py:137} INFO - [2023-05-11T19:22:41.711+0000] {dagbag.py:538} INFO - Filling up the DagBag from /home/airflow/.local/lib/python3.7/site-packages/airflow/example_dags/example_branch_day_of_week_operator.py
[2023-05-11T19:22:41.721+0000] {processor.py:753} INFO - DAG(s) dict_keys(['example_weekday_branch_operator']) retrieved from /home/airflow/.local/lib/python3.7/site-packages/airflow/example_dags/example_branch_day_of_week_operator.py
[2023-05-11T19:22:41.738+0000] {logging_mixin.py:137} INFO - [2023-05-11T19:22:41.738+0000] {dag.py:2690} INFO - Sync 1 DAGs
[2023-05-11T19:22:41.754+0000] {logging_mixin.py:137} INFO - [2023-05-11T19:22:41.754+0000] {dag.py:3441} INFO - Setting next_dagrun for example_weekday_branch_operator to 2023-05-10T00:00:00+00:00, run_after=2023-05-11T00:00:00+00:00
[2023-05-11T19:22:41.767+0000] {processor.py:175} INFO - Processing /home/airflow/.local/lib/python3.7/site-packages/airflow/example_dags/example_branch_day_of_week_operator.py took 0.059 seconds
[2023-05-11T19:23:12.007+0000] {processor.py:153} INFO - Started process (PID=4658) to work on /home/airflow/.local/lib/python3.7/site-packages/airflow/example_dags/example_branch_day_of_week_operator.py
[2023-05-11T19:23:12.008+0000] {processor.py:743} INFO - Processing file /home/airflow/.local/lib/python3.7/site-packages/airflow/example_dags/example_branch_day_of_week_operator.py for tasks to queue
[2023-05-11T19:23:12.009+0000] {logging_mixin.py:137} INFO - [2023-05-11T19:23:12.009+0000] {dagbag.py:538} INFO - Filling up the DagBag from /home/airflow/.local/lib/python3.7/site-packages/airflow/example_dags/example_branch_day_of_week_operator.py
[2023-05-11T19:23:12.023+0000] {processor.py:753} INFO - DAG(s) dict_keys(['example_weekday_branch_operator']) retrieved from /home/airflow/.local/lib/python3.7/site-packages/airflow/example_dags/example_branch_day_of_week_operator.py
[2023-05-11T19:23:12.045+0000] {logging_mixin.py:137} INFO - [2023-05-11T19:23:12.045+0000] {dag.py:2690} INFO - Sync 1 DAGs
[2023-05-11T19:23:12.068+0000] {logging_mixin.py:137} INFO - [2023-05-11T19:23:12.068+0000] {dag.py:3441} INFO - Setting next_dagrun for example_weekday_branch_operator to 2023-05-10T00:00:00+00:00, run_after=2023-05-11T00:00:00+00:00
[2023-05-11T19:23:12.084+0000] {processor.py:175} INFO - Processing /home/airflow/.local/lib/python3.7/site-packages/airflow/example_dags/example_branch_day_of_week_operator.py took 0.080 seconds
[2023-05-11T19:23:42.243+0000] {processor.py:153} INFO - Started process (PID=4909) to work on /home/airflow/.local/lib/python3.7/site-packages/airflow/example_dags/example_branch_day_of_week_operator.py
[2023-05-11T19:23:42.244+0000] {processor.py:743} INFO - Processing file /home/airflow/.local/lib/python3.7/site-packages/airflow/example_dags/example_branch_day_of_week_operator.py for tasks to queue
[2023-05-11T19:23:42.245+0000] {logging_mixin.py:137} INFO - [2023-05-11T19:23:42.244+0000] {dagbag.py:538} INFO - Filling up the DagBag from /home/airflow/.local/lib/python3.7/site-packages/airflow/example_dags/example_branch_day_of_week_operator.py
[2023-05-11T19:23:42.265+0000] {processor.py:753} INFO - DAG(s) dict_keys(['example_weekday_branch_operator']) retrieved from /home/airflow/.local/lib/python3.7/site-packages/airflow/example_dags/example_branch_day_of_week_operator.py
[2023-05-11T19:23:42.291+0000] {logging_mixin.py:137} INFO - [2023-05-11T19:23:42.291+0000] {dag.py:2690} INFO - Sync 1 DAGs
[2023-05-11T19:23:42.315+0000] {logging_mixin.py:137} INFO - [2023-05-11T19:23:42.315+0000] {dag.py:3441} INFO - Setting next_dagrun for example_weekday_branch_operator to 2023-05-10T00:00:00+00:00, run_after=2023-05-11T00:00:00+00:00
[2023-05-11T19:23:42.332+0000] {processor.py:175} INFO - Processing /home/airflow/.local/lib/python3.7/site-packages/airflow/example_dags/example_branch_day_of_week_operator.py took 0.093 seconds
[2023-05-11T19:24:12.870+0000] {processor.py:153} INFO - Started process (PID=5139) to work on /home/airflow/.local/lib/python3.7/site-packages/airflow/example_dags/example_branch_day_of_week_operator.py
[2023-05-11T19:24:12.871+0000] {processor.py:743} INFO - Processing file /home/airflow/.local/lib/python3.7/site-packages/airflow/example_dags/example_branch_day_of_week_operator.py for tasks to queue
[2023-05-11T19:24:12.871+0000] {logging_mixin.py:137} INFO - [2023-05-11T19:24:12.871+0000] {dagbag.py:538} INFO - Filling up the DagBag from /home/airflow/.local/lib/python3.7/site-packages/airflow/example_dags/example_branch_day_of_week_operator.py
[2023-05-11T19:24:12.892+0000] {processor.py:753} INFO - DAG(s) dict_keys(['example_weekday_branch_operator']) retrieved from /home/airflow/.local/lib/python3.7/site-packages/airflow/example_dags/example_branch_day_of_week_operator.py
[2023-05-11T19:24:12.921+0000] {logging_mixin.py:137} INFO - [2023-05-11T19:24:12.921+0000] {dag.py:2690} INFO - Sync 1 DAGs
[2023-05-11T19:24:12.952+0000] {logging_mixin.py:137} INFO - [2023-05-11T19:24:12.951+0000] {dag.py:3441} INFO - Setting next_dagrun for example_weekday_branch_operator to 2023-05-10T00:00:00+00:00, run_after=2023-05-11T00:00:00+00:00
[2023-05-11T19:24:12.971+0000] {processor.py:175} INFO - Processing /home/airflow/.local/lib/python3.7/site-packages/airflow/example_dags/example_branch_day_of_week_operator.py took 0.105 seconds
[2023-05-11T19:24:43.125+0000] {processor.py:153} INFO - Started process (PID=5387) to work on /home/airflow/.local/lib/python3.7/site-packages/airflow/example_dags/example_branch_day_of_week_operator.py
[2023-05-11T19:24:43.126+0000] {processor.py:743} INFO - Processing file /home/airflow/.local/lib/python3.7/site-packages/airflow/example_dags/example_branch_day_of_week_operator.py for tasks to queue
[2023-05-11T19:24:43.126+0000] {logging_mixin.py:137} INFO - [2023-05-11T19:24:43.126+0000] {dagbag.py:538} INFO - Filling up the DagBag from /home/airflow/.local/lib/python3.7/site-packages/airflow/example_dags/example_branch_day_of_week_operator.py
[2023-05-11T19:24:43.135+0000] {processor.py:753} INFO - DAG(s) dict_keys(['example_weekday_branch_operator']) retrieved from /home/airflow/.local/lib/python3.7/site-packages/airflow/example_dags/example_branch_day_of_week_operator.py
[2023-05-11T19:24:43.154+0000] {logging_mixin.py:137} INFO - [2023-05-11T19:24:43.154+0000] {dag.py:2690} INFO - Sync 1 DAGs
[2023-05-11T19:24:43.171+0000] {logging_mixin.py:137} INFO - [2023-05-11T19:24:43.171+0000] {dag.py:3441} INFO - Setting next_dagrun for example_weekday_branch_operator to 2023-05-10T00:00:00+00:00, run_after=2023-05-11T00:00:00+00:00
[2023-05-11T19:24:43.185+0000] {processor.py:175} INFO - Processing /home/airflow/.local/lib/python3.7/site-packages/airflow/example_dags/example_branch_day_of_week_operator.py took 0.062 seconds
[2023-05-11T19:25:29.001+0000] {processor.py:153} INFO - Started process (PID=329) to work on /home/airflow/.local/lib/python3.7/site-packages/airflow/example_dags/example_branch_day_of_week_operator.py
[2023-05-11T19:25:29.002+0000] {processor.py:743} INFO - Processing file /home/airflow/.local/lib/python3.7/site-packages/airflow/example_dags/example_branch_day_of_week_operator.py for tasks to queue
[2023-05-11T19:25:29.002+0000] {logging_mixin.py:137} INFO - [2023-05-11T19:25:29.002+0000] {dagbag.py:538} INFO - Filling up the DagBag from /home/airflow/.local/lib/python3.7/site-packages/airflow/example_dags/example_branch_day_of_week_operator.py
[2023-05-11T19:25:29.013+0000] {processor.py:753} INFO - DAG(s) dict_keys(['example_weekday_branch_operator']) retrieved from /home/airflow/.local/lib/python3.7/site-packages/airflow/example_dags/example_branch_day_of_week_operator.py
[2023-05-11T19:25:29.022+0000] {logging_mixin.py:137} INFO - [2023-05-11T19:25:29.022+0000] {dag.py:2690} INFO - Sync 1 DAGs
[2023-05-11T19:25:29.045+0000] {logging_mixin.py:137} INFO - [2023-05-11T19:25:29.045+0000] {dag.py:3441} INFO - Setting next_dagrun for example_weekday_branch_operator to 2023-05-10T00:00:00+00:00, run_after=2023-05-11T00:00:00+00:00
[2023-05-11T19:25:29.057+0000] {processor.py:175} INFO - Processing /home/airflow/.local/lib/python3.7/site-packages/airflow/example_dags/example_branch_day_of_week_operator.py took 0.057 seconds
[2023-05-11T19:25:59.752+0000] {processor.py:153} INFO - Started process (PID=561) to work on /home/airflow/.local/lib/python3.7/site-packages/airflow/example_dags/example_branch_day_of_week_operator.py
[2023-05-11T19:25:59.752+0000] {processor.py:743} INFO - Processing file /home/airflow/.local/lib/python3.7/site-packages/airflow/example_dags/example_branch_day_of_week_operator.py for tasks to queue
[2023-05-11T19:25:59.752+0000] {logging_mixin.py:137} INFO - [2023-05-11T19:25:59.752+0000] {dagbag.py:538} INFO - Filling up the DagBag from /home/airflow/.local/lib/python3.7/site-packages/airflow/example_dags/example_branch_day_of_week_operator.py
[2023-05-11T19:25:59.763+0000] {processor.py:753} INFO - DAG(s) dict_keys(['example_weekday_branch_operator']) retrieved from /home/airflow/.local/lib/python3.7/site-packages/airflow/example_dags/example_branch_day_of_week_operator.py
[2023-05-11T19:25:59.782+0000] {logging_mixin.py:137} INFO - [2023-05-11T19:25:59.782+0000] {dag.py:2690} INFO - Sync 1 DAGs
[2023-05-11T19:25:59.799+0000] {logging_mixin.py:137} INFO - [2023-05-11T19:25:59.799+0000] {dag.py:3441} INFO - Setting next_dagrun for example_weekday_branch_operator to 2023-05-10T00:00:00+00:00, run_after=2023-05-11T00:00:00+00:00
[2023-05-11T19:25:59.811+0000] {processor.py:175} INFO - Processing /home/airflow/.local/lib/python3.7/site-packages/airflow/example_dags/example_branch_day_of_week_operator.py took 0.061 seconds
[2023-05-11T19:26:30.280+0000] {processor.py:153} INFO - Started process (PID=811) to work on /home/airflow/.local/lib/python3.7/site-packages/airflow/example_dags/example_branch_day_of_week_operator.py
[2023-05-11T19:26:30.281+0000] {processor.py:743} INFO - Processing file /home/airflow/.local/lib/python3.7/site-packages/airflow/example_dags/example_branch_day_of_week_operator.py for tasks to queue
[2023-05-11T19:26:30.281+0000] {logging_mixin.py:137} INFO - [2023-05-11T19:26:30.281+0000] {dagbag.py:538} INFO - Filling up the DagBag from /home/airflow/.local/lib/python3.7/site-packages/airflow/example_dags/example_branch_day_of_week_operator.py
[2023-05-11T19:26:30.296+0000] {processor.py:753} INFO - DAG(s) dict_keys(['example_weekday_branch_operator']) retrieved from /home/airflow/.local/lib/python3.7/site-packages/airflow/example_dags/example_branch_day_of_week_operator.py
[2023-05-11T19:26:30.319+0000] {logging_mixin.py:137} INFO - [2023-05-11T19:26:30.319+0000] {dag.py:2690} INFO - Sync 1 DAGs
[2023-05-11T19:26:30.342+0000] {logging_mixin.py:137} INFO - [2023-05-11T19:26:30.342+0000] {dag.py:3441} INFO - Setting next_dagrun for example_weekday_branch_operator to 2023-05-10T00:00:00+00:00, run_after=2023-05-11T00:00:00+00:00
[2023-05-11T19:26:30.358+0000] {processor.py:175} INFO - Processing /home/airflow/.local/lib/python3.7/site-packages/airflow/example_dags/example_branch_day_of_week_operator.py took 0.080 seconds
[2023-05-11T19:27:00.730+0000] {processor.py:153} INFO - Started process (PID=1043) to work on /home/airflow/.local/lib/python3.7/site-packages/airflow/example_dags/example_branch_day_of_week_operator.py
[2023-05-11T19:27:00.731+0000] {processor.py:743} INFO - Processing file /home/airflow/.local/lib/python3.7/site-packages/airflow/example_dags/example_branch_day_of_week_operator.py for tasks to queue
[2023-05-11T19:27:00.732+0000] {logging_mixin.py:137} INFO - [2023-05-11T19:27:00.732+0000] {dagbag.py:538} INFO - Filling up the DagBag from /home/airflow/.local/lib/python3.7/site-packages/airflow/example_dags/example_branch_day_of_week_operator.py
[2023-05-11T19:27:00.745+0000] {processor.py:753} INFO - DAG(s) dict_keys(['example_weekday_branch_operator']) retrieved from /home/airflow/.local/lib/python3.7/site-packages/airflow/example_dags/example_branch_day_of_week_operator.py
[2023-05-11T19:27:00.768+0000] {logging_mixin.py:137} INFO - [2023-05-11T19:27:00.768+0000] {dag.py:2690} INFO - Sync 1 DAGs
[2023-05-11T19:27:00.793+0000] {logging_mixin.py:137} INFO - [2023-05-11T19:27:00.793+0000] {dag.py:3441} INFO - Setting next_dagrun for example_weekday_branch_operator to 2023-05-10T00:00:00+00:00, run_after=2023-05-11T00:00:00+00:00
[2023-05-11T19:27:00.810+0000] {processor.py:175} INFO - Processing /home/airflow/.local/lib/python3.7/site-packages/airflow/example_dags/example_branch_day_of_week_operator.py took 0.082 seconds
[2023-05-11T19:27:30.877+0000] {processor.py:153} INFO - Started process (PID=1291) to work on /home/airflow/.local/lib/python3.7/site-packages/airflow/example_dags/example_branch_day_of_week_operator.py
[2023-05-11T19:27:30.878+0000] {processor.py:743} INFO - Processing file /home/airflow/.local/lib/python3.7/site-packages/airflow/example_dags/example_branch_day_of_week_operator.py for tasks to queue
[2023-05-11T19:27:30.878+0000] {logging_mixin.py:137} INFO - [2023-05-11T19:27:30.878+0000] {dagbag.py:538} INFO - Filling up the DagBag from /home/airflow/.local/lib/python3.7/site-packages/airflow/example_dags/example_branch_day_of_week_operator.py
[2023-05-11T19:27:30.888+0000] {processor.py:753} INFO - DAG(s) dict_keys(['example_weekday_branch_operator']) retrieved from /home/airflow/.local/lib/python3.7/site-packages/airflow/example_dags/example_branch_day_of_week_operator.py
[2023-05-11T19:27:30.907+0000] {logging_mixin.py:137} INFO - [2023-05-11T19:27:30.907+0000] {dag.py:2690} INFO - Sync 1 DAGs
[2023-05-11T19:27:30.923+0000] {logging_mixin.py:137} INFO - [2023-05-11T19:27:30.923+0000] {dag.py:3441} INFO - Setting next_dagrun for example_weekday_branch_operator to 2023-05-10T00:00:00+00:00, run_after=2023-05-11T00:00:00+00:00
[2023-05-11T19:27:30.935+0000] {processor.py:175} INFO - Processing /home/airflow/.local/lib/python3.7/site-packages/airflow/example_dags/example_branch_day_of_week_operator.py took 0.059 seconds
[2023-05-11T19:28:02.203+0000] {processor.py:153} INFO - Started process (PID=1521) to work on /home/airflow/.local/lib/python3.7/site-packages/airflow/example_dags/example_branch_day_of_week_operator.py
[2023-05-11T19:28:02.204+0000] {processor.py:743} INFO - Processing file /home/airflow/.local/lib/python3.7/site-packages/airflow/example_dags/example_branch_day_of_week_operator.py for tasks to queue
[2023-05-11T19:28:02.204+0000] {logging_mixin.py:137} INFO - [2023-05-11T19:28:02.204+0000] {dagbag.py:538} INFO - Filling up the DagBag from /home/airflow/.local/lib/python3.7/site-packages/airflow/example_dags/example_branch_day_of_week_operator.py
[2023-05-11T19:28:02.217+0000] {processor.py:753} INFO - DAG(s) dict_keys(['example_weekday_branch_operator']) retrieved from /home/airflow/.local/lib/python3.7/site-packages/airflow/example_dags/example_branch_day_of_week_operator.py
[2023-05-11T19:28:02.242+0000] {logging_mixin.py:137} INFO - [2023-05-11T19:28:02.242+0000] {dag.py:2690} INFO - Sync 1 DAGs
[2023-05-11T19:28:02.265+0000] {logging_mixin.py:137} INFO - [2023-05-11T19:28:02.265+0000] {dag.py:3441} INFO - Setting next_dagrun for example_weekday_branch_operator to 2023-05-10T00:00:00+00:00, run_after=2023-05-11T00:00:00+00:00
[2023-05-11T19:28:02.282+0000] {processor.py:175} INFO - Processing /home/airflow/.local/lib/python3.7/site-packages/airflow/example_dags/example_branch_day_of_week_operator.py took 0.082 seconds
[2023-05-11T19:28:33.253+0000] {processor.py:153} INFO - Started process (PID=1769) to work on /home/airflow/.local/lib/python3.7/site-packages/airflow/example_dags/example_branch_day_of_week_operator.py
[2023-05-11T19:28:33.254+0000] {processor.py:743} INFO - Processing file /home/airflow/.local/lib/python3.7/site-packages/airflow/example_dags/example_branch_day_of_week_operator.py for tasks to queue
[2023-05-11T19:28:33.255+0000] {logging_mixin.py:137} INFO - [2023-05-11T19:28:33.255+0000] {dagbag.py:538} INFO - Filling up the DagBag from /home/airflow/.local/lib/python3.7/site-packages/airflow/example_dags/example_branch_day_of_week_operator.py
[2023-05-11T19:28:33.265+0000] {processor.py:753} INFO - DAG(s) dict_keys(['example_weekday_branch_operator']) retrieved from /home/airflow/.local/lib/python3.7/site-packages/airflow/example_dags/example_branch_day_of_week_operator.py
[2023-05-11T19:28:33.283+0000] {logging_mixin.py:137} INFO - [2023-05-11T19:28:33.282+0000] {dag.py:2690} INFO - Sync 1 DAGs
[2023-05-11T19:28:33.300+0000] {logging_mixin.py:137} INFO - [2023-05-11T19:28:33.300+0000] {dag.py:3441} INFO - Setting next_dagrun for example_weekday_branch_operator to 2023-05-10T00:00:00+00:00, run_after=2023-05-11T00:00:00+00:00
[2023-05-11T19:28:33.313+0000] {processor.py:175} INFO - Processing /home/airflow/.local/lib/python3.7/site-packages/airflow/example_dags/example_branch_day_of_week_operator.py took 0.061 seconds
[2023-05-11T19:29:03.776+0000] {processor.py:153} INFO - Started process (PID=2002) to work on /home/airflow/.local/lib/python3.7/site-packages/airflow/example_dags/example_branch_day_of_week_operator.py
[2023-05-11T19:29:03.776+0000] {processor.py:743} INFO - Processing file /home/airflow/.local/lib/python3.7/site-packages/airflow/example_dags/example_branch_day_of_week_operator.py for tasks to queue
[2023-05-11T19:29:03.777+0000] {logging_mixin.py:137} INFO - [2023-05-11T19:29:03.777+0000] {dagbag.py:538} INFO - Filling up the DagBag from /home/airflow/.local/lib/python3.7/site-packages/airflow/example_dags/example_branch_day_of_week_operator.py
[2023-05-11T19:29:03.789+0000] {processor.py:753} INFO - DAG(s) dict_keys(['example_weekday_branch_operator']) retrieved from /home/airflow/.local/lib/python3.7/site-packages/airflow/example_dags/example_branch_day_of_week_operator.py
[2023-05-11T19:29:03.816+0000] {logging_mixin.py:137} INFO - [2023-05-11T19:29:03.816+0000] {dag.py:2690} INFO - Sync 1 DAGs
[2023-05-11T19:29:03.841+0000] {logging_mixin.py:137} INFO - [2023-05-11T19:29:03.840+0000] {dag.py:3441} INFO - Setting next_dagrun for example_weekday_branch_operator to 2023-05-10T00:00:00+00:00, run_after=2023-05-11T00:00:00+00:00
[2023-05-11T19:29:03.856+0000] {processor.py:175} INFO - Processing /home/airflow/.local/lib/python3.7/site-packages/airflow/example_dags/example_branch_day_of_week_operator.py took 0.083 seconds
[2023-05-11T19:29:34.179+0000] {processor.py:153} INFO - Started process (PID=2252) to work on /home/airflow/.local/lib/python3.7/site-packages/airflow/example_dags/example_branch_day_of_week_operator.py
[2023-05-11T19:29:34.180+0000] {processor.py:743} INFO - Processing file /home/airflow/.local/lib/python3.7/site-packages/airflow/example_dags/example_branch_day_of_week_operator.py for tasks to queue
[2023-05-11T19:29:34.181+0000] {logging_mixin.py:137} INFO - [2023-05-11T19:29:34.180+0000] {dagbag.py:538} INFO - Filling up the DagBag from /home/airflow/.local/lib/python3.7/site-packages/airflow/example_dags/example_branch_day_of_week_operator.py
[2023-05-11T19:29:34.199+0000] {processor.py:753} INFO - DAG(s) dict_keys(['example_weekday_branch_operator']) retrieved from /home/airflow/.local/lib/python3.7/site-packages/airflow/example_dags/example_branch_day_of_week_operator.py
[2023-05-11T19:29:34.223+0000] {logging_mixin.py:137} INFO - [2023-05-11T19:29:34.223+0000] {dag.py:2690} INFO - Sync 1 DAGs
[2023-05-11T19:29:34.246+0000] {logging_mixin.py:137} INFO - [2023-05-11T19:29:34.246+0000] {dag.py:3441} INFO - Setting next_dagrun for example_weekday_branch_operator to 2023-05-10T00:00:00+00:00, run_after=2023-05-11T00:00:00+00:00
[2023-05-11T19:29:34.261+0000] {processor.py:175} INFO - Processing /home/airflow/.local/lib/python3.7/site-packages/airflow/example_dags/example_branch_day_of_week_operator.py took 0.085 seconds
[2023-05-11T19:30:04.779+0000] {processor.py:153} INFO - Started process (PID=2493) to work on /home/airflow/.local/lib/python3.7/site-packages/airflow/example_dags/example_branch_day_of_week_operator.py
[2023-05-11T19:30:04.780+0000] {processor.py:743} INFO - Processing file /home/airflow/.local/lib/python3.7/site-packages/airflow/example_dags/example_branch_day_of_week_operator.py for tasks to queue
[2023-05-11T19:30:04.781+0000] {logging_mixin.py:137} INFO - [2023-05-11T19:30:04.781+0000] {dagbag.py:538} INFO - Filling up the DagBag from /home/airflow/.local/lib/python3.7/site-packages/airflow/example_dags/example_branch_day_of_week_operator.py
[2023-05-11T19:30:04.797+0000] {processor.py:753} INFO - DAG(s) dict_keys(['example_weekday_branch_operator']) retrieved from /home/airflow/.local/lib/python3.7/site-packages/airflow/example_dags/example_branch_day_of_week_operator.py
[2023-05-11T19:30:04.823+0000] {logging_mixin.py:137} INFO - [2023-05-11T19:30:04.823+0000] {dag.py:2690} INFO - Sync 1 DAGs
[2023-05-11T19:30:04.854+0000] {logging_mixin.py:137} INFO - [2023-05-11T19:30:04.853+0000] {dag.py:3441} INFO - Setting next_dagrun for example_weekday_branch_operator to 2023-05-10T00:00:00+00:00, run_after=2023-05-11T00:00:00+00:00
[2023-05-11T19:30:04.902+0000] {processor.py:175} INFO - Processing /home/airflow/.local/lib/python3.7/site-packages/airflow/example_dags/example_branch_day_of_week_operator.py took 0.126 seconds
[2023-05-11T19:30:35.304+0000] {processor.py:153} INFO - Started process (PID=2732) to work on /home/airflow/.local/lib/python3.7/site-packages/airflow/example_dags/example_branch_day_of_week_operator.py
[2023-05-11T19:30:35.305+0000] {processor.py:743} INFO - Processing file /home/airflow/.local/lib/python3.7/site-packages/airflow/example_dags/example_branch_day_of_week_operator.py for tasks to queue
[2023-05-11T19:30:35.305+0000] {logging_mixin.py:137} INFO - [2023-05-11T19:30:35.305+0000] {dagbag.py:538} INFO - Filling up the DagBag from /home/airflow/.local/lib/python3.7/site-packages/airflow/example_dags/example_branch_day_of_week_operator.py
[2023-05-11T19:30:35.316+0000] {processor.py:753} INFO - DAG(s) dict_keys(['example_weekday_branch_operator']) retrieved from /home/airflow/.local/lib/python3.7/site-packages/airflow/example_dags/example_branch_day_of_week_operator.py
[2023-05-11T19:30:35.337+0000] {logging_mixin.py:137} INFO - [2023-05-11T19:30:35.337+0000] {dag.py:2690} INFO - Sync 1 DAGs
[2023-05-11T19:30:35.357+0000] {logging_mixin.py:137} INFO - [2023-05-11T19:30:35.357+0000] {dag.py:3441} INFO - Setting next_dagrun for example_weekday_branch_operator to 2023-05-10T00:00:00+00:00, run_after=2023-05-11T00:00:00+00:00
[2023-05-11T19:30:35.371+0000] {processor.py:175} INFO - Processing /home/airflow/.local/lib/python3.7/site-packages/airflow/example_dags/example_branch_day_of_week_operator.py took 0.068 seconds
[2023-05-11T19:31:05.819+0000] {processor.py:153} INFO - Started process (PID=2971) to work on /home/airflow/.local/lib/python3.7/site-packages/airflow/example_dags/example_branch_day_of_week_operator.py
[2023-05-11T19:31:05.820+0000] {processor.py:743} INFO - Processing file /home/airflow/.local/lib/python3.7/site-packages/airflow/example_dags/example_branch_day_of_week_operator.py for tasks to queue
[2023-05-11T19:31:05.820+0000] {logging_mixin.py:137} INFO - [2023-05-11T19:31:05.820+0000] {dagbag.py:538} INFO - Filling up the DagBag from /home/airflow/.local/lib/python3.7/site-packages/airflow/example_dags/example_branch_day_of_week_operator.py
[2023-05-11T19:31:05.831+0000] {processor.py:753} INFO - DAG(s) dict_keys(['example_weekday_branch_operator']) retrieved from /home/airflow/.local/lib/python3.7/site-packages/airflow/example_dags/example_branch_day_of_week_operator.py
[2023-05-11T19:31:05.860+0000] {logging_mixin.py:137} INFO - [2023-05-11T19:31:05.860+0000] {dag.py:2690} INFO - Sync 1 DAGs
[2023-05-11T19:31:05.887+0000] {logging_mixin.py:137} INFO - [2023-05-11T19:31:05.887+0000] {dag.py:3441} INFO - Setting next_dagrun for example_weekday_branch_operator to 2023-05-10T00:00:00+00:00, run_after=2023-05-11T00:00:00+00:00
[2023-05-11T19:31:05.924+0000] {processor.py:175} INFO - Processing /home/airflow/.local/lib/python3.7/site-packages/airflow/example_dags/example_branch_day_of_week_operator.py took 0.109 seconds
[2023-05-11T19:31:36.051+0000] {processor.py:153} INFO - Started process (PID=3212) to work on /home/airflow/.local/lib/python3.7/site-packages/airflow/example_dags/example_branch_day_of_week_operator.py
[2023-05-11T19:31:36.051+0000] {processor.py:743} INFO - Processing file /home/airflow/.local/lib/python3.7/site-packages/airflow/example_dags/example_branch_day_of_week_operator.py for tasks to queue
[2023-05-11T19:31:36.052+0000] {logging_mixin.py:137} INFO - [2023-05-11T19:31:36.052+0000] {dagbag.py:538} INFO - Filling up the DagBag from /home/airflow/.local/lib/python3.7/site-packages/airflow/example_dags/example_branch_day_of_week_operator.py
[2023-05-11T19:31:36.061+0000] {processor.py:753} INFO - DAG(s) dict_keys(['example_weekday_branch_operator']) retrieved from /home/airflow/.local/lib/python3.7/site-packages/airflow/example_dags/example_branch_day_of_week_operator.py
[2023-05-11T19:31:36.079+0000] {logging_mixin.py:137} INFO - [2023-05-11T19:31:36.079+0000] {dag.py:2690} INFO - Sync 1 DAGs
[2023-05-11T19:31:36.096+0000] {logging_mixin.py:137} INFO - [2023-05-11T19:31:36.096+0000] {dag.py:3441} INFO - Setting next_dagrun for example_weekday_branch_operator to 2023-05-10T00:00:00+00:00, run_after=2023-05-11T00:00:00+00:00
[2023-05-11T19:31:36.107+0000] {processor.py:175} INFO - Processing /home/airflow/.local/lib/python3.7/site-packages/airflow/example_dags/example_branch_day_of_week_operator.py took 0.059 seconds
[2023-05-11T19:32:06.311+0000] {processor.py:153} INFO - Started process (PID=3444) to work on /home/airflow/.local/lib/python3.7/site-packages/airflow/example_dags/example_branch_day_of_week_operator.py
[2023-05-11T19:32:06.312+0000] {processor.py:743} INFO - Processing file /home/airflow/.local/lib/python3.7/site-packages/airflow/example_dags/example_branch_day_of_week_operator.py for tasks to queue
[2023-05-11T19:32:06.312+0000] {logging_mixin.py:137} INFO - [2023-05-11T19:32:06.312+0000] {dagbag.py:538} INFO - Filling up the DagBag from /home/airflow/.local/lib/python3.7/site-packages/airflow/example_dags/example_branch_day_of_week_operator.py
[2023-05-11T19:32:06.327+0000] {processor.py:753} INFO - DAG(s) dict_keys(['example_weekday_branch_operator']) retrieved from /home/airflow/.local/lib/python3.7/site-packages/airflow/example_dags/example_branch_day_of_week_operator.py
[2023-05-11T19:32:06.355+0000] {logging_mixin.py:137} INFO - [2023-05-11T19:32:06.355+0000] {dag.py:2690} INFO - Sync 1 DAGs
[2023-05-11T19:32:06.380+0000] {logging_mixin.py:137} INFO - [2023-05-11T19:32:06.379+0000] {dag.py:3441} INFO - Setting next_dagrun for example_weekday_branch_operator to 2023-05-10T00:00:00+00:00, run_after=2023-05-11T00:00:00+00:00
[2023-05-11T19:32:06.391+0000] {processor.py:175} INFO - Processing /home/airflow/.local/lib/python3.7/site-packages/airflow/example_dags/example_branch_day_of_week_operator.py took 0.083 seconds
[2023-05-11T19:32:36.713+0000] {processor.py:153} INFO - Started process (PID=3691) to work on /home/airflow/.local/lib/python3.7/site-packages/airflow/example_dags/example_branch_day_of_week_operator.py
[2023-05-11T19:32:36.714+0000] {processor.py:743} INFO - Processing file /home/airflow/.local/lib/python3.7/site-packages/airflow/example_dags/example_branch_day_of_week_operator.py for tasks to queue
[2023-05-11T19:32:36.714+0000] {logging_mixin.py:137} INFO - [2023-05-11T19:32:36.714+0000] {dagbag.py:538} INFO - Filling up the DagBag from /home/airflow/.local/lib/python3.7/site-packages/airflow/example_dags/example_branch_day_of_week_operator.py
[2023-05-11T19:32:36.727+0000] {processor.py:753} INFO - DAG(s) dict_keys(['example_weekday_branch_operator']) retrieved from /home/airflow/.local/lib/python3.7/site-packages/airflow/example_dags/example_branch_day_of_week_operator.py
[2023-05-11T19:32:36.750+0000] {logging_mixin.py:137} INFO - [2023-05-11T19:32:36.750+0000] {dag.py:2690} INFO - Sync 1 DAGs
[2023-05-11T19:32:36.775+0000] {logging_mixin.py:137} INFO - [2023-05-11T19:32:36.775+0000] {dag.py:3441} INFO - Setting next_dagrun for example_weekday_branch_operator to 2023-05-10T00:00:00+00:00, run_after=2023-05-11T00:00:00+00:00
[2023-05-11T19:32:36.791+0000] {processor.py:175} INFO - Processing /home/airflow/.local/lib/python3.7/site-packages/airflow/example_dags/example_branch_day_of_week_operator.py took 0.081 seconds
[2023-05-11T19:33:07.259+0000] {processor.py:153} INFO - Started process (PID=3934) to work on /home/airflow/.local/lib/python3.7/site-packages/airflow/example_dags/example_branch_day_of_week_operator.py
[2023-05-11T19:33:07.260+0000] {processor.py:743} INFO - Processing file /home/airflow/.local/lib/python3.7/site-packages/airflow/example_dags/example_branch_day_of_week_operator.py for tasks to queue
[2023-05-11T19:33:07.260+0000] {logging_mixin.py:137} INFO - [2023-05-11T19:33:07.260+0000] {dagbag.py:538} INFO - Filling up the DagBag from /home/airflow/.local/lib/python3.7/site-packages/airflow/example_dags/example_branch_day_of_week_operator.py
[2023-05-11T19:33:07.276+0000] {processor.py:753} INFO - DAG(s) dict_keys(['example_weekday_branch_operator']) retrieved from /home/airflow/.local/lib/python3.7/site-packages/airflow/example_dags/example_branch_day_of_week_operator.py
[2023-05-11T19:33:07.299+0000] {logging_mixin.py:137} INFO - [2023-05-11T19:33:07.299+0000] {dag.py:2690} INFO - Sync 1 DAGs
[2023-05-11T19:33:07.322+0000] {logging_mixin.py:137} INFO - [2023-05-11T19:33:07.322+0000] {dag.py:3441} INFO - Setting next_dagrun for example_weekday_branch_operator to 2023-05-10T00:00:00+00:00, run_after=2023-05-11T00:00:00+00:00
[2023-05-11T19:33:07.338+0000] {processor.py:175} INFO - Processing /home/airflow/.local/lib/python3.7/site-packages/airflow/example_dags/example_branch_day_of_week_operator.py took 0.082 seconds
[2023-05-11T19:33:37.951+0000] {processor.py:153} INFO - Started process (PID=4171) to work on /home/airflow/.local/lib/python3.7/site-packages/airflow/example_dags/example_branch_day_of_week_operator.py
[2023-05-11T19:33:37.951+0000] {processor.py:743} INFO - Processing file /home/airflow/.local/lib/python3.7/site-packages/airflow/example_dags/example_branch_day_of_week_operator.py for tasks to queue
[2023-05-11T19:33:37.952+0000] {logging_mixin.py:137} INFO - [2023-05-11T19:33:37.952+0000] {dagbag.py:538} INFO - Filling up the DagBag from /home/airflow/.local/lib/python3.7/site-packages/airflow/example_dags/example_branch_day_of_week_operator.py
[2023-05-11T19:33:37.965+0000] {processor.py:753} INFO - DAG(s) dict_keys(['example_weekday_branch_operator']) retrieved from /home/airflow/.local/lib/python3.7/site-packages/airflow/example_dags/example_branch_day_of_week_operator.py
[2023-05-11T19:33:37.988+0000] {logging_mixin.py:137} INFO - [2023-05-11T19:33:37.988+0000] {dag.py:2690} INFO - Sync 1 DAGs
[2023-05-11T19:33:38.012+0000] {logging_mixin.py:137} INFO - [2023-05-11T19:33:38.011+0000] {dag.py:3441} INFO - Setting next_dagrun for example_weekday_branch_operator to 2023-05-10T00:00:00+00:00, run_after=2023-05-11T00:00:00+00:00
[2023-05-11T19:33:38.026+0000] {processor.py:175} INFO - Processing /home/airflow/.local/lib/python3.7/site-packages/airflow/example_dags/example_branch_day_of_week_operator.py took 0.078 seconds
[2023-05-11T19:35:11.421+0000] {processor.py:153} INFO - Started process (PID=329) to work on /home/airflow/.local/lib/python3.7/site-packages/airflow/example_dags/example_branch_day_of_week_operator.py
[2023-05-11T19:35:11.422+0000] {processor.py:743} INFO - Processing file /home/airflow/.local/lib/python3.7/site-packages/airflow/example_dags/example_branch_day_of_week_operator.py for tasks to queue
[2023-05-11T19:35:11.422+0000] {logging_mixin.py:137} INFO - [2023-05-11T19:35:11.422+0000] {dagbag.py:538} INFO - Filling up the DagBag from /home/airflow/.local/lib/python3.7/site-packages/airflow/example_dags/example_branch_day_of_week_operator.py
[2023-05-11T19:35:11.433+0000] {processor.py:753} INFO - DAG(s) dict_keys(['example_weekday_branch_operator']) retrieved from /home/airflow/.local/lib/python3.7/site-packages/airflow/example_dags/example_branch_day_of_week_operator.py
[2023-05-11T19:35:11.444+0000] {logging_mixin.py:137} INFO - [2023-05-11T19:35:11.444+0000] {dag.py:2690} INFO - Sync 1 DAGs
[2023-05-11T19:35:11.466+0000] {logging_mixin.py:137} INFO - [2023-05-11T19:35:11.466+0000] {dag.py:3441} INFO - Setting next_dagrun for example_weekday_branch_operator to 2023-05-10T00:00:00+00:00, run_after=2023-05-11T00:00:00+00:00
[2023-05-11T19:35:11.480+0000] {processor.py:175} INFO - Processing /home/airflow/.local/lib/python3.7/site-packages/airflow/example_dags/example_branch_day_of_week_operator.py took 0.061 seconds
[2023-05-11T19:35:42.257+0000] {processor.py:153} INFO - Started process (PID=561) to work on /home/airflow/.local/lib/python3.7/site-packages/airflow/example_dags/example_branch_day_of_week_operator.py
[2023-05-11T19:35:42.257+0000] {processor.py:743} INFO - Processing file /home/airflow/.local/lib/python3.7/site-packages/airflow/example_dags/example_branch_day_of_week_operator.py for tasks to queue
[2023-05-11T19:35:42.258+0000] {logging_mixin.py:137} INFO - [2023-05-11T19:35:42.257+0000] {dagbag.py:538} INFO - Filling up the DagBag from /home/airflow/.local/lib/python3.7/site-packages/airflow/example_dags/example_branch_day_of_week_operator.py
[2023-05-11T19:35:42.267+0000] {processor.py:753} INFO - DAG(s) dict_keys(['example_weekday_branch_operator']) retrieved from /home/airflow/.local/lib/python3.7/site-packages/airflow/example_dags/example_branch_day_of_week_operator.py
[2023-05-11T19:35:42.288+0000] {logging_mixin.py:137} INFO - [2023-05-11T19:35:42.288+0000] {dag.py:2690} INFO - Sync 1 DAGs
[2023-05-11T19:35:42.305+0000] {logging_mixin.py:137} INFO - [2023-05-11T19:35:42.305+0000] {dag.py:3441} INFO - Setting next_dagrun for example_weekday_branch_operator to 2023-05-10T00:00:00+00:00, run_after=2023-05-11T00:00:00+00:00
[2023-05-11T19:35:42.318+0000] {processor.py:175} INFO - Processing /home/airflow/.local/lib/python3.7/site-packages/airflow/example_dags/example_branch_day_of_week_operator.py took 0.063 seconds
