[2023-05-11T18:58:39.568+0000] {processor.py:153} INFO - Started process (PID=219) to work on /home/airflow/.local/lib/python3.7/site-packages/airflow/example_dags/example_kubernetes_executor.py
[2023-05-11T18:58:39.568+0000] {processor.py:743} INFO - Processing file /home/airflow/.local/lib/python3.7/site-packages/airflow/example_dags/example_kubernetes_executor.py for tasks to queue
[2023-05-11T18:58:39.569+0000] {logging_mixin.py:137} INFO - [2023-05-11T18:58:39.569+0000] {dagbag.py:538} INFO - Filling up the DagBag from /home/airflow/.local/lib/python3.7/site-packages/airflow/example_dags/example_kubernetes_executor.py
[2023-05-11T18:58:39.589+0000] {processor.py:753} INFO - DAG(s) dict_keys(['example_kubernetes_executor']) retrieved from /home/airflow/.local/lib/python3.7/site-packages/airflow/example_dags/example_kubernetes_executor.py
[2023-05-11T18:58:39.598+0000] {logging_mixin.py:137} INFO - [2023-05-11T18:58:39.598+0000] {dag.py:2690} INFO - Sync 1 DAGs
[2023-05-11T18:58:39.616+0000] {logging_mixin.py:137} INFO - [2023-05-11T18:58:39.616+0000] {dag.py:3441} INFO - Setting next_dagrun for example_kubernetes_executor to None, run_after=None
[2023-05-11T18:58:39.628+0000] {processor.py:175} INFO - Processing /home/airflow/.local/lib/python3.7/site-packages/airflow/example_dags/example_kubernetes_executor.py took 0.062 seconds
[2023-05-11T18:59:10.362+0000] {processor.py:153} INFO - Started process (PID=451) to work on /home/airflow/.local/lib/python3.7/site-packages/airflow/example_dags/example_kubernetes_executor.py
[2023-05-11T18:59:10.363+0000] {processor.py:743} INFO - Processing file /home/airflow/.local/lib/python3.7/site-packages/airflow/example_dags/example_kubernetes_executor.py for tasks to queue
[2023-05-11T18:59:10.363+0000] {logging_mixin.py:137} INFO - [2023-05-11T18:59:10.363+0000] {dagbag.py:538} INFO - Filling up the DagBag from /home/airflow/.local/lib/python3.7/site-packages/airflow/example_dags/example_kubernetes_executor.py
[2023-05-11T18:59:10.380+0000] {processor.py:753} INFO - DAG(s) dict_keys(['example_kubernetes_executor']) retrieved from /home/airflow/.local/lib/python3.7/site-packages/airflow/example_dags/example_kubernetes_executor.py
[2023-05-11T18:59:10.403+0000] {logging_mixin.py:137} INFO - [2023-05-11T18:59:10.403+0000] {dag.py:2690} INFO - Sync 1 DAGs
[2023-05-11T18:59:10.420+0000] {logging_mixin.py:137} INFO - [2023-05-11T18:59:10.420+0000] {dag.py:3441} INFO - Setting next_dagrun for example_kubernetes_executor to None, run_after=None
[2023-05-11T18:59:10.431+0000] {processor.py:175} INFO - Processing /home/airflow/.local/lib/python3.7/site-packages/airflow/example_dags/example_kubernetes_executor.py took 0.071 seconds
[2023-05-11T18:59:41.147+0000] {processor.py:153} INFO - Started process (PID=699) to work on /home/airflow/.local/lib/python3.7/site-packages/airflow/example_dags/example_kubernetes_executor.py
[2023-05-11T18:59:41.148+0000] {processor.py:743} INFO - Processing file /home/airflow/.local/lib/python3.7/site-packages/airflow/example_dags/example_kubernetes_executor.py for tasks to queue
[2023-05-11T18:59:41.148+0000] {logging_mixin.py:137} INFO - [2023-05-11T18:59:41.148+0000] {dagbag.py:538} INFO - Filling up the DagBag from /home/airflow/.local/lib/python3.7/site-packages/airflow/example_dags/example_kubernetes_executor.py
[2023-05-11T18:59:41.165+0000] {processor.py:753} INFO - DAG(s) dict_keys(['example_kubernetes_executor']) retrieved from /home/airflow/.local/lib/python3.7/site-packages/airflow/example_dags/example_kubernetes_executor.py
[2023-05-11T18:59:41.185+0000] {logging_mixin.py:137} INFO - [2023-05-11T18:59:41.185+0000] {dag.py:2690} INFO - Sync 1 DAGs
[2023-05-11T18:59:41.202+0000] {logging_mixin.py:137} INFO - [2023-05-11T18:59:41.202+0000] {dag.py:3441} INFO - Setting next_dagrun for example_kubernetes_executor to None, run_after=None
[2023-05-11T18:59:41.214+0000] {processor.py:175} INFO - Processing /home/airflow/.local/lib/python3.7/site-packages/airflow/example_dags/example_kubernetes_executor.py took 0.068 seconds
[2023-05-11T19:00:12.162+0000] {processor.py:153} INFO - Started process (PID=931) to work on /home/airflow/.local/lib/python3.7/site-packages/airflow/example_dags/example_kubernetes_executor.py
[2023-05-11T19:00:12.163+0000] {processor.py:743} INFO - Processing file /home/airflow/.local/lib/python3.7/site-packages/airflow/example_dags/example_kubernetes_executor.py for tasks to queue
[2023-05-11T19:00:12.163+0000] {logging_mixin.py:137} INFO - [2023-05-11T19:00:12.163+0000] {dagbag.py:538} INFO - Filling up the DagBag from /home/airflow/.local/lib/python3.7/site-packages/airflow/example_dags/example_kubernetes_executor.py
[2023-05-11T19:00:12.182+0000] {processor.py:753} INFO - DAG(s) dict_keys(['example_kubernetes_executor']) retrieved from /home/airflow/.local/lib/python3.7/site-packages/airflow/example_dags/example_kubernetes_executor.py
[2023-05-11T19:00:12.202+0000] {logging_mixin.py:137} INFO - [2023-05-11T19:00:12.202+0000] {dag.py:2690} INFO - Sync 1 DAGs
[2023-05-11T19:00:12.218+0000] {logging_mixin.py:137} INFO - [2023-05-11T19:00:12.218+0000] {dag.py:3441} INFO - Setting next_dagrun for example_kubernetes_executor to None, run_after=None
[2023-05-11T19:00:12.231+0000] {processor.py:175} INFO - Processing /home/airflow/.local/lib/python3.7/site-packages/airflow/example_dags/example_kubernetes_executor.py took 0.071 seconds
[2023-05-11T19:00:42.557+0000] {processor.py:153} INFO - Started process (PID=1180) to work on /home/airflow/.local/lib/python3.7/site-packages/airflow/example_dags/example_kubernetes_executor.py
[2023-05-11T19:00:42.558+0000] {processor.py:743} INFO - Processing file /home/airflow/.local/lib/python3.7/site-packages/airflow/example_dags/example_kubernetes_executor.py for tasks to queue
[2023-05-11T19:00:42.558+0000] {logging_mixin.py:137} INFO - [2023-05-11T19:00:42.558+0000] {dagbag.py:538} INFO - Filling up the DagBag from /home/airflow/.local/lib/python3.7/site-packages/airflow/example_dags/example_kubernetes_executor.py
[2023-05-11T19:00:42.584+0000] {processor.py:753} INFO - DAG(s) dict_keys(['example_kubernetes_executor']) retrieved from /home/airflow/.local/lib/python3.7/site-packages/airflow/example_dags/example_kubernetes_executor.py
[2023-05-11T19:00:42.612+0000] {logging_mixin.py:137} INFO - [2023-05-11T19:00:42.612+0000] {dag.py:2690} INFO - Sync 1 DAGs
[2023-05-11T19:00:42.644+0000] {logging_mixin.py:137} INFO - [2023-05-11T19:00:42.644+0000] {dag.py:3441} INFO - Setting next_dagrun for example_kubernetes_executor to None, run_after=None
[2023-05-11T19:00:42.660+0000] {processor.py:175} INFO - Processing /home/airflow/.local/lib/python3.7/site-packages/airflow/example_dags/example_kubernetes_executor.py took 0.106 seconds
[2023-05-11T19:01:13.042+0000] {processor.py:153} INFO - Started process (PID=1424) to work on /home/airflow/.local/lib/python3.7/site-packages/airflow/example_dags/example_kubernetes_executor.py
[2023-05-11T19:01:13.042+0000] {processor.py:743} INFO - Processing file /home/airflow/.local/lib/python3.7/site-packages/airflow/example_dags/example_kubernetes_executor.py for tasks to queue
[2023-05-11T19:01:13.043+0000] {logging_mixin.py:137} INFO - [2023-05-11T19:01:13.043+0000] {dagbag.py:538} INFO - Filling up the DagBag from /home/airflow/.local/lib/python3.7/site-packages/airflow/example_dags/example_kubernetes_executor.py
[2023-05-11T19:01:13.062+0000] {processor.py:753} INFO - DAG(s) dict_keys(['example_kubernetes_executor']) retrieved from /home/airflow/.local/lib/python3.7/site-packages/airflow/example_dags/example_kubernetes_executor.py
[2023-05-11T19:01:13.084+0000] {logging_mixin.py:137} INFO - [2023-05-11T19:01:13.084+0000] {dag.py:2690} INFO - Sync 1 DAGs
[2023-05-11T19:01:13.100+0000] {logging_mixin.py:137} INFO - [2023-05-11T19:01:13.100+0000] {dag.py:3441} INFO - Setting next_dagrun for example_kubernetes_executor to None, run_after=None
[2023-05-11T19:01:13.112+0000] {processor.py:175} INFO - Processing /home/airflow/.local/lib/python3.7/site-packages/airflow/example_dags/example_kubernetes_executor.py took 0.072 seconds
[2023-05-11T19:01:43.492+0000] {processor.py:153} INFO - Started process (PID=1661) to work on /home/airflow/.local/lib/python3.7/site-packages/airflow/example_dags/example_kubernetes_executor.py
[2023-05-11T19:01:43.492+0000] {processor.py:743} INFO - Processing file /home/airflow/.local/lib/python3.7/site-packages/airflow/example_dags/example_kubernetes_executor.py for tasks to queue
[2023-05-11T19:01:43.493+0000] {logging_mixin.py:137} INFO - [2023-05-11T19:01:43.493+0000] {dagbag.py:538} INFO - Filling up the DagBag from /home/airflow/.local/lib/python3.7/site-packages/airflow/example_dags/example_kubernetes_executor.py
[2023-05-11T19:01:43.518+0000] {processor.py:753} INFO - DAG(s) dict_keys(['example_kubernetes_executor']) retrieved from /home/airflow/.local/lib/python3.7/site-packages/airflow/example_dags/example_kubernetes_executor.py
[2023-05-11T19:01:43.548+0000] {logging_mixin.py:137} INFO - [2023-05-11T19:01:43.548+0000] {dag.py:2690} INFO - Sync 1 DAGs
[2023-05-11T19:01:43.570+0000] {logging_mixin.py:137} INFO - [2023-05-11T19:01:43.570+0000] {dag.py:3441} INFO - Setting next_dagrun for example_kubernetes_executor to None, run_after=None
[2023-05-11T19:01:43.586+0000] {processor.py:175} INFO - Processing /home/airflow/.local/lib/python3.7/site-packages/airflow/example_dags/example_kubernetes_executor.py took 0.097 seconds
[2023-05-11T19:02:14.379+0000] {processor.py:153} INFO - Started process (PID=1909) to work on /home/airflow/.local/lib/python3.7/site-packages/airflow/example_dags/example_kubernetes_executor.py
[2023-05-11T19:02:14.380+0000] {processor.py:743} INFO - Processing file /home/airflow/.local/lib/python3.7/site-packages/airflow/example_dags/example_kubernetes_executor.py for tasks to queue
[2023-05-11T19:02:14.380+0000] {logging_mixin.py:137} INFO - [2023-05-11T19:02:14.380+0000] {dagbag.py:538} INFO - Filling up the DagBag from /home/airflow/.local/lib/python3.7/site-packages/airflow/example_dags/example_kubernetes_executor.py
[2023-05-11T19:02:14.411+0000] {processor.py:753} INFO - DAG(s) dict_keys(['example_kubernetes_executor']) retrieved from /home/airflow/.local/lib/python3.7/site-packages/airflow/example_dags/example_kubernetes_executor.py
[2023-05-11T19:02:14.444+0000] {logging_mixin.py:137} INFO - [2023-05-11T19:02:14.443+0000] {dag.py:2690} INFO - Sync 1 DAGs
[2023-05-11T19:02:14.470+0000] {logging_mixin.py:137} INFO - [2023-05-11T19:02:14.470+0000] {dag.py:3441} INFO - Setting next_dagrun for example_kubernetes_executor to None, run_after=None
[2023-05-11T19:02:14.491+0000] {processor.py:175} INFO - Processing /home/airflow/.local/lib/python3.7/site-packages/airflow/example_dags/example_kubernetes_executor.py took 0.115 seconds
[2023-05-11T19:03:24.320+0000] {processor.py:153} INFO - Started process (PID=212) to work on /home/airflow/.local/lib/python3.7/site-packages/airflow/example_dags/example_kubernetes_executor.py
[2023-05-11T19:03:24.321+0000] {processor.py:743} INFO - Processing file /home/airflow/.local/lib/python3.7/site-packages/airflow/example_dags/example_kubernetes_executor.py for tasks to queue
[2023-05-11T19:03:24.321+0000] {logging_mixin.py:137} INFO - [2023-05-11T19:03:24.321+0000] {dagbag.py:538} INFO - Filling up the DagBag from /home/airflow/.local/lib/python3.7/site-packages/airflow/example_dags/example_kubernetes_executor.py
[2023-05-11T19:03:24.342+0000] {processor.py:753} INFO - DAG(s) dict_keys(['example_kubernetes_executor']) retrieved from /home/airflow/.local/lib/python3.7/site-packages/airflow/example_dags/example_kubernetes_executor.py
[2023-05-11T19:03:24.354+0000] {logging_mixin.py:137} INFO - [2023-05-11T19:03:24.354+0000] {dag.py:2690} INFO - Sync 1 DAGs
[2023-05-11T19:03:24.380+0000] {logging_mixin.py:137} INFO - [2023-05-11T19:03:24.380+0000] {dag.py:3441} INFO - Setting next_dagrun for example_kubernetes_executor to None, run_after=None
[2023-05-11T19:03:24.397+0000] {processor.py:175} INFO - Processing /home/airflow/.local/lib/python3.7/site-packages/airflow/example_dags/example_kubernetes_executor.py took 0.079 seconds
[2023-05-11T19:03:54.819+0000] {processor.py:153} INFO - Started process (PID=451) to work on /home/airflow/.local/lib/python3.7/site-packages/airflow/example_dags/example_kubernetes_executor.py
[2023-05-11T19:03:54.819+0000] {processor.py:743} INFO - Processing file /home/airflow/.local/lib/python3.7/site-packages/airflow/example_dags/example_kubernetes_executor.py for tasks to queue
[2023-05-11T19:03:54.820+0000] {logging_mixin.py:137} INFO - [2023-05-11T19:03:54.820+0000] {dagbag.py:538} INFO - Filling up the DagBag from /home/airflow/.local/lib/python3.7/site-packages/airflow/example_dags/example_kubernetes_executor.py
[2023-05-11T19:03:54.844+0000] {processor.py:753} INFO - DAG(s) dict_keys(['example_kubernetes_executor']) retrieved from /home/airflow/.local/lib/python3.7/site-packages/airflow/example_dags/example_kubernetes_executor.py
[2023-05-11T19:03:54.869+0000] {logging_mixin.py:137} INFO - [2023-05-11T19:03:54.869+0000] {dag.py:2690} INFO - Sync 1 DAGs
[2023-05-11T19:03:54.890+0000] {logging_mixin.py:137} INFO - [2023-05-11T19:03:54.890+0000] {dag.py:3441} INFO - Setting next_dagrun for example_kubernetes_executor to None, run_after=None
[2023-05-11T19:03:54.906+0000] {processor.py:175} INFO - Processing /home/airflow/.local/lib/python3.7/site-packages/airflow/example_dags/example_kubernetes_executor.py took 0.090 seconds
[2023-05-11T19:04:25.306+0000] {processor.py:153} INFO - Started process (PID=692) to work on /home/airflow/.local/lib/python3.7/site-packages/airflow/example_dags/example_kubernetes_executor.py
[2023-05-11T19:04:25.307+0000] {processor.py:743} INFO - Processing file /home/airflow/.local/lib/python3.7/site-packages/airflow/example_dags/example_kubernetes_executor.py for tasks to queue
[2023-05-11T19:04:25.308+0000] {logging_mixin.py:137} INFO - [2023-05-11T19:04:25.308+0000] {dagbag.py:538} INFO - Filling up the DagBag from /home/airflow/.local/lib/python3.7/site-packages/airflow/example_dags/example_kubernetes_executor.py
[2023-05-11T19:04:25.345+0000] {processor.py:753} INFO - DAG(s) dict_keys(['example_kubernetes_executor']) retrieved from /home/airflow/.local/lib/python3.7/site-packages/airflow/example_dags/example_kubernetes_executor.py
[2023-05-11T19:04:25.384+0000] {logging_mixin.py:137} INFO - [2023-05-11T19:04:25.384+0000] {dag.py:2690} INFO - Sync 1 DAGs
[2023-05-11T19:04:25.411+0000] {logging_mixin.py:137} INFO - [2023-05-11T19:04:25.410+0000] {dag.py:3441} INFO - Setting next_dagrun for example_kubernetes_executor to None, run_after=None
[2023-05-11T19:04:25.428+0000] {processor.py:175} INFO - Processing /home/airflow/.local/lib/python3.7/site-packages/airflow/example_dags/example_kubernetes_executor.py took 0.125 seconds
[2023-05-11T19:04:56.014+0000] {processor.py:153} INFO - Started process (PID=931) to work on /home/airflow/.local/lib/python3.7/site-packages/airflow/example_dags/example_kubernetes_executor.py
[2023-05-11T19:04:56.014+0000] {processor.py:743} INFO - Processing file /home/airflow/.local/lib/python3.7/site-packages/airflow/example_dags/example_kubernetes_executor.py for tasks to queue
[2023-05-11T19:04:56.015+0000] {logging_mixin.py:137} INFO - [2023-05-11T19:04:56.015+0000] {dagbag.py:538} INFO - Filling up the DagBag from /home/airflow/.local/lib/python3.7/site-packages/airflow/example_dags/example_kubernetes_executor.py
[2023-05-11T19:04:56.039+0000] {processor.py:753} INFO - DAG(s) dict_keys(['example_kubernetes_executor']) retrieved from /home/airflow/.local/lib/python3.7/site-packages/airflow/example_dags/example_kubernetes_executor.py
[2023-05-11T19:04:56.065+0000] {logging_mixin.py:137} INFO - [2023-05-11T19:04:56.065+0000] {dag.py:2690} INFO - Sync 1 DAGs
[2023-05-11T19:04:56.089+0000] {logging_mixin.py:137} INFO - [2023-05-11T19:04:56.089+0000] {dag.py:3441} INFO - Setting next_dagrun for example_kubernetes_executor to None, run_after=None
[2023-05-11T19:04:56.104+0000] {processor.py:175} INFO - Processing /home/airflow/.local/lib/python3.7/site-packages/airflow/example_dags/example_kubernetes_executor.py took 0.094 seconds
[2023-05-11T19:05:26.397+0000] {processor.py:153} INFO - Started process (PID=1172) to work on /home/airflow/.local/lib/python3.7/site-packages/airflow/example_dags/example_kubernetes_executor.py
[2023-05-11T19:05:26.397+0000] {processor.py:743} INFO - Processing file /home/airflow/.local/lib/python3.7/site-packages/airflow/example_dags/example_kubernetes_executor.py for tasks to queue
[2023-05-11T19:05:26.398+0000] {logging_mixin.py:137} INFO - [2023-05-11T19:05:26.398+0000] {dagbag.py:538} INFO - Filling up the DagBag from /home/airflow/.local/lib/python3.7/site-packages/airflow/example_dags/example_kubernetes_executor.py
[2023-05-11T19:05:26.416+0000] {processor.py:753} INFO - DAG(s) dict_keys(['example_kubernetes_executor']) retrieved from /home/airflow/.local/lib/python3.7/site-packages/airflow/example_dags/example_kubernetes_executor.py
[2023-05-11T19:05:26.442+0000] {logging_mixin.py:137} INFO - [2023-05-11T19:05:26.442+0000] {dag.py:2690} INFO - Sync 1 DAGs
[2023-05-11T19:05:26.471+0000] {logging_mixin.py:137} INFO - [2023-05-11T19:05:26.471+0000] {dag.py:3441} INFO - Setting next_dagrun for example_kubernetes_executor to None, run_after=None
[2023-05-11T19:05:26.493+0000] {processor.py:175} INFO - Processing /home/airflow/.local/lib/python3.7/site-packages/airflow/example_dags/example_kubernetes_executor.py took 0.099 seconds
[2023-05-11T19:05:56.607+0000] {processor.py:153} INFO - Started process (PID=1413) to work on /home/airflow/.local/lib/python3.7/site-packages/airflow/example_dags/example_kubernetes_executor.py
[2023-05-11T19:05:56.608+0000] {processor.py:743} INFO - Processing file /home/airflow/.local/lib/python3.7/site-packages/airflow/example_dags/example_kubernetes_executor.py for tasks to queue
[2023-05-11T19:05:56.608+0000] {logging_mixin.py:137} INFO - [2023-05-11T19:05:56.608+0000] {dagbag.py:538} INFO - Filling up the DagBag from /home/airflow/.local/lib/python3.7/site-packages/airflow/example_dags/example_kubernetes_executor.py
[2023-05-11T19:05:56.634+0000] {processor.py:753} INFO - DAG(s) dict_keys(['example_kubernetes_executor']) retrieved from /home/airflow/.local/lib/python3.7/site-packages/airflow/example_dags/example_kubernetes_executor.py
[2023-05-11T19:05:56.659+0000] {logging_mixin.py:137} INFO - [2023-05-11T19:05:56.659+0000] {dag.py:2690} INFO - Sync 1 DAGs
[2023-05-11T19:05:56.680+0000] {logging_mixin.py:137} INFO - [2023-05-11T19:05:56.680+0000] {dag.py:3441} INFO - Setting next_dagrun for example_kubernetes_executor to None, run_after=None
[2023-05-11T19:05:56.697+0000] {processor.py:175} INFO - Processing /home/airflow/.local/lib/python3.7/site-packages/airflow/example_dags/example_kubernetes_executor.py took 0.092 seconds
[2023-05-11T19:06:26.804+0000] {processor.py:153} INFO - Started process (PID=1652) to work on /home/airflow/.local/lib/python3.7/site-packages/airflow/example_dags/example_kubernetes_executor.py
[2023-05-11T19:06:26.805+0000] {processor.py:743} INFO - Processing file /home/airflow/.local/lib/python3.7/site-packages/airflow/example_dags/example_kubernetes_executor.py for tasks to queue
[2023-05-11T19:06:26.806+0000] {logging_mixin.py:137} INFO - [2023-05-11T19:06:26.805+0000] {dagbag.py:538} INFO - Filling up the DagBag from /home/airflow/.local/lib/python3.7/site-packages/airflow/example_dags/example_kubernetes_executor.py
[2023-05-11T19:06:26.843+0000] {processor.py:753} INFO - DAG(s) dict_keys(['example_kubernetes_executor']) retrieved from /home/airflow/.local/lib/python3.7/site-packages/airflow/example_dags/example_kubernetes_executor.py
[2023-05-11T19:06:26.873+0000] {logging_mixin.py:137} INFO - [2023-05-11T19:06:26.873+0000] {dag.py:2690} INFO - Sync 1 DAGs
[2023-05-11T19:06:26.897+0000] {logging_mixin.py:137} INFO - [2023-05-11T19:06:26.897+0000] {dag.py:3441} INFO - Setting next_dagrun for example_kubernetes_executor to None, run_after=None
[2023-05-11T19:06:26.916+0000] {processor.py:175} INFO - Processing /home/airflow/.local/lib/python3.7/site-packages/airflow/example_dags/example_kubernetes_executor.py took 0.115 seconds
[2023-05-11T19:06:57.281+0000] {processor.py:153} INFO - Started process (PID=1891) to work on /home/airflow/.local/lib/python3.7/site-packages/airflow/example_dags/example_kubernetes_executor.py
[2023-05-11T19:06:57.282+0000] {processor.py:743} INFO - Processing file /home/airflow/.local/lib/python3.7/site-packages/airflow/example_dags/example_kubernetes_executor.py for tasks to queue
[2023-05-11T19:06:57.282+0000] {logging_mixin.py:137} INFO - [2023-05-11T19:06:57.282+0000] {dagbag.py:538} INFO - Filling up the DagBag from /home/airflow/.local/lib/python3.7/site-packages/airflow/example_dags/example_kubernetes_executor.py
[2023-05-11T19:06:57.306+0000] {processor.py:753} INFO - DAG(s) dict_keys(['example_kubernetes_executor']) retrieved from /home/airflow/.local/lib/python3.7/site-packages/airflow/example_dags/example_kubernetes_executor.py
[2023-05-11T19:06:57.333+0000] {logging_mixin.py:137} INFO - [2023-05-11T19:06:57.333+0000] {dag.py:2690} INFO - Sync 1 DAGs
[2023-05-11T19:06:57.355+0000] {logging_mixin.py:137} INFO - [2023-05-11T19:06:57.355+0000] {dag.py:3441} INFO - Setting next_dagrun for example_kubernetes_executor to None, run_after=None
[2023-05-11T19:06:57.371+0000] {processor.py:175} INFO - Processing /home/airflow/.local/lib/python3.7/site-packages/airflow/example_dags/example_kubernetes_executor.py took 0.092 seconds
[2023-05-11T19:07:27.719+0000] {processor.py:153} INFO - Started process (PID=2132) to work on /home/airflow/.local/lib/python3.7/site-packages/airflow/example_dags/example_kubernetes_executor.py
[2023-05-11T19:07:27.720+0000] {processor.py:743} INFO - Processing file /home/airflow/.local/lib/python3.7/site-packages/airflow/example_dags/example_kubernetes_executor.py for tasks to queue
[2023-05-11T19:07:27.721+0000] {logging_mixin.py:137} INFO - [2023-05-11T19:07:27.721+0000] {dagbag.py:538} INFO - Filling up the DagBag from /home/airflow/.local/lib/python3.7/site-packages/airflow/example_dags/example_kubernetes_executor.py
[2023-05-11T19:07:27.756+0000] {processor.py:753} INFO - DAG(s) dict_keys(['example_kubernetes_executor']) retrieved from /home/airflow/.local/lib/python3.7/site-packages/airflow/example_dags/example_kubernetes_executor.py
[2023-05-11T19:07:27.792+0000] {logging_mixin.py:137} INFO - [2023-05-11T19:07:27.792+0000] {dag.py:2690} INFO - Sync 1 DAGs
[2023-05-11T19:07:27.820+0000] {logging_mixin.py:137} INFO - [2023-05-11T19:07:27.820+0000] {dag.py:3441} INFO - Setting next_dagrun for example_kubernetes_executor to None, run_after=None
[2023-05-11T19:07:27.842+0000] {processor.py:175} INFO - Processing /home/airflow/.local/lib/python3.7/site-packages/airflow/example_dags/example_kubernetes_executor.py took 0.125 seconds
[2023-05-11T19:07:58.232+0000] {processor.py:153} INFO - Started process (PID=2372) to work on /home/airflow/.local/lib/python3.7/site-packages/airflow/example_dags/example_kubernetes_executor.py
[2023-05-11T19:07:58.233+0000] {processor.py:743} INFO - Processing file /home/airflow/.local/lib/python3.7/site-packages/airflow/example_dags/example_kubernetes_executor.py for tasks to queue
[2023-05-11T19:07:58.234+0000] {logging_mixin.py:137} INFO - [2023-05-11T19:07:58.234+0000] {dagbag.py:538} INFO - Filling up the DagBag from /home/airflow/.local/lib/python3.7/site-packages/airflow/example_dags/example_kubernetes_executor.py
[2023-05-11T19:07:58.257+0000] {processor.py:753} INFO - DAG(s) dict_keys(['example_kubernetes_executor']) retrieved from /home/airflow/.local/lib/python3.7/site-packages/airflow/example_dags/example_kubernetes_executor.py
[2023-05-11T19:07:58.283+0000] {logging_mixin.py:137} INFO - [2023-05-11T19:07:58.283+0000] {dag.py:2690} INFO - Sync 1 DAGs
[2023-05-11T19:07:58.305+0000] {logging_mixin.py:137} INFO - [2023-05-11T19:07:58.305+0000] {dag.py:3441} INFO - Setting next_dagrun for example_kubernetes_executor to None, run_after=None
[2023-05-11T19:07:58.320+0000] {processor.py:175} INFO - Processing /home/airflow/.local/lib/python3.7/site-packages/airflow/example_dags/example_kubernetes_executor.py took 0.090 seconds
[2023-05-11T19:09:21.092+0000] {processor.py:153} INFO - Started process (PID=220) to work on /home/airflow/.local/lib/python3.7/site-packages/airflow/example_dags/example_kubernetes_executor.py
[2023-05-11T19:09:21.092+0000] {processor.py:743} INFO - Processing file /home/airflow/.local/lib/python3.7/site-packages/airflow/example_dags/example_kubernetes_executor.py for tasks to queue
[2023-05-11T19:09:21.093+0000] {logging_mixin.py:137} INFO - [2023-05-11T19:09:21.093+0000] {dagbag.py:538} INFO - Filling up the DagBag from /home/airflow/.local/lib/python3.7/site-packages/airflow/example_dags/example_kubernetes_executor.py
[2023-05-11T19:09:21.221+0000] {processor.py:753} INFO - DAG(s) dict_keys(['example_kubernetes_executor']) retrieved from /home/airflow/.local/lib/python3.7/site-packages/airflow/example_dags/example_kubernetes_executor.py
[2023-05-11T19:09:21.230+0000] {logging_mixin.py:137} INFO - [2023-05-11T19:09:21.230+0000] {dag.py:2690} INFO - Sync 1 DAGs
[2023-05-11T19:09:21.249+0000] {logging_mixin.py:137} INFO - [2023-05-11T19:09:21.248+0000] {dag.py:3441} INFO - Setting next_dagrun for example_kubernetes_executor to None, run_after=None
[2023-05-11T19:09:21.263+0000] {processor.py:175} INFO - Processing /home/airflow/.local/lib/python3.7/site-packages/airflow/example_dags/example_kubernetes_executor.py took 0.176 seconds
[2023-05-11T19:09:51.923+0000] {processor.py:153} INFO - Started process (PID=452) to work on /home/airflow/.local/lib/python3.7/site-packages/airflow/example_dags/example_kubernetes_executor.py
[2023-05-11T19:09:51.924+0000] {processor.py:743} INFO - Processing file /home/airflow/.local/lib/python3.7/site-packages/airflow/example_dags/example_kubernetes_executor.py for tasks to queue
[2023-05-11T19:09:51.925+0000] {logging_mixin.py:137} INFO - [2023-05-11T19:09:51.925+0000] {dagbag.py:538} INFO - Filling up the DagBag from /home/airflow/.local/lib/python3.7/site-packages/airflow/example_dags/example_kubernetes_executor.py
[2023-05-11T19:09:51.958+0000] {processor.py:753} INFO - DAG(s) dict_keys(['example_kubernetes_executor']) retrieved from /home/airflow/.local/lib/python3.7/site-packages/airflow/example_dags/example_kubernetes_executor.py
[2023-05-11T19:09:52.015+0000] {logging_mixin.py:137} INFO - [2023-05-11T19:09:52.015+0000] {dag.py:2690} INFO - Sync 1 DAGs
[2023-05-11T19:09:52.044+0000] {logging_mixin.py:137} INFO - [2023-05-11T19:09:52.043+0000] {dag.py:3441} INFO - Setting next_dagrun for example_kubernetes_executor to None, run_after=None
[2023-05-11T19:09:52.063+0000] {processor.py:175} INFO - Processing /home/airflow/.local/lib/python3.7/site-packages/airflow/example_dags/example_kubernetes_executor.py took 0.143 seconds
[2023-05-11T19:10:22.117+0000] {processor.py:153} INFO - Started process (PID=702) to work on /home/airflow/.local/lib/python3.7/site-packages/airflow/example_dags/example_kubernetes_executor.py
[2023-05-11T19:10:22.117+0000] {processor.py:743} INFO - Processing file /home/airflow/.local/lib/python3.7/site-packages/airflow/example_dags/example_kubernetes_executor.py for tasks to queue
[2023-05-11T19:10:22.118+0000] {logging_mixin.py:137} INFO - [2023-05-11T19:10:22.118+0000] {dagbag.py:538} INFO - Filling up the DagBag from /home/airflow/.local/lib/python3.7/site-packages/airflow/example_dags/example_kubernetes_executor.py
[2023-05-11T19:10:22.143+0000] {processor.py:753} INFO - DAG(s) dict_keys(['example_kubernetes_executor']) retrieved from /home/airflow/.local/lib/python3.7/site-packages/airflow/example_dags/example_kubernetes_executor.py
[2023-05-11T19:10:22.171+0000] {logging_mixin.py:137} INFO - [2023-05-11T19:10:22.170+0000] {dag.py:2690} INFO - Sync 1 DAGs
[2023-05-11T19:10:22.200+0000] {logging_mixin.py:137} INFO - [2023-05-11T19:10:22.200+0000] {dag.py:3441} INFO - Setting next_dagrun for example_kubernetes_executor to None, run_after=None
[2023-05-11T19:10:22.215+0000] {processor.py:175} INFO - Processing /home/airflow/.local/lib/python3.7/site-packages/airflow/example_dags/example_kubernetes_executor.py took 0.101 seconds
[2023-05-11T19:10:52.302+0000] {processor.py:153} INFO - Started process (PID=934) to work on /home/airflow/.local/lib/python3.7/site-packages/airflow/example_dags/example_kubernetes_executor.py
[2023-05-11T19:10:52.303+0000] {processor.py:743} INFO - Processing file /home/airflow/.local/lib/python3.7/site-packages/airflow/example_dags/example_kubernetes_executor.py for tasks to queue
[2023-05-11T19:10:52.303+0000] {logging_mixin.py:137} INFO - [2023-05-11T19:10:52.303+0000] {dagbag.py:538} INFO - Filling up the DagBag from /home/airflow/.local/lib/python3.7/site-packages/airflow/example_dags/example_kubernetes_executor.py
[2023-05-11T19:10:52.330+0000] {processor.py:753} INFO - DAG(s) dict_keys(['example_kubernetes_executor']) retrieved from /home/airflow/.local/lib/python3.7/site-packages/airflow/example_dags/example_kubernetes_executor.py
[2023-05-11T19:10:52.362+0000] {logging_mixin.py:137} INFO - [2023-05-11T19:10:52.362+0000] {dag.py:2690} INFO - Sync 1 DAGs
[2023-05-11T19:10:52.396+0000] {logging_mixin.py:137} INFO - [2023-05-11T19:10:52.396+0000] {dag.py:3441} INFO - Setting next_dagrun for example_kubernetes_executor to None, run_after=None
[2023-05-11T19:10:52.421+0000] {processor.py:175} INFO - Processing /home/airflow/.local/lib/python3.7/site-packages/airflow/example_dags/example_kubernetes_executor.py took 0.122 seconds
[2023-05-11T19:11:22.561+0000] {processor.py:153} INFO - Started process (PID=1180) to work on /home/airflow/.local/lib/python3.7/site-packages/airflow/example_dags/example_kubernetes_executor.py
[2023-05-11T19:11:22.562+0000] {processor.py:743} INFO - Processing file /home/airflow/.local/lib/python3.7/site-packages/airflow/example_dags/example_kubernetes_executor.py for tasks to queue
[2023-05-11T19:11:22.562+0000] {logging_mixin.py:137} INFO - [2023-05-11T19:11:22.562+0000] {dagbag.py:538} INFO - Filling up the DagBag from /home/airflow/.local/lib/python3.7/site-packages/airflow/example_dags/example_kubernetes_executor.py
[2023-05-11T19:11:22.579+0000] {processor.py:753} INFO - DAG(s) dict_keys(['example_kubernetes_executor']) retrieved from /home/airflow/.local/lib/python3.7/site-packages/airflow/example_dags/example_kubernetes_executor.py
[2023-05-11T19:11:22.600+0000] {logging_mixin.py:137} INFO - [2023-05-11T19:11:22.600+0000] {dag.py:2690} INFO - Sync 1 DAGs
[2023-05-11T19:11:22.623+0000] {logging_mixin.py:137} INFO - [2023-05-11T19:11:22.623+0000] {dag.py:3441} INFO - Setting next_dagrun for example_kubernetes_executor to None, run_after=None
[2023-05-11T19:11:22.639+0000] {processor.py:175} INFO - Processing /home/airflow/.local/lib/python3.7/site-packages/airflow/example_dags/example_kubernetes_executor.py took 0.080 seconds
[2023-05-11T19:14:00.299+0000] {processor.py:153} INFO - Started process (PID=223) to work on /home/airflow/.local/lib/python3.7/site-packages/airflow/example_dags/example_kubernetes_executor.py
[2023-05-11T19:14:00.300+0000] {processor.py:743} INFO - Processing file /home/airflow/.local/lib/python3.7/site-packages/airflow/example_dags/example_kubernetes_executor.py for tasks to queue
[2023-05-11T19:14:00.300+0000] {logging_mixin.py:137} INFO - [2023-05-11T19:14:00.300+0000] {dagbag.py:538} INFO - Filling up the DagBag from /home/airflow/.local/lib/python3.7/site-packages/airflow/example_dags/example_kubernetes_executor.py
[2023-05-11T19:14:00.327+0000] {processor.py:753} INFO - DAG(s) dict_keys(['example_kubernetes_executor']) retrieved from /home/airflow/.local/lib/python3.7/site-packages/airflow/example_dags/example_kubernetes_executor.py
[2023-05-11T19:14:00.337+0000] {logging_mixin.py:137} INFO - [2023-05-11T19:14:00.337+0000] {dag.py:2690} INFO - Sync 1 DAGs
[2023-05-11T19:14:00.352+0000] {logging_mixin.py:137} INFO - [2023-05-11T19:14:00.352+0000] {dag.py:3441} INFO - Setting next_dagrun for example_kubernetes_executor to None, run_after=None
[2023-05-11T19:14:00.363+0000] {processor.py:175} INFO - Processing /home/airflow/.local/lib/python3.7/site-packages/airflow/example_dags/example_kubernetes_executor.py took 0.066 seconds
[2023-05-11T19:14:31.204+0000] {processor.py:153} INFO - Started process (PID=453) to work on /home/airflow/.local/lib/python3.7/site-packages/airflow/example_dags/example_kubernetes_executor.py
[2023-05-11T19:14:31.204+0000] {processor.py:743} INFO - Processing file /home/airflow/.local/lib/python3.7/site-packages/airflow/example_dags/example_kubernetes_executor.py for tasks to queue
[2023-05-11T19:14:31.205+0000] {logging_mixin.py:137} INFO - [2023-05-11T19:14:31.205+0000] {dagbag.py:538} INFO - Filling up the DagBag from /home/airflow/.local/lib/python3.7/site-packages/airflow/example_dags/example_kubernetes_executor.py
[2023-05-11T19:14:31.230+0000] {processor.py:753} INFO - DAG(s) dict_keys(['example_kubernetes_executor']) retrieved from /home/airflow/.local/lib/python3.7/site-packages/airflow/example_dags/example_kubernetes_executor.py
[2023-05-11T19:14:31.261+0000] {logging_mixin.py:137} INFO - [2023-05-11T19:14:31.261+0000] {dag.py:2690} INFO - Sync 1 DAGs
[2023-05-11T19:14:31.284+0000] {logging_mixin.py:137} INFO - [2023-05-11T19:14:31.284+0000] {dag.py:3441} INFO - Setting next_dagrun for example_kubernetes_executor to None, run_after=None
[2023-05-11T19:14:31.305+0000] {processor.py:175} INFO - Processing /home/airflow/.local/lib/python3.7/site-packages/airflow/example_dags/example_kubernetes_executor.py took 0.103 seconds
[2023-05-11T19:15:01.425+0000] {processor.py:153} INFO - Started process (PID=701) to work on /home/airflow/.local/lib/python3.7/site-packages/airflow/example_dags/example_kubernetes_executor.py
[2023-05-11T19:15:01.426+0000] {processor.py:743} INFO - Processing file /home/airflow/.local/lib/python3.7/site-packages/airflow/example_dags/example_kubernetes_executor.py for tasks to queue
[2023-05-11T19:15:01.426+0000] {logging_mixin.py:137} INFO - [2023-05-11T19:15:01.426+0000] {dagbag.py:538} INFO - Filling up the DagBag from /home/airflow/.local/lib/python3.7/site-packages/airflow/example_dags/example_kubernetes_executor.py
[2023-05-11T19:15:01.443+0000] {processor.py:753} INFO - DAG(s) dict_keys(['example_kubernetes_executor']) retrieved from /home/airflow/.local/lib/python3.7/site-packages/airflow/example_dags/example_kubernetes_executor.py
[2023-05-11T19:15:01.462+0000] {logging_mixin.py:137} INFO - [2023-05-11T19:15:01.462+0000] {dag.py:2690} INFO - Sync 1 DAGs
[2023-05-11T19:15:01.478+0000] {logging_mixin.py:137} INFO - [2023-05-11T19:15:01.478+0000] {dag.py:3441} INFO - Setting next_dagrun for example_kubernetes_executor to None, run_after=None
[2023-05-11T19:15:01.489+0000] {processor.py:175} INFO - Processing /home/airflow/.local/lib/python3.7/site-packages/airflow/example_dags/example_kubernetes_executor.py took 0.065 seconds
[2023-05-11T19:15:32.498+0000] {processor.py:153} INFO - Started process (PID=933) to work on /home/airflow/.local/lib/python3.7/site-packages/airflow/example_dags/example_kubernetes_executor.py
[2023-05-11T19:15:32.499+0000] {processor.py:743} INFO - Processing file /home/airflow/.local/lib/python3.7/site-packages/airflow/example_dags/example_kubernetes_executor.py for tasks to queue
[2023-05-11T19:15:32.500+0000] {logging_mixin.py:137} INFO - [2023-05-11T19:15:32.499+0000] {dagbag.py:538} INFO - Filling up the DagBag from /home/airflow/.local/lib/python3.7/site-packages/airflow/example_dags/example_kubernetes_executor.py
[2023-05-11T19:15:32.534+0000] {processor.py:753} INFO - DAG(s) dict_keys(['example_kubernetes_executor']) retrieved from /home/airflow/.local/lib/python3.7/site-packages/airflow/example_dags/example_kubernetes_executor.py
[2023-05-11T19:15:32.562+0000] {logging_mixin.py:137} INFO - [2023-05-11T19:15:32.562+0000] {dag.py:2690} INFO - Sync 1 DAGs
[2023-05-11T19:15:32.584+0000] {logging_mixin.py:137} INFO - [2023-05-11T19:15:32.583+0000] {dag.py:3441} INFO - Setting next_dagrun for example_kubernetes_executor to None, run_after=None
[2023-05-11T19:15:32.599+0000] {processor.py:175} INFO - Processing /home/airflow/.local/lib/python3.7/site-packages/airflow/example_dags/example_kubernetes_executor.py took 0.105 seconds
[2023-05-11T19:16:02.835+0000] {processor.py:153} INFO - Started process (PID=1179) to work on /home/airflow/.local/lib/python3.7/site-packages/airflow/example_dags/example_kubernetes_executor.py
[2023-05-11T19:16:02.836+0000] {processor.py:743} INFO - Processing file /home/airflow/.local/lib/python3.7/site-packages/airflow/example_dags/example_kubernetes_executor.py for tasks to queue
[2023-05-11T19:16:02.837+0000] {logging_mixin.py:137} INFO - [2023-05-11T19:16:02.836+0000] {dagbag.py:538} INFO - Filling up the DagBag from /home/airflow/.local/lib/python3.7/site-packages/airflow/example_dags/example_kubernetes_executor.py
[2023-05-11T19:16:02.859+0000] {processor.py:753} INFO - DAG(s) dict_keys(['example_kubernetes_executor']) retrieved from /home/airflow/.local/lib/python3.7/site-packages/airflow/example_dags/example_kubernetes_executor.py
[2023-05-11T19:16:02.886+0000] {logging_mixin.py:137} INFO - [2023-05-11T19:16:02.886+0000] {dag.py:2690} INFO - Sync 1 DAGs
[2023-05-11T19:16:02.910+0000] {logging_mixin.py:137} INFO - [2023-05-11T19:16:02.910+0000] {dag.py:3441} INFO - Setting next_dagrun for example_kubernetes_executor to None, run_after=None
[2023-05-11T19:16:02.927+0000] {processor.py:175} INFO - Processing /home/airflow/.local/lib/python3.7/site-packages/airflow/example_dags/example_kubernetes_executor.py took 0.094 seconds
[2023-05-11T19:16:33.224+0000] {processor.py:153} INFO - Started process (PID=1411) to work on /home/airflow/.local/lib/python3.7/site-packages/airflow/example_dags/example_kubernetes_executor.py
[2023-05-11T19:16:33.225+0000] {processor.py:743} INFO - Processing file /home/airflow/.local/lib/python3.7/site-packages/airflow/example_dags/example_kubernetes_executor.py for tasks to queue
[2023-05-11T19:16:33.225+0000] {logging_mixin.py:137} INFO - [2023-05-11T19:16:33.225+0000] {dagbag.py:538} INFO - Filling up the DagBag from /home/airflow/.local/lib/python3.7/site-packages/airflow/example_dags/example_kubernetes_executor.py
[2023-05-11T19:16:33.258+0000] {processor.py:753} INFO - DAG(s) dict_keys(['example_kubernetes_executor']) retrieved from /home/airflow/.local/lib/python3.7/site-packages/airflow/example_dags/example_kubernetes_executor.py
[2023-05-11T19:16:33.286+0000] {logging_mixin.py:137} INFO - [2023-05-11T19:16:33.285+0000] {dag.py:2690} INFO - Sync 1 DAGs
[2023-05-11T19:16:33.310+0000] {logging_mixin.py:137} INFO - [2023-05-11T19:16:33.310+0000] {dag.py:3441} INFO - Setting next_dagrun for example_kubernetes_executor to None, run_after=None
[2023-05-11T19:16:33.327+0000] {processor.py:175} INFO - Processing /home/airflow/.local/lib/python3.7/site-packages/airflow/example_dags/example_kubernetes_executor.py took 0.106 seconds
[2023-05-11T19:17:04.249+0000] {processor.py:153} INFO - Started process (PID=1659) to work on /home/airflow/.local/lib/python3.7/site-packages/airflow/example_dags/example_kubernetes_executor.py
[2023-05-11T19:17:04.250+0000] {processor.py:743} INFO - Processing file /home/airflow/.local/lib/python3.7/site-packages/airflow/example_dags/example_kubernetes_executor.py for tasks to queue
[2023-05-11T19:17:04.250+0000] {logging_mixin.py:137} INFO - [2023-05-11T19:17:04.250+0000] {dagbag.py:538} INFO - Filling up the DagBag from /home/airflow/.local/lib/python3.7/site-packages/airflow/example_dags/example_kubernetes_executor.py
[2023-05-11T19:17:04.270+0000] {processor.py:753} INFO - DAG(s) dict_keys(['example_kubernetes_executor']) retrieved from /home/airflow/.local/lib/python3.7/site-packages/airflow/example_dags/example_kubernetes_executor.py
[2023-05-11T19:17:04.290+0000] {logging_mixin.py:137} INFO - [2023-05-11T19:17:04.290+0000] {dag.py:2690} INFO - Sync 1 DAGs
[2023-05-11T19:17:04.306+0000] {logging_mixin.py:137} INFO - [2023-05-11T19:17:04.305+0000] {dag.py:3441} INFO - Setting next_dagrun for example_kubernetes_executor to None, run_after=None
[2023-05-11T19:17:04.318+0000] {processor.py:175} INFO - Processing /home/airflow/.local/lib/python3.7/site-packages/airflow/example_dags/example_kubernetes_executor.py took 0.072 seconds
[2023-05-11T19:17:34.476+0000] {processor.py:153} INFO - Started process (PID=1897) to work on /home/airflow/.local/lib/python3.7/site-packages/airflow/example_dags/example_kubernetes_executor.py
[2023-05-11T19:17:34.476+0000] {processor.py:743} INFO - Processing file /home/airflow/.local/lib/python3.7/site-packages/airflow/example_dags/example_kubernetes_executor.py for tasks to queue
[2023-05-11T19:17:34.477+0000] {logging_mixin.py:137} INFO - [2023-05-11T19:17:34.477+0000] {dagbag.py:538} INFO - Filling up the DagBag from /home/airflow/.local/lib/python3.7/site-packages/airflow/example_dags/example_kubernetes_executor.py
[2023-05-11T19:17:34.501+0000] {processor.py:753} INFO - DAG(s) dict_keys(['example_kubernetes_executor']) retrieved from /home/airflow/.local/lib/python3.7/site-packages/airflow/example_dags/example_kubernetes_executor.py
[2023-05-11T19:17:34.528+0000] {logging_mixin.py:137} INFO - [2023-05-11T19:17:34.528+0000] {dag.py:2690} INFO - Sync 1 DAGs
[2023-05-11T19:17:34.550+0000] {logging_mixin.py:137} INFO - [2023-05-11T19:17:34.550+0000] {dag.py:3441} INFO - Setting next_dagrun for example_kubernetes_executor to None, run_after=None
[2023-05-11T19:17:34.570+0000] {processor.py:175} INFO - Processing /home/airflow/.local/lib/python3.7/site-packages/airflow/example_dags/example_kubernetes_executor.py took 0.097 seconds
[2023-05-11T19:18:05.109+0000] {processor.py:153} INFO - Started process (PID=2146) to work on /home/airflow/.local/lib/python3.7/site-packages/airflow/example_dags/example_kubernetes_executor.py
[2023-05-11T19:18:05.109+0000] {processor.py:743} INFO - Processing file /home/airflow/.local/lib/python3.7/site-packages/airflow/example_dags/example_kubernetes_executor.py for tasks to queue
[2023-05-11T19:18:05.110+0000] {logging_mixin.py:137} INFO - [2023-05-11T19:18:05.110+0000] {dagbag.py:538} INFO - Filling up the DagBag from /home/airflow/.local/lib/python3.7/site-packages/airflow/example_dags/example_kubernetes_executor.py
[2023-05-11T19:18:05.126+0000] {processor.py:753} INFO - DAG(s) dict_keys(['example_kubernetes_executor']) retrieved from /home/airflow/.local/lib/python3.7/site-packages/airflow/example_dags/example_kubernetes_executor.py
[2023-05-11T19:18:05.146+0000] {logging_mixin.py:137} INFO - [2023-05-11T19:18:05.146+0000] {dag.py:2690} INFO - Sync 1 DAGs
[2023-05-11T19:18:05.162+0000] {logging_mixin.py:137} INFO - [2023-05-11T19:18:05.161+0000] {dag.py:3441} INFO - Setting next_dagrun for example_kubernetes_executor to None, run_after=None
[2023-05-11T19:18:05.173+0000] {processor.py:175} INFO - Processing /home/airflow/.local/lib/python3.7/site-packages/airflow/example_dags/example_kubernetes_executor.py took 0.066 seconds
[2023-05-11T19:18:35.201+0000] {processor.py:153} INFO - Started process (PID=2388) to work on /home/airflow/.local/lib/python3.7/site-packages/airflow/example_dags/example_kubernetes_executor.py
[2023-05-11T19:18:35.202+0000] {processor.py:743} INFO - Processing file /home/airflow/.local/lib/python3.7/site-packages/airflow/example_dags/example_kubernetes_executor.py for tasks to queue
[2023-05-11T19:18:35.203+0000] {logging_mixin.py:137} INFO - [2023-05-11T19:18:35.202+0000] {dagbag.py:538} INFO - Filling up the DagBag from /home/airflow/.local/lib/python3.7/site-packages/airflow/example_dags/example_kubernetes_executor.py
[2023-05-11T19:18:35.227+0000] {processor.py:753} INFO - DAG(s) dict_keys(['example_kubernetes_executor']) retrieved from /home/airflow/.local/lib/python3.7/site-packages/airflow/example_dags/example_kubernetes_executor.py
[2023-05-11T19:18:35.263+0000] {logging_mixin.py:137} INFO - [2023-05-11T19:18:35.262+0000] {dag.py:2690} INFO - Sync 1 DAGs
[2023-05-11T19:18:35.301+0000] {logging_mixin.py:137} INFO - [2023-05-11T19:18:35.301+0000] {dag.py:3441} INFO - Setting next_dagrun for example_kubernetes_executor to None, run_after=None
[2023-05-11T19:18:35.323+0000] {processor.py:175} INFO - Processing /home/airflow/.local/lib/python3.7/site-packages/airflow/example_dags/example_kubernetes_executor.py took 0.125 seconds
[2023-05-11T19:19:05.987+0000] {processor.py:153} INFO - Started process (PID=2629) to work on /home/airflow/.local/lib/python3.7/site-packages/airflow/example_dags/example_kubernetes_executor.py
[2023-05-11T19:19:05.988+0000] {processor.py:743} INFO - Processing file /home/airflow/.local/lib/python3.7/site-packages/airflow/example_dags/example_kubernetes_executor.py for tasks to queue
[2023-05-11T19:19:05.989+0000] {logging_mixin.py:137} INFO - [2023-05-11T19:19:05.989+0000] {dagbag.py:538} INFO - Filling up the DagBag from /home/airflow/.local/lib/python3.7/site-packages/airflow/example_dags/example_kubernetes_executor.py
[2023-05-11T19:19:06.012+0000] {processor.py:753} INFO - DAG(s) dict_keys(['example_kubernetes_executor']) retrieved from /home/airflow/.local/lib/python3.7/site-packages/airflow/example_dags/example_kubernetes_executor.py
[2023-05-11T19:19:06.039+0000] {logging_mixin.py:137} INFO - [2023-05-11T19:19:06.039+0000] {dag.py:2690} INFO - Sync 1 DAGs
[2023-05-11T19:19:06.061+0000] {logging_mixin.py:137} INFO - [2023-05-11T19:19:06.060+0000] {dag.py:3441} INFO - Setting next_dagrun for example_kubernetes_executor to None, run_after=None
[2023-05-11T19:19:06.077+0000] {processor.py:175} INFO - Processing /home/airflow/.local/lib/python3.7/site-packages/airflow/example_dags/example_kubernetes_executor.py took 0.092 seconds
[2023-05-11T19:19:36.258+0000] {processor.py:153} INFO - Started process (PID=2868) to work on /home/airflow/.local/lib/python3.7/site-packages/airflow/example_dags/example_kubernetes_executor.py
[2023-05-11T19:19:36.259+0000] {processor.py:743} INFO - Processing file /home/airflow/.local/lib/python3.7/site-packages/airflow/example_dags/example_kubernetes_executor.py for tasks to queue
[2023-05-11T19:19:36.259+0000] {logging_mixin.py:137} INFO - [2023-05-11T19:19:36.259+0000] {dagbag.py:538} INFO - Filling up the DagBag from /home/airflow/.local/lib/python3.7/site-packages/airflow/example_dags/example_kubernetes_executor.py
[2023-05-11T19:19:36.287+0000] {processor.py:753} INFO - DAG(s) dict_keys(['example_kubernetes_executor']) retrieved from /home/airflow/.local/lib/python3.7/site-packages/airflow/example_dags/example_kubernetes_executor.py
[2023-05-11T19:19:36.313+0000] {logging_mixin.py:137} INFO - [2023-05-11T19:19:36.313+0000] {dag.py:2690} INFO - Sync 1 DAGs
[2023-05-11T19:19:36.335+0000] {logging_mixin.py:137} INFO - [2023-05-11T19:19:36.335+0000] {dag.py:3441} INFO - Setting next_dagrun for example_kubernetes_executor to None, run_after=None
[2023-05-11T19:19:36.354+0000] {processor.py:175} INFO - Processing /home/airflow/.local/lib/python3.7/site-packages/airflow/example_dags/example_kubernetes_executor.py took 0.099 seconds
[2023-05-11T19:20:07.039+0000] {processor.py:153} INFO - Started process (PID=3107) to work on /home/airflow/.local/lib/python3.7/site-packages/airflow/example_dags/example_kubernetes_executor.py
[2023-05-11T19:20:07.040+0000] {processor.py:743} INFO - Processing file /home/airflow/.local/lib/python3.7/site-packages/airflow/example_dags/example_kubernetes_executor.py for tasks to queue
[2023-05-11T19:20:07.041+0000] {logging_mixin.py:137} INFO - [2023-05-11T19:20:07.041+0000] {dagbag.py:538} INFO - Filling up the DagBag from /home/airflow/.local/lib/python3.7/site-packages/airflow/example_dags/example_kubernetes_executor.py
[2023-05-11T19:20:07.067+0000] {processor.py:753} INFO - DAG(s) dict_keys(['example_kubernetes_executor']) retrieved from /home/airflow/.local/lib/python3.7/site-packages/airflow/example_dags/example_kubernetes_executor.py
[2023-05-11T19:20:07.101+0000] {logging_mixin.py:137} INFO - [2023-05-11T19:20:07.101+0000] {dag.py:2690} INFO - Sync 1 DAGs
[2023-05-11T19:20:07.130+0000] {logging_mixin.py:137} INFO - [2023-05-11T19:20:07.130+0000] {dag.py:3441} INFO - Setting next_dagrun for example_kubernetes_executor to None, run_after=None
[2023-05-11T19:20:07.146+0000] {processor.py:175} INFO - Processing /home/airflow/.local/lib/python3.7/site-packages/airflow/example_dags/example_kubernetes_executor.py took 0.109 seconds
[2023-05-11T19:20:37.460+0000] {processor.py:153} INFO - Started process (PID=3350) to work on /home/airflow/.local/lib/python3.7/site-packages/airflow/example_dags/example_kubernetes_executor.py
[2023-05-11T19:20:37.461+0000] {processor.py:743} INFO - Processing file /home/airflow/.local/lib/python3.7/site-packages/airflow/example_dags/example_kubernetes_executor.py for tasks to queue
[2023-05-11T19:20:37.461+0000] {logging_mixin.py:137} INFO - [2023-05-11T19:20:37.461+0000] {dagbag.py:538} INFO - Filling up the DagBag from /home/airflow/.local/lib/python3.7/site-packages/airflow/example_dags/example_kubernetes_executor.py
[2023-05-11T19:20:37.484+0000] {processor.py:753} INFO - DAG(s) dict_keys(['example_kubernetes_executor']) retrieved from /home/airflow/.local/lib/python3.7/site-packages/airflow/example_dags/example_kubernetes_executor.py
[2023-05-11T19:20:37.513+0000] {logging_mixin.py:137} INFO - [2023-05-11T19:20:37.513+0000] {dag.py:2690} INFO - Sync 1 DAGs
[2023-05-11T19:20:37.538+0000] {logging_mixin.py:137} INFO - [2023-05-11T19:20:37.538+0000] {dag.py:3441} INFO - Setting next_dagrun for example_kubernetes_executor to None, run_after=None
[2023-05-11T19:20:37.556+0000] {processor.py:175} INFO - Processing /home/airflow/.local/lib/python3.7/site-packages/airflow/example_dags/example_kubernetes_executor.py took 0.098 seconds
[2023-05-11T19:21:07.889+0000] {processor.py:153} INFO - Started process (PID=3589) to work on /home/airflow/.local/lib/python3.7/site-packages/airflow/example_dags/example_kubernetes_executor.py
[2023-05-11T19:21:07.889+0000] {processor.py:743} INFO - Processing file /home/airflow/.local/lib/python3.7/site-packages/airflow/example_dags/example_kubernetes_executor.py for tasks to queue
[2023-05-11T19:21:07.890+0000] {logging_mixin.py:137} INFO - [2023-05-11T19:21:07.890+0000] {dagbag.py:538} INFO - Filling up the DagBag from /home/airflow/.local/lib/python3.7/site-packages/airflow/example_dags/example_kubernetes_executor.py
[2023-05-11T19:21:07.907+0000] {processor.py:753} INFO - DAG(s) dict_keys(['example_kubernetes_executor']) retrieved from /home/airflow/.local/lib/python3.7/site-packages/airflow/example_dags/example_kubernetes_executor.py
[2023-05-11T19:21:07.928+0000] {logging_mixin.py:137} INFO - [2023-05-11T19:21:07.928+0000] {dag.py:2690} INFO - Sync 1 DAGs
[2023-05-11T19:21:07.944+0000] {logging_mixin.py:137} INFO - [2023-05-11T19:21:07.944+0000] {dag.py:3441} INFO - Setting next_dagrun for example_kubernetes_executor to None, run_after=None
[2023-05-11T19:21:07.957+0000] {processor.py:175} INFO - Processing /home/airflow/.local/lib/python3.7/site-packages/airflow/example_dags/example_kubernetes_executor.py took 0.070 seconds
[2023-05-11T19:21:38.471+0000] {processor.py:153} INFO - Started process (PID=3828) to work on /home/airflow/.local/lib/python3.7/site-packages/airflow/example_dags/example_kubernetes_executor.py
[2023-05-11T19:21:38.472+0000] {processor.py:743} INFO - Processing file /home/airflow/.local/lib/python3.7/site-packages/airflow/example_dags/example_kubernetes_executor.py for tasks to queue
[2023-05-11T19:21:38.472+0000] {logging_mixin.py:137} INFO - [2023-05-11T19:21:38.472+0000] {dagbag.py:538} INFO - Filling up the DagBag from /home/airflow/.local/lib/python3.7/site-packages/airflow/example_dags/example_kubernetes_executor.py
[2023-05-11T19:21:38.500+0000] {processor.py:753} INFO - DAG(s) dict_keys(['example_kubernetes_executor']) retrieved from /home/airflow/.local/lib/python3.7/site-packages/airflow/example_dags/example_kubernetes_executor.py
[2023-05-11T19:21:38.535+0000] {logging_mixin.py:137} INFO - [2023-05-11T19:21:38.535+0000] {dag.py:2690} INFO - Sync 1 DAGs
[2023-05-11T19:21:38.567+0000] {logging_mixin.py:137} INFO - [2023-05-11T19:21:38.567+0000] {dag.py:3441} INFO - Setting next_dagrun for example_kubernetes_executor to None, run_after=None
[2023-05-11T19:21:38.587+0000] {processor.py:175} INFO - Processing /home/airflow/.local/lib/python3.7/site-packages/airflow/example_dags/example_kubernetes_executor.py took 0.119 seconds
[2023-05-11T19:22:08.787+0000] {processor.py:153} INFO - Started process (PID=4067) to work on /home/airflow/.local/lib/python3.7/site-packages/airflow/example_dags/example_kubernetes_executor.py
[2023-05-11T19:22:08.787+0000] {processor.py:743} INFO - Processing file /home/airflow/.local/lib/python3.7/site-packages/airflow/example_dags/example_kubernetes_executor.py for tasks to queue
[2023-05-11T19:22:08.788+0000] {logging_mixin.py:137} INFO - [2023-05-11T19:22:08.788+0000] {dagbag.py:538} INFO - Filling up the DagBag from /home/airflow/.local/lib/python3.7/site-packages/airflow/example_dags/example_kubernetes_executor.py
[2023-05-11T19:22:08.812+0000] {processor.py:753} INFO - DAG(s) dict_keys(['example_kubernetes_executor']) retrieved from /home/airflow/.local/lib/python3.7/site-packages/airflow/example_dags/example_kubernetes_executor.py
[2023-05-11T19:22:08.838+0000] {logging_mixin.py:137} INFO - [2023-05-11T19:22:08.838+0000] {dag.py:2690} INFO - Sync 1 DAGs
[2023-05-11T19:22:08.864+0000] {logging_mixin.py:137} INFO - [2023-05-11T19:22:08.864+0000] {dag.py:3441} INFO - Setting next_dagrun for example_kubernetes_executor to None, run_after=None
[2023-05-11T19:22:08.880+0000] {processor.py:175} INFO - Processing /home/airflow/.local/lib/python3.7/site-packages/airflow/example_dags/example_kubernetes_executor.py took 0.096 seconds
[2023-05-11T19:22:39.064+0000] {processor.py:153} INFO - Started process (PID=4309) to work on /home/airflow/.local/lib/python3.7/site-packages/airflow/example_dags/example_kubernetes_executor.py
[2023-05-11T19:22:39.065+0000] {processor.py:743} INFO - Processing file /home/airflow/.local/lib/python3.7/site-packages/airflow/example_dags/example_kubernetes_executor.py for tasks to queue
[2023-05-11T19:22:39.065+0000] {logging_mixin.py:137} INFO - [2023-05-11T19:22:39.065+0000] {dagbag.py:538} INFO - Filling up the DagBag from /home/airflow/.local/lib/python3.7/site-packages/airflow/example_dags/example_kubernetes_executor.py
[2023-05-11T19:22:39.089+0000] {processor.py:753} INFO - DAG(s) dict_keys(['example_kubernetes_executor']) retrieved from /home/airflow/.local/lib/python3.7/site-packages/airflow/example_dags/example_kubernetes_executor.py
[2023-05-11T19:22:39.124+0000] {logging_mixin.py:137} INFO - [2023-05-11T19:22:39.124+0000] {dag.py:2690} INFO - Sync 1 DAGs
[2023-05-11T19:22:39.146+0000] {logging_mixin.py:137} INFO - [2023-05-11T19:22:39.145+0000] {dag.py:3441} INFO - Setting next_dagrun for example_kubernetes_executor to None, run_after=None
[2023-05-11T19:22:39.163+0000] {processor.py:175} INFO - Processing /home/airflow/.local/lib/python3.7/site-packages/airflow/example_dags/example_kubernetes_executor.py took 0.102 seconds
[2023-05-11T19:23:09.694+0000] {processor.py:153} INFO - Started process (PID=4550) to work on /home/airflow/.local/lib/python3.7/site-packages/airflow/example_dags/example_kubernetes_executor.py
[2023-05-11T19:23:09.694+0000] {processor.py:743} INFO - Processing file /home/airflow/.local/lib/python3.7/site-packages/airflow/example_dags/example_kubernetes_executor.py for tasks to queue
[2023-05-11T19:23:09.695+0000] {logging_mixin.py:137} INFO - [2023-05-11T19:23:09.695+0000] {dagbag.py:538} INFO - Filling up the DagBag from /home/airflow/.local/lib/python3.7/site-packages/airflow/example_dags/example_kubernetes_executor.py
[2023-05-11T19:23:09.718+0000] {processor.py:753} INFO - DAG(s) dict_keys(['example_kubernetes_executor']) retrieved from /home/airflow/.local/lib/python3.7/site-packages/airflow/example_dags/example_kubernetes_executor.py
[2023-05-11T19:23:09.745+0000] {logging_mixin.py:137} INFO - [2023-05-11T19:23:09.745+0000] {dag.py:2690} INFO - Sync 1 DAGs
[2023-05-11T19:23:09.766+0000] {logging_mixin.py:137} INFO - [2023-05-11T19:23:09.766+0000] {dag.py:3441} INFO - Setting next_dagrun for example_kubernetes_executor to None, run_after=None
[2023-05-11T19:23:09.783+0000] {processor.py:175} INFO - Processing /home/airflow/.local/lib/python3.7/site-packages/airflow/example_dags/example_kubernetes_executor.py took 0.092 seconds
[2023-05-11T19:23:40.413+0000] {processor.py:153} INFO - Started process (PID=4799) to work on /home/airflow/.local/lib/python3.7/site-packages/airflow/example_dags/example_kubernetes_executor.py
[2023-05-11T19:23:40.418+0000] {processor.py:743} INFO - Processing file /home/airflow/.local/lib/python3.7/site-packages/airflow/example_dags/example_kubernetes_executor.py for tasks to queue
[2023-05-11T19:23:40.419+0000] {logging_mixin.py:137} INFO - [2023-05-11T19:23:40.419+0000] {dagbag.py:538} INFO - Filling up the DagBag from /home/airflow/.local/lib/python3.7/site-packages/airflow/example_dags/example_kubernetes_executor.py
[2023-05-11T19:23:40.458+0000] {processor.py:753} INFO - DAG(s) dict_keys(['example_kubernetes_executor']) retrieved from /home/airflow/.local/lib/python3.7/site-packages/airflow/example_dags/example_kubernetes_executor.py
[2023-05-11T19:23:40.507+0000] {logging_mixin.py:137} INFO - [2023-05-11T19:23:40.507+0000] {dag.py:2690} INFO - Sync 1 DAGs
[2023-05-11T19:23:40.546+0000] {logging_mixin.py:137} INFO - [2023-05-11T19:23:40.546+0000] {dag.py:3441} INFO - Setting next_dagrun for example_kubernetes_executor to None, run_after=None
[2023-05-11T19:23:40.564+0000] {processor.py:175} INFO - Processing /home/airflow/.local/lib/python3.7/site-packages/airflow/example_dags/example_kubernetes_executor.py took 0.156 seconds
[2023-05-11T19:24:11.395+0000] {processor.py:153} INFO - Started process (PID=5029) to work on /home/airflow/.local/lib/python3.7/site-packages/airflow/example_dags/example_kubernetes_executor.py
[2023-05-11T19:24:11.396+0000] {processor.py:743} INFO - Processing file /home/airflow/.local/lib/python3.7/site-packages/airflow/example_dags/example_kubernetes_executor.py for tasks to queue
[2023-05-11T19:24:11.396+0000] {logging_mixin.py:137} INFO - [2023-05-11T19:24:11.396+0000] {dagbag.py:538} INFO - Filling up the DagBag from /home/airflow/.local/lib/python3.7/site-packages/airflow/example_dags/example_kubernetes_executor.py
[2023-05-11T19:24:11.419+0000] {processor.py:753} INFO - DAG(s) dict_keys(['example_kubernetes_executor']) retrieved from /home/airflow/.local/lib/python3.7/site-packages/airflow/example_dags/example_kubernetes_executor.py
[2023-05-11T19:24:11.449+0000] {logging_mixin.py:137} INFO - [2023-05-11T19:24:11.449+0000] {dag.py:2690} INFO - Sync 1 DAGs
[2023-05-11T19:24:11.471+0000] {logging_mixin.py:137} INFO - [2023-05-11T19:24:11.470+0000] {dag.py:3441} INFO - Setting next_dagrun for example_kubernetes_executor to None, run_after=None
[2023-05-11T19:24:11.489+0000] {processor.py:175} INFO - Processing /home/airflow/.local/lib/python3.7/site-packages/airflow/example_dags/example_kubernetes_executor.py took 0.096 seconds
[2023-05-11T19:24:42.008+0000] {processor.py:153} INFO - Started process (PID=5277) to work on /home/airflow/.local/lib/python3.7/site-packages/airflow/example_dags/example_kubernetes_executor.py
[2023-05-11T19:24:42.009+0000] {processor.py:743} INFO - Processing file /home/airflow/.local/lib/python3.7/site-packages/airflow/example_dags/example_kubernetes_executor.py for tasks to queue
[2023-05-11T19:24:42.009+0000] {logging_mixin.py:137} INFO - [2023-05-11T19:24:42.009+0000] {dagbag.py:538} INFO - Filling up the DagBag from /home/airflow/.local/lib/python3.7/site-packages/airflow/example_dags/example_kubernetes_executor.py
[2023-05-11T19:24:42.028+0000] {processor.py:753} INFO - DAG(s) dict_keys(['example_kubernetes_executor']) retrieved from /home/airflow/.local/lib/python3.7/site-packages/airflow/example_dags/example_kubernetes_executor.py
[2023-05-11T19:24:42.048+0000] {logging_mixin.py:137} INFO - [2023-05-11T19:24:42.048+0000] {dag.py:2690} INFO - Sync 1 DAGs
[2023-05-11T19:24:42.064+0000] {logging_mixin.py:137} INFO - [2023-05-11T19:24:42.064+0000] {dag.py:3441} INFO - Setting next_dagrun for example_kubernetes_executor to None, run_after=None
[2023-05-11T19:24:42.078+0000] {processor.py:175} INFO - Processing /home/airflow/.local/lib/python3.7/site-packages/airflow/example_dags/example_kubernetes_executor.py took 0.072 seconds
[2023-05-11T19:25:27.495+0000] {processor.py:153} INFO - Started process (PID=221) to work on /home/airflow/.local/lib/python3.7/site-packages/airflow/example_dags/example_kubernetes_executor.py
[2023-05-11T19:25:27.496+0000] {processor.py:743} INFO - Processing file /home/airflow/.local/lib/python3.7/site-packages/airflow/example_dags/example_kubernetes_executor.py for tasks to queue
[2023-05-11T19:25:27.496+0000] {logging_mixin.py:137} INFO - [2023-05-11T19:25:27.496+0000] {dagbag.py:538} INFO - Filling up the DagBag from /home/airflow/.local/lib/python3.7/site-packages/airflow/example_dags/example_kubernetes_executor.py
[2023-05-11T19:25:27.552+0000] {processor.py:753} INFO - DAG(s) dict_keys(['example_kubernetes_executor']) retrieved from /home/airflow/.local/lib/python3.7/site-packages/airflow/example_dags/example_kubernetes_executor.py
[2023-05-11T19:25:27.569+0000] {logging_mixin.py:137} INFO - [2023-05-11T19:25:27.569+0000] {dag.py:2690} INFO - Sync 1 DAGs
[2023-05-11T19:25:27.600+0000] {logging_mixin.py:137} INFO - [2023-05-11T19:25:27.600+0000] {dag.py:3441} INFO - Setting next_dagrun for example_kubernetes_executor to None, run_after=None
[2023-05-11T19:25:27.612+0000] {processor.py:175} INFO - Processing /home/airflow/.local/lib/python3.7/site-packages/airflow/example_dags/example_kubernetes_executor.py took 0.120 seconds
[2023-05-11T19:25:57.772+0000] {processor.py:153} INFO - Started process (PID=451) to work on /home/airflow/.local/lib/python3.7/site-packages/airflow/example_dags/example_kubernetes_executor.py
[2023-05-11T19:25:57.773+0000] {processor.py:743} INFO - Processing file /home/airflow/.local/lib/python3.7/site-packages/airflow/example_dags/example_kubernetes_executor.py for tasks to queue
[2023-05-11T19:25:57.774+0000] {logging_mixin.py:137} INFO - [2023-05-11T19:25:57.774+0000] {dagbag.py:538} INFO - Filling up the DagBag from /home/airflow/.local/lib/python3.7/site-packages/airflow/example_dags/example_kubernetes_executor.py
[2023-05-11T19:25:57.793+0000] {processor.py:753} INFO - DAG(s) dict_keys(['example_kubernetes_executor']) retrieved from /home/airflow/.local/lib/python3.7/site-packages/airflow/example_dags/example_kubernetes_executor.py
[2023-05-11T19:25:57.814+0000] {logging_mixin.py:137} INFO - [2023-05-11T19:25:57.813+0000] {dag.py:2690} INFO - Sync 1 DAGs
[2023-05-11T19:25:57.830+0000] {logging_mixin.py:137} INFO - [2023-05-11T19:25:57.830+0000] {dag.py:3441} INFO - Setting next_dagrun for example_kubernetes_executor to None, run_after=None
[2023-05-11T19:25:57.843+0000] {processor.py:175} INFO - Processing /home/airflow/.local/lib/python3.7/site-packages/airflow/example_dags/example_kubernetes_executor.py took 0.073 seconds
[2023-05-11T19:26:28.729+0000] {processor.py:153} INFO - Started process (PID=699) to work on /home/airflow/.local/lib/python3.7/site-packages/airflow/example_dags/example_kubernetes_executor.py
[2023-05-11T19:26:28.729+0000] {processor.py:743} INFO - Processing file /home/airflow/.local/lib/python3.7/site-packages/airflow/example_dags/example_kubernetes_executor.py for tasks to queue
[2023-05-11T19:26:28.730+0000] {logging_mixin.py:137} INFO - [2023-05-11T19:26:28.730+0000] {dagbag.py:538} INFO - Filling up the DagBag from /home/airflow/.local/lib/python3.7/site-packages/airflow/example_dags/example_kubernetes_executor.py
[2023-05-11T19:26:28.761+0000] {processor.py:753} INFO - DAG(s) dict_keys(['example_kubernetes_executor']) retrieved from /home/airflow/.local/lib/python3.7/site-packages/airflow/example_dags/example_kubernetes_executor.py
[2023-05-11T19:26:28.793+0000] {logging_mixin.py:137} INFO - [2023-05-11T19:26:28.793+0000] {dag.py:2690} INFO - Sync 1 DAGs
[2023-05-11T19:26:28.820+0000] {logging_mixin.py:137} INFO - [2023-05-11T19:26:28.820+0000] {dag.py:3441} INFO - Setting next_dagrun for example_kubernetes_executor to None, run_after=None
[2023-05-11T19:26:28.842+0000] {processor.py:175} INFO - Processing /home/airflow/.local/lib/python3.7/site-packages/airflow/example_dags/example_kubernetes_executor.py took 0.116 seconds
[2023-05-11T19:26:59.223+0000] {processor.py:153} INFO - Started process (PID=931) to work on /home/airflow/.local/lib/python3.7/site-packages/airflow/example_dags/example_kubernetes_executor.py
[2023-05-11T19:26:59.224+0000] {processor.py:743} INFO - Processing file /home/airflow/.local/lib/python3.7/site-packages/airflow/example_dags/example_kubernetes_executor.py for tasks to queue
[2023-05-11T19:26:59.224+0000] {logging_mixin.py:137} INFO - [2023-05-11T19:26:59.224+0000] {dagbag.py:538} INFO - Filling up the DagBag from /home/airflow/.local/lib/python3.7/site-packages/airflow/example_dags/example_kubernetes_executor.py
[2023-05-11T19:26:59.248+0000] {processor.py:753} INFO - DAG(s) dict_keys(['example_kubernetes_executor']) retrieved from /home/airflow/.local/lib/python3.7/site-packages/airflow/example_dags/example_kubernetes_executor.py
[2023-05-11T19:26:59.275+0000] {logging_mixin.py:137} INFO - [2023-05-11T19:26:59.275+0000] {dag.py:2690} INFO - Sync 1 DAGs
[2023-05-11T19:26:59.298+0000] {logging_mixin.py:137} INFO - [2023-05-11T19:26:59.297+0000] {dag.py:3441} INFO - Setting next_dagrun for example_kubernetes_executor to None, run_after=None
[2023-05-11T19:26:59.315+0000] {processor.py:175} INFO - Processing /home/airflow/.local/lib/python3.7/site-packages/airflow/example_dags/example_kubernetes_executor.py took 0.094 seconds
[2023-05-11T19:27:29.879+0000] {processor.py:153} INFO - Started process (PID=1181) to work on /home/airflow/.local/lib/python3.7/site-packages/airflow/example_dags/example_kubernetes_executor.py
[2023-05-11T19:27:29.879+0000] {processor.py:743} INFO - Processing file /home/airflow/.local/lib/python3.7/site-packages/airflow/example_dags/example_kubernetes_executor.py for tasks to queue
[2023-05-11T19:27:29.880+0000] {logging_mixin.py:137} INFO - [2023-05-11T19:27:29.880+0000] {dagbag.py:538} INFO - Filling up the DagBag from /home/airflow/.local/lib/python3.7/site-packages/airflow/example_dags/example_kubernetes_executor.py
[2023-05-11T19:27:29.895+0000] {processor.py:753} INFO - DAG(s) dict_keys(['example_kubernetes_executor']) retrieved from /home/airflow/.local/lib/python3.7/site-packages/airflow/example_dags/example_kubernetes_executor.py
[2023-05-11T19:27:29.913+0000] {logging_mixin.py:137} INFO - [2023-05-11T19:27:29.913+0000] {dag.py:2690} INFO - Sync 1 DAGs
[2023-05-11T19:27:29.927+0000] {logging_mixin.py:137} INFO - [2023-05-11T19:27:29.927+0000] {dag.py:3441} INFO - Setting next_dagrun for example_kubernetes_executor to None, run_after=None
[2023-05-11T19:27:29.937+0000] {processor.py:175} INFO - Processing /home/airflow/.local/lib/python3.7/site-packages/airflow/example_dags/example_kubernetes_executor.py took 0.060 seconds
[2023-05-11T19:28:00.888+0000] {processor.py:153} INFO - Started process (PID=1413) to work on /home/airflow/.local/lib/python3.7/site-packages/airflow/example_dags/example_kubernetes_executor.py
[2023-05-11T19:28:00.889+0000] {processor.py:743} INFO - Processing file /home/airflow/.local/lib/python3.7/site-packages/airflow/example_dags/example_kubernetes_executor.py for tasks to queue
[2023-05-11T19:28:00.890+0000] {logging_mixin.py:137} INFO - [2023-05-11T19:28:00.889+0000] {dagbag.py:538} INFO - Filling up the DagBag from /home/airflow/.local/lib/python3.7/site-packages/airflow/example_dags/example_kubernetes_executor.py
[2023-05-11T19:28:00.914+0000] {processor.py:753} INFO - DAG(s) dict_keys(['example_kubernetes_executor']) retrieved from /home/airflow/.local/lib/python3.7/site-packages/airflow/example_dags/example_kubernetes_executor.py
[2023-05-11T19:28:00.941+0000] {logging_mixin.py:137} INFO - [2023-05-11T19:28:00.941+0000] {dag.py:2690} INFO - Sync 1 DAGs
[2023-05-11T19:28:00.962+0000] {logging_mixin.py:137} INFO - [2023-05-11T19:28:00.962+0000] {dag.py:3441} INFO - Setting next_dagrun for example_kubernetes_executor to None, run_after=None
[2023-05-11T19:28:00.977+0000] {processor.py:175} INFO - Processing /home/airflow/.local/lib/python3.7/site-packages/airflow/example_dags/example_kubernetes_executor.py took 0.092 seconds
[2023-05-11T19:28:31.222+0000] {processor.py:153} INFO - Started process (PID=1661) to work on /home/airflow/.local/lib/python3.7/site-packages/airflow/example_dags/example_kubernetes_executor.py
[2023-05-11T19:28:31.223+0000] {processor.py:743} INFO - Processing file /home/airflow/.local/lib/python3.7/site-packages/airflow/example_dags/example_kubernetes_executor.py for tasks to queue
[2023-05-11T19:28:31.223+0000] {logging_mixin.py:137} INFO - [2023-05-11T19:28:31.223+0000] {dagbag.py:538} INFO - Filling up the DagBag from /home/airflow/.local/lib/python3.7/site-packages/airflow/example_dags/example_kubernetes_executor.py
[2023-05-11T19:28:31.239+0000] {processor.py:753} INFO - DAG(s) dict_keys(['example_kubernetes_executor']) retrieved from /home/airflow/.local/lib/python3.7/site-packages/airflow/example_dags/example_kubernetes_executor.py
[2023-05-11T19:28:31.260+0000] {logging_mixin.py:137} INFO - [2023-05-11T19:28:31.260+0000] {dag.py:2690} INFO - Sync 1 DAGs
[2023-05-11T19:28:31.277+0000] {logging_mixin.py:137} INFO - [2023-05-11T19:28:31.277+0000] {dag.py:3441} INFO - Setting next_dagrun for example_kubernetes_executor to None, run_after=None
[2023-05-11T19:28:31.289+0000] {processor.py:175} INFO - Processing /home/airflow/.local/lib/python3.7/site-packages/airflow/example_dags/example_kubernetes_executor.py took 0.070 seconds
[2023-05-11T19:29:01.498+0000] {processor.py:153} INFO - Started process (PID=1894) to work on /home/airflow/.local/lib/python3.7/site-packages/airflow/example_dags/example_kubernetes_executor.py
[2023-05-11T19:29:01.499+0000] {processor.py:743} INFO - Processing file /home/airflow/.local/lib/python3.7/site-packages/airflow/example_dags/example_kubernetes_executor.py for tasks to queue
[2023-05-11T19:29:01.500+0000] {logging_mixin.py:137} INFO - [2023-05-11T19:29:01.499+0000] {dagbag.py:538} INFO - Filling up the DagBag from /home/airflow/.local/lib/python3.7/site-packages/airflow/example_dags/example_kubernetes_executor.py
[2023-05-11T19:29:01.523+0000] {processor.py:753} INFO - DAG(s) dict_keys(['example_kubernetes_executor']) retrieved from /home/airflow/.local/lib/python3.7/site-packages/airflow/example_dags/example_kubernetes_executor.py
[2023-05-11T19:29:01.550+0000] {logging_mixin.py:137} INFO - [2023-05-11T19:29:01.549+0000] {dag.py:2690} INFO - Sync 1 DAGs
[2023-05-11T19:29:01.570+0000] {logging_mixin.py:137} INFO - [2023-05-11T19:29:01.570+0000] {dag.py:3441} INFO - Setting next_dagrun for example_kubernetes_executor to None, run_after=None
[2023-05-11T19:29:01.587+0000] {processor.py:175} INFO - Processing /home/airflow/.local/lib/python3.7/site-packages/airflow/example_dags/example_kubernetes_executor.py took 0.091 seconds
[2023-05-11T19:29:31.987+0000] {processor.py:153} INFO - Started process (PID=2144) to work on /home/airflow/.local/lib/python3.7/site-packages/airflow/example_dags/example_kubernetes_executor.py
[2023-05-11T19:29:31.987+0000] {processor.py:743} INFO - Processing file /home/airflow/.local/lib/python3.7/site-packages/airflow/example_dags/example_kubernetes_executor.py for tasks to queue
[2023-05-11T19:29:31.988+0000] {logging_mixin.py:137} INFO - [2023-05-11T19:29:31.988+0000] {dagbag.py:538} INFO - Filling up the DagBag from /home/airflow/.local/lib/python3.7/site-packages/airflow/example_dags/example_kubernetes_executor.py
[2023-05-11T19:29:32.012+0000] {processor.py:753} INFO - DAG(s) dict_keys(['example_kubernetes_executor']) retrieved from /home/airflow/.local/lib/python3.7/site-packages/airflow/example_dags/example_kubernetes_executor.py
[2023-05-11T19:29:32.037+0000] {logging_mixin.py:137} INFO - [2023-05-11T19:29:32.037+0000] {dag.py:2690} INFO - Sync 1 DAGs
[2023-05-11T19:29:32.060+0000] {logging_mixin.py:137} INFO - [2023-05-11T19:29:32.060+0000] {dag.py:3441} INFO - Setting next_dagrun for example_kubernetes_executor to None, run_after=None
[2023-05-11T19:29:32.075+0000] {processor.py:175} INFO - Processing /home/airflow/.local/lib/python3.7/site-packages/airflow/example_dags/example_kubernetes_executor.py took 0.091 seconds
[2023-05-11T19:30:02.367+0000] {processor.py:153} INFO - Started process (PID=2376) to work on /home/airflow/.local/lib/python3.7/site-packages/airflow/example_dags/example_kubernetes_executor.py
[2023-05-11T19:30:02.368+0000] {processor.py:743} INFO - Processing file /home/airflow/.local/lib/python3.7/site-packages/airflow/example_dags/example_kubernetes_executor.py for tasks to queue
[2023-05-11T19:30:02.369+0000] {logging_mixin.py:137} INFO - [2023-05-11T19:30:02.369+0000] {dagbag.py:538} INFO - Filling up the DagBag from /home/airflow/.local/lib/python3.7/site-packages/airflow/example_dags/example_kubernetes_executor.py
[2023-05-11T19:30:02.395+0000] {processor.py:753} INFO - DAG(s) dict_keys(['example_kubernetes_executor']) retrieved from /home/airflow/.local/lib/python3.7/site-packages/airflow/example_dags/example_kubernetes_executor.py
[2023-05-11T19:30:02.423+0000] {logging_mixin.py:137} INFO - [2023-05-11T19:30:02.423+0000] {dag.py:2690} INFO - Sync 1 DAGs
[2023-05-11T19:30:02.456+0000] {logging_mixin.py:137} INFO - [2023-05-11T19:30:02.456+0000] {dag.py:3441} INFO - Setting next_dagrun for example_kubernetes_executor to None, run_after=None
[2023-05-11T19:30:02.480+0000] {processor.py:175} INFO - Processing /home/airflow/.local/lib/python3.7/site-packages/airflow/example_dags/example_kubernetes_executor.py took 0.116 seconds
[2023-05-11T19:30:33.145+0000] {processor.py:153} INFO - Started process (PID=2624) to work on /home/airflow/.local/lib/python3.7/site-packages/airflow/example_dags/example_kubernetes_executor.py
[2023-05-11T19:30:33.146+0000] {processor.py:743} INFO - Processing file /home/airflow/.local/lib/python3.7/site-packages/airflow/example_dags/example_kubernetes_executor.py for tasks to queue
[2023-05-11T19:30:33.146+0000] {logging_mixin.py:137} INFO - [2023-05-11T19:30:33.146+0000] {dagbag.py:538} INFO - Filling up the DagBag from /home/airflow/.local/lib/python3.7/site-packages/airflow/example_dags/example_kubernetes_executor.py
[2023-05-11T19:30:33.164+0000] {processor.py:753} INFO - DAG(s) dict_keys(['example_kubernetes_executor']) retrieved from /home/airflow/.local/lib/python3.7/site-packages/airflow/example_dags/example_kubernetes_executor.py
[2023-05-11T19:30:33.187+0000] {logging_mixin.py:137} INFO - [2023-05-11T19:30:33.187+0000] {dag.py:2690} INFO - Sync 1 DAGs
[2023-05-11T19:30:33.204+0000] {logging_mixin.py:137} INFO - [2023-05-11T19:30:33.204+0000] {dag.py:3441} INFO - Setting next_dagrun for example_kubernetes_executor to None, run_after=None
[2023-05-11T19:30:33.218+0000] {processor.py:175} INFO - Processing /home/airflow/.local/lib/python3.7/site-packages/airflow/example_dags/example_kubernetes_executor.py took 0.075 seconds
[2023-05-11T19:31:03.376+0000] {processor.py:153} INFO - Started process (PID=2856) to work on /home/airflow/.local/lib/python3.7/site-packages/airflow/example_dags/example_kubernetes_executor.py
[2023-05-11T19:31:03.377+0000] {processor.py:743} INFO - Processing file /home/airflow/.local/lib/python3.7/site-packages/airflow/example_dags/example_kubernetes_executor.py for tasks to queue
[2023-05-11T19:31:03.377+0000] {logging_mixin.py:137} INFO - [2023-05-11T19:31:03.377+0000] {dagbag.py:538} INFO - Filling up the DagBag from /home/airflow/.local/lib/python3.7/site-packages/airflow/example_dags/example_kubernetes_executor.py
[2023-05-11T19:31:03.404+0000] {processor.py:753} INFO - DAG(s) dict_keys(['example_kubernetes_executor']) retrieved from /home/airflow/.local/lib/python3.7/site-packages/airflow/example_dags/example_kubernetes_executor.py
[2023-05-11T19:31:03.433+0000] {logging_mixin.py:137} INFO - [2023-05-11T19:31:03.433+0000] {dag.py:2690} INFO - Sync 1 DAGs
[2023-05-11T19:31:03.457+0000] {logging_mixin.py:137} INFO - [2023-05-11T19:31:03.456+0000] {dag.py:3441} INFO - Setting next_dagrun for example_kubernetes_executor to None, run_after=None
[2023-05-11T19:31:03.473+0000] {processor.py:175} INFO - Processing /home/airflow/.local/lib/python3.7/site-packages/airflow/example_dags/example_kubernetes_executor.py took 0.100 seconds
[2023-05-11T19:31:34.091+0000] {processor.py:153} INFO - Started process (PID=3102) to work on /home/airflow/.local/lib/python3.7/site-packages/airflow/example_dags/example_kubernetes_executor.py
[2023-05-11T19:31:34.091+0000] {processor.py:743} INFO - Processing file /home/airflow/.local/lib/python3.7/site-packages/airflow/example_dags/example_kubernetes_executor.py for tasks to queue
[2023-05-11T19:31:34.092+0000] {logging_mixin.py:137} INFO - [2023-05-11T19:31:34.092+0000] {dagbag.py:538} INFO - Filling up the DagBag from /home/airflow/.local/lib/python3.7/site-packages/airflow/example_dags/example_kubernetes_executor.py
[2023-05-11T19:31:34.109+0000] {processor.py:753} INFO - DAG(s) dict_keys(['example_kubernetes_executor']) retrieved from /home/airflow/.local/lib/python3.7/site-packages/airflow/example_dags/example_kubernetes_executor.py
[2023-05-11T19:31:34.128+0000] {logging_mixin.py:137} INFO - [2023-05-11T19:31:34.128+0000] {dag.py:2690} INFO - Sync 1 DAGs
[2023-05-11T19:31:34.144+0000] {logging_mixin.py:137} INFO - [2023-05-11T19:31:34.143+0000] {dag.py:3441} INFO - Setting next_dagrun for example_kubernetes_executor to None, run_after=None
[2023-05-11T19:31:34.155+0000] {processor.py:175} INFO - Processing /home/airflow/.local/lib/python3.7/site-packages/airflow/example_dags/example_kubernetes_executor.py took 0.066 seconds
[2023-05-11T19:32:04.947+0000] {processor.py:153} INFO - Started process (PID=3334) to work on /home/airflow/.local/lib/python3.7/site-packages/airflow/example_dags/example_kubernetes_executor.py
[2023-05-11T19:32:04.948+0000] {processor.py:743} INFO - Processing file /home/airflow/.local/lib/python3.7/site-packages/airflow/example_dags/example_kubernetes_executor.py for tasks to queue
[2023-05-11T19:32:04.949+0000] {logging_mixin.py:137} INFO - [2023-05-11T19:32:04.949+0000] {dagbag.py:538} INFO - Filling up the DagBag from /home/airflow/.local/lib/python3.7/site-packages/airflow/example_dags/example_kubernetes_executor.py
[2023-05-11T19:32:04.981+0000] {processor.py:753} INFO - DAG(s) dict_keys(['example_kubernetes_executor']) retrieved from /home/airflow/.local/lib/python3.7/site-packages/airflow/example_dags/example_kubernetes_executor.py
[2023-05-11T19:32:05.008+0000] {logging_mixin.py:137} INFO - [2023-05-11T19:32:05.008+0000] {dag.py:2690} INFO - Sync 1 DAGs
[2023-05-11T19:32:05.032+0000] {logging_mixin.py:137} INFO - [2023-05-11T19:32:05.031+0000] {dag.py:3441} INFO - Setting next_dagrun for example_kubernetes_executor to None, run_after=None
[2023-05-11T19:32:05.048+0000] {processor.py:175} INFO - Processing /home/airflow/.local/lib/python3.7/site-packages/airflow/example_dags/example_kubernetes_executor.py took 0.105 seconds
[2023-05-11T19:32:35.456+0000] {processor.py:153} INFO - Started process (PID=3583) to work on /home/airflow/.local/lib/python3.7/site-packages/airflow/example_dags/example_kubernetes_executor.py
[2023-05-11T19:32:35.457+0000] {processor.py:743} INFO - Processing file /home/airflow/.local/lib/python3.7/site-packages/airflow/example_dags/example_kubernetes_executor.py for tasks to queue
[2023-05-11T19:32:35.457+0000] {logging_mixin.py:137} INFO - [2023-05-11T19:32:35.457+0000] {dagbag.py:538} INFO - Filling up the DagBag from /home/airflow/.local/lib/python3.7/site-packages/airflow/example_dags/example_kubernetes_executor.py
[2023-05-11T19:32:35.480+0000] {processor.py:753} INFO - DAG(s) dict_keys(['example_kubernetes_executor']) retrieved from /home/airflow/.local/lib/python3.7/site-packages/airflow/example_dags/example_kubernetes_executor.py
[2023-05-11T19:32:35.506+0000] {logging_mixin.py:137} INFO - [2023-05-11T19:32:35.506+0000] {dag.py:2690} INFO - Sync 1 DAGs
[2023-05-11T19:32:35.527+0000] {logging_mixin.py:137} INFO - [2023-05-11T19:32:35.527+0000] {dag.py:3441} INFO - Setting next_dagrun for example_kubernetes_executor to None, run_after=None
[2023-05-11T19:32:35.544+0000] {processor.py:175} INFO - Processing /home/airflow/.local/lib/python3.7/site-packages/airflow/example_dags/example_kubernetes_executor.py took 0.090 seconds
[2023-05-11T19:33:05.850+0000] {processor.py:153} INFO - Started process (PID=3815) to work on /home/airflow/.local/lib/python3.7/site-packages/airflow/example_dags/example_kubernetes_executor.py
[2023-05-11T19:33:05.851+0000] {processor.py:743} INFO - Processing file /home/airflow/.local/lib/python3.7/site-packages/airflow/example_dags/example_kubernetes_executor.py for tasks to queue
[2023-05-11T19:33:05.851+0000] {logging_mixin.py:137} INFO - [2023-05-11T19:33:05.851+0000] {dagbag.py:538} INFO - Filling up the DagBag from /home/airflow/.local/lib/python3.7/site-packages/airflow/example_dags/example_kubernetes_executor.py
[2023-05-11T19:33:05.875+0000] {processor.py:753} INFO - DAG(s) dict_keys(['example_kubernetes_executor']) retrieved from /home/airflow/.local/lib/python3.7/site-packages/airflow/example_dags/example_kubernetes_executor.py
[2023-05-11T19:33:05.903+0000] {logging_mixin.py:137} INFO - [2023-05-11T19:33:05.902+0000] {dag.py:2690} INFO - Sync 1 DAGs
[2023-05-11T19:33:05.924+0000] {logging_mixin.py:137} INFO - [2023-05-11T19:33:05.923+0000] {dag.py:3441} INFO - Setting next_dagrun for example_kubernetes_executor to None, run_after=None
[2023-05-11T19:33:05.940+0000] {processor.py:175} INFO - Processing /home/airflow/.local/lib/python3.7/site-packages/airflow/example_dags/example_kubernetes_executor.py took 0.092 seconds
[2023-05-11T19:33:36.450+0000] {processor.py:153} INFO - Started process (PID=4063) to work on /home/airflow/.local/lib/python3.7/site-packages/airflow/example_dags/example_kubernetes_executor.py
[2023-05-11T19:33:36.451+0000] {processor.py:743} INFO - Processing file /home/airflow/.local/lib/python3.7/site-packages/airflow/example_dags/example_kubernetes_executor.py for tasks to queue
[2023-05-11T19:33:36.451+0000] {logging_mixin.py:137} INFO - [2023-05-11T19:33:36.451+0000] {dagbag.py:538} INFO - Filling up the DagBag from /home/airflow/.local/lib/python3.7/site-packages/airflow/example_dags/example_kubernetes_executor.py
[2023-05-11T19:33:36.476+0000] {processor.py:753} INFO - DAG(s) dict_keys(['example_kubernetes_executor']) retrieved from /home/airflow/.local/lib/python3.7/site-packages/airflow/example_dags/example_kubernetes_executor.py
[2023-05-11T19:33:36.508+0000] {logging_mixin.py:137} INFO - [2023-05-11T19:33:36.508+0000] {dag.py:2690} INFO - Sync 1 DAGs
[2023-05-11T19:33:36.532+0000] {logging_mixin.py:137} INFO - [2023-05-11T19:33:36.531+0000] {dag.py:3441} INFO - Setting next_dagrun for example_kubernetes_executor to None, run_after=None
[2023-05-11T19:33:36.551+0000] {processor.py:175} INFO - Processing /home/airflow/.local/lib/python3.7/site-packages/airflow/example_dags/example_kubernetes_executor.py took 0.104 seconds
[2023-05-11T19:35:10.441+0000] {processor.py:153} INFO - Started process (PID=219) to work on /home/airflow/.local/lib/python3.7/site-packages/airflow/example_dags/example_kubernetes_executor.py
[2023-05-11T19:35:10.442+0000] {processor.py:743} INFO - Processing file /home/airflow/.local/lib/python3.7/site-packages/airflow/example_dags/example_kubernetes_executor.py for tasks to queue
[2023-05-11T19:35:10.442+0000] {logging_mixin.py:137} INFO - [2023-05-11T19:35:10.442+0000] {dagbag.py:538} INFO - Filling up the DagBag from /home/airflow/.local/lib/python3.7/site-packages/airflow/example_dags/example_kubernetes_executor.py
[2023-05-11T19:35:10.466+0000] {processor.py:753} INFO - DAG(s) dict_keys(['example_kubernetes_executor']) retrieved from /home/airflow/.local/lib/python3.7/site-packages/airflow/example_dags/example_kubernetes_executor.py
[2023-05-11T19:35:10.479+0000] {logging_mixin.py:137} INFO - [2023-05-11T19:35:10.478+0000] {dag.py:2690} INFO - Sync 1 DAGs
[2023-05-11T19:35:10.506+0000] {logging_mixin.py:137} INFO - [2023-05-11T19:35:10.506+0000] {dag.py:3441} INFO - Setting next_dagrun for example_kubernetes_executor to None, run_after=None
[2023-05-11T19:35:10.522+0000] {processor.py:175} INFO - Processing /home/airflow/.local/lib/python3.7/site-packages/airflow/example_dags/example_kubernetes_executor.py took 0.084 seconds
[2023-05-11T19:35:41.297+0000] {processor.py:153} INFO - Started process (PID=451) to work on /home/airflow/.local/lib/python3.7/site-packages/airflow/example_dags/example_kubernetes_executor.py
[2023-05-11T19:35:41.298+0000] {processor.py:743} INFO - Processing file /home/airflow/.local/lib/python3.7/site-packages/airflow/example_dags/example_kubernetes_executor.py for tasks to queue
[2023-05-11T19:35:41.298+0000] {logging_mixin.py:137} INFO - [2023-05-11T19:35:41.298+0000] {dagbag.py:538} INFO - Filling up the DagBag from /home/airflow/.local/lib/python3.7/site-packages/airflow/example_dags/example_kubernetes_executor.py
[2023-05-11T19:35:41.317+0000] {processor.py:753} INFO - DAG(s) dict_keys(['example_kubernetes_executor']) retrieved from /home/airflow/.local/lib/python3.7/site-packages/airflow/example_dags/example_kubernetes_executor.py
[2023-05-11T19:35:41.338+0000] {logging_mixin.py:137} INFO - [2023-05-11T19:35:41.338+0000] {dag.py:2690} INFO - Sync 1 DAGs
[2023-05-11T19:35:41.355+0000] {logging_mixin.py:137} INFO - [2023-05-11T19:35:41.355+0000] {dag.py:3441} INFO - Setting next_dagrun for example_kubernetes_executor to None, run_after=None
[2023-05-11T19:35:41.366+0000] {processor.py:175} INFO - Processing /home/airflow/.local/lib/python3.7/site-packages/airflow/example_dags/example_kubernetes_executor.py took 0.070 seconds
