[2023-05-11T18:58:39.975+0000] {processor.py:153} INFO - Started process (PID=269) to work on /home/airflow/.local/lib/python3.7/site-packages/airflow/example_dags/example_trigger_target_dag.py
[2023-05-11T18:58:39.976+0000] {processor.py:743} INFO - Processing file /home/airflow/.local/lib/python3.7/site-packages/airflow/example_dags/example_trigger_target_dag.py for tasks to queue
[2023-05-11T18:58:39.981+0000] {logging_mixin.py:137} INFO - [2023-05-11T18:58:39.981+0000] {dagbag.py:538} INFO - Filling up the DagBag from /home/airflow/.local/lib/python3.7/site-packages/airflow/example_dags/example_trigger_target_dag.py
[2023-05-11T18:58:39.997+0000] {processor.py:753} INFO - DAG(s) dict_keys(['example_trigger_target_dag']) retrieved from /home/airflow/.local/lib/python3.7/site-packages/airflow/example_dags/example_trigger_target_dag.py
[2023-05-11T18:58:40.007+0000] {logging_mixin.py:137} INFO - [2023-05-11T18:58:40.006+0000] {dag.py:2690} INFO - Sync 1 DAGs
[2023-05-11T18:58:40.028+0000] {logging_mixin.py:137} INFO - [2023-05-11T18:58:40.028+0000] {dag.py:3441} INFO - Setting next_dagrun for example_trigger_target_dag to None, run_after=None
[2023-05-11T18:58:40.049+0000] {processor.py:175} INFO - Processing /home/airflow/.local/lib/python3.7/site-packages/airflow/example_dags/example_trigger_target_dag.py took 0.076 seconds
[2023-05-11T18:59:10.821+0000] {processor.py:153} INFO - Started process (PID=501) to work on /home/airflow/.local/lib/python3.7/site-packages/airflow/example_dags/example_trigger_target_dag.py
[2023-05-11T18:59:10.821+0000] {processor.py:743} INFO - Processing file /home/airflow/.local/lib/python3.7/site-packages/airflow/example_dags/example_trigger_target_dag.py for tasks to queue
[2023-05-11T18:59:10.822+0000] {logging_mixin.py:137} INFO - [2023-05-11T18:59:10.822+0000] {dagbag.py:538} INFO - Filling up the DagBag from /home/airflow/.local/lib/python3.7/site-packages/airflow/example_dags/example_trigger_target_dag.py
[2023-05-11T18:59:10.836+0000] {processor.py:753} INFO - DAG(s) dict_keys(['example_trigger_target_dag']) retrieved from /home/airflow/.local/lib/python3.7/site-packages/airflow/example_dags/example_trigger_target_dag.py
[2023-05-11T18:59:10.855+0000] {logging_mixin.py:137} INFO - [2023-05-11T18:59:10.855+0000] {dag.py:2690} INFO - Sync 1 DAGs
[2023-05-11T18:59:10.871+0000] {logging_mixin.py:137} INFO - [2023-05-11T18:59:10.871+0000] {dag.py:3441} INFO - Setting next_dagrun for example_trigger_target_dag to None, run_after=None
[2023-05-11T18:59:10.882+0000] {processor.py:175} INFO - Processing /home/airflow/.local/lib/python3.7/site-packages/airflow/example_dags/example_trigger_target_dag.py took 0.063 seconds
[2023-05-11T18:59:41.644+0000] {processor.py:153} INFO - Started process (PID=749) to work on /home/airflow/.local/lib/python3.7/site-packages/airflow/example_dags/example_trigger_target_dag.py
[2023-05-11T18:59:41.645+0000] {processor.py:743} INFO - Processing file /home/airflow/.local/lib/python3.7/site-packages/airflow/example_dags/example_trigger_target_dag.py for tasks to queue
[2023-05-11T18:59:41.645+0000] {logging_mixin.py:137} INFO - [2023-05-11T18:59:41.645+0000] {dagbag.py:538} INFO - Filling up the DagBag from /home/airflow/.local/lib/python3.7/site-packages/airflow/example_dags/example_trigger_target_dag.py
[2023-05-11T18:59:41.661+0000] {processor.py:753} INFO - DAG(s) dict_keys(['example_trigger_target_dag']) retrieved from /home/airflow/.local/lib/python3.7/site-packages/airflow/example_dags/example_trigger_target_dag.py
[2023-05-11T18:59:41.680+0000] {logging_mixin.py:137} INFO - [2023-05-11T18:59:41.680+0000] {dag.py:2690} INFO - Sync 1 DAGs
[2023-05-11T18:59:41.697+0000] {logging_mixin.py:137} INFO - [2023-05-11T18:59:41.697+0000] {dag.py:3441} INFO - Setting next_dagrun for example_trigger_target_dag to None, run_after=None
[2023-05-11T18:59:41.709+0000] {processor.py:175} INFO - Processing /home/airflow/.local/lib/python3.7/site-packages/airflow/example_dags/example_trigger_target_dag.py took 0.067 seconds
[2023-05-11T19:00:12.658+0000] {processor.py:153} INFO - Started process (PID=989) to work on /home/airflow/.local/lib/python3.7/site-packages/airflow/example_dags/example_trigger_target_dag.py
[2023-05-11T19:00:12.658+0000] {processor.py:743} INFO - Processing file /home/airflow/.local/lib/python3.7/site-packages/airflow/example_dags/example_trigger_target_dag.py for tasks to queue
[2023-05-11T19:00:12.659+0000] {logging_mixin.py:137} INFO - [2023-05-11T19:00:12.659+0000] {dagbag.py:538} INFO - Filling up the DagBag from /home/airflow/.local/lib/python3.7/site-packages/airflow/example_dags/example_trigger_target_dag.py
[2023-05-11T19:00:12.680+0000] {processor.py:753} INFO - DAG(s) dict_keys(['example_trigger_target_dag']) retrieved from /home/airflow/.local/lib/python3.7/site-packages/airflow/example_dags/example_trigger_target_dag.py
[2023-05-11T19:00:12.699+0000] {logging_mixin.py:137} INFO - [2023-05-11T19:00:12.699+0000] {dag.py:2690} INFO - Sync 1 DAGs
[2023-05-11T19:00:12.717+0000] {logging_mixin.py:137} INFO - [2023-05-11T19:00:12.717+0000] {dag.py:3441} INFO - Setting next_dagrun for example_trigger_target_dag to None, run_after=None
[2023-05-11T19:00:12.731+0000] {processor.py:175} INFO - Processing /home/airflow/.local/lib/python3.7/site-packages/airflow/example_dags/example_trigger_target_dag.py took 0.077 seconds
[2023-05-11T19:00:43.248+0000] {processor.py:153} INFO - Started process (PID=1232) to work on /home/airflow/.local/lib/python3.7/site-packages/airflow/example_dags/example_trigger_target_dag.py
[2023-05-11T19:00:43.249+0000] {processor.py:743} INFO - Processing file /home/airflow/.local/lib/python3.7/site-packages/airflow/example_dags/example_trigger_target_dag.py for tasks to queue
[2023-05-11T19:00:43.249+0000] {logging_mixin.py:137} INFO - [2023-05-11T19:00:43.249+0000] {dagbag.py:538} INFO - Filling up the DagBag from /home/airflow/.local/lib/python3.7/site-packages/airflow/example_dags/example_trigger_target_dag.py
[2023-05-11T19:00:43.268+0000] {processor.py:753} INFO - DAG(s) dict_keys(['example_trigger_target_dag']) retrieved from /home/airflow/.local/lib/python3.7/site-packages/airflow/example_dags/example_trigger_target_dag.py
[2023-05-11T19:00:43.291+0000] {logging_mixin.py:137} INFO - [2023-05-11T19:00:43.291+0000] {dag.py:2690} INFO - Sync 1 DAGs
[2023-05-11T19:00:43.314+0000] {logging_mixin.py:137} INFO - [2023-05-11T19:00:43.314+0000] {dag.py:3441} INFO - Setting next_dagrun for example_trigger_target_dag to None, run_after=None
[2023-05-11T19:00:43.331+0000] {processor.py:175} INFO - Processing /home/airflow/.local/lib/python3.7/site-packages/airflow/example_dags/example_trigger_target_dag.py took 0.085 seconds
[2023-05-11T19:01:13.799+0000] {processor.py:153} INFO - Started process (PID=1481) to work on /home/airflow/.local/lib/python3.7/site-packages/airflow/example_dags/example_trigger_target_dag.py
[2023-05-11T19:01:13.800+0000] {processor.py:743} INFO - Processing file /home/airflow/.local/lib/python3.7/site-packages/airflow/example_dags/example_trigger_target_dag.py for tasks to queue
[2023-05-11T19:01:13.801+0000] {logging_mixin.py:137} INFO - [2023-05-11T19:01:13.800+0000] {dagbag.py:538} INFO - Filling up the DagBag from /home/airflow/.local/lib/python3.7/site-packages/airflow/example_dags/example_trigger_target_dag.py
[2023-05-11T19:01:13.822+0000] {processor.py:753} INFO - DAG(s) dict_keys(['example_trigger_target_dag']) retrieved from /home/airflow/.local/lib/python3.7/site-packages/airflow/example_dags/example_trigger_target_dag.py
[2023-05-11T19:01:13.848+0000] {logging_mixin.py:137} INFO - [2023-05-11T19:01:13.848+0000] {dag.py:2690} INFO - Sync 1 DAGs
[2023-05-11T19:01:13.874+0000] {logging_mixin.py:137} INFO - [2023-05-11T19:01:13.874+0000] {dag.py:3441} INFO - Setting next_dagrun for example_trigger_target_dag to None, run_after=None
[2023-05-11T19:01:13.892+0000] {processor.py:175} INFO - Processing /home/airflow/.local/lib/python3.7/site-packages/airflow/example_dags/example_trigger_target_dag.py took 0.096 seconds
[2023-05-11T19:01:44.080+0000] {processor.py:153} INFO - Started process (PID=1711) to work on /home/airflow/.local/lib/python3.7/site-packages/airflow/example_dags/example_trigger_target_dag.py
[2023-05-11T19:01:44.080+0000] {processor.py:743} INFO - Processing file /home/airflow/.local/lib/python3.7/site-packages/airflow/example_dags/example_trigger_target_dag.py for tasks to queue
[2023-05-11T19:01:44.081+0000] {logging_mixin.py:137} INFO - [2023-05-11T19:01:44.081+0000] {dagbag.py:538} INFO - Filling up the DagBag from /home/airflow/.local/lib/python3.7/site-packages/airflow/example_dags/example_trigger_target_dag.py
[2023-05-11T19:01:44.100+0000] {processor.py:753} INFO - DAG(s) dict_keys(['example_trigger_target_dag']) retrieved from /home/airflow/.local/lib/python3.7/site-packages/airflow/example_dags/example_trigger_target_dag.py
[2023-05-11T19:01:44.126+0000] {logging_mixin.py:137} INFO - [2023-05-11T19:01:44.126+0000] {dag.py:2690} INFO - Sync 1 DAGs
[2023-05-11T19:01:44.158+0000] {logging_mixin.py:137} INFO - [2023-05-11T19:01:44.158+0000] {dag.py:3441} INFO - Setting next_dagrun for example_trigger_target_dag to None, run_after=None
[2023-05-11T19:01:44.174+0000] {processor.py:175} INFO - Processing /home/airflow/.local/lib/python3.7/site-packages/airflow/example_dags/example_trigger_target_dag.py took 0.097 seconds
[2023-05-11T19:02:15.142+0000] {processor.py:153} INFO - Started process (PID=1961) to work on /home/airflow/.local/lib/python3.7/site-packages/airflow/example_dags/example_trigger_target_dag.py
[2023-05-11T19:02:15.143+0000] {processor.py:743} INFO - Processing file /home/airflow/.local/lib/python3.7/site-packages/airflow/example_dags/example_trigger_target_dag.py for tasks to queue
[2023-05-11T19:02:15.144+0000] {logging_mixin.py:137} INFO - [2023-05-11T19:02:15.143+0000] {dagbag.py:538} INFO - Filling up the DagBag from /home/airflow/.local/lib/python3.7/site-packages/airflow/example_dags/example_trigger_target_dag.py
[2023-05-11T19:02:15.163+0000] {processor.py:753} INFO - DAG(s) dict_keys(['example_trigger_target_dag']) retrieved from /home/airflow/.local/lib/python3.7/site-packages/airflow/example_dags/example_trigger_target_dag.py
[2023-05-11T19:02:15.185+0000] {logging_mixin.py:137} INFO - [2023-05-11T19:02:15.185+0000] {dag.py:2690} INFO - Sync 1 DAGs
[2023-05-11T19:02:15.217+0000] {logging_mixin.py:137} INFO - [2023-05-11T19:02:15.217+0000] {dag.py:3441} INFO - Setting next_dagrun for example_trigger_target_dag to None, run_after=None
[2023-05-11T19:02:15.239+0000] {processor.py:175} INFO - Processing /home/airflow/.local/lib/python3.7/site-packages/airflow/example_dags/example_trigger_target_dag.py took 0.099 seconds
[2023-05-11T19:03:25.070+0000] {processor.py:153} INFO - Started process (PID=264) to work on /home/airflow/.local/lib/python3.7/site-packages/airflow/example_dags/example_trigger_target_dag.py
[2023-05-11T19:03:25.071+0000] {processor.py:743} INFO - Processing file /home/airflow/.local/lib/python3.7/site-packages/airflow/example_dags/example_trigger_target_dag.py for tasks to queue
[2023-05-11T19:03:25.071+0000] {logging_mixin.py:137} INFO - [2023-05-11T19:03:25.071+0000] {dagbag.py:538} INFO - Filling up the DagBag from /home/airflow/.local/lib/python3.7/site-packages/airflow/example_dags/example_trigger_target_dag.py
[2023-05-11T19:03:25.109+0000] {processor.py:753} INFO - DAG(s) dict_keys(['example_trigger_target_dag']) retrieved from /home/airflow/.local/lib/python3.7/site-packages/airflow/example_dags/example_trigger_target_dag.py
[2023-05-11T19:03:25.128+0000] {logging_mixin.py:137} INFO - [2023-05-11T19:03:25.128+0000] {dag.py:2690} INFO - Sync 1 DAGs
[2023-05-11T19:03:25.268+0000] {logging_mixin.py:137} INFO - [2023-05-11T19:03:25.268+0000] {dag.py:3441} INFO - Setting next_dagrun for example_trigger_target_dag to None, run_after=None
[2023-05-11T19:03:25.286+0000] {processor.py:175} INFO - Processing /home/airflow/.local/lib/python3.7/site-packages/airflow/example_dags/example_trigger_target_dag.py took 0.219 seconds
[2023-05-11T19:03:55.543+0000] {processor.py:153} INFO - Started process (PID=503) to work on /home/airflow/.local/lib/python3.7/site-packages/airflow/example_dags/example_trigger_target_dag.py
[2023-05-11T19:03:55.543+0000] {processor.py:743} INFO - Processing file /home/airflow/.local/lib/python3.7/site-packages/airflow/example_dags/example_trigger_target_dag.py for tasks to queue
[2023-05-11T19:03:55.544+0000] {logging_mixin.py:137} INFO - [2023-05-11T19:03:55.544+0000] {dagbag.py:538} INFO - Filling up the DagBag from /home/airflow/.local/lib/python3.7/site-packages/airflow/example_dags/example_trigger_target_dag.py
[2023-05-11T19:03:55.563+0000] {processor.py:753} INFO - DAG(s) dict_keys(['example_trigger_target_dag']) retrieved from /home/airflow/.local/lib/python3.7/site-packages/airflow/example_dags/example_trigger_target_dag.py
[2023-05-11T19:03:55.586+0000] {logging_mixin.py:137} INFO - [2023-05-11T19:03:55.586+0000] {dag.py:2690} INFO - Sync 1 DAGs
[2023-05-11T19:03:55.607+0000] {logging_mixin.py:137} INFO - [2023-05-11T19:03:55.607+0000] {dag.py:3441} INFO - Setting next_dagrun for example_trigger_target_dag to None, run_after=None
[2023-05-11T19:03:55.624+0000] {processor.py:175} INFO - Processing /home/airflow/.local/lib/python3.7/site-packages/airflow/example_dags/example_trigger_target_dag.py took 0.084 seconds
[2023-05-11T19:04:26.083+0000] {processor.py:153} INFO - Started process (PID=751) to work on /home/airflow/.local/lib/python3.7/site-packages/airflow/example_dags/example_trigger_target_dag.py
[2023-05-11T19:04:26.084+0000] {processor.py:743} INFO - Processing file /home/airflow/.local/lib/python3.7/site-packages/airflow/example_dags/example_trigger_target_dag.py for tasks to queue
[2023-05-11T19:04:26.084+0000] {logging_mixin.py:137} INFO - [2023-05-11T19:04:26.084+0000] {dagbag.py:538} INFO - Filling up the DagBag from /home/airflow/.local/lib/python3.7/site-packages/airflow/example_dags/example_trigger_target_dag.py
[2023-05-11T19:04:26.104+0000] {processor.py:753} INFO - DAG(s) dict_keys(['example_trigger_target_dag']) retrieved from /home/airflow/.local/lib/python3.7/site-packages/airflow/example_dags/example_trigger_target_dag.py
[2023-05-11T19:04:26.127+0000] {logging_mixin.py:137} INFO - [2023-05-11T19:04:26.127+0000] {dag.py:2690} INFO - Sync 1 DAGs
[2023-05-11T19:04:26.159+0000] {logging_mixin.py:137} INFO - [2023-05-11T19:04:26.159+0000] {dag.py:3441} INFO - Setting next_dagrun for example_trigger_target_dag to None, run_after=None
[2023-05-11T19:04:26.185+0000] {processor.py:175} INFO - Processing /home/airflow/.local/lib/python3.7/site-packages/airflow/example_dags/example_trigger_target_dag.py took 0.104 seconds
[2023-05-11T19:04:56.575+0000] {processor.py:153} INFO - Started process (PID=981) to work on /home/airflow/.local/lib/python3.7/site-packages/airflow/example_dags/example_trigger_target_dag.py
[2023-05-11T19:04:56.575+0000] {processor.py:743} INFO - Processing file /home/airflow/.local/lib/python3.7/site-packages/airflow/example_dags/example_trigger_target_dag.py for tasks to queue
[2023-05-11T19:04:56.576+0000] {logging_mixin.py:137} INFO - [2023-05-11T19:04:56.576+0000] {dagbag.py:538} INFO - Filling up the DagBag from /home/airflow/.local/lib/python3.7/site-packages/airflow/example_dags/example_trigger_target_dag.py
[2023-05-11T19:04:56.594+0000] {processor.py:753} INFO - DAG(s) dict_keys(['example_trigger_target_dag']) retrieved from /home/airflow/.local/lib/python3.7/site-packages/airflow/example_dags/example_trigger_target_dag.py
[2023-05-11T19:04:56.617+0000] {logging_mixin.py:137} INFO - [2023-05-11T19:04:56.616+0000] {dag.py:2690} INFO - Sync 1 DAGs
[2023-05-11T19:04:56.641+0000] {logging_mixin.py:137} INFO - [2023-05-11T19:04:56.641+0000] {dag.py:3441} INFO - Setting next_dagrun for example_trigger_target_dag to None, run_after=None
[2023-05-11T19:04:56.656+0000] {processor.py:175} INFO - Processing /home/airflow/.local/lib/python3.7/site-packages/airflow/example_dags/example_trigger_target_dag.py took 0.084 seconds
[2023-05-11T19:05:26.991+0000] {processor.py:153} INFO - Started process (PID=1231) to work on /home/airflow/.local/lib/python3.7/site-packages/airflow/example_dags/example_trigger_target_dag.py
[2023-05-11T19:05:26.992+0000] {processor.py:743} INFO - Processing file /home/airflow/.local/lib/python3.7/site-packages/airflow/example_dags/example_trigger_target_dag.py for tasks to queue
[2023-05-11T19:05:26.992+0000] {logging_mixin.py:137} INFO - [2023-05-11T19:05:26.992+0000] {dagbag.py:538} INFO - Filling up the DagBag from /home/airflow/.local/lib/python3.7/site-packages/airflow/example_dags/example_trigger_target_dag.py
[2023-05-11T19:05:27.013+0000] {processor.py:753} INFO - DAG(s) dict_keys(['example_trigger_target_dag']) retrieved from /home/airflow/.local/lib/python3.7/site-packages/airflow/example_dags/example_trigger_target_dag.py
[2023-05-11T19:05:27.034+0000] {logging_mixin.py:137} INFO - [2023-05-11T19:05:27.034+0000] {dag.py:2690} INFO - Sync 1 DAGs
[2023-05-11T19:05:27.051+0000] {logging_mixin.py:137} INFO - [2023-05-11T19:05:27.051+0000] {dag.py:3441} INFO - Setting next_dagrun for example_trigger_target_dag to None, run_after=None
[2023-05-11T19:05:27.063+0000] {processor.py:175} INFO - Processing /home/airflow/.local/lib/python3.7/site-packages/airflow/example_dags/example_trigger_target_dag.py took 0.075 seconds
[2023-05-11T19:05:57.185+0000] {processor.py:153} INFO - Started process (PID=1461) to work on /home/airflow/.local/lib/python3.7/site-packages/airflow/example_dags/example_trigger_target_dag.py
[2023-05-11T19:05:57.185+0000] {processor.py:743} INFO - Processing file /home/airflow/.local/lib/python3.7/site-packages/airflow/example_dags/example_trigger_target_dag.py for tasks to queue
[2023-05-11T19:05:57.186+0000] {logging_mixin.py:137} INFO - [2023-05-11T19:05:57.186+0000] {dagbag.py:538} INFO - Filling up the DagBag from /home/airflow/.local/lib/python3.7/site-packages/airflow/example_dags/example_trigger_target_dag.py
[2023-05-11T19:05:57.204+0000] {processor.py:753} INFO - DAG(s) dict_keys(['example_trigger_target_dag']) retrieved from /home/airflow/.local/lib/python3.7/site-packages/airflow/example_dags/example_trigger_target_dag.py
[2023-05-11T19:05:57.226+0000] {logging_mixin.py:137} INFO - [2023-05-11T19:05:57.226+0000] {dag.py:2690} INFO - Sync 1 DAGs
[2023-05-11T19:05:57.248+0000] {logging_mixin.py:137} INFO - [2023-05-11T19:05:57.247+0000] {dag.py:3441} INFO - Setting next_dagrun for example_trigger_target_dag to None, run_after=None
[2023-05-11T19:05:57.263+0000] {processor.py:175} INFO - Processing /home/airflow/.local/lib/python3.7/site-packages/airflow/example_dags/example_trigger_target_dag.py took 0.080 seconds
[2023-05-11T19:06:27.688+0000] {processor.py:153} INFO - Started process (PID=1709) to work on /home/airflow/.local/lib/python3.7/site-packages/airflow/example_dags/example_trigger_target_dag.py
[2023-05-11T19:06:27.689+0000] {processor.py:743} INFO - Processing file /home/airflow/.local/lib/python3.7/site-packages/airflow/example_dags/example_trigger_target_dag.py for tasks to queue
[2023-05-11T19:06:27.689+0000] {logging_mixin.py:137} INFO - [2023-05-11T19:06:27.689+0000] {dagbag.py:538} INFO - Filling up the DagBag from /home/airflow/.local/lib/python3.7/site-packages/airflow/example_dags/example_trigger_target_dag.py
[2023-05-11T19:06:27.713+0000] {processor.py:753} INFO - DAG(s) dict_keys(['example_trigger_target_dag']) retrieved from /home/airflow/.local/lib/python3.7/site-packages/airflow/example_dags/example_trigger_target_dag.py
[2023-05-11T19:06:27.739+0000] {logging_mixin.py:137} INFO - [2023-05-11T19:06:27.738+0000] {dag.py:2690} INFO - Sync 1 DAGs
[2023-05-11T19:06:27.766+0000] {logging_mixin.py:137} INFO - [2023-05-11T19:06:27.766+0000] {dag.py:3441} INFO - Setting next_dagrun for example_trigger_target_dag to None, run_after=None
[2023-05-11T19:06:27.787+0000] {processor.py:175} INFO - Processing /home/airflow/.local/lib/python3.7/site-packages/airflow/example_dags/example_trigger_target_dag.py took 0.103 seconds
[2023-05-11T19:06:57.875+0000] {processor.py:153} INFO - Started process (PID=1941) to work on /home/airflow/.local/lib/python3.7/site-packages/airflow/example_dags/example_trigger_target_dag.py
[2023-05-11T19:06:57.876+0000] {processor.py:743} INFO - Processing file /home/airflow/.local/lib/python3.7/site-packages/airflow/example_dags/example_trigger_target_dag.py for tasks to queue
[2023-05-11T19:06:57.876+0000] {logging_mixin.py:137} INFO - [2023-05-11T19:06:57.876+0000] {dagbag.py:538} INFO - Filling up the DagBag from /home/airflow/.local/lib/python3.7/site-packages/airflow/example_dags/example_trigger_target_dag.py
[2023-05-11T19:06:57.894+0000] {processor.py:753} INFO - DAG(s) dict_keys(['example_trigger_target_dag']) retrieved from /home/airflow/.local/lib/python3.7/site-packages/airflow/example_dags/example_trigger_target_dag.py
[2023-05-11T19:06:57.917+0000] {logging_mixin.py:137} INFO - [2023-05-11T19:06:57.917+0000] {dag.py:2690} INFO - Sync 1 DAGs
[2023-05-11T19:06:57.939+0000] {logging_mixin.py:137} INFO - [2023-05-11T19:06:57.939+0000] {dag.py:3441} INFO - Setting next_dagrun for example_trigger_target_dag to None, run_after=None
[2023-05-11T19:06:57.954+0000] {processor.py:175} INFO - Processing /home/airflow/.local/lib/python3.7/site-packages/airflow/example_dags/example_trigger_target_dag.py took 0.081 seconds
[2023-05-11T19:07:28.491+0000] {processor.py:153} INFO - Started process (PID=2189) to work on /home/airflow/.local/lib/python3.7/site-packages/airflow/example_dags/example_trigger_target_dag.py
[2023-05-11T19:07:28.492+0000] {processor.py:743} INFO - Processing file /home/airflow/.local/lib/python3.7/site-packages/airflow/example_dags/example_trigger_target_dag.py for tasks to queue
[2023-05-11T19:07:28.492+0000] {logging_mixin.py:137} INFO - [2023-05-11T19:07:28.492+0000] {dagbag.py:538} INFO - Filling up the DagBag from /home/airflow/.local/lib/python3.7/site-packages/airflow/example_dags/example_trigger_target_dag.py
[2023-05-11T19:07:28.512+0000] {processor.py:753} INFO - DAG(s) dict_keys(['example_trigger_target_dag']) retrieved from /home/airflow/.local/lib/python3.7/site-packages/airflow/example_dags/example_trigger_target_dag.py
[2023-05-11T19:07:28.540+0000] {logging_mixin.py:137} INFO - [2023-05-11T19:07:28.540+0000] {dag.py:2690} INFO - Sync 1 DAGs
[2023-05-11T19:07:28.576+0000] {logging_mixin.py:137} INFO - [2023-05-11T19:07:28.576+0000] {dag.py:3441} INFO - Setting next_dagrun for example_trigger_target_dag to None, run_after=None
[2023-05-11T19:07:28.597+0000] {processor.py:175} INFO - Processing /home/airflow/.local/lib/python3.7/site-packages/airflow/example_dags/example_trigger_target_dag.py took 0.108 seconds
[2023-05-11T19:07:58.777+0000] {processor.py:153} INFO - Started process (PID=2422) to work on /home/airflow/.local/lib/python3.7/site-packages/airflow/example_dags/example_trigger_target_dag.py
[2023-05-11T19:07:58.778+0000] {processor.py:743} INFO - Processing file /home/airflow/.local/lib/python3.7/site-packages/airflow/example_dags/example_trigger_target_dag.py for tasks to queue
[2023-05-11T19:07:58.779+0000] {logging_mixin.py:137} INFO - [2023-05-11T19:07:58.779+0000] {dagbag.py:538} INFO - Filling up the DagBag from /home/airflow/.local/lib/python3.7/site-packages/airflow/example_dags/example_trigger_target_dag.py
[2023-05-11T19:07:58.797+0000] {processor.py:753} INFO - DAG(s) dict_keys(['example_trigger_target_dag']) retrieved from /home/airflow/.local/lib/python3.7/site-packages/airflow/example_dags/example_trigger_target_dag.py
[2023-05-11T19:07:58.821+0000] {logging_mixin.py:137} INFO - [2023-05-11T19:07:58.821+0000] {dag.py:2690} INFO - Sync 1 DAGs
[2023-05-11T19:07:58.844+0000] {logging_mixin.py:137} INFO - [2023-05-11T19:07:58.844+0000] {dag.py:3441} INFO - Setting next_dagrun for example_trigger_target_dag to None, run_after=None
[2023-05-11T19:07:58.861+0000] {processor.py:175} INFO - Processing /home/airflow/.local/lib/python3.7/site-packages/airflow/example_dags/example_trigger_target_dag.py took 0.086 seconds
[2023-05-11T19:09:21.584+0000] {processor.py:153} INFO - Started process (PID=270) to work on /home/airflow/.local/lib/python3.7/site-packages/airflow/example_dags/example_trigger_target_dag.py
[2023-05-11T19:09:21.585+0000] {processor.py:743} INFO - Processing file /home/airflow/.local/lib/python3.7/site-packages/airflow/example_dags/example_trigger_target_dag.py for tasks to queue
[2023-05-11T19:09:21.585+0000] {logging_mixin.py:137} INFO - [2023-05-11T19:09:21.585+0000] {dagbag.py:538} INFO - Filling up the DagBag from /home/airflow/.local/lib/python3.7/site-packages/airflow/example_dags/example_trigger_target_dag.py
[2023-05-11T19:09:21.598+0000] {processor.py:753} INFO - DAG(s) dict_keys(['example_trigger_target_dag']) retrieved from /home/airflow/.local/lib/python3.7/site-packages/airflow/example_dags/example_trigger_target_dag.py
[2023-05-11T19:09:21.607+0000] {logging_mixin.py:137} INFO - [2023-05-11T19:09:21.607+0000] {dag.py:2690} INFO - Sync 1 DAGs
[2023-05-11T19:09:21.623+0000] {logging_mixin.py:137} INFO - [2023-05-11T19:09:21.623+0000] {dag.py:3441} INFO - Setting next_dagrun for example_trigger_target_dag to None, run_after=None
[2023-05-11T19:09:21.634+0000] {processor.py:175} INFO - Processing /home/airflow/.local/lib/python3.7/site-packages/airflow/example_dags/example_trigger_target_dag.py took 0.052 seconds
[2023-05-11T19:09:52.523+0000] {processor.py:153} INFO - Started process (PID=502) to work on /home/airflow/.local/lib/python3.7/site-packages/airflow/example_dags/example_trigger_target_dag.py
[2023-05-11T19:09:52.524+0000] {processor.py:743} INFO - Processing file /home/airflow/.local/lib/python3.7/site-packages/airflow/example_dags/example_trigger_target_dag.py for tasks to queue
[2023-05-11T19:09:52.524+0000] {logging_mixin.py:137} INFO - [2023-05-11T19:09:52.524+0000] {dagbag.py:538} INFO - Filling up the DagBag from /home/airflow/.local/lib/python3.7/site-packages/airflow/example_dags/example_trigger_target_dag.py
[2023-05-11T19:09:52.540+0000] {processor.py:753} INFO - DAG(s) dict_keys(['example_trigger_target_dag']) retrieved from /home/airflow/.local/lib/python3.7/site-packages/airflow/example_dags/example_trigger_target_dag.py
[2023-05-11T19:09:52.564+0000] {logging_mixin.py:137} INFO - [2023-05-11T19:09:52.564+0000] {dag.py:2690} INFO - Sync 1 DAGs
[2023-05-11T19:09:52.590+0000] {logging_mixin.py:137} INFO - [2023-05-11T19:09:52.590+0000] {dag.py:3441} INFO - Setting next_dagrun for example_trigger_target_dag to None, run_after=None
[2023-05-11T19:09:52.606+0000] {processor.py:175} INFO - Processing /home/airflow/.local/lib/python3.7/site-packages/airflow/example_dags/example_trigger_target_dag.py took 0.084 seconds
[2023-05-11T19:10:22.665+0000] {processor.py:153} INFO - Started process (PID=750) to work on /home/airflow/.local/lib/python3.7/site-packages/airflow/example_dags/example_trigger_target_dag.py
[2023-05-11T19:10:22.665+0000] {processor.py:743} INFO - Processing file /home/airflow/.local/lib/python3.7/site-packages/airflow/example_dags/example_trigger_target_dag.py for tasks to queue
[2023-05-11T19:10:22.665+0000] {logging_mixin.py:137} INFO - [2023-05-11T19:10:22.665+0000] {dagbag.py:538} INFO - Filling up the DagBag from /home/airflow/.local/lib/python3.7/site-packages/airflow/example_dags/example_trigger_target_dag.py
[2023-05-11T19:10:22.679+0000] {processor.py:753} INFO - DAG(s) dict_keys(['example_trigger_target_dag']) retrieved from /home/airflow/.local/lib/python3.7/site-packages/airflow/example_dags/example_trigger_target_dag.py
[2023-05-11T19:10:22.699+0000] {logging_mixin.py:137} INFO - [2023-05-11T19:10:22.699+0000] {dag.py:2690} INFO - Sync 1 DAGs
[2023-05-11T19:10:22.720+0000] {logging_mixin.py:137} INFO - [2023-05-11T19:10:22.720+0000] {dag.py:3441} INFO - Setting next_dagrun for example_trigger_target_dag to None, run_after=None
[2023-05-11T19:10:22.732+0000] {processor.py:175} INFO - Processing /home/airflow/.local/lib/python3.7/site-packages/airflow/example_dags/example_trigger_target_dag.py took 0.069 seconds
[2023-05-11T19:10:53.006+0000] {processor.py:153} INFO - Started process (PID=982) to work on /home/airflow/.local/lib/python3.7/site-packages/airflow/example_dags/example_trigger_target_dag.py
[2023-05-11T19:10:53.006+0000] {processor.py:743} INFO - Processing file /home/airflow/.local/lib/python3.7/site-packages/airflow/example_dags/example_trigger_target_dag.py for tasks to queue
[2023-05-11T19:10:53.007+0000] {logging_mixin.py:137} INFO - [2023-05-11T19:10:53.007+0000] {dagbag.py:538} INFO - Filling up the DagBag from /home/airflow/.local/lib/python3.7/site-packages/airflow/example_dags/example_trigger_target_dag.py
[2023-05-11T19:10:53.026+0000] {processor.py:753} INFO - DAG(s) dict_keys(['example_trigger_target_dag']) retrieved from /home/airflow/.local/lib/python3.7/site-packages/airflow/example_dags/example_trigger_target_dag.py
[2023-05-11T19:10:53.051+0000] {logging_mixin.py:137} INFO - [2023-05-11T19:10:53.051+0000] {dag.py:2690} INFO - Sync 1 DAGs
[2023-05-11T19:10:53.073+0000] {logging_mixin.py:137} INFO - [2023-05-11T19:10:53.072+0000] {dag.py:3441} INFO - Setting next_dagrun for example_trigger_target_dag to None, run_after=None
[2023-05-11T19:10:53.096+0000] {processor.py:175} INFO - Processing /home/airflow/.local/lib/python3.7/site-packages/airflow/example_dags/example_trigger_target_dag.py took 0.093 seconds
[2023-05-11T19:11:24.060+0000] {processor.py:153} INFO - Started process (PID=1232) to work on /home/airflow/.local/lib/python3.7/site-packages/airflow/example_dags/example_trigger_target_dag.py
[2023-05-11T19:11:24.061+0000] {processor.py:743} INFO - Processing file /home/airflow/.local/lib/python3.7/site-packages/airflow/example_dags/example_trigger_target_dag.py for tasks to queue
[2023-05-11T19:11:24.061+0000] {logging_mixin.py:137} INFO - [2023-05-11T19:11:24.061+0000] {dagbag.py:538} INFO - Filling up the DagBag from /home/airflow/.local/lib/python3.7/site-packages/airflow/example_dags/example_trigger_target_dag.py
[2023-05-11T19:11:24.079+0000] {processor.py:753} INFO - DAG(s) dict_keys(['example_trigger_target_dag']) retrieved from /home/airflow/.local/lib/python3.7/site-packages/airflow/example_dags/example_trigger_target_dag.py
[2023-05-11T19:11:24.100+0000] {logging_mixin.py:137} INFO - [2023-05-11T19:11:24.099+0000] {dag.py:2690} INFO - Sync 1 DAGs
[2023-05-11T19:11:24.120+0000] {logging_mixin.py:137} INFO - [2023-05-11T19:11:24.119+0000] {dag.py:3441} INFO - Setting next_dagrun for example_trigger_target_dag to None, run_after=None
[2023-05-11T19:11:24.132+0000] {processor.py:175} INFO - Processing /home/airflow/.local/lib/python3.7/site-packages/airflow/example_dags/example_trigger_target_dag.py took 0.074 seconds
[2023-05-11T19:14:00.902+0000] {processor.py:153} INFO - Started process (PID=273) to work on /home/airflow/.local/lib/python3.7/site-packages/airflow/example_dags/example_trigger_target_dag.py
[2023-05-11T19:14:00.903+0000] {processor.py:743} INFO - Processing file /home/airflow/.local/lib/python3.7/site-packages/airflow/example_dags/example_trigger_target_dag.py for tasks to queue
[2023-05-11T19:14:00.903+0000] {logging_mixin.py:137} INFO - [2023-05-11T19:14:00.903+0000] {dagbag.py:538} INFO - Filling up the DagBag from /home/airflow/.local/lib/python3.7/site-packages/airflow/example_dags/example_trigger_target_dag.py
[2023-05-11T19:14:00.918+0000] {processor.py:753} INFO - DAG(s) dict_keys(['example_trigger_target_dag']) retrieved from /home/airflow/.local/lib/python3.7/site-packages/airflow/example_dags/example_trigger_target_dag.py
[2023-05-11T19:14:00.926+0000] {logging_mixin.py:137} INFO - [2023-05-11T19:14:00.926+0000] {dag.py:2690} INFO - Sync 1 DAGs
[2023-05-11T19:14:00.944+0000] {logging_mixin.py:137} INFO - [2023-05-11T19:14:00.943+0000] {dag.py:3441} INFO - Setting next_dagrun for example_trigger_target_dag to None, run_after=None
[2023-05-11T19:14:00.955+0000] {processor.py:175} INFO - Processing /home/airflow/.local/lib/python3.7/site-packages/airflow/example_dags/example_trigger_target_dag.py took 0.055 seconds
[2023-05-11T19:14:31.822+0000] {processor.py:153} INFO - Started process (PID=503) to work on /home/airflow/.local/lib/python3.7/site-packages/airflow/example_dags/example_trigger_target_dag.py
[2023-05-11T19:14:31.822+0000] {processor.py:743} INFO - Processing file /home/airflow/.local/lib/python3.7/site-packages/airflow/example_dags/example_trigger_target_dag.py for tasks to queue
[2023-05-11T19:14:31.823+0000] {logging_mixin.py:137} INFO - [2023-05-11T19:14:31.823+0000] {dagbag.py:538} INFO - Filling up the DagBag from /home/airflow/.local/lib/python3.7/site-packages/airflow/example_dags/example_trigger_target_dag.py
[2023-05-11T19:14:31.841+0000] {processor.py:753} INFO - DAG(s) dict_keys(['example_trigger_target_dag']) retrieved from /home/airflow/.local/lib/python3.7/site-packages/airflow/example_dags/example_trigger_target_dag.py
[2023-05-11T19:14:31.863+0000] {logging_mixin.py:137} INFO - [2023-05-11T19:14:31.863+0000] {dag.py:2690} INFO - Sync 1 DAGs
[2023-05-11T19:14:31.886+0000] {logging_mixin.py:137} INFO - [2023-05-11T19:14:31.886+0000] {dag.py:3441} INFO - Setting next_dagrun for example_trigger_target_dag to None, run_after=None
[2023-05-11T19:14:31.904+0000] {processor.py:175} INFO - Processing /home/airflow/.local/lib/python3.7/site-packages/airflow/example_dags/example_trigger_target_dag.py took 0.084 seconds
[2023-05-11T19:15:01.942+0000] {processor.py:153} INFO - Started process (PID=753) to work on /home/airflow/.local/lib/python3.7/site-packages/airflow/example_dags/example_trigger_target_dag.py
[2023-05-11T19:15:01.943+0000] {processor.py:743} INFO - Processing file /home/airflow/.local/lib/python3.7/site-packages/airflow/example_dags/example_trigger_target_dag.py for tasks to queue
[2023-05-11T19:15:01.943+0000] {logging_mixin.py:137} INFO - [2023-05-11T19:15:01.943+0000] {dagbag.py:538} INFO - Filling up the DagBag from /home/airflow/.local/lib/python3.7/site-packages/airflow/example_dags/example_trigger_target_dag.py
[2023-05-11T19:15:01.955+0000] {processor.py:753} INFO - DAG(s) dict_keys(['example_trigger_target_dag']) retrieved from /home/airflow/.local/lib/python3.7/site-packages/airflow/example_dags/example_trigger_target_dag.py
[2023-05-11T19:15:01.972+0000] {logging_mixin.py:137} INFO - [2023-05-11T19:15:01.972+0000] {dag.py:2690} INFO - Sync 1 DAGs
[2023-05-11T19:15:01.990+0000] {logging_mixin.py:137} INFO - [2023-05-11T19:15:01.990+0000] {dag.py:3441} INFO - Setting next_dagrun for example_trigger_target_dag to None, run_after=None
[2023-05-11T19:15:02.004+0000] {processor.py:175} INFO - Processing /home/airflow/.local/lib/python3.7/site-packages/airflow/example_dags/example_trigger_target_dag.py took 0.063 seconds
[2023-05-11T19:15:33.100+0000] {processor.py:153} INFO - Started process (PID=983) to work on /home/airflow/.local/lib/python3.7/site-packages/airflow/example_dags/example_trigger_target_dag.py
[2023-05-11T19:15:33.101+0000] {processor.py:743} INFO - Processing file /home/airflow/.local/lib/python3.7/site-packages/airflow/example_dags/example_trigger_target_dag.py for tasks to queue
[2023-05-11T19:15:33.101+0000] {logging_mixin.py:137} INFO - [2023-05-11T19:15:33.101+0000] {dagbag.py:538} INFO - Filling up the DagBag from /home/airflow/.local/lib/python3.7/site-packages/airflow/example_dags/example_trigger_target_dag.py
[2023-05-11T19:15:33.121+0000] {processor.py:753} INFO - DAG(s) dict_keys(['example_trigger_target_dag']) retrieved from /home/airflow/.local/lib/python3.7/site-packages/airflow/example_dags/example_trigger_target_dag.py
[2023-05-11T19:15:33.146+0000] {logging_mixin.py:137} INFO - [2023-05-11T19:15:33.146+0000] {dag.py:2690} INFO - Sync 1 DAGs
[2023-05-11T19:15:33.169+0000] {logging_mixin.py:137} INFO - [2023-05-11T19:15:33.169+0000] {dag.py:3441} INFO - Setting next_dagrun for example_trigger_target_dag to None, run_after=None
[2023-05-11T19:15:33.185+0000] {processor.py:175} INFO - Processing /home/airflow/.local/lib/python3.7/site-packages/airflow/example_dags/example_trigger_target_dag.py took 0.088 seconds
[2023-05-11T19:16:03.471+0000] {processor.py:153} INFO - Started process (PID=1231) to work on /home/airflow/.local/lib/python3.7/site-packages/airflow/example_dags/example_trigger_target_dag.py
[2023-05-11T19:16:03.471+0000] {processor.py:743} INFO - Processing file /home/airflow/.local/lib/python3.7/site-packages/airflow/example_dags/example_trigger_target_dag.py for tasks to queue
[2023-05-11T19:16:03.472+0000] {logging_mixin.py:137} INFO - [2023-05-11T19:16:03.472+0000] {dagbag.py:538} INFO - Filling up the DagBag from /home/airflow/.local/lib/python3.7/site-packages/airflow/example_dags/example_trigger_target_dag.py
[2023-05-11T19:16:03.490+0000] {processor.py:753} INFO - DAG(s) dict_keys(['example_trigger_target_dag']) retrieved from /home/airflow/.local/lib/python3.7/site-packages/airflow/example_dags/example_trigger_target_dag.py
[2023-05-11T19:16:03.512+0000] {logging_mixin.py:137} INFO - [2023-05-11T19:16:03.512+0000] {dag.py:2690} INFO - Sync 1 DAGs
[2023-05-11T19:16:03.534+0000] {logging_mixin.py:137} INFO - [2023-05-11T19:16:03.533+0000] {dag.py:3441} INFO - Setting next_dagrun for example_trigger_target_dag to None, run_after=None
[2023-05-11T19:16:03.551+0000] {processor.py:175} INFO - Processing /home/airflow/.local/lib/python3.7/site-packages/airflow/example_dags/example_trigger_target_dag.py took 0.083 seconds
[2023-05-11T19:16:33.864+0000] {processor.py:153} INFO - Started process (PID=1461) to work on /home/airflow/.local/lib/python3.7/site-packages/airflow/example_dags/example_trigger_target_dag.py
[2023-05-11T19:16:33.865+0000] {processor.py:743} INFO - Processing file /home/airflow/.local/lib/python3.7/site-packages/airflow/example_dags/example_trigger_target_dag.py for tasks to queue
[2023-05-11T19:16:33.866+0000] {logging_mixin.py:137} INFO - [2023-05-11T19:16:33.866+0000] {dagbag.py:538} INFO - Filling up the DagBag from /home/airflow/.local/lib/python3.7/site-packages/airflow/example_dags/example_trigger_target_dag.py
[2023-05-11T19:16:33.884+0000] {processor.py:753} INFO - DAG(s) dict_keys(['example_trigger_target_dag']) retrieved from /home/airflow/.local/lib/python3.7/site-packages/airflow/example_dags/example_trigger_target_dag.py
[2023-05-11T19:16:33.907+0000] {logging_mixin.py:137} INFO - [2023-05-11T19:16:33.907+0000] {dag.py:2690} INFO - Sync 1 DAGs
[2023-05-11T19:16:33.930+0000] {logging_mixin.py:137} INFO - [2023-05-11T19:16:33.929+0000] {dag.py:3441} INFO - Setting next_dagrun for example_trigger_target_dag to None, run_after=None
[2023-05-11T19:16:33.944+0000] {processor.py:175} INFO - Processing /home/airflow/.local/lib/python3.7/site-packages/airflow/example_dags/example_trigger_target_dag.py took 0.082 seconds
[2023-05-11T19:17:04.737+0000] {processor.py:153} INFO - Started process (PID=1709) to work on /home/airflow/.local/lib/python3.7/site-packages/airflow/example_dags/example_trigger_target_dag.py
[2023-05-11T19:17:04.738+0000] {processor.py:743} INFO - Processing file /home/airflow/.local/lib/python3.7/site-packages/airflow/example_dags/example_trigger_target_dag.py for tasks to queue
[2023-05-11T19:17:04.738+0000] {logging_mixin.py:137} INFO - [2023-05-11T19:17:04.738+0000] {dagbag.py:538} INFO - Filling up the DagBag from /home/airflow/.local/lib/python3.7/site-packages/airflow/example_dags/example_trigger_target_dag.py
[2023-05-11T19:17:04.753+0000] {processor.py:753} INFO - DAG(s) dict_keys(['example_trigger_target_dag']) retrieved from /home/airflow/.local/lib/python3.7/site-packages/airflow/example_dags/example_trigger_target_dag.py
[2023-05-11T19:17:04.775+0000] {logging_mixin.py:137} INFO - [2023-05-11T19:17:04.775+0000] {dag.py:2690} INFO - Sync 1 DAGs
[2023-05-11T19:17:04.795+0000] {logging_mixin.py:137} INFO - [2023-05-11T19:17:04.795+0000] {dag.py:3441} INFO - Setting next_dagrun for example_trigger_target_dag to None, run_after=None
[2023-05-11T19:17:04.810+0000] {processor.py:175} INFO - Processing /home/airflow/.local/lib/python3.7/site-packages/airflow/example_dags/example_trigger_target_dag.py took 0.075 seconds
[2023-05-11T19:17:35.080+0000] {processor.py:153} INFO - Started process (PID=1955) to work on /home/airflow/.local/lib/python3.7/site-packages/airflow/example_dags/example_trigger_target_dag.py
[2023-05-11T19:17:35.080+0000] {processor.py:743} INFO - Processing file /home/airflow/.local/lib/python3.7/site-packages/airflow/example_dags/example_trigger_target_dag.py for tasks to queue
[2023-05-11T19:17:35.081+0000] {logging_mixin.py:137} INFO - [2023-05-11T19:17:35.081+0000] {dagbag.py:538} INFO - Filling up the DagBag from /home/airflow/.local/lib/python3.7/site-packages/airflow/example_dags/example_trigger_target_dag.py
[2023-05-11T19:17:35.103+0000] {processor.py:753} INFO - DAG(s) dict_keys(['example_trigger_target_dag']) retrieved from /home/airflow/.local/lib/python3.7/site-packages/airflow/example_dags/example_trigger_target_dag.py
[2023-05-11T19:17:35.126+0000] {logging_mixin.py:137} INFO - [2023-05-11T19:17:35.126+0000] {dag.py:2690} INFO - Sync 1 DAGs
[2023-05-11T19:17:35.151+0000] {logging_mixin.py:137} INFO - [2023-05-11T19:17:35.151+0000] {dag.py:3441} INFO - Setting next_dagrun for example_trigger_target_dag to None, run_after=None
[2023-05-11T19:17:35.167+0000] {processor.py:175} INFO - Processing /home/airflow/.local/lib/python3.7/site-packages/airflow/example_dags/example_trigger_target_dag.py took 0.091 seconds
[2023-05-11T19:18:05.571+0000] {processor.py:153} INFO - Started process (PID=2196) to work on /home/airflow/.local/lib/python3.7/site-packages/airflow/example_dags/example_trigger_target_dag.py
[2023-05-11T19:18:05.572+0000] {processor.py:743} INFO - Processing file /home/airflow/.local/lib/python3.7/site-packages/airflow/example_dags/example_trigger_target_dag.py for tasks to queue
[2023-05-11T19:18:05.572+0000] {logging_mixin.py:137} INFO - [2023-05-11T19:18:05.572+0000] {dagbag.py:538} INFO - Filling up the DagBag from /home/airflow/.local/lib/python3.7/site-packages/airflow/example_dags/example_trigger_target_dag.py
[2023-05-11T19:18:05.585+0000] {processor.py:753} INFO - DAG(s) dict_keys(['example_trigger_target_dag']) retrieved from /home/airflow/.local/lib/python3.7/site-packages/airflow/example_dags/example_trigger_target_dag.py
[2023-05-11T19:18:05.603+0000] {logging_mixin.py:137} INFO - [2023-05-11T19:18:05.603+0000] {dag.py:2690} INFO - Sync 1 DAGs
[2023-05-11T19:18:05.618+0000] {logging_mixin.py:137} INFO - [2023-05-11T19:18:05.618+0000] {dag.py:3441} INFO - Setting next_dagrun for example_trigger_target_dag to None, run_after=None
[2023-05-11T19:18:05.630+0000] {processor.py:175} INFO - Processing /home/airflow/.local/lib/python3.7/site-packages/airflow/example_dags/example_trigger_target_dag.py took 0.061 seconds
[2023-05-11T19:18:36.186+0000] {processor.py:153} INFO - Started process (PID=2447) to work on /home/airflow/.local/lib/python3.7/site-packages/airflow/example_dags/example_trigger_target_dag.py
[2023-05-11T19:18:36.187+0000] {processor.py:743} INFO - Processing file /home/airflow/.local/lib/python3.7/site-packages/airflow/example_dags/example_trigger_target_dag.py for tasks to queue
[2023-05-11T19:18:36.188+0000] {logging_mixin.py:137} INFO - [2023-05-11T19:18:36.188+0000] {dagbag.py:538} INFO - Filling up the DagBag from /home/airflow/.local/lib/python3.7/site-packages/airflow/example_dags/example_trigger_target_dag.py
[2023-05-11T19:18:36.216+0000] {processor.py:753} INFO - DAG(s) dict_keys(['example_trigger_target_dag']) retrieved from /home/airflow/.local/lib/python3.7/site-packages/airflow/example_dags/example_trigger_target_dag.py
[2023-05-11T19:18:36.239+0000] {logging_mixin.py:137} INFO - [2023-05-11T19:18:36.239+0000] {dag.py:2690} INFO - Sync 1 DAGs
[2023-05-11T19:18:36.262+0000] {logging_mixin.py:137} INFO - [2023-05-11T19:18:36.262+0000] {dag.py:3441} INFO - Setting next_dagrun for example_trigger_target_dag to None, run_after=None
[2023-05-11T19:18:36.278+0000] {processor.py:175} INFO - Processing /home/airflow/.local/lib/python3.7/site-packages/airflow/example_dags/example_trigger_target_dag.py took 0.096 seconds
[2023-05-11T19:19:06.545+0000] {processor.py:153} INFO - Started process (PID=2677) to work on /home/airflow/.local/lib/python3.7/site-packages/airflow/example_dags/example_trigger_target_dag.py
[2023-05-11T19:19:06.546+0000] {processor.py:743} INFO - Processing file /home/airflow/.local/lib/python3.7/site-packages/airflow/example_dags/example_trigger_target_dag.py for tasks to queue
[2023-05-11T19:19:06.546+0000] {logging_mixin.py:137} INFO - [2023-05-11T19:19:06.546+0000] {dagbag.py:538} INFO - Filling up the DagBag from /home/airflow/.local/lib/python3.7/site-packages/airflow/example_dags/example_trigger_target_dag.py
[2023-05-11T19:19:06.565+0000] {processor.py:753} INFO - DAG(s) dict_keys(['example_trigger_target_dag']) retrieved from /home/airflow/.local/lib/python3.7/site-packages/airflow/example_dags/example_trigger_target_dag.py
[2023-05-11T19:19:06.587+0000] {logging_mixin.py:137} INFO - [2023-05-11T19:19:06.587+0000] {dag.py:2690} INFO - Sync 1 DAGs
[2023-05-11T19:19:06.609+0000] {logging_mixin.py:137} INFO - [2023-05-11T19:19:06.609+0000] {dag.py:3441} INFO - Setting next_dagrun for example_trigger_target_dag to None, run_after=None
[2023-05-11T19:19:06.626+0000] {processor.py:175} INFO - Processing /home/airflow/.local/lib/python3.7/site-packages/airflow/example_dags/example_trigger_target_dag.py took 0.084 seconds
[2023-05-11T19:19:37.245+0000] {processor.py:153} INFO - Started process (PID=2925) to work on /home/airflow/.local/lib/python3.7/site-packages/airflow/example_dags/example_trigger_target_dag.py
[2023-05-11T19:19:37.246+0000] {processor.py:743} INFO - Processing file /home/airflow/.local/lib/python3.7/site-packages/airflow/example_dags/example_trigger_target_dag.py for tasks to queue
[2023-05-11T19:19:37.247+0000] {logging_mixin.py:137} INFO - [2023-05-11T19:19:37.246+0000] {dagbag.py:538} INFO - Filling up the DagBag from /home/airflow/.local/lib/python3.7/site-packages/airflow/example_dags/example_trigger_target_dag.py
[2023-05-11T19:19:37.267+0000] {processor.py:753} INFO - DAG(s) dict_keys(['example_trigger_target_dag']) retrieved from /home/airflow/.local/lib/python3.7/site-packages/airflow/example_dags/example_trigger_target_dag.py
[2023-05-11T19:19:37.291+0000] {logging_mixin.py:137} INFO - [2023-05-11T19:19:37.291+0000] {dag.py:2690} INFO - Sync 1 DAGs
[2023-05-11T19:19:37.318+0000] {logging_mixin.py:137} INFO - [2023-05-11T19:19:37.318+0000] {dag.py:3441} INFO - Setting next_dagrun for example_trigger_target_dag to None, run_after=None
[2023-05-11T19:19:37.336+0000] {processor.py:175} INFO - Processing /home/airflow/.local/lib/python3.7/site-packages/airflow/example_dags/example_trigger_target_dag.py took 0.093 seconds
[2023-05-11T19:20:07.642+0000] {processor.py:153} INFO - Started process (PID=3157) to work on /home/airflow/.local/lib/python3.7/site-packages/airflow/example_dags/example_trigger_target_dag.py
[2023-05-11T19:20:07.643+0000] {processor.py:743} INFO - Processing file /home/airflow/.local/lib/python3.7/site-packages/airflow/example_dags/example_trigger_target_dag.py for tasks to queue
[2023-05-11T19:20:07.643+0000] {logging_mixin.py:137} INFO - [2023-05-11T19:20:07.643+0000] {dagbag.py:538} INFO - Filling up the DagBag from /home/airflow/.local/lib/python3.7/site-packages/airflow/example_dags/example_trigger_target_dag.py
[2023-05-11T19:20:07.662+0000] {processor.py:753} INFO - DAG(s) dict_keys(['example_trigger_target_dag']) retrieved from /home/airflow/.local/lib/python3.7/site-packages/airflow/example_dags/example_trigger_target_dag.py
[2023-05-11T19:20:07.685+0000] {logging_mixin.py:137} INFO - [2023-05-11T19:20:07.685+0000] {dag.py:2690} INFO - Sync 1 DAGs
[2023-05-11T19:20:07.709+0000] {logging_mixin.py:137} INFO - [2023-05-11T19:20:07.709+0000] {dag.py:3441} INFO - Setting next_dagrun for example_trigger_target_dag to None, run_after=None
[2023-05-11T19:20:07.725+0000] {processor.py:175} INFO - Processing /home/airflow/.local/lib/python3.7/site-packages/airflow/example_dags/example_trigger_target_dag.py took 0.086 seconds
[2023-05-11T19:20:38.254+0000] {processor.py:153} INFO - Started process (PID=3407) to work on /home/airflow/.local/lib/python3.7/site-packages/airflow/example_dags/example_trigger_target_dag.py
[2023-05-11T19:20:38.255+0000] {processor.py:743} INFO - Processing file /home/airflow/.local/lib/python3.7/site-packages/airflow/example_dags/example_trigger_target_dag.py for tasks to queue
[2023-05-11T19:20:38.255+0000] {logging_mixin.py:137} INFO - [2023-05-11T19:20:38.255+0000] {dagbag.py:538} INFO - Filling up the DagBag from /home/airflow/.local/lib/python3.7/site-packages/airflow/example_dags/example_trigger_target_dag.py
[2023-05-11T19:20:38.296+0000] {processor.py:753} INFO - DAG(s) dict_keys(['example_trigger_target_dag']) retrieved from /home/airflow/.local/lib/python3.7/site-packages/airflow/example_dags/example_trigger_target_dag.py
[2023-05-11T19:20:38.324+0000] {logging_mixin.py:137} INFO - [2023-05-11T19:20:38.324+0000] {dag.py:2690} INFO - Sync 1 DAGs
[2023-05-11T19:20:38.353+0000] {logging_mixin.py:137} INFO - [2023-05-11T19:20:38.353+0000] {dag.py:3441} INFO - Setting next_dagrun for example_trigger_target_dag to None, run_after=None
[2023-05-11T19:20:38.375+0000] {processor.py:175} INFO - Processing /home/airflow/.local/lib/python3.7/site-packages/airflow/example_dags/example_trigger_target_dag.py took 0.124 seconds
[2023-05-11T19:21:08.504+0000] {processor.py:153} INFO - Started process (PID=3639) to work on /home/airflow/.local/lib/python3.7/site-packages/airflow/example_dags/example_trigger_target_dag.py
[2023-05-11T19:21:08.505+0000] {processor.py:743} INFO - Processing file /home/airflow/.local/lib/python3.7/site-packages/airflow/example_dags/example_trigger_target_dag.py for tasks to queue
[2023-05-11T19:21:08.506+0000] {logging_mixin.py:137} INFO - [2023-05-11T19:21:08.506+0000] {dagbag.py:538} INFO - Filling up the DagBag from /home/airflow/.local/lib/python3.7/site-packages/airflow/example_dags/example_trigger_target_dag.py
[2023-05-11T19:21:08.524+0000] {processor.py:753} INFO - DAG(s) dict_keys(['example_trigger_target_dag']) retrieved from /home/airflow/.local/lib/python3.7/site-packages/airflow/example_dags/example_trigger_target_dag.py
[2023-05-11T19:21:08.546+0000] {logging_mixin.py:137} INFO - [2023-05-11T19:21:08.546+0000] {dag.py:2690} INFO - Sync 1 DAGs
[2023-05-11T19:21:08.567+0000] {logging_mixin.py:137} INFO - [2023-05-11T19:21:08.566+0000] {dag.py:3441} INFO - Setting next_dagrun for example_trigger_target_dag to None, run_after=None
[2023-05-11T19:21:08.582+0000] {processor.py:175} INFO - Processing /home/airflow/.local/lib/python3.7/site-packages/airflow/example_dags/example_trigger_target_dag.py took 0.080 seconds
[2023-05-11T19:21:39.167+0000] {processor.py:153} INFO - Started process (PID=3885) to work on /home/airflow/.local/lib/python3.7/site-packages/airflow/example_dags/example_trigger_target_dag.py
[2023-05-11T19:21:39.167+0000] {processor.py:743} INFO - Processing file /home/airflow/.local/lib/python3.7/site-packages/airflow/example_dags/example_trigger_target_dag.py for tasks to queue
[2023-05-11T19:21:39.168+0000] {logging_mixin.py:137} INFO - [2023-05-11T19:21:39.168+0000] {dagbag.py:538} INFO - Filling up the DagBag from /home/airflow/.local/lib/python3.7/site-packages/airflow/example_dags/example_trigger_target_dag.py
[2023-05-11T19:21:39.188+0000] {processor.py:753} INFO - DAG(s) dict_keys(['example_trigger_target_dag']) retrieved from /home/airflow/.local/lib/python3.7/site-packages/airflow/example_dags/example_trigger_target_dag.py
[2023-05-11T19:21:39.227+0000] {logging_mixin.py:137} INFO - [2023-05-11T19:21:39.226+0000] {dag.py:2690} INFO - Sync 1 DAGs
[2023-05-11T19:21:39.246+0000] {logging_mixin.py:137} INFO - [2023-05-11T19:21:39.246+0000] {dag.py:3441} INFO - Setting next_dagrun for example_trigger_target_dag to None, run_after=None
[2023-05-11T19:21:39.263+0000] {processor.py:175} INFO - Processing /home/airflow/.local/lib/python3.7/site-packages/airflow/example_dags/example_trigger_target_dag.py took 0.099 seconds
[2023-05-11T19:22:09.373+0000] {processor.py:153} INFO - Started process (PID=4117) to work on /home/airflow/.local/lib/python3.7/site-packages/airflow/example_dags/example_trigger_target_dag.py
[2023-05-11T19:22:09.374+0000] {processor.py:743} INFO - Processing file /home/airflow/.local/lib/python3.7/site-packages/airflow/example_dags/example_trigger_target_dag.py for tasks to queue
[2023-05-11T19:22:09.375+0000] {logging_mixin.py:137} INFO - [2023-05-11T19:22:09.374+0000] {dagbag.py:538} INFO - Filling up the DagBag from /home/airflow/.local/lib/python3.7/site-packages/airflow/example_dags/example_trigger_target_dag.py
[2023-05-11T19:22:09.402+0000] {processor.py:753} INFO - DAG(s) dict_keys(['example_trigger_target_dag']) retrieved from /home/airflow/.local/lib/python3.7/site-packages/airflow/example_dags/example_trigger_target_dag.py
[2023-05-11T19:22:09.427+0000] {logging_mixin.py:137} INFO - [2023-05-11T19:22:09.427+0000] {dag.py:2690} INFO - Sync 1 DAGs
[2023-05-11T19:22:09.452+0000] {logging_mixin.py:137} INFO - [2023-05-11T19:22:09.452+0000] {dag.py:3441} INFO - Setting next_dagrun for example_trigger_target_dag to None, run_after=None
[2023-05-11T19:22:09.468+0000] {processor.py:175} INFO - Processing /home/airflow/.local/lib/python3.7/site-packages/airflow/example_dags/example_trigger_target_dag.py took 0.099 seconds
[2023-05-11T19:22:39.874+0000] {processor.py:153} INFO - Started process (PID=4366) to work on /home/airflow/.local/lib/python3.7/site-packages/airflow/example_dags/example_trigger_target_dag.py
[2023-05-11T19:22:39.875+0000] {processor.py:743} INFO - Processing file /home/airflow/.local/lib/python3.7/site-packages/airflow/example_dags/example_trigger_target_dag.py for tasks to queue
[2023-05-11T19:22:39.876+0000] {logging_mixin.py:137} INFO - [2023-05-11T19:22:39.875+0000] {dagbag.py:538} INFO - Filling up the DagBag from /home/airflow/.local/lib/python3.7/site-packages/airflow/example_dags/example_trigger_target_dag.py
[2023-05-11T19:22:39.894+0000] {processor.py:753} INFO - DAG(s) dict_keys(['example_trigger_target_dag']) retrieved from /home/airflow/.local/lib/python3.7/site-packages/airflow/example_dags/example_trigger_target_dag.py
[2023-05-11T19:22:39.917+0000] {logging_mixin.py:137} INFO - [2023-05-11T19:22:39.917+0000] {dag.py:2690} INFO - Sync 1 DAGs
[2023-05-11T19:22:39.942+0000] {logging_mixin.py:137} INFO - [2023-05-11T19:22:39.942+0000] {dag.py:3441} INFO - Setting next_dagrun for example_trigger_target_dag to None, run_after=None
[2023-05-11T19:22:39.961+0000] {processor.py:175} INFO - Processing /home/airflow/.local/lib/python3.7/site-packages/airflow/example_dags/example_trigger_target_dag.py took 0.089 seconds
[2023-05-11T19:23:10.286+0000] {processor.py:153} INFO - Started process (PID=4598) to work on /home/airflow/.local/lib/python3.7/site-packages/airflow/example_dags/example_trigger_target_dag.py
[2023-05-11T19:23:10.287+0000] {processor.py:743} INFO - Processing file /home/airflow/.local/lib/python3.7/site-packages/airflow/example_dags/example_trigger_target_dag.py for tasks to queue
[2023-05-11T19:23:10.287+0000] {logging_mixin.py:137} INFO - [2023-05-11T19:23:10.287+0000] {dagbag.py:538} INFO - Filling up the DagBag from /home/airflow/.local/lib/python3.7/site-packages/airflow/example_dags/example_trigger_target_dag.py
[2023-05-11T19:23:10.314+0000] {processor.py:753} INFO - DAG(s) dict_keys(['example_trigger_target_dag']) retrieved from /home/airflow/.local/lib/python3.7/site-packages/airflow/example_dags/example_trigger_target_dag.py
[2023-05-11T19:23:10.344+0000] {logging_mixin.py:137} INFO - [2023-05-11T19:23:10.344+0000] {dag.py:2690} INFO - Sync 1 DAGs
[2023-05-11T19:23:10.366+0000] {logging_mixin.py:137} INFO - [2023-05-11T19:23:10.366+0000] {dag.py:3441} INFO - Setting next_dagrun for example_trigger_target_dag to None, run_after=None
[2023-05-11T19:23:10.384+0000] {processor.py:175} INFO - Processing /home/airflow/.local/lib/python3.7/site-packages/airflow/example_dags/example_trigger_target_dag.py took 0.102 seconds
[2023-05-11T19:23:41.419+0000] {processor.py:153} INFO - Started process (PID=4849) to work on /home/airflow/.local/lib/python3.7/site-packages/airflow/example_dags/example_trigger_target_dag.py
[2023-05-11T19:23:41.420+0000] {processor.py:743} INFO - Processing file /home/airflow/.local/lib/python3.7/site-packages/airflow/example_dags/example_trigger_target_dag.py for tasks to queue
[2023-05-11T19:23:41.421+0000] {logging_mixin.py:137} INFO - [2023-05-11T19:23:41.421+0000] {dagbag.py:538} INFO - Filling up the DagBag from /home/airflow/.local/lib/python3.7/site-packages/airflow/example_dags/example_trigger_target_dag.py
[2023-05-11T19:23:41.446+0000] {processor.py:753} INFO - DAG(s) dict_keys(['example_trigger_target_dag']) retrieved from /home/airflow/.local/lib/python3.7/site-packages/airflow/example_dags/example_trigger_target_dag.py
[2023-05-11T19:23:41.476+0000] {logging_mixin.py:137} INFO - [2023-05-11T19:23:41.476+0000] {dag.py:2690} INFO - Sync 1 DAGs
[2023-05-11T19:23:41.504+0000] {logging_mixin.py:137} INFO - [2023-05-11T19:23:41.504+0000] {dag.py:3441} INFO - Setting next_dagrun for example_trigger_target_dag to None, run_after=None
[2023-05-11T19:23:41.524+0000] {processor.py:175} INFO - Processing /home/airflow/.local/lib/python3.7/site-packages/airflow/example_dags/example_trigger_target_dag.py took 0.108 seconds
[2023-05-11T19:24:12.113+0000] {processor.py:153} INFO - Started process (PID=5079) to work on /home/airflow/.local/lib/python3.7/site-packages/airflow/example_dags/example_trigger_target_dag.py
[2023-05-11T19:24:12.114+0000] {processor.py:743} INFO - Processing file /home/airflow/.local/lib/python3.7/site-packages/airflow/example_dags/example_trigger_target_dag.py for tasks to queue
[2023-05-11T19:24:12.114+0000] {logging_mixin.py:137} INFO - [2023-05-11T19:24:12.114+0000] {dagbag.py:538} INFO - Filling up the DagBag from /home/airflow/.local/lib/python3.7/site-packages/airflow/example_dags/example_trigger_target_dag.py
[2023-05-11T19:24:12.132+0000] {processor.py:753} INFO - DAG(s) dict_keys(['example_trigger_target_dag']) retrieved from /home/airflow/.local/lib/python3.7/site-packages/airflow/example_dags/example_trigger_target_dag.py
[2023-05-11T19:24:12.155+0000] {logging_mixin.py:137} INFO - [2023-05-11T19:24:12.155+0000] {dag.py:2690} INFO - Sync 1 DAGs
[2023-05-11T19:24:12.177+0000] {logging_mixin.py:137} INFO - [2023-05-11T19:24:12.177+0000] {dag.py:3441} INFO - Setting next_dagrun for example_trigger_target_dag to None, run_after=None
[2023-05-11T19:24:12.193+0000] {processor.py:175} INFO - Processing /home/airflow/.local/lib/python3.7/site-packages/airflow/example_dags/example_trigger_target_dag.py took 0.083 seconds
[2023-05-11T19:24:42.622+0000] {processor.py:153} INFO - Started process (PID=5329) to work on /home/airflow/.local/lib/python3.7/site-packages/airflow/example_dags/example_trigger_target_dag.py
[2023-05-11T19:24:42.622+0000] {processor.py:743} INFO - Processing file /home/airflow/.local/lib/python3.7/site-packages/airflow/example_dags/example_trigger_target_dag.py for tasks to queue
[2023-05-11T19:24:42.623+0000] {logging_mixin.py:137} INFO - [2023-05-11T19:24:42.623+0000] {dagbag.py:538} INFO - Filling up the DagBag from /home/airflow/.local/lib/python3.7/site-packages/airflow/example_dags/example_trigger_target_dag.py
[2023-05-11T19:24:42.646+0000] {processor.py:753} INFO - DAG(s) dict_keys(['example_trigger_target_dag']) retrieved from /home/airflow/.local/lib/python3.7/site-packages/airflow/example_dags/example_trigger_target_dag.py
[2023-05-11T19:24:42.667+0000] {logging_mixin.py:137} INFO - [2023-05-11T19:24:42.666+0000] {dag.py:2690} INFO - Sync 1 DAGs
[2023-05-11T19:24:42.685+0000] {logging_mixin.py:137} INFO - [2023-05-11T19:24:42.684+0000] {dag.py:3441} INFO - Setting next_dagrun for example_trigger_target_dag to None, run_after=None
[2023-05-11T19:24:42.698+0000] {processor.py:175} INFO - Processing /home/airflow/.local/lib/python3.7/site-packages/airflow/example_dags/example_trigger_target_dag.py took 0.078 seconds
[2023-05-11T19:25:28.205+0000] {processor.py:153} INFO - Started process (PID=269) to work on /home/airflow/.local/lib/python3.7/site-packages/airflow/example_dags/example_trigger_target_dag.py
[2023-05-11T19:25:28.206+0000] {processor.py:743} INFO - Processing file /home/airflow/.local/lib/python3.7/site-packages/airflow/example_dags/example_trigger_target_dag.py for tasks to queue
[2023-05-11T19:25:28.206+0000] {logging_mixin.py:137} INFO - [2023-05-11T19:25:28.206+0000] {dagbag.py:538} INFO - Filling up the DagBag from /home/airflow/.local/lib/python3.7/site-packages/airflow/example_dags/example_trigger_target_dag.py
[2023-05-11T19:25:28.237+0000] {processor.py:753} INFO - DAG(s) dict_keys(['example_trigger_target_dag']) retrieved from /home/airflow/.local/lib/python3.7/site-packages/airflow/example_dags/example_trigger_target_dag.py
[2023-05-11T19:25:28.275+0000] {logging_mixin.py:137} INFO - [2023-05-11T19:25:28.274+0000] {dag.py:2690} INFO - Sync 1 DAGs
[2023-05-11T19:25:28.331+0000] {logging_mixin.py:137} INFO - [2023-05-11T19:25:28.331+0000] {dag.py:3441} INFO - Setting next_dagrun for example_trigger_target_dag to None, run_after=None
[2023-05-11T19:25:28.368+0000] {processor.py:175} INFO - Processing /home/airflow/.local/lib/python3.7/site-packages/airflow/example_dags/example_trigger_target_dag.py took 0.166 seconds
[2023-05-11T19:25:59.230+0000] {processor.py:153} INFO - Started process (PID=501) to work on /home/airflow/.local/lib/python3.7/site-packages/airflow/example_dags/example_trigger_target_dag.py
[2023-05-11T19:25:59.231+0000] {processor.py:743} INFO - Processing file /home/airflow/.local/lib/python3.7/site-packages/airflow/example_dags/example_trigger_target_dag.py for tasks to queue
[2023-05-11T19:25:59.231+0000] {logging_mixin.py:137} INFO - [2023-05-11T19:25:59.231+0000] {dagbag.py:538} INFO - Filling up the DagBag from /home/airflow/.local/lib/python3.7/site-packages/airflow/example_dags/example_trigger_target_dag.py
[2023-05-11T19:25:59.247+0000] {processor.py:753} INFO - DAG(s) dict_keys(['example_trigger_target_dag']) retrieved from /home/airflow/.local/lib/python3.7/site-packages/airflow/example_dags/example_trigger_target_dag.py
[2023-05-11T19:25:59.266+0000] {logging_mixin.py:137} INFO - [2023-05-11T19:25:59.266+0000] {dag.py:2690} INFO - Sync 1 DAGs
[2023-05-11T19:25:59.283+0000] {logging_mixin.py:137} INFO - [2023-05-11T19:25:59.283+0000] {dag.py:3441} INFO - Setting next_dagrun for example_trigger_target_dag to None, run_after=None
[2023-05-11T19:25:59.295+0000] {processor.py:175} INFO - Processing /home/airflow/.local/lib/python3.7/site-packages/airflow/example_dags/example_trigger_target_dag.py took 0.067 seconds
[2023-05-11T19:26:29.477+0000] {processor.py:153} INFO - Started process (PID=749) to work on /home/airflow/.local/lib/python3.7/site-packages/airflow/example_dags/example_trigger_target_dag.py
[2023-05-11T19:26:29.477+0000] {processor.py:743} INFO - Processing file /home/airflow/.local/lib/python3.7/site-packages/airflow/example_dags/example_trigger_target_dag.py for tasks to queue
[2023-05-11T19:26:29.478+0000] {logging_mixin.py:137} INFO - [2023-05-11T19:26:29.477+0000] {dagbag.py:538} INFO - Filling up the DagBag from /home/airflow/.local/lib/python3.7/site-packages/airflow/example_dags/example_trigger_target_dag.py
[2023-05-11T19:26:29.501+0000] {processor.py:753} INFO - DAG(s) dict_keys(['example_trigger_target_dag']) retrieved from /home/airflow/.local/lib/python3.7/site-packages/airflow/example_dags/example_trigger_target_dag.py
[2023-05-11T19:26:29.525+0000] {logging_mixin.py:137} INFO - [2023-05-11T19:26:29.525+0000] {dag.py:2690} INFO - Sync 1 DAGs
[2023-05-11T19:26:29.549+0000] {logging_mixin.py:137} INFO - [2023-05-11T19:26:29.549+0000] {dag.py:3441} INFO - Setting next_dagrun for example_trigger_target_dag to None, run_after=None
[2023-05-11T19:26:29.567+0000] {processor.py:175} INFO - Processing /home/airflow/.local/lib/python3.7/site-packages/airflow/example_dags/example_trigger_target_dag.py took 0.093 seconds
[2023-05-11T19:26:59.875+0000] {processor.py:153} INFO - Started process (PID=981) to work on /home/airflow/.local/lib/python3.7/site-packages/airflow/example_dags/example_trigger_target_dag.py
[2023-05-11T19:26:59.876+0000] {processor.py:743} INFO - Processing file /home/airflow/.local/lib/python3.7/site-packages/airflow/example_dags/example_trigger_target_dag.py for tasks to queue
[2023-05-11T19:26:59.877+0000] {logging_mixin.py:137} INFO - [2023-05-11T19:26:59.877+0000] {dagbag.py:538} INFO - Filling up the DagBag from /home/airflow/.local/lib/python3.7/site-packages/airflow/example_dags/example_trigger_target_dag.py
[2023-05-11T19:26:59.895+0000] {processor.py:753} INFO - DAG(s) dict_keys(['example_trigger_target_dag']) retrieved from /home/airflow/.local/lib/python3.7/site-packages/airflow/example_dags/example_trigger_target_dag.py
[2023-05-11T19:26:59.917+0000] {logging_mixin.py:137} INFO - [2023-05-11T19:26:59.917+0000] {dag.py:2690} INFO - Sync 1 DAGs
[2023-05-11T19:26:59.938+0000] {logging_mixin.py:137} INFO - [2023-05-11T19:26:59.938+0000] {dag.py:3441} INFO - Setting next_dagrun for example_trigger_target_dag to None, run_after=None
[2023-05-11T19:26:59.954+0000] {processor.py:175} INFO - Processing /home/airflow/.local/lib/python3.7/site-packages/airflow/example_dags/example_trigger_target_dag.py took 0.081 seconds
[2023-05-11T19:27:30.299+0000] {processor.py:153} INFO - Started process (PID=1229) to work on /home/airflow/.local/lib/python3.7/site-packages/airflow/example_dags/example_trigger_target_dag.py
[2023-05-11T19:27:30.300+0000] {processor.py:743} INFO - Processing file /home/airflow/.local/lib/python3.7/site-packages/airflow/example_dags/example_trigger_target_dag.py for tasks to queue
[2023-05-11T19:27:30.300+0000] {logging_mixin.py:137} INFO - [2023-05-11T19:27:30.300+0000] {dagbag.py:538} INFO - Filling up the DagBag from /home/airflow/.local/lib/python3.7/site-packages/airflow/example_dags/example_trigger_target_dag.py
[2023-05-11T19:27:30.318+0000] {processor.py:753} INFO - DAG(s) dict_keys(['example_trigger_target_dag']) retrieved from /home/airflow/.local/lib/python3.7/site-packages/airflow/example_dags/example_trigger_target_dag.py
[2023-05-11T19:27:30.336+0000] {logging_mixin.py:137} INFO - [2023-05-11T19:27:30.336+0000] {dag.py:2690} INFO - Sync 1 DAGs
[2023-05-11T19:27:30.352+0000] {logging_mixin.py:137} INFO - [2023-05-11T19:27:30.352+0000] {dag.py:3441} INFO - Setting next_dagrun for example_trigger_target_dag to None, run_after=None
[2023-05-11T19:27:30.367+0000] {processor.py:175} INFO - Processing /home/airflow/.local/lib/python3.7/site-packages/airflow/example_dags/example_trigger_target_dag.py took 0.071 seconds
[2023-05-11T19:28:01.491+0000] {processor.py:153} INFO - Started process (PID=1461) to work on /home/airflow/.local/lib/python3.7/site-packages/airflow/example_dags/example_trigger_target_dag.py
[2023-05-11T19:28:01.492+0000] {processor.py:743} INFO - Processing file /home/airflow/.local/lib/python3.7/site-packages/airflow/example_dags/example_trigger_target_dag.py for tasks to queue
[2023-05-11T19:28:01.492+0000] {logging_mixin.py:137} INFO - [2023-05-11T19:28:01.492+0000] {dagbag.py:538} INFO - Filling up the DagBag from /home/airflow/.local/lib/python3.7/site-packages/airflow/example_dags/example_trigger_target_dag.py
[2023-05-11T19:28:01.511+0000] {processor.py:753} INFO - DAG(s) dict_keys(['example_trigger_target_dag']) retrieved from /home/airflow/.local/lib/python3.7/site-packages/airflow/example_dags/example_trigger_target_dag.py
[2023-05-11T19:28:01.534+0000] {logging_mixin.py:137} INFO - [2023-05-11T19:28:01.534+0000] {dag.py:2690} INFO - Sync 1 DAGs
[2023-05-11T19:28:01.557+0000] {logging_mixin.py:137} INFO - [2023-05-11T19:28:01.557+0000] {dag.py:3441} INFO - Setting next_dagrun for example_trigger_target_dag to None, run_after=None
[2023-05-11T19:28:01.574+0000] {processor.py:175} INFO - Processing /home/airflow/.local/lib/python3.7/site-packages/airflow/example_dags/example_trigger_target_dag.py took 0.086 seconds
[2023-05-11T19:28:31.688+0000] {processor.py:153} INFO - Started process (PID=1709) to work on /home/airflow/.local/lib/python3.7/site-packages/airflow/example_dags/example_trigger_target_dag.py
[2023-05-11T19:28:31.689+0000] {processor.py:743} INFO - Processing file /home/airflow/.local/lib/python3.7/site-packages/airflow/example_dags/example_trigger_target_dag.py for tasks to queue
[2023-05-11T19:28:31.690+0000] {logging_mixin.py:137} INFO - [2023-05-11T19:28:31.690+0000] {dagbag.py:538} INFO - Filling up the DagBag from /home/airflow/.local/lib/python3.7/site-packages/airflow/example_dags/example_trigger_target_dag.py
[2023-05-11T19:28:31.704+0000] {processor.py:753} INFO - DAG(s) dict_keys(['example_trigger_target_dag']) retrieved from /home/airflow/.local/lib/python3.7/site-packages/airflow/example_dags/example_trigger_target_dag.py
[2023-05-11T19:28:31.724+0000] {logging_mixin.py:137} INFO - [2023-05-11T19:28:31.724+0000] {dag.py:2690} INFO - Sync 1 DAGs
[2023-05-11T19:28:31.742+0000] {logging_mixin.py:137} INFO - [2023-05-11T19:28:31.742+0000] {dag.py:3441} INFO - Setting next_dagrun for example_trigger_target_dag to None, run_after=None
[2023-05-11T19:28:31.755+0000] {processor.py:175} INFO - Processing /home/airflow/.local/lib/python3.7/site-packages/airflow/example_dags/example_trigger_target_dag.py took 0.069 seconds
[2023-05-11T19:29:02.062+0000] {processor.py:153} INFO - Started process (PID=1942) to work on /home/airflow/.local/lib/python3.7/site-packages/airflow/example_dags/example_trigger_target_dag.py
[2023-05-11T19:29:02.063+0000] {processor.py:743} INFO - Processing file /home/airflow/.local/lib/python3.7/site-packages/airflow/example_dags/example_trigger_target_dag.py for tasks to queue
[2023-05-11T19:29:02.063+0000] {logging_mixin.py:137} INFO - [2023-05-11T19:29:02.063+0000] {dagbag.py:538} INFO - Filling up the DagBag from /home/airflow/.local/lib/python3.7/site-packages/airflow/example_dags/example_trigger_target_dag.py
[2023-05-11T19:29:02.082+0000] {processor.py:753} INFO - DAG(s) dict_keys(['example_trigger_target_dag']) retrieved from /home/airflow/.local/lib/python3.7/site-packages/airflow/example_dags/example_trigger_target_dag.py
[2023-05-11T19:29:02.104+0000] {logging_mixin.py:137} INFO - [2023-05-11T19:29:02.104+0000] {dag.py:2690} INFO - Sync 1 DAGs
[2023-05-11T19:29:02.125+0000] {logging_mixin.py:137} INFO - [2023-05-11T19:29:02.125+0000] {dag.py:3441} INFO - Setting next_dagrun for example_trigger_target_dag to None, run_after=None
[2023-05-11T19:29:02.141+0000] {processor.py:175} INFO - Processing /home/airflow/.local/lib/python3.7/site-packages/airflow/example_dags/example_trigger_target_dag.py took 0.081 seconds
[2023-05-11T19:29:32.544+0000] {processor.py:153} INFO - Started process (PID=2192) to work on /home/airflow/.local/lib/python3.7/site-packages/airflow/example_dags/example_trigger_target_dag.py
[2023-05-11T19:29:32.545+0000] {processor.py:743} INFO - Processing file /home/airflow/.local/lib/python3.7/site-packages/airflow/example_dags/example_trigger_target_dag.py for tasks to queue
[2023-05-11T19:29:32.546+0000] {logging_mixin.py:137} INFO - [2023-05-11T19:29:32.545+0000] {dagbag.py:538} INFO - Filling up the DagBag from /home/airflow/.local/lib/python3.7/site-packages/airflow/example_dags/example_trigger_target_dag.py
[2023-05-11T19:29:32.564+0000] {processor.py:753} INFO - DAG(s) dict_keys(['example_trigger_target_dag']) retrieved from /home/airflow/.local/lib/python3.7/site-packages/airflow/example_dags/example_trigger_target_dag.py
[2023-05-11T19:29:32.586+0000] {logging_mixin.py:137} INFO - [2023-05-11T19:29:32.586+0000] {dag.py:2690} INFO - Sync 1 DAGs
[2023-05-11T19:29:32.607+0000] {logging_mixin.py:137} INFO - [2023-05-11T19:29:32.607+0000] {dag.py:3441} INFO - Setting next_dagrun for example_trigger_target_dag to None, run_after=None
[2023-05-11T19:29:32.625+0000] {processor.py:175} INFO - Processing /home/airflow/.local/lib/python3.7/site-packages/airflow/example_dags/example_trigger_target_dag.py took 0.083 seconds
[2023-05-11T19:30:03.053+0000] {processor.py:153} INFO - Started process (PID=2426) to work on /home/airflow/.local/lib/python3.7/site-packages/airflow/example_dags/example_trigger_target_dag.py
[2023-05-11T19:30:03.054+0000] {processor.py:743} INFO - Processing file /home/airflow/.local/lib/python3.7/site-packages/airflow/example_dags/example_trigger_target_dag.py for tasks to queue
[2023-05-11T19:30:03.054+0000] {logging_mixin.py:137} INFO - [2023-05-11T19:30:03.054+0000] {dagbag.py:538} INFO - Filling up the DagBag from /home/airflow/.local/lib/python3.7/site-packages/airflow/example_dags/example_trigger_target_dag.py
[2023-05-11T19:30:03.073+0000] {processor.py:753} INFO - DAG(s) dict_keys(['example_trigger_target_dag']) retrieved from /home/airflow/.local/lib/python3.7/site-packages/airflow/example_dags/example_trigger_target_dag.py
[2023-05-11T19:30:03.094+0000] {logging_mixin.py:137} INFO - [2023-05-11T19:30:03.094+0000] {dag.py:2690} INFO - Sync 1 DAGs
[2023-05-11T19:30:03.117+0000] {logging_mixin.py:137} INFO - [2023-05-11T19:30:03.117+0000] {dag.py:3441} INFO - Setting next_dagrun for example_trigger_target_dag to None, run_after=None
[2023-05-11T19:30:03.133+0000] {processor.py:175} INFO - Processing /home/airflow/.local/lib/python3.7/site-packages/airflow/example_dags/example_trigger_target_dag.py took 0.083 seconds
[2023-05-11T19:30:33.674+0000] {processor.py:153} INFO - Started process (PID=2672) to work on /home/airflow/.local/lib/python3.7/site-packages/airflow/example_dags/example_trigger_target_dag.py
[2023-05-11T19:30:33.674+0000] {processor.py:743} INFO - Processing file /home/airflow/.local/lib/python3.7/site-packages/airflow/example_dags/example_trigger_target_dag.py for tasks to queue
[2023-05-11T19:30:33.675+0000] {logging_mixin.py:137} INFO - [2023-05-11T19:30:33.675+0000] {dagbag.py:538} INFO - Filling up the DagBag from /home/airflow/.local/lib/python3.7/site-packages/airflow/example_dags/example_trigger_target_dag.py
[2023-05-11T19:30:33.690+0000] {processor.py:753} INFO - DAG(s) dict_keys(['example_trigger_target_dag']) retrieved from /home/airflow/.local/lib/python3.7/site-packages/airflow/example_dags/example_trigger_target_dag.py
[2023-05-11T19:30:33.708+0000] {logging_mixin.py:137} INFO - [2023-05-11T19:30:33.708+0000] {dag.py:2690} INFO - Sync 1 DAGs
[2023-05-11T19:30:33.732+0000] {logging_mixin.py:137} INFO - [2023-05-11T19:30:33.731+0000] {dag.py:3441} INFO - Setting next_dagrun for example_trigger_target_dag to None, run_after=None
[2023-05-11T19:30:33.743+0000] {processor.py:175} INFO - Processing /home/airflow/.local/lib/python3.7/site-packages/airflow/example_dags/example_trigger_target_dag.py took 0.072 seconds
[2023-05-11T19:31:04.053+0000] {processor.py:153} INFO - Started process (PID=2904) to work on /home/airflow/.local/lib/python3.7/site-packages/airflow/example_dags/example_trigger_target_dag.py
[2023-05-11T19:31:04.054+0000] {processor.py:743} INFO - Processing file /home/airflow/.local/lib/python3.7/site-packages/airflow/example_dags/example_trigger_target_dag.py for tasks to queue
[2023-05-11T19:31:04.055+0000] {logging_mixin.py:137} INFO - [2023-05-11T19:31:04.054+0000] {dagbag.py:538} INFO - Filling up the DagBag from /home/airflow/.local/lib/python3.7/site-packages/airflow/example_dags/example_trigger_target_dag.py
[2023-05-11T19:31:04.078+0000] {processor.py:753} INFO - DAG(s) dict_keys(['example_trigger_target_dag']) retrieved from /home/airflow/.local/lib/python3.7/site-packages/airflow/example_dags/example_trigger_target_dag.py
[2023-05-11T19:31:04.104+0000] {logging_mixin.py:137} INFO - [2023-05-11T19:31:04.104+0000] {dag.py:2690} INFO - Sync 1 DAGs
[2023-05-11T19:31:04.128+0000] {logging_mixin.py:137} INFO - [2023-05-11T19:31:04.128+0000] {dag.py:3441} INFO - Setting next_dagrun for example_trigger_target_dag to None, run_after=None
[2023-05-11T19:31:04.149+0000] {processor.py:175} INFO - Processing /home/airflow/.local/lib/python3.7/site-packages/airflow/example_dags/example_trigger_target_dag.py took 0.099 seconds
[2023-05-11T19:31:34.512+0000] {processor.py:153} INFO - Started process (PID=3152) to work on /home/airflow/.local/lib/python3.7/site-packages/airflow/example_dags/example_trigger_target_dag.py
[2023-05-11T19:31:34.512+0000] {processor.py:743} INFO - Processing file /home/airflow/.local/lib/python3.7/site-packages/airflow/example_dags/example_trigger_target_dag.py for tasks to queue
[2023-05-11T19:31:34.513+0000] {logging_mixin.py:137} INFO - [2023-05-11T19:31:34.513+0000] {dagbag.py:538} INFO - Filling up the DagBag from /home/airflow/.local/lib/python3.7/site-packages/airflow/example_dags/example_trigger_target_dag.py
[2023-05-11T19:31:34.527+0000] {processor.py:753} INFO - DAG(s) dict_keys(['example_trigger_target_dag']) retrieved from /home/airflow/.local/lib/python3.7/site-packages/airflow/example_dags/example_trigger_target_dag.py
[2023-05-11T19:31:34.544+0000] {logging_mixin.py:137} INFO - [2023-05-11T19:31:34.544+0000] {dag.py:2690} INFO - Sync 1 DAGs
[2023-05-11T19:31:34.561+0000] {logging_mixin.py:137} INFO - [2023-05-11T19:31:34.561+0000] {dag.py:3441} INFO - Setting next_dagrun for example_trigger_target_dag to None, run_after=None
[2023-05-11T19:31:34.573+0000] {processor.py:175} INFO - Processing /home/airflow/.local/lib/python3.7/site-packages/airflow/example_dags/example_trigger_target_dag.py took 0.064 seconds
[2023-05-11T19:32:05.553+0000] {processor.py:153} INFO - Started process (PID=3384) to work on /home/airflow/.local/lib/python3.7/site-packages/airflow/example_dags/example_trigger_target_dag.py
[2023-05-11T19:32:05.553+0000] {processor.py:743} INFO - Processing file /home/airflow/.local/lib/python3.7/site-packages/airflow/example_dags/example_trigger_target_dag.py for tasks to queue
[2023-05-11T19:32:05.554+0000] {logging_mixin.py:137} INFO - [2023-05-11T19:32:05.554+0000] {dagbag.py:538} INFO - Filling up the DagBag from /home/airflow/.local/lib/python3.7/site-packages/airflow/example_dags/example_trigger_target_dag.py
[2023-05-11T19:32:05.572+0000] {processor.py:753} INFO - DAG(s) dict_keys(['example_trigger_target_dag']) retrieved from /home/airflow/.local/lib/python3.7/site-packages/airflow/example_dags/example_trigger_target_dag.py
[2023-05-11T19:32:05.594+0000] {logging_mixin.py:137} INFO - [2023-05-11T19:32:05.594+0000] {dag.py:2690} INFO - Sync 1 DAGs
[2023-05-11T19:32:05.618+0000] {logging_mixin.py:137} INFO - [2023-05-11T19:32:05.618+0000] {dag.py:3441} INFO - Setting next_dagrun for example_trigger_target_dag to None, run_after=None
[2023-05-11T19:32:05.641+0000] {processor.py:175} INFO - Processing /home/airflow/.local/lib/python3.7/site-packages/airflow/example_dags/example_trigger_target_dag.py took 0.091 seconds
[2023-05-11T19:32:36.015+0000] {processor.py:153} INFO - Started process (PID=3631) to work on /home/airflow/.local/lib/python3.7/site-packages/airflow/example_dags/example_trigger_target_dag.py
[2023-05-11T19:32:36.015+0000] {processor.py:743} INFO - Processing file /home/airflow/.local/lib/python3.7/site-packages/airflow/example_dags/example_trigger_target_dag.py for tasks to queue
[2023-05-11T19:32:36.016+0000] {logging_mixin.py:137} INFO - [2023-05-11T19:32:36.016+0000] {dagbag.py:538} INFO - Filling up the DagBag from /home/airflow/.local/lib/python3.7/site-packages/airflow/example_dags/example_trigger_target_dag.py
[2023-05-11T19:32:36.034+0000] {processor.py:753} INFO - DAG(s) dict_keys(['example_trigger_target_dag']) retrieved from /home/airflow/.local/lib/python3.7/site-packages/airflow/example_dags/example_trigger_target_dag.py
[2023-05-11T19:32:36.058+0000] {logging_mixin.py:137} INFO - [2023-05-11T19:32:36.057+0000] {dag.py:2690} INFO - Sync 1 DAGs
[2023-05-11T19:32:36.080+0000] {logging_mixin.py:137} INFO - [2023-05-11T19:32:36.079+0000] {dag.py:3441} INFO - Setting next_dagrun for example_trigger_target_dag to None, run_after=None
[2023-05-11T19:32:36.095+0000] {processor.py:175} INFO - Processing /home/airflow/.local/lib/python3.7/site-packages/airflow/example_dags/example_trigger_target_dag.py took 0.083 seconds
[2023-05-11T19:33:06.454+0000] {processor.py:153} INFO - Started process (PID=3863) to work on /home/airflow/.local/lib/python3.7/site-packages/airflow/example_dags/example_trigger_target_dag.py
[2023-05-11T19:33:06.454+0000] {processor.py:743} INFO - Processing file /home/airflow/.local/lib/python3.7/site-packages/airflow/example_dags/example_trigger_target_dag.py for tasks to queue
[2023-05-11T19:33:06.455+0000] {logging_mixin.py:137} INFO - [2023-05-11T19:33:06.455+0000] {dagbag.py:538} INFO - Filling up the DagBag from /home/airflow/.local/lib/python3.7/site-packages/airflow/example_dags/example_trigger_target_dag.py
[2023-05-11T19:33:06.473+0000] {processor.py:753} INFO - DAG(s) dict_keys(['example_trigger_target_dag']) retrieved from /home/airflow/.local/lib/python3.7/site-packages/airflow/example_dags/example_trigger_target_dag.py
[2023-05-11T19:33:06.496+0000] {logging_mixin.py:137} INFO - [2023-05-11T19:33:06.496+0000] {dag.py:2690} INFO - Sync 1 DAGs
[2023-05-11T19:33:06.517+0000] {logging_mixin.py:137} INFO - [2023-05-11T19:33:06.517+0000] {dag.py:3441} INFO - Setting next_dagrun for example_trigger_target_dag to None, run_after=None
[2023-05-11T19:33:06.534+0000] {processor.py:175} INFO - Processing /home/airflow/.local/lib/python3.7/site-packages/airflow/example_dags/example_trigger_target_dag.py took 0.082 seconds
[2023-05-11T19:33:37.157+0000] {processor.py:153} INFO - Started process (PID=4113) to work on /home/airflow/.local/lib/python3.7/site-packages/airflow/example_dags/example_trigger_target_dag.py
[2023-05-11T19:33:37.158+0000] {processor.py:743} INFO - Processing file /home/airflow/.local/lib/python3.7/site-packages/airflow/example_dags/example_trigger_target_dag.py for tasks to queue
[2023-05-11T19:33:37.159+0000] {logging_mixin.py:137} INFO - [2023-05-11T19:33:37.158+0000] {dagbag.py:538} INFO - Filling up the DagBag from /home/airflow/.local/lib/python3.7/site-packages/airflow/example_dags/example_trigger_target_dag.py
[2023-05-11T19:33:37.179+0000] {processor.py:753} INFO - DAG(s) dict_keys(['example_trigger_target_dag']) retrieved from /home/airflow/.local/lib/python3.7/site-packages/airflow/example_dags/example_trigger_target_dag.py
[2023-05-11T19:33:37.204+0000] {logging_mixin.py:137} INFO - [2023-05-11T19:33:37.203+0000] {dag.py:2690} INFO - Sync 1 DAGs
[2023-05-11T19:33:37.228+0000] {logging_mixin.py:137} INFO - [2023-05-11T19:33:37.228+0000] {dag.py:3441} INFO - Setting next_dagrun for example_trigger_target_dag to None, run_after=None
[2023-05-11T19:33:37.245+0000] {processor.py:175} INFO - Processing /home/airflow/.local/lib/python3.7/site-packages/airflow/example_dags/example_trigger_target_dag.py took 0.091 seconds
[2023-05-11T19:35:10.928+0000] {processor.py:153} INFO - Started process (PID=269) to work on /home/airflow/.local/lib/python3.7/site-packages/airflow/example_dags/example_trigger_target_dag.py
[2023-05-11T19:35:10.928+0000] {processor.py:743} INFO - Processing file /home/airflow/.local/lib/python3.7/site-packages/airflow/example_dags/example_trigger_target_dag.py for tasks to queue
[2023-05-11T19:35:10.929+0000] {logging_mixin.py:137} INFO - [2023-05-11T19:35:10.929+0000] {dagbag.py:538} INFO - Filling up the DagBag from /home/airflow/.local/lib/python3.7/site-packages/airflow/example_dags/example_trigger_target_dag.py
[2023-05-11T19:35:10.946+0000] {processor.py:753} INFO - DAG(s) dict_keys(['example_trigger_target_dag']) retrieved from /home/airflow/.local/lib/python3.7/site-packages/airflow/example_dags/example_trigger_target_dag.py
[2023-05-11T19:35:10.958+0000] {logging_mixin.py:137} INFO - [2023-05-11T19:35:10.958+0000] {dag.py:2690} INFO - Sync 1 DAGs
[2023-05-11T19:35:10.984+0000] {logging_mixin.py:137} INFO - [2023-05-11T19:35:10.983+0000] {dag.py:3441} INFO - Setting next_dagrun for example_trigger_target_dag to None, run_after=None
[2023-05-11T19:35:10.996+0000] {processor.py:175} INFO - Processing /home/airflow/.local/lib/python3.7/site-packages/airflow/example_dags/example_trigger_target_dag.py took 0.072 seconds
[2023-05-11T19:35:41.767+0000] {processor.py:153} INFO - Started process (PID=501) to work on /home/airflow/.local/lib/python3.7/site-packages/airflow/example_dags/example_trigger_target_dag.py
[2023-05-11T19:35:41.767+0000] {processor.py:743} INFO - Processing file /home/airflow/.local/lib/python3.7/site-packages/airflow/example_dags/example_trigger_target_dag.py for tasks to queue
[2023-05-11T19:35:41.768+0000] {logging_mixin.py:137} INFO - [2023-05-11T19:35:41.768+0000] {dagbag.py:538} INFO - Filling up the DagBag from /home/airflow/.local/lib/python3.7/site-packages/airflow/example_dags/example_trigger_target_dag.py
[2023-05-11T19:35:41.782+0000] {processor.py:753} INFO - DAG(s) dict_keys(['example_trigger_target_dag']) retrieved from /home/airflow/.local/lib/python3.7/site-packages/airflow/example_dags/example_trigger_target_dag.py
[2023-05-11T19:35:41.799+0000] {logging_mixin.py:137} INFO - [2023-05-11T19:35:41.799+0000] {dag.py:2690} INFO - Sync 1 DAGs
[2023-05-11T19:35:41.815+0000] {logging_mixin.py:137} INFO - [2023-05-11T19:35:41.815+0000] {dag.py:3441} INFO - Setting next_dagrun for example_trigger_target_dag to None, run_after=None
[2023-05-11T19:35:41.828+0000] {processor.py:175} INFO - Processing /home/airflow/.local/lib/python3.7/site-packages/airflow/example_dags/example_trigger_target_dag.py took 0.063 seconds
