[2023-05-11T18:58:39.861+0000] {processor.py:153} INFO - Started process (PID=254) to work on /home/airflow/.local/lib/python3.7/site-packages/airflow/example_dags/example_task_group_decorator.py
[2023-05-11T18:58:39.861+0000] {processor.py:743} INFO - Processing file /home/airflow/.local/lib/python3.7/site-packages/airflow/example_dags/example_task_group_decorator.py for tasks to queue
[2023-05-11T18:58:39.862+0000] {logging_mixin.py:137} INFO - [2023-05-11T18:58:39.862+0000] {dagbag.py:538} INFO - Filling up the DagBag from /home/airflow/.local/lib/python3.7/site-packages/airflow/example_dags/example_task_group_decorator.py
[2023-05-11T18:58:39.883+0000] {processor.py:753} INFO - DAG(s) dict_keys(['example_task_group_decorator']) retrieved from /home/airflow/.local/lib/python3.7/site-packages/airflow/example_dags/example_task_group_decorator.py
[2023-05-11T18:58:39.893+0000] {logging_mixin.py:137} INFO - [2023-05-11T18:58:39.893+0000] {dag.py:2690} INFO - Sync 1 DAGs
[2023-05-11T18:58:39.915+0000] {logging_mixin.py:137} INFO - [2023-05-11T18:58:39.914+0000] {dag.py:3441} INFO - Setting next_dagrun for example_task_group_decorator to 2023-05-10T18:58:39.914608+00:00, run_after=2023-05-11T18:58:39.914608+00:00
[2023-05-11T18:58:39.936+0000] {processor.py:175} INFO - Processing /home/airflow/.local/lib/python3.7/site-packages/airflow/example_dags/example_task_group_decorator.py took 0.077 seconds
[2023-05-11T18:59:10.677+0000] {processor.py:153} INFO - Started process (PID=486) to work on /home/airflow/.local/lib/python3.7/site-packages/airflow/example_dags/example_task_group_decorator.py
[2023-05-11T18:59:10.678+0000] {processor.py:743} INFO - Processing file /home/airflow/.local/lib/python3.7/site-packages/airflow/example_dags/example_task_group_decorator.py for tasks to queue
[2023-05-11T18:59:10.678+0000] {logging_mixin.py:137} INFO - [2023-05-11T18:59:10.678+0000] {dagbag.py:538} INFO - Filling up the DagBag from /home/airflow/.local/lib/python3.7/site-packages/airflow/example_dags/example_task_group_decorator.py
[2023-05-11T18:59:10.695+0000] {processor.py:753} INFO - DAG(s) dict_keys(['example_task_group_decorator']) retrieved from /home/airflow/.local/lib/python3.7/site-packages/airflow/example_dags/example_task_group_decorator.py
[2023-05-11T18:59:10.712+0000] {logging_mixin.py:137} INFO - [2023-05-11T18:59:10.712+0000] {dag.py:2690} INFO - Sync 1 DAGs
[2023-05-11T18:59:10.732+0000] {logging_mixin.py:137} INFO - [2023-05-11T18:59:10.732+0000] {dag.py:3441} INFO - Setting next_dagrun for example_task_group_decorator to 2023-05-10T18:59:10.732493+00:00, run_after=2023-05-11T18:59:10.732493+00:00
[2023-05-11T18:59:10.749+0000] {processor.py:175} INFO - Processing /home/airflow/.local/lib/python3.7/site-packages/airflow/example_dags/example_task_group_decorator.py took 0.074 seconds
[2023-05-11T18:59:41.481+0000] {processor.py:153} INFO - Started process (PID=734) to work on /home/airflow/.local/lib/python3.7/site-packages/airflow/example_dags/example_task_group_decorator.py
[2023-05-11T18:59:41.482+0000] {processor.py:743} INFO - Processing file /home/airflow/.local/lib/python3.7/site-packages/airflow/example_dags/example_task_group_decorator.py for tasks to queue
[2023-05-11T18:59:41.483+0000] {logging_mixin.py:137} INFO - [2023-05-11T18:59:41.483+0000] {dagbag.py:538} INFO - Filling up the DagBag from /home/airflow/.local/lib/python3.7/site-packages/airflow/example_dags/example_task_group_decorator.py
[2023-05-11T18:59:41.505+0000] {processor.py:753} INFO - DAG(s) dict_keys(['example_task_group_decorator']) retrieved from /home/airflow/.local/lib/python3.7/site-packages/airflow/example_dags/example_task_group_decorator.py
[2023-05-11T18:59:41.525+0000] {logging_mixin.py:137} INFO - [2023-05-11T18:59:41.524+0000] {dag.py:2690} INFO - Sync 1 DAGs
[2023-05-11T18:59:41.545+0000] {logging_mixin.py:137} INFO - [2023-05-11T18:59:41.545+0000] {dag.py:3441} INFO - Setting next_dagrun for example_task_group_decorator to 2023-05-10T18:59:41.545274+00:00, run_after=2023-05-11T18:59:41.545274+00:00
[2023-05-11T18:59:41.558+0000] {processor.py:175} INFO - Processing /home/airflow/.local/lib/python3.7/site-packages/airflow/example_dags/example_task_group_decorator.py took 0.080 seconds
[2023-05-11T19:00:12.495+0000] {processor.py:153} INFO - Started process (PID=973) to work on /home/airflow/.local/lib/python3.7/site-packages/airflow/example_dags/example_task_group_decorator.py
[2023-05-11T19:00:12.497+0000] {processor.py:743} INFO - Processing file /home/airflow/.local/lib/python3.7/site-packages/airflow/example_dags/example_task_group_decorator.py for tasks to queue
[2023-05-11T19:00:12.497+0000] {logging_mixin.py:137} INFO - [2023-05-11T19:00:12.497+0000] {dagbag.py:538} INFO - Filling up the DagBag from /home/airflow/.local/lib/python3.7/site-packages/airflow/example_dags/example_task_group_decorator.py
[2023-05-11T19:00:12.526+0000] {processor.py:753} INFO - DAG(s) dict_keys(['example_task_group_decorator']) retrieved from /home/airflow/.local/lib/python3.7/site-packages/airflow/example_dags/example_task_group_decorator.py
[2023-05-11T19:00:12.555+0000] {logging_mixin.py:137} INFO - [2023-05-11T19:00:12.555+0000] {dag.py:2690} INFO - Sync 1 DAGs
[2023-05-11T19:00:12.581+0000] {logging_mixin.py:137} INFO - [2023-05-11T19:00:12.581+0000] {dag.py:3441} INFO - Setting next_dagrun for example_task_group_decorator to 2023-05-10T19:00:12.581478+00:00, run_after=2023-05-11T19:00:12.581478+00:00
[2023-05-11T19:00:12.601+0000] {processor.py:175} INFO - Processing /home/airflow/.local/lib/python3.7/site-packages/airflow/example_dags/example_task_group_decorator.py took 0.108 seconds
[2023-05-11T19:00:43.040+0000] {processor.py:153} INFO - Started process (PID=1215) to work on /home/airflow/.local/lib/python3.7/site-packages/airflow/example_dags/example_task_group_decorator.py
[2023-05-11T19:00:43.041+0000] {processor.py:743} INFO - Processing file /home/airflow/.local/lib/python3.7/site-packages/airflow/example_dags/example_task_group_decorator.py for tasks to queue
[2023-05-11T19:00:43.042+0000] {logging_mixin.py:137} INFO - [2023-05-11T19:00:43.041+0000] {dagbag.py:538} INFO - Filling up the DagBag from /home/airflow/.local/lib/python3.7/site-packages/airflow/example_dags/example_task_group_decorator.py
[2023-05-11T19:00:43.067+0000] {processor.py:753} INFO - DAG(s) dict_keys(['example_task_group_decorator']) retrieved from /home/airflow/.local/lib/python3.7/site-packages/airflow/example_dags/example_task_group_decorator.py
[2023-05-11T19:00:43.093+0000] {logging_mixin.py:137} INFO - [2023-05-11T19:00:43.093+0000] {dag.py:2690} INFO - Sync 1 DAGs
[2023-05-11T19:00:43.117+0000] {logging_mixin.py:137} INFO - [2023-05-11T19:00:43.117+0000] {dag.py:3441} INFO - Setting next_dagrun for example_task_group_decorator to 2023-05-10T19:00:43.117409+00:00, run_after=2023-05-11T19:00:43.117409+00:00
[2023-05-11T19:00:43.135+0000] {processor.py:175} INFO - Processing /home/airflow/.local/lib/python3.7/site-packages/airflow/example_dags/example_task_group_decorator.py took 0.097 seconds
[2023-05-11T19:01:13.430+0000] {processor.py:153} INFO - Started process (PID=1466) to work on /home/airflow/.local/lib/python3.7/site-packages/airflow/example_dags/example_task_group_decorator.py
[2023-05-11T19:01:13.431+0000] {processor.py:743} INFO - Processing file /home/airflow/.local/lib/python3.7/site-packages/airflow/example_dags/example_task_group_decorator.py for tasks to queue
[2023-05-11T19:01:13.432+0000] {logging_mixin.py:137} INFO - [2023-05-11T19:01:13.432+0000] {dagbag.py:538} INFO - Filling up the DagBag from /home/airflow/.local/lib/python3.7/site-packages/airflow/example_dags/example_task_group_decorator.py
[2023-05-11T19:01:13.457+0000] {processor.py:753} INFO - DAG(s) dict_keys(['example_task_group_decorator']) retrieved from /home/airflow/.local/lib/python3.7/site-packages/airflow/example_dags/example_task_group_decorator.py
[2023-05-11T19:01:13.481+0000] {logging_mixin.py:137} INFO - [2023-05-11T19:01:13.481+0000] {dag.py:2690} INFO - Sync 1 DAGs
[2023-05-11T19:01:13.497+0000] {logging_mixin.py:137} INFO - [2023-05-11T19:01:13.497+0000] {dag.py:3441} INFO - Setting next_dagrun for example_task_group_decorator to 2023-05-10T19:01:13.497157+00:00, run_after=2023-05-11T19:01:13.497157+00:00
[2023-05-11T19:01:13.509+0000] {processor.py:175} INFO - Processing /home/airflow/.local/lib/python3.7/site-packages/airflow/example_dags/example_task_group_decorator.py took 0.081 seconds
[2023-05-11T19:01:43.901+0000] {processor.py:153} INFO - Started process (PID=1696) to work on /home/airflow/.local/lib/python3.7/site-packages/airflow/example_dags/example_task_group_decorator.py
[2023-05-11T19:01:43.902+0000] {processor.py:743} INFO - Processing file /home/airflow/.local/lib/python3.7/site-packages/airflow/example_dags/example_task_group_decorator.py for tasks to queue
[2023-05-11T19:01:43.902+0000] {logging_mixin.py:137} INFO - [2023-05-11T19:01:43.902+0000] {dagbag.py:538} INFO - Filling up the DagBag from /home/airflow/.local/lib/python3.7/site-packages/airflow/example_dags/example_task_group_decorator.py
[2023-05-11T19:01:43.928+0000] {processor.py:753} INFO - DAG(s) dict_keys(['example_task_group_decorator']) retrieved from /home/airflow/.local/lib/python3.7/site-packages/airflow/example_dags/example_task_group_decorator.py
[2023-05-11T19:01:43.955+0000] {logging_mixin.py:137} INFO - [2023-05-11T19:01:43.955+0000] {dag.py:2690} INFO - Sync 1 DAGs
[2023-05-11T19:01:43.979+0000] {logging_mixin.py:137} INFO - [2023-05-11T19:01:43.979+0000] {dag.py:3441} INFO - Setting next_dagrun for example_task_group_decorator to 2023-05-10T19:01:43.978841+00:00, run_after=2023-05-11T19:01:43.978841+00:00
[2023-05-11T19:01:43.996+0000] {processor.py:175} INFO - Processing /home/airflow/.local/lib/python3.7/site-packages/airflow/example_dags/example_task_group_decorator.py took 0.098 seconds
[2023-05-11T19:02:14.874+0000] {processor.py:153} INFO - Started process (PID=1944) to work on /home/airflow/.local/lib/python3.7/site-packages/airflow/example_dags/example_task_group_decorator.py
[2023-05-11T19:02:14.875+0000] {processor.py:743} INFO - Processing file /home/airflow/.local/lib/python3.7/site-packages/airflow/example_dags/example_task_group_decorator.py for tasks to queue
[2023-05-11T19:02:14.875+0000] {logging_mixin.py:137} INFO - [2023-05-11T19:02:14.875+0000] {dagbag.py:538} INFO - Filling up the DagBag from /home/airflow/.local/lib/python3.7/site-packages/airflow/example_dags/example_task_group_decorator.py
[2023-05-11T19:02:14.920+0000] {processor.py:753} INFO - DAG(s) dict_keys(['example_task_group_decorator']) retrieved from /home/airflow/.local/lib/python3.7/site-packages/airflow/example_dags/example_task_group_decorator.py
[2023-05-11T19:02:14.951+0000] {logging_mixin.py:137} INFO - [2023-05-11T19:02:14.950+0000] {dag.py:2690} INFO - Sync 1 DAGs
[2023-05-11T19:02:14.979+0000] {logging_mixin.py:137} INFO - [2023-05-11T19:02:14.979+0000] {dag.py:3441} INFO - Setting next_dagrun for example_task_group_decorator to 2023-05-10T19:02:14.979376+00:00, run_after=2023-05-11T19:02:14.979376+00:00
[2023-05-11T19:02:15.001+0000] {processor.py:175} INFO - Processing /home/airflow/.local/lib/python3.7/site-packages/airflow/example_dags/example_task_group_decorator.py took 0.132 seconds
[2023-05-11T19:03:24.714+0000] {processor.py:153} INFO - Started process (PID=247) to work on /home/airflow/.local/lib/python3.7/site-packages/airflow/example_dags/example_task_group_decorator.py
[2023-05-11T19:03:24.715+0000] {processor.py:743} INFO - Processing file /home/airflow/.local/lib/python3.7/site-packages/airflow/example_dags/example_task_group_decorator.py for tasks to queue
[2023-05-11T19:03:24.715+0000] {logging_mixin.py:137} INFO - [2023-05-11T19:03:24.715+0000] {dagbag.py:538} INFO - Filling up the DagBag from /home/airflow/.local/lib/python3.7/site-packages/airflow/example_dags/example_task_group_decorator.py
[2023-05-11T19:03:24.743+0000] {processor.py:753} INFO - DAG(s) dict_keys(['example_task_group_decorator']) retrieved from /home/airflow/.local/lib/python3.7/site-packages/airflow/example_dags/example_task_group_decorator.py
[2023-05-11T19:03:24.754+0000] {logging_mixin.py:137} INFO - [2023-05-11T19:03:24.754+0000] {dag.py:2690} INFO - Sync 1 DAGs
[2023-05-11T19:03:24.799+0000] {logging_mixin.py:137} INFO - [2023-05-11T19:03:24.796+0000] {dag.py:3441} INFO - Setting next_dagrun for example_task_group_decorator to 2023-05-10T19:03:24.796653+00:00, run_after=2023-05-11T19:03:24.796653+00:00
[2023-05-11T19:03:24.828+0000] {processor.py:175} INFO - Processing /home/airflow/.local/lib/python3.7/site-packages/airflow/example_dags/example_task_group_decorator.py took 0.117 seconds
[2023-05-11T19:03:55.332+0000] {processor.py:153} INFO - Started process (PID=488) to work on /home/airflow/.local/lib/python3.7/site-packages/airflow/example_dags/example_task_group_decorator.py
[2023-05-11T19:03:55.333+0000] {processor.py:743} INFO - Processing file /home/airflow/.local/lib/python3.7/site-packages/airflow/example_dags/example_task_group_decorator.py for tasks to queue
[2023-05-11T19:03:55.333+0000] {logging_mixin.py:137} INFO - [2023-05-11T19:03:55.333+0000] {dagbag.py:538} INFO - Filling up the DagBag from /home/airflow/.local/lib/python3.7/site-packages/airflow/example_dags/example_task_group_decorator.py
[2023-05-11T19:03:55.360+0000] {processor.py:753} INFO - DAG(s) dict_keys(['example_task_group_decorator']) retrieved from /home/airflow/.local/lib/python3.7/site-packages/airflow/example_dags/example_task_group_decorator.py
[2023-05-11T19:03:55.384+0000] {logging_mixin.py:137} INFO - [2023-05-11T19:03:55.384+0000] {dag.py:2690} INFO - Sync 1 DAGs
[2023-05-11T19:03:55.406+0000] {logging_mixin.py:137} INFO - [2023-05-11T19:03:55.406+0000] {dag.py:3441} INFO - Setting next_dagrun for example_task_group_decorator to 2023-05-10T19:03:55.406367+00:00, run_after=2023-05-11T19:03:55.406367+00:00
[2023-05-11T19:03:55.423+0000] {processor.py:175} INFO - Processing /home/airflow/.local/lib/python3.7/site-packages/airflow/example_dags/example_task_group_decorator.py took 0.094 seconds
[2023-05-11T19:04:25.848+0000] {processor.py:153} INFO - Started process (PID=734) to work on /home/airflow/.local/lib/python3.7/site-packages/airflow/example_dags/example_task_group_decorator.py
[2023-05-11T19:04:25.849+0000] {processor.py:743} INFO - Processing file /home/airflow/.local/lib/python3.7/site-packages/airflow/example_dags/example_task_group_decorator.py for tasks to queue
[2023-05-11T19:04:25.849+0000] {logging_mixin.py:137} INFO - [2023-05-11T19:04:25.849+0000] {dagbag.py:538} INFO - Filling up the DagBag from /home/airflow/.local/lib/python3.7/site-packages/airflow/example_dags/example_task_group_decorator.py
[2023-05-11T19:04:25.876+0000] {processor.py:753} INFO - DAG(s) dict_keys(['example_task_group_decorator']) retrieved from /home/airflow/.local/lib/python3.7/site-packages/airflow/example_dags/example_task_group_decorator.py
[2023-05-11T19:04:25.903+0000] {logging_mixin.py:137} INFO - [2023-05-11T19:04:25.903+0000] {dag.py:2690} INFO - Sync 1 DAGs
[2023-05-11T19:04:25.927+0000] {logging_mixin.py:137} INFO - [2023-05-11T19:04:25.927+0000] {dag.py:3441} INFO - Setting next_dagrun for example_task_group_decorator to 2023-05-10T19:04:25.927415+00:00, run_after=2023-05-11T19:04:25.927415+00:00
[2023-05-11T19:04:25.949+0000] {processor.py:175} INFO - Processing /home/airflow/.local/lib/python3.7/site-packages/airflow/example_dags/example_task_group_decorator.py took 0.104 seconds
[2023-05-11T19:04:56.420+0000] {processor.py:153} INFO - Started process (PID=966) to work on /home/airflow/.local/lib/python3.7/site-packages/airflow/example_dags/example_task_group_decorator.py
[2023-05-11T19:04:56.421+0000] {processor.py:743} INFO - Processing file /home/airflow/.local/lib/python3.7/site-packages/airflow/example_dags/example_task_group_decorator.py for tasks to queue
[2023-05-11T19:04:56.421+0000] {logging_mixin.py:137} INFO - [2023-05-11T19:04:56.421+0000] {dagbag.py:538} INFO - Filling up the DagBag from /home/airflow/.local/lib/python3.7/site-packages/airflow/example_dags/example_task_group_decorator.py
[2023-05-11T19:04:56.448+0000] {processor.py:753} INFO - DAG(s) dict_keys(['example_task_group_decorator']) retrieved from /home/airflow/.local/lib/python3.7/site-packages/airflow/example_dags/example_task_group_decorator.py
[2023-05-11T19:04:56.474+0000] {logging_mixin.py:137} INFO - [2023-05-11T19:04:56.473+0000] {dag.py:2690} INFO - Sync 1 DAGs
[2023-05-11T19:04:56.496+0000] {logging_mixin.py:137} INFO - [2023-05-11T19:04:56.496+0000] {dag.py:3441} INFO - Setting next_dagrun for example_task_group_decorator to 2023-05-10T19:04:56.496422+00:00, run_after=2023-05-11T19:04:56.496422+00:00
[2023-05-11T19:04:56.512+0000] {processor.py:175} INFO - Processing /home/airflow/.local/lib/python3.7/site-packages/airflow/example_dags/example_task_group_decorator.py took 0.094 seconds
[2023-05-11T19:05:26.817+0000] {processor.py:153} INFO - Started process (PID=1214) to work on /home/airflow/.local/lib/python3.7/site-packages/airflow/example_dags/example_task_group_decorator.py
[2023-05-11T19:05:26.818+0000] {processor.py:743} INFO - Processing file /home/airflow/.local/lib/python3.7/site-packages/airflow/example_dags/example_task_group_decorator.py for tasks to queue
[2023-05-11T19:05:26.818+0000] {logging_mixin.py:137} INFO - [2023-05-11T19:05:26.818+0000] {dagbag.py:538} INFO - Filling up the DagBag from /home/airflow/.local/lib/python3.7/site-packages/airflow/example_dags/example_task_group_decorator.py
[2023-05-11T19:05:26.837+0000] {processor.py:753} INFO - DAG(s) dict_keys(['example_task_group_decorator']) retrieved from /home/airflow/.local/lib/python3.7/site-packages/airflow/example_dags/example_task_group_decorator.py
[2023-05-11T19:05:26.857+0000] {logging_mixin.py:137} INFO - [2023-05-11T19:05:26.857+0000] {dag.py:2690} INFO - Sync 1 DAGs
[2023-05-11T19:05:26.874+0000] {logging_mixin.py:137} INFO - [2023-05-11T19:05:26.874+0000] {dag.py:3441} INFO - Setting next_dagrun for example_task_group_decorator to 2023-05-10T19:05:26.874220+00:00, run_after=2023-05-11T19:05:26.874220+00:00
[2023-05-11T19:05:26.886+0000] {processor.py:175} INFO - Processing /home/airflow/.local/lib/python3.7/site-packages/airflow/example_dags/example_task_group_decorator.py took 0.071 seconds
[2023-05-11T19:05:57.030+0000] {processor.py:153} INFO - Started process (PID=1446) to work on /home/airflow/.local/lib/python3.7/site-packages/airflow/example_dags/example_task_group_decorator.py
[2023-05-11T19:05:57.031+0000] {processor.py:743} INFO - Processing file /home/airflow/.local/lib/python3.7/site-packages/airflow/example_dags/example_task_group_decorator.py for tasks to queue
[2023-05-11T19:05:57.032+0000] {logging_mixin.py:137} INFO - [2023-05-11T19:05:57.032+0000] {dagbag.py:538} INFO - Filling up the DagBag from /home/airflow/.local/lib/python3.7/site-packages/airflow/example_dags/example_task_group_decorator.py
[2023-05-11T19:05:57.059+0000] {processor.py:753} INFO - DAG(s) dict_keys(['example_task_group_decorator']) retrieved from /home/airflow/.local/lib/python3.7/site-packages/airflow/example_dags/example_task_group_decorator.py
[2023-05-11T19:05:57.091+0000] {logging_mixin.py:137} INFO - [2023-05-11T19:05:57.091+0000] {dag.py:2690} INFO - Sync 1 DAGs
[2023-05-11T19:05:57.112+0000] {logging_mixin.py:137} INFO - [2023-05-11T19:05:57.112+0000] {dag.py:3441} INFO - Setting next_dagrun for example_task_group_decorator to 2023-05-10T19:05:57.111852+00:00, run_after=2023-05-11T19:05:57.111852+00:00
[2023-05-11T19:05:57.126+0000] {processor.py:175} INFO - Processing /home/airflow/.local/lib/python3.7/site-packages/airflow/example_dags/example_task_group_decorator.py took 0.100 seconds
[2023-05-11T19:06:27.430+0000] {processor.py:153} INFO - Started process (PID=1694) to work on /home/airflow/.local/lib/python3.7/site-packages/airflow/example_dags/example_task_group_decorator.py
[2023-05-11T19:06:27.431+0000] {processor.py:743} INFO - Processing file /home/airflow/.local/lib/python3.7/site-packages/airflow/example_dags/example_task_group_decorator.py for tasks to queue
[2023-05-11T19:06:27.432+0000] {logging_mixin.py:137} INFO - [2023-05-11T19:06:27.431+0000] {dagbag.py:538} INFO - Filling up the DagBag from /home/airflow/.local/lib/python3.7/site-packages/airflow/example_dags/example_task_group_decorator.py
[2023-05-11T19:06:27.463+0000] {processor.py:753} INFO - DAG(s) dict_keys(['example_task_group_decorator']) retrieved from /home/airflow/.local/lib/python3.7/site-packages/airflow/example_dags/example_task_group_decorator.py
[2023-05-11T19:06:27.500+0000] {logging_mixin.py:137} INFO - [2023-05-11T19:06:27.500+0000] {dag.py:2690} INFO - Sync 1 DAGs
[2023-05-11T19:06:27.537+0000] {logging_mixin.py:137} INFO - [2023-05-11T19:06:27.537+0000] {dag.py:3441} INFO - Setting next_dagrun for example_task_group_decorator to 2023-05-10T19:06:27.537048+00:00, run_after=2023-05-11T19:06:27.537048+00:00
[2023-05-11T19:06:27.562+0000] {processor.py:175} INFO - Processing /home/airflow/.local/lib/python3.7/site-packages/airflow/example_dags/example_task_group_decorator.py took 0.135 seconds
[2023-05-11T19:06:57.704+0000] {processor.py:153} INFO - Started process (PID=1926) to work on /home/airflow/.local/lib/python3.7/site-packages/airflow/example_dags/example_task_group_decorator.py
[2023-05-11T19:06:57.705+0000] {processor.py:743} INFO - Processing file /home/airflow/.local/lib/python3.7/site-packages/airflow/example_dags/example_task_group_decorator.py for tasks to queue
[2023-05-11T19:06:57.706+0000] {logging_mixin.py:137} INFO - [2023-05-11T19:06:57.705+0000] {dagbag.py:538} INFO - Filling up the DagBag from /home/airflow/.local/lib/python3.7/site-packages/airflow/example_dags/example_task_group_decorator.py
[2023-05-11T19:06:57.732+0000] {processor.py:753} INFO - DAG(s) dict_keys(['example_task_group_decorator']) retrieved from /home/airflow/.local/lib/python3.7/site-packages/airflow/example_dags/example_task_group_decorator.py
[2023-05-11T19:06:57.760+0000] {logging_mixin.py:137} INFO - [2023-05-11T19:06:57.760+0000] {dag.py:2690} INFO - Sync 1 DAGs
[2023-05-11T19:06:57.791+0000] {logging_mixin.py:137} INFO - [2023-05-11T19:06:57.791+0000] {dag.py:3441} INFO - Setting next_dagrun for example_task_group_decorator to 2023-05-10T19:06:57.790951+00:00, run_after=2023-05-11T19:06:57.790951+00:00
[2023-05-11T19:06:57.811+0000] {processor.py:175} INFO - Processing /home/airflow/.local/lib/python3.7/site-packages/airflow/example_dags/example_task_group_decorator.py took 0.110 seconds
[2023-05-11T19:07:28.279+0000] {processor.py:153} INFO - Started process (PID=2174) to work on /home/airflow/.local/lib/python3.7/site-packages/airflow/example_dags/example_task_group_decorator.py
[2023-05-11T19:07:28.279+0000] {processor.py:743} INFO - Processing file /home/airflow/.local/lib/python3.7/site-packages/airflow/example_dags/example_task_group_decorator.py for tasks to queue
[2023-05-11T19:07:28.280+0000] {logging_mixin.py:137} INFO - [2023-05-11T19:07:28.280+0000] {dagbag.py:538} INFO - Filling up the DagBag from /home/airflow/.local/lib/python3.7/site-packages/airflow/example_dags/example_task_group_decorator.py
[2023-05-11T19:07:28.304+0000] {processor.py:753} INFO - DAG(s) dict_keys(['example_task_group_decorator']) retrieved from /home/airflow/.local/lib/python3.7/site-packages/airflow/example_dags/example_task_group_decorator.py
[2023-05-11T19:07:28.333+0000] {logging_mixin.py:137} INFO - [2023-05-11T19:07:28.333+0000] {dag.py:2690} INFO - Sync 1 DAGs
[2023-05-11T19:07:28.367+0000] {logging_mixin.py:137} INFO - [2023-05-11T19:07:28.366+0000] {dag.py:3441} INFO - Setting next_dagrun for example_task_group_decorator to 2023-05-10T19:07:28.366599+00:00, run_after=2023-05-11T19:07:28.366599+00:00
[2023-05-11T19:07:28.386+0000] {processor.py:175} INFO - Processing /home/airflow/.local/lib/python3.7/site-packages/airflow/example_dags/example_task_group_decorator.py took 0.110 seconds
[2023-05-11T19:07:58.616+0000] {processor.py:153} INFO - Started process (PID=2407) to work on /home/airflow/.local/lib/python3.7/site-packages/airflow/example_dags/example_task_group_decorator.py
[2023-05-11T19:07:58.617+0000] {processor.py:743} INFO - Processing file /home/airflow/.local/lib/python3.7/site-packages/airflow/example_dags/example_task_group_decorator.py for tasks to queue
[2023-05-11T19:07:58.617+0000] {logging_mixin.py:137} INFO - [2023-05-11T19:07:58.617+0000] {dagbag.py:538} INFO - Filling up the DagBag from /home/airflow/.local/lib/python3.7/site-packages/airflow/example_dags/example_task_group_decorator.py
[2023-05-11T19:07:58.643+0000] {processor.py:753} INFO - DAG(s) dict_keys(['example_task_group_decorator']) retrieved from /home/airflow/.local/lib/python3.7/site-packages/airflow/example_dags/example_task_group_decorator.py
[2023-05-11T19:07:58.670+0000] {logging_mixin.py:137} INFO - [2023-05-11T19:07:58.670+0000] {dag.py:2690} INFO - Sync 1 DAGs
[2023-05-11T19:07:58.698+0000] {logging_mixin.py:137} INFO - [2023-05-11T19:07:58.698+0000] {dag.py:3441} INFO - Setting next_dagrun for example_task_group_decorator to 2023-05-10T19:07:58.698485+00:00, run_after=2023-05-11T19:07:58.698485+00:00
[2023-05-11T19:07:58.714+0000] {processor.py:175} INFO - Processing /home/airflow/.local/lib/python3.7/site-packages/airflow/example_dags/example_task_group_decorator.py took 0.101 seconds
[2023-05-11T19:09:21.491+0000] {processor.py:153} INFO - Started process (PID=255) to work on /home/airflow/.local/lib/python3.7/site-packages/airflow/example_dags/example_task_group_decorator.py
[2023-05-11T19:09:21.492+0000] {processor.py:743} INFO - Processing file /home/airflow/.local/lib/python3.7/site-packages/airflow/example_dags/example_task_group_decorator.py for tasks to queue
[2023-05-11T19:09:21.492+0000] {logging_mixin.py:137} INFO - [2023-05-11T19:09:21.492+0000] {dagbag.py:538} INFO - Filling up the DagBag from /home/airflow/.local/lib/python3.7/site-packages/airflow/example_dags/example_task_group_decorator.py
[2023-05-11T19:09:21.515+0000] {processor.py:753} INFO - DAG(s) dict_keys(['example_task_group_decorator']) retrieved from /home/airflow/.local/lib/python3.7/site-packages/airflow/example_dags/example_task_group_decorator.py
[2023-05-11T19:09:21.524+0000] {logging_mixin.py:137} INFO - [2023-05-11T19:09:21.524+0000] {dag.py:2690} INFO - Sync 1 DAGs
[2023-05-11T19:09:21.540+0000] {logging_mixin.py:137} INFO - [2023-05-11T19:09:21.540+0000] {dag.py:3441} INFO - Setting next_dagrun for example_task_group_decorator to 2023-05-10T19:09:21.540232+00:00, run_after=2023-05-11T19:09:21.540232+00:00
[2023-05-11T19:09:21.552+0000] {processor.py:175} INFO - Processing /home/airflow/.local/lib/python3.7/site-packages/airflow/example_dags/example_task_group_decorator.py took 0.063 seconds
[2023-05-11T19:09:52.355+0000] {processor.py:153} INFO - Started process (PID=487) to work on /home/airflow/.local/lib/python3.7/site-packages/airflow/example_dags/example_task_group_decorator.py
[2023-05-11T19:09:52.356+0000] {processor.py:743} INFO - Processing file /home/airflow/.local/lib/python3.7/site-packages/airflow/example_dags/example_task_group_decorator.py for tasks to queue
[2023-05-11T19:09:52.356+0000] {logging_mixin.py:137} INFO - [2023-05-11T19:09:52.356+0000] {dagbag.py:538} INFO - Filling up the DagBag from /home/airflow/.local/lib/python3.7/site-packages/airflow/example_dags/example_task_group_decorator.py
[2023-05-11T19:09:52.383+0000] {processor.py:753} INFO - DAG(s) dict_keys(['example_task_group_decorator']) retrieved from /home/airflow/.local/lib/python3.7/site-packages/airflow/example_dags/example_task_group_decorator.py
[2023-05-11T19:09:52.406+0000] {logging_mixin.py:137} INFO - [2023-05-11T19:09:52.406+0000] {dag.py:2690} INFO - Sync 1 DAGs
[2023-05-11T19:09:52.435+0000] {logging_mixin.py:137} INFO - [2023-05-11T19:09:52.435+0000] {dag.py:3441} INFO - Setting next_dagrun for example_task_group_decorator to 2023-05-10T19:09:52.435068+00:00, run_after=2023-05-11T19:09:52.435068+00:00
[2023-05-11T19:09:52.453+0000] {processor.py:175} INFO - Processing /home/airflow/.local/lib/python3.7/site-packages/airflow/example_dags/example_task_group_decorator.py took 0.101 seconds
[2023-05-11T19:10:22.556+0000] {processor.py:153} INFO - Started process (PID=735) to work on /home/airflow/.local/lib/python3.7/site-packages/airflow/example_dags/example_task_group_decorator.py
[2023-05-11T19:10:22.556+0000] {processor.py:743} INFO - Processing file /home/airflow/.local/lib/python3.7/site-packages/airflow/example_dags/example_task_group_decorator.py for tasks to queue
[2023-05-11T19:10:22.557+0000] {logging_mixin.py:137} INFO - [2023-05-11T19:10:22.556+0000] {dagbag.py:538} INFO - Filling up the DagBag from /home/airflow/.local/lib/python3.7/site-packages/airflow/example_dags/example_task_group_decorator.py
[2023-05-11T19:10:22.576+0000] {processor.py:753} INFO - DAG(s) dict_keys(['example_task_group_decorator']) retrieved from /home/airflow/.local/lib/python3.7/site-packages/airflow/example_dags/example_task_group_decorator.py
[2023-05-11T19:10:22.594+0000] {logging_mixin.py:137} INFO - [2023-05-11T19:10:22.594+0000] {dag.py:2690} INFO - Sync 1 DAGs
[2023-05-11T19:10:22.611+0000] {logging_mixin.py:137} INFO - [2023-05-11T19:10:22.610+0000] {dag.py:3441} INFO - Setting next_dagrun for example_task_group_decorator to 2023-05-10T19:10:22.610783+00:00, run_after=2023-05-11T19:10:22.610783+00:00
[2023-05-11T19:10:22.622+0000] {processor.py:175} INFO - Processing /home/airflow/.local/lib/python3.7/site-packages/airflow/example_dags/example_task_group_decorator.py took 0.068 seconds
[2023-05-11T19:10:52.855+0000] {processor.py:153} INFO - Started process (PID=969) to work on /home/airflow/.local/lib/python3.7/site-packages/airflow/example_dags/example_task_group_decorator.py
[2023-05-11T19:10:52.856+0000] {processor.py:743} INFO - Processing file /home/airflow/.local/lib/python3.7/site-packages/airflow/example_dags/example_task_group_decorator.py for tasks to queue
[2023-05-11T19:10:52.856+0000] {logging_mixin.py:137} INFO - [2023-05-11T19:10:52.856+0000] {dagbag.py:538} INFO - Filling up the DagBag from /home/airflow/.local/lib/python3.7/site-packages/airflow/example_dags/example_task_group_decorator.py
[2023-05-11T19:10:52.882+0000] {processor.py:753} INFO - DAG(s) dict_keys(['example_task_group_decorator']) retrieved from /home/airflow/.local/lib/python3.7/site-packages/airflow/example_dags/example_task_group_decorator.py
[2023-05-11T19:10:52.913+0000] {logging_mixin.py:137} INFO - [2023-05-11T19:10:52.913+0000] {dag.py:2690} INFO - Sync 1 DAGs
[2023-05-11T19:10:52.947+0000] {logging_mixin.py:137} INFO - [2023-05-11T19:10:52.947+0000] {dag.py:3441} INFO - Setting next_dagrun for example_task_group_decorator to 2023-05-10T19:10:52.947135+00:00, run_after=2023-05-11T19:10:52.947135+00:00
[2023-05-11T19:10:52.968+0000] {processor.py:175} INFO - Processing /home/airflow/.local/lib/python3.7/site-packages/airflow/example_dags/example_task_group_decorator.py took 0.116 seconds
[2023-05-11T19:11:23.914+0000] {processor.py:153} INFO - Started process (PID=1217) to work on /home/airflow/.local/lib/python3.7/site-packages/airflow/example_dags/example_task_group_decorator.py
[2023-05-11T19:11:23.914+0000] {processor.py:743} INFO - Processing file /home/airflow/.local/lib/python3.7/site-packages/airflow/example_dags/example_task_group_decorator.py for tasks to queue
[2023-05-11T19:11:23.915+0000] {logging_mixin.py:137} INFO - [2023-05-11T19:11:23.914+0000] {dagbag.py:538} INFO - Filling up the DagBag from /home/airflow/.local/lib/python3.7/site-packages/airflow/example_dags/example_task_group_decorator.py
[2023-05-11T19:11:23.930+0000] {processor.py:753} INFO - DAG(s) dict_keys(['example_task_group_decorator']) retrieved from /home/airflow/.local/lib/python3.7/site-packages/airflow/example_dags/example_task_group_decorator.py
[2023-05-11T19:11:23.947+0000] {logging_mixin.py:137} INFO - [2023-05-11T19:11:23.946+0000] {dag.py:2690} INFO - Sync 1 DAGs
[2023-05-11T19:11:23.961+0000] {logging_mixin.py:137} INFO - [2023-05-11T19:11:23.961+0000] {dag.py:3441} INFO - Setting next_dagrun for example_task_group_decorator to 2023-05-10T19:11:23.961222+00:00, run_after=2023-05-11T19:11:23.961222+00:00
[2023-05-11T19:11:23.972+0000] {processor.py:175} INFO - Processing /home/airflow/.local/lib/python3.7/site-packages/airflow/example_dags/example_task_group_decorator.py took 0.060 seconds
[2023-05-11T19:14:00.749+0000] {processor.py:153} INFO - Started process (PID=258) to work on /home/airflow/.local/lib/python3.7/site-packages/airflow/example_dags/example_task_group_decorator.py
[2023-05-11T19:14:00.750+0000] {processor.py:743} INFO - Processing file /home/airflow/.local/lib/python3.7/site-packages/airflow/example_dags/example_task_group_decorator.py for tasks to queue
[2023-05-11T19:14:00.750+0000] {logging_mixin.py:137} INFO - [2023-05-11T19:14:00.750+0000] {dagbag.py:538} INFO - Filling up the DagBag from /home/airflow/.local/lib/python3.7/site-packages/airflow/example_dags/example_task_group_decorator.py
[2023-05-11T19:14:00.772+0000] {processor.py:753} INFO - DAG(s) dict_keys(['example_task_group_decorator']) retrieved from /home/airflow/.local/lib/python3.7/site-packages/airflow/example_dags/example_task_group_decorator.py
[2023-05-11T19:14:00.781+0000] {logging_mixin.py:137} INFO - [2023-05-11T19:14:00.781+0000] {dag.py:2690} INFO - Sync 1 DAGs
[2023-05-11T19:14:00.797+0000] {logging_mixin.py:137} INFO - [2023-05-11T19:14:00.797+0000] {dag.py:3441} INFO - Setting next_dagrun for example_task_group_decorator to 2023-05-10T19:14:00.796918+00:00, run_after=2023-05-11T19:14:00.796918+00:00
[2023-05-11T19:14:00.808+0000] {processor.py:175} INFO - Processing /home/airflow/.local/lib/python3.7/site-packages/airflow/example_dags/example_task_group_decorator.py took 0.060 seconds
[2023-05-11T19:14:31.648+0000] {processor.py:153} INFO - Started process (PID=488) to work on /home/airflow/.local/lib/python3.7/site-packages/airflow/example_dags/example_task_group_decorator.py
[2023-05-11T19:14:31.649+0000] {processor.py:743} INFO - Processing file /home/airflow/.local/lib/python3.7/site-packages/airflow/example_dags/example_task_group_decorator.py for tasks to queue
[2023-05-11T19:14:31.649+0000] {logging_mixin.py:137} INFO - [2023-05-11T19:14:31.649+0000] {dagbag.py:538} INFO - Filling up the DagBag from /home/airflow/.local/lib/python3.7/site-packages/airflow/example_dags/example_task_group_decorator.py
[2023-05-11T19:14:31.673+0000] {processor.py:753} INFO - DAG(s) dict_keys(['example_task_group_decorator']) retrieved from /home/airflow/.local/lib/python3.7/site-packages/airflow/example_dags/example_task_group_decorator.py
[2023-05-11T19:14:31.699+0000] {logging_mixin.py:137} INFO - [2023-05-11T19:14:31.699+0000] {dag.py:2690} INFO - Sync 1 DAGs
[2023-05-11T19:14:31.722+0000] {logging_mixin.py:137} INFO - [2023-05-11T19:14:31.721+0000] {dag.py:3441} INFO - Setting next_dagrun for example_task_group_decorator to 2023-05-10T19:14:31.721698+00:00, run_after=2023-05-11T19:14:31.721698+00:00
[2023-05-11T19:14:31.741+0000] {processor.py:175} INFO - Processing /home/airflow/.local/lib/python3.7/site-packages/airflow/example_dags/example_task_group_decorator.py took 0.096 seconds
[2023-05-11T19:15:01.783+0000] {processor.py:153} INFO - Started process (PID=738) to work on /home/airflow/.local/lib/python3.7/site-packages/airflow/example_dags/example_task_group_decorator.py
[2023-05-11T19:15:01.784+0000] {processor.py:743} INFO - Processing file /home/airflow/.local/lib/python3.7/site-packages/airflow/example_dags/example_task_group_decorator.py for tasks to queue
[2023-05-11T19:15:01.784+0000] {logging_mixin.py:137} INFO - [2023-05-11T19:15:01.784+0000] {dagbag.py:538} INFO - Filling up the DagBag from /home/airflow/.local/lib/python3.7/site-packages/airflow/example_dags/example_task_group_decorator.py
[2023-05-11T19:15:01.801+0000] {processor.py:753} INFO - DAG(s) dict_keys(['example_task_group_decorator']) retrieved from /home/airflow/.local/lib/python3.7/site-packages/airflow/example_dags/example_task_group_decorator.py
[2023-05-11T19:15:01.819+0000] {logging_mixin.py:137} INFO - [2023-05-11T19:15:01.819+0000] {dag.py:2690} INFO - Sync 1 DAGs
[2023-05-11T19:15:01.833+0000] {logging_mixin.py:137} INFO - [2023-05-11T19:15:01.833+0000] {dag.py:3441} INFO - Setting next_dagrun for example_task_group_decorator to 2023-05-10T19:15:01.833365+00:00, run_after=2023-05-11T19:15:01.833365+00:00
[2023-05-11T19:15:01.843+0000] {processor.py:175} INFO - Processing /home/airflow/.local/lib/python3.7/site-packages/airflow/example_dags/example_task_group_decorator.py took 0.062 seconds
[2023-05-11T19:15:32.909+0000] {processor.py:153} INFO - Started process (PID=968) to work on /home/airflow/.local/lib/python3.7/site-packages/airflow/example_dags/example_task_group_decorator.py
[2023-05-11T19:15:32.910+0000] {processor.py:743} INFO - Processing file /home/airflow/.local/lib/python3.7/site-packages/airflow/example_dags/example_task_group_decorator.py for tasks to queue
[2023-05-11T19:15:32.911+0000] {logging_mixin.py:137} INFO - [2023-05-11T19:15:32.911+0000] {dagbag.py:538} INFO - Filling up the DagBag from /home/airflow/.local/lib/python3.7/site-packages/airflow/example_dags/example_task_group_decorator.py
[2023-05-11T19:15:32.948+0000] {processor.py:753} INFO - DAG(s) dict_keys(['example_task_group_decorator']) retrieved from /home/airflow/.local/lib/python3.7/site-packages/airflow/example_dags/example_task_group_decorator.py
[2023-05-11T19:15:32.974+0000] {logging_mixin.py:137} INFO - [2023-05-11T19:15:32.974+0000] {dag.py:2690} INFO - Sync 1 DAGs
[2023-05-11T19:15:32.998+0000] {logging_mixin.py:137} INFO - [2023-05-11T19:15:32.998+0000] {dag.py:3441} INFO - Setting next_dagrun for example_task_group_decorator to 2023-05-10T19:15:32.997867+00:00, run_after=2023-05-11T19:15:32.997867+00:00
[2023-05-11T19:15:33.013+0000] {processor.py:175} INFO - Processing /home/airflow/.local/lib/python3.7/site-packages/airflow/example_dags/example_task_group_decorator.py took 0.107 seconds
[2023-05-11T19:16:03.271+0000] {processor.py:153} INFO - Started process (PID=1214) to work on /home/airflow/.local/lib/python3.7/site-packages/airflow/example_dags/example_task_group_decorator.py
[2023-05-11T19:16:03.272+0000] {processor.py:743} INFO - Processing file /home/airflow/.local/lib/python3.7/site-packages/airflow/example_dags/example_task_group_decorator.py for tasks to queue
[2023-05-11T19:16:03.273+0000] {logging_mixin.py:137} INFO - [2023-05-11T19:16:03.273+0000] {dagbag.py:538} INFO - Filling up the DagBag from /home/airflow/.local/lib/python3.7/site-packages/airflow/example_dags/example_task_group_decorator.py
[2023-05-11T19:16:03.297+0000] {processor.py:753} INFO - DAG(s) dict_keys(['example_task_group_decorator']) retrieved from /home/airflow/.local/lib/python3.7/site-packages/airflow/example_dags/example_task_group_decorator.py
[2023-05-11T19:16:03.321+0000] {logging_mixin.py:137} INFO - [2023-05-11T19:16:03.321+0000] {dag.py:2690} INFO - Sync 1 DAGs
[2023-05-11T19:16:03.346+0000] {logging_mixin.py:137} INFO - [2023-05-11T19:16:03.345+0000] {dag.py:3441} INFO - Setting next_dagrun for example_task_group_decorator to 2023-05-10T19:16:03.345699+00:00, run_after=2023-05-11T19:16:03.345699+00:00
[2023-05-11T19:16:03.363+0000] {processor.py:175} INFO - Processing /home/airflow/.local/lib/python3.7/site-packages/airflow/example_dags/example_task_group_decorator.py took 0.094 seconds
[2023-05-11T19:16:33.666+0000] {processor.py:153} INFO - Started process (PID=1446) to work on /home/airflow/.local/lib/python3.7/site-packages/airflow/example_dags/example_task_group_decorator.py
[2023-05-11T19:16:33.667+0000] {processor.py:743} INFO - Processing file /home/airflow/.local/lib/python3.7/site-packages/airflow/example_dags/example_task_group_decorator.py for tasks to queue
[2023-05-11T19:16:33.668+0000] {logging_mixin.py:137} INFO - [2023-05-11T19:16:33.667+0000] {dagbag.py:538} INFO - Filling up the DagBag from /home/airflow/.local/lib/python3.7/site-packages/airflow/example_dags/example_task_group_decorator.py
[2023-05-11T19:16:33.692+0000] {processor.py:753} INFO - DAG(s) dict_keys(['example_task_group_decorator']) retrieved from /home/airflow/.local/lib/python3.7/site-packages/airflow/example_dags/example_task_group_decorator.py
[2023-05-11T19:16:33.716+0000] {logging_mixin.py:137} INFO - [2023-05-11T19:16:33.716+0000] {dag.py:2690} INFO - Sync 1 DAGs
[2023-05-11T19:16:33.739+0000] {logging_mixin.py:137} INFO - [2023-05-11T19:16:33.739+0000] {dag.py:3441} INFO - Setting next_dagrun for example_task_group_decorator to 2023-05-10T19:16:33.738828+00:00, run_after=2023-05-11T19:16:33.738828+00:00
[2023-05-11T19:16:33.756+0000] {processor.py:175} INFO - Processing /home/airflow/.local/lib/python3.7/site-packages/airflow/example_dags/example_task_group_decorator.py took 0.092 seconds
[2023-05-11T19:17:04.655+0000] {processor.py:153} INFO - Started process (PID=1696) to work on /home/airflow/.local/lib/python3.7/site-packages/airflow/example_dags/example_task_group_decorator.py
[2023-05-11T19:17:04.656+0000] {processor.py:743} INFO - Processing file /home/airflow/.local/lib/python3.7/site-packages/airflow/example_dags/example_task_group_decorator.py for tasks to queue
[2023-05-11T19:17:04.656+0000] {logging_mixin.py:137} INFO - [2023-05-11T19:17:04.656+0000] {dagbag.py:538} INFO - Filling up the DagBag from /home/airflow/.local/lib/python3.7/site-packages/airflow/example_dags/example_task_group_decorator.py
[2023-05-11T19:17:04.672+0000] {processor.py:753} INFO - DAG(s) dict_keys(['example_task_group_decorator']) retrieved from /home/airflow/.local/lib/python3.7/site-packages/airflow/example_dags/example_task_group_decorator.py
[2023-05-11T19:17:04.689+0000] {logging_mixin.py:137} INFO - [2023-05-11T19:17:04.689+0000] {dag.py:2690} INFO - Sync 1 DAGs
[2023-05-11T19:17:04.704+0000] {logging_mixin.py:137} INFO - [2023-05-11T19:17:04.704+0000] {dag.py:3441} INFO - Setting next_dagrun for example_task_group_decorator to 2023-05-10T19:17:04.704544+00:00, run_after=2023-05-11T19:17:04.704544+00:00
[2023-05-11T19:17:04.715+0000] {processor.py:175} INFO - Processing /home/airflow/.local/lib/python3.7/site-packages/airflow/example_dags/example_task_group_decorator.py took 0.062 seconds
[2023-05-11T19:17:34.916+0000] {processor.py:153} INFO - Started process (PID=1940) to work on /home/airflow/.local/lib/python3.7/site-packages/airflow/example_dags/example_task_group_decorator.py
[2023-05-11T19:17:34.917+0000] {processor.py:743} INFO - Processing file /home/airflow/.local/lib/python3.7/site-packages/airflow/example_dags/example_task_group_decorator.py for tasks to queue
[2023-05-11T19:17:34.918+0000] {logging_mixin.py:137} INFO - [2023-05-11T19:17:34.917+0000] {dagbag.py:538} INFO - Filling up the DagBag from /home/airflow/.local/lib/python3.7/site-packages/airflow/example_dags/example_task_group_decorator.py
[2023-05-11T19:17:34.956+0000] {processor.py:753} INFO - DAG(s) dict_keys(['example_task_group_decorator']) retrieved from /home/airflow/.local/lib/python3.7/site-packages/airflow/example_dags/example_task_group_decorator.py
[2023-05-11T19:17:34.992+0000] {logging_mixin.py:137} INFO - [2023-05-11T19:17:34.992+0000] {dag.py:2690} INFO - Sync 1 DAGs
[2023-05-11T19:17:35.021+0000] {logging_mixin.py:137} INFO - [2023-05-11T19:17:35.021+0000] {dag.py:3441} INFO - Setting next_dagrun for example_task_group_decorator to 2023-05-10T19:17:35.021208+00:00, run_after=2023-05-11T19:17:35.021208+00:00
[2023-05-11T19:17:35.037+0000] {processor.py:175} INFO - Processing /home/airflow/.local/lib/python3.7/site-packages/airflow/example_dags/example_task_group_decorator.py took 0.125 seconds
[2023-05-11T19:18:05.421+0000] {processor.py:153} INFO - Started process (PID=2181) to work on /home/airflow/.local/lib/python3.7/site-packages/airflow/example_dags/example_task_group_decorator.py
[2023-05-11T19:18:05.421+0000] {processor.py:743} INFO - Processing file /home/airflow/.local/lib/python3.7/site-packages/airflow/example_dags/example_task_group_decorator.py for tasks to queue
[2023-05-11T19:18:05.422+0000] {logging_mixin.py:137} INFO - [2023-05-11T19:18:05.422+0000] {dagbag.py:538} INFO - Filling up the DagBag from /home/airflow/.local/lib/python3.7/site-packages/airflow/example_dags/example_task_group_decorator.py
[2023-05-11T19:18:05.439+0000] {processor.py:753} INFO - DAG(s) dict_keys(['example_task_group_decorator']) retrieved from /home/airflow/.local/lib/python3.7/site-packages/airflow/example_dags/example_task_group_decorator.py
[2023-05-11T19:18:05.456+0000] {logging_mixin.py:137} INFO - [2023-05-11T19:18:05.456+0000] {dag.py:2690} INFO - Sync 1 DAGs
[2023-05-11T19:18:05.474+0000] {logging_mixin.py:137} INFO - [2023-05-11T19:18:05.474+0000] {dag.py:3441} INFO - Setting next_dagrun for example_task_group_decorator to 2023-05-10T19:18:05.474454+00:00, run_after=2023-05-11T19:18:05.474454+00:00
[2023-05-11T19:18:05.491+0000] {processor.py:175} INFO - Processing /home/airflow/.local/lib/python3.7/site-packages/airflow/example_dags/example_task_group_decorator.py took 0.071 seconds
[2023-05-11T19:18:35.887+0000] {processor.py:153} INFO - Started process (PID=2425) to work on /home/airflow/.local/lib/python3.7/site-packages/airflow/example_dags/example_task_group_decorator.py
[2023-05-11T19:18:35.888+0000] {processor.py:743} INFO - Processing file /home/airflow/.local/lib/python3.7/site-packages/airflow/example_dags/example_task_group_decorator.py for tasks to queue
[2023-05-11T19:18:35.888+0000] {logging_mixin.py:137} INFO - [2023-05-11T19:18:35.888+0000] {dagbag.py:538} INFO - Filling up the DagBag from /home/airflow/.local/lib/python3.7/site-packages/airflow/example_dags/example_task_group_decorator.py
[2023-05-11T19:18:35.926+0000] {processor.py:753} INFO - DAG(s) dict_keys(['example_task_group_decorator']) retrieved from /home/airflow/.local/lib/python3.7/site-packages/airflow/example_dags/example_task_group_decorator.py
[2023-05-11T19:18:35.963+0000] {logging_mixin.py:137} INFO - [2023-05-11T19:18:35.963+0000] {dag.py:2690} INFO - Sync 1 DAGs
[2023-05-11T19:18:35.999+0000] {logging_mixin.py:137} INFO - [2023-05-11T19:18:35.998+0000] {dag.py:3441} INFO - Setting next_dagrun for example_task_group_decorator to 2023-05-10T19:18:35.998704+00:00, run_after=2023-05-11T19:18:35.998704+00:00
[2023-05-11T19:18:36.026+0000] {processor.py:175} INFO - Processing /home/airflow/.local/lib/python3.7/site-packages/airflow/example_dags/example_task_group_decorator.py took 0.143 seconds
[2023-05-11T19:19:06.410+0000] {processor.py:153} INFO - Started process (PID=2662) to work on /home/airflow/.local/lib/python3.7/site-packages/airflow/example_dags/example_task_group_decorator.py
[2023-05-11T19:19:06.411+0000] {processor.py:743} INFO - Processing file /home/airflow/.local/lib/python3.7/site-packages/airflow/example_dags/example_task_group_decorator.py for tasks to queue
[2023-05-11T19:19:06.412+0000] {logging_mixin.py:137} INFO - [2023-05-11T19:19:06.411+0000] {dagbag.py:538} INFO - Filling up the DagBag from /home/airflow/.local/lib/python3.7/site-packages/airflow/example_dags/example_task_group_decorator.py
[2023-05-11T19:19:06.436+0000] {processor.py:753} INFO - DAG(s) dict_keys(['example_task_group_decorator']) retrieved from /home/airflow/.local/lib/python3.7/site-packages/airflow/example_dags/example_task_group_decorator.py
[2023-05-11T19:19:06.460+0000] {logging_mixin.py:137} INFO - [2023-05-11T19:19:06.459+0000] {dag.py:2690} INFO - Sync 1 DAGs
[2023-05-11T19:19:06.481+0000] {logging_mixin.py:137} INFO - [2023-05-11T19:19:06.481+0000] {dag.py:3441} INFO - Setting next_dagrun for example_task_group_decorator to 2023-05-10T19:19:06.480965+00:00, run_after=2023-05-11T19:19:06.480965+00:00
[2023-05-11T19:19:06.497+0000] {processor.py:175} INFO - Processing /home/airflow/.local/lib/python3.7/site-packages/airflow/example_dags/example_task_group_decorator.py took 0.089 seconds
[2023-05-11T19:19:36.972+0000] {processor.py:153} INFO - Started process (PID=2910) to work on /home/airflow/.local/lib/python3.7/site-packages/airflow/example_dags/example_task_group_decorator.py
[2023-05-11T19:19:36.984+0000] {processor.py:743} INFO - Processing file /home/airflow/.local/lib/python3.7/site-packages/airflow/example_dags/example_task_group_decorator.py for tasks to queue
[2023-05-11T19:19:36.985+0000] {logging_mixin.py:137} INFO - [2023-05-11T19:19:36.985+0000] {dagbag.py:538} INFO - Filling up the DagBag from /home/airflow/.local/lib/python3.7/site-packages/airflow/example_dags/example_task_group_decorator.py
[2023-05-11T19:19:37.042+0000] {processor.py:753} INFO - DAG(s) dict_keys(['example_task_group_decorator']) retrieved from /home/airflow/.local/lib/python3.7/site-packages/airflow/example_dags/example_task_group_decorator.py
[2023-05-11T19:19:37.073+0000] {logging_mixin.py:137} INFO - [2023-05-11T19:19:37.072+0000] {dag.py:2690} INFO - Sync 1 DAGs
[2023-05-11T19:19:37.103+0000] {logging_mixin.py:137} INFO - [2023-05-11T19:19:37.103+0000] {dag.py:3441} INFO - Setting next_dagrun for example_task_group_decorator to 2023-05-10T19:19:37.103352+00:00, run_after=2023-05-11T19:19:37.103352+00:00
[2023-05-11T19:19:37.126+0000] {processor.py:175} INFO - Processing /home/airflow/.local/lib/python3.7/site-packages/airflow/example_dags/example_task_group_decorator.py took 0.157 seconds
[2023-05-11T19:20:07.482+0000] {processor.py:153} INFO - Started process (PID=3142) to work on /home/airflow/.local/lib/python3.7/site-packages/airflow/example_dags/example_task_group_decorator.py
[2023-05-11T19:20:07.483+0000] {processor.py:743} INFO - Processing file /home/airflow/.local/lib/python3.7/site-packages/airflow/example_dags/example_task_group_decorator.py for tasks to queue
[2023-05-11T19:20:07.483+0000] {logging_mixin.py:137} INFO - [2023-05-11T19:20:07.483+0000] {dagbag.py:538} INFO - Filling up the DagBag from /home/airflow/.local/lib/python3.7/site-packages/airflow/example_dags/example_task_group_decorator.py
[2023-05-11T19:20:07.509+0000] {processor.py:753} INFO - DAG(s) dict_keys(['example_task_group_decorator']) retrieved from /home/airflow/.local/lib/python3.7/site-packages/airflow/example_dags/example_task_group_decorator.py
[2023-05-11T19:20:07.534+0000] {logging_mixin.py:137} INFO - [2023-05-11T19:20:07.534+0000] {dag.py:2690} INFO - Sync 1 DAGs
[2023-05-11T19:20:07.557+0000] {logging_mixin.py:137} INFO - [2023-05-11T19:20:07.557+0000] {dag.py:3441} INFO - Setting next_dagrun for example_task_group_decorator to 2023-05-10T19:20:07.557066+00:00, run_after=2023-05-11T19:20:07.557066+00:00
[2023-05-11T19:20:07.574+0000] {processor.py:175} INFO - Processing /home/airflow/.local/lib/python3.7/site-packages/airflow/example_dags/example_task_group_decorator.py took 0.094 seconds
[2023-05-11T19:20:37.999+0000] {processor.py:153} INFO - Started process (PID=3390) to work on /home/airflow/.local/lib/python3.7/site-packages/airflow/example_dags/example_task_group_decorator.py
[2023-05-11T19:20:38.000+0000] {processor.py:743} INFO - Processing file /home/airflow/.local/lib/python3.7/site-packages/airflow/example_dags/example_task_group_decorator.py for tasks to queue
[2023-05-11T19:20:38.000+0000] {logging_mixin.py:137} INFO - [2023-05-11T19:20:38.000+0000] {dagbag.py:538} INFO - Filling up the DagBag from /home/airflow/.local/lib/python3.7/site-packages/airflow/example_dags/example_task_group_decorator.py
[2023-05-11T19:20:38.021+0000] {processor.py:753} INFO - DAG(s) dict_keys(['example_task_group_decorator']) retrieved from /home/airflow/.local/lib/python3.7/site-packages/airflow/example_dags/example_task_group_decorator.py
[2023-05-11T19:20:38.060+0000] {logging_mixin.py:137} INFO - [2023-05-11T19:20:38.060+0000] {dag.py:2690} INFO - Sync 1 DAGs
[2023-05-11T19:20:38.076+0000] {logging_mixin.py:137} INFO - [2023-05-11T19:20:38.076+0000] {dag.py:3441} INFO - Setting next_dagrun for example_task_group_decorator to 2023-05-10T19:20:38.076396+00:00, run_after=2023-05-11T19:20:38.076396+00:00
[2023-05-11T19:20:38.092+0000] {processor.py:175} INFO - Processing /home/airflow/.local/lib/python3.7/site-packages/airflow/example_dags/example_task_group_decorator.py took 0.095 seconds
[2023-05-11T19:21:08.295+0000] {processor.py:153} INFO - Started process (PID=3622) to work on /home/airflow/.local/lib/python3.7/site-packages/airflow/example_dags/example_task_group_decorator.py
[2023-05-11T19:21:08.296+0000] {processor.py:743} INFO - Processing file /home/airflow/.local/lib/python3.7/site-packages/airflow/example_dags/example_task_group_decorator.py for tasks to queue
[2023-05-11T19:21:08.296+0000] {logging_mixin.py:137} INFO - [2023-05-11T19:21:08.296+0000] {dagbag.py:538} INFO - Filling up the DagBag from /home/airflow/.local/lib/python3.7/site-packages/airflow/example_dags/example_task_group_decorator.py
[2023-05-11T19:21:08.321+0000] {processor.py:753} INFO - DAG(s) dict_keys(['example_task_group_decorator']) retrieved from /home/airflow/.local/lib/python3.7/site-packages/airflow/example_dags/example_task_group_decorator.py
[2023-05-11T19:21:08.346+0000] {logging_mixin.py:137} INFO - [2023-05-11T19:21:08.345+0000] {dag.py:2690} INFO - Sync 1 DAGs
[2023-05-11T19:21:08.369+0000] {logging_mixin.py:137} INFO - [2023-05-11T19:21:08.368+0000] {dag.py:3441} INFO - Setting next_dagrun for example_task_group_decorator to 2023-05-10T19:21:08.368736+00:00, run_after=2023-05-11T19:21:08.368736+00:00
[2023-05-11T19:21:08.386+0000] {processor.py:175} INFO - Processing /home/airflow/.local/lib/python3.7/site-packages/airflow/example_dags/example_task_group_decorator.py took 0.094 seconds
[2023-05-11T19:21:39.012+0000] {processor.py:153} INFO - Started process (PID=3870) to work on /home/airflow/.local/lib/python3.7/site-packages/airflow/example_dags/example_task_group_decorator.py
[2023-05-11T19:21:39.013+0000] {processor.py:743} INFO - Processing file /home/airflow/.local/lib/python3.7/site-packages/airflow/example_dags/example_task_group_decorator.py for tasks to queue
[2023-05-11T19:21:39.013+0000] {logging_mixin.py:137} INFO - [2023-05-11T19:21:39.013+0000] {dagbag.py:538} INFO - Filling up the DagBag from /home/airflow/.local/lib/python3.7/site-packages/airflow/example_dags/example_task_group_decorator.py
[2023-05-11T19:21:39.039+0000] {processor.py:753} INFO - DAG(s) dict_keys(['example_task_group_decorator']) retrieved from /home/airflow/.local/lib/python3.7/site-packages/airflow/example_dags/example_task_group_decorator.py
[2023-05-11T19:21:39.076+0000] {logging_mixin.py:137} INFO - [2023-05-11T19:21:39.076+0000] {dag.py:2690} INFO - Sync 1 DAGs
[2023-05-11T19:21:39.103+0000] {logging_mixin.py:137} INFO - [2023-05-11T19:21:39.103+0000] {dag.py:3441} INFO - Setting next_dagrun for example_task_group_decorator to 2023-05-10T19:21:39.103405+00:00, run_after=2023-05-11T19:21:39.103405+00:00
[2023-05-11T19:21:39.123+0000] {processor.py:175} INFO - Processing /home/airflow/.local/lib/python3.7/site-packages/airflow/example_dags/example_task_group_decorator.py took 0.113 seconds
[2023-05-11T19:22:09.216+0000] {processor.py:153} INFO - Started process (PID=4102) to work on /home/airflow/.local/lib/python3.7/site-packages/airflow/example_dags/example_task_group_decorator.py
[2023-05-11T19:22:09.217+0000] {processor.py:743} INFO - Processing file /home/airflow/.local/lib/python3.7/site-packages/airflow/example_dags/example_task_group_decorator.py for tasks to queue
[2023-05-11T19:22:09.218+0000] {logging_mixin.py:137} INFO - [2023-05-11T19:22:09.217+0000] {dagbag.py:538} INFO - Filling up the DagBag from /home/airflow/.local/lib/python3.7/site-packages/airflow/example_dags/example_task_group_decorator.py
[2023-05-11T19:22:09.243+0000] {processor.py:753} INFO - DAG(s) dict_keys(['example_task_group_decorator']) retrieved from /home/airflow/.local/lib/python3.7/site-packages/airflow/example_dags/example_task_group_decorator.py
[2023-05-11T19:22:09.267+0000] {logging_mixin.py:137} INFO - [2023-05-11T19:22:09.267+0000] {dag.py:2690} INFO - Sync 1 DAGs
[2023-05-11T19:22:09.291+0000] {logging_mixin.py:137} INFO - [2023-05-11T19:22:09.291+0000] {dag.py:3441} INFO - Setting next_dagrun for example_task_group_decorator to 2023-05-10T19:22:09.291267+00:00, run_after=2023-05-11T19:22:09.291267+00:00
[2023-05-11T19:22:09.307+0000] {processor.py:175} INFO - Processing /home/airflow/.local/lib/python3.7/site-packages/airflow/example_dags/example_task_group_decorator.py took 0.095 seconds
[2023-05-11T19:22:39.637+0000] {processor.py:153} INFO - Started process (PID=4353) to work on /home/airflow/.local/lib/python3.7/site-packages/airflow/example_dags/example_task_group_decorator.py
[2023-05-11T19:22:39.638+0000] {processor.py:743} INFO - Processing file /home/airflow/.local/lib/python3.7/site-packages/airflow/example_dags/example_task_group_decorator.py for tasks to queue
[2023-05-11T19:22:39.638+0000] {logging_mixin.py:137} INFO - [2023-05-11T19:22:39.638+0000] {dagbag.py:538} INFO - Filling up the DagBag from /home/airflow/.local/lib/python3.7/site-packages/airflow/example_dags/example_task_group_decorator.py
[2023-05-11T19:22:39.663+0000] {processor.py:753} INFO - DAG(s) dict_keys(['example_task_group_decorator']) retrieved from /home/airflow/.local/lib/python3.7/site-packages/airflow/example_dags/example_task_group_decorator.py
[2023-05-11T19:22:39.689+0000] {logging_mixin.py:137} INFO - [2023-05-11T19:22:39.688+0000] {dag.py:2690} INFO - Sync 1 DAGs
[2023-05-11T19:22:39.710+0000] {logging_mixin.py:137} INFO - [2023-05-11T19:22:39.710+0000] {dag.py:3441} INFO - Setting next_dagrun for example_task_group_decorator to 2023-05-10T19:22:39.710600+00:00, run_after=2023-05-11T19:22:39.710600+00:00
[2023-05-11T19:22:39.727+0000] {processor.py:175} INFO - Processing /home/airflow/.local/lib/python3.7/site-packages/airflow/example_dags/example_task_group_decorator.py took 0.093 seconds
[2023-05-11T19:23:10.129+0000] {processor.py:153} INFO - Started process (PID=4585) to work on /home/airflow/.local/lib/python3.7/site-packages/airflow/example_dags/example_task_group_decorator.py
[2023-05-11T19:23:10.130+0000] {processor.py:743} INFO - Processing file /home/airflow/.local/lib/python3.7/site-packages/airflow/example_dags/example_task_group_decorator.py for tasks to queue
[2023-05-11T19:23:10.130+0000] {logging_mixin.py:137} INFO - [2023-05-11T19:23:10.130+0000] {dagbag.py:538} INFO - Filling up the DagBag from /home/airflow/.local/lib/python3.7/site-packages/airflow/example_dags/example_task_group_decorator.py
[2023-05-11T19:23:10.155+0000] {processor.py:753} INFO - DAG(s) dict_keys(['example_task_group_decorator']) retrieved from /home/airflow/.local/lib/python3.7/site-packages/airflow/example_dags/example_task_group_decorator.py
[2023-05-11T19:23:10.180+0000] {logging_mixin.py:137} INFO - [2023-05-11T19:23:10.179+0000] {dag.py:2690} INFO - Sync 1 DAGs
[2023-05-11T19:23:10.203+0000] {logging_mixin.py:137} INFO - [2023-05-11T19:23:10.203+0000] {dag.py:3441} INFO - Setting next_dagrun for example_task_group_decorator to 2023-05-10T19:23:10.202854+00:00, run_after=2023-05-11T19:23:10.202854+00:00
[2023-05-11T19:23:10.221+0000] {processor.py:175} INFO - Processing /home/airflow/.local/lib/python3.7/site-packages/airflow/example_dags/example_task_group_decorator.py took 0.095 seconds
[2023-05-11T19:23:41.057+0000] {processor.py:153} INFO - Started process (PID=4833) to work on /home/airflow/.local/lib/python3.7/site-packages/airflow/example_dags/example_task_group_decorator.py
[2023-05-11T19:23:41.057+0000] {processor.py:743} INFO - Processing file /home/airflow/.local/lib/python3.7/site-packages/airflow/example_dags/example_task_group_decorator.py for tasks to queue
[2023-05-11T19:23:41.058+0000] {logging_mixin.py:137} INFO - [2023-05-11T19:23:41.058+0000] {dagbag.py:538} INFO - Filling up the DagBag from /home/airflow/.local/lib/python3.7/site-packages/airflow/example_dags/example_task_group_decorator.py
[2023-05-11T19:23:41.094+0000] {processor.py:753} INFO - DAG(s) dict_keys(['example_task_group_decorator']) retrieved from /home/airflow/.local/lib/python3.7/site-packages/airflow/example_dags/example_task_group_decorator.py
[2023-05-11T19:23:41.136+0000] {logging_mixin.py:137} INFO - [2023-05-11T19:23:41.135+0000] {dag.py:2690} INFO - Sync 1 DAGs
[2023-05-11T19:23:41.168+0000] {logging_mixin.py:137} INFO - [2023-05-11T19:23:41.167+0000] {dag.py:3441} INFO - Setting next_dagrun for example_task_group_decorator to 2023-05-10T19:23:41.167547+00:00, run_after=2023-05-11T19:23:41.167547+00:00
[2023-05-11T19:23:41.212+0000] {processor.py:175} INFO - Processing /home/airflow/.local/lib/python3.7/site-packages/airflow/example_dags/example_task_group_decorator.py took 0.158 seconds
[2023-05-11T19:24:11.891+0000] {processor.py:153} INFO - Started process (PID=5066) to work on /home/airflow/.local/lib/python3.7/site-packages/airflow/example_dags/example_task_group_decorator.py
[2023-05-11T19:24:11.891+0000] {processor.py:743} INFO - Processing file /home/airflow/.local/lib/python3.7/site-packages/airflow/example_dags/example_task_group_decorator.py for tasks to queue
[2023-05-11T19:24:11.892+0000] {logging_mixin.py:137} INFO - [2023-05-11T19:24:11.892+0000] {dagbag.py:538} INFO - Filling up the DagBag from /home/airflow/.local/lib/python3.7/site-packages/airflow/example_dags/example_task_group_decorator.py
[2023-05-11T19:24:11.917+0000] {processor.py:753} INFO - DAG(s) dict_keys(['example_task_group_decorator']) retrieved from /home/airflow/.local/lib/python3.7/site-packages/airflow/example_dags/example_task_group_decorator.py
[2023-05-11T19:24:11.941+0000] {logging_mixin.py:137} INFO - [2023-05-11T19:24:11.941+0000] {dag.py:2690} INFO - Sync 1 DAGs
[2023-05-11T19:24:11.963+0000] {logging_mixin.py:137} INFO - [2023-05-11T19:24:11.963+0000] {dag.py:3441} INFO - Setting next_dagrun for example_task_group_decorator to 2023-05-10T19:24:11.962996+00:00, run_after=2023-05-11T19:24:11.962996+00:00
[2023-05-11T19:24:11.980+0000] {processor.py:175} INFO - Processing /home/airflow/.local/lib/python3.7/site-packages/airflow/example_dags/example_task_group_decorator.py took 0.091 seconds
[2023-05-11T19:24:42.398+0000] {processor.py:153} INFO - Started process (PID=5314) to work on /home/airflow/.local/lib/python3.7/site-packages/airflow/example_dags/example_task_group_decorator.py
[2023-05-11T19:24:42.399+0000] {processor.py:743} INFO - Processing file /home/airflow/.local/lib/python3.7/site-packages/airflow/example_dags/example_task_group_decorator.py for tasks to queue
[2023-05-11T19:24:42.399+0000] {logging_mixin.py:137} INFO - [2023-05-11T19:24:42.399+0000] {dagbag.py:538} INFO - Filling up the DagBag from /home/airflow/.local/lib/python3.7/site-packages/airflow/example_dags/example_task_group_decorator.py
[2023-05-11T19:24:42.430+0000] {processor.py:753} INFO - DAG(s) dict_keys(['example_task_group_decorator']) retrieved from /home/airflow/.local/lib/python3.7/site-packages/airflow/example_dags/example_task_group_decorator.py
[2023-05-11T19:24:42.457+0000] {logging_mixin.py:137} INFO - [2023-05-11T19:24:42.456+0000] {dag.py:2690} INFO - Sync 1 DAGs
[2023-05-11T19:24:42.479+0000] {logging_mixin.py:137} INFO - [2023-05-11T19:24:42.478+0000] {dag.py:3441} INFO - Setting next_dagrun for example_task_group_decorator to 2023-05-10T19:24:42.478705+00:00, run_after=2023-05-11T19:24:42.478705+00:00
[2023-05-11T19:24:42.493+0000] {processor.py:175} INFO - Processing /home/airflow/.local/lib/python3.7/site-packages/airflow/example_dags/example_task_group_decorator.py took 0.098 seconds
[2023-05-11T19:25:27.954+0000] {processor.py:153} INFO - Started process (PID=254) to work on /home/airflow/.local/lib/python3.7/site-packages/airflow/example_dags/example_task_group_decorator.py
[2023-05-11T19:25:27.955+0000] {processor.py:743} INFO - Processing file /home/airflow/.local/lib/python3.7/site-packages/airflow/example_dags/example_task_group_decorator.py for tasks to queue
[2023-05-11T19:25:27.956+0000] {logging_mixin.py:137} INFO - [2023-05-11T19:25:27.956+0000] {dagbag.py:538} INFO - Filling up the DagBag from /home/airflow/.local/lib/python3.7/site-packages/airflow/example_dags/example_task_group_decorator.py
[2023-05-11T19:25:27.984+0000] {processor.py:753} INFO - DAG(s) dict_keys(['example_task_group_decorator']) retrieved from /home/airflow/.local/lib/python3.7/site-packages/airflow/example_dags/example_task_group_decorator.py
[2023-05-11T19:25:28.025+0000] {logging_mixin.py:137} INFO - [2023-05-11T19:25:28.025+0000] {dag.py:2690} INFO - Sync 1 DAGs
[2023-05-11T19:25:28.048+0000] {logging_mixin.py:137} INFO - [2023-05-11T19:25:28.048+0000] {dag.py:3441} INFO - Setting next_dagrun for example_task_group_decorator to 2023-05-10T19:25:28.048140+00:00, run_after=2023-05-11T19:25:28.048140+00:00
[2023-05-11T19:25:28.066+0000] {processor.py:175} INFO - Processing /home/airflow/.local/lib/python3.7/site-packages/airflow/example_dags/example_task_group_decorator.py took 0.115 seconds
[2023-05-11T19:25:58.133+0000] {processor.py:153} INFO - Started process (PID=486) to work on /home/airflow/.local/lib/python3.7/site-packages/airflow/example_dags/example_task_group_decorator.py
[2023-05-11T19:25:58.134+0000] {processor.py:743} INFO - Processing file /home/airflow/.local/lib/python3.7/site-packages/airflow/example_dags/example_task_group_decorator.py for tasks to queue
[2023-05-11T19:25:58.134+0000] {logging_mixin.py:137} INFO - [2023-05-11T19:25:58.134+0000] {dagbag.py:538} INFO - Filling up the DagBag from /home/airflow/.local/lib/python3.7/site-packages/airflow/example_dags/example_task_group_decorator.py
[2023-05-11T19:25:58.153+0000] {processor.py:753} INFO - DAG(s) dict_keys(['example_task_group_decorator']) retrieved from /home/airflow/.local/lib/python3.7/site-packages/airflow/example_dags/example_task_group_decorator.py
[2023-05-11T19:25:58.171+0000] {logging_mixin.py:137} INFO - [2023-05-11T19:25:58.171+0000] {dag.py:2690} INFO - Sync 1 DAGs
[2023-05-11T19:25:58.188+0000] {logging_mixin.py:137} INFO - [2023-05-11T19:25:58.187+0000] {dag.py:3441} INFO - Setting next_dagrun for example_task_group_decorator to 2023-05-10T19:25:58.187842+00:00, run_after=2023-05-11T19:25:58.187842+00:00
[2023-05-11T19:25:58.200+0000] {processor.py:175} INFO - Processing /home/airflow/.local/lib/python3.7/site-packages/airflow/example_dags/example_task_group_decorator.py took 0.068 seconds
[2023-05-11T19:26:29.264+0000] {processor.py:153} INFO - Started process (PID=734) to work on /home/airflow/.local/lib/python3.7/site-packages/airflow/example_dags/example_task_group_decorator.py
[2023-05-11T19:26:29.265+0000] {processor.py:743} INFO - Processing file /home/airflow/.local/lib/python3.7/site-packages/airflow/example_dags/example_task_group_decorator.py for tasks to queue
[2023-05-11T19:26:29.266+0000] {logging_mixin.py:137} INFO - [2023-05-11T19:26:29.265+0000] {dagbag.py:538} INFO - Filling up the DagBag from /home/airflow/.local/lib/python3.7/site-packages/airflow/example_dags/example_task_group_decorator.py
[2023-05-11T19:26:29.305+0000] {processor.py:753} INFO - DAG(s) dict_keys(['example_task_group_decorator']) retrieved from /home/airflow/.local/lib/python3.7/site-packages/airflow/example_dags/example_task_group_decorator.py
[2023-05-11T19:26:29.340+0000] {logging_mixin.py:137} INFO - [2023-05-11T19:26:29.340+0000] {dag.py:2690} INFO - Sync 1 DAGs
[2023-05-11T19:26:29.364+0000] {logging_mixin.py:137} INFO - [2023-05-11T19:26:29.364+0000] {dag.py:3441} INFO - Setting next_dagrun for example_task_group_decorator to 2023-05-10T19:26:29.363887+00:00, run_after=2023-05-11T19:26:29.363887+00:00
[2023-05-11T19:26:29.386+0000] {processor.py:175} INFO - Processing /home/airflow/.local/lib/python3.7/site-packages/airflow/example_dags/example_task_group_decorator.py took 0.126 seconds
[2023-05-11T19:26:59.754+0000] {processor.py:153} INFO - Started process (PID=968) to work on /home/airflow/.local/lib/python3.7/site-packages/airflow/example_dags/example_task_group_decorator.py
[2023-05-11T19:26:59.755+0000] {processor.py:743} INFO - Processing file /home/airflow/.local/lib/python3.7/site-packages/airflow/example_dags/example_task_group_decorator.py for tasks to queue
[2023-05-11T19:26:59.755+0000] {logging_mixin.py:137} INFO - [2023-05-11T19:26:59.755+0000] {dagbag.py:538} INFO - Filling up the DagBag from /home/airflow/.local/lib/python3.7/site-packages/airflow/example_dags/example_task_group_decorator.py
[2023-05-11T19:26:59.779+0000] {processor.py:753} INFO - DAG(s) dict_keys(['example_task_group_decorator']) retrieved from /home/airflow/.local/lib/python3.7/site-packages/airflow/example_dags/example_task_group_decorator.py
[2023-05-11T19:26:59.804+0000] {logging_mixin.py:137} INFO - [2023-05-11T19:26:59.804+0000] {dag.py:2690} INFO - Sync 1 DAGs
[2023-05-11T19:26:59.826+0000] {logging_mixin.py:137} INFO - [2023-05-11T19:26:59.826+0000] {dag.py:3441} INFO - Setting next_dagrun for example_task_group_decorator to 2023-05-10T19:26:59.826239+00:00, run_after=2023-05-11T19:26:59.826239+00:00
[2023-05-11T19:26:59.842+0000] {processor.py:175} INFO - Processing /home/airflow/.local/lib/python3.7/site-packages/airflow/example_dags/example_task_group_decorator.py took 0.091 seconds
[2023-05-11T19:27:30.194+0000] {processor.py:153} INFO - Started process (PID=1214) to work on /home/airflow/.local/lib/python3.7/site-packages/airflow/example_dags/example_task_group_decorator.py
[2023-05-11T19:27:30.195+0000] {processor.py:743} INFO - Processing file /home/airflow/.local/lib/python3.7/site-packages/airflow/example_dags/example_task_group_decorator.py for tasks to queue
[2023-05-11T19:27:30.195+0000] {logging_mixin.py:137} INFO - [2023-05-11T19:27:30.195+0000] {dagbag.py:538} INFO - Filling up the DagBag from /home/airflow/.local/lib/python3.7/site-packages/airflow/example_dags/example_task_group_decorator.py
[2023-05-11T19:27:30.215+0000] {processor.py:753} INFO - DAG(s) dict_keys(['example_task_group_decorator']) retrieved from /home/airflow/.local/lib/python3.7/site-packages/airflow/example_dags/example_task_group_decorator.py
[2023-05-11T19:27:30.233+0000] {logging_mixin.py:137} INFO - [2023-05-11T19:27:30.232+0000] {dag.py:2690} INFO - Sync 1 DAGs
[2023-05-11T19:27:30.248+0000] {logging_mixin.py:137} INFO - [2023-05-11T19:27:30.248+0000] {dag.py:3441} INFO - Setting next_dagrun for example_task_group_decorator to 2023-05-10T19:27:30.247927+00:00, run_after=2023-05-11T19:27:30.247927+00:00
[2023-05-11T19:27:30.259+0000] {processor.py:175} INFO - Processing /home/airflow/.local/lib/python3.7/site-packages/airflow/example_dags/example_task_group_decorator.py took 0.067 seconds
[2023-05-11T19:28:01.347+0000] {processor.py:153} INFO - Started process (PID=1446) to work on /home/airflow/.local/lib/python3.7/site-packages/airflow/example_dags/example_task_group_decorator.py
[2023-05-11T19:28:01.347+0000] {processor.py:743} INFO - Processing file /home/airflow/.local/lib/python3.7/site-packages/airflow/example_dags/example_task_group_decorator.py for tasks to queue
[2023-05-11T19:28:01.348+0000] {logging_mixin.py:137} INFO - [2023-05-11T19:28:01.348+0000] {dagbag.py:538} INFO - Filling up the DagBag from /home/airflow/.local/lib/python3.7/site-packages/airflow/example_dags/example_task_group_decorator.py
[2023-05-11T19:28:01.375+0000] {processor.py:753} INFO - DAG(s) dict_keys(['example_task_group_decorator']) retrieved from /home/airflow/.local/lib/python3.7/site-packages/airflow/example_dags/example_task_group_decorator.py
[2023-05-11T19:28:01.399+0000] {logging_mixin.py:137} INFO - [2023-05-11T19:28:01.399+0000] {dag.py:2690} INFO - Sync 1 DAGs
[2023-05-11T19:28:01.422+0000] {logging_mixin.py:137} INFO - [2023-05-11T19:28:01.422+0000] {dag.py:3441} INFO - Setting next_dagrun for example_task_group_decorator to 2023-05-10T19:28:01.421850+00:00, run_after=2023-05-11T19:28:01.421850+00:00
[2023-05-11T19:28:01.438+0000] {processor.py:175} INFO - Processing /home/airflow/.local/lib/python3.7/site-packages/airflow/example_dags/example_task_group_decorator.py took 0.094 seconds
[2023-05-11T19:28:31.568+0000] {processor.py:153} INFO - Started process (PID=1694) to work on /home/airflow/.local/lib/python3.7/site-packages/airflow/example_dags/example_task_group_decorator.py
[2023-05-11T19:28:31.569+0000] {processor.py:743} INFO - Processing file /home/airflow/.local/lib/python3.7/site-packages/airflow/example_dags/example_task_group_decorator.py for tasks to queue
[2023-05-11T19:28:31.569+0000] {logging_mixin.py:137} INFO - [2023-05-11T19:28:31.569+0000] {dagbag.py:538} INFO - Filling up the DagBag from /home/airflow/.local/lib/python3.7/site-packages/airflow/example_dags/example_task_group_decorator.py
[2023-05-11T19:28:31.590+0000] {processor.py:753} INFO - DAG(s) dict_keys(['example_task_group_decorator']) retrieved from /home/airflow/.local/lib/python3.7/site-packages/airflow/example_dags/example_task_group_decorator.py
[2023-05-11T19:28:31.608+0000] {logging_mixin.py:137} INFO - [2023-05-11T19:28:31.608+0000] {dag.py:2690} INFO - Sync 1 DAGs
[2023-05-11T19:28:31.626+0000] {logging_mixin.py:137} INFO - [2023-05-11T19:28:31.626+0000] {dag.py:3441} INFO - Setting next_dagrun for example_task_group_decorator to 2023-05-10T19:28:31.626299+00:00, run_after=2023-05-11T19:28:31.626299+00:00
[2023-05-11T19:28:31.639+0000] {processor.py:175} INFO - Processing /home/airflow/.local/lib/python3.7/site-packages/airflow/example_dags/example_task_group_decorator.py took 0.073 seconds
[2023-05-11T19:29:01.941+0000] {processor.py:153} INFO - Started process (PID=1929) to work on /home/airflow/.local/lib/python3.7/site-packages/airflow/example_dags/example_task_group_decorator.py
[2023-05-11T19:29:01.942+0000] {processor.py:743} INFO - Processing file /home/airflow/.local/lib/python3.7/site-packages/airflow/example_dags/example_task_group_decorator.py for tasks to queue
[2023-05-11T19:29:01.942+0000] {logging_mixin.py:137} INFO - [2023-05-11T19:29:01.942+0000] {dagbag.py:538} INFO - Filling up the DagBag from /home/airflow/.local/lib/python3.7/site-packages/airflow/example_dags/example_task_group_decorator.py
[2023-05-11T19:29:01.967+0000] {processor.py:753} INFO - DAG(s) dict_keys(['example_task_group_decorator']) retrieved from /home/airflow/.local/lib/python3.7/site-packages/airflow/example_dags/example_task_group_decorator.py
[2023-05-11T19:29:01.990+0000] {logging_mixin.py:137} INFO - [2023-05-11T19:29:01.990+0000] {dag.py:2690} INFO - Sync 1 DAGs
[2023-05-11T19:29:02.012+0000] {logging_mixin.py:137} INFO - [2023-05-11T19:29:02.012+0000] {dag.py:3441} INFO - Setting next_dagrun for example_task_group_decorator to 2023-05-10T19:29:02.012494+00:00, run_after=2023-05-11T19:29:02.012494+00:00
[2023-05-11T19:29:02.029+0000] {processor.py:175} INFO - Processing /home/airflow/.local/lib/python3.7/site-packages/airflow/example_dags/example_task_group_decorator.py took 0.091 seconds
[2023-05-11T19:29:32.426+0000] {processor.py:153} INFO - Started process (PID=2179) to work on /home/airflow/.local/lib/python3.7/site-packages/airflow/example_dags/example_task_group_decorator.py
[2023-05-11T19:29:32.427+0000] {processor.py:743} INFO - Processing file /home/airflow/.local/lib/python3.7/site-packages/airflow/example_dags/example_task_group_decorator.py for tasks to queue
[2023-05-11T19:29:32.427+0000] {logging_mixin.py:137} INFO - [2023-05-11T19:29:32.427+0000] {dagbag.py:538} INFO - Filling up the DagBag from /home/airflow/.local/lib/python3.7/site-packages/airflow/example_dags/example_task_group_decorator.py
[2023-05-11T19:29:32.452+0000] {processor.py:753} INFO - DAG(s) dict_keys(['example_task_group_decorator']) retrieved from /home/airflow/.local/lib/python3.7/site-packages/airflow/example_dags/example_task_group_decorator.py
[2023-05-11T19:29:32.476+0000] {logging_mixin.py:137} INFO - [2023-05-11T19:29:32.476+0000] {dag.py:2690} INFO - Sync 1 DAGs
[2023-05-11T19:29:32.497+0000] {logging_mixin.py:137} INFO - [2023-05-11T19:29:32.497+0000] {dag.py:3441} INFO - Setting next_dagrun for example_task_group_decorator to 2023-05-10T19:29:32.497149+00:00, run_after=2023-05-11T19:29:32.497149+00:00
[2023-05-11T19:29:32.512+0000] {processor.py:175} INFO - Processing /home/airflow/.local/lib/python3.7/site-packages/airflow/example_dags/example_task_group_decorator.py took 0.088 seconds
[2023-05-11T19:30:02.807+0000] {processor.py:153} INFO - Started process (PID=2409) to work on /home/airflow/.local/lib/python3.7/site-packages/airflow/example_dags/example_task_group_decorator.py
[2023-05-11T19:30:02.808+0000] {processor.py:743} INFO - Processing file /home/airflow/.local/lib/python3.7/site-packages/airflow/example_dags/example_task_group_decorator.py for tasks to queue
[2023-05-11T19:30:02.808+0000] {logging_mixin.py:137} INFO - [2023-05-11T19:30:02.808+0000] {dagbag.py:538} INFO - Filling up the DagBag from /home/airflow/.local/lib/python3.7/site-packages/airflow/example_dags/example_task_group_decorator.py
[2023-05-11T19:30:02.830+0000] {processor.py:753} INFO - DAG(s) dict_keys(['example_task_group_decorator']) retrieved from /home/airflow/.local/lib/python3.7/site-packages/airflow/example_dags/example_task_group_decorator.py
[2023-05-11T19:30:02.853+0000] {logging_mixin.py:137} INFO - [2023-05-11T19:30:02.853+0000] {dag.py:2690} INFO - Sync 1 DAGs
[2023-05-11T19:30:02.876+0000] {logging_mixin.py:137} INFO - [2023-05-11T19:30:02.876+0000] {dag.py:3441} INFO - Setting next_dagrun for example_task_group_decorator to 2023-05-10T19:30:02.876600+00:00, run_after=2023-05-11T19:30:02.876600+00:00
[2023-05-11T19:30:02.899+0000] {processor.py:175} INFO - Processing /home/airflow/.local/lib/python3.7/site-packages/airflow/example_dags/example_task_group_decorator.py took 0.094 seconds
[2023-05-11T19:30:33.528+0000] {processor.py:153} INFO - Started process (PID=2657) to work on /home/airflow/.local/lib/python3.7/site-packages/airflow/example_dags/example_task_group_decorator.py
[2023-05-11T19:30:33.529+0000] {processor.py:743} INFO - Processing file /home/airflow/.local/lib/python3.7/site-packages/airflow/example_dags/example_task_group_decorator.py for tasks to queue
[2023-05-11T19:30:33.530+0000] {logging_mixin.py:137} INFO - [2023-05-11T19:30:33.530+0000] {dagbag.py:538} INFO - Filling up the DagBag from /home/airflow/.local/lib/python3.7/site-packages/airflow/example_dags/example_task_group_decorator.py
[2023-05-11T19:30:33.551+0000] {processor.py:753} INFO - DAG(s) dict_keys(['example_task_group_decorator']) retrieved from /home/airflow/.local/lib/python3.7/site-packages/airflow/example_dags/example_task_group_decorator.py
[2023-05-11T19:30:33.571+0000] {logging_mixin.py:137} INFO - [2023-05-11T19:30:33.570+0000] {dag.py:2690} INFO - Sync 1 DAGs
[2023-05-11T19:30:33.603+0000] {logging_mixin.py:137} INFO - [2023-05-11T19:30:33.603+0000] {dag.py:3441} INFO - Setting next_dagrun for example_task_group_decorator to 2023-05-10T19:30:33.602939+00:00, run_after=2023-05-11T19:30:33.602939+00:00
[2023-05-11T19:30:33.620+0000] {processor.py:175} INFO - Processing /home/airflow/.local/lib/python3.7/site-packages/airflow/example_dags/example_task_group_decorator.py took 0.094 seconds
[2023-05-11T19:31:03.878+0000] {processor.py:153} INFO - Started process (PID=2889) to work on /home/airflow/.local/lib/python3.7/site-packages/airflow/example_dags/example_task_group_decorator.py
[2023-05-11T19:31:03.879+0000] {processor.py:743} INFO - Processing file /home/airflow/.local/lib/python3.7/site-packages/airflow/example_dags/example_task_group_decorator.py for tasks to queue
[2023-05-11T19:31:03.879+0000] {logging_mixin.py:137} INFO - [2023-05-11T19:31:03.879+0000] {dagbag.py:538} INFO - Filling up the DagBag from /home/airflow/.local/lib/python3.7/site-packages/airflow/example_dags/example_task_group_decorator.py
[2023-05-11T19:31:03.909+0000] {processor.py:753} INFO - DAG(s) dict_keys(['example_task_group_decorator']) retrieved from /home/airflow/.local/lib/python3.7/site-packages/airflow/example_dags/example_task_group_decorator.py
[2023-05-11T19:31:03.940+0000] {logging_mixin.py:137} INFO - [2023-05-11T19:31:03.940+0000] {dag.py:2690} INFO - Sync 1 DAGs
[2023-05-11T19:31:03.965+0000] {logging_mixin.py:137} INFO - [2023-05-11T19:31:03.965+0000] {dag.py:3441} INFO - Setting next_dagrun for example_task_group_decorator to 2023-05-10T19:31:03.964949+00:00, run_after=2023-05-11T19:31:03.964949+00:00
[2023-05-11T19:31:03.986+0000] {processor.py:175} INFO - Processing /home/airflow/.local/lib/python3.7/site-packages/airflow/example_dags/example_task_group_decorator.py took 0.111 seconds
[2023-05-11T19:31:34.414+0000] {processor.py:153} INFO - Started process (PID=3139) to work on /home/airflow/.local/lib/python3.7/site-packages/airflow/example_dags/example_task_group_decorator.py
[2023-05-11T19:31:34.415+0000] {processor.py:743} INFO - Processing file /home/airflow/.local/lib/python3.7/site-packages/airflow/example_dags/example_task_group_decorator.py for tasks to queue
[2023-05-11T19:31:34.415+0000] {logging_mixin.py:137} INFO - [2023-05-11T19:31:34.415+0000] {dagbag.py:538} INFO - Filling up the DagBag from /home/airflow/.local/lib/python3.7/site-packages/airflow/example_dags/example_task_group_decorator.py
[2023-05-11T19:31:34.434+0000] {processor.py:753} INFO - DAG(s) dict_keys(['example_task_group_decorator']) retrieved from /home/airflow/.local/lib/python3.7/site-packages/airflow/example_dags/example_task_group_decorator.py
[2023-05-11T19:31:34.452+0000] {logging_mixin.py:137} INFO - [2023-05-11T19:31:34.452+0000] {dag.py:2690} INFO - Sync 1 DAGs
[2023-05-11T19:31:34.467+0000] {logging_mixin.py:137} INFO - [2023-05-11T19:31:34.467+0000] {dag.py:3441} INFO - Setting next_dagrun for example_task_group_decorator to 2023-05-10T19:31:34.467457+00:00, run_after=2023-05-11T19:31:34.467457+00:00
[2023-05-11T19:31:34.478+0000] {processor.py:175} INFO - Processing /home/airflow/.local/lib/python3.7/site-packages/airflow/example_dags/example_task_group_decorator.py took 0.067 seconds
[2023-05-11T19:32:05.406+0000] {processor.py:153} INFO - Started process (PID=3369) to work on /home/airflow/.local/lib/python3.7/site-packages/airflow/example_dags/example_task_group_decorator.py
[2023-05-11T19:32:05.407+0000] {processor.py:743} INFO - Processing file /home/airflow/.local/lib/python3.7/site-packages/airflow/example_dags/example_task_group_decorator.py for tasks to queue
[2023-05-11T19:32:05.407+0000] {logging_mixin.py:137} INFO - [2023-05-11T19:32:05.407+0000] {dagbag.py:538} INFO - Filling up the DagBag from /home/airflow/.local/lib/python3.7/site-packages/airflow/example_dags/example_task_group_decorator.py
[2023-05-11T19:32:05.437+0000] {processor.py:753} INFO - DAG(s) dict_keys(['example_task_group_decorator']) retrieved from /home/airflow/.local/lib/python3.7/site-packages/airflow/example_dags/example_task_group_decorator.py
[2023-05-11T19:32:05.461+0000] {logging_mixin.py:137} INFO - [2023-05-11T19:32:05.461+0000] {dag.py:2690} INFO - Sync 1 DAGs
[2023-05-11T19:32:05.484+0000] {logging_mixin.py:137} INFO - [2023-05-11T19:32:05.484+0000] {dag.py:3441} INFO - Setting next_dagrun for example_task_group_decorator to 2023-05-10T19:32:05.484424+00:00, run_after=2023-05-11T19:32:05.484424+00:00
[2023-05-11T19:32:05.500+0000] {processor.py:175} INFO - Processing /home/airflow/.local/lib/python3.7/site-packages/airflow/example_dags/example_task_group_decorator.py took 0.097 seconds
[2023-05-11T19:32:35.877+0000] {processor.py:153} INFO - Started process (PID=3616) to work on /home/airflow/.local/lib/python3.7/site-packages/airflow/example_dags/example_task_group_decorator.py
[2023-05-11T19:32:35.877+0000] {processor.py:743} INFO - Processing file /home/airflow/.local/lib/python3.7/site-packages/airflow/example_dags/example_task_group_decorator.py for tasks to queue
[2023-05-11T19:32:35.878+0000] {logging_mixin.py:137} INFO - [2023-05-11T19:32:35.878+0000] {dagbag.py:538} INFO - Filling up the DagBag from /home/airflow/.local/lib/python3.7/site-packages/airflow/example_dags/example_task_group_decorator.py
[2023-05-11T19:32:35.903+0000] {processor.py:753} INFO - DAG(s) dict_keys(['example_task_group_decorator']) retrieved from /home/airflow/.local/lib/python3.7/site-packages/airflow/example_dags/example_task_group_decorator.py
[2023-05-11T19:32:35.927+0000] {logging_mixin.py:137} INFO - [2023-05-11T19:32:35.927+0000] {dag.py:2690} INFO - Sync 1 DAGs
[2023-05-11T19:32:35.948+0000] {logging_mixin.py:137} INFO - [2023-05-11T19:32:35.948+0000] {dag.py:3441} INFO - Setting next_dagrun for example_task_group_decorator to 2023-05-10T19:32:35.948673+00:00, run_after=2023-05-11T19:32:35.948673+00:00
[2023-05-11T19:32:35.964+0000] {processor.py:175} INFO - Processing /home/airflow/.local/lib/python3.7/site-packages/airflow/example_dags/example_task_group_decorator.py took 0.089 seconds
[2023-05-11T19:33:06.308+0000] {processor.py:153} INFO - Started process (PID=3848) to work on /home/airflow/.local/lib/python3.7/site-packages/airflow/example_dags/example_task_group_decorator.py
[2023-05-11T19:33:06.309+0000] {processor.py:743} INFO - Processing file /home/airflow/.local/lib/python3.7/site-packages/airflow/example_dags/example_task_group_decorator.py for tasks to queue
[2023-05-11T19:33:06.309+0000] {logging_mixin.py:137} INFO - [2023-05-11T19:33:06.309+0000] {dagbag.py:538} INFO - Filling up the DagBag from /home/airflow/.local/lib/python3.7/site-packages/airflow/example_dags/example_task_group_decorator.py
[2023-05-11T19:33:06.337+0000] {processor.py:753} INFO - DAG(s) dict_keys(['example_task_group_decorator']) retrieved from /home/airflow/.local/lib/python3.7/site-packages/airflow/example_dags/example_task_group_decorator.py
[2023-05-11T19:33:06.363+0000] {logging_mixin.py:137} INFO - [2023-05-11T19:33:06.363+0000] {dag.py:2690} INFO - Sync 1 DAGs
[2023-05-11T19:33:06.385+0000] {logging_mixin.py:137} INFO - [2023-05-11T19:33:06.385+0000] {dag.py:3441} INFO - Setting next_dagrun for example_task_group_decorator to 2023-05-10T19:33:06.385396+00:00, run_after=2023-05-11T19:33:06.385396+00:00
[2023-05-11T19:33:06.401+0000] {processor.py:175} INFO - Processing /home/airflow/.local/lib/python3.7/site-packages/airflow/example_dags/example_task_group_decorator.py took 0.097 seconds
[2023-05-11T19:33:36.923+0000] {processor.py:153} INFO - Started process (PID=4098) to work on /home/airflow/.local/lib/python3.7/site-packages/airflow/example_dags/example_task_group_decorator.py
[2023-05-11T19:33:36.923+0000] {processor.py:743} INFO - Processing file /home/airflow/.local/lib/python3.7/site-packages/airflow/example_dags/example_task_group_decorator.py for tasks to queue
[2023-05-11T19:33:36.924+0000] {logging_mixin.py:137} INFO - [2023-05-11T19:33:36.924+0000] {dagbag.py:538} INFO - Filling up the DagBag from /home/airflow/.local/lib/python3.7/site-packages/airflow/example_dags/example_task_group_decorator.py
[2023-05-11T19:33:36.951+0000] {processor.py:753} INFO - DAG(s) dict_keys(['example_task_group_decorator']) retrieved from /home/airflow/.local/lib/python3.7/site-packages/airflow/example_dags/example_task_group_decorator.py
[2023-05-11T19:33:36.977+0000] {logging_mixin.py:137} INFO - [2023-05-11T19:33:36.977+0000] {dag.py:2690} INFO - Sync 1 DAGs
[2023-05-11T19:33:37.000+0000] {logging_mixin.py:137} INFO - [2023-05-11T19:33:37.000+0000] {dag.py:3441} INFO - Setting next_dagrun for example_task_group_decorator to 2023-05-10T19:33:37.000211+00:00, run_after=2023-05-11T19:33:37.000211+00:00
[2023-05-11T19:33:37.018+0000] {processor.py:175} INFO - Processing /home/airflow/.local/lib/python3.7/site-packages/airflow/example_dags/example_task_group_decorator.py took 0.099 seconds
[2023-05-11T19:35:10.785+0000] {processor.py:153} INFO - Started process (PID=254) to work on /home/airflow/.local/lib/python3.7/site-packages/airflow/example_dags/example_task_group_decorator.py
[2023-05-11T19:35:10.786+0000] {processor.py:743} INFO - Processing file /home/airflow/.local/lib/python3.7/site-packages/airflow/example_dags/example_task_group_decorator.py for tasks to queue
[2023-05-11T19:35:10.786+0000] {logging_mixin.py:137} INFO - [2023-05-11T19:35:10.786+0000] {dagbag.py:538} INFO - Filling up the DagBag from /home/airflow/.local/lib/python3.7/site-packages/airflow/example_dags/example_task_group_decorator.py
[2023-05-11T19:35:10.812+0000] {processor.py:753} INFO - DAG(s) dict_keys(['example_task_group_decorator']) retrieved from /home/airflow/.local/lib/python3.7/site-packages/airflow/example_dags/example_task_group_decorator.py
[2023-05-11T19:35:10.821+0000] {logging_mixin.py:137} INFO - [2023-05-11T19:35:10.821+0000] {dag.py:2690} INFO - Sync 1 DAGs
[2023-05-11T19:35:10.841+0000] {logging_mixin.py:137} INFO - [2023-05-11T19:35:10.841+0000] {dag.py:3441} INFO - Setting next_dagrun for example_task_group_decorator to 2023-05-10T19:35:10.840874+00:00, run_after=2023-05-11T19:35:10.840874+00:00
[2023-05-11T19:35:10.854+0000] {processor.py:175} INFO - Processing /home/airflow/.local/lib/python3.7/site-packages/airflow/example_dags/example_task_group_decorator.py took 0.073 seconds
[2023-05-11T19:35:41.624+0000] {processor.py:153} INFO - Started process (PID=486) to work on /home/airflow/.local/lib/python3.7/site-packages/airflow/example_dags/example_task_group_decorator.py
[2023-05-11T19:35:41.624+0000] {processor.py:743} INFO - Processing file /home/airflow/.local/lib/python3.7/site-packages/airflow/example_dags/example_task_group_decorator.py for tasks to queue
[2023-05-11T19:35:41.625+0000] {logging_mixin.py:137} INFO - [2023-05-11T19:35:41.625+0000] {dagbag.py:538} INFO - Filling up the DagBag from /home/airflow/.local/lib/python3.7/site-packages/airflow/example_dags/example_task_group_decorator.py
[2023-05-11T19:35:41.648+0000] {processor.py:753} INFO - DAG(s) dict_keys(['example_task_group_decorator']) retrieved from /home/airflow/.local/lib/python3.7/site-packages/airflow/example_dags/example_task_group_decorator.py
[2023-05-11T19:35:41.669+0000] {logging_mixin.py:137} INFO - [2023-05-11T19:35:41.669+0000] {dag.py:2690} INFO - Sync 1 DAGs
[2023-05-11T19:35:41.691+0000] {logging_mixin.py:137} INFO - [2023-05-11T19:35:41.691+0000] {dag.py:3441} INFO - Setting next_dagrun for example_task_group_decorator to 2023-05-10T19:35:41.690839+00:00, run_after=2023-05-11T19:35:41.690839+00:00
[2023-05-11T19:35:41.705+0000] {processor.py:175} INFO - Processing /home/airflow/.local/lib/python3.7/site-packages/airflow/example_dags/example_task_group_decorator.py took 0.084 seconds
