[2023-05-11T18:58:40.244+0000] {processor.py:153} INFO - Started process (PID=296) to work on /home/airflow/.local/lib/python3.7/site-packages/airflow/example_dags/example_latest_only.py
[2023-05-11T18:58:40.245+0000] {processor.py:743} INFO - Processing file /home/airflow/.local/lib/python3.7/site-packages/airflow/example_dags/example_latest_only.py for tasks to queue
[2023-05-11T18:58:40.245+0000] {logging_mixin.py:137} INFO - [2023-05-11T18:58:40.245+0000] {dagbag.py:538} INFO - Filling up the DagBag from /home/airflow/.local/lib/python3.7/site-packages/airflow/example_dags/example_latest_only.py
[2023-05-11T18:58:40.254+0000] {processor.py:753} INFO - DAG(s) dict_keys(['latest_only']) retrieved from /home/airflow/.local/lib/python3.7/site-packages/airflow/example_dags/example_latest_only.py
[2023-05-11T18:58:40.263+0000] {logging_mixin.py:137} INFO - [2023-05-11T18:58:40.263+0000] {dag.py:2690} INFO - Sync 1 DAGs
[2023-05-11T18:58:40.280+0000] {logging_mixin.py:137} INFO - [2023-05-11T18:58:40.280+0000] {dag.py:3441} INFO - Setting next_dagrun for latest_only to 2023-05-11T14:58:40.280639+00:00, run_after=2023-05-11T18:58:40.280639+00:00
[2023-05-11T18:58:40.293+0000] {processor.py:175} INFO - Processing /home/airflow/.local/lib/python3.7/site-packages/airflow/example_dags/example_latest_only.py took 0.050 seconds
[2023-05-11T18:59:11.052+0000] {processor.py:153} INFO - Started process (PID=528) to work on /home/airflow/.local/lib/python3.7/site-packages/airflow/example_dags/example_latest_only.py
[2023-05-11T18:59:11.052+0000] {processor.py:743} INFO - Processing file /home/airflow/.local/lib/python3.7/site-packages/airflow/example_dags/example_latest_only.py for tasks to queue
[2023-05-11T18:59:11.053+0000] {logging_mixin.py:137} INFO - [2023-05-11T18:59:11.053+0000] {dagbag.py:538} INFO - Filling up the DagBag from /home/airflow/.local/lib/python3.7/site-packages/airflow/example_dags/example_latest_only.py
[2023-05-11T18:59:11.060+0000] {processor.py:753} INFO - DAG(s) dict_keys(['latest_only']) retrieved from /home/airflow/.local/lib/python3.7/site-packages/airflow/example_dags/example_latest_only.py
[2023-05-11T18:59:11.076+0000] {logging_mixin.py:137} INFO - [2023-05-11T18:59:11.076+0000] {dag.py:2690} INFO - Sync 1 DAGs
[2023-05-11T18:59:11.090+0000] {logging_mixin.py:137} INFO - [2023-05-11T18:59:11.090+0000] {dag.py:3441} INFO - Setting next_dagrun for latest_only to 2023-05-11T14:59:11.090379+00:00, run_after=2023-05-11T18:59:11.090379+00:00
[2023-05-11T18:59:11.101+0000] {processor.py:175} INFO - Processing /home/airflow/.local/lib/python3.7/site-packages/airflow/example_dags/example_latest_only.py took 0.051 seconds
[2023-05-11T18:59:41.855+0000] {processor.py:153} INFO - Started process (PID=774) to work on /home/airflow/.local/lib/python3.7/site-packages/airflow/example_dags/example_latest_only.py
[2023-05-11T18:59:41.856+0000] {processor.py:743} INFO - Processing file /home/airflow/.local/lib/python3.7/site-packages/airflow/example_dags/example_latest_only.py for tasks to queue
[2023-05-11T18:59:41.856+0000] {logging_mixin.py:137} INFO - [2023-05-11T18:59:41.856+0000] {dagbag.py:538} INFO - Filling up the DagBag from /home/airflow/.local/lib/python3.7/site-packages/airflow/example_dags/example_latest_only.py
[2023-05-11T18:59:41.864+0000] {processor.py:753} INFO - DAG(s) dict_keys(['latest_only']) retrieved from /home/airflow/.local/lib/python3.7/site-packages/airflow/example_dags/example_latest_only.py
[2023-05-11T18:59:41.882+0000] {logging_mixin.py:137} INFO - [2023-05-11T18:59:41.882+0000] {dag.py:2690} INFO - Sync 1 DAGs
[2023-05-11T18:59:41.899+0000] {logging_mixin.py:137} INFO - [2023-05-11T18:59:41.899+0000] {dag.py:3441} INFO - Setting next_dagrun for latest_only to 2023-05-11T14:59:41.898869+00:00, run_after=2023-05-11T18:59:41.898869+00:00
[2023-05-11T18:59:41.910+0000] {processor.py:175} INFO - Processing /home/airflow/.local/lib/python3.7/site-packages/airflow/example_dags/example_latest_only.py took 0.057 seconds
[2023-05-11T19:00:12.931+0000] {processor.py:153} INFO - Started process (PID=1016) to work on /home/airflow/.local/lib/python3.7/site-packages/airflow/example_dags/example_latest_only.py
[2023-05-11T19:00:12.932+0000] {processor.py:743} INFO - Processing file /home/airflow/.local/lib/python3.7/site-packages/airflow/example_dags/example_latest_only.py for tasks to queue
[2023-05-11T19:00:12.932+0000] {logging_mixin.py:137} INFO - [2023-05-11T19:00:12.932+0000] {dagbag.py:538} INFO - Filling up the DagBag from /home/airflow/.local/lib/python3.7/site-packages/airflow/example_dags/example_latest_only.py
[2023-05-11T19:00:12.942+0000] {processor.py:753} INFO - DAG(s) dict_keys(['latest_only']) retrieved from /home/airflow/.local/lib/python3.7/site-packages/airflow/example_dags/example_latest_only.py
[2023-05-11T19:00:12.966+0000] {logging_mixin.py:137} INFO - [2023-05-11T19:00:12.966+0000] {dag.py:2690} INFO - Sync 1 DAGs
[2023-05-11T19:00:12.994+0000] {logging_mixin.py:137} INFO - [2023-05-11T19:00:12.994+0000] {dag.py:3441} INFO - Setting next_dagrun for latest_only to 2023-05-11T15:00:12.993853+00:00, run_after=2023-05-11T19:00:12.993853+00:00
[2023-05-11T19:00:13.013+0000] {processor.py:175} INFO - Processing /home/airflow/.local/lib/python3.7/site-packages/airflow/example_dags/example_latest_only.py took 0.084 seconds
[2023-05-11T19:00:43.537+0000] {processor.py:153} INFO - Started process (PID=1255) to work on /home/airflow/.local/lib/python3.7/site-packages/airflow/example_dags/example_latest_only.py
[2023-05-11T19:00:43.538+0000] {processor.py:743} INFO - Processing file /home/airflow/.local/lib/python3.7/site-packages/airflow/example_dags/example_latest_only.py for tasks to queue
[2023-05-11T19:00:43.539+0000] {logging_mixin.py:137} INFO - [2023-05-11T19:00:43.538+0000] {dagbag.py:538} INFO - Filling up the DagBag from /home/airflow/.local/lib/python3.7/site-packages/airflow/example_dags/example_latest_only.py
[2023-05-11T19:00:43.555+0000] {processor.py:753} INFO - DAG(s) dict_keys(['latest_only']) retrieved from /home/airflow/.local/lib/python3.7/site-packages/airflow/example_dags/example_latest_only.py
[2023-05-11T19:00:43.581+0000] {logging_mixin.py:137} INFO - [2023-05-11T19:00:43.581+0000] {dag.py:2690} INFO - Sync 1 DAGs
[2023-05-11T19:00:43.604+0000] {logging_mixin.py:137} INFO - [2023-05-11T19:00:43.604+0000] {dag.py:3441} INFO - Setting next_dagrun for latest_only to 2023-05-11T15:00:43.604604+00:00, run_after=2023-05-11T19:00:43.604604+00:00
[2023-05-11T19:00:43.620+0000] {processor.py:175} INFO - Processing /home/airflow/.local/lib/python3.7/site-packages/airflow/example_dags/example_latest_only.py took 0.087 seconds
[2023-05-11T19:01:14.026+0000] {processor.py:153} INFO - Started process (PID=1504) to work on /home/airflow/.local/lib/python3.7/site-packages/airflow/example_dags/example_latest_only.py
[2023-05-11T19:01:14.026+0000] {processor.py:743} INFO - Processing file /home/airflow/.local/lib/python3.7/site-packages/airflow/example_dags/example_latest_only.py for tasks to queue
[2023-05-11T19:01:14.027+0000] {logging_mixin.py:137} INFO - [2023-05-11T19:01:14.027+0000] {dagbag.py:538} INFO - Filling up the DagBag from /home/airflow/.local/lib/python3.7/site-packages/airflow/example_dags/example_latest_only.py
[2023-05-11T19:01:14.035+0000] {processor.py:753} INFO - DAG(s) dict_keys(['latest_only']) retrieved from /home/airflow/.local/lib/python3.7/site-packages/airflow/example_dags/example_latest_only.py
[2023-05-11T19:01:14.056+0000] {logging_mixin.py:137} INFO - [2023-05-11T19:01:14.056+0000] {dag.py:2690} INFO - Sync 1 DAGs
[2023-05-11T19:01:14.080+0000] {logging_mixin.py:137} INFO - [2023-05-11T19:01:14.080+0000] {dag.py:3441} INFO - Setting next_dagrun for latest_only to 2023-05-11T15:01:14.079882+00:00, run_after=2023-05-11T19:01:14.079882+00:00
[2023-05-11T19:01:14.097+0000] {processor.py:175} INFO - Processing /home/airflow/.local/lib/python3.7/site-packages/airflow/example_dags/example_latest_only.py took 0.073 seconds
[2023-05-11T19:01:44.410+0000] {processor.py:153} INFO - Started process (PID=1736) to work on /home/airflow/.local/lib/python3.7/site-packages/airflow/example_dags/example_latest_only.py
[2023-05-11T19:01:44.411+0000] {processor.py:743} INFO - Processing file /home/airflow/.local/lib/python3.7/site-packages/airflow/example_dags/example_latest_only.py for tasks to queue
[2023-05-11T19:01:44.411+0000] {logging_mixin.py:137} INFO - [2023-05-11T19:01:44.411+0000] {dagbag.py:538} INFO - Filling up the DagBag from /home/airflow/.local/lib/python3.7/site-packages/airflow/example_dags/example_latest_only.py
[2023-05-11T19:01:44.425+0000] {processor.py:753} INFO - DAG(s) dict_keys(['latest_only']) retrieved from /home/airflow/.local/lib/python3.7/site-packages/airflow/example_dags/example_latest_only.py
[2023-05-11T19:01:44.449+0000] {logging_mixin.py:137} INFO - [2023-05-11T19:01:44.449+0000] {dag.py:2690} INFO - Sync 1 DAGs
[2023-05-11T19:01:44.473+0000] {logging_mixin.py:137} INFO - [2023-05-11T19:01:44.473+0000] {dag.py:3441} INFO - Setting next_dagrun for latest_only to 2023-05-11T15:01:44.472877+00:00, run_after=2023-05-11T19:01:44.472877+00:00
[2023-05-11T19:01:44.492+0000] {processor.py:175} INFO - Processing /home/airflow/.local/lib/python3.7/site-packages/airflow/example_dags/example_latest_only.py took 0.085 seconds
[2023-05-11T19:02:15.485+0000] {processor.py:153} INFO - Started process (PID=1986) to work on /home/airflow/.local/lib/python3.7/site-packages/airflow/example_dags/example_latest_only.py
[2023-05-11T19:02:15.486+0000] {processor.py:743} INFO - Processing file /home/airflow/.local/lib/python3.7/site-packages/airflow/example_dags/example_latest_only.py for tasks to queue
[2023-05-11T19:02:15.487+0000] {logging_mixin.py:137} INFO - [2023-05-11T19:02:15.487+0000] {dagbag.py:538} INFO - Filling up the DagBag from /home/airflow/.local/lib/python3.7/site-packages/airflow/example_dags/example_latest_only.py
[2023-05-11T19:02:15.505+0000] {processor.py:753} INFO - DAG(s) dict_keys(['latest_only']) retrieved from /home/airflow/.local/lib/python3.7/site-packages/airflow/example_dags/example_latest_only.py
[2023-05-11T19:02:15.533+0000] {logging_mixin.py:137} INFO - [2023-05-11T19:02:15.533+0000] {dag.py:2690} INFO - Sync 1 DAGs
[2023-05-11T19:02:15.558+0000] {logging_mixin.py:137} INFO - [2023-05-11T19:02:15.558+0000] {dag.py:3441} INFO - Setting next_dagrun for latest_only to 2023-05-11T15:02:15.558530+00:00, run_after=2023-05-11T19:02:15.558530+00:00
[2023-05-11T19:02:15.577+0000] {processor.py:175} INFO - Processing /home/airflow/.local/lib/python3.7/site-packages/airflow/example_dags/example_latest_only.py took 0.095 seconds
[2023-05-11T19:03:25.445+0000] {processor.py:153} INFO - Started process (PID=294) to work on /home/airflow/.local/lib/python3.7/site-packages/airflow/example_dags/example_latest_only.py
[2023-05-11T19:03:25.445+0000] {processor.py:743} INFO - Processing file /home/airflow/.local/lib/python3.7/site-packages/airflow/example_dags/example_latest_only.py for tasks to queue
[2023-05-11T19:03:25.446+0000] {logging_mixin.py:137} INFO - [2023-05-11T19:03:25.446+0000] {dagbag.py:538} INFO - Filling up the DagBag from /home/airflow/.local/lib/python3.7/site-packages/airflow/example_dags/example_latest_only.py
[2023-05-11T19:03:25.457+0000] {processor.py:753} INFO - DAG(s) dict_keys(['latest_only']) retrieved from /home/airflow/.local/lib/python3.7/site-packages/airflow/example_dags/example_latest_only.py
[2023-05-11T19:03:25.469+0000] {logging_mixin.py:137} INFO - [2023-05-11T19:03:25.469+0000] {dag.py:2690} INFO - Sync 1 DAGs
[2023-05-11T19:03:25.505+0000] {logging_mixin.py:137} INFO - [2023-05-11T19:03:25.505+0000] {dag.py:3441} INFO - Setting next_dagrun for latest_only to 2023-05-11T15:03:25.505517+00:00, run_after=2023-05-11T19:03:25.505517+00:00
[2023-05-11T19:03:25.523+0000] {processor.py:175} INFO - Processing /home/airflow/.local/lib/python3.7/site-packages/airflow/example_dags/example_latest_only.py took 0.082 seconds
[2023-05-11T19:03:55.798+0000] {processor.py:153} INFO - Started process (PID=526) to work on /home/airflow/.local/lib/python3.7/site-packages/airflow/example_dags/example_latest_only.py
[2023-05-11T19:03:55.799+0000] {processor.py:743} INFO - Processing file /home/airflow/.local/lib/python3.7/site-packages/airflow/example_dags/example_latest_only.py for tasks to queue
[2023-05-11T19:03:55.799+0000] {logging_mixin.py:137} INFO - [2023-05-11T19:03:55.799+0000] {dagbag.py:538} INFO - Filling up the DagBag from /home/airflow/.local/lib/python3.7/site-packages/airflow/example_dags/example_latest_only.py
[2023-05-11T19:03:55.811+0000] {processor.py:753} INFO - DAG(s) dict_keys(['latest_only']) retrieved from /home/airflow/.local/lib/python3.7/site-packages/airflow/example_dags/example_latest_only.py
[2023-05-11T19:03:55.834+0000] {logging_mixin.py:137} INFO - [2023-05-11T19:03:55.834+0000] {dag.py:2690} INFO - Sync 1 DAGs
[2023-05-11T19:03:55.863+0000] {logging_mixin.py:137} INFO - [2023-05-11T19:03:55.863+0000] {dag.py:3441} INFO - Setting next_dagrun for latest_only to 2023-05-11T15:03:55.862980+00:00, run_after=2023-05-11T19:03:55.862980+00:00
[2023-05-11T19:03:55.879+0000] {processor.py:175} INFO - Processing /home/airflow/.local/lib/python3.7/site-packages/airflow/example_dags/example_latest_only.py took 0.084 seconds
[2023-05-11T19:04:26.389+0000] {processor.py:153} INFO - Started process (PID=774) to work on /home/airflow/.local/lib/python3.7/site-packages/airflow/example_dags/example_latest_only.py
[2023-05-11T19:04:26.390+0000] {processor.py:743} INFO - Processing file /home/airflow/.local/lib/python3.7/site-packages/airflow/example_dags/example_latest_only.py for tasks to queue
[2023-05-11T19:04:26.391+0000] {logging_mixin.py:137} INFO - [2023-05-11T19:04:26.391+0000] {dagbag.py:538} INFO - Filling up the DagBag from /home/airflow/.local/lib/python3.7/site-packages/airflow/example_dags/example_latest_only.py
[2023-05-11T19:04:26.407+0000] {processor.py:753} INFO - DAG(s) dict_keys(['latest_only']) retrieved from /home/airflow/.local/lib/python3.7/site-packages/airflow/example_dags/example_latest_only.py
[2023-05-11T19:04:26.431+0000] {logging_mixin.py:137} INFO - [2023-05-11T19:04:26.431+0000] {dag.py:2690} INFO - Sync 1 DAGs
[2023-05-11T19:04:26.459+0000] {logging_mixin.py:137} INFO - [2023-05-11T19:04:26.459+0000] {dag.py:3441} INFO - Setting next_dagrun for latest_only to 2023-05-11T15:04:26.459097+00:00, run_after=2023-05-11T19:04:26.459097+00:00
[2023-05-11T19:04:26.481+0000] {processor.py:175} INFO - Processing /home/airflow/.local/lib/python3.7/site-packages/airflow/example_dags/example_latest_only.py took 0.095 seconds
[2023-05-11T19:04:56.898+0000] {processor.py:153} INFO - Started process (PID=1006) to work on /home/airflow/.local/lib/python3.7/site-packages/airflow/example_dags/example_latest_only.py
[2023-05-11T19:04:56.899+0000] {processor.py:743} INFO - Processing file /home/airflow/.local/lib/python3.7/site-packages/airflow/example_dags/example_latest_only.py for tasks to queue
[2023-05-11T19:04:56.900+0000] {logging_mixin.py:137} INFO - [2023-05-11T19:04:56.899+0000] {dagbag.py:538} INFO - Filling up the DagBag from /home/airflow/.local/lib/python3.7/site-packages/airflow/example_dags/example_latest_only.py
[2023-05-11T19:04:56.913+0000] {processor.py:753} INFO - DAG(s) dict_keys(['latest_only']) retrieved from /home/airflow/.local/lib/python3.7/site-packages/airflow/example_dags/example_latest_only.py
[2023-05-11T19:04:56.942+0000] {logging_mixin.py:137} INFO - [2023-05-11T19:04:56.941+0000] {dag.py:2690} INFO - Sync 1 DAGs
[2023-05-11T19:04:56.969+0000] {logging_mixin.py:137} INFO - [2023-05-11T19:04:56.969+0000] {dag.py:3441} INFO - Setting next_dagrun for latest_only to 2023-05-11T15:04:56.968938+00:00, run_after=2023-05-11T19:04:56.968938+00:00
[2023-05-11T19:04:56.989+0000] {processor.py:175} INFO - Processing /home/airflow/.local/lib/python3.7/site-packages/airflow/example_dags/example_latest_only.py took 0.094 seconds
[2023-05-11T19:05:27.283+0000] {processor.py:153} INFO - Started process (PID=1256) to work on /home/airflow/.local/lib/python3.7/site-packages/airflow/example_dags/example_latest_only.py
[2023-05-11T19:05:27.284+0000] {processor.py:743} INFO - Processing file /home/airflow/.local/lib/python3.7/site-packages/airflow/example_dags/example_latest_only.py for tasks to queue
[2023-05-11T19:05:27.284+0000] {logging_mixin.py:137} INFO - [2023-05-11T19:05:27.284+0000] {dagbag.py:538} INFO - Filling up the DagBag from /home/airflow/.local/lib/python3.7/site-packages/airflow/example_dags/example_latest_only.py
[2023-05-11T19:05:27.293+0000] {processor.py:753} INFO - DAG(s) dict_keys(['latest_only']) retrieved from /home/airflow/.local/lib/python3.7/site-packages/airflow/example_dags/example_latest_only.py
[2023-05-11T19:05:27.317+0000] {logging_mixin.py:137} INFO - [2023-05-11T19:05:27.316+0000] {dag.py:2690} INFO - Sync 1 DAGs
[2023-05-11T19:05:27.345+0000] {logging_mixin.py:137} INFO - [2023-05-11T19:05:27.345+0000] {dag.py:3441} INFO - Setting next_dagrun for latest_only to 2023-05-11T15:05:27.345682+00:00, run_after=2023-05-11T19:05:27.345682+00:00
[2023-05-11T19:05:27.361+0000] {processor.py:175} INFO - Processing /home/airflow/.local/lib/python3.7/site-packages/airflow/example_dags/example_latest_only.py took 0.080 seconds
[2023-05-11T19:05:57.436+0000] {processor.py:153} INFO - Started process (PID=1486) to work on /home/airflow/.local/lib/python3.7/site-packages/airflow/example_dags/example_latest_only.py
[2023-05-11T19:05:57.436+0000] {processor.py:743} INFO - Processing file /home/airflow/.local/lib/python3.7/site-packages/airflow/example_dags/example_latest_only.py for tasks to queue
[2023-05-11T19:05:57.437+0000] {logging_mixin.py:137} INFO - [2023-05-11T19:05:57.437+0000] {dagbag.py:538} INFO - Filling up the DagBag from /home/airflow/.local/lib/python3.7/site-packages/airflow/example_dags/example_latest_only.py
[2023-05-11T19:05:57.445+0000] {processor.py:753} INFO - DAG(s) dict_keys(['latest_only']) retrieved from /home/airflow/.local/lib/python3.7/site-packages/airflow/example_dags/example_latest_only.py
[2023-05-11T19:05:57.462+0000] {logging_mixin.py:137} INFO - [2023-05-11T19:05:57.461+0000] {dag.py:2690} INFO - Sync 1 DAGs
[2023-05-11T19:05:57.478+0000] {logging_mixin.py:137} INFO - [2023-05-11T19:05:57.478+0000] {dag.py:3441} INFO - Setting next_dagrun for latest_only to 2023-05-11T15:05:57.478559+00:00, run_after=2023-05-11T19:05:57.478559+00:00
[2023-05-11T19:05:57.489+0000] {processor.py:175} INFO - Processing /home/airflow/.local/lib/python3.7/site-packages/airflow/example_dags/example_latest_only.py took 0.055 seconds
[2023-05-11T19:06:28.084+0000] {processor.py:153} INFO - Started process (PID=1734) to work on /home/airflow/.local/lib/python3.7/site-packages/airflow/example_dags/example_latest_only.py
[2023-05-11T19:06:28.085+0000] {processor.py:743} INFO - Processing file /home/airflow/.local/lib/python3.7/site-packages/airflow/example_dags/example_latest_only.py for tasks to queue
[2023-05-11T19:06:28.086+0000] {logging_mixin.py:137} INFO - [2023-05-11T19:06:28.086+0000] {dagbag.py:538} INFO - Filling up the DagBag from /home/airflow/.local/lib/python3.7/site-packages/airflow/example_dags/example_latest_only.py
[2023-05-11T19:06:28.101+0000] {processor.py:753} INFO - DAG(s) dict_keys(['latest_only']) retrieved from /home/airflow/.local/lib/python3.7/site-packages/airflow/example_dags/example_latest_only.py
[2023-05-11T19:06:28.124+0000] {logging_mixin.py:137} INFO - [2023-05-11T19:06:28.124+0000] {dag.py:2690} INFO - Sync 1 DAGs
[2023-05-11T19:06:28.147+0000] {logging_mixin.py:137} INFO - [2023-05-11T19:06:28.147+0000] {dag.py:3441} INFO - Setting next_dagrun for latest_only to 2023-05-11T15:06:28.146890+00:00, run_after=2023-05-11T19:06:28.146890+00:00
[2023-05-11T19:06:28.166+0000] {processor.py:175} INFO - Processing /home/airflow/.local/lib/python3.7/site-packages/airflow/example_dags/example_latest_only.py took 0.085 seconds
[2023-05-11T19:06:58.245+0000] {processor.py:153} INFO - Started process (PID=1966) to work on /home/airflow/.local/lib/python3.7/site-packages/airflow/example_dags/example_latest_only.py
[2023-05-11T19:06:58.246+0000] {processor.py:743} INFO - Processing file /home/airflow/.local/lib/python3.7/site-packages/airflow/example_dags/example_latest_only.py for tasks to queue
[2023-05-11T19:06:58.246+0000] {logging_mixin.py:137} INFO - [2023-05-11T19:06:58.246+0000] {dagbag.py:538} INFO - Filling up the DagBag from /home/airflow/.local/lib/python3.7/site-packages/airflow/example_dags/example_latest_only.py
[2023-05-11T19:06:58.260+0000] {processor.py:753} INFO - DAG(s) dict_keys(['latest_only']) retrieved from /home/airflow/.local/lib/python3.7/site-packages/airflow/example_dags/example_latest_only.py
[2023-05-11T19:06:58.282+0000] {logging_mixin.py:137} INFO - [2023-05-11T19:06:58.282+0000] {dag.py:2690} INFO - Sync 1 DAGs
[2023-05-11T19:06:58.304+0000] {logging_mixin.py:137} INFO - [2023-05-11T19:06:58.304+0000] {dag.py:3441} INFO - Setting next_dagrun for latest_only to 2023-05-11T15:06:58.304531+00:00, run_after=2023-05-11T19:06:58.304531+00:00
[2023-05-11T19:06:58.321+0000] {processor.py:175} INFO - Processing /home/airflow/.local/lib/python3.7/site-packages/airflow/example_dags/example_latest_only.py took 0.079 seconds
[2023-05-11T19:07:28.799+0000] {processor.py:153} INFO - Started process (PID=2214) to work on /home/airflow/.local/lib/python3.7/site-packages/airflow/example_dags/example_latest_only.py
[2023-05-11T19:07:28.800+0000] {processor.py:743} INFO - Processing file /home/airflow/.local/lib/python3.7/site-packages/airflow/example_dags/example_latest_only.py for tasks to queue
[2023-05-11T19:07:28.801+0000] {logging_mixin.py:137} INFO - [2023-05-11T19:07:28.801+0000] {dagbag.py:538} INFO - Filling up the DagBag from /home/airflow/.local/lib/python3.7/site-packages/airflow/example_dags/example_latest_only.py
[2023-05-11T19:07:28.816+0000] {processor.py:753} INFO - DAG(s) dict_keys(['latest_only']) retrieved from /home/airflow/.local/lib/python3.7/site-packages/airflow/example_dags/example_latest_only.py
[2023-05-11T19:07:28.844+0000] {logging_mixin.py:137} INFO - [2023-05-11T19:07:28.844+0000] {dag.py:2690} INFO - Sync 1 DAGs
[2023-05-11T19:07:28.867+0000] {logging_mixin.py:137} INFO - [2023-05-11T19:07:28.867+0000] {dag.py:3441} INFO - Setting next_dagrun for latest_only to 2023-05-11T15:07:28.866962+00:00, run_after=2023-05-11T19:07:28.866962+00:00
[2023-05-11T19:07:28.883+0000] {processor.py:175} INFO - Processing /home/airflow/.local/lib/python3.7/site-packages/airflow/example_dags/example_latest_only.py took 0.087 seconds
[2023-05-11T19:07:59.092+0000] {processor.py:153} INFO - Started process (PID=2447) to work on /home/airflow/.local/lib/python3.7/site-packages/airflow/example_dags/example_latest_only.py
[2023-05-11T19:07:59.092+0000] {processor.py:743} INFO - Processing file /home/airflow/.local/lib/python3.7/site-packages/airflow/example_dags/example_latest_only.py for tasks to queue
[2023-05-11T19:07:59.093+0000] {logging_mixin.py:137} INFO - [2023-05-11T19:07:59.093+0000] {dagbag.py:538} INFO - Filling up the DagBag from /home/airflow/.local/lib/python3.7/site-packages/airflow/example_dags/example_latest_only.py
[2023-05-11T19:07:59.107+0000] {processor.py:753} INFO - DAG(s) dict_keys(['latest_only']) retrieved from /home/airflow/.local/lib/python3.7/site-packages/airflow/example_dags/example_latest_only.py
[2023-05-11T19:07:59.134+0000] {logging_mixin.py:137} INFO - [2023-05-11T19:07:59.134+0000] {dag.py:2690} INFO - Sync 1 DAGs
[2023-05-11T19:07:59.157+0000] {logging_mixin.py:137} INFO - [2023-05-11T19:07:59.157+0000] {dag.py:3441} INFO - Setting next_dagrun for latest_only to 2023-05-11T15:07:59.157083+00:00, run_after=2023-05-11T19:07:59.157083+00:00
[2023-05-11T19:07:59.173+0000] {processor.py:175} INFO - Processing /home/airflow/.local/lib/python3.7/site-packages/airflow/example_dags/example_latest_only.py took 0.084 seconds
[2023-05-11T19:09:21.800+0000] {processor.py:153} INFO - Started process (PID=295) to work on /home/airflow/.local/lib/python3.7/site-packages/airflow/example_dags/example_latest_only.py
[2023-05-11T19:09:21.801+0000] {processor.py:743} INFO - Processing file /home/airflow/.local/lib/python3.7/site-packages/airflow/example_dags/example_latest_only.py for tasks to queue
[2023-05-11T19:09:21.801+0000] {logging_mixin.py:137} INFO - [2023-05-11T19:09:21.801+0000] {dagbag.py:538} INFO - Filling up the DagBag from /home/airflow/.local/lib/python3.7/site-packages/airflow/example_dags/example_latest_only.py
[2023-05-11T19:09:21.809+0000] {processor.py:753} INFO - DAG(s) dict_keys(['latest_only']) retrieved from /home/airflow/.local/lib/python3.7/site-packages/airflow/example_dags/example_latest_only.py
[2023-05-11T19:09:21.819+0000] {logging_mixin.py:137} INFO - [2023-05-11T19:09:21.819+0000] {dag.py:2690} INFO - Sync 1 DAGs
[2023-05-11T19:09:21.836+0000] {logging_mixin.py:137} INFO - [2023-05-11T19:09:21.836+0000] {dag.py:3441} INFO - Setting next_dagrun for latest_only to 2023-05-11T15:09:21.836447+00:00, run_after=2023-05-11T19:09:21.836447+00:00
[2023-05-11T19:09:21.848+0000] {processor.py:175} INFO - Processing /home/airflow/.local/lib/python3.7/site-packages/airflow/example_dags/example_latest_only.py took 0.050 seconds
[2023-05-11T19:09:52.764+0000] {processor.py:153} INFO - Started process (PID=527) to work on /home/airflow/.local/lib/python3.7/site-packages/airflow/example_dags/example_latest_only.py
[2023-05-11T19:09:52.765+0000] {processor.py:743} INFO - Processing file /home/airflow/.local/lib/python3.7/site-packages/airflow/example_dags/example_latest_only.py for tasks to queue
[2023-05-11T19:09:52.766+0000] {logging_mixin.py:137} INFO - [2023-05-11T19:09:52.766+0000] {dagbag.py:538} INFO - Filling up the DagBag from /home/airflow/.local/lib/python3.7/site-packages/airflow/example_dags/example_latest_only.py
[2023-05-11T19:09:52.777+0000] {processor.py:753} INFO - DAG(s) dict_keys(['latest_only']) retrieved from /home/airflow/.local/lib/python3.7/site-packages/airflow/example_dags/example_latest_only.py
[2023-05-11T19:09:52.796+0000] {logging_mixin.py:137} INFO - [2023-05-11T19:09:52.796+0000] {dag.py:2690} INFO - Sync 1 DAGs
[2023-05-11T19:09:52.818+0000] {logging_mixin.py:137} INFO - [2023-05-11T19:09:52.818+0000] {dag.py:3441} INFO - Setting next_dagrun for latest_only to 2023-05-11T15:09:52.818173+00:00, run_after=2023-05-11T19:09:52.818173+00:00
[2023-05-11T19:09:52.836+0000] {processor.py:175} INFO - Processing /home/airflow/.local/lib/python3.7/site-packages/airflow/example_dags/example_latest_only.py took 0.075 seconds
[2023-05-11T19:10:22.921+0000] {processor.py:153} INFO - Started process (PID=777) to work on /home/airflow/.local/lib/python3.7/site-packages/airflow/example_dags/example_latest_only.py
[2023-05-11T19:10:22.921+0000] {processor.py:743} INFO - Processing file /home/airflow/.local/lib/python3.7/site-packages/airflow/example_dags/example_latest_only.py for tasks to queue
[2023-05-11T19:10:22.922+0000] {logging_mixin.py:137} INFO - [2023-05-11T19:10:22.921+0000] {dagbag.py:538} INFO - Filling up the DagBag from /home/airflow/.local/lib/python3.7/site-packages/airflow/example_dags/example_latest_only.py
[2023-05-11T19:10:22.930+0000] {processor.py:753} INFO - DAG(s) dict_keys(['latest_only']) retrieved from /home/airflow/.local/lib/python3.7/site-packages/airflow/example_dags/example_latest_only.py
[2023-05-11T19:10:22.948+0000] {logging_mixin.py:137} INFO - [2023-05-11T19:10:22.948+0000] {dag.py:2690} INFO - Sync 1 DAGs
[2023-05-11T19:10:22.971+0000] {logging_mixin.py:137} INFO - [2023-05-11T19:10:22.971+0000] {dag.py:3441} INFO - Setting next_dagrun for latest_only to 2023-05-11T15:10:22.971127+00:00, run_after=2023-05-11T19:10:22.971127+00:00
[2023-05-11T19:10:22.985+0000] {processor.py:175} INFO - Processing /home/airflow/.local/lib/python3.7/site-packages/airflow/example_dags/example_latest_only.py took 0.066 seconds
[2023-05-11T19:10:53.317+0000] {processor.py:153} INFO - Started process (PID=1009) to work on /home/airflow/.local/lib/python3.7/site-packages/airflow/example_dags/example_latest_only.py
[2023-05-11T19:10:53.318+0000] {processor.py:743} INFO - Processing file /home/airflow/.local/lib/python3.7/site-packages/airflow/example_dags/example_latest_only.py for tasks to queue
[2023-05-11T19:10:53.318+0000] {logging_mixin.py:137} INFO - [2023-05-11T19:10:53.318+0000] {dagbag.py:538} INFO - Filling up the DagBag from /home/airflow/.local/lib/python3.7/site-packages/airflow/example_dags/example_latest_only.py
[2023-05-11T19:10:53.329+0000] {processor.py:753} INFO - DAG(s) dict_keys(['latest_only']) retrieved from /home/airflow/.local/lib/python3.7/site-packages/airflow/example_dags/example_latest_only.py
[2023-05-11T19:10:53.350+0000] {logging_mixin.py:137} INFO - [2023-05-11T19:10:53.350+0000] {dag.py:2690} INFO - Sync 1 DAGs
[2023-05-11T19:10:53.372+0000] {logging_mixin.py:137} INFO - [2023-05-11T19:10:53.371+0000] {dag.py:3441} INFO - Setting next_dagrun for latest_only to 2023-05-11T15:10:53.371744+00:00, run_after=2023-05-11T19:10:53.371744+00:00
[2023-05-11T19:10:53.388+0000] {processor.py:175} INFO - Processing /home/airflow/.local/lib/python3.7/site-packages/airflow/example_dags/example_latest_only.py took 0.073 seconds
[2023-05-11T19:11:24.253+0000] {processor.py:153} INFO - Started process (PID=1255) to work on /home/airflow/.local/lib/python3.7/site-packages/airflow/example_dags/example_latest_only.py
[2023-05-11T19:11:24.254+0000] {processor.py:743} INFO - Processing file /home/airflow/.local/lib/python3.7/site-packages/airflow/example_dags/example_latest_only.py for tasks to queue
[2023-05-11T19:11:24.254+0000] {logging_mixin.py:137} INFO - [2023-05-11T19:11:24.254+0000] {dagbag.py:538} INFO - Filling up the DagBag from /home/airflow/.local/lib/python3.7/site-packages/airflow/example_dags/example_latest_only.py
[2023-05-11T19:11:24.262+0000] {processor.py:753} INFO - DAG(s) dict_keys(['latest_only']) retrieved from /home/airflow/.local/lib/python3.7/site-packages/airflow/example_dags/example_latest_only.py
[2023-05-11T19:11:24.278+0000] {logging_mixin.py:137} INFO - [2023-05-11T19:11:24.278+0000] {dag.py:2690} INFO - Sync 1 DAGs
[2023-05-11T19:11:24.294+0000] {logging_mixin.py:137} INFO - [2023-05-11T19:11:24.294+0000] {dag.py:3441} INFO - Setting next_dagrun for latest_only to 2023-05-11T15:11:24.293947+00:00, run_after=2023-05-11T19:11:24.293947+00:00
[2023-05-11T19:11:24.306+0000] {processor.py:175} INFO - Processing /home/airflow/.local/lib/python3.7/site-packages/airflow/example_dags/example_latest_only.py took 0.055 seconds
[2023-05-11T19:14:01.088+0000] {processor.py:153} INFO - Started process (PID=296) to work on /home/airflow/.local/lib/python3.7/site-packages/airflow/example_dags/example_latest_only.py
[2023-05-11T19:14:01.088+0000] {processor.py:743} INFO - Processing file /home/airflow/.local/lib/python3.7/site-packages/airflow/example_dags/example_latest_only.py for tasks to queue
[2023-05-11T19:14:01.089+0000] {logging_mixin.py:137} INFO - [2023-05-11T19:14:01.089+0000] {dagbag.py:538} INFO - Filling up the DagBag from /home/airflow/.local/lib/python3.7/site-packages/airflow/example_dags/example_latest_only.py
[2023-05-11T19:14:01.099+0000] {processor.py:753} INFO - DAG(s) dict_keys(['latest_only']) retrieved from /home/airflow/.local/lib/python3.7/site-packages/airflow/example_dags/example_latest_only.py
[2023-05-11T19:14:01.108+0000] {logging_mixin.py:137} INFO - [2023-05-11T19:14:01.108+0000] {dag.py:2690} INFO - Sync 1 DAGs
[2023-05-11T19:14:01.128+0000] {logging_mixin.py:137} INFO - [2023-05-11T19:14:01.127+0000] {dag.py:3441} INFO - Setting next_dagrun for latest_only to 2023-05-11T15:14:01.127637+00:00, run_after=2023-05-11T19:14:01.127637+00:00
[2023-05-11T19:14:01.141+0000] {processor.py:175} INFO - Processing /home/airflow/.local/lib/python3.7/site-packages/airflow/example_dags/example_latest_only.py took 0.054 seconds
[2023-05-11T19:14:32.103+0000] {processor.py:153} INFO - Started process (PID=528) to work on /home/airflow/.local/lib/python3.7/site-packages/airflow/example_dags/example_latest_only.py
[2023-05-11T19:14:32.104+0000] {processor.py:743} INFO - Processing file /home/airflow/.local/lib/python3.7/site-packages/airflow/example_dags/example_latest_only.py for tasks to queue
[2023-05-11T19:14:32.105+0000] {logging_mixin.py:137} INFO - [2023-05-11T19:14:32.104+0000] {dagbag.py:538} INFO - Filling up the DagBag from /home/airflow/.local/lib/python3.7/site-packages/airflow/example_dags/example_latest_only.py
[2023-05-11T19:14:32.116+0000] {processor.py:753} INFO - DAG(s) dict_keys(['latest_only']) retrieved from /home/airflow/.local/lib/python3.7/site-packages/airflow/example_dags/example_latest_only.py
[2023-05-11T19:14:32.138+0000] {logging_mixin.py:137} INFO - [2023-05-11T19:14:32.138+0000] {dag.py:2690} INFO - Sync 1 DAGs
[2023-05-11T19:14:32.160+0000] {logging_mixin.py:137} INFO - [2023-05-11T19:14:32.160+0000] {dag.py:3441} INFO - Setting next_dagrun for latest_only to 2023-05-11T15:14:32.159862+00:00, run_after=2023-05-11T19:14:32.159862+00:00
[2023-05-11T19:14:32.176+0000] {processor.py:175} INFO - Processing /home/airflow/.local/lib/python3.7/site-packages/airflow/example_dags/example_latest_only.py took 0.075 seconds
[2023-05-11T19:15:02.248+0000] {processor.py:153} INFO - Started process (PID=778) to work on /home/airflow/.local/lib/python3.7/site-packages/airflow/example_dags/example_latest_only.py
[2023-05-11T19:15:02.249+0000] {processor.py:743} INFO - Processing file /home/airflow/.local/lib/python3.7/site-packages/airflow/example_dags/example_latest_only.py for tasks to queue
[2023-05-11T19:15:02.249+0000] {logging_mixin.py:137} INFO - [2023-05-11T19:15:02.249+0000] {dagbag.py:538} INFO - Filling up the DagBag from /home/airflow/.local/lib/python3.7/site-packages/airflow/example_dags/example_latest_only.py
[2023-05-11T19:15:02.257+0000] {processor.py:753} INFO - DAG(s) dict_keys(['latest_only']) retrieved from /home/airflow/.local/lib/python3.7/site-packages/airflow/example_dags/example_latest_only.py
[2023-05-11T19:15:02.274+0000] {logging_mixin.py:137} INFO - [2023-05-11T19:15:02.273+0000] {dag.py:2690} INFO - Sync 1 DAGs
[2023-05-11T19:15:02.290+0000] {logging_mixin.py:137} INFO - [2023-05-11T19:15:02.290+0000] {dag.py:3441} INFO - Setting next_dagrun for latest_only to 2023-05-11T15:15:02.290012+00:00, run_after=2023-05-11T19:15:02.290012+00:00
[2023-05-11T19:15:02.303+0000] {processor.py:175} INFO - Processing /home/airflow/.local/lib/python3.7/site-packages/airflow/example_dags/example_latest_only.py took 0.056 seconds
[2023-05-11T19:15:33.389+0000] {processor.py:153} INFO - Started process (PID=1008) to work on /home/airflow/.local/lib/python3.7/site-packages/airflow/example_dags/example_latest_only.py
[2023-05-11T19:15:33.389+0000] {processor.py:743} INFO - Processing file /home/airflow/.local/lib/python3.7/site-packages/airflow/example_dags/example_latest_only.py for tasks to queue
[2023-05-11T19:15:33.390+0000] {logging_mixin.py:137} INFO - [2023-05-11T19:15:33.390+0000] {dagbag.py:538} INFO - Filling up the DagBag from /home/airflow/.local/lib/python3.7/site-packages/airflow/example_dags/example_latest_only.py
[2023-05-11T19:15:33.401+0000] {processor.py:753} INFO - DAG(s) dict_keys(['latest_only']) retrieved from /home/airflow/.local/lib/python3.7/site-packages/airflow/example_dags/example_latest_only.py
[2023-05-11T19:15:33.424+0000] {logging_mixin.py:137} INFO - [2023-05-11T19:15:33.424+0000] {dag.py:2690} INFO - Sync 1 DAGs
[2023-05-11T19:15:33.447+0000] {logging_mixin.py:137} INFO - [2023-05-11T19:15:33.447+0000] {dag.py:3441} INFO - Setting next_dagrun for latest_only to 2023-05-11T15:15:33.446767+00:00, run_after=2023-05-11T19:15:33.446767+00:00
[2023-05-11T19:15:33.469+0000] {processor.py:175} INFO - Processing /home/airflow/.local/lib/python3.7/site-packages/airflow/example_dags/example_latest_only.py took 0.083 seconds
[2023-05-11T19:16:03.733+0000] {processor.py:153} INFO - Started process (PID=1254) to work on /home/airflow/.local/lib/python3.7/site-packages/airflow/example_dags/example_latest_only.py
[2023-05-11T19:16:03.734+0000] {processor.py:743} INFO - Processing file /home/airflow/.local/lib/python3.7/site-packages/airflow/example_dags/example_latest_only.py for tasks to queue
[2023-05-11T19:16:03.734+0000] {logging_mixin.py:137} INFO - [2023-05-11T19:16:03.734+0000] {dagbag.py:538} INFO - Filling up the DagBag from /home/airflow/.local/lib/python3.7/site-packages/airflow/example_dags/example_latest_only.py
[2023-05-11T19:16:03.746+0000] {processor.py:753} INFO - DAG(s) dict_keys(['latest_only']) retrieved from /home/airflow/.local/lib/python3.7/site-packages/airflow/example_dags/example_latest_only.py
[2023-05-11T19:16:03.770+0000] {logging_mixin.py:137} INFO - [2023-05-11T19:16:03.770+0000] {dag.py:2690} INFO - Sync 1 DAGs
[2023-05-11T19:16:03.794+0000] {logging_mixin.py:137} INFO - [2023-05-11T19:16:03.794+0000] {dag.py:3441} INFO - Setting next_dagrun for latest_only to 2023-05-11T15:16:03.793975+00:00, run_after=2023-05-11T19:16:03.793975+00:00
[2023-05-11T19:16:03.810+0000] {processor.py:175} INFO - Processing /home/airflow/.local/lib/python3.7/site-packages/airflow/example_dags/example_latest_only.py took 0.080 seconds
[2023-05-11T19:16:34.062+0000] {processor.py:153} INFO - Started process (PID=1486) to work on /home/airflow/.local/lib/python3.7/site-packages/airflow/example_dags/example_latest_only.py
[2023-05-11T19:16:34.062+0000] {processor.py:743} INFO - Processing file /home/airflow/.local/lib/python3.7/site-packages/airflow/example_dags/example_latest_only.py for tasks to queue
[2023-05-11T19:16:34.063+0000] {logging_mixin.py:137} INFO - [2023-05-11T19:16:34.062+0000] {dagbag.py:538} INFO - Filling up the DagBag from /home/airflow/.local/lib/python3.7/site-packages/airflow/example_dags/example_latest_only.py
[2023-05-11T19:16:34.071+0000] {processor.py:753} INFO - DAG(s) dict_keys(['latest_only']) retrieved from /home/airflow/.local/lib/python3.7/site-packages/airflow/example_dags/example_latest_only.py
[2023-05-11T19:16:34.087+0000] {logging_mixin.py:137} INFO - [2023-05-11T19:16:34.087+0000] {dag.py:2690} INFO - Sync 1 DAGs
[2023-05-11T19:16:34.105+0000] {logging_mixin.py:137} INFO - [2023-05-11T19:16:34.105+0000] {dag.py:3441} INFO - Setting next_dagrun for latest_only to 2023-05-11T15:16:34.105327+00:00, run_after=2023-05-11T19:16:34.105327+00:00
[2023-05-11T19:16:34.117+0000] {processor.py:175} INFO - Processing /home/airflow/.local/lib/python3.7/site-packages/airflow/example_dags/example_latest_only.py took 0.057 seconds
[2023-05-11T19:17:05.027+0000] {processor.py:153} INFO - Started process (PID=1734) to work on /home/airflow/.local/lib/python3.7/site-packages/airflow/example_dags/example_latest_only.py
[2023-05-11T19:17:05.028+0000] {processor.py:743} INFO - Processing file /home/airflow/.local/lib/python3.7/site-packages/airflow/example_dags/example_latest_only.py for tasks to queue
[2023-05-11T19:17:05.028+0000] {logging_mixin.py:137} INFO - [2023-05-11T19:17:05.028+0000] {dagbag.py:538} INFO - Filling up the DagBag from /home/airflow/.local/lib/python3.7/site-packages/airflow/example_dags/example_latest_only.py
[2023-05-11T19:17:05.040+0000] {processor.py:753} INFO - DAG(s) dict_keys(['latest_only']) retrieved from /home/airflow/.local/lib/python3.7/site-packages/airflow/example_dags/example_latest_only.py
[2023-05-11T19:17:05.062+0000] {logging_mixin.py:137} INFO - [2023-05-11T19:17:05.062+0000] {dag.py:2690} INFO - Sync 1 DAGs
[2023-05-11T19:17:05.086+0000] {logging_mixin.py:137} INFO - [2023-05-11T19:17:05.085+0000] {dag.py:3441} INFO - Setting next_dagrun for latest_only to 2023-05-11T15:17:05.085743+00:00, run_after=2023-05-11T19:17:05.085743+00:00
[2023-05-11T19:17:05.104+0000] {processor.py:175} INFO - Processing /home/airflow/.local/lib/python3.7/site-packages/airflow/example_dags/example_latest_only.py took 0.080 seconds
[2023-05-11T19:17:35.456+0000] {processor.py:153} INFO - Started process (PID=1982) to work on /home/airflow/.local/lib/python3.7/site-packages/airflow/example_dags/example_latest_only.py
[2023-05-11T19:17:35.457+0000] {processor.py:743} INFO - Processing file /home/airflow/.local/lib/python3.7/site-packages/airflow/example_dags/example_latest_only.py for tasks to queue
[2023-05-11T19:17:35.458+0000] {logging_mixin.py:137} INFO - [2023-05-11T19:17:35.458+0000] {dagbag.py:538} INFO - Filling up the DagBag from /home/airflow/.local/lib/python3.7/site-packages/airflow/example_dags/example_latest_only.py
[2023-05-11T19:17:35.470+0000] {processor.py:753} INFO - DAG(s) dict_keys(['latest_only']) retrieved from /home/airflow/.local/lib/python3.7/site-packages/airflow/example_dags/example_latest_only.py
[2023-05-11T19:17:35.493+0000] {logging_mixin.py:137} INFO - [2023-05-11T19:17:35.492+0000] {dag.py:2690} INFO - Sync 1 DAGs
[2023-05-11T19:17:35.515+0000] {logging_mixin.py:137} INFO - [2023-05-11T19:17:35.515+0000] {dag.py:3441} INFO - Setting next_dagrun for latest_only to 2023-05-11T15:17:35.515222+00:00, run_after=2023-05-11T19:17:35.515222+00:00
[2023-05-11T19:17:35.532+0000] {processor.py:175} INFO - Processing /home/airflow/.local/lib/python3.7/site-packages/airflow/example_dags/example_latest_only.py took 0.079 seconds
[2023-05-11T19:18:05.750+0000] {processor.py:153} INFO - Started process (PID=2221) to work on /home/airflow/.local/lib/python3.7/site-packages/airflow/example_dags/example_latest_only.py
[2023-05-11T19:18:05.751+0000] {processor.py:743} INFO - Processing file /home/airflow/.local/lib/python3.7/site-packages/airflow/example_dags/example_latest_only.py for tasks to queue
[2023-05-11T19:18:05.751+0000] {logging_mixin.py:137} INFO - [2023-05-11T19:18:05.751+0000] {dagbag.py:538} INFO - Filling up the DagBag from /home/airflow/.local/lib/python3.7/site-packages/airflow/example_dags/example_latest_only.py
[2023-05-11T19:18:05.759+0000] {processor.py:753} INFO - DAG(s) dict_keys(['latest_only']) retrieved from /home/airflow/.local/lib/python3.7/site-packages/airflow/example_dags/example_latest_only.py
[2023-05-11T19:18:05.775+0000] {logging_mixin.py:137} INFO - [2023-05-11T19:18:05.775+0000] {dag.py:2690} INFO - Sync 1 DAGs
[2023-05-11T19:18:05.791+0000] {logging_mixin.py:137} INFO - [2023-05-11T19:18:05.791+0000] {dag.py:3441} INFO - Setting next_dagrun for latest_only to 2023-05-11T15:18:05.791718+00:00, run_after=2023-05-11T19:18:05.791718+00:00
[2023-05-11T19:18:05.803+0000] {processor.py:175} INFO - Processing /home/airflow/.local/lib/python3.7/site-packages/airflow/example_dags/example_latest_only.py took 0.055 seconds
[2023-05-11T19:18:36.462+0000] {processor.py:153} INFO - Started process (PID=2470) to work on /home/airflow/.local/lib/python3.7/site-packages/airflow/example_dags/example_latest_only.py
[2023-05-11T19:18:36.463+0000] {processor.py:743} INFO - Processing file /home/airflow/.local/lib/python3.7/site-packages/airflow/example_dags/example_latest_only.py for tasks to queue
[2023-05-11T19:18:36.464+0000] {logging_mixin.py:137} INFO - [2023-05-11T19:18:36.463+0000] {dagbag.py:538} INFO - Filling up the DagBag from /home/airflow/.local/lib/python3.7/site-packages/airflow/example_dags/example_latest_only.py
[2023-05-11T19:18:36.479+0000] {processor.py:753} INFO - DAG(s) dict_keys(['latest_only']) retrieved from /home/airflow/.local/lib/python3.7/site-packages/airflow/example_dags/example_latest_only.py
[2023-05-11T19:18:36.512+0000] {logging_mixin.py:137} INFO - [2023-05-11T19:18:36.511+0000] {dag.py:2690} INFO - Sync 1 DAGs
[2023-05-11T19:18:36.544+0000] {logging_mixin.py:137} INFO - [2023-05-11T19:18:36.544+0000] {dag.py:3441} INFO - Setting next_dagrun for latest_only to 2023-05-11T15:18:36.544661+00:00, run_after=2023-05-11T19:18:36.544661+00:00
[2023-05-11T19:18:36.564+0000] {processor.py:175} INFO - Processing /home/airflow/.local/lib/python3.7/site-packages/airflow/example_dags/example_latest_only.py took 0.106 seconds
[2023-05-11T19:19:06.836+0000] {processor.py:153} INFO - Started process (PID=2704) to work on /home/airflow/.local/lib/python3.7/site-packages/airflow/example_dags/example_latest_only.py
[2023-05-11T19:19:06.837+0000] {processor.py:743} INFO - Processing file /home/airflow/.local/lib/python3.7/site-packages/airflow/example_dags/example_latest_only.py for tasks to queue
[2023-05-11T19:19:06.837+0000] {logging_mixin.py:137} INFO - [2023-05-11T19:19:06.837+0000] {dagbag.py:538} INFO - Filling up the DagBag from /home/airflow/.local/lib/python3.7/site-packages/airflow/example_dags/example_latest_only.py
[2023-05-11T19:19:06.852+0000] {processor.py:753} INFO - DAG(s) dict_keys(['latest_only']) retrieved from /home/airflow/.local/lib/python3.7/site-packages/airflow/example_dags/example_latest_only.py
[2023-05-11T19:19:06.875+0000] {logging_mixin.py:137} INFO - [2023-05-11T19:19:06.875+0000] {dag.py:2690} INFO - Sync 1 DAGs
[2023-05-11T19:19:06.897+0000] {logging_mixin.py:137} INFO - [2023-05-11T19:19:06.897+0000] {dag.py:3441} INFO - Setting next_dagrun for latest_only to 2023-05-11T15:19:06.897320+00:00, run_after=2023-05-11T19:19:06.897320+00:00
[2023-05-11T19:19:06.913+0000] {processor.py:175} INFO - Processing /home/airflow/.local/lib/python3.7/site-packages/airflow/example_dags/example_latest_only.py took 0.081 seconds
[2023-05-11T19:19:37.504+0000] {processor.py:153} INFO - Started process (PID=2950) to work on /home/airflow/.local/lib/python3.7/site-packages/airflow/example_dags/example_latest_only.py
[2023-05-11T19:19:37.505+0000] {processor.py:743} INFO - Processing file /home/airflow/.local/lib/python3.7/site-packages/airflow/example_dags/example_latest_only.py for tasks to queue
[2023-05-11T19:19:37.506+0000] {logging_mixin.py:137} INFO - [2023-05-11T19:19:37.505+0000] {dagbag.py:538} INFO - Filling up the DagBag from /home/airflow/.local/lib/python3.7/site-packages/airflow/example_dags/example_latest_only.py
[2023-05-11T19:19:37.522+0000] {processor.py:753} INFO - DAG(s) dict_keys(['latest_only']) retrieved from /home/airflow/.local/lib/python3.7/site-packages/airflow/example_dags/example_latest_only.py
[2023-05-11T19:19:37.546+0000] {logging_mixin.py:137} INFO - [2023-05-11T19:19:37.546+0000] {dag.py:2690} INFO - Sync 1 DAGs
[2023-05-11T19:19:37.574+0000] {logging_mixin.py:137} INFO - [2023-05-11T19:19:37.574+0000] {dag.py:3441} INFO - Setting next_dagrun for latest_only to 2023-05-11T15:19:37.573679+00:00, run_after=2023-05-11T19:19:37.573679+00:00
[2023-05-11T19:19:37.597+0000] {processor.py:175} INFO - Processing /home/airflow/.local/lib/python3.7/site-packages/airflow/example_dags/example_latest_only.py took 0.097 seconds
[2023-05-11T19:20:07.942+0000] {processor.py:153} INFO - Started process (PID=3183) to work on /home/airflow/.local/lib/python3.7/site-packages/airflow/example_dags/example_latest_only.py
[2023-05-11T19:20:07.943+0000] {processor.py:743} INFO - Processing file /home/airflow/.local/lib/python3.7/site-packages/airflow/example_dags/example_latest_only.py for tasks to queue
[2023-05-11T19:20:07.943+0000] {logging_mixin.py:137} INFO - [2023-05-11T19:20:07.943+0000] {dagbag.py:538} INFO - Filling up the DagBag from /home/airflow/.local/lib/python3.7/site-packages/airflow/example_dags/example_latest_only.py
[2023-05-11T19:20:07.955+0000] {processor.py:753} INFO - DAG(s) dict_keys(['latest_only']) retrieved from /home/airflow/.local/lib/python3.7/site-packages/airflow/example_dags/example_latest_only.py
[2023-05-11T19:20:07.977+0000] {logging_mixin.py:137} INFO - [2023-05-11T19:20:07.977+0000] {dag.py:2690} INFO - Sync 1 DAGs
[2023-05-11T19:20:08.002+0000] {logging_mixin.py:137} INFO - [2023-05-11T19:20:08.002+0000] {dag.py:3441} INFO - Setting next_dagrun for latest_only to 2023-05-11T15:20:08.002015+00:00, run_after=2023-05-11T19:20:08.002015+00:00
[2023-05-11T19:20:08.019+0000] {processor.py:175} INFO - Processing /home/airflow/.local/lib/python3.7/site-packages/airflow/example_dags/example_latest_only.py took 0.079 seconds
[2023-05-11T19:20:38.637+0000] {processor.py:153} INFO - Started process (PID=3430) to work on /home/airflow/.local/lib/python3.7/site-packages/airflow/example_dags/example_latest_only.py
[2023-05-11T19:20:38.638+0000] {processor.py:743} INFO - Processing file /home/airflow/.local/lib/python3.7/site-packages/airflow/example_dags/example_latest_only.py for tasks to queue
[2023-05-11T19:20:38.638+0000] {logging_mixin.py:137} INFO - [2023-05-11T19:20:38.638+0000] {dagbag.py:538} INFO - Filling up the DagBag from /home/airflow/.local/lib/python3.7/site-packages/airflow/example_dags/example_latest_only.py
[2023-05-11T19:20:38.649+0000] {processor.py:753} INFO - DAG(s) dict_keys(['latest_only']) retrieved from /home/airflow/.local/lib/python3.7/site-packages/airflow/example_dags/example_latest_only.py
[2023-05-11T19:20:38.689+0000] {logging_mixin.py:137} INFO - [2023-05-11T19:20:38.688+0000] {dag.py:2690} INFO - Sync 1 DAGs
[2023-05-11T19:20:38.710+0000] {logging_mixin.py:137} INFO - [2023-05-11T19:20:38.710+0000] {dag.py:3441} INFO - Setting next_dagrun for latest_only to 2023-05-11T15:20:38.710520+00:00, run_after=2023-05-11T19:20:38.710520+00:00
[2023-05-11T19:20:38.725+0000] {processor.py:175} INFO - Processing /home/airflow/.local/lib/python3.7/site-packages/airflow/example_dags/example_latest_only.py took 0.090 seconds
[2023-05-11T19:21:08.848+0000] {processor.py:153} INFO - Started process (PID=3662) to work on /home/airflow/.local/lib/python3.7/site-packages/airflow/example_dags/example_latest_only.py
[2023-05-11T19:21:08.848+0000] {processor.py:743} INFO - Processing file /home/airflow/.local/lib/python3.7/site-packages/airflow/example_dags/example_latest_only.py for tasks to queue
[2023-05-11T19:21:08.849+0000] {logging_mixin.py:137} INFO - [2023-05-11T19:21:08.849+0000] {dagbag.py:538} INFO - Filling up the DagBag from /home/airflow/.local/lib/python3.7/site-packages/airflow/example_dags/example_latest_only.py
[2023-05-11T19:21:08.860+0000] {processor.py:753} INFO - DAG(s) dict_keys(['latest_only']) retrieved from /home/airflow/.local/lib/python3.7/site-packages/airflow/example_dags/example_latest_only.py
[2023-05-11T19:21:08.881+0000] {logging_mixin.py:137} INFO - [2023-05-11T19:21:08.881+0000] {dag.py:2690} INFO - Sync 1 DAGs
[2023-05-11T19:21:08.903+0000] {logging_mixin.py:137} INFO - [2023-05-11T19:21:08.903+0000] {dag.py:3441} INFO - Setting next_dagrun for latest_only to 2023-05-11T15:21:08.903309+00:00, run_after=2023-05-11T19:21:08.903309+00:00
[2023-05-11T19:21:08.921+0000] {processor.py:175} INFO - Processing /home/airflow/.local/lib/python3.7/site-packages/airflow/example_dags/example_latest_only.py took 0.076 seconds
[2023-05-11T19:21:39.430+0000] {processor.py:153} INFO - Started process (PID=3910) to work on /home/airflow/.local/lib/python3.7/site-packages/airflow/example_dags/example_latest_only.py
[2023-05-11T19:21:39.430+0000] {processor.py:743} INFO - Processing file /home/airflow/.local/lib/python3.7/site-packages/airflow/example_dags/example_latest_only.py for tasks to queue
[2023-05-11T19:21:39.431+0000] {logging_mixin.py:137} INFO - [2023-05-11T19:21:39.431+0000] {dagbag.py:538} INFO - Filling up the DagBag from /home/airflow/.local/lib/python3.7/site-packages/airflow/example_dags/example_latest_only.py
[2023-05-11T19:21:39.440+0000] {processor.py:753} INFO - DAG(s) dict_keys(['latest_only']) retrieved from /home/airflow/.local/lib/python3.7/site-packages/airflow/example_dags/example_latest_only.py
[2023-05-11T19:21:39.458+0000] {logging_mixin.py:137} INFO - [2023-05-11T19:21:39.458+0000] {dag.py:2690} INFO - Sync 1 DAGs
[2023-05-11T19:21:39.474+0000] {logging_mixin.py:137} INFO - [2023-05-11T19:21:39.473+0000] {dag.py:3441} INFO - Setting next_dagrun for latest_only to 2023-05-11T15:21:39.473769+00:00, run_after=2023-05-11T19:21:39.473769+00:00
[2023-05-11T19:21:39.485+0000] {processor.py:175} INFO - Processing /home/airflow/.local/lib/python3.7/site-packages/airflow/example_dags/example_latest_only.py took 0.058 seconds
[2023-05-11T19:22:09.687+0000] {processor.py:153} INFO - Started process (PID=4144) to work on /home/airflow/.local/lib/python3.7/site-packages/airflow/example_dags/example_latest_only.py
[2023-05-11T19:22:09.688+0000] {processor.py:743} INFO - Processing file /home/airflow/.local/lib/python3.7/site-packages/airflow/example_dags/example_latest_only.py for tasks to queue
[2023-05-11T19:22:09.688+0000] {logging_mixin.py:137} INFO - [2023-05-11T19:22:09.688+0000] {dagbag.py:538} INFO - Filling up the DagBag from /home/airflow/.local/lib/python3.7/site-packages/airflow/example_dags/example_latest_only.py
[2023-05-11T19:22:09.699+0000] {processor.py:753} INFO - DAG(s) dict_keys(['latest_only']) retrieved from /home/airflow/.local/lib/python3.7/site-packages/airflow/example_dags/example_latest_only.py
[2023-05-11T19:22:09.721+0000] {logging_mixin.py:137} INFO - [2023-05-11T19:22:09.721+0000] {dag.py:2690} INFO - Sync 1 DAGs
[2023-05-11T19:22:09.743+0000] {logging_mixin.py:137} INFO - [2023-05-11T19:22:09.743+0000] {dag.py:3441} INFO - Setting next_dagrun for latest_only to 2023-05-11T15:22:09.743666+00:00, run_after=2023-05-11T19:22:09.743666+00:00
[2023-05-11T19:22:09.759+0000] {processor.py:175} INFO - Processing /home/airflow/.local/lib/python3.7/site-packages/airflow/example_dags/example_latest_only.py took 0.074 seconds
[2023-05-11T19:22:40.278+0000] {processor.py:153} INFO - Started process (PID=4391) to work on /home/airflow/.local/lib/python3.7/site-packages/airflow/example_dags/example_latest_only.py
[2023-05-11T19:22:40.279+0000] {processor.py:743} INFO - Processing file /home/airflow/.local/lib/python3.7/site-packages/airflow/example_dags/example_latest_only.py for tasks to queue
[2023-05-11T19:22:40.279+0000] {logging_mixin.py:137} INFO - [2023-05-11T19:22:40.279+0000] {dagbag.py:538} INFO - Filling up the DagBag from /home/airflow/.local/lib/python3.7/site-packages/airflow/example_dags/example_latest_only.py
[2023-05-11T19:22:40.289+0000] {processor.py:753} INFO - DAG(s) dict_keys(['latest_only']) retrieved from /home/airflow/.local/lib/python3.7/site-packages/airflow/example_dags/example_latest_only.py
[2023-05-11T19:22:40.313+0000] {logging_mixin.py:137} INFO - [2023-05-11T19:22:40.313+0000] {dag.py:2690} INFO - Sync 1 DAGs
[2023-05-11T19:22:40.337+0000] {logging_mixin.py:137} INFO - [2023-05-11T19:22:40.337+0000] {dag.py:3441} INFO - Setting next_dagrun for latest_only to 2023-05-11T15:22:40.337425+00:00, run_after=2023-05-11T19:22:40.337425+00:00
[2023-05-11T19:22:40.354+0000] {processor.py:175} INFO - Processing /home/airflow/.local/lib/python3.7/site-packages/airflow/example_dags/example_latest_only.py took 0.079 seconds
[2023-05-11T19:23:10.610+0000] {processor.py:153} INFO - Started process (PID=4625) to work on /home/airflow/.local/lib/python3.7/site-packages/airflow/example_dags/example_latest_only.py
[2023-05-11T19:23:10.611+0000] {processor.py:743} INFO - Processing file /home/airflow/.local/lib/python3.7/site-packages/airflow/example_dags/example_latest_only.py for tasks to queue
[2023-05-11T19:23:10.611+0000] {logging_mixin.py:137} INFO - [2023-05-11T19:23:10.611+0000] {dagbag.py:538} INFO - Filling up the DagBag from /home/airflow/.local/lib/python3.7/site-packages/airflow/example_dags/example_latest_only.py
[2023-05-11T19:23:10.625+0000] {processor.py:753} INFO - DAG(s) dict_keys(['latest_only']) retrieved from /home/airflow/.local/lib/python3.7/site-packages/airflow/example_dags/example_latest_only.py
[2023-05-11T19:23:10.669+0000] {logging_mixin.py:137} INFO - [2023-05-11T19:23:10.669+0000] {dag.py:2690} INFO - Sync 1 DAGs
[2023-05-11T19:23:10.691+0000] {logging_mixin.py:137} INFO - [2023-05-11T19:23:10.690+0000] {dag.py:3441} INFO - Setting next_dagrun for latest_only to 2023-05-11T15:23:10.690804+00:00, run_after=2023-05-11T19:23:10.690804+00:00
[2023-05-11T19:23:10.707+0000] {processor.py:175} INFO - Processing /home/airflow/.local/lib/python3.7/site-packages/airflow/example_dags/example_latest_only.py took 0.099 seconds
[2023-05-11T19:23:41.737+0000] {processor.py:153} INFO - Started process (PID=4872) to work on /home/airflow/.local/lib/python3.7/site-packages/airflow/example_dags/example_latest_only.py
[2023-05-11T19:23:41.737+0000] {processor.py:743} INFO - Processing file /home/airflow/.local/lib/python3.7/site-packages/airflow/example_dags/example_latest_only.py for tasks to queue
[2023-05-11T19:23:41.738+0000] {logging_mixin.py:137} INFO - [2023-05-11T19:23:41.738+0000] {dagbag.py:538} INFO - Filling up the DagBag from /home/airflow/.local/lib/python3.7/site-packages/airflow/example_dags/example_latest_only.py
[2023-05-11T19:23:41.752+0000] {processor.py:753} INFO - DAG(s) dict_keys(['latest_only']) retrieved from /home/airflow/.local/lib/python3.7/site-packages/airflow/example_dags/example_latest_only.py
[2023-05-11T19:23:41.777+0000] {logging_mixin.py:137} INFO - [2023-05-11T19:23:41.777+0000] {dag.py:2690} INFO - Sync 1 DAGs
[2023-05-11T19:23:41.804+0000] {logging_mixin.py:137} INFO - [2023-05-11T19:23:41.804+0000] {dag.py:3441} INFO - Setting next_dagrun for latest_only to 2023-05-11T15:23:41.804311+00:00, run_after=2023-05-11T19:23:41.804311+00:00
[2023-05-11T19:23:41.825+0000] {processor.py:175} INFO - Processing /home/airflow/.local/lib/python3.7/site-packages/airflow/example_dags/example_latest_only.py took 0.091 seconds
[2023-05-11T19:24:12.439+0000] {processor.py:153} INFO - Started process (PID=5104) to work on /home/airflow/.local/lib/python3.7/site-packages/airflow/example_dags/example_latest_only.py
[2023-05-11T19:24:12.440+0000] {processor.py:743} INFO - Processing file /home/airflow/.local/lib/python3.7/site-packages/airflow/example_dags/example_latest_only.py for tasks to queue
[2023-05-11T19:24:12.440+0000] {logging_mixin.py:137} INFO - [2023-05-11T19:24:12.440+0000] {dagbag.py:538} INFO - Filling up the DagBag from /home/airflow/.local/lib/python3.7/site-packages/airflow/example_dags/example_latest_only.py
[2023-05-11T19:24:12.454+0000] {processor.py:753} INFO - DAG(s) dict_keys(['latest_only']) retrieved from /home/airflow/.local/lib/python3.7/site-packages/airflow/example_dags/example_latest_only.py
[2023-05-11T19:24:12.476+0000] {logging_mixin.py:137} INFO - [2023-05-11T19:24:12.476+0000] {dag.py:2690} INFO - Sync 1 DAGs
[2023-05-11T19:24:12.501+0000] {logging_mixin.py:137} INFO - [2023-05-11T19:24:12.501+0000] {dag.py:3441} INFO - Setting next_dagrun for latest_only to 2023-05-11T15:24:12.500851+00:00, run_after=2023-05-11T19:24:12.500851+00:00
[2023-05-11T19:24:12.526+0000] {processor.py:175} INFO - Processing /home/airflow/.local/lib/python3.7/site-packages/airflow/example_dags/example_latest_only.py took 0.091 seconds
[2023-05-11T19:24:42.833+0000] {processor.py:153} INFO - Started process (PID=5352) to work on /home/airflow/.local/lib/python3.7/site-packages/airflow/example_dags/example_latest_only.py
[2023-05-11T19:24:42.834+0000] {processor.py:743} INFO - Processing file /home/airflow/.local/lib/python3.7/site-packages/airflow/example_dags/example_latest_only.py for tasks to queue
[2023-05-11T19:24:42.835+0000] {logging_mixin.py:137} INFO - [2023-05-11T19:24:42.835+0000] {dagbag.py:538} INFO - Filling up the DagBag from /home/airflow/.local/lib/python3.7/site-packages/airflow/example_dags/example_latest_only.py
[2023-05-11T19:24:42.844+0000] {processor.py:753} INFO - DAG(s) dict_keys(['latest_only']) retrieved from /home/airflow/.local/lib/python3.7/site-packages/airflow/example_dags/example_latest_only.py
[2023-05-11T19:24:42.863+0000] {logging_mixin.py:137} INFO - [2023-05-11T19:24:42.863+0000] {dag.py:2690} INFO - Sync 1 DAGs
[2023-05-11T19:24:42.882+0000] {logging_mixin.py:137} INFO - [2023-05-11T19:24:42.882+0000] {dag.py:3441} INFO - Setting next_dagrun for latest_only to 2023-05-11T15:24:42.881976+00:00, run_after=2023-05-11T19:24:42.881976+00:00
[2023-05-11T19:24:42.895+0000] {processor.py:175} INFO - Processing /home/airflow/.local/lib/python3.7/site-packages/airflow/example_dags/example_latest_only.py took 0.063 seconds
[2023-05-11T19:25:28.623+0000] {processor.py:153} INFO - Started process (PID=294) to work on /home/airflow/.local/lib/python3.7/site-packages/airflow/example_dags/example_latest_only.py
[2023-05-11T19:25:28.624+0000] {processor.py:743} INFO - Processing file /home/airflow/.local/lib/python3.7/site-packages/airflow/example_dags/example_latest_only.py for tasks to queue
[2023-05-11T19:25:28.624+0000] {logging_mixin.py:137} INFO - [2023-05-11T19:25:28.624+0000] {dagbag.py:538} INFO - Filling up the DagBag from /home/airflow/.local/lib/python3.7/site-packages/airflow/example_dags/example_latest_only.py
[2023-05-11T19:25:28.636+0000] {processor.py:753} INFO - DAG(s) dict_keys(['latest_only']) retrieved from /home/airflow/.local/lib/python3.7/site-packages/airflow/example_dags/example_latest_only.py
[2023-05-11T19:25:28.650+0000] {logging_mixin.py:137} INFO - [2023-05-11T19:25:28.650+0000] {dag.py:2690} INFO - Sync 1 DAGs
[2023-05-11T19:25:28.686+0000] {logging_mixin.py:137} INFO - [2023-05-11T19:25:28.685+0000] {dag.py:3441} INFO - Setting next_dagrun for latest_only to 2023-05-11T15:25:28.685717+00:00, run_after=2023-05-11T19:25:28.685717+00:00
[2023-05-11T19:25:28.709+0000] {processor.py:175} INFO - Processing /home/airflow/.local/lib/python3.7/site-packages/airflow/example_dags/example_latest_only.py took 0.089 seconds
[2023-05-11T19:25:59.487+0000] {processor.py:153} INFO - Started process (PID=528) to work on /home/airflow/.local/lib/python3.7/site-packages/airflow/example_dags/example_latest_only.py
[2023-05-11T19:25:59.488+0000] {processor.py:743} INFO - Processing file /home/airflow/.local/lib/python3.7/site-packages/airflow/example_dags/example_latest_only.py for tasks to queue
[2023-05-11T19:25:59.488+0000] {logging_mixin.py:137} INFO - [2023-05-11T19:25:59.488+0000] {dagbag.py:538} INFO - Filling up the DagBag from /home/airflow/.local/lib/python3.7/site-packages/airflow/example_dags/example_latest_only.py
[2023-05-11T19:25:59.497+0000] {processor.py:753} INFO - DAG(s) dict_keys(['latest_only']) retrieved from /home/airflow/.local/lib/python3.7/site-packages/airflow/example_dags/example_latest_only.py
[2023-05-11T19:25:59.514+0000] {logging_mixin.py:137} INFO - [2023-05-11T19:25:59.514+0000] {dag.py:2690} INFO - Sync 1 DAGs
[2023-05-11T19:25:59.530+0000] {logging_mixin.py:137} INFO - [2023-05-11T19:25:59.530+0000] {dag.py:3441} INFO - Setting next_dagrun for latest_only to 2023-05-11T15:25:59.529827+00:00, run_after=2023-05-11T19:25:59.529827+00:00
[2023-05-11T19:25:59.541+0000] {processor.py:175} INFO - Processing /home/airflow/.local/lib/python3.7/site-packages/airflow/example_dags/example_latest_only.py took 0.056 seconds
[2023-05-11T19:26:29.768+0000] {processor.py:153} INFO - Started process (PID=774) to work on /home/airflow/.local/lib/python3.7/site-packages/airflow/example_dags/example_latest_only.py
[2023-05-11T19:26:29.768+0000] {processor.py:743} INFO - Processing file /home/airflow/.local/lib/python3.7/site-packages/airflow/example_dags/example_latest_only.py for tasks to queue
[2023-05-11T19:26:29.769+0000] {logging_mixin.py:137} INFO - [2023-05-11T19:26:29.769+0000] {dagbag.py:538} INFO - Filling up the DagBag from /home/airflow/.local/lib/python3.7/site-packages/airflow/example_dags/example_latest_only.py
[2023-05-11T19:26:29.783+0000] {processor.py:753} INFO - DAG(s) dict_keys(['latest_only']) retrieved from /home/airflow/.local/lib/python3.7/site-packages/airflow/example_dags/example_latest_only.py
[2023-05-11T19:26:29.805+0000] {logging_mixin.py:137} INFO - [2023-05-11T19:26:29.805+0000] {dag.py:2690} INFO - Sync 1 DAGs
[2023-05-11T19:26:29.826+0000] {logging_mixin.py:137} INFO - [2023-05-11T19:26:29.826+0000] {dag.py:3441} INFO - Setting next_dagrun for latest_only to 2023-05-11T15:26:29.826544+00:00, run_after=2023-05-11T19:26:29.826544+00:00
[2023-05-11T19:26:29.841+0000] {processor.py:175} INFO - Processing /home/airflow/.local/lib/python3.7/site-packages/airflow/example_dags/example_latest_only.py took 0.077 seconds
[2023-05-11T19:27:00.182+0000] {processor.py:153} INFO - Started process (PID=1006) to work on /home/airflow/.local/lib/python3.7/site-packages/airflow/example_dags/example_latest_only.py
[2023-05-11T19:27:00.183+0000] {processor.py:743} INFO - Processing file /home/airflow/.local/lib/python3.7/site-packages/airflow/example_dags/example_latest_only.py for tasks to queue
[2023-05-11T19:27:00.184+0000] {logging_mixin.py:137} INFO - [2023-05-11T19:27:00.183+0000] {dagbag.py:538} INFO - Filling up the DagBag from /home/airflow/.local/lib/python3.7/site-packages/airflow/example_dags/example_latest_only.py
[2023-05-11T19:27:00.194+0000] {processor.py:753} INFO - DAG(s) dict_keys(['latest_only']) retrieved from /home/airflow/.local/lib/python3.7/site-packages/airflow/example_dags/example_latest_only.py
[2023-05-11T19:27:00.217+0000] {logging_mixin.py:137} INFO - [2023-05-11T19:27:00.217+0000] {dag.py:2690} INFO - Sync 1 DAGs
[2023-05-11T19:27:00.240+0000] {logging_mixin.py:137} INFO - [2023-05-11T19:27:00.240+0000] {dag.py:3441} INFO - Setting next_dagrun for latest_only to 2023-05-11T15:27:00.240141+00:00, run_after=2023-05-11T19:27:00.240141+00:00
[2023-05-11T19:27:00.256+0000] {processor.py:175} INFO - Processing /home/airflow/.local/lib/python3.7/site-packages/airflow/example_dags/example_latest_only.py took 0.076 seconds
[2023-05-11T19:27:30.538+0000] {processor.py:153} INFO - Started process (PID=1256) to work on /home/airflow/.local/lib/python3.7/site-packages/airflow/example_dags/example_latest_only.py
[2023-05-11T19:27:30.539+0000] {processor.py:743} INFO - Processing file /home/airflow/.local/lib/python3.7/site-packages/airflow/example_dags/example_latest_only.py for tasks to queue
[2023-05-11T19:27:30.539+0000] {logging_mixin.py:137} INFO - [2023-05-11T19:27:30.539+0000] {dagbag.py:538} INFO - Filling up the DagBag from /home/airflow/.local/lib/python3.7/site-packages/airflow/example_dags/example_latest_only.py
[2023-05-11T19:27:30.547+0000] {processor.py:753} INFO - DAG(s) dict_keys(['latest_only']) retrieved from /home/airflow/.local/lib/python3.7/site-packages/airflow/example_dags/example_latest_only.py
[2023-05-11T19:27:30.565+0000] {logging_mixin.py:137} INFO - [2023-05-11T19:27:30.565+0000] {dag.py:2690} INFO - Sync 1 DAGs
[2023-05-11T19:27:30.582+0000] {logging_mixin.py:137} INFO - [2023-05-11T19:27:30.582+0000] {dag.py:3441} INFO - Setting next_dagrun for latest_only to 2023-05-11T15:27:30.582745+00:00, run_after=2023-05-11T19:27:30.582745+00:00
[2023-05-11T19:27:30.595+0000] {processor.py:175} INFO - Processing /home/airflow/.local/lib/python3.7/site-packages/airflow/example_dags/example_latest_only.py took 0.059 seconds
[2023-05-11T19:28:01.800+0000] {processor.py:153} INFO - Started process (PID=1488) to work on /home/airflow/.local/lib/python3.7/site-packages/airflow/example_dags/example_latest_only.py
[2023-05-11T19:28:01.800+0000] {processor.py:743} INFO - Processing file /home/airflow/.local/lib/python3.7/site-packages/airflow/example_dags/example_latest_only.py for tasks to queue
[2023-05-11T19:28:01.801+0000] {logging_mixin.py:137} INFO - [2023-05-11T19:28:01.801+0000] {dagbag.py:538} INFO - Filling up the DagBag from /home/airflow/.local/lib/python3.7/site-packages/airflow/example_dags/example_latest_only.py
[2023-05-11T19:28:01.813+0000] {processor.py:753} INFO - DAG(s) dict_keys(['latest_only']) retrieved from /home/airflow/.local/lib/python3.7/site-packages/airflow/example_dags/example_latest_only.py
[2023-05-11T19:28:01.836+0000] {logging_mixin.py:137} INFO - [2023-05-11T19:28:01.836+0000] {dag.py:2690} INFO - Sync 1 DAGs
[2023-05-11T19:28:01.858+0000] {logging_mixin.py:137} INFO - [2023-05-11T19:28:01.858+0000] {dag.py:3441} INFO - Setting next_dagrun for latest_only to 2023-05-11T15:28:01.858488+00:00, run_after=2023-05-11T19:28:01.858488+00:00
[2023-05-11T19:28:01.875+0000] {processor.py:175} INFO - Processing /home/airflow/.local/lib/python3.7/site-packages/airflow/example_dags/example_latest_only.py took 0.078 seconds
[2023-05-11T19:28:31.937+0000] {processor.py:153} INFO - Started process (PID=1736) to work on /home/airflow/.local/lib/python3.7/site-packages/airflow/example_dags/example_latest_only.py
[2023-05-11T19:28:31.937+0000] {processor.py:743} INFO - Processing file /home/airflow/.local/lib/python3.7/site-packages/airflow/example_dags/example_latest_only.py for tasks to queue
[2023-05-11T19:28:31.938+0000] {logging_mixin.py:137} INFO - [2023-05-11T19:28:31.938+0000] {dagbag.py:538} INFO - Filling up the DagBag from /home/airflow/.local/lib/python3.7/site-packages/airflow/example_dags/example_latest_only.py
[2023-05-11T19:28:31.945+0000] {processor.py:753} INFO - DAG(s) dict_keys(['latest_only']) retrieved from /home/airflow/.local/lib/python3.7/site-packages/airflow/example_dags/example_latest_only.py
[2023-05-11T19:28:31.962+0000] {logging_mixin.py:137} INFO - [2023-05-11T19:28:31.962+0000] {dag.py:2690} INFO - Sync 1 DAGs
[2023-05-11T19:28:31.978+0000] {logging_mixin.py:137} INFO - [2023-05-11T19:28:31.978+0000] {dag.py:3441} INFO - Setting next_dagrun for latest_only to 2023-05-11T15:28:31.977963+00:00, run_after=2023-05-11T19:28:31.977963+00:00
[2023-05-11T19:28:31.990+0000] {processor.py:175} INFO - Processing /home/airflow/.local/lib/python3.7/site-packages/airflow/example_dags/example_latest_only.py took 0.056 seconds
[2023-05-11T19:29:02.371+0000] {processor.py:153} INFO - Started process (PID=1967) to work on /home/airflow/.local/lib/python3.7/site-packages/airflow/example_dags/example_latest_only.py
[2023-05-11T19:29:02.372+0000] {processor.py:743} INFO - Processing file /home/airflow/.local/lib/python3.7/site-packages/airflow/example_dags/example_latest_only.py for tasks to queue
[2023-05-11T19:29:02.372+0000] {logging_mixin.py:137} INFO - [2023-05-11T19:29:02.372+0000] {dagbag.py:538} INFO - Filling up the DagBag from /home/airflow/.local/lib/python3.7/site-packages/airflow/example_dags/example_latest_only.py
[2023-05-11T19:29:02.384+0000] {processor.py:753} INFO - DAG(s) dict_keys(['latest_only']) retrieved from /home/airflow/.local/lib/python3.7/site-packages/airflow/example_dags/example_latest_only.py
[2023-05-11T19:29:02.405+0000] {logging_mixin.py:137} INFO - [2023-05-11T19:29:02.405+0000] {dag.py:2690} INFO - Sync 1 DAGs
[2023-05-11T19:29:02.426+0000] {logging_mixin.py:137} INFO - [2023-05-11T19:29:02.426+0000] {dag.py:3441} INFO - Setting next_dagrun for latest_only to 2023-05-11T15:29:02.426309+00:00, run_after=2023-05-11T19:29:02.426309+00:00
[2023-05-11T19:29:02.441+0000] {processor.py:175} INFO - Processing /home/airflow/.local/lib/python3.7/site-packages/airflow/example_dags/example_latest_only.py took 0.073 seconds
[2023-05-11T19:29:32.845+0000] {processor.py:153} INFO - Started process (PID=2219) to work on /home/airflow/.local/lib/python3.7/site-packages/airflow/example_dags/example_latest_only.py
[2023-05-11T19:29:32.846+0000] {processor.py:743} INFO - Processing file /home/airflow/.local/lib/python3.7/site-packages/airflow/example_dags/example_latest_only.py for tasks to queue
[2023-05-11T19:29:32.847+0000] {logging_mixin.py:137} INFO - [2023-05-11T19:29:32.847+0000] {dagbag.py:538} INFO - Filling up the DagBag from /home/airflow/.local/lib/python3.7/site-packages/airflow/example_dags/example_latest_only.py
[2023-05-11T19:29:32.858+0000] {processor.py:753} INFO - DAG(s) dict_keys(['latest_only']) retrieved from /home/airflow/.local/lib/python3.7/site-packages/airflow/example_dags/example_latest_only.py
[2023-05-11T19:29:32.881+0000] {logging_mixin.py:137} INFO - [2023-05-11T19:29:32.880+0000] {dag.py:2690} INFO - Sync 1 DAGs
[2023-05-11T19:29:32.903+0000] {logging_mixin.py:137} INFO - [2023-05-11T19:29:32.903+0000] {dag.py:3441} INFO - Setting next_dagrun for latest_only to 2023-05-11T15:29:32.902907+00:00, run_after=2023-05-11T19:29:32.902907+00:00
[2023-05-11T19:29:32.919+0000] {processor.py:175} INFO - Processing /home/airflow/.local/lib/python3.7/site-packages/airflow/example_dags/example_latest_only.py took 0.076 seconds
[2023-05-11T19:30:03.361+0000] {processor.py:153} INFO - Started process (PID=2449) to work on /home/airflow/.local/lib/python3.7/site-packages/airflow/example_dags/example_latest_only.py
[2023-05-11T19:30:03.361+0000] {processor.py:743} INFO - Processing file /home/airflow/.local/lib/python3.7/site-packages/airflow/example_dags/example_latest_only.py for tasks to queue
[2023-05-11T19:30:03.362+0000] {logging_mixin.py:137} INFO - [2023-05-11T19:30:03.362+0000] {dagbag.py:538} INFO - Filling up the DagBag from /home/airflow/.local/lib/python3.7/site-packages/airflow/example_dags/example_latest_only.py
[2023-05-11T19:30:03.373+0000] {processor.py:753} INFO - DAG(s) dict_keys(['latest_only']) retrieved from /home/airflow/.local/lib/python3.7/site-packages/airflow/example_dags/example_latest_only.py
[2023-05-11T19:30:03.395+0000] {logging_mixin.py:137} INFO - [2023-05-11T19:30:03.395+0000] {dag.py:2690} INFO - Sync 1 DAGs
[2023-05-11T19:30:03.418+0000] {logging_mixin.py:137} INFO - [2023-05-11T19:30:03.418+0000] {dag.py:3441} INFO - Setting next_dagrun for latest_only to 2023-05-11T15:30:03.418657+00:00, run_after=2023-05-11T19:30:03.418657+00:00
[2023-05-11T19:30:03.431+0000] {processor.py:175} INFO - Processing /home/airflow/.local/lib/python3.7/site-packages/airflow/example_dags/example_latest_only.py took 0.072 seconds
[2023-05-11T19:30:33.944+0000] {processor.py:153} INFO - Started process (PID=2699) to work on /home/airflow/.local/lib/python3.7/site-packages/airflow/example_dags/example_latest_only.py
[2023-05-11T19:30:33.945+0000] {processor.py:743} INFO - Processing file /home/airflow/.local/lib/python3.7/site-packages/airflow/example_dags/example_latest_only.py for tasks to queue
[2023-05-11T19:30:33.946+0000] {logging_mixin.py:137} INFO - [2023-05-11T19:30:33.946+0000] {dagbag.py:538} INFO - Filling up the DagBag from /home/airflow/.local/lib/python3.7/site-packages/airflow/example_dags/example_latest_only.py
[2023-05-11T19:30:33.954+0000] {processor.py:753} INFO - DAG(s) dict_keys(['latest_only']) retrieved from /home/airflow/.local/lib/python3.7/site-packages/airflow/example_dags/example_latest_only.py
[2023-05-11T19:30:33.973+0000] {logging_mixin.py:137} INFO - [2023-05-11T19:30:33.973+0000] {dag.py:2690} INFO - Sync 1 DAGs
[2023-05-11T19:30:33.992+0000] {logging_mixin.py:137} INFO - [2023-05-11T19:30:33.992+0000] {dag.py:3441} INFO - Setting next_dagrun for latest_only to 2023-05-11T15:30:33.992041+00:00, run_after=2023-05-11T19:30:33.992041+00:00
[2023-05-11T19:30:34.006+0000] {processor.py:175} INFO - Processing /home/airflow/.local/lib/python3.7/site-packages/airflow/example_dags/example_latest_only.py took 0.064 seconds
[2023-05-11T19:31:04.438+0000] {processor.py:153} INFO - Started process (PID=2929) to work on /home/airflow/.local/lib/python3.7/site-packages/airflow/example_dags/example_latest_only.py
[2023-05-11T19:31:04.439+0000] {processor.py:743} INFO - Processing file /home/airflow/.local/lib/python3.7/site-packages/airflow/example_dags/example_latest_only.py for tasks to queue
[2023-05-11T19:31:04.440+0000] {logging_mixin.py:137} INFO - [2023-05-11T19:31:04.440+0000] {dagbag.py:538} INFO - Filling up the DagBag from /home/airflow/.local/lib/python3.7/site-packages/airflow/example_dags/example_latest_only.py
[2023-05-11T19:31:04.458+0000] {processor.py:753} INFO - DAG(s) dict_keys(['latest_only']) retrieved from /home/airflow/.local/lib/python3.7/site-packages/airflow/example_dags/example_latest_only.py
[2023-05-11T19:31:04.490+0000] {logging_mixin.py:137} INFO - [2023-05-11T19:31:04.490+0000] {dag.py:2690} INFO - Sync 1 DAGs
[2023-05-11T19:31:04.522+0000] {logging_mixin.py:137} INFO - [2023-05-11T19:31:04.522+0000] {dag.py:3441} INFO - Setting next_dagrun for latest_only to 2023-05-11T15:31:04.522035+00:00, run_after=2023-05-11T19:31:04.522035+00:00
[2023-05-11T19:31:04.542+0000] {processor.py:175} INFO - Processing /home/airflow/.local/lib/python3.7/site-packages/airflow/example_dags/example_latest_only.py took 0.109 seconds
[2023-05-11T19:31:34.738+0000] {processor.py:153} INFO - Started process (PID=3179) to work on /home/airflow/.local/lib/python3.7/site-packages/airflow/example_dags/example_latest_only.py
[2023-05-11T19:31:34.738+0000] {processor.py:743} INFO - Processing file /home/airflow/.local/lib/python3.7/site-packages/airflow/example_dags/example_latest_only.py for tasks to queue
[2023-05-11T19:31:34.739+0000] {logging_mixin.py:137} INFO - [2023-05-11T19:31:34.739+0000] {dagbag.py:538} INFO - Filling up the DagBag from /home/airflow/.local/lib/python3.7/site-packages/airflow/example_dags/example_latest_only.py
[2023-05-11T19:31:34.746+0000] {processor.py:753} INFO - DAG(s) dict_keys(['latest_only']) retrieved from /home/airflow/.local/lib/python3.7/site-packages/airflow/example_dags/example_latest_only.py
[2023-05-11T19:31:34.762+0000] {logging_mixin.py:137} INFO - [2023-05-11T19:31:34.762+0000] {dag.py:2690} INFO - Sync 1 DAGs
[2023-05-11T19:31:34.776+0000] {logging_mixin.py:137} INFO - [2023-05-11T19:31:34.776+0000] {dag.py:3441} INFO - Setting next_dagrun for latest_only to 2023-05-11T15:31:34.776512+00:00, run_after=2023-05-11T19:31:34.776512+00:00
[2023-05-11T19:31:34.787+0000] {processor.py:175} INFO - Processing /home/airflow/.local/lib/python3.7/site-packages/airflow/example_dags/example_latest_only.py took 0.051 seconds
[2023-05-11T19:32:05.872+0000] {processor.py:153} INFO - Started process (PID=3411) to work on /home/airflow/.local/lib/python3.7/site-packages/airflow/example_dags/example_latest_only.py
[2023-05-11T19:32:05.872+0000] {processor.py:743} INFO - Processing file /home/airflow/.local/lib/python3.7/site-packages/airflow/example_dags/example_latest_only.py for tasks to queue
[2023-05-11T19:32:05.873+0000] {logging_mixin.py:137} INFO - [2023-05-11T19:32:05.873+0000] {dagbag.py:538} INFO - Filling up the DagBag from /home/airflow/.local/lib/python3.7/site-packages/airflow/example_dags/example_latest_only.py
[2023-05-11T19:32:05.884+0000] {processor.py:753} INFO - DAG(s) dict_keys(['latest_only']) retrieved from /home/airflow/.local/lib/python3.7/site-packages/airflow/example_dags/example_latest_only.py
[2023-05-11T19:32:05.911+0000] {logging_mixin.py:137} INFO - [2023-05-11T19:32:05.911+0000] {dag.py:2690} INFO - Sync 1 DAGs
[2023-05-11T19:32:05.943+0000] {logging_mixin.py:137} INFO - [2023-05-11T19:32:05.943+0000] {dag.py:3441} INFO - Setting next_dagrun for latest_only to 2023-05-11T15:32:05.943585+00:00, run_after=2023-05-11T19:32:05.943585+00:00
[2023-05-11T19:32:05.962+0000] {processor.py:175} INFO - Processing /home/airflow/.local/lib/python3.7/site-packages/airflow/example_dags/example_latest_only.py took 0.093 seconds
[2023-05-11T19:32:36.320+0000] {processor.py:153} INFO - Started process (PID=3658) to work on /home/airflow/.local/lib/python3.7/site-packages/airflow/example_dags/example_latest_only.py
[2023-05-11T19:32:36.320+0000] {processor.py:743} INFO - Processing file /home/airflow/.local/lib/python3.7/site-packages/airflow/example_dags/example_latest_only.py for tasks to queue
[2023-05-11T19:32:36.321+0000] {logging_mixin.py:137} INFO - [2023-05-11T19:32:36.321+0000] {dagbag.py:538} INFO - Filling up the DagBag from /home/airflow/.local/lib/python3.7/site-packages/airflow/example_dags/example_latest_only.py
[2023-05-11T19:32:36.331+0000] {processor.py:753} INFO - DAG(s) dict_keys(['latest_only']) retrieved from /home/airflow/.local/lib/python3.7/site-packages/airflow/example_dags/example_latest_only.py
[2023-05-11T19:32:36.353+0000] {logging_mixin.py:137} INFO - [2023-05-11T19:32:36.353+0000] {dag.py:2690} INFO - Sync 1 DAGs
[2023-05-11T19:32:36.375+0000] {logging_mixin.py:137} INFO - [2023-05-11T19:32:36.375+0000] {dag.py:3441} INFO - Setting next_dagrun for latest_only to 2023-05-11T15:32:36.375145+00:00, run_after=2023-05-11T19:32:36.375145+00:00
[2023-05-11T19:32:36.391+0000] {processor.py:175} INFO - Processing /home/airflow/.local/lib/python3.7/site-packages/airflow/example_dags/example_latest_only.py took 0.073 seconds
[2023-05-11T19:33:06.753+0000] {processor.py:153} INFO - Started process (PID=3890) to work on /home/airflow/.local/lib/python3.7/site-packages/airflow/example_dags/example_latest_only.py
[2023-05-11T19:33:06.753+0000] {processor.py:743} INFO - Processing file /home/airflow/.local/lib/python3.7/site-packages/airflow/example_dags/example_latest_only.py for tasks to queue
[2023-05-11T19:33:06.754+0000] {logging_mixin.py:137} INFO - [2023-05-11T19:33:06.754+0000] {dagbag.py:538} INFO - Filling up the DagBag from /home/airflow/.local/lib/python3.7/site-packages/airflow/example_dags/example_latest_only.py
[2023-05-11T19:33:06.764+0000] {processor.py:753} INFO - DAG(s) dict_keys(['latest_only']) retrieved from /home/airflow/.local/lib/python3.7/site-packages/airflow/example_dags/example_latest_only.py
[2023-05-11T19:33:06.793+0000] {logging_mixin.py:137} INFO - [2023-05-11T19:33:06.793+0000] {dag.py:2690} INFO - Sync 1 DAGs
[2023-05-11T19:33:06.819+0000] {logging_mixin.py:137} INFO - [2023-05-11T19:33:06.819+0000] {dag.py:3441} INFO - Setting next_dagrun for latest_only to 2023-05-11T15:33:06.819202+00:00, run_after=2023-05-11T19:33:06.819202+00:00
[2023-05-11T19:33:06.840+0000] {processor.py:175} INFO - Processing /home/airflow/.local/lib/python3.7/site-packages/airflow/example_dags/example_latest_only.py took 0.090 seconds
[2023-05-11T19:33:37.497+0000] {processor.py:153} INFO - Started process (PID=4136) to work on /home/airflow/.local/lib/python3.7/site-packages/airflow/example_dags/example_latest_only.py
[2023-05-11T19:33:37.498+0000] {processor.py:743} INFO - Processing file /home/airflow/.local/lib/python3.7/site-packages/airflow/example_dags/example_latest_only.py for tasks to queue
[2023-05-11T19:33:37.498+0000] {logging_mixin.py:137} INFO - [2023-05-11T19:33:37.498+0000] {dagbag.py:538} INFO - Filling up the DagBag from /home/airflow/.local/lib/python3.7/site-packages/airflow/example_dags/example_latest_only.py
[2023-05-11T19:33:37.509+0000] {processor.py:753} INFO - DAG(s) dict_keys(['latest_only']) retrieved from /home/airflow/.local/lib/python3.7/site-packages/airflow/example_dags/example_latest_only.py
[2023-05-11T19:33:37.536+0000] {logging_mixin.py:137} INFO - [2023-05-11T19:33:37.536+0000] {dag.py:2690} INFO - Sync 1 DAGs
[2023-05-11T19:33:37.566+0000] {logging_mixin.py:137} INFO - [2023-05-11T19:33:37.566+0000] {dag.py:3441} INFO - Setting next_dagrun for latest_only to 2023-05-11T15:33:37.566001+00:00, run_after=2023-05-11T19:33:37.566001+00:00
[2023-05-11T19:33:37.584+0000] {processor.py:175} INFO - Processing /home/airflow/.local/lib/python3.7/site-packages/airflow/example_dags/example_latest_only.py took 0.090 seconds
[2023-05-11T19:35:11.126+0000] {processor.py:153} INFO - Started process (PID=294) to work on /home/airflow/.local/lib/python3.7/site-packages/airflow/example_dags/example_latest_only.py
[2023-05-11T19:35:11.127+0000] {processor.py:743} INFO - Processing file /home/airflow/.local/lib/python3.7/site-packages/airflow/example_dags/example_latest_only.py for tasks to queue
[2023-05-11T19:35:11.127+0000] {logging_mixin.py:137} INFO - [2023-05-11T19:35:11.127+0000] {dagbag.py:538} INFO - Filling up the DagBag from /home/airflow/.local/lib/python3.7/site-packages/airflow/example_dags/example_latest_only.py
[2023-05-11T19:35:11.136+0000] {processor.py:753} INFO - DAG(s) dict_keys(['latest_only']) retrieved from /home/airflow/.local/lib/python3.7/site-packages/airflow/example_dags/example_latest_only.py
[2023-05-11T19:35:11.145+0000] {logging_mixin.py:137} INFO - [2023-05-11T19:35:11.145+0000] {dag.py:2690} INFO - Sync 1 DAGs
[2023-05-11T19:35:11.164+0000] {logging_mixin.py:137} INFO - [2023-05-11T19:35:11.163+0000] {dag.py:3441} INFO - Setting next_dagrun for latest_only to 2023-05-11T15:35:11.163764+00:00, run_after=2023-05-11T19:35:11.163764+00:00
[2023-05-11T19:35:11.179+0000] {processor.py:175} INFO - Processing /home/airflow/.local/lib/python3.7/site-packages/airflow/example_dags/example_latest_only.py took 0.054 seconds
[2023-05-11T19:35:41.988+0000] {processor.py:153} INFO - Started process (PID=526) to work on /home/airflow/.local/lib/python3.7/site-packages/airflow/example_dags/example_latest_only.py
[2023-05-11T19:35:41.988+0000] {processor.py:743} INFO - Processing file /home/airflow/.local/lib/python3.7/site-packages/airflow/example_dags/example_latest_only.py for tasks to queue
[2023-05-11T19:35:41.989+0000] {logging_mixin.py:137} INFO - [2023-05-11T19:35:41.989+0000] {dagbag.py:538} INFO - Filling up the DagBag from /home/airflow/.local/lib/python3.7/site-packages/airflow/example_dags/example_latest_only.py
[2023-05-11T19:35:41.998+0000] {processor.py:753} INFO - DAG(s) dict_keys(['latest_only']) retrieved from /home/airflow/.local/lib/python3.7/site-packages/airflow/example_dags/example_latest_only.py
[2023-05-11T19:35:42.019+0000] {logging_mixin.py:137} INFO - [2023-05-11T19:35:42.018+0000] {dag.py:2690} INFO - Sync 1 DAGs
[2023-05-11T19:35:42.036+0000] {logging_mixin.py:137} INFO - [2023-05-11T19:35:42.035+0000] {dag.py:3441} INFO - Setting next_dagrun for latest_only to 2023-05-11T15:35:42.035769+00:00, run_after=2023-05-11T19:35:42.035769+00:00
[2023-05-11T19:35:42.047+0000] {processor.py:175} INFO - Processing /home/airflow/.local/lib/python3.7/site-packages/airflow/example_dags/example_latest_only.py took 0.062 seconds
