[2023-05-11T18:58:39.793+0000] {processor.py:153} INFO - Started process (PID=244) to work on /home/airflow/.local/lib/python3.7/site-packages/airflow/example_dags/tutorial.py
[2023-05-11T18:58:39.794+0000] {processor.py:743} INFO - Processing file /home/airflow/.local/lib/python3.7/site-packages/airflow/example_dags/tutorial.py for tasks to queue
[2023-05-11T18:58:39.794+0000] {logging_mixin.py:137} INFO - [2023-05-11T18:58:39.794+0000] {dagbag.py:538} INFO - Filling up the DagBag from /home/airflow/.local/lib/python3.7/site-packages/airflow/example_dags/tutorial.py
[2023-05-11T18:58:39.804+0000] {processor.py:753} INFO - DAG(s) dict_keys(['tutorial']) retrieved from /home/airflow/.local/lib/python3.7/site-packages/airflow/example_dags/tutorial.py
[2023-05-11T18:58:39.813+0000] {logging_mixin.py:137} INFO - [2023-05-11T18:58:39.813+0000] {dag.py:2690} INFO - Sync 1 DAGs
[2023-05-11T18:58:39.830+0000] {logging_mixin.py:137} INFO - [2023-05-11T18:58:39.830+0000] {dag.py:3441} INFO - Setting next_dagrun for tutorial to 2023-05-10T18:58:39.830268+00:00, run_after=2023-05-11T18:58:39.830268+00:00
[2023-05-11T18:58:39.843+0000] {processor.py:175} INFO - Processing /home/airflow/.local/lib/python3.7/site-packages/airflow/example_dags/tutorial.py took 0.052 seconds
[2023-05-11T18:59:10.606+0000] {processor.py:153} INFO - Started process (PID=476) to work on /home/airflow/.local/lib/python3.7/site-packages/airflow/example_dags/tutorial.py
[2023-05-11T18:59:10.606+0000] {processor.py:743} INFO - Processing file /home/airflow/.local/lib/python3.7/site-packages/airflow/example_dags/tutorial.py for tasks to queue
[2023-05-11T18:59:10.607+0000] {logging_mixin.py:137} INFO - [2023-05-11T18:59:10.607+0000] {dagbag.py:538} INFO - Filling up the DagBag from /home/airflow/.local/lib/python3.7/site-packages/airflow/example_dags/tutorial.py
[2023-05-11T18:59:10.615+0000] {processor.py:753} INFO - DAG(s) dict_keys(['tutorial']) retrieved from /home/airflow/.local/lib/python3.7/site-packages/airflow/example_dags/tutorial.py
[2023-05-11T18:59:10.631+0000] {logging_mixin.py:137} INFO - [2023-05-11T18:59:10.631+0000] {dag.py:2690} INFO - Sync 1 DAGs
[2023-05-11T18:59:10.648+0000] {logging_mixin.py:137} INFO - [2023-05-11T18:59:10.648+0000] {dag.py:3441} INFO - Setting next_dagrun for tutorial to 2023-05-10T18:59:10.648552+00:00, run_after=2023-05-11T18:59:10.648552+00:00
[2023-05-11T18:59:10.660+0000] {processor.py:175} INFO - Processing /home/airflow/.local/lib/python3.7/site-packages/airflow/example_dags/tutorial.py took 0.056 seconds
[2023-05-11T18:59:41.399+0000] {processor.py:153} INFO - Started process (PID=724) to work on /home/airflow/.local/lib/python3.7/site-packages/airflow/example_dags/tutorial.py
[2023-05-11T18:59:41.400+0000] {processor.py:743} INFO - Processing file /home/airflow/.local/lib/python3.7/site-packages/airflow/example_dags/tutorial.py for tasks to queue
[2023-05-11T18:59:41.400+0000] {logging_mixin.py:137} INFO - [2023-05-11T18:59:41.400+0000] {dagbag.py:538} INFO - Filling up the DagBag from /home/airflow/.local/lib/python3.7/site-packages/airflow/example_dags/tutorial.py
[2023-05-11T18:59:41.410+0000] {processor.py:753} INFO - DAG(s) dict_keys(['tutorial']) retrieved from /home/airflow/.local/lib/python3.7/site-packages/airflow/example_dags/tutorial.py
[2023-05-11T18:59:41.430+0000] {logging_mixin.py:137} INFO - [2023-05-11T18:59:41.430+0000] {dag.py:2690} INFO - Sync 1 DAGs
[2023-05-11T18:59:41.446+0000] {logging_mixin.py:137} INFO - [2023-05-11T18:59:41.446+0000] {dag.py:3441} INFO - Setting next_dagrun for tutorial to 2023-05-10T18:59:41.446122+00:00, run_after=2023-05-11T18:59:41.446122+00:00
[2023-05-11T18:59:41.459+0000] {processor.py:175} INFO - Processing /home/airflow/.local/lib/python3.7/site-packages/airflow/example_dags/tutorial.py took 0.062 seconds
[2023-05-11T19:00:12.385+0000] {processor.py:153} INFO - Started process (PID=956) to work on /home/airflow/.local/lib/python3.7/site-packages/airflow/example_dags/tutorial.py
[2023-05-11T19:00:12.386+0000] {processor.py:743} INFO - Processing file /home/airflow/.local/lib/python3.7/site-packages/airflow/example_dags/tutorial.py for tasks to queue
[2023-05-11T19:00:12.386+0000] {logging_mixin.py:137} INFO - [2023-05-11T19:00:12.386+0000] {dagbag.py:538} INFO - Filling up the DagBag from /home/airflow/.local/lib/python3.7/site-packages/airflow/example_dags/tutorial.py
[2023-05-11T19:00:12.398+0000] {processor.py:753} INFO - DAG(s) dict_keys(['tutorial']) retrieved from /home/airflow/.local/lib/python3.7/site-packages/airflow/example_dags/tutorial.py
[2023-05-11T19:00:12.418+0000] {logging_mixin.py:137} INFO - [2023-05-11T19:00:12.417+0000] {dag.py:2690} INFO - Sync 1 DAGs
[2023-05-11T19:00:12.441+0000] {logging_mixin.py:137} INFO - [2023-05-11T19:00:12.441+0000] {dag.py:3441} INFO - Setting next_dagrun for tutorial to 2023-05-10T19:00:12.441611+00:00, run_after=2023-05-11T19:00:12.441611+00:00
[2023-05-11T19:00:12.452+0000] {processor.py:175} INFO - Processing /home/airflow/.local/lib/python3.7/site-packages/airflow/example_dags/tutorial.py took 0.070 seconds
[2023-05-11T19:00:42.929+0000] {processor.py:153} INFO - Started process (PID=1205) to work on /home/airflow/.local/lib/python3.7/site-packages/airflow/example_dags/tutorial.py
[2023-05-11T19:00:42.929+0000] {processor.py:743} INFO - Processing file /home/airflow/.local/lib/python3.7/site-packages/airflow/example_dags/tutorial.py for tasks to queue
[2023-05-11T19:00:42.930+0000] {logging_mixin.py:137} INFO - [2023-05-11T19:00:42.930+0000] {dagbag.py:538} INFO - Filling up the DagBag from /home/airflow/.local/lib/python3.7/site-packages/airflow/example_dags/tutorial.py
[2023-05-11T19:00:42.943+0000] {processor.py:753} INFO - DAG(s) dict_keys(['tutorial']) retrieved from /home/airflow/.local/lib/python3.7/site-packages/airflow/example_dags/tutorial.py
[2023-05-11T19:00:42.966+0000] {logging_mixin.py:137} INFO - [2023-05-11T19:00:42.966+0000] {dag.py:2690} INFO - Sync 1 DAGs
[2023-05-11T19:00:42.990+0000] {logging_mixin.py:137} INFO - [2023-05-11T19:00:42.990+0000] {dag.py:3441} INFO - Setting next_dagrun for tutorial to 2023-05-10T19:00:42.990348+00:00, run_after=2023-05-11T19:00:42.990348+00:00
[2023-05-11T19:00:43.009+0000] {processor.py:175} INFO - Processing /home/airflow/.local/lib/python3.7/site-packages/airflow/example_dags/tutorial.py took 0.083 seconds
[2023-05-11T19:01:13.323+0000] {processor.py:153} INFO - Started process (PID=1449) to work on /home/airflow/.local/lib/python3.7/site-packages/airflow/example_dags/tutorial.py
[2023-05-11T19:01:13.324+0000] {processor.py:743} INFO - Processing file /home/airflow/.local/lib/python3.7/site-packages/airflow/example_dags/tutorial.py for tasks to queue
[2023-05-11T19:01:13.324+0000] {logging_mixin.py:137} INFO - [2023-05-11T19:01:13.324+0000] {dagbag.py:538} INFO - Filling up the DagBag from /home/airflow/.local/lib/python3.7/site-packages/airflow/example_dags/tutorial.py
[2023-05-11T19:01:13.333+0000] {processor.py:753} INFO - DAG(s) dict_keys(['tutorial']) retrieved from /home/airflow/.local/lib/python3.7/site-packages/airflow/example_dags/tutorial.py
[2023-05-11T19:01:13.355+0000] {logging_mixin.py:137} INFO - [2023-05-11T19:01:13.354+0000] {dag.py:2690} INFO - Sync 1 DAGs
[2023-05-11T19:01:13.376+0000] {logging_mixin.py:137} INFO - [2023-05-11T19:01:13.376+0000] {dag.py:3441} INFO - Setting next_dagrun for tutorial to 2023-05-10T19:01:13.376728+00:00, run_after=2023-05-11T19:01:13.376728+00:00
[2023-05-11T19:01:13.393+0000] {processor.py:175} INFO - Processing /home/airflow/.local/lib/python3.7/site-packages/airflow/example_dags/tutorial.py took 0.072 seconds
[2023-05-11T19:01:43.801+0000] {processor.py:153} INFO - Started process (PID=1686) to work on /home/airflow/.local/lib/python3.7/site-packages/airflow/example_dags/tutorial.py
[2023-05-11T19:01:43.802+0000] {processor.py:743} INFO - Processing file /home/airflow/.local/lib/python3.7/site-packages/airflow/example_dags/tutorial.py for tasks to queue
[2023-05-11T19:01:43.802+0000] {logging_mixin.py:137} INFO - [2023-05-11T19:01:43.802+0000] {dagbag.py:538} INFO - Filling up the DagBag from /home/airflow/.local/lib/python3.7/site-packages/airflow/example_dags/tutorial.py
[2023-05-11T19:01:43.814+0000] {processor.py:753} INFO - DAG(s) dict_keys(['tutorial']) retrieved from /home/airflow/.local/lib/python3.7/site-packages/airflow/example_dags/tutorial.py
[2023-05-11T19:01:43.838+0000] {logging_mixin.py:137} INFO - [2023-05-11T19:01:43.838+0000] {dag.py:2690} INFO - Sync 1 DAGs
[2023-05-11T19:01:43.862+0000] {logging_mixin.py:137} INFO - [2023-05-11T19:01:43.862+0000] {dag.py:3441} INFO - Setting next_dagrun for tutorial to 2023-05-10T19:01:43.862350+00:00, run_after=2023-05-11T19:01:43.862350+00:00
[2023-05-11T19:01:43.879+0000] {processor.py:175} INFO - Processing /home/airflow/.local/lib/python3.7/site-packages/airflow/example_dags/tutorial.py took 0.080 seconds
[2023-05-11T19:02:14.744+0000] {processor.py:153} INFO - Started process (PID=1934) to work on /home/airflow/.local/lib/python3.7/site-packages/airflow/example_dags/tutorial.py
[2023-05-11T19:02:14.745+0000] {processor.py:743} INFO - Processing file /home/airflow/.local/lib/python3.7/site-packages/airflow/example_dags/tutorial.py for tasks to queue
[2023-05-11T19:02:14.745+0000] {logging_mixin.py:137} INFO - [2023-05-11T19:02:14.745+0000] {dagbag.py:538} INFO - Filling up the DagBag from /home/airflow/.local/lib/python3.7/site-packages/airflow/example_dags/tutorial.py
[2023-05-11T19:02:14.760+0000] {processor.py:753} INFO - DAG(s) dict_keys(['tutorial']) retrieved from /home/airflow/.local/lib/python3.7/site-packages/airflow/example_dags/tutorial.py
[2023-05-11T19:02:14.785+0000] {logging_mixin.py:137} INFO - [2023-05-11T19:02:14.785+0000] {dag.py:2690} INFO - Sync 1 DAGs
[2023-05-11T19:02:14.817+0000] {logging_mixin.py:137} INFO - [2023-05-11T19:02:14.817+0000] {dag.py:3441} INFO - Setting next_dagrun for tutorial to 2023-05-10T19:02:14.817387+00:00, run_after=2023-05-11T19:02:14.817387+00:00
[2023-05-11T19:02:14.841+0000] {processor.py:175} INFO - Processing /home/airflow/.local/lib/python3.7/site-packages/airflow/example_dags/tutorial.py took 0.099 seconds
[2023-05-11T19:03:24.586+0000] {processor.py:153} INFO - Started process (PID=237) to work on /home/airflow/.local/lib/python3.7/site-packages/airflow/example_dags/tutorial.py
[2023-05-11T19:03:24.586+0000] {processor.py:743} INFO - Processing file /home/airflow/.local/lib/python3.7/site-packages/airflow/example_dags/tutorial.py for tasks to queue
[2023-05-11T19:03:24.587+0000] {logging_mixin.py:137} INFO - [2023-05-11T19:03:24.587+0000] {dagbag.py:538} INFO - Filling up the DagBag from /home/airflow/.local/lib/python3.7/site-packages/airflow/example_dags/tutorial.py
[2023-05-11T19:03:24.598+0000] {processor.py:753} INFO - DAG(s) dict_keys(['tutorial']) retrieved from /home/airflow/.local/lib/python3.7/site-packages/airflow/example_dags/tutorial.py
[2023-05-11T19:03:24.609+0000] {logging_mixin.py:137} INFO - [2023-05-11T19:03:24.609+0000] {dag.py:2690} INFO - Sync 1 DAGs
[2023-05-11T19:03:24.661+0000] {logging_mixin.py:137} INFO - [2023-05-11T19:03:24.660+0000] {dag.py:3441} INFO - Setting next_dagrun for tutorial to 2023-05-10T19:03:24.660695+00:00, run_after=2023-05-11T19:03:24.660695+00:00
[2023-05-11T19:03:24.676+0000] {processor.py:175} INFO - Processing /home/airflow/.local/lib/python3.7/site-packages/airflow/example_dags/tutorial.py took 0.093 seconds
[2023-05-11T19:03:55.150+0000] {processor.py:153} INFO - Started process (PID=476) to work on /home/airflow/.local/lib/python3.7/site-packages/airflow/example_dags/tutorial.py
[2023-05-11T19:03:55.151+0000] {processor.py:743} INFO - Processing file /home/airflow/.local/lib/python3.7/site-packages/airflow/example_dags/tutorial.py for tasks to queue
[2023-05-11T19:03:55.152+0000] {logging_mixin.py:137} INFO - [2023-05-11T19:03:55.152+0000] {dagbag.py:538} INFO - Filling up the DagBag from /home/airflow/.local/lib/python3.7/site-packages/airflow/example_dags/tutorial.py
[2023-05-11T19:03:55.163+0000] {processor.py:753} INFO - DAG(s) dict_keys(['tutorial']) retrieved from /home/airflow/.local/lib/python3.7/site-packages/airflow/example_dags/tutorial.py
[2023-05-11T19:03:55.186+0000] {logging_mixin.py:137} INFO - [2023-05-11T19:03:55.186+0000] {dag.py:2690} INFO - Sync 1 DAGs
[2023-05-11T19:03:55.207+0000] {logging_mixin.py:137} INFO - [2023-05-11T19:03:55.207+0000] {dag.py:3441} INFO - Setting next_dagrun for tutorial to 2023-05-10T19:03:55.207629+00:00, run_after=2023-05-11T19:03:55.207629+00:00
[2023-05-11T19:03:55.223+0000] {processor.py:175} INFO - Processing /home/airflow/.local/lib/python3.7/site-packages/airflow/example_dags/tutorial.py took 0.075 seconds
[2023-05-11T19:04:25.735+0000] {processor.py:153} INFO - Started process (PID=724) to work on /home/airflow/.local/lib/python3.7/site-packages/airflow/example_dags/tutorial.py
[2023-05-11T19:04:25.735+0000] {processor.py:743} INFO - Processing file /home/airflow/.local/lib/python3.7/site-packages/airflow/example_dags/tutorial.py for tasks to queue
[2023-05-11T19:04:25.736+0000] {logging_mixin.py:137} INFO - [2023-05-11T19:04:25.736+0000] {dagbag.py:538} INFO - Filling up the DagBag from /home/airflow/.local/lib/python3.7/site-packages/airflow/example_dags/tutorial.py
[2023-05-11T19:04:25.751+0000] {processor.py:753} INFO - DAG(s) dict_keys(['tutorial']) retrieved from /home/airflow/.local/lib/python3.7/site-packages/airflow/example_dags/tutorial.py
[2023-05-11T19:04:25.775+0000] {logging_mixin.py:137} INFO - [2023-05-11T19:04:25.775+0000] {dag.py:2690} INFO - Sync 1 DAGs
[2023-05-11T19:04:25.801+0000] {logging_mixin.py:137} INFO - [2023-05-11T19:04:25.800+0000] {dag.py:3441} INFO - Setting next_dagrun for tutorial to 2023-05-10T19:04:25.800692+00:00, run_after=2023-05-11T19:04:25.800692+00:00
[2023-05-11T19:04:25.825+0000] {processor.py:175} INFO - Processing /home/airflow/.local/lib/python3.7/site-packages/airflow/example_dags/tutorial.py took 0.094 seconds
[2023-05-11T19:04:56.321+0000] {processor.py:153} INFO - Started process (PID=956) to work on /home/airflow/.local/lib/python3.7/site-packages/airflow/example_dags/tutorial.py
[2023-05-11T19:04:56.321+0000] {processor.py:743} INFO - Processing file /home/airflow/.local/lib/python3.7/site-packages/airflow/example_dags/tutorial.py for tasks to queue
[2023-05-11T19:04:56.322+0000] {logging_mixin.py:137} INFO - [2023-05-11T19:04:56.322+0000] {dagbag.py:538} INFO - Filling up the DagBag from /home/airflow/.local/lib/python3.7/site-packages/airflow/example_dags/tutorial.py
[2023-05-11T19:04:56.335+0000] {processor.py:753} INFO - DAG(s) dict_keys(['tutorial']) retrieved from /home/airflow/.local/lib/python3.7/site-packages/airflow/example_dags/tutorial.py
[2023-05-11T19:04:56.359+0000] {logging_mixin.py:137} INFO - [2023-05-11T19:04:56.359+0000] {dag.py:2690} INFO - Sync 1 DAGs
[2023-05-11T19:04:56.383+0000] {logging_mixin.py:137} INFO - [2023-05-11T19:04:56.382+0000] {dag.py:3441} INFO - Setting next_dagrun for tutorial to 2023-05-10T19:04:56.382741+00:00, run_after=2023-05-11T19:04:56.382741+00:00
[2023-05-11T19:04:56.399+0000] {processor.py:175} INFO - Processing /home/airflow/.local/lib/python3.7/site-packages/airflow/example_dags/tutorial.py took 0.081 seconds
[2023-05-11T19:05:26.739+0000] {processor.py:153} INFO - Started process (PID=1204) to work on /home/airflow/.local/lib/python3.7/site-packages/airflow/example_dags/tutorial.py
[2023-05-11T19:05:26.740+0000] {processor.py:743} INFO - Processing file /home/airflow/.local/lib/python3.7/site-packages/airflow/example_dags/tutorial.py for tasks to queue
[2023-05-11T19:05:26.740+0000] {logging_mixin.py:137} INFO - [2023-05-11T19:05:26.740+0000] {dagbag.py:538} INFO - Filling up the DagBag from /home/airflow/.local/lib/python3.7/site-packages/airflow/example_dags/tutorial.py
[2023-05-11T19:05:26.752+0000] {processor.py:753} INFO - DAG(s) dict_keys(['tutorial']) retrieved from /home/airflow/.local/lib/python3.7/site-packages/airflow/example_dags/tutorial.py
[2023-05-11T19:05:26.772+0000] {logging_mixin.py:137} INFO - [2023-05-11T19:05:26.772+0000] {dag.py:2690} INFO - Sync 1 DAGs
[2023-05-11T19:05:26.788+0000] {logging_mixin.py:137} INFO - [2023-05-11T19:05:26.788+0000] {dag.py:3441} INFO - Setting next_dagrun for tutorial to 2023-05-10T19:05:26.788517+00:00, run_after=2023-05-11T19:05:26.788517+00:00
[2023-05-11T19:05:26.800+0000] {processor.py:175} INFO - Processing /home/airflow/.local/lib/python3.7/site-packages/airflow/example_dags/tutorial.py took 0.064 seconds
[2023-05-11T19:05:56.933+0000] {processor.py:153} INFO - Started process (PID=1436) to work on /home/airflow/.local/lib/python3.7/site-packages/airflow/example_dags/tutorial.py
[2023-05-11T19:05:56.934+0000] {processor.py:743} INFO - Processing file /home/airflow/.local/lib/python3.7/site-packages/airflow/example_dags/tutorial.py for tasks to queue
[2023-05-11T19:05:56.934+0000] {logging_mixin.py:137} INFO - [2023-05-11T19:05:56.934+0000] {dagbag.py:538} INFO - Filling up the DagBag from /home/airflow/.local/lib/python3.7/site-packages/airflow/example_dags/tutorial.py
[2023-05-11T19:05:56.947+0000] {processor.py:753} INFO - DAG(s) dict_keys(['tutorial']) retrieved from /home/airflow/.local/lib/python3.7/site-packages/airflow/example_dags/tutorial.py
[2023-05-11T19:05:56.970+0000] {logging_mixin.py:137} INFO - [2023-05-11T19:05:56.970+0000] {dag.py:2690} INFO - Sync 1 DAGs
[2023-05-11T19:05:56.991+0000] {logging_mixin.py:137} INFO - [2023-05-11T19:05:56.991+0000] {dag.py:3441} INFO - Setting next_dagrun for tutorial to 2023-05-10T19:05:56.991611+00:00, run_after=2023-05-11T19:05:56.991611+00:00
[2023-05-11T19:05:57.008+0000] {processor.py:175} INFO - Processing /home/airflow/.local/lib/python3.7/site-packages/airflow/example_dags/tutorial.py took 0.078 seconds
[2023-05-11T19:06:27.239+0000] {processor.py:153} INFO - Started process (PID=1684) to work on /home/airflow/.local/lib/python3.7/site-packages/airflow/example_dags/tutorial.py
[2023-05-11T19:06:27.240+0000] {processor.py:743} INFO - Processing file /home/airflow/.local/lib/python3.7/site-packages/airflow/example_dags/tutorial.py for tasks to queue
[2023-05-11T19:06:27.241+0000] {logging_mixin.py:137} INFO - [2023-05-11T19:06:27.241+0000] {dagbag.py:538} INFO - Filling up the DagBag from /home/airflow/.local/lib/python3.7/site-packages/airflow/example_dags/tutorial.py
[2023-05-11T19:06:27.269+0000] {processor.py:753} INFO - DAG(s) dict_keys(['tutorial']) retrieved from /home/airflow/.local/lib/python3.7/site-packages/airflow/example_dags/tutorial.py
[2023-05-11T19:06:27.313+0000] {logging_mixin.py:137} INFO - [2023-05-11T19:06:27.312+0000] {dag.py:2690} INFO - Sync 1 DAGs
[2023-05-11T19:06:27.336+0000] {logging_mixin.py:137} INFO - [2023-05-11T19:06:27.336+0000] {dag.py:3441} INFO - Setting next_dagrun for tutorial to 2023-05-10T19:06:27.336650+00:00, run_after=2023-05-11T19:06:27.336650+00:00
[2023-05-11T19:06:27.354+0000] {processor.py:175} INFO - Processing /home/airflow/.local/lib/python3.7/site-packages/airflow/example_dags/tutorial.py took 0.119 seconds
[2023-05-11T19:06:57.590+0000] {processor.py:153} INFO - Started process (PID=1916) to work on /home/airflow/.local/lib/python3.7/site-packages/airflow/example_dags/tutorial.py
[2023-05-11T19:06:57.591+0000] {processor.py:743} INFO - Processing file /home/airflow/.local/lib/python3.7/site-packages/airflow/example_dags/tutorial.py for tasks to queue
[2023-05-11T19:06:57.591+0000] {logging_mixin.py:137} INFO - [2023-05-11T19:06:57.591+0000] {dagbag.py:538} INFO - Filling up the DagBag from /home/airflow/.local/lib/python3.7/site-packages/airflow/example_dags/tutorial.py
[2023-05-11T19:06:57.607+0000] {processor.py:753} INFO - DAG(s) dict_keys(['tutorial']) retrieved from /home/airflow/.local/lib/python3.7/site-packages/airflow/example_dags/tutorial.py
[2023-05-11T19:06:57.635+0000] {logging_mixin.py:137} INFO - [2023-05-11T19:06:57.635+0000] {dag.py:2690} INFO - Sync 1 DAGs
[2023-05-11T19:06:57.658+0000] {logging_mixin.py:137} INFO - [2023-05-11T19:06:57.658+0000] {dag.py:3441} INFO - Setting next_dagrun for tutorial to 2023-05-10T19:06:57.658261+00:00, run_after=2023-05-11T19:06:57.658261+00:00
[2023-05-11T19:06:57.674+0000] {processor.py:175} INFO - Processing /home/airflow/.local/lib/python3.7/site-packages/airflow/example_dags/tutorial.py took 0.086 seconds
[2023-05-11T19:07:28.164+0000] {processor.py:153} INFO - Started process (PID=2164) to work on /home/airflow/.local/lib/python3.7/site-packages/airflow/example_dags/tutorial.py
[2023-05-11T19:07:28.170+0000] {processor.py:743} INFO - Processing file /home/airflow/.local/lib/python3.7/site-packages/airflow/example_dags/tutorial.py for tasks to queue
[2023-05-11T19:07:28.170+0000] {logging_mixin.py:137} INFO - [2023-05-11T19:07:28.170+0000] {dagbag.py:538} INFO - Filling up the DagBag from /home/airflow/.local/lib/python3.7/site-packages/airflow/example_dags/tutorial.py
[2023-05-11T19:07:28.182+0000] {processor.py:753} INFO - DAG(s) dict_keys(['tutorial']) retrieved from /home/airflow/.local/lib/python3.7/site-packages/airflow/example_dags/tutorial.py
[2023-05-11T19:07:28.206+0000] {logging_mixin.py:137} INFO - [2023-05-11T19:07:28.206+0000] {dag.py:2690} INFO - Sync 1 DAGs
[2023-05-11T19:07:28.230+0000] {logging_mixin.py:137} INFO - [2023-05-11T19:07:28.230+0000] {dag.py:3441} INFO - Setting next_dagrun for tutorial to 2023-05-10T19:07:28.229974+00:00, run_after=2023-05-11T19:07:28.229974+00:00
[2023-05-11T19:07:28.253+0000] {processor.py:175} INFO - Processing /home/airflow/.local/lib/python3.7/site-packages/airflow/example_dags/tutorial.py took 0.093 seconds
[2023-05-11T19:07:58.513+0000] {processor.py:153} INFO - Started process (PID=2397) to work on /home/airflow/.local/lib/python3.7/site-packages/airflow/example_dags/tutorial.py
[2023-05-11T19:07:58.514+0000] {processor.py:743} INFO - Processing file /home/airflow/.local/lib/python3.7/site-packages/airflow/example_dags/tutorial.py for tasks to queue
[2023-05-11T19:07:58.515+0000] {logging_mixin.py:137} INFO - [2023-05-11T19:07:58.515+0000] {dagbag.py:538} INFO - Filling up the DagBag from /home/airflow/.local/lib/python3.7/site-packages/airflow/example_dags/tutorial.py
[2023-05-11T19:07:58.527+0000] {processor.py:753} INFO - DAG(s) dict_keys(['tutorial']) retrieved from /home/airflow/.local/lib/python3.7/site-packages/airflow/example_dags/tutorial.py
[2023-05-11T19:07:58.549+0000] {logging_mixin.py:137} INFO - [2023-05-11T19:07:58.549+0000] {dag.py:2690} INFO - Sync 1 DAGs
[2023-05-11T19:07:58.577+0000] {logging_mixin.py:137} INFO - [2023-05-11T19:07:58.577+0000] {dag.py:3441} INFO - Setting next_dagrun for tutorial to 2023-05-10T19:07:58.576768+00:00, run_after=2023-05-11T19:07:58.576768+00:00
[2023-05-11T19:07:58.595+0000] {processor.py:175} INFO - Processing /home/airflow/.local/lib/python3.7/site-packages/airflow/example_dags/tutorial.py took 0.084 seconds
[2023-05-11T19:09:21.414+0000] {processor.py:153} INFO - Started process (PID=245) to work on /home/airflow/.local/lib/python3.7/site-packages/airflow/example_dags/tutorial.py
[2023-05-11T19:09:21.415+0000] {processor.py:743} INFO - Processing file /home/airflow/.local/lib/python3.7/site-packages/airflow/example_dags/tutorial.py for tasks to queue
[2023-05-11T19:09:21.415+0000] {logging_mixin.py:137} INFO - [2023-05-11T19:09:21.415+0000] {dagbag.py:538} INFO - Filling up the DagBag from /home/airflow/.local/lib/python3.7/site-packages/airflow/example_dags/tutorial.py
[2023-05-11T19:09:21.424+0000] {processor.py:753} INFO - DAG(s) dict_keys(['tutorial']) retrieved from /home/airflow/.local/lib/python3.7/site-packages/airflow/example_dags/tutorial.py
[2023-05-11T19:09:21.433+0000] {logging_mixin.py:137} INFO - [2023-05-11T19:09:21.433+0000] {dag.py:2690} INFO - Sync 1 DAGs
[2023-05-11T19:09:21.457+0000] {logging_mixin.py:137} INFO - [2023-05-11T19:09:21.457+0000] {dag.py:3441} INFO - Setting next_dagrun for tutorial to 2023-05-10T19:09:21.457122+00:00, run_after=2023-05-11T19:09:21.457122+00:00
[2023-05-11T19:09:21.472+0000] {processor.py:175} INFO - Processing /home/airflow/.local/lib/python3.7/site-packages/airflow/example_dags/tutorial.py took 0.060 seconds
[2023-05-11T19:09:52.232+0000] {processor.py:153} INFO - Started process (PID=477) to work on /home/airflow/.local/lib/python3.7/site-packages/airflow/example_dags/tutorial.py
[2023-05-11T19:09:52.233+0000] {processor.py:743} INFO - Processing file /home/airflow/.local/lib/python3.7/site-packages/airflow/example_dags/tutorial.py for tasks to queue
[2023-05-11T19:09:52.234+0000] {logging_mixin.py:137} INFO - [2023-05-11T19:09:52.234+0000] {dagbag.py:538} INFO - Filling up the DagBag from /home/airflow/.local/lib/python3.7/site-packages/airflow/example_dags/tutorial.py
[2023-05-11T19:09:52.246+0000] {processor.py:753} INFO - DAG(s) dict_keys(['tutorial']) retrieved from /home/airflow/.local/lib/python3.7/site-packages/airflow/example_dags/tutorial.py
[2023-05-11T19:09:52.264+0000] {logging_mixin.py:137} INFO - [2023-05-11T19:09:52.264+0000] {dag.py:2690} INFO - Sync 1 DAGs
[2023-05-11T19:09:52.283+0000] {logging_mixin.py:137} INFO - [2023-05-11T19:09:52.283+0000] {dag.py:3441} INFO - Setting next_dagrun for tutorial to 2023-05-10T19:09:52.283245+00:00, run_after=2023-05-11T19:09:52.283245+00:00
[2023-05-11T19:09:52.297+0000] {processor.py:175} INFO - Processing /home/airflow/.local/lib/python3.7/site-packages/airflow/example_dags/tutorial.py took 0.067 seconds
[2023-05-11T19:10:22.466+0000] {processor.py:153} INFO - Started process (PID=725) to work on /home/airflow/.local/lib/python3.7/site-packages/airflow/example_dags/tutorial.py
[2023-05-11T19:10:22.467+0000] {processor.py:743} INFO - Processing file /home/airflow/.local/lib/python3.7/site-packages/airflow/example_dags/tutorial.py for tasks to queue
[2023-05-11T19:10:22.467+0000] {logging_mixin.py:137} INFO - [2023-05-11T19:10:22.467+0000] {dagbag.py:538} INFO - Filling up the DagBag from /home/airflow/.local/lib/python3.7/site-packages/airflow/example_dags/tutorial.py
[2023-05-11T19:10:22.479+0000] {processor.py:753} INFO - DAG(s) dict_keys(['tutorial']) retrieved from /home/airflow/.local/lib/python3.7/site-packages/airflow/example_dags/tutorial.py
[2023-05-11T19:10:22.507+0000] {logging_mixin.py:137} INFO - [2023-05-11T19:10:22.507+0000] {dag.py:2690} INFO - Sync 1 DAGs
[2023-05-11T19:10:22.527+0000] {logging_mixin.py:137} INFO - [2023-05-11T19:10:22.527+0000] {dag.py:3441} INFO - Setting next_dagrun for tutorial to 2023-05-10T19:10:22.527149+00:00, run_after=2023-05-11T19:10:22.527149+00:00
[2023-05-11T19:10:22.540+0000] {processor.py:175} INFO - Processing /home/airflow/.local/lib/python3.7/site-packages/airflow/example_dags/tutorial.py took 0.076 seconds
[2023-05-11T19:10:52.740+0000] {processor.py:153} INFO - Started process (PID=957) to work on /home/airflow/.local/lib/python3.7/site-packages/airflow/example_dags/tutorial.py
[2023-05-11T19:10:52.741+0000] {processor.py:743} INFO - Processing file /home/airflow/.local/lib/python3.7/site-packages/airflow/example_dags/tutorial.py for tasks to queue
[2023-05-11T19:10:52.741+0000] {logging_mixin.py:137} INFO - [2023-05-11T19:10:52.741+0000] {dagbag.py:538} INFO - Filling up the DagBag from /home/airflow/.local/lib/python3.7/site-packages/airflow/example_dags/tutorial.py
[2023-05-11T19:10:52.755+0000] {processor.py:753} INFO - DAG(s) dict_keys(['tutorial']) retrieved from /home/airflow/.local/lib/python3.7/site-packages/airflow/example_dags/tutorial.py
[2023-05-11T19:10:52.778+0000] {logging_mixin.py:137} INFO - [2023-05-11T19:10:52.778+0000] {dag.py:2690} INFO - Sync 1 DAGs
[2023-05-11T19:10:52.811+0000] {logging_mixin.py:137} INFO - [2023-05-11T19:10:52.811+0000] {dag.py:3441} INFO - Setting next_dagrun for tutorial to 2023-05-10T19:10:52.811143+00:00, run_after=2023-05-11T19:10:52.811143+00:00
[2023-05-11T19:10:52.833+0000] {processor.py:175} INFO - Processing /home/airflow/.local/lib/python3.7/site-packages/airflow/example_dags/tutorial.py took 0.095 seconds
[2023-05-11T19:11:23.846+0000] {processor.py:153} INFO - Started process (PID=1207) to work on /home/airflow/.local/lib/python3.7/site-packages/airflow/example_dags/tutorial.py
[2023-05-11T19:11:23.846+0000] {processor.py:743} INFO - Processing file /home/airflow/.local/lib/python3.7/site-packages/airflow/example_dags/tutorial.py for tasks to queue
[2023-05-11T19:11:23.847+0000] {logging_mixin.py:137} INFO - [2023-05-11T19:11:23.847+0000] {dagbag.py:538} INFO - Filling up the DagBag from /home/airflow/.local/lib/python3.7/site-packages/airflow/example_dags/tutorial.py
[2023-05-11T19:11:23.856+0000] {processor.py:753} INFO - DAG(s) dict_keys(['tutorial']) retrieved from /home/airflow/.local/lib/python3.7/site-packages/airflow/example_dags/tutorial.py
[2023-05-11T19:11:23.873+0000] {logging_mixin.py:137} INFO - [2023-05-11T19:11:23.872+0000] {dag.py:2690} INFO - Sync 1 DAGs
[2023-05-11T19:11:23.888+0000] {logging_mixin.py:137} INFO - [2023-05-11T19:11:23.888+0000] {dag.py:3441} INFO - Setting next_dagrun for tutorial to 2023-05-10T19:11:23.888551+00:00, run_after=2023-05-11T19:11:23.888551+00:00
[2023-05-11T19:11:23.899+0000] {processor.py:175} INFO - Processing /home/airflow/.local/lib/python3.7/site-packages/airflow/example_dags/tutorial.py took 0.057 seconds
[2023-05-11T19:14:00.560+0000] {processor.py:153} INFO - Started process (PID=247) to work on /home/airflow/.local/lib/python3.7/site-packages/airflow/example_dags/tutorial.py
[2023-05-11T19:14:00.561+0000] {processor.py:743} INFO - Processing file /home/airflow/.local/lib/python3.7/site-packages/airflow/example_dags/tutorial.py for tasks to queue
[2023-05-11T19:14:00.561+0000] {logging_mixin.py:137} INFO - [2023-05-11T19:14:00.561+0000] {dagbag.py:538} INFO - Filling up the DagBag from /home/airflow/.local/lib/python3.7/site-packages/airflow/example_dags/tutorial.py
[2023-05-11T19:14:00.574+0000] {processor.py:753} INFO - DAG(s) dict_keys(['tutorial']) retrieved from /home/airflow/.local/lib/python3.7/site-packages/airflow/example_dags/tutorial.py
[2023-05-11T19:14:00.677+0000] {logging_mixin.py:137} INFO - [2023-05-11T19:14:00.675+0000] {dag.py:2690} INFO - Sync 1 DAGs
[2023-05-11T19:14:00.720+0000] {logging_mixin.py:137} INFO - [2023-05-11T19:14:00.720+0000] {dag.py:3441} INFO - Setting next_dagrun for tutorial to 2023-05-10T19:14:00.720111+00:00, run_after=2023-05-11T19:14:00.720111+00:00
[2023-05-11T19:14:00.739+0000] {processor.py:175} INFO - Processing /home/airflow/.local/lib/python3.7/site-packages/airflow/example_dags/tutorial.py took 0.181 seconds
[2023-05-11T19:14:31.544+0000] {processor.py:153} INFO - Started process (PID=478) to work on /home/airflow/.local/lib/python3.7/site-packages/airflow/example_dags/tutorial.py
[2023-05-11T19:14:31.545+0000] {processor.py:743} INFO - Processing file /home/airflow/.local/lib/python3.7/site-packages/airflow/example_dags/tutorial.py for tasks to queue
[2023-05-11T19:14:31.545+0000] {logging_mixin.py:137} INFO - [2023-05-11T19:14:31.545+0000] {dagbag.py:538} INFO - Filling up the DagBag from /home/airflow/.local/lib/python3.7/site-packages/airflow/example_dags/tutorial.py
[2023-05-11T19:14:31.556+0000] {processor.py:753} INFO - DAG(s) dict_keys(['tutorial']) retrieved from /home/airflow/.local/lib/python3.7/site-packages/airflow/example_dags/tutorial.py
[2023-05-11T19:14:31.579+0000] {logging_mixin.py:137} INFO - [2023-05-11T19:14:31.578+0000] {dag.py:2690} INFO - Sync 1 DAGs
[2023-05-11T19:14:31.604+0000] {logging_mixin.py:137} INFO - [2023-05-11T19:14:31.603+0000] {dag.py:3441} INFO - Setting next_dagrun for tutorial to 2023-05-10T19:14:31.603765+00:00, run_after=2023-05-11T19:14:31.603765+00:00
[2023-05-11T19:14:31.626+0000] {processor.py:175} INFO - Processing /home/airflow/.local/lib/python3.7/site-packages/airflow/example_dags/tutorial.py took 0.085 seconds
[2023-05-11T19:15:01.710+0000] {processor.py:153} INFO - Started process (PID=728) to work on /home/airflow/.local/lib/python3.7/site-packages/airflow/example_dags/tutorial.py
[2023-05-11T19:15:01.711+0000] {processor.py:743} INFO - Processing file /home/airflow/.local/lib/python3.7/site-packages/airflow/example_dags/tutorial.py for tasks to queue
[2023-05-11T19:15:01.711+0000] {logging_mixin.py:137} INFO - [2023-05-11T19:15:01.711+0000] {dagbag.py:538} INFO - Filling up the DagBag from /home/airflow/.local/lib/python3.7/site-packages/airflow/example_dags/tutorial.py
[2023-05-11T19:15:01.720+0000] {processor.py:753} INFO - DAG(s) dict_keys(['tutorial']) retrieved from /home/airflow/.local/lib/python3.7/site-packages/airflow/example_dags/tutorial.py
[2023-05-11T19:15:01.738+0000] {logging_mixin.py:137} INFO - [2023-05-11T19:15:01.738+0000] {dag.py:2690} INFO - Sync 1 DAGs
[2023-05-11T19:15:01.755+0000] {logging_mixin.py:137} INFO - [2023-05-11T19:15:01.755+0000] {dag.py:3441} INFO - Setting next_dagrun for tutorial to 2023-05-10T19:15:01.755322+00:00, run_after=2023-05-11T19:15:01.755322+00:00
[2023-05-11T19:15:01.767+0000] {processor.py:175} INFO - Processing /home/airflow/.local/lib/python3.7/site-packages/airflow/example_dags/tutorial.py took 0.059 seconds
[2023-05-11T19:15:32.809+0000] {processor.py:153} INFO - Started process (PID=958) to work on /home/airflow/.local/lib/python3.7/site-packages/airflow/example_dags/tutorial.py
[2023-05-11T19:15:32.810+0000] {processor.py:743} INFO - Processing file /home/airflow/.local/lib/python3.7/site-packages/airflow/example_dags/tutorial.py for tasks to queue
[2023-05-11T19:15:32.811+0000] {logging_mixin.py:137} INFO - [2023-05-11T19:15:32.811+0000] {dagbag.py:538} INFO - Filling up the DagBag from /home/airflow/.local/lib/python3.7/site-packages/airflow/example_dags/tutorial.py
[2023-05-11T19:15:32.823+0000] {processor.py:753} INFO - DAG(s) dict_keys(['tutorial']) retrieved from /home/airflow/.local/lib/python3.7/site-packages/airflow/example_dags/tutorial.py
[2023-05-11T19:15:32.848+0000] {logging_mixin.py:137} INFO - [2023-05-11T19:15:32.848+0000] {dag.py:2690} INFO - Sync 1 DAGs
[2023-05-11T19:15:32.871+0000] {logging_mixin.py:137} INFO - [2023-05-11T19:15:32.871+0000] {dag.py:3441} INFO - Setting next_dagrun for tutorial to 2023-05-10T19:15:32.870804+00:00, run_after=2023-05-11T19:15:32.870804+00:00
[2023-05-11T19:15:32.887+0000] {processor.py:175} INFO - Processing /home/airflow/.local/lib/python3.7/site-packages/airflow/example_dags/tutorial.py took 0.080 seconds
[2023-05-11T19:16:03.161+0000] {processor.py:153} INFO - Started process (PID=1204) to work on /home/airflow/.local/lib/python3.7/site-packages/airflow/example_dags/tutorial.py
[2023-05-11T19:16:03.162+0000] {processor.py:743} INFO - Processing file /home/airflow/.local/lib/python3.7/site-packages/airflow/example_dags/tutorial.py for tasks to queue
[2023-05-11T19:16:03.162+0000] {logging_mixin.py:137} INFO - [2023-05-11T19:16:03.162+0000] {dagbag.py:538} INFO - Filling up the DagBag from /home/airflow/.local/lib/python3.7/site-packages/airflow/example_dags/tutorial.py
[2023-05-11T19:16:03.173+0000] {processor.py:753} INFO - DAG(s) dict_keys(['tutorial']) retrieved from /home/airflow/.local/lib/python3.7/site-packages/airflow/example_dags/tutorial.py
[2023-05-11T19:16:03.201+0000] {logging_mixin.py:137} INFO - [2023-05-11T19:16:03.200+0000] {dag.py:2690} INFO - Sync 1 DAGs
[2023-05-11T19:16:03.225+0000] {logging_mixin.py:137} INFO - [2023-05-11T19:16:03.225+0000] {dag.py:3441} INFO - Setting next_dagrun for tutorial to 2023-05-10T19:16:03.225110+00:00, run_after=2023-05-11T19:16:03.225110+00:00
[2023-05-11T19:16:03.241+0000] {processor.py:175} INFO - Processing /home/airflow/.local/lib/python3.7/site-packages/airflow/example_dags/tutorial.py took 0.082 seconds
[2023-05-11T19:16:33.564+0000] {processor.py:153} INFO - Started process (PID=1436) to work on /home/airflow/.local/lib/python3.7/site-packages/airflow/example_dags/tutorial.py
[2023-05-11T19:16:33.564+0000] {processor.py:743} INFO - Processing file /home/airflow/.local/lib/python3.7/site-packages/airflow/example_dags/tutorial.py for tasks to queue
[2023-05-11T19:16:33.565+0000] {logging_mixin.py:137} INFO - [2023-05-11T19:16:33.565+0000] {dagbag.py:538} INFO - Filling up the DagBag from /home/airflow/.local/lib/python3.7/site-packages/airflow/example_dags/tutorial.py
[2023-05-11T19:16:33.576+0000] {processor.py:753} INFO - DAG(s) dict_keys(['tutorial']) retrieved from /home/airflow/.local/lib/python3.7/site-packages/airflow/example_dags/tutorial.py
[2023-05-11T19:16:33.598+0000] {logging_mixin.py:137} INFO - [2023-05-11T19:16:33.598+0000] {dag.py:2690} INFO - Sync 1 DAGs
[2023-05-11T19:16:33.620+0000] {logging_mixin.py:137} INFO - [2023-05-11T19:16:33.620+0000] {dag.py:3441} INFO - Setting next_dagrun for tutorial to 2023-05-10T19:16:33.620581+00:00, run_after=2023-05-11T19:16:33.620581+00:00
[2023-05-11T19:16:33.637+0000] {processor.py:175} INFO - Processing /home/airflow/.local/lib/python3.7/site-packages/airflow/example_dags/tutorial.py took 0.076 seconds
[2023-05-11T19:17:04.512+0000] {processor.py:153} INFO - Started process (PID=1684) to work on /home/airflow/.local/lib/python3.7/site-packages/airflow/example_dags/tutorial.py
[2023-05-11T19:17:04.513+0000] {processor.py:743} INFO - Processing file /home/airflow/.local/lib/python3.7/site-packages/airflow/example_dags/tutorial.py for tasks to queue
[2023-05-11T19:17:04.513+0000] {logging_mixin.py:137} INFO - [2023-05-11T19:17:04.513+0000] {dagbag.py:538} INFO - Filling up the DagBag from /home/airflow/.local/lib/python3.7/site-packages/airflow/example_dags/tutorial.py
[2023-05-11T19:17:04.522+0000] {processor.py:753} INFO - DAG(s) dict_keys(['tutorial']) retrieved from /home/airflow/.local/lib/python3.7/site-packages/airflow/example_dags/tutorial.py
[2023-05-11T19:17:04.540+0000] {logging_mixin.py:137} INFO - [2023-05-11T19:17:04.540+0000] {dag.py:2690} INFO - Sync 1 DAGs
[2023-05-11T19:17:04.558+0000] {logging_mixin.py:137} INFO - [2023-05-11T19:17:04.558+0000] {dag.py:3441} INFO - Setting next_dagrun for tutorial to 2023-05-10T19:17:04.558022+00:00, run_after=2023-05-11T19:17:04.558022+00:00
[2023-05-11T19:17:04.574+0000] {processor.py:175} INFO - Processing /home/airflow/.local/lib/python3.7/site-packages/airflow/example_dags/tutorial.py took 0.063 seconds
[2023-05-11T19:17:34.798+0000] {processor.py:153} INFO - Started process (PID=1922) to work on /home/airflow/.local/lib/python3.7/site-packages/airflow/example_dags/tutorial.py
[2023-05-11T19:17:34.799+0000] {processor.py:743} INFO - Processing file /home/airflow/.local/lib/python3.7/site-packages/airflow/example_dags/tutorial.py for tasks to queue
[2023-05-11T19:17:34.799+0000] {logging_mixin.py:137} INFO - [2023-05-11T19:17:34.799+0000] {dagbag.py:538} INFO - Filling up the DagBag from /home/airflow/.local/lib/python3.7/site-packages/airflow/example_dags/tutorial.py
[2023-05-11T19:17:34.811+0000] {processor.py:753} INFO - DAG(s) dict_keys(['tutorial']) retrieved from /home/airflow/.local/lib/python3.7/site-packages/airflow/example_dags/tutorial.py
[2023-05-11T19:17:34.839+0000] {logging_mixin.py:137} INFO - [2023-05-11T19:17:34.838+0000] {dag.py:2690} INFO - Sync 1 DAGs
[2023-05-11T19:17:34.862+0000] {logging_mixin.py:137} INFO - [2023-05-11T19:17:34.862+0000] {dag.py:3441} INFO - Setting next_dagrun for tutorial to 2023-05-10T19:17:34.861835+00:00, run_after=2023-05-11T19:17:34.861835+00:00
[2023-05-11T19:17:34.884+0000] {processor.py:175} INFO - Processing /home/airflow/.local/lib/python3.7/site-packages/airflow/example_dags/tutorial.py took 0.089 seconds
[2023-05-11T19:18:05.341+0000] {processor.py:153} INFO - Started process (PID=2171) to work on /home/airflow/.local/lib/python3.7/site-packages/airflow/example_dags/tutorial.py
[2023-05-11T19:18:05.341+0000] {processor.py:743} INFO - Processing file /home/airflow/.local/lib/python3.7/site-packages/airflow/example_dags/tutorial.py for tasks to queue
[2023-05-11T19:18:05.342+0000] {logging_mixin.py:137} INFO - [2023-05-11T19:18:05.342+0000] {dagbag.py:538} INFO - Filling up the DagBag from /home/airflow/.local/lib/python3.7/site-packages/airflow/example_dags/tutorial.py
[2023-05-11T19:18:05.350+0000] {processor.py:753} INFO - DAG(s) dict_keys(['tutorial']) retrieved from /home/airflow/.local/lib/python3.7/site-packages/airflow/example_dags/tutorial.py
[2023-05-11T19:18:05.367+0000] {logging_mixin.py:137} INFO - [2023-05-11T19:18:05.366+0000] {dag.py:2690} INFO - Sync 1 DAGs
[2023-05-11T19:18:05.382+0000] {logging_mixin.py:137} INFO - [2023-05-11T19:18:05.382+0000] {dag.py:3441} INFO - Setting next_dagrun for tutorial to 2023-05-10T19:18:05.382048+00:00, run_after=2023-05-11T19:18:05.382048+00:00
[2023-05-11T19:18:05.393+0000] {processor.py:175} INFO - Processing /home/airflow/.local/lib/python3.7/site-packages/airflow/example_dags/tutorial.py took 0.054 seconds
[2023-05-11T19:18:35.638+0000] {processor.py:153} INFO - Started process (PID=2415) to work on /home/airflow/.local/lib/python3.7/site-packages/airflow/example_dags/tutorial.py
[2023-05-11T19:18:35.639+0000] {processor.py:743} INFO - Processing file /home/airflow/.local/lib/python3.7/site-packages/airflow/example_dags/tutorial.py for tasks to queue
[2023-05-11T19:18:35.640+0000] {logging_mixin.py:137} INFO - [2023-05-11T19:18:35.640+0000] {dagbag.py:538} INFO - Filling up the DagBag from /home/airflow/.local/lib/python3.7/site-packages/airflow/example_dags/tutorial.py
[2023-05-11T19:18:35.652+0000] {processor.py:753} INFO - DAG(s) dict_keys(['tutorial']) retrieved from /home/airflow/.local/lib/python3.7/site-packages/airflow/example_dags/tutorial.py
[2023-05-11T19:18:35.684+0000] {logging_mixin.py:137} INFO - [2023-05-11T19:18:35.684+0000] {dag.py:2690} INFO - Sync 1 DAGs
[2023-05-11T19:18:35.709+0000] {logging_mixin.py:137} INFO - [2023-05-11T19:18:35.709+0000] {dag.py:3441} INFO - Setting next_dagrun for tutorial to 2023-05-10T19:18:35.709598+00:00, run_after=2023-05-11T19:18:35.709598+00:00
[2023-05-11T19:18:35.728+0000] {processor.py:175} INFO - Processing /home/airflow/.local/lib/python3.7/site-packages/airflow/example_dags/tutorial.py took 0.092 seconds
[2023-05-11T19:19:06.316+0000] {processor.py:153} INFO - Started process (PID=2652) to work on /home/airflow/.local/lib/python3.7/site-packages/airflow/example_dags/tutorial.py
[2023-05-11T19:19:06.317+0000] {processor.py:743} INFO - Processing file /home/airflow/.local/lib/python3.7/site-packages/airflow/example_dags/tutorial.py for tasks to queue
[2023-05-11T19:19:06.317+0000] {logging_mixin.py:137} INFO - [2023-05-11T19:19:06.317+0000] {dagbag.py:538} INFO - Filling up the DagBag from /home/airflow/.local/lib/python3.7/site-packages/airflow/example_dags/tutorial.py
[2023-05-11T19:19:06.329+0000] {processor.py:753} INFO - DAG(s) dict_keys(['tutorial']) retrieved from /home/airflow/.local/lib/python3.7/site-packages/airflow/example_dags/tutorial.py
[2023-05-11T19:19:06.352+0000] {logging_mixin.py:137} INFO - [2023-05-11T19:19:06.352+0000] {dag.py:2690} INFO - Sync 1 DAGs
[2023-05-11T19:19:06.374+0000] {logging_mixin.py:137} INFO - [2023-05-11T19:19:06.374+0000] {dag.py:3441} INFO - Setting next_dagrun for tutorial to 2023-05-10T19:19:06.373833+00:00, run_after=2023-05-11T19:19:06.373833+00:00
[2023-05-11T19:19:06.390+0000] {processor.py:175} INFO - Processing /home/airflow/.local/lib/python3.7/site-packages/airflow/example_dags/tutorial.py took 0.076 seconds
[2023-05-11T19:19:36.835+0000] {processor.py:153} INFO - Started process (PID=2895) to work on /home/airflow/.local/lib/python3.7/site-packages/airflow/example_dags/tutorial.py
[2023-05-11T19:19:36.835+0000] {processor.py:743} INFO - Processing file /home/airflow/.local/lib/python3.7/site-packages/airflow/example_dags/tutorial.py for tasks to queue
[2023-05-11T19:19:36.836+0000] {logging_mixin.py:137} INFO - [2023-05-11T19:19:36.836+0000] {dagbag.py:538} INFO - Filling up the DagBag from /home/airflow/.local/lib/python3.7/site-packages/airflow/example_dags/tutorial.py
[2023-05-11T19:19:36.847+0000] {processor.py:753} INFO - DAG(s) dict_keys(['tutorial']) retrieved from /home/airflow/.local/lib/python3.7/site-packages/airflow/example_dags/tutorial.py
[2023-05-11T19:19:36.870+0000] {logging_mixin.py:137} INFO - [2023-05-11T19:19:36.870+0000] {dag.py:2690} INFO - Sync 1 DAGs
[2023-05-11T19:19:36.894+0000] {logging_mixin.py:137} INFO - [2023-05-11T19:19:36.894+0000] {dag.py:3441} INFO - Setting next_dagrun for tutorial to 2023-05-10T19:19:36.894009+00:00, run_after=2023-05-11T19:19:36.894009+00:00
[2023-05-11T19:19:36.917+0000] {processor.py:175} INFO - Processing /home/airflow/.local/lib/python3.7/site-packages/airflow/example_dags/tutorial.py took 0.084 seconds
[2023-05-11T19:20:07.386+0000] {processor.py:153} INFO - Started process (PID=3132) to work on /home/airflow/.local/lib/python3.7/site-packages/airflow/example_dags/tutorial.py
[2023-05-11T19:20:07.387+0000] {processor.py:743} INFO - Processing file /home/airflow/.local/lib/python3.7/site-packages/airflow/example_dags/tutorial.py for tasks to queue
[2023-05-11T19:20:07.388+0000] {logging_mixin.py:137} INFO - [2023-05-11T19:20:07.387+0000] {dagbag.py:538} INFO - Filling up the DagBag from /home/airflow/.local/lib/python3.7/site-packages/airflow/example_dags/tutorial.py
[2023-05-11T19:20:07.399+0000] {processor.py:753} INFO - DAG(s) dict_keys(['tutorial']) retrieved from /home/airflow/.local/lib/python3.7/site-packages/airflow/example_dags/tutorial.py
[2023-05-11T19:20:07.422+0000] {logging_mixin.py:137} INFO - [2023-05-11T19:20:07.422+0000] {dag.py:2690} INFO - Sync 1 DAGs
[2023-05-11T19:20:07.445+0000] {logging_mixin.py:137} INFO - [2023-05-11T19:20:07.445+0000] {dag.py:3441} INFO - Setting next_dagrun for tutorial to 2023-05-10T19:20:07.445308+00:00, run_after=2023-05-11T19:20:07.445308+00:00
[2023-05-11T19:20:07.461+0000] {processor.py:175} INFO - Processing /home/airflow/.local/lib/python3.7/site-packages/airflow/example_dags/tutorial.py took 0.077 seconds
[2023-05-11T19:20:37.780+0000] {processor.py:153} INFO - Started process (PID=3373) to work on /home/airflow/.local/lib/python3.7/site-packages/airflow/example_dags/tutorial.py
[2023-05-11T19:20:37.781+0000] {processor.py:743} INFO - Processing file /home/airflow/.local/lib/python3.7/site-packages/airflow/example_dags/tutorial.py for tasks to queue
[2023-05-11T19:20:37.781+0000] {logging_mixin.py:137} INFO - [2023-05-11T19:20:37.781+0000] {dagbag.py:538} INFO - Filling up the DagBag from /home/airflow/.local/lib/python3.7/site-packages/airflow/example_dags/tutorial.py
[2023-05-11T19:20:37.794+0000] {processor.py:753} INFO - DAG(s) dict_keys(['tutorial']) retrieved from /home/airflow/.local/lib/python3.7/site-packages/airflow/example_dags/tutorial.py
[2023-05-11T19:20:37.820+0000] {logging_mixin.py:137} INFO - [2023-05-11T19:20:37.820+0000] {dag.py:2690} INFO - Sync 1 DAGs
[2023-05-11T19:20:37.860+0000] {logging_mixin.py:137} INFO - [2023-05-11T19:20:37.859+0000] {dag.py:3441} INFO - Setting next_dagrun for tutorial to 2023-05-10T19:20:37.859706+00:00, run_after=2023-05-11T19:20:37.859706+00:00
[2023-05-11T19:20:37.931+0000] {processor.py:175} INFO - Processing /home/airflow/.local/lib/python3.7/site-packages/airflow/example_dags/tutorial.py took 0.154 seconds
[2023-05-11T19:21:08.191+0000] {processor.py:153} INFO - Started process (PID=3614) to work on /home/airflow/.local/lib/python3.7/site-packages/airflow/example_dags/tutorial.py
[2023-05-11T19:21:08.192+0000] {processor.py:743} INFO - Processing file /home/airflow/.local/lib/python3.7/site-packages/airflow/example_dags/tutorial.py for tasks to queue
[2023-05-11T19:21:08.193+0000] {logging_mixin.py:137} INFO - [2023-05-11T19:21:08.192+0000] {dagbag.py:538} INFO - Filling up the DagBag from /home/airflow/.local/lib/python3.7/site-packages/airflow/example_dags/tutorial.py
[2023-05-11T19:21:08.205+0000] {processor.py:753} INFO - DAG(s) dict_keys(['tutorial']) retrieved from /home/airflow/.local/lib/python3.7/site-packages/airflow/example_dags/tutorial.py
[2023-05-11T19:21:08.228+0000] {logging_mixin.py:137} INFO - [2023-05-11T19:21:08.228+0000] {dag.py:2690} INFO - Sync 1 DAGs
[2023-05-11T19:21:08.254+0000] {logging_mixin.py:137} INFO - [2023-05-11T19:21:08.254+0000] {dag.py:3441} INFO - Setting next_dagrun for tutorial to 2023-05-10T19:21:08.254548+00:00, run_after=2023-05-11T19:21:08.254548+00:00
[2023-05-11T19:21:08.271+0000] {processor.py:175} INFO - Processing /home/airflow/.local/lib/python3.7/site-packages/airflow/example_dags/tutorial.py took 0.082 seconds
[2023-05-11T19:21:38.897+0000] {processor.py:153} INFO - Started process (PID=3860) to work on /home/airflow/.local/lib/python3.7/site-packages/airflow/example_dags/tutorial.py
[2023-05-11T19:21:38.898+0000] {processor.py:743} INFO - Processing file /home/airflow/.local/lib/python3.7/site-packages/airflow/example_dags/tutorial.py for tasks to queue
[2023-05-11T19:21:38.898+0000] {logging_mixin.py:137} INFO - [2023-05-11T19:21:38.898+0000] {dagbag.py:538} INFO - Filling up the DagBag from /home/airflow/.local/lib/python3.7/site-packages/airflow/example_dags/tutorial.py
[2023-05-11T19:21:38.914+0000] {processor.py:753} INFO - DAG(s) dict_keys(['tutorial']) retrieved from /home/airflow/.local/lib/python3.7/site-packages/airflow/example_dags/tutorial.py
[2023-05-11T19:21:38.943+0000] {logging_mixin.py:137} INFO - [2023-05-11T19:21:38.942+0000] {dag.py:2690} INFO - Sync 1 DAGs
[2023-05-11T19:21:38.967+0000] {logging_mixin.py:137} INFO - [2023-05-11T19:21:38.966+0000] {dag.py:3441} INFO - Setting next_dagrun for tutorial to 2023-05-10T19:21:38.966771+00:00, run_after=2023-05-11T19:21:38.966771+00:00
[2023-05-11T19:21:38.985+0000] {processor.py:175} INFO - Processing /home/airflow/.local/lib/python3.7/site-packages/airflow/example_dags/tutorial.py took 0.092 seconds
[2023-05-11T19:22:09.116+0000] {processor.py:153} INFO - Started process (PID=4092) to work on /home/airflow/.local/lib/python3.7/site-packages/airflow/example_dags/tutorial.py
[2023-05-11T19:22:09.116+0000] {processor.py:743} INFO - Processing file /home/airflow/.local/lib/python3.7/site-packages/airflow/example_dags/tutorial.py for tasks to queue
[2023-05-11T19:22:09.117+0000] {logging_mixin.py:137} INFO - [2023-05-11T19:22:09.117+0000] {dagbag.py:538} INFO - Filling up the DagBag from /home/airflow/.local/lib/python3.7/site-packages/airflow/example_dags/tutorial.py
[2023-05-11T19:22:09.129+0000] {processor.py:753} INFO - DAG(s) dict_keys(['tutorial']) retrieved from /home/airflow/.local/lib/python3.7/site-packages/airflow/example_dags/tutorial.py
[2023-05-11T19:22:09.152+0000] {logging_mixin.py:137} INFO - [2023-05-11T19:22:09.152+0000] {dag.py:2690} INFO - Sync 1 DAGs
[2023-05-11T19:22:09.175+0000] {logging_mixin.py:137} INFO - [2023-05-11T19:22:09.175+0000] {dag.py:3441} INFO - Setting next_dagrun for tutorial to 2023-05-10T19:22:09.175591+00:00, run_after=2023-05-11T19:22:09.175591+00:00
[2023-05-11T19:22:09.193+0000] {processor.py:175} INFO - Processing /home/airflow/.local/lib/python3.7/site-packages/airflow/example_dags/tutorial.py took 0.080 seconds
[2023-05-11T19:22:39.517+0000] {processor.py:153} INFO - Started process (PID=4341) to work on /home/airflow/.local/lib/python3.7/site-packages/airflow/example_dags/tutorial.py
[2023-05-11T19:22:39.518+0000] {processor.py:743} INFO - Processing file /home/airflow/.local/lib/python3.7/site-packages/airflow/example_dags/tutorial.py for tasks to queue
[2023-05-11T19:22:39.518+0000] {logging_mixin.py:137} INFO - [2023-05-11T19:22:39.518+0000] {dagbag.py:538} INFO - Filling up the DagBag from /home/airflow/.local/lib/python3.7/site-packages/airflow/example_dags/tutorial.py
[2023-05-11T19:22:39.535+0000] {processor.py:753} INFO - DAG(s) dict_keys(['tutorial']) retrieved from /home/airflow/.local/lib/python3.7/site-packages/airflow/example_dags/tutorial.py
[2023-05-11T19:22:39.569+0000] {logging_mixin.py:137} INFO - [2023-05-11T19:22:39.569+0000] {dag.py:2690} INFO - Sync 1 DAGs
[2023-05-11T19:22:39.599+0000] {logging_mixin.py:137} INFO - [2023-05-11T19:22:39.599+0000] {dag.py:3441} INFO - Setting next_dagrun for tutorial to 2023-05-10T19:22:39.599547+00:00, run_after=2023-05-11T19:22:39.599547+00:00
[2023-05-11T19:22:39.616+0000] {processor.py:175} INFO - Processing /home/airflow/.local/lib/python3.7/site-packages/airflow/example_dags/tutorial.py took 0.103 seconds
[2023-05-11T19:23:10.035+0000] {processor.py:153} INFO - Started process (PID=4575) to work on /home/airflow/.local/lib/python3.7/site-packages/airflow/example_dags/tutorial.py
[2023-05-11T19:23:10.036+0000] {processor.py:743} INFO - Processing file /home/airflow/.local/lib/python3.7/site-packages/airflow/example_dags/tutorial.py for tasks to queue
[2023-05-11T19:23:10.036+0000] {logging_mixin.py:137} INFO - [2023-05-11T19:23:10.036+0000] {dagbag.py:538} INFO - Filling up the DagBag from /home/airflow/.local/lib/python3.7/site-packages/airflow/example_dags/tutorial.py
[2023-05-11T19:23:10.048+0000] {processor.py:753} INFO - DAG(s) dict_keys(['tutorial']) retrieved from /home/airflow/.local/lib/python3.7/site-packages/airflow/example_dags/tutorial.py
[2023-05-11T19:23:10.071+0000] {logging_mixin.py:137} INFO - [2023-05-11T19:23:10.071+0000] {dag.py:2690} INFO - Sync 1 DAGs
[2023-05-11T19:23:10.093+0000] {logging_mixin.py:137} INFO - [2023-05-11T19:23:10.093+0000] {dag.py:3441} INFO - Setting next_dagrun for tutorial to 2023-05-10T19:23:10.093573+00:00, run_after=2023-05-11T19:23:10.093573+00:00
[2023-05-11T19:23:10.109+0000] {processor.py:175} INFO - Processing /home/airflow/.local/lib/python3.7/site-packages/airflow/example_dags/tutorial.py took 0.076 seconds
[2023-05-11T19:23:40.944+0000] {processor.py:153} INFO - Started process (PID=4824) to work on /home/airflow/.local/lib/python3.7/site-packages/airflow/example_dags/tutorial.py
[2023-05-11T19:23:40.945+0000] {processor.py:743} INFO - Processing file /home/airflow/.local/lib/python3.7/site-packages/airflow/example_dags/tutorial.py for tasks to queue
[2023-05-11T19:23:40.946+0000] {logging_mixin.py:137} INFO - [2023-05-11T19:23:40.945+0000] {dagbag.py:538} INFO - Filling up the DagBag from /home/airflow/.local/lib/python3.7/site-packages/airflow/example_dags/tutorial.py
[2023-05-11T19:23:40.958+0000] {processor.py:753} INFO - DAG(s) dict_keys(['tutorial']) retrieved from /home/airflow/.local/lib/python3.7/site-packages/airflow/example_dags/tutorial.py
[2023-05-11T19:23:40.984+0000] {logging_mixin.py:137} INFO - [2023-05-11T19:23:40.984+0000] {dag.py:2690} INFO - Sync 1 DAGs
[2023-05-11T19:23:41.010+0000] {logging_mixin.py:137} INFO - [2023-05-11T19:23:41.010+0000] {dag.py:3441} INFO - Setting next_dagrun for tutorial to 2023-05-10T19:23:41.010528+00:00, run_after=2023-05-11T19:23:41.010528+00:00
[2023-05-11T19:23:41.030+0000] {processor.py:175} INFO - Processing /home/airflow/.local/lib/python3.7/site-packages/airflow/example_dags/tutorial.py took 0.090 seconds
[2023-05-11T19:24:11.743+0000] {processor.py:153} INFO - Started process (PID=5054) to work on /home/airflow/.local/lib/python3.7/site-packages/airflow/example_dags/tutorial.py
[2023-05-11T19:24:11.744+0000] {processor.py:743} INFO - Processing file /home/airflow/.local/lib/python3.7/site-packages/airflow/example_dags/tutorial.py for tasks to queue
[2023-05-11T19:24:11.745+0000] {logging_mixin.py:137} INFO - [2023-05-11T19:24:11.745+0000] {dagbag.py:538} INFO - Filling up the DagBag from /home/airflow/.local/lib/python3.7/site-packages/airflow/example_dags/tutorial.py
[2023-05-11T19:24:11.761+0000] {processor.py:753} INFO - DAG(s) dict_keys(['tutorial']) retrieved from /home/airflow/.local/lib/python3.7/site-packages/airflow/example_dags/tutorial.py
[2023-05-11T19:24:11.792+0000] {logging_mixin.py:137} INFO - [2023-05-11T19:24:11.792+0000] {dag.py:2690} INFO - Sync 1 DAGs
[2023-05-11T19:24:11.820+0000] {logging_mixin.py:137} INFO - [2023-05-11T19:24:11.819+0000] {dag.py:3441} INFO - Setting next_dagrun for tutorial to 2023-05-10T19:24:11.819401+00:00, run_after=2023-05-11T19:24:11.819401+00:00
[2023-05-11T19:24:11.840+0000] {processor.py:175} INFO - Processing /home/airflow/.local/lib/python3.7/site-packages/airflow/example_dags/tutorial.py took 0.100 seconds
[2023-05-11T19:24:42.305+0000] {processor.py:153} INFO - Started process (PID=5302) to work on /home/airflow/.local/lib/python3.7/site-packages/airflow/example_dags/tutorial.py
[2023-05-11T19:24:42.305+0000] {processor.py:743} INFO - Processing file /home/airflow/.local/lib/python3.7/site-packages/airflow/example_dags/tutorial.py for tasks to queue
[2023-05-11T19:24:42.306+0000] {logging_mixin.py:137} INFO - [2023-05-11T19:24:42.306+0000] {dagbag.py:538} INFO - Filling up the DagBag from /home/airflow/.local/lib/python3.7/site-packages/airflow/example_dags/tutorial.py
[2023-05-11T19:24:42.316+0000] {processor.py:753} INFO - DAG(s) dict_keys(['tutorial']) retrieved from /home/airflow/.local/lib/python3.7/site-packages/airflow/example_dags/tutorial.py
[2023-05-11T19:24:42.338+0000] {logging_mixin.py:137} INFO - [2023-05-11T19:24:42.338+0000] {dag.py:2690} INFO - Sync 1 DAGs
[2023-05-11T19:24:42.362+0000] {logging_mixin.py:137} INFO - [2023-05-11T19:24:42.362+0000] {dag.py:3441} INFO - Setting next_dagrun for tutorial to 2023-05-10T19:24:42.362172+00:00, run_after=2023-05-11T19:24:42.362172+00:00
[2023-05-11T19:24:42.376+0000] {processor.py:175} INFO - Processing /home/airflow/.local/lib/python3.7/site-packages/airflow/example_dags/tutorial.py took 0.074 seconds
[2023-05-11T19:25:27.832+0000] {processor.py:153} INFO - Started process (PID=244) to work on /home/airflow/.local/lib/python3.7/site-packages/airflow/example_dags/tutorial.py
[2023-05-11T19:25:27.833+0000] {processor.py:743} INFO - Processing file /home/airflow/.local/lib/python3.7/site-packages/airflow/example_dags/tutorial.py for tasks to queue
[2023-05-11T19:25:27.833+0000] {logging_mixin.py:137} INFO - [2023-05-11T19:25:27.833+0000] {dagbag.py:538} INFO - Filling up the DagBag from /home/airflow/.local/lib/python3.7/site-packages/airflow/example_dags/tutorial.py
[2023-05-11T19:25:27.842+0000] {processor.py:753} INFO - DAG(s) dict_keys(['tutorial']) retrieved from /home/airflow/.local/lib/python3.7/site-packages/airflow/example_dags/tutorial.py
[2023-05-11T19:25:27.854+0000] {logging_mixin.py:137} INFO - [2023-05-11T19:25:27.854+0000] {dag.py:2690} INFO - Sync 1 DAGs
[2023-05-11T19:25:27.904+0000] {logging_mixin.py:137} INFO - [2023-05-11T19:25:27.904+0000] {dag.py:3441} INFO - Setting next_dagrun for tutorial to 2023-05-10T19:25:27.904181+00:00, run_after=2023-05-11T19:25:27.904181+00:00
[2023-05-11T19:25:27.925+0000] {processor.py:175} INFO - Processing /home/airflow/.local/lib/python3.7/site-packages/airflow/example_dags/tutorial.py took 0.096 seconds
[2023-05-11T19:25:58.055+0000] {processor.py:153} INFO - Started process (PID=476) to work on /home/airflow/.local/lib/python3.7/site-packages/airflow/example_dags/tutorial.py
[2023-05-11T19:25:58.056+0000] {processor.py:743} INFO - Processing file /home/airflow/.local/lib/python3.7/site-packages/airflow/example_dags/tutorial.py for tasks to queue
[2023-05-11T19:25:58.056+0000] {logging_mixin.py:137} INFO - [2023-05-11T19:25:58.056+0000] {dagbag.py:538} INFO - Filling up the DagBag from /home/airflow/.local/lib/python3.7/site-packages/airflow/example_dags/tutorial.py
[2023-05-11T19:25:58.065+0000] {processor.py:753} INFO - DAG(s) dict_keys(['tutorial']) retrieved from /home/airflow/.local/lib/python3.7/site-packages/airflow/example_dags/tutorial.py
[2023-05-11T19:25:58.082+0000] {logging_mixin.py:137} INFO - [2023-05-11T19:25:58.082+0000] {dag.py:2690} INFO - Sync 1 DAGs
[2023-05-11T19:25:58.099+0000] {logging_mixin.py:137} INFO - [2023-05-11T19:25:58.099+0000] {dag.py:3441} INFO - Setting next_dagrun for tutorial to 2023-05-10T19:25:58.099634+00:00, run_after=2023-05-11T19:25:58.099634+00:00
[2023-05-11T19:25:58.113+0000] {processor.py:175} INFO - Processing /home/airflow/.local/lib/python3.7/site-packages/airflow/example_dags/tutorial.py took 0.059 seconds
[2023-05-11T19:26:29.153+0000] {processor.py:153} INFO - Started process (PID=724) to work on /home/airflow/.local/lib/python3.7/site-packages/airflow/example_dags/tutorial.py
[2023-05-11T19:26:29.153+0000] {processor.py:743} INFO - Processing file /home/airflow/.local/lib/python3.7/site-packages/airflow/example_dags/tutorial.py for tasks to queue
[2023-05-11T19:26:29.154+0000] {logging_mixin.py:137} INFO - [2023-05-11T19:26:29.154+0000] {dagbag.py:538} INFO - Filling up the DagBag from /home/airflow/.local/lib/python3.7/site-packages/airflow/example_dags/tutorial.py
[2023-05-11T19:26:29.167+0000] {processor.py:753} INFO - DAG(s) dict_keys(['tutorial']) retrieved from /home/airflow/.local/lib/python3.7/site-packages/airflow/example_dags/tutorial.py
[2023-05-11T19:26:29.191+0000] {logging_mixin.py:137} INFO - [2023-05-11T19:26:29.191+0000] {dag.py:2690} INFO - Sync 1 DAGs
[2023-05-11T19:26:29.215+0000] {logging_mixin.py:137} INFO - [2023-05-11T19:26:29.215+0000] {dag.py:3441} INFO - Setting next_dagrun for tutorial to 2023-05-10T19:26:29.215144+00:00, run_after=2023-05-11T19:26:29.215144+00:00
[2023-05-11T19:26:29.234+0000] {processor.py:175} INFO - Processing /home/airflow/.local/lib/python3.7/site-packages/airflow/example_dags/tutorial.py took 0.084 seconds
[2023-05-11T19:26:59.567+0000] {processor.py:153} INFO - Started process (PID=956) to work on /home/airflow/.local/lib/python3.7/site-packages/airflow/example_dags/tutorial.py
[2023-05-11T19:26:59.568+0000] {processor.py:743} INFO - Processing file /home/airflow/.local/lib/python3.7/site-packages/airflow/example_dags/tutorial.py for tasks to queue
[2023-05-11T19:26:59.568+0000] {logging_mixin.py:137} INFO - [2023-05-11T19:26:59.568+0000] {dagbag.py:538} INFO - Filling up the DagBag from /home/airflow/.local/lib/python3.7/site-packages/airflow/example_dags/tutorial.py
[2023-05-11T19:26:59.580+0000] {processor.py:753} INFO - DAG(s) dict_keys(['tutorial']) retrieved from /home/airflow/.local/lib/python3.7/site-packages/airflow/example_dags/tutorial.py
[2023-05-11T19:26:59.602+0000] {logging_mixin.py:137} INFO - [2023-05-11T19:26:59.602+0000] {dag.py:2690} INFO - Sync 1 DAGs
[2023-05-11T19:26:59.628+0000] {logging_mixin.py:137} INFO - [2023-05-11T19:26:59.628+0000] {dag.py:3441} INFO - Setting next_dagrun for tutorial to 2023-05-10T19:26:59.628317+00:00, run_after=2023-05-11T19:26:59.628317+00:00
[2023-05-11T19:26:59.645+0000] {processor.py:175} INFO - Processing /home/airflow/.local/lib/python3.7/site-packages/airflow/example_dags/tutorial.py took 0.080 seconds
[2023-05-11T19:27:30.121+0000] {processor.py:153} INFO - Started process (PID=1204) to work on /home/airflow/.local/lib/python3.7/site-packages/airflow/example_dags/tutorial.py
[2023-05-11T19:27:30.122+0000] {processor.py:743} INFO - Processing file /home/airflow/.local/lib/python3.7/site-packages/airflow/example_dags/tutorial.py for tasks to queue
[2023-05-11T19:27:30.122+0000] {logging_mixin.py:137} INFO - [2023-05-11T19:27:30.122+0000] {dagbag.py:538} INFO - Filling up the DagBag from /home/airflow/.local/lib/python3.7/site-packages/airflow/example_dags/tutorial.py
[2023-05-11T19:27:30.131+0000] {processor.py:753} INFO - DAG(s) dict_keys(['tutorial']) retrieved from /home/airflow/.local/lib/python3.7/site-packages/airflow/example_dags/tutorial.py
[2023-05-11T19:27:30.147+0000] {logging_mixin.py:137} INFO - [2023-05-11T19:27:30.147+0000] {dag.py:2690} INFO - Sync 1 DAGs
[2023-05-11T19:27:30.163+0000] {logging_mixin.py:137} INFO - [2023-05-11T19:27:30.163+0000] {dag.py:3441} INFO - Setting next_dagrun for tutorial to 2023-05-10T19:27:30.163746+00:00, run_after=2023-05-11T19:27:30.163746+00:00
[2023-05-11T19:27:30.175+0000] {processor.py:175} INFO - Processing /home/airflow/.local/lib/python3.7/site-packages/airflow/example_dags/tutorial.py took 0.056 seconds
[2023-05-11T19:28:01.224+0000] {processor.py:153} INFO - Started process (PID=1436) to work on /home/airflow/.local/lib/python3.7/site-packages/airflow/example_dags/tutorial.py
[2023-05-11T19:28:01.225+0000] {processor.py:743} INFO - Processing file /home/airflow/.local/lib/python3.7/site-packages/airflow/example_dags/tutorial.py for tasks to queue
[2023-05-11T19:28:01.225+0000] {logging_mixin.py:137} INFO - [2023-05-11T19:28:01.225+0000] {dagbag.py:538} INFO - Filling up the DagBag from /home/airflow/.local/lib/python3.7/site-packages/airflow/example_dags/tutorial.py
[2023-05-11T19:28:01.238+0000] {processor.py:753} INFO - DAG(s) dict_keys(['tutorial']) retrieved from /home/airflow/.local/lib/python3.7/site-packages/airflow/example_dags/tutorial.py
[2023-05-11T19:28:01.268+0000] {logging_mixin.py:137} INFO - [2023-05-11T19:28:01.268+0000] {dag.py:2690} INFO - Sync 1 DAGs
[2023-05-11T19:28:01.299+0000] {logging_mixin.py:137} INFO - [2023-05-11T19:28:01.299+0000] {dag.py:3441} INFO - Setting next_dagrun for tutorial to 2023-05-10T19:28:01.299039+00:00, run_after=2023-05-11T19:28:01.299039+00:00
[2023-05-11T19:28:01.321+0000] {processor.py:175} INFO - Processing /home/airflow/.local/lib/python3.7/site-packages/airflow/example_dags/tutorial.py took 0.100 seconds
[2023-05-11T19:28:31.488+0000] {processor.py:153} INFO - Started process (PID=1684) to work on /home/airflow/.local/lib/python3.7/site-packages/airflow/example_dags/tutorial.py
[2023-05-11T19:28:31.489+0000] {processor.py:743} INFO - Processing file /home/airflow/.local/lib/python3.7/site-packages/airflow/example_dags/tutorial.py for tasks to queue
[2023-05-11T19:28:31.489+0000] {logging_mixin.py:137} INFO - [2023-05-11T19:28:31.489+0000] {dagbag.py:538} INFO - Filling up the DagBag from /home/airflow/.local/lib/python3.7/site-packages/airflow/example_dags/tutorial.py
[2023-05-11T19:28:31.501+0000] {processor.py:753} INFO - DAG(s) dict_keys(['tutorial']) retrieved from /home/airflow/.local/lib/python3.7/site-packages/airflow/example_dags/tutorial.py
[2023-05-11T19:28:31.519+0000] {logging_mixin.py:137} INFO - [2023-05-11T19:28:31.519+0000] {dag.py:2690} INFO - Sync 1 DAGs
[2023-05-11T19:28:31.536+0000] {logging_mixin.py:137} INFO - [2023-05-11T19:28:31.536+0000] {dag.py:3441} INFO - Setting next_dagrun for tutorial to 2023-05-10T19:28:31.536087+00:00, run_after=2023-05-11T19:28:31.536087+00:00
[2023-05-11T19:28:31.549+0000] {processor.py:175} INFO - Processing /home/airflow/.local/lib/python3.7/site-packages/airflow/example_dags/tutorial.py took 0.063 seconds
[2023-05-11T19:29:01.760+0000] {processor.py:153} INFO - Started process (PID=1917) to work on /home/airflow/.local/lib/python3.7/site-packages/airflow/example_dags/tutorial.py
[2023-05-11T19:29:01.761+0000] {processor.py:743} INFO - Processing file /home/airflow/.local/lib/python3.7/site-packages/airflow/example_dags/tutorial.py for tasks to queue
[2023-05-11T19:29:01.761+0000] {logging_mixin.py:137} INFO - [2023-05-11T19:29:01.761+0000] {dagbag.py:538} INFO - Filling up the DagBag from /home/airflow/.local/lib/python3.7/site-packages/airflow/example_dags/tutorial.py
[2023-05-11T19:29:01.773+0000] {processor.py:753} INFO - DAG(s) dict_keys(['tutorial']) retrieved from /home/airflow/.local/lib/python3.7/site-packages/airflow/example_dags/tutorial.py
[2023-05-11T19:29:01.794+0000] {logging_mixin.py:137} INFO - [2023-05-11T19:29:01.794+0000] {dag.py:2690} INFO - Sync 1 DAGs
[2023-05-11T19:29:01.815+0000] {logging_mixin.py:137} INFO - [2023-05-11T19:29:01.815+0000] {dag.py:3441} INFO - Setting next_dagrun for tutorial to 2023-05-10T19:29:01.815561+00:00, run_after=2023-05-11T19:29:01.815561+00:00
[2023-05-11T19:29:01.832+0000] {processor.py:175} INFO - Processing /home/airflow/.local/lib/python3.7/site-packages/airflow/example_dags/tutorial.py took 0.074 seconds
[2023-05-11T19:29:32.240+0000] {processor.py:153} INFO - Started process (PID=2167) to work on /home/airflow/.local/lib/python3.7/site-packages/airflow/example_dags/tutorial.py
[2023-05-11T19:29:32.241+0000] {processor.py:743} INFO - Processing file /home/airflow/.local/lib/python3.7/site-packages/airflow/example_dags/tutorial.py for tasks to queue
[2023-05-11T19:29:32.241+0000] {logging_mixin.py:137} INFO - [2023-05-11T19:29:32.241+0000] {dagbag.py:538} INFO - Filling up the DagBag from /home/airflow/.local/lib/python3.7/site-packages/airflow/example_dags/tutorial.py
[2023-05-11T19:29:32.253+0000] {processor.py:753} INFO - DAG(s) dict_keys(['tutorial']) retrieved from /home/airflow/.local/lib/python3.7/site-packages/airflow/example_dags/tutorial.py
[2023-05-11T19:29:32.278+0000] {logging_mixin.py:137} INFO - [2023-05-11T19:29:32.278+0000] {dag.py:2690} INFO - Sync 1 DAGs
[2023-05-11T19:29:32.300+0000] {logging_mixin.py:137} INFO - [2023-05-11T19:29:32.300+0000] {dag.py:3441} INFO - Setting next_dagrun for tutorial to 2023-05-10T19:29:32.299941+00:00, run_after=2023-05-11T19:29:32.299941+00:00
[2023-05-11T19:29:32.316+0000] {processor.py:175} INFO - Processing /home/airflow/.local/lib/python3.7/site-packages/airflow/example_dags/tutorial.py took 0.078 seconds
[2023-05-11T19:30:02.693+0000] {processor.py:153} INFO - Started process (PID=2399) to work on /home/airflow/.local/lib/python3.7/site-packages/airflow/example_dags/tutorial.py
[2023-05-11T19:30:02.694+0000] {processor.py:743} INFO - Processing file /home/airflow/.local/lib/python3.7/site-packages/airflow/example_dags/tutorial.py for tasks to queue
[2023-05-11T19:30:02.695+0000] {logging_mixin.py:137} INFO - [2023-05-11T19:30:02.694+0000] {dagbag.py:538} INFO - Filling up the DagBag from /home/airflow/.local/lib/python3.7/site-packages/airflow/example_dags/tutorial.py
[2023-05-11T19:30:02.711+0000] {processor.py:753} INFO - DAG(s) dict_keys(['tutorial']) retrieved from /home/airflow/.local/lib/python3.7/site-packages/airflow/example_dags/tutorial.py
[2023-05-11T19:30:02.737+0000] {logging_mixin.py:137} INFO - [2023-05-11T19:30:02.737+0000] {dag.py:2690} INFO - Sync 1 DAGs
[2023-05-11T19:30:02.761+0000] {logging_mixin.py:137} INFO - [2023-05-11T19:30:02.761+0000] {dag.py:3441} INFO - Setting next_dagrun for tutorial to 2023-05-10T19:30:02.761088+00:00, run_after=2023-05-11T19:30:02.761088+00:00
[2023-05-11T19:30:02.781+0000] {processor.py:175} INFO - Processing /home/airflow/.local/lib/python3.7/site-packages/airflow/example_dags/tutorial.py took 0.093 seconds
[2023-05-11T19:30:33.436+0000] {processor.py:153} INFO - Started process (PID=2647) to work on /home/airflow/.local/lib/python3.7/site-packages/airflow/example_dags/tutorial.py
[2023-05-11T19:30:33.437+0000] {processor.py:743} INFO - Processing file /home/airflow/.local/lib/python3.7/site-packages/airflow/example_dags/tutorial.py for tasks to queue
[2023-05-11T19:30:33.437+0000] {logging_mixin.py:137} INFO - [2023-05-11T19:30:33.437+0000] {dagbag.py:538} INFO - Filling up the DagBag from /home/airflow/.local/lib/python3.7/site-packages/airflow/example_dags/tutorial.py
[2023-05-11T19:30:33.446+0000] {processor.py:753} INFO - DAG(s) dict_keys(['tutorial']) retrieved from /home/airflow/.local/lib/python3.7/site-packages/airflow/example_dags/tutorial.py
[2023-05-11T19:30:33.465+0000] {logging_mixin.py:137} INFO - [2023-05-11T19:30:33.465+0000] {dag.py:2690} INFO - Sync 1 DAGs
[2023-05-11T19:30:33.491+0000] {logging_mixin.py:137} INFO - [2023-05-11T19:30:33.491+0000] {dag.py:3441} INFO - Setting next_dagrun for tutorial to 2023-05-10T19:30:33.490881+00:00, run_after=2023-05-11T19:30:33.490881+00:00
[2023-05-11T19:30:33.506+0000] {processor.py:175} INFO - Processing /home/airflow/.local/lib/python3.7/site-packages/airflow/example_dags/tutorial.py took 0.072 seconds
[2023-05-11T19:31:03.769+0000] {processor.py:153} INFO - Started process (PID=2879) to work on /home/airflow/.local/lib/python3.7/site-packages/airflow/example_dags/tutorial.py
[2023-05-11T19:31:03.770+0000] {processor.py:743} INFO - Processing file /home/airflow/.local/lib/python3.7/site-packages/airflow/example_dags/tutorial.py for tasks to queue
[2023-05-11T19:31:03.770+0000] {logging_mixin.py:137} INFO - [2023-05-11T19:31:03.770+0000] {dagbag.py:538} INFO - Filling up the DagBag from /home/airflow/.local/lib/python3.7/site-packages/airflow/example_dags/tutorial.py
[2023-05-11T19:31:03.785+0000] {processor.py:753} INFO - DAG(s) dict_keys(['tutorial']) retrieved from /home/airflow/.local/lib/python3.7/site-packages/airflow/example_dags/tutorial.py
[2023-05-11T19:31:03.809+0000] {logging_mixin.py:137} INFO - [2023-05-11T19:31:03.809+0000] {dag.py:2690} INFO - Sync 1 DAGs
[2023-05-11T19:31:03.835+0000] {logging_mixin.py:137} INFO - [2023-05-11T19:31:03.835+0000] {dag.py:3441} INFO - Setting next_dagrun for tutorial to 2023-05-10T19:31:03.835356+00:00, run_after=2023-05-11T19:31:03.835356+00:00
[2023-05-11T19:31:03.853+0000] {processor.py:175} INFO - Processing /home/airflow/.local/lib/python3.7/site-packages/airflow/example_dags/tutorial.py took 0.088 seconds
[2023-05-11T19:31:34.324+0000] {processor.py:153} INFO - Started process (PID=3127) to work on /home/airflow/.local/lib/python3.7/site-packages/airflow/example_dags/tutorial.py
[2023-05-11T19:31:34.325+0000] {processor.py:743} INFO - Processing file /home/airflow/.local/lib/python3.7/site-packages/airflow/example_dags/tutorial.py for tasks to queue
[2023-05-11T19:31:34.325+0000] {logging_mixin.py:137} INFO - [2023-05-11T19:31:34.325+0000] {dagbag.py:538} INFO - Filling up the DagBag from /home/airflow/.local/lib/python3.7/site-packages/airflow/example_dags/tutorial.py
[2023-05-11T19:31:34.334+0000] {processor.py:753} INFO - DAG(s) dict_keys(['tutorial']) retrieved from /home/airflow/.local/lib/python3.7/site-packages/airflow/example_dags/tutorial.py
[2023-05-11T19:31:34.356+0000] {logging_mixin.py:137} INFO - [2023-05-11T19:31:34.356+0000] {dag.py:2690} INFO - Sync 1 DAGs
[2023-05-11T19:31:34.377+0000] {logging_mixin.py:137} INFO - [2023-05-11T19:31:34.377+0000] {dag.py:3441} INFO - Setting next_dagrun for tutorial to 2023-05-10T19:31:34.377243+00:00, run_after=2023-05-11T19:31:34.377243+00:00
[2023-05-11T19:31:34.392+0000] {processor.py:175} INFO - Processing /home/airflow/.local/lib/python3.7/site-packages/airflow/example_dags/tutorial.py took 0.071 seconds
[2023-05-11T19:32:05.293+0000] {processor.py:153} INFO - Started process (PID=3359) to work on /home/airflow/.local/lib/python3.7/site-packages/airflow/example_dags/tutorial.py
[2023-05-11T19:32:05.294+0000] {processor.py:743} INFO - Processing file /home/airflow/.local/lib/python3.7/site-packages/airflow/example_dags/tutorial.py for tasks to queue
[2023-05-11T19:32:05.295+0000] {logging_mixin.py:137} INFO - [2023-05-11T19:32:05.294+0000] {dagbag.py:538} INFO - Filling up the DagBag from /home/airflow/.local/lib/python3.7/site-packages/airflow/example_dags/tutorial.py
[2023-05-11T19:32:05.307+0000] {processor.py:753} INFO - DAG(s) dict_keys(['tutorial']) retrieved from /home/airflow/.local/lib/python3.7/site-packages/airflow/example_dags/tutorial.py
[2023-05-11T19:32:05.333+0000] {logging_mixin.py:137} INFO - [2023-05-11T19:32:05.333+0000] {dag.py:2690} INFO - Sync 1 DAGs
[2023-05-11T19:32:05.359+0000] {logging_mixin.py:137} INFO - [2023-05-11T19:32:05.359+0000] {dag.py:3441} INFO - Setting next_dagrun for tutorial to 2023-05-10T19:32:05.358971+00:00, run_after=2023-05-11T19:32:05.358971+00:00
[2023-05-11T19:32:05.379+0000] {processor.py:175} INFO - Processing /home/airflow/.local/lib/python3.7/site-packages/airflow/example_dags/tutorial.py took 0.089 seconds
[2023-05-11T19:32:35.781+0000] {processor.py:153} INFO - Started process (PID=3606) to work on /home/airflow/.local/lib/python3.7/site-packages/airflow/example_dags/tutorial.py
[2023-05-11T19:32:35.781+0000] {processor.py:743} INFO - Processing file /home/airflow/.local/lib/python3.7/site-packages/airflow/example_dags/tutorial.py for tasks to queue
[2023-05-11T19:32:35.782+0000] {logging_mixin.py:137} INFO - [2023-05-11T19:32:35.782+0000] {dagbag.py:538} INFO - Filling up the DagBag from /home/airflow/.local/lib/python3.7/site-packages/airflow/example_dags/tutorial.py
[2023-05-11T19:32:35.794+0000] {processor.py:753} INFO - DAG(s) dict_keys(['tutorial']) retrieved from /home/airflow/.local/lib/python3.7/site-packages/airflow/example_dags/tutorial.py
[2023-05-11T19:32:35.816+0000] {logging_mixin.py:137} INFO - [2023-05-11T19:32:35.816+0000] {dag.py:2690} INFO - Sync 1 DAGs
[2023-05-11T19:32:35.839+0000] {logging_mixin.py:137} INFO - [2023-05-11T19:32:35.839+0000] {dag.py:3441} INFO - Setting next_dagrun for tutorial to 2023-05-10T19:32:35.839338+00:00, run_after=2023-05-11T19:32:35.839338+00:00
[2023-05-11T19:32:35.855+0000] {processor.py:175} INFO - Processing /home/airflow/.local/lib/python3.7/site-packages/airflow/example_dags/tutorial.py took 0.078 seconds
[2023-05-11T19:33:06.189+0000] {processor.py:153} INFO - Started process (PID=3838) to work on /home/airflow/.local/lib/python3.7/site-packages/airflow/example_dags/tutorial.py
[2023-05-11T19:33:06.190+0000] {processor.py:743} INFO - Processing file /home/airflow/.local/lib/python3.7/site-packages/airflow/example_dags/tutorial.py for tasks to queue
[2023-05-11T19:33:06.191+0000] {logging_mixin.py:137} INFO - [2023-05-11T19:33:06.190+0000] {dagbag.py:538} INFO - Filling up the DagBag from /home/airflow/.local/lib/python3.7/site-packages/airflow/example_dags/tutorial.py
[2023-05-11T19:33:06.203+0000] {processor.py:753} INFO - DAG(s) dict_keys(['tutorial']) retrieved from /home/airflow/.local/lib/python3.7/site-packages/airflow/example_dags/tutorial.py
[2023-05-11T19:33:06.233+0000] {logging_mixin.py:137} INFO - [2023-05-11T19:33:06.233+0000] {dag.py:2690} INFO - Sync 1 DAGs
[2023-05-11T19:33:06.265+0000] {logging_mixin.py:137} INFO - [2023-05-11T19:33:06.265+0000] {dag.py:3441} INFO - Setting next_dagrun for tutorial to 2023-05-10T19:33:06.264753+00:00, run_after=2023-05-11T19:33:06.264753+00:00
[2023-05-11T19:33:06.285+0000] {processor.py:175} INFO - Processing /home/airflow/.local/lib/python3.7/site-packages/airflow/example_dags/tutorial.py took 0.098 seconds
[2023-05-11T19:33:36.729+0000] {processor.py:153} INFO - Started process (PID=4086) to work on /home/airflow/.local/lib/python3.7/site-packages/airflow/example_dags/tutorial.py
[2023-05-11T19:33:36.730+0000] {processor.py:743} INFO - Processing file /home/airflow/.local/lib/python3.7/site-packages/airflow/example_dags/tutorial.py for tasks to queue
[2023-05-11T19:33:36.730+0000] {logging_mixin.py:137} INFO - [2023-05-11T19:33:36.730+0000] {dagbag.py:538} INFO - Filling up the DagBag from /home/airflow/.local/lib/python3.7/site-packages/airflow/example_dags/tutorial.py
[2023-05-11T19:33:36.743+0000] {processor.py:753} INFO - DAG(s) dict_keys(['tutorial']) retrieved from /home/airflow/.local/lib/python3.7/site-packages/airflow/example_dags/tutorial.py
[2023-05-11T19:33:36.767+0000] {logging_mixin.py:137} INFO - [2023-05-11T19:33:36.767+0000] {dag.py:2690} INFO - Sync 1 DAGs
[2023-05-11T19:33:36.789+0000] {logging_mixin.py:137} INFO - [2023-05-11T19:33:36.789+0000] {dag.py:3441} INFO - Setting next_dagrun for tutorial to 2023-05-10T19:33:36.789599+00:00, run_after=2023-05-11T19:33:36.789599+00:00
[2023-05-11T19:33:36.806+0000] {processor.py:175} INFO - Processing /home/airflow/.local/lib/python3.7/site-packages/airflow/example_dags/tutorial.py took 0.081 seconds
[2023-05-11T19:35:10.700+0000] {processor.py:153} INFO - Started process (PID=244) to work on /home/airflow/.local/lib/python3.7/site-packages/airflow/example_dags/tutorial.py
[2023-05-11T19:35:10.701+0000] {processor.py:743} INFO - Processing file /home/airflow/.local/lib/python3.7/site-packages/airflow/example_dags/tutorial.py for tasks to queue
[2023-05-11T19:35:10.701+0000] {logging_mixin.py:137} INFO - [2023-05-11T19:35:10.701+0000] {dagbag.py:538} INFO - Filling up the DagBag from /home/airflow/.local/lib/python3.7/site-packages/airflow/example_dags/tutorial.py
[2023-05-11T19:35:10.710+0000] {processor.py:753} INFO - DAG(s) dict_keys(['tutorial']) retrieved from /home/airflow/.local/lib/python3.7/site-packages/airflow/example_dags/tutorial.py
[2023-05-11T19:35:10.721+0000] {logging_mixin.py:137} INFO - [2023-05-11T19:35:10.720+0000] {dag.py:2690} INFO - Sync 1 DAGs
[2023-05-11T19:35:10.744+0000] {logging_mixin.py:137} INFO - [2023-05-11T19:35:10.744+0000] {dag.py:3441} INFO - Setting next_dagrun for tutorial to 2023-05-10T19:35:10.744423+00:00, run_after=2023-05-11T19:35:10.744423+00:00
[2023-05-11T19:35:10.759+0000] {processor.py:175} INFO - Processing /home/airflow/.local/lib/python3.7/site-packages/airflow/example_dags/tutorial.py took 0.060 seconds
[2023-05-11T19:35:41.545+0000] {processor.py:153} INFO - Started process (PID=476) to work on /home/airflow/.local/lib/python3.7/site-packages/airflow/example_dags/tutorial.py
[2023-05-11T19:35:41.546+0000] {processor.py:743} INFO - Processing file /home/airflow/.local/lib/python3.7/site-packages/airflow/example_dags/tutorial.py for tasks to queue
[2023-05-11T19:35:41.546+0000] {logging_mixin.py:137} INFO - [2023-05-11T19:35:41.546+0000] {dagbag.py:538} INFO - Filling up the DagBag from /home/airflow/.local/lib/python3.7/site-packages/airflow/example_dags/tutorial.py
[2023-05-11T19:35:41.554+0000] {processor.py:753} INFO - DAG(s) dict_keys(['tutorial']) retrieved from /home/airflow/.local/lib/python3.7/site-packages/airflow/example_dags/tutorial.py
[2023-05-11T19:35:41.574+0000] {logging_mixin.py:137} INFO - [2023-05-11T19:35:41.574+0000] {dag.py:2690} INFO - Sync 1 DAGs
[2023-05-11T19:35:41.592+0000] {logging_mixin.py:137} INFO - [2023-05-11T19:35:41.592+0000] {dag.py:3441} INFO - Setting next_dagrun for tutorial to 2023-05-10T19:35:41.592335+00:00, run_after=2023-05-11T19:35:41.592335+00:00
[2023-05-11T19:35:41.603+0000] {processor.py:175} INFO - Processing /home/airflow/.local/lib/python3.7/site-packages/airflow/example_dags/tutorial.py took 0.060 seconds
