2023-03-30 08:44:47,466 - root - INFO - https://gw2wingman.nevermindcreations.de/content/raid/vg?onlyCM=onlyNM
2023-03-30 08:44:50,138 - root - WARNING - can only concatenate str (not "NoneType") to str
2023-03-30 08:44:50,138 - root - WARNING - can only concatenate str (not "NoneType") to str
2023-03-30 08:44:50,138 - root - WARNING - can only concatenate str (not "NoneType") to str
2023-03-30 08:44:50,138 - root - WARNING - can only concatenate str (not "NoneType") to str
2023-03-30 08:44:50,138 - root - WARNING - can only concatenate str (not "NoneType") to str
2023-03-30 08:44:50,138 - root - WARNING - can only concatenate str (not "NoneType") to str
2023-03-30 08:44:50,138 - root - WARNING - can only concatenate str (not "NoneType") to str
2023-03-30 08:44:50,138 - root - WARNING - can only concatenate str (not "NoneType") to str
2023-03-30 08:44:50,138 - root - WARNING - can only concatenate str (not "NoneType") to str
2023-03-30 08:44:50,138 - root - WARNING - can only concatenate str (not "NoneType") to str
2023-03-30 08:44:50,138 - root - INFO - https://gw2wingman.nevermindcreations.de/content/raid/gors?onlyCM=onlyNM
2023-03-30 08:45:42,188 - root - INFO - https://gw2wingman.nevermindcreations.de/content/raid/vg?onlyCM=onlyNM
2023-03-30 08:45:45,700 - root - WARNING - can only concatenate str (not "NoneType") to str
2023-03-30 08:45:45,700 - root - WARNING - can only concatenate str (not "NoneType") to str
2023-03-30 08:45:45,700 - root - WARNING - can only concatenate str (not "NoneType") to str
2023-03-30 08:45:45,700 - root - WARNING - can only concatenate str (not "NoneType") to str
2023-03-30 08:45:45,700 - root - WARNING - can only concatenate str (not "NoneType") to str
2023-03-30 08:45:45,700 - root - WARNING - can only concatenate str (not "NoneType") to str
2023-03-30 08:45:45,700 - root - WARNING - can only concatenate str (not "NoneType") to str
2023-03-30 08:45:45,700 - root - WARNING - can only concatenate str (not "NoneType") to str
2023-03-30 08:45:45,700 - root - WARNING - can only concatenate str (not "NoneType") to str
2023-03-30 08:45:45,700 - root - WARNING - can only concatenate str (not "NoneType") to str
2023-03-30 08:45:45,701 - root - INFO - https://gw2wingman.nevermindcreations.de/content/raid/gors?onlyCM=onlyNM
2023-03-30 08:45:48,298 - root - WARNING - can only concatenate str (not "NoneType") to str
2023-03-30 08:45:48,298 - root - WARNING - can only concatenate str (not "NoneType") to str
2023-03-30 08:45:48,298 - root - WARNING - can only concatenate str (not "NoneType") to str
2023-03-30 08:45:48,299 - root - WARNING - can only concatenate str (not "NoneType") to str
2023-03-30 08:45:48,299 - root - WARNING - can only concatenate str (not "NoneType") to str
2023-03-30 08:45:48,299 - root - WARNING - can only concatenate str (not "NoneType") to str
2023-03-30 08:45:48,299 - root - WARNING - can only concatenate str (not "NoneType") to str
2023-03-30 08:45:48,299 - root - WARNING - can only concatenate str (not "NoneType") to str
2023-03-30 08:45:48,299 - root - WARNING - can only concatenate str (not "NoneType") to str
2023-03-30 08:45:48,299 - root - WARNING - can only concatenate str (not "NoneType") to str
2023-03-30 08:45:48,299 - root - INFO - https://gw2wingman.nevermindcreations.de/content/raid/sab?onlyCM=onlyNM
2023-03-30 08:48:49,037 - root - INFO - https://gw2wingman.nevermindcreations.de/content/raid/vg?onlyCM=onlyNM
2023-03-30 08:48:51,079 - root - WARNING - can only concatenate str (not "NoneType") to str
2023-03-30 08:48:51,080 - root - WARNING - can only concatenate str (not "NoneType") to str
2023-03-30 08:48:51,080 - root - WARNING - can only concatenate str (not "NoneType") to str
2023-03-30 08:48:51,080 - root - WARNING - can only concatenate str (not "NoneType") to str
2023-03-30 08:48:51,080 - root - WARNING - can only concatenate str (not "NoneType") to str
2023-03-30 08:48:51,080 - root - WARNING - can only concatenate str (not "NoneType") to str
2023-03-30 08:48:51,080 - root - WARNING - can only concatenate str (not "NoneType") to str
2023-03-30 08:48:51,080 - root - WARNING - can only concatenate str (not "NoneType") to str
2023-03-30 08:48:51,080 - root - WARNING - can only concatenate str (not "NoneType") to str
2023-03-30 08:48:51,080 - root - WARNING - can only concatenate str (not "NoneType") to str
2023-03-30 08:48:51,081 - root - INFO - https://gw2wingman.nevermindcreations.de/content/raid/gors?onlyCM=onlyNM
2023-03-30 08:53:44,856 - root - INFO - https://gw2wingman.nevermindcreations.de/content/raid/vg?onlyCM=onlyNM
2023-03-30 08:53:47,824 - root - WARNING - can only concatenate str (not "NoneType") to str
2023-03-30 08:53:47,824 - root - WARNING - can only concatenate str (not "NoneType") to str
2023-03-30 08:53:47,824 - root - WARNING - can only concatenate str (not "NoneType") to str
2023-03-30 08:53:47,824 - root - WARNING - can only concatenate str (not "NoneType") to str
2023-03-30 08:53:47,824 - root - WARNING - can only concatenate str (not "NoneType") to str
2023-03-30 08:53:47,824 - root - WARNING - can only concatenate str (not "NoneType") to str
2023-03-30 08:53:47,824 - root - WARNING - can only concatenate str (not "NoneType") to str
2023-03-30 08:53:47,824 - root - WARNING - can only concatenate str (not "NoneType") to str
2023-03-30 08:53:47,824 - root - WARNING - can only concatenate str (not "NoneType") to str
2023-03-30 08:53:47,824 - root - WARNING - can only concatenate str (not "NoneType") to str
2023-03-30 08:53:47,825 - root - INFO - https://gw2wingman.nevermindcreations.de/content/raid/gors?onlyCM=onlyNM
2023-03-30 08:53:49,994 - root - WARNING - can only concatenate str (not "NoneType") to str
2023-03-30 08:53:49,994 - root - WARNING - can only concatenate str (not "NoneType") to str
2023-03-30 08:53:49,994 - root - WARNING - can only concatenate str (not "NoneType") to str
2023-03-30 08:53:49,994 - root - WARNING - can only concatenate str (not "NoneType") to str
2023-03-30 08:53:49,994 - root - WARNING - can only concatenate str (not "NoneType") to str
2023-03-30 08:53:49,994 - root - WARNING - can only concatenate str (not "NoneType") to str
2023-03-30 08:53:49,995 - root - WARNING - can only concatenate str (not "NoneType") to str
2023-03-30 08:53:49,995 - root - WARNING - can only concatenate str (not "NoneType") to str
2023-03-30 08:53:49,995 - root - WARNING - can only concatenate str (not "NoneType") to str
2023-03-30 08:53:49,995 - root - WARNING - can only concatenate str (not "NoneType") to str
2023-03-30 08:53:49,995 - root - INFO - https://gw2wingman.nevermindcreations.de/content/raid/sab?onlyCM=onlyNM
2023-03-30 08:53:52,396 - root - WARNING - can only concatenate str (not "NoneType") to str
2023-03-30 08:53:52,396 - root - WARNING - can only concatenate str (not "NoneType") to str
2023-03-30 08:53:52,396 - root - WARNING - can only concatenate str (not "NoneType") to str
2023-03-30 08:53:52,396 - root - WARNING - can only concatenate str (not "NoneType") to str
2023-03-30 08:53:52,396 - root - WARNING - can only concatenate str (not "NoneType") to str
2023-03-30 08:53:52,396 - root - WARNING - can only concatenate str (not "NoneType") to str
2023-03-30 08:53:52,396 - root - WARNING - can only concatenate str (not "NoneType") to str
2023-03-30 08:53:52,396 - root - WARNING - can only concatenate str (not "NoneType") to str
2023-03-30 08:53:52,396 - root - WARNING - can only concatenate str (not "NoneType") to str
2023-03-30 08:53:52,396 - root - WARNING - can only concatenate str (not "NoneType") to str
2023-03-30 08:53:52,396 - root - INFO - https://gw2wingman.nevermindcreations.de/content/raid/sloth?onlyCM=onlyNM
2023-03-30 08:53:54,017 - root - WARNING - can only concatenate str (not "NoneType") to str
2023-03-30 08:53:54,017 - root - WARNING - can only concatenate str (not "NoneType") to str
2023-03-30 08:53:54,017 - root - WARNING - can only concatenate str (not "NoneType") to str
2023-03-30 08:53:54,017 - root - WARNING - can only concatenate str (not "NoneType") to str
2023-03-30 08:53:54,017 - root - WARNING - can only concatenate str (not "NoneType") to str
2023-03-30 08:53:54,017 - root - WARNING - can only concatenate str (not "NoneType") to str
2023-03-30 08:53:54,017 - root - WARNING - can only concatenate str (not "NoneType") to str
2023-03-30 08:53:54,017 - root - WARNING - can only concatenate str (not "NoneType") to str
2023-03-30 08:53:54,017 - root - WARNING - can only concatenate str (not "NoneType") to str
2023-03-30 08:53:54,018 - root - WARNING - can only concatenate str (not "NoneType") to str
2023-03-30 08:53:54,019 - root - INFO - https://gw2wingman.nevermindcreations.de/content/raid/matt?onlyCM=onlyNM
2023-03-30 08:54:02,473 - root - WARNING - can only concatenate str (not "NoneType") to str
2023-03-30 08:54:02,473 - root - WARNING - can only concatenate str (not "NoneType") to str
2023-03-30 08:54:02,473 - root - WARNING - can only concatenate str (not "NoneType") to str
2023-03-30 08:54:02,473 - root - WARNING - can only concatenate str (not "NoneType") to str
2023-03-30 08:54:02,473 - root - WARNING - can only concatenate str (not "NoneType") to str
2023-03-30 08:54:02,473 - root - WARNING - can only concatenate str (not "NoneType") to str
2023-03-30 08:54:02,473 - root - WARNING - can only concatenate str (not "NoneType") to str
2023-03-30 08:54:02,473 - root - WARNING - can only concatenate str (not "NoneType") to str
2023-03-30 08:54:02,473 - root - WARNING - can only concatenate str (not "NoneType") to str
2023-03-30 08:54:02,473 - root - WARNING - can only concatenate str (not "NoneType") to str
2023-03-30 08:54:02,474 - root - INFO - https://gw2wingman.nevermindcreations.de/content/raid/kc?onlyCM=onlyNM
2023-03-30 08:54:05,171 - root - WARNING - can only concatenate str (not "NoneType") to str
2023-03-30 08:54:05,171 - root - WARNING - can only concatenate str (not "NoneType") to str
2023-03-30 08:54:05,171 - root - WARNING - can only concatenate str (not "NoneType") to str
2023-03-30 08:54:05,171 - root - WARNING - can only concatenate str (not "NoneType") to str
2023-03-30 08:54:05,171 - root - WARNING - can only concatenate str (not "NoneType") to str
2023-03-30 08:54:05,171 - root - WARNING - can only concatenate str (not "NoneType") to str
2023-03-30 08:54:05,171 - root - WARNING - can only concatenate str (not "NoneType") to str
2023-03-30 08:54:05,171 - root - WARNING - can only concatenate str (not "NoneType") to str
2023-03-30 08:54:05,171 - root - WARNING - can only concatenate str (not "NoneType") to str
2023-03-30 08:54:05,171 - root - WARNING - can only concatenate str (not "NoneType") to str
2023-03-30 08:54:05,175 - root - INFO - https://gw2wingman.nevermindcreations.de/content/raid/xera?onlyCM=onlyNM
2023-03-30 08:54:09,325 - root - WARNING - can only concatenate str (not "NoneType") to str
2023-03-30 08:54:09,325 - root - WARNING - can only concatenate str (not "NoneType") to str
2023-03-30 08:54:09,325 - root - WARNING - can only concatenate str (not "NoneType") to str
2023-03-30 08:54:09,325 - root - WARNING - can only concatenate str (not "NoneType") to str
2023-03-30 08:54:09,325 - root - WARNING - can only concatenate str (not "NoneType") to str
2023-03-30 08:54:09,325 - root - WARNING - can only concatenate str (not "NoneType") to str
2023-03-30 08:54:09,325 - root - WARNING - can only concatenate str (not "NoneType") to str
2023-03-30 08:54:09,325 - root - WARNING - can only concatenate str (not "NoneType") to str
2023-03-30 08:54:09,325 - root - WARNING - can only concatenate str (not "NoneType") to str
2023-03-30 08:54:09,325 - root - WARNING - can only concatenate str (not "NoneType") to str
2023-03-30 08:54:09,326 - root - INFO - https://gw2wingman.nevermindcreations.de/content/raid/cairn?onlyCM=onlyNM
2023-03-30 08:54:10,556 - root - WARNING - can only concatenate str (not "NoneType") to str
2023-03-30 08:54:10,556 - root - WARNING - can only concatenate str (not "NoneType") to str
2023-03-30 08:54:10,557 - root - WARNING - can only concatenate str (not "NoneType") to str
2023-03-30 08:54:10,557 - root - WARNING - can only concatenate str (not "NoneType") to str
2023-03-30 08:54:10,557 - root - WARNING - can only concatenate str (not "NoneType") to str
2023-03-30 08:54:10,557 - root - WARNING - can only concatenate str (not "NoneType") to str
2023-03-30 08:54:10,557 - root - WARNING - can only concatenate str (not "NoneType") to str
2023-03-30 08:54:10,557 - root - WARNING - can only concatenate str (not "NoneType") to str
2023-03-30 08:54:10,557 - root - WARNING - can only concatenate str (not "NoneType") to str
2023-03-30 08:54:10,557 - root - WARNING - can only concatenate str (not "NoneType") to str
2023-03-30 08:54:10,557 - root - INFO - https://gw2wingman.nevermindcreations.de/content/raid/mo?onlyCM=onlyNM
2023-03-30 08:54:12,877 - root - WARNING - can only concatenate str (not "NoneType") to str
2023-03-30 08:54:12,877 - root - WARNING - can only concatenate str (not "NoneType") to str
2023-03-30 08:54:12,877 - root - WARNING - can only concatenate str (not "NoneType") to str
2023-03-30 08:54:12,877 - root - WARNING - can only concatenate str (not "NoneType") to str
2023-03-30 08:54:12,877 - root - WARNING - can only concatenate str (not "NoneType") to str
2023-03-30 08:54:12,878 - root - WARNING - can only concatenate str (not "NoneType") to str
2023-03-30 08:54:12,878 - root - WARNING - can only concatenate str (not "NoneType") to str
2023-03-30 08:54:12,878 - root - WARNING - can only concatenate str (not "NoneType") to str
2023-03-30 08:54:12,878 - root - WARNING - can only concatenate str (not "NoneType") to str
2023-03-30 08:54:12,878 - root - WARNING - can only concatenate str (not "NoneType") to str
2023-03-30 08:54:12,878 - root - INFO - https://gw2wingman.nevermindcreations.de/content/raid/sam?onlyCM=onlyNM
2023-03-30 08:54:15,460 - root - WARNING - can only concatenate str (not "NoneType") to str
2023-03-30 08:54:15,461 - root - WARNING - can only concatenate str (not "NoneType") to str
2023-03-30 08:54:15,461 - root - WARNING - can only concatenate str (not "NoneType") to str
2023-03-30 08:54:15,461 - root - WARNING - can only concatenate str (not "NoneType") to str
2023-03-30 08:54:15,461 - root - WARNING - can only concatenate str (not "NoneType") to str
2023-03-30 08:54:15,461 - root - WARNING - can only concatenate str (not "NoneType") to str
2023-03-30 08:54:15,461 - root - WARNING - can only concatenate str (not "NoneType") to str
2023-03-30 08:54:15,461 - root - WARNING - can only concatenate str (not "NoneType") to str
2023-03-30 08:54:15,461 - root - WARNING - can only concatenate str (not "NoneType") to str
2023-03-30 08:54:15,461 - root - WARNING - can only concatenate str (not "NoneType") to str
2023-03-30 08:54:15,461 - root - INFO - https://gw2wingman.nevermindcreations.de/content/raid/dei?onlyCM=onlyNM
2023-03-30 08:54:18,195 - root - WARNING - can only concatenate str (not "NoneType") to str
2023-03-30 08:54:18,195 - root - WARNING - can only concatenate str (not "NoneType") to str
2023-03-30 08:54:18,195 - root - WARNING - can only concatenate str (not "NoneType") to str
2023-03-30 08:54:18,195 - root - WARNING - can only concatenate str (not "NoneType") to str
2023-03-30 08:54:18,195 - root - WARNING - can only concatenate str (not "NoneType") to str
2023-03-30 08:54:18,195 - root - WARNING - can only concatenate str (not "NoneType") to str
2023-03-30 08:54:18,195 - root - WARNING - can only concatenate str (not "NoneType") to str
2023-03-30 08:54:18,195 - root - WARNING - can only concatenate str (not "NoneType") to str
2023-03-30 08:54:18,195 - root - WARNING - can only concatenate str (not "NoneType") to str
2023-03-30 08:54:18,195 - root - WARNING - can only concatenate str (not "NoneType") to str
2023-03-30 08:54:18,197 - root - INFO - https://gw2wingman.nevermindcreations.de/content/raid/sh?onlyCM=onlyNM
2023-03-30 08:54:19,792 - root - WARNING - can only concatenate str (not "NoneType") to str
2023-03-30 08:54:19,792 - root - WARNING - can only concatenate str (not "NoneType") to str
2023-03-30 08:54:19,792 - root - WARNING - can only concatenate str (not "NoneType") to str
2023-03-30 08:54:19,792 - root - WARNING - can only concatenate str (not "NoneType") to str
2023-03-30 08:54:19,792 - root - WARNING - can only concatenate str (not "NoneType") to str
2023-03-30 08:54:19,792 - root - WARNING - can only concatenate str (not "NoneType") to str
2023-03-30 08:54:19,792 - root - WARNING - can only concatenate str (not "NoneType") to str
2023-03-30 08:54:19,793 - root - WARNING - can only concatenate str (not "NoneType") to str
2023-03-30 08:54:19,793 - root - WARNING - can only concatenate str (not "NoneType") to str
2023-03-30 08:54:19,793 - root - WARNING - can only concatenate str (not "NoneType") to str
2023-03-30 08:54:19,793 - root - INFO - https://gw2wingman.nevermindcreations.de/content/raid/dhuum?onlyCM=onlyNM
2023-03-30 08:54:23,047 - root - WARNING - can only concatenate str (not "NoneType") to str
2023-03-30 08:54:23,047 - root - WARNING - can only concatenate str (not "NoneType") to str
2023-03-30 08:54:23,047 - root - WARNING - can only concatenate str (not "NoneType") to str
2023-03-30 08:54:23,047 - root - WARNING - can only concatenate str (not "NoneType") to str
2023-03-30 08:54:23,047 - root - WARNING - can only concatenate str (not "NoneType") to str
2023-03-30 08:54:23,047 - root - WARNING - can only concatenate str (not "NoneType") to str
2023-03-30 08:54:23,047 - root - WARNING - can only concatenate str (not "NoneType") to str
2023-03-30 08:54:23,047 - root - WARNING - can only concatenate str (not "NoneType") to str
2023-03-30 08:54:23,047 - root - WARNING - can only concatenate str (not "NoneType") to str
2023-03-30 08:54:23,047 - root - WARNING - can only concatenate str (not "NoneType") to str
2023-03-30 08:54:23,047 - root - INFO - https://gw2wingman.nevermindcreations.de/content/raid/ca?onlyCM=onlyNM
2023-03-30 08:54:24,538 - root - WARNING - can only concatenate str (not "NoneType") to str
2023-03-30 08:54:24,538 - root - WARNING - can only concatenate str (not "NoneType") to str
2023-03-30 08:54:24,538 - root - WARNING - can only concatenate str (not "NoneType") to str
2023-03-30 08:54:24,538 - root - WARNING - can only concatenate str (not "NoneType") to str
2023-03-30 08:54:24,538 - root - WARNING - can only concatenate str (not "NoneType") to str
2023-03-30 08:54:24,538 - root - WARNING - can only concatenate str (not "NoneType") to str
2023-03-30 08:54:24,538 - root - WARNING - can only concatenate str (not "NoneType") to str
2023-03-30 08:54:24,538 - root - WARNING - can only concatenate str (not "NoneType") to str
2023-03-30 08:54:24,538 - root - WARNING - can only concatenate str (not "NoneType") to str
2023-03-30 08:54:24,538 - root - WARNING - can only concatenate str (not "NoneType") to str
2023-03-30 08:54:24,538 - root - INFO - https://gw2wingman.nevermindcreations.de/content/raid/twins?onlyCM=onlyNM
2023-03-30 08:54:26,407 - root - WARNING - can only concatenate str (not "NoneType") to str
2023-03-30 08:54:26,407 - root - WARNING - can only concatenate str (not "NoneType") to str
2023-03-30 08:54:26,407 - root - WARNING - can only concatenate str (not "NoneType") to str
2023-03-30 08:54:26,407 - root - WARNING - can only concatenate str (not "NoneType") to str
2023-03-30 08:54:26,407 - root - WARNING - can only concatenate str (not "NoneType") to str
2023-03-30 08:54:26,407 - root - WARNING - can only concatenate str (not "NoneType") to str
2023-03-30 08:54:26,407 - root - WARNING - can only concatenate str (not "NoneType") to str
2023-03-30 08:54:26,407 - root - WARNING - can only concatenate str (not "NoneType") to str
2023-03-30 08:54:26,407 - root - WARNING - can only concatenate str (not "NoneType") to str
2023-03-30 08:54:26,407 - root - WARNING - can only concatenate str (not "NoneType") to str
2023-03-30 08:54:26,407 - root - INFO - https://gw2wingman.nevermindcreations.de/content/raid/q1?onlyCM=onlyNM
2023-03-30 08:54:28,418 - root - WARNING - can only concatenate str (not "NoneType") to str
2023-03-30 08:54:28,418 - root - WARNING - can only concatenate str (not "NoneType") to str
2023-03-30 08:54:28,418 - root - WARNING - can only concatenate str (not "NoneType") to str
2023-03-30 08:54:28,418 - root - WARNING - can only concatenate str (not "NoneType") to str
2023-03-30 08:54:28,418 - root - WARNING - can only concatenate str (not "NoneType") to str
2023-03-30 08:54:28,418 - root - WARNING - can only concatenate str (not "NoneType") to str
2023-03-30 08:54:28,418 - root - WARNING - can only concatenate str (not "NoneType") to str
2023-03-30 08:54:28,418 - root - WARNING - can only concatenate str (not "NoneType") to str
2023-03-30 08:54:28,418 - root - WARNING - can only concatenate str (not "NoneType") to str
2023-03-30 08:54:28,418 - root - WARNING - can only concatenate str (not "NoneType") to str
2023-03-30 08:54:28,419 - root - INFO - https://gw2wingman.nevermindcreations.de/content/raid/adina?onlyCM=onlyNM
2023-03-30 08:54:30,989 - root - WARNING - can only concatenate str (not "NoneType") to str
2023-03-30 08:54:30,989 - root - WARNING - can only concatenate str (not "NoneType") to str
2023-03-30 08:54:30,989 - root - WARNING - can only concatenate str (not "NoneType") to str
2023-03-30 08:54:30,989 - root - WARNING - can only concatenate str (not "NoneType") to str
2023-03-30 08:54:30,989 - root - WARNING - can only concatenate str (not "NoneType") to str
2023-03-30 08:54:30,989 - root - WARNING - can only concatenate str (not "NoneType") to str
2023-03-30 08:54:30,989 - root - WARNING - can only concatenate str (not "NoneType") to str
2023-03-30 08:54:30,989 - root - WARNING - can only concatenate str (not "NoneType") to str
2023-03-30 08:54:30,989 - root - WARNING - can only concatenate str (not "NoneType") to str
2023-03-30 08:54:30,989 - root - WARNING - can only concatenate str (not "NoneType") to str
2023-03-30 08:54:30,989 - root - INFO - https://gw2wingman.nevermindcreations.de/content/raid/sabir?onlyCM=onlyNM
2023-03-30 08:54:33,453 - root - WARNING - can only concatenate str (not "NoneType") to str
2023-03-30 08:54:33,453 - root - WARNING - can only concatenate str (not "NoneType") to str
2023-03-30 08:54:33,453 - root - WARNING - can only concatenate str (not "NoneType") to str
2023-03-30 08:54:33,453 - root - WARNING - can only concatenate str (not "NoneType") to str
2023-03-30 08:54:33,453 - root - WARNING - can only concatenate str (not "NoneType") to str
2023-03-30 08:54:33,453 - root - WARNING - can only concatenate str (not "NoneType") to str
2023-03-30 08:54:33,453 - root - WARNING - can only concatenate str (not "NoneType") to str
2023-03-30 08:54:33,453 - root - WARNING - can only concatenate str (not "NoneType") to str
2023-03-30 08:54:33,453 - root - WARNING - can only concatenate str (not "NoneType") to str
2023-03-30 08:54:33,453 - root - WARNING - can only concatenate str (not "NoneType") to str
2023-03-30 08:54:33,453 - root - INFO - https://gw2wingman.nevermindcreations.de/content/raid/q2?onlyCM=onlyNM
2023-03-30 08:54:37,727 - root - WARNING - can only concatenate str (not "NoneType") to str
2023-03-30 08:54:37,727 - root - WARNING - can only concatenate str (not "NoneType") to str
2023-03-30 08:54:37,727 - root - WARNING - can only concatenate str (not "NoneType") to str
2023-03-30 08:54:37,727 - root - WARNING - can only concatenate str (not "NoneType") to str
2023-03-30 08:54:37,727 - root - WARNING - can only concatenate str (not "NoneType") to str
2023-03-30 08:54:37,727 - root - WARNING - can only concatenate str (not "NoneType") to str
2023-03-30 08:54:37,727 - root - WARNING - can only concatenate str (not "NoneType") to str
2023-03-30 08:54:37,727 - root - WARNING - can only concatenate str (not "NoneType") to str
2023-03-30 08:54:37,727 - root - WARNING - can only concatenate str (not "NoneType") to str
2023-03-30 08:54:37,727 - root - WARNING - can only concatenate str (not "NoneType") to str
2023-03-30 10:30:06,982 - root - INFO - https://gw2wingman.nevermindcreations.de/content/raid/vg?onlyCM=onlyNM
